#
# A fatal error has been detected by the Java Runtime Environment:
#
#  SIGSEGV (0xb) at pc=0x00007f7bce546bc0, pid=4279, tid=4279
#
# JRE version: OpenJDK Runtime Environment (11.0.6+10) (build 11.0.6+10-post-Debian-1bpo91)
# Java VM: OpenJDK 64-Bit Server VM (11.0.6+10-post-Debian-1bpo91, mixed mode, sharing, tiered, compressed oops, serial gc, linux-amd64)
# Problematic frame:
# V  [libjvm.so+0xb8fbc0]
#
# Core dump will be written. Default location: Core dumps may be processed with "/sbin/crash_reporter --user=%P:%s:%u:%g:%e" (or dumping to /home/tanzachary/step/portfolio/core.4279)
#
# If you would like to submit a bug report, please visit:
#   https://bugs.debian.org/openjdk-11
#

---------------  S U M M A R Y ------------

Command Line: -Dclassworlds.conf=/opt/maven/bin/m2.conf -Dmaven.home=/opt/maven -Dlibrary.jansi.path=/opt/maven/lib/jansi-native -Dmaven.multiModuleProjectDirectory=/home/tanzachary/step/portfolio org.codehaus.plexus.classworlds.launcher.Launcher package appengine:run

Host: Intel(R) Xeon(R) CPU @ 2.30GHz, 2 cores, 1G, Debian GNU/Linux 9 (stretch)
Time: Thu May 28 17:43:35 2020 EDT elapsed time: 7 seconds (0d 0h 0m 7s)

---------------  T H R E A D  ---------------

Current thread is native thread

Stack: [0x00007fff10cb1000,0x00007fff114af000],  sp=0x00007fff114a9dc0,  free space=8163k
Native frames: (J=compiled Java code, A=aot compiled Java code, j=interpreted, Vv=VM code, C=native code)
V  [libjvm.so+0xb8fbc0]
C  [libpthread.so.0+0x110e0]


siginfo: si_signo: 11 (SIGSEGV), si_code: 1 (SEGV_MAPERR), si_addr: 0x00000000000000d0

Register to memory mapping:

RAX=0x0 is NULL
RBX=
[error occurred during error reporting (printing register info), id 0xb, SIGSEGV (0xb) at pc=0x00007f7bce6ed9e7]

Registers:
RAX=0x0000000000000000, RBX=0x00007f7bcfb89e18, RCX=0x00007f7bcf5466dd, RDX=0x0000000000000000
RSP=0x00007fff114a9dc0, RBP=0x00007fff114a9e70, RSI=0x00007fff114a9fb0, RDI=0x0000000000000001
R8 =0x00000000000000ca, R9 =0x00007f7bcfb889d0, R10=0x0000000000000000, R11=0x0000000000000246
R12=0x0000000000000000, R13=0x00007fff114a9fb0, R14=0x00007fff114a9e80, R15=0x00007f7bcfb88d28
RIP=0x00007f7bce546bc0, EFLAGS=0x0000000000010246, CSGSFS=0x002b000000000033, ERR=0x0000000000000004
  TRAPNO=0x000000000000000e

Top of Stack: (sp=0x00007fff114a9dc0)
0x00007fff114a9dc0:   0000000001e5cb59 00007f7bced9c038
0x00007fff114a9dd0:   00007fff114a9ef0 00007f7bced8ed90
0x00007fff114a9de0:   00007fff114a9e14 00007fff114a9ee0
0x00007fff114a9df0:   0000559fe901ac70 000000000000000b 

Instructions: (pc=0x00007f7bce546bc0)
0x00007f7bce546ac0:   c0 74 03 c6 00 00 4c 89 f7 4c 89 fa 48 89 de e8
0x00007f7bce546ad0:   dc db 6d ff 4c 89 e7 e8 24 df 6d ff 48 81 c4 08
0x00007f7bce546ae0:   01 00 00 5b 41 5c 41 5d 41 5e 41 5f 5d c3 4c 89
0x00007f7bce546af0:   e2 be 00 01 00 00 48 89 df e8 92 e1 6d ff 48 85
0x00007f7bce546b00:   c0 74 ae 48 8d 35 b1 46 2f 00 48 89 df e8 5e df
0x00007f7bce546b10:   6d ff 48 85 c0 74 41 66 0f 1f 84 00 00 00 00 00
0x00007f7bce546b20:   be 22 00 00 00 48 89 df e8 d3 df 6d ff 48 85 c0
0x00007f7bce546b30:   74 46 48 8d 58 01 be 22 00 00 00 48 89 df e8 bd
0x00007f7bce546b40:   df 6d ff 48 85 c0 0f 85 77 ff ff ff e9 75 ff ff
0x00007f7bce546b50:   ff 0f 1f 80 00 00 00 00 48 8d 35 71 46 2f 00 48
0x00007f7bce546b60:   89 df e8 09 df 6d ff 48 85 c0 0f 84 41 ff ff ff
0x00007f7bce546b70:   eb ae 66 0f 1f 44 00 00 48 89 df be 3d 00 00 00
0x00007f7bce546b80:   e8 7b df 6d ff 48 8d 58 01 e9 23 ff ff ff 66 90
0x00007f7bce546b90:   55 48 89 e5 41 57 41 56 41 55 41 54 49 89 d6 53
0x00007f7bce546ba0:   49 89 f5 48 81 ec 88 00 00 00 e8 81 e6 6d ff 48
0x00007f7bce546bb0:   89 c3 44 8b 20 e8 26 58 1a 00 31 d2 84 c0 75 38
0x00007f7bce546bc0:   48 83 ba d0 00 00 00 00 74 16 4c 8b ba 68 02 00
0x00007f7bce546bd0:   00 41 8b 87 a8 00 00 00 83 f8 01 74 2b 44 89 23
0x00007f7bce546be0:   48 81 c4 88 00 00 00 5b 41 5c 41 5d 41 5e 41 5f
0x00007f7bce546bf0:   5d c3 66 0f 1f 44 00 00 e8 f3 57 1a 00 48 89 c2
0x00007f7bce546c00:   eb be 66 0f 1f 44 00 00 4d 89 af b0 00 00 00 4d
0x00007f7bce546c10:   8d af a8 00 00 00 4d 89 b7 b8 00 00 00 ba 02 00
0x00007f7bce546c20:   00 00 be 01 00 00 00 4c 89 ef e8 01 cb ff ff 83
0x00007f7bce546c30:   f8 02 74 3c 85 c0 75 18 49 c7 87 b8 00 00 00 00
0x00007f7bce546c40:   00 00 00 49 c7 87 b0 00 00 00 00 00 00 00 eb 8d
0x00007f7bce546c50:   48 8d 05 51 96 7b 00 48 8d 3d 7a 4e 2f 00 be 64
0x00007f7bce546c60:   11 00 00 48 8b 00 c6 00 58 e8 22 16 ab ff eb c8
0x00007f7bce546c70:   4c 8d b5 50 ff ff ff 4c 89 f7 e8 11 e2 6d ff 4c
0x00007f7bce546c80:   89 f2 31 f6 31 ff e8 15 e3 6d ff 8b 35 ff 37 7d
0x00007f7bce546c90:   00 4c 89 f7 e8 c7 de 6d ff 48 8d 3d 60 73 81 00
0x00007f7bce546ca0:   be 01 00 00 00 e8 a6 bc 0c 00 66 0f 1f 44 00 00
0x00007f7bce546cb0:   4c 89 f7 e8 d8 e5 6d ff 31 d2 be 03 00 00 00 4c 


Stack slot to memory mapping:
stack at sp + 0 slots: 
[error occurred during error reporting (inspecting top of stack), id 0xb, SIGSEGV (0xb) at pc=0x00007f7bce6ed9e7]


---------------  P R O C E S S  ---------------

VM state:not at safepoint (normal execution)

VM Mutex/Monitor currently owned by a thread: None

Heap address: 0x00000000e0c00000, size: 500 MB, Compressed Oops mode: 32-bit
Narrow klass base: 0x0000000800000000, Narrow klass shift: 3
Compressed class space size: 1073741824 Address: 0x0000000840000000

Heap:
 def new generation   total 10240K, used 2015K [0x00000000e0c00000, 0x00000000e1710000, 0x00000000eb2a0000)
  eden space 9152K,  22% used [0x00000000e0c00000, 0x00000000e0df7d68, 0x00000000e14f0000)
  from space 1088K,   0% used [0x00000000e14f0000, 0x00000000e14f0000, 0x00000000e1600000)
  to   space 1088K,   0% used [0x00000000e1600000, 0x00000000e1600000, 0x00000000e1710000)
 tenured generation   total 22636K, used 13581K [0x00000000eb2a0000, 0x00000000ec8bb000, 0x0000000100000000)
   the space 22636K,  59% used [0x00000000eb2a0000, 0x00000000ebfe3560, 0x00000000ebfe3600, 0x00000000ec8bb000)
 Metaspace       used 20965K, capacity 21694K, committed 21808K, reserved 1069056K
  class space    used 2415K, capacity 2664K, committed 2688K, reserved 1048576K

Card table byte_map: [0x00007f7bb0439000,0x00007f7bb0534000] _byte_map_base: 0x00007f7bafd33000

Polling page: 0x00007f7bcfb96000

Metaspace:

Usage:
  Non-class:     18.58 MB capacity,    18.11 MB ( 97%) used,   443.04 KB (  2%) free+waste,    37.38 KB ( <1%) overhead. 
      Class:      2.60 MB capacity,     2.36 MB ( 91%) used,   230.05 KB (  9%) free+waste,    18.00 KB ( <1%) overhead. 
       Both:     21.19 MB capacity,    20.47 MB ( 97%) used,   673.09 KB (  3%) free+waste,    55.38 KB ( <1%) overhead. 

Virtual space:
  Non-class space:       20.00 MB reserved,      18.67 MB ( 93%) committed 
      Class space:        1.00 GB reserved,       2.62 MB ( <1%) committed 
             Both:        1.02 GB reserved,      21.30 MB (  2%) committed 

Chunk freelists:
   Non-Class:  26.00 KB
       Class:  0 bytes
        Both:  26.00 KB

MaxMetaspaceSize: unlimited
CompressedClassSpaceSize: 1.00 GB

CodeHeap 'non-profiled nmethods': size=120036Kb used=1585Kb max_used=1585Kb free=118450Kb
 bounds [0x00007f7bb81d1000, 0x00007f7bb8441000, 0x00007f7bbf70a000]
CodeHeap 'profiled nmethods': size=120032Kb used=8605Kb max_used=8605Kb free=111426Kb
 bounds [0x00007f7bb0c99000, 0x00007f7bb1509000, 0x00007f7bb81d1000]
CodeHeap 'non-nmethods': size=5692Kb used=1147Kb max_used=1180Kb free=4544Kb
 bounds [0x00007f7bb070a000, 0x00007f7bb097a000, 0x00007f7bb0c99000]
 total_blobs=5309 nmethods=4096 adapters=398
 compilation: enabled
              stopped_count=0, restarted_count=0
 full_count=0

Compilation events (20 events):
Event: 7.419 Thread 0x00007f7bc805b800 4118  s    3       java.io.BufferedOutputStream::flush (12 bytes)
Event: 7.420 Thread 0x00007f7bc805b800 nmethod 4118 0x00007f7bb14fda90 code [0x00007f7bb14fdc80, 0x00007f7bb14fe1d8]
Event: 7.422 Thread 0x00007f7bc8059800 4119       4       java.lang.Character::codePointAt (51 bytes)
Event: 7.423 Thread 0x00007f7bc805b800 4121       3       java.nio.HeapCharBuffer::ix (7 bytes)
Event: 7.424 Thread 0x00007f7bc805b800 nmethod 4121 0x00007f7bb14fe310 code [0x00007f7bb14fe4c0, 0x00007f7bb14fe630]
Event: 7.424 Thread 0x00007f7bc805b800 4122       3       java.nio.CharBuffer::charAt (16 bytes)
Event: 7.424 Thread 0x00007f7bc805b800 nmethod 4122 0x00007f7bb14fe690 code [0x00007f7bb14fe880, 0x00007f7bb14fec98]
Event: 7.424 Thread 0x00007f7bc805b800 4123       3       java.nio.Buffer::checkIndex (24 bytes)
Event: 7.426 Thread 0x00007f7bc805b800 nmethod 4123 0x00007f7bb14fee10 code [0x00007f7bb14fefe0, 0x00007f7bb14ff2a8]
Event: 7.427 Thread 0x00007f7bc805b800 4125  s    3       java.io.BufferedOutputStream::write (67 bytes)
Event: 7.428 Thread 0x00007f7bc805b800 nmethod 4125 0x00007f7bb14ff390 code [0x00007f7bb14ff5a0, 0x00007f7bb14ffe58]
Event: 7.428 Thread 0x00007f7bc805b800 4124       3       java.nio.HeapCharBuffer::get (15 bytes)
Event: 7.428 Thread 0x00007f7bc805b800 nmethod 4124 0x00007f7bb1500090 code [0x00007f7bb1500260, 0x00007f7bb15004b0]
Event: 7.430 Thread 0x00007f7bc8059800 nmethod 4119 0x00007f7bb835af90 code [0x00007f7bb835b140, 0x00007f7bb835b268]
Event: 7.430 Thread 0x00007f7bc8059800 4120       4       java.util.regex.Pattern$CharPropertyGreedy::match (122 bytes)
Event: 7.452 Thread 0x00007f7bc8059800 nmethod 4120 0x00007f7bb835b410 code [0x00007f7bb835b660, 0x00007f7bb835c150]
Event: 7.452 Thread 0x00007f7bc8059800 4127       4       java.util.regex.Pattern$BmpCharProperty::match (55 bytes)
Event: 7.457 Thread 0x00007f7bc8059800 nmethod 4127 0x00007f7bb835cc10 code [0x00007f7bb835cdc0, 0x00007f7bb835cfe8]
Event: 7.457 Thread 0x00007f7bc8059800 4126       4       java.lang.String::getBytes (44 bytes)
Event: 7.459 Thread 0x00007f7bc8059800 nmethod 4126 0x00007f7bb835d210 code [0x00007f7bb835d3a0, 0x00007f7bb835d5b8]

GC Heap History (20 events):
Event: 3.661 GC heap before
{Heap before GC invocations=12 (full 0):
 def new generation   total 9792K, used 9639K [0x00000000e0c00000, 0x00000000e16a0000, 0x00000000eb2a0000)
  eden space 8704K, 100% used [0x00000000e0c00000, 0x00000000e1480000, 0x00000000e1480000)
  from space 1088K,  85% used [0x00000000e1480000, 0x00000000e1569c20, 0x00000000e1590000)
  to   space 1088K,   0% used [0x00000000e1590000, 0x00000000e1590000, 0x00000000e16a0000)
 tenured generation   total 21888K, used 7387K [0x00000000eb2a0000, 0x00000000ec800000, 0x0000000100000000)
   the space 21888K,  33% used [0x00000000eb2a0000, 0x00000000eb9d6d20, 0x00000000eb9d6e00, 0x00000000ec800000)
 Metaspace       used 14089K, capacity 15632K, committed 16000K, reserved 1062912K
  class space    used 1612K, capacity 1833K, committed 1920K, reserved 1048576K
}
Event: 3.666 GC heap after
{Heap after GC invocations=13 (full 0):
 def new generation   total 9792K, used 923K [0x00000000e0c00000, 0x00000000e16a0000, 0x00000000eb2a0000)
  eden space 8704K,   0% used [0x00000000e0c00000, 0x00000000e0c00000, 0x00000000e1480000)
  from space 1088K,  84% used [0x00000000e1590000, 0x00000000e1676f88, 0x00000000e16a0000)
  to   space 1088K,   0% used [0x00000000e1480000, 0x00000000e1480000, 0x00000000e1590000)
 tenured generation   total 21888K, used 7812K [0x00000000eb2a0000, 0x00000000ec800000, 0x0000000100000000)
   the space 21888K,  35% used [0x00000000eb2a0000, 0x00000000eba41070, 0x00000000eba41200, 0x00000000ec800000)
 Metaspace       used 14089K, capacity 15632K, committed 16000K, reserved 1062912K
  class space    used 1612K, capacity 1833K, committed 1920K, reserved 1048576K
}
Event: 3.881 GC heap before
{Heap before GC invocations=13 (full 0):
 def new generation   total 9792K, used 9627K [0x00000000e0c00000, 0x00000000e16a0000, 0x00000000eb2a0000)
  eden space 8704K, 100% used [0x00000000e0c00000, 0x00000000e1480000, 0x00000000e1480000)
  from space 1088K,  84% used [0x00000000e1590000, 0x00000000e1676f88, 0x00000000e16a0000)
  to   space 1088K,   0% used [0x00000000e1480000, 0x00000000e1480000, 0x00000000e1590000)
 tenured generation   total 21888K, used 7812K [0x00000000eb2a0000, 0x00000000ec800000, 0x0000000100000000)
   the space 21888K,  35% used [0x00000000eb2a0000, 0x00000000eba41070, 0x00000000eba41200, 0x00000000ec800000)
 Metaspace       used 14489K, capacity 16000K, committed 16256K, reserved 1062912K
  class space    used 1640K, capacity 1869K, committed 1920K, reserved 1048576K
}
Event: 3.885 GC heap after
{Heap after GC invocations=14 (full 0):
 def new generation   total 9792K, used 499K [0x00000000e0c00000, 0x00000000e16a0000, 0x00000000eb2a0000)
  eden space 8704K,   0% used [0x00000000e0c00000, 0x00000000e0c00000, 0x00000000e1480000)
  from space 1088K,  45% used [0x00000000e1480000, 0x00000000e14fcfe0, 0x00000000e1590000)
  to   space 1088K,   0% used [0x00000000e1590000, 0x00000000e1590000, 0x00000000e16a0000)
 tenured generation   total 21888K, used 8715K [0x00000000eb2a0000, 0x00000000ec800000, 0x0000000100000000)
   the space 21888K,  39% used [0x00000000eb2a0000, 0x00000000ebb22ce0, 0x00000000ebb22e00, 0x00000000ec800000)
 Metaspace       used 14489K, capacity 16000K, committed 16256K, reserved 1062912K
  class space    used 1640K, capacity 1869K, committed 1920K, reserved 1048576K
}
Event: 4.102 GC heap before
{Heap before GC invocations=14 (full 0):
 def new generation   total 9792K, used 9203K [0x00000000e0c00000, 0x00000000e16a0000, 0x00000000eb2a0000)
  eden space 8704K, 100% used [0x00000000e0c00000, 0x00000000e1480000, 0x00000000e1480000)
  from space 1088K,  45% used [0x00000000e1480000, 0x00000000e14fcfe0, 0x00000000e1590000)
  to   space 1088K,   0% used [0x00000000e1590000, 0x00000000e1590000, 0x00000000e16a0000)
 tenured generation   total 21888K, used 8715K [0x00000000eb2a0000, 0x00000000ec800000, 0x0000000100000000)
   the space 21888K,  39% used [0x00000000eb2a0000, 0x00000000ebb22ce0, 0x00000000ebb22e00, 0x00000000ec800000)
 Metaspace       used 14872K, capacity 16391K, committed 16896K, reserved 1064960K
  class space    used 1667K, capacity 1934K, committed 2048K, reserved 1048576K
}
Event: 4.106 GC heap after
{Heap after GC invocations=15 (full 0):
 def new generation   total 9792K, used 936K [0x00000000e0c00000, 0x00000000e16a0000, 0x00000000eb2a0000)
  eden space 8704K,   0% used [0x00000000e0c00000, 0x00000000e0c00000, 0x00000000e1480000)
  from space 1088K,  86% used [0x00000000e1590000, 0x00000000e167a108, 0x00000000e16a0000)
  to   space 1088K,   0% used [0x00000000e1480000, 0x00000000e1480000, 0x00000000e1590000)
 tenured generation   total 21888K, used 8715K [0x00000000eb2a0000, 0x00000000ec800000, 0x0000000100000000)
   the space 21888K,  39% used [0x00000000eb2a0000, 0x00000000ebb22ce0, 0x00000000ebb22e00, 0x00000000ec800000)
 Metaspace       used 14872K, capacity 16391K, committed 16896K, reserved 1064960K
  class space    used 1667K, capacity 1934K, committed 2048K, reserved 1048576K
}
Event: 4.316 GC heap before
{Heap before GC invocations=15 (full 0):
 def new generation   total 9792K, used 9640K [0x00000000e0c00000, 0x00000000e16a0000, 0x00000000eb2a0000)
  eden space 8704K, 100% used [0x00000000e0c00000, 0x00000000e1480000, 0x00000000e1480000)
  from space 1088K,  86% used [0x00000000e1590000, 0x00000000e167a108, 0x00000000e16a0000)
  to   space 1088K,   0% used [0x00000000e1480000, 0x00000000e1480000, 0x00000000e1590000)
 tenured generation   total 21888K, used 8715K [0x00000000eb2a0000, 0x00000000ec800000, 0x0000000100000000)
   the space 21888K,  39% used [0x00000000eb2a0000, 0x00000000ebb22ce0, 0x00000000ebb22e00, 0x00000000ec800000)
 Metaspace       used 15653K, capacity 17139K, committed 17536K, reserved 1064960K
  class space    used 1794K, capacity 2078K, committed 2176K, reserved 1048576K
}
Event: 4.320 GC heap after
{Heap after GC invocations=16 (full 0):
 def new generation   total 9792K, used 904K [0x00000000e0c00000, 0x00000000e16a0000, 0x00000000eb2a0000)
  eden space 8704K,   0% used [0x00000000e0c00000, 0x00000000e0c00000, 0x00000000e1480000)
  from space 1088K,  83% used [0x00000000e1480000, 0x00000000e1562398, 0x00000000e1590000)
  to   space 1088K,   0% used [0x00000000e1590000, 0x00000000e1590000, 0x00000000e16a0000)
 tenured generation   total 21888K, used 9180K [0x00000000eb2a0000, 0x00000000ec800000, 0x0000000100000000)
   the space 21888K,  41% used [0x00000000eb2a0000, 0x00000000ebb97028, 0x00000000ebb97200, 0x00000000ec800000)
 Metaspace       used 15653K, capacity 17139K, committed 17536K, reserved 1064960K
  class space    used 1794K, capacity 2078K, committed 2176K, reserved 1048576K
}
Event: 4.759 GC heap before
{Heap before GC invocations=16 (full 0):
 def new generation   total 9792K, used 9608K [0x00000000e0c00000, 0x00000000e16a0000, 0x00000000eb2a0000)
  eden space 8704K, 100% used [0x00000000e0c00000, 0x00000000e1480000, 0x00000000e1480000)
  from space 1088K,  83% used [0x00000000e1480000, 0x00000000e1562398, 0x00000000e1590000)
  to   space 1088K,   0% used [0x00000000e1590000, 0x00000000e1590000, 0x00000000e16a0000)
 tenured generation   total 21888K, used 9180K [0x00000000eb2a0000, 0x00000000ec800000, 0x0000000100000000)
   the space 21888K,  41% used [0x00000000eb2a0000, 0x00000000ebb97028, 0x00000000ebb97200, 0x00000000ec800000)
 Metaspace       used 17420K, capacity 18406K, committed 18688K, reserved 1064960K
  class space    used 2013K, capacity 2268K, committed 2304K, reserved 1048576K
}
Event: 4.766 GC heap after
{Heap after GC invocations=17 (full 0):
 def new generation   total 9792K, used 1088K [0x00000000e0c00000, 0x00000000e16a0000, 0x00000000eb2a0000)
  eden space 8704K,   0% used [0x00000000e0c00000, 0x00000000e0c00000, 0x00000000e1480000)
  from space 1088K, 100% used [0x00000000e1590000, 0x00000000e16a0000, 0x00000000e16a0000)
  to   space 1088K,   0% used [0x00000000e1480000, 0x00000000e1480000, 0x00000000e1590000)
 tenured generation   total 21888K, used 9809K [0x00000000eb2a0000, 0x00000000ec800000, 0x0000000100000000)
   the space 21888K,  44% used [0x00000000eb2a0000, 0x00000000ebc347b0, 0x00000000ebc34800, 0x00000000ec800000)
 Metaspace       used 17420K, capacity 18406K, committed 18688K, reserved 1064960K
  class space    used 2013K, capacity 2268K, committed 2304K, reserved 1048576K
}
Event: 5.312 GC heap before
{Heap before GC invocations=17 (full 0):
 def new generation   total 9792K, used 9792K [0x00000000e0c00000, 0x00000000e16a0000, 0x00000000eb2a0000)
  eden space 8704K, 100% used [0x00000000e0c00000, 0x00000000e1480000, 0x00000000e1480000)
  from space 1088K, 100% used [0x00000000e1590000, 0x00000000e16a0000, 0x00000000e16a0000)
  to   space 1088K,   0% used [0x00000000e1480000, 0x00000000e1480000, 0x00000000e1590000)
 tenured generation   total 21888K, used 9809K [0x00000000eb2a0000, 0x00000000ec800000, 0x0000000100000000)
   the space 21888K,  44% used [0x00000000eb2a0000, 0x00000000ebc347b0, 0x00000000ebc34800, 0x00000000ec800000)
 Metaspace       used 17707K, capacity 18610K, committed 18688K, reserved 1064960K
  class space    used 2029K, capacity 2271K, committed 2304K, reserved 1048576K
}
Event: 5.316 GC heap after
{Heap after GC invocations=18 (full 0):
 def new generation   total 9792K, used 661K [0x00000000e0c00000, 0x00000000e16a0000, 0x00000000eb2a0000)
  eden space 8704K,   0% used [0x00000000e0c00000, 0x00000000e0c00000, 0x00000000e1480000)
  from space 1088K,  60% used [0x00000000e1480000, 0x00000000e1525438, 0x00000000e1590000)
  to   space 1088K,   0% used [0x00000000e1590000, 0x00000000e1590000, 0x00000000e16a0000)
 tenured generation   total 21888K, used 10851K [0x00000000eb2a0000, 0x00000000ec800000, 0x0000000100000000)
   the space 21888K,  49% used [0x00000000eb2a0000, 0x00000000ebd38ca8, 0x00000000ebd38e00, 0x00000000ec800000)
 Metaspace       used 17707K, capacity 18610K, committed 18688K, reserved 1064960K
  class space    used 2029K, capacity 2271K, committed 2304K, reserved 1048576K
}
Event: 5.421 GC heap before
{Heap before GC invocations=18 (full 0):
 def new generation   total 9792K, used 9365K [0x00000000e0c00000, 0x00000000e16a0000, 0x00000000eb2a0000)
  eden space 8704K, 100% used [0x00000000e0c00000, 0x00000000e1480000, 0x00000000e1480000)
  from space 1088K,  60% used [0x00000000e1480000, 0x00000000e1525438, 0x00000000e1590000)
  to   space 1088K,   0% used [0x00000000e1590000, 0x00000000e1590000, 0x00000000e16a0000)
 tenured generation   total 21888K, used 10851K [0x00000000eb2a0000, 0x00000000ec800000, 0x0000000100000000)
   the space 21888K,  49% used [0x00000000eb2a0000, 0x00000000ebd38ca8, 0x00000000ebd38e00, 0x00000000ec800000)
 Metaspace       used 17811K, capacity 18682K, committed 18944K, reserved 1067008K
  class space    used 2030K, capacity 2273K, committed 2304K, reserved 1048576K
}
Event: 5.427 GC heap after
{Heap after GC invocations=19 (full 0):
 def new generation   total 9792K, used 544K [0x00000000e0c00000, 0x00000000e16a0000, 0x00000000eb2a0000)
  eden space 8704K,   0% used [0x00000000e0c00000, 0x00000000e0c00000, 0x00000000e1480000)
  from space 1088K,  50% used [0x00000000e1590000, 0x00000000e1618240, 0x00000000e16a0000)
  to   space 1088K,   0% used [0x00000000e1480000, 0x00000000e1480000, 0x00000000e1590000)
 tenured generation   total 21888K, used 11507K [0x00000000eb2a0000, 0x00000000ec800000, 0x0000000100000000)
   the space 21888K,  52% used [0x00000000eb2a0000, 0x00000000ebddcf78, 0x00000000ebddd000, 0x00000000ec800000)
 Metaspace       used 17811K, capacity 18682K, committed 18944K, reserved 1067008K
  class space    used 2030K, capacity 2273K, committed 2304K, reserved 1048576K
}
Event: 5.504 GC heap before
{Heap before GC invocations=19 (full 0):
 def new generation   total 9792K, used 9248K [0x00000000e0c00000, 0x00000000e16a0000, 0x00000000eb2a0000)
  eden space 8704K, 100% used [0x00000000e0c00000, 0x00000000e1480000, 0x00000000e1480000)
  from space 1088K,  50% used [0x00000000e1590000, 0x00000000e1618240, 0x00000000e16a0000)
  to   space 1088K,   0% used [0x00000000e1480000, 0x00000000e1480000, 0x00000000e1590000)
 tenured generation   total 21888K, used 11507K [0x00000000eb2a0000, 0x00000000ec800000, 0x0000000100000000)
   the space 21888K,  52% used [0x00000000eb2a0000, 0x00000000ebddcf78, 0x00000000ebddd000, 0x00000000ec800000)
 Metaspace       used 17907K, capacity 18802K, committed 19072K, reserved 1067008K
  class space    used 2046K, capacity 2313K, committed 2432K, reserved 1048576K
}
Event: 5.507 GC heap after
{Heap after GC invocations=20 (full 0):
 def new generation   total 9792K, used 469K [0x00000000e0c00000, 0x00000000e16a0000, 0x00000000eb2a0000)
  eden space 8704K,   0% used [0x00000000e0c00000, 0x00000000e0c00000, 0x00000000e1480000)
  from space 1088K,  43% used [0x00000000e1480000, 0x00000000e14f5618, 0x00000000e1590000)
  to   space 1088K,   0% used [0x00000000e1590000, 0x00000000e1590000, 0x00000000e16a0000)
 tenured generation   total 21888K, used 11947K [0x00000000eb2a0000, 0x00000000ec800000, 0x0000000100000000)
   the space 21888K,  54% used [0x00000000eb2a0000, 0x00000000ebe4aea8, 0x00000000ebe4b000, 0x00000000ec800000)
 Metaspace       used 17907K, capacity 18802K, committed 19072K, reserved 1067008K
  class space    used 2046K, capacity 2313K, committed 2432K, reserved 1048576K
}
Event: 6.262 GC heap before
{Heap before GC invocations=20 (full 0):
 def new generation   total 9792K, used 9173K [0x00000000e0c00000, 0x00000000e16a0000, 0x00000000eb2a0000)
  eden space 8704K, 100% used [0x00000000e0c00000, 0x00000000e1480000, 0x00000000e1480000)
  from space 1088K,  43% used [0x00000000e1480000, 0x00000000e14f5618, 0x00000000e1590000)
  to   space 1088K,   0% used [0x00000000e1590000, 0x00000000e1590000, 0x00000000e16a0000)
 tenured generation   total 21888K, used 11947K [0x00000000eb2a0000, 0x00000000ec800000, 0x0000000100000000)
   the space 21888K,  54% used [0x00000000eb2a0000, 0x00000000ebe4aea8, 0x00000000ebe4b000, 0x00000000ec800000)
 Metaspace       used 19163K, capacity 19902K, committed 20224K, reserved 1067008K
  class space    used 2216K, capacity 2465K, committed 2560K, reserved 1048576K
}
Event: 6.267 GC heap after
{Heap after GC invocations=21 (full 0):
 def new generation   total 9792K, used 1088K [0x00000000e0c00000, 0x00000000e16a0000, 0x00000000eb2a0000)
  eden space 8704K,   0% used [0x00000000e0c00000, 0x00000000e0c00000, 0x00000000e1480000)
  from space 1088K, 100% used [0x00000000e1590000, 0x00000000e16a0000, 0x00000000e16a0000)
  to   space 1088K,   0% used [0x00000000e1480000, 0x00000000e1480000, 0x00000000e1590000)
 tenured generation   total 21888K, used 12305K [0x00000000eb2a0000, 0x00000000ec800000, 0x0000000100000000)
   the space 21888K,  56% used [0x00000000eb2a0000, 0x00000000ebea45a8, 0x00000000ebea4600, 0x00000000ec800000)
 Metaspace       used 19163K, capacity 19902K, committed 20224K, reserved 1067008K
  class space    used 2216K, capacity 2465K, committed 2560K, reserved 1048576K
}
Event: 6.884 GC heap before
{Heap before GC invocations=21 (full 0):
 def new generation   total 9792K, used 2515K [0x00000000e0c00000, 0x00000000e16a0000, 0x00000000eb2a0000)
  eden space 8704K,  16% used [0x00000000e0c00000, 0x00000000e0d64f70, 0x00000000e1480000)
  from space 1088K, 100% used [0x00000000e1590000, 0x00000000e16a0000, 0x00000000e16a0000)
  to   space 1088K,   0% used [0x00000000e1480000, 0x00000000e1480000, 0x00000000e1590000)
 tenured generation   total 21888K, used 12305K [0x00000000eb2a0000, 0x00000000ec800000, 0x0000000100000000)
   the space 21888K,  56% used [0x00000000eb2a0000, 0x00000000ebea45a8, 0x00000000ebea4600, 0x00000000ec800000)
 Metaspace       used 20448K, capacity 21097K, committed 21296K, reserved 1069056K
  class space    used 2348K, capacity 2570K, committed 2688K, reserved 1048576K
}
Event: 6.923 GC heap after
{Heap after GC invocations=22 (full 1):
 def new generation   total 10240K, used 0K [0x00000000e0c00000, 0x00000000e1710000, 0x00000000eb2a0000)
  eden space 9152K,   0% used [0x00000000e0c00000, 0x00000000e0c00000, 0x00000000e14f0000)
  from space 1088K,   0% used [0x00000000e14f0000, 0x00000000e14f0000, 0x00000000e1600000)
  to   space 1088K,   0% used [0x00000000e1600000, 0x00000000e1600000, 0x00000000e1710000)
 tenured generation   total 22636K, used 13581K [0x00000000eb2a0000, 0x00000000ec8bb000, 0x0000000100000000)
   the space 22636K,  59% used [0x00000000eb2a0000, 0x00000000ebfe3560, 0x00000000ebfe3600, 0x00000000ec8bb000)
 Metaspace       used 20448K, capacity 21097K, committed 21296K, reserved 1069056K
  class space    used 2348K, capacity 2570K, committed 2688K, reserved 1048576K
}

Deoptimization events (20 events):
Event: 7.413 Thread 0x00007f7bc9165800 Uncommon trap: trap_request=0xffffffc6 fr.pc=0x00007f7bb8267e90 relative=0x00000000000000d0
Event: 7.413 Thread 0x00007f7bc9165800 Uncommon trap: reason=bimorphic_or_optimized_type_check action=maybe_recompile pc=0x00007f7bb8267e90 method=java.lang.Character.codePointAt(Ljava/lang/CharSequence;I)I @ 2 c2
Event: 7.413 Thread 0x00007f7bc9165800 DEOPT PACKING pc=0x00007f7bb8267e90 sp=0x00007f7badd645b0
Event: 7.413 Thread 0x00007f7bc9165800 DEOPT UNPACKING pc=0x00007f7bb07323a5 sp=0x00007f7badd64568 mode 2
Event: 7.414 Thread 0x00007f7bc9165800 Uncommon trap: trap_request=0xffffffc6 fr.pc=0x00007f7bb82f0ce8 relative=0x0000000000000288
Event: 7.414 Thread 0x00007f7bc9165800 Uncommon trap: reason=bimorphic_or_optimized_type_check action=maybe_recompile pc=0x00007f7bb82f0ce8 method=java.util.regex.Pattern$BmpCharProperty.match(Ljava/util/regex/Matcher;ILjava/lang/CharSequence;)Z @ 14 c2
Event: 7.414 Thread 0x00007f7bc9165800 DEOPT PACKING pc=0x00007f7bb82f0ce8 sp=0x00007f7badd644e0
Event: 7.414 Thread 0x00007f7bc9165800 DEOPT UNPACKING pc=0x00007f7bb07323a5 sp=0x00007f7badd644a0 mode 2
Event: 7.423 Thread 0x00007f7bc9165800 Uncommon trap: trap_request=0xffffffc6 fr.pc=0x00007f7bb82f0ce8 relative=0x0000000000000288
Event: 7.423 Thread 0x00007f7bc9165800 Uncommon trap: reason=bimorphic_or_optimized_type_check action=maybe_recompile pc=0x00007f7bb82f0ce8 method=java.util.regex.Pattern$BmpCharProperty.match(Ljava/util/regex/Matcher;ILjava/lang/CharSequence;)Z @ 14 c2
Event: 7.423 Thread 0x00007f7bc9165800 DEOPT PACKING pc=0x00007f7bb82f0ce8 sp=0x00007f7badd644e0
Event: 7.423 Thread 0x00007f7bc9165800 DEOPT UNPACKING pc=0x00007f7bb07323a5 sp=0x00007f7badd644a0 mode 2
Event: 7.437 Thread 0x00007f7bc9165800 Uncommon trap: trap_request=0xffffffc6 fr.pc=0x00007f7bb82f0ce8 relative=0x0000000000000288
Event: 7.437 Thread 0x00007f7bc9165800 Uncommon trap: reason=bimorphic_or_optimized_type_check action=maybe_recompile pc=0x00007f7bb82f0ce8 method=java.util.regex.Pattern$BmpCharProperty.match(Ljava/util/regex/Matcher;ILjava/lang/CharSequence;)Z @ 14 c2
Event: 7.437 Thread 0x00007f7bc9165800 DEOPT PACKING pc=0x00007f7bb82f0ce8 sp=0x00007f7badd644e0
Event: 7.437 Thread 0x00007f7bc9165800 DEOPT UNPACKING pc=0x00007f7bb07323a5 sp=0x00007f7badd644a0 mode 2
Event: 7.443 Thread 0x00007f7bc9165800 Uncommon trap: trap_request=0xffffffc6 fr.pc=0x00007f7bb82f0ce8 relative=0x0000000000000288
Event: 7.443 Thread 0x00007f7bc9165800 Uncommon trap: reason=bimorphic_or_optimized_type_check action=maybe_recompile pc=0x00007f7bb82f0ce8 method=java.util.regex.Pattern$BmpCharProperty.match(Ljava/util/regex/Matcher;ILjava/lang/CharSequence;)Z @ 14 c2
Event: 7.443 Thread 0x00007f7bc9165800 DEOPT PACKING pc=0x00007f7bb82f0ce8 sp=0x00007f7badd644e0
Event: 7.443 Thread 0x00007f7bc9165800 DEOPT UNPACKING pc=0x00007f7bb07323a5 sp=0x00007f7badd644a0 mode 2

Classes redefined (0 events):
No events

Internal exceptions (18 events):
Event: 0.220 Thread 0x00007f7bc8014000 Exception <a 'java/lang/NoSuchMethodError'{0x00000000e0f1daa0}: 'int java.lang.invoke.DirectMethodHandle$Holder.invokeSpecialIFC(java.lang.Object, java.lang.Object, int)'> (0x00000000e0f1daa0) thrown at [/build/openjdk-11-11.0.6+10/src/hotspot/share/inter
Event: 1.865 Thread 0x00007f7bc8014000 Exception <a 'java/lang/NoClassDefFoundError'{0x00000000e0f52f60}: com/google/inject/servlet/ServletModuleTargetVisitor> (0x00000000e0f52f60) thrown at [/build/openjdk-11-11.0.6+10/src/hotspot/share/classfile/systemDictionary.cpp, line 220]
Event: 1.865 Thread 0x00007f7bc8014000 Exception <a 'java/lang/NoClassDefFoundError'{0x00000000e0f52f60}> (0x00000000e0f52f60) thrown at [/build/openjdk-11-11.0.6+10/src/hotspot/share/prims/jvm.cpp, line 1301]
Event: 1.865 Thread 0x00007f7bc8014000 Exception <a 'java/lang/NoClassDefFoundError'{0x00000000e0f558b8}: javax/annotation/Priority> (0x00000000e0f558b8) thrown at [/build/openjdk-11-11.0.6+10/src/hotspot/share/classfile/systemDictionary.cpp, line 220]
Event: 2.558 Thread 0x00007f7bc8014000 Implicit null exception at 0x00007f7bb822ea05 to 0x00007f7bb822ebca
Event: 2.558 Thread 0x00007f7bc8014000 Implicit null exception at 0x00007f7bb824b8cb to 0x00007f7bb824bd52
Event: 4.355 Thread 0x00007f7bc8014000 Exception <a 'java/lang/NoSuchMethodError'{0x00000000e0ce6e90}: 'java.lang.Object java.lang.invoke.DirectMethodHandle$Holder.invokeStatic(java.lang.Object, java.lang.Object, java.lang.Object, java.lang.Object, java.lang.Object, java.lang.Object, java.lang
Event: 4.357 Thread 0x00007f7bc8014000 Exception <a 'java/lang/NoSuchMethodError'{0x00000000e0cf4ed0}: 'java.lang.Object java.lang.invoke.DirectMethodHandle$Holder.invokeStatic(java.lang.Object, java.lang.Object, java.lang.Object, java.lang.Object, java.lang.Object, java.lang.Object, java.lang
Event: 4.359 Thread 0x00007f7bc8014000 Exception <a 'java/lang/NoSuchMethodError'{0x00000000e0d02de8}: 'java.lang.Object java.lang.invoke.DirectMethodHandle$Holder.invokeSpecial(java.lang.Object, java.lang.Object, int, int, java.lang.Object, java.lang.Object, java.lang.Object)'> (0x00000000e0d
Event: 4.360 Thread 0x00007f7bc8014000 Exception <a 'java/lang/NoSuchMethodError'{0x00000000e0d06868}: 'java.lang.Object java.lang.invoke.DelegatingMethodHandle$Holder.reinvoke_L(java.lang.Object, int, int, java.lang.Object, java.lang.Object, java.lang.Object)'> (0x00000000e0d06868) thrown at 
Event: 4.361 Thread 0x00007f7bc8014000 Exception <a 'java/lang/NoSuchMethodError'{0x00000000e0d0ae98}: 'java.lang.Object java.lang.invoke.DirectMethodHandle$Holder.invokeStatic(java.lang.Object, java.lang.Object, java.lang.Object, java.lang.Object, int)'> (0x00000000e0d0ae98) thrown at [/build
Event: 4.775 Thread 0x00007f7bc8014000 Exception <a 'java/lang/NoSuchMethodError'{0x00000000e0c18de8}: 'java.lang.Object java.lang.invoke.DirectMethodHandle$Holder.invokeStatic(java.lang.Object, int, java.lang.Object)'> (0x00000000e0c18de8) thrown at [/build/openjdk-11-11.0.6+10/src/hotspot/sh
Event: 5.638 Thread 0x00007f7bc8014000 Exception <a 'java/lang/NoSuchMethodError'{0x00000000e10ec3f0}: 'java.lang.Object java.lang.invoke.DirectMethodHandle$Holder.invokeStaticInit(java.lang.Object, java.lang.Object, long, java.lang.Object)'> (0x00000000e10ec3f0) thrown at [/build/openjdk-11-1
Event: 5.643 Thread 0x00007f7bc8014000 Exception <a 'java/lang/NoSuchMethodError'{0x00000000e10f8550}: 'java.lang.Object java.lang.invoke.Invokers$Holder.linkToTargetMethod(java.lang.Object, long, java.lang.Object)'> (0x00000000e10f8550) thrown at [/build/openjdk-11-11.0.6+10/src/hotspot/share
Event: 5.646 Thread 0x00007f7bc8014000 Exception <a 'java/lang/NoSuchMethodError'{0x00000000e10ff340}: 'java.lang.Object java.lang.invoke.DirectMethodHandle$Holder.invokeStatic(java.lang.Object, java.lang.Object, java.lang.Object, int)'> (0x00000000e10ff340) thrown at [/build/openjdk-11-11.0.6
Event: 5.647 Thread 0x00007f7bc8014000 Exception <a 'java/lang/NoSuchMethodError'{0x00000000e1102d08}: 'java.lang.Object java.lang.invoke.DirectMethodHandle$Holder.invokeSpecial(java.lang.Object, java.lang.Object, java.lang.Object, java.lang.Object, int)'> (0x00000000e1102d08) thrown at [/buil
Event: 5.647 Thread 0x00007f7bc8014000 Exception <a 'java/lang/NoSuchMethodError'{0x00000000e1105d70}: 'java.lang.Object java.lang.invoke.Invokers$Holder.linkToTargetMethod(java.lang.Object, java.lang.Object, int, java.lang.Object)'> (0x00000000e1105d70) thrown at [/build/openjdk-11-11.0.6+10/
Event: 6.963 Thread 0x00007f7bc8014000 Exception <a 'java/lang/ClassNotFoundException'{0x00000000e0d76038}: sun/util/logging/resources/spi/loggingProvider> (0x00000000e0d76038) thrown at [/build/openjdk-11-11.0.6+10/src/hotspot/share/classfile/systemDictionary.cpp, line 231]

Events (20 events):
Event: 6.964 loading class sun/util/logging/resources/logging_en
Event: 6.964 loading class sun/util/logging/resources/logging_en done
Event: 6.965 loading class sun/util/logging/resources/logging_en_US
Event: 6.965 loading class sun/util/logging/resources/logging_en_US done
Event: 6.965 loading class sun/util/logging/resources/logging_en_US
Event: 6.965 loading class sun/util/logging/resources/logging_en_US done
Event: 6.970 loading class java/util/Scanner
Event: 6.970 loading class java/util/Scanner done
Event: 6.973 loading class java/util/Scanner$PatternLRUCache
Event: 6.973 loading class java/util/Scanner$PatternLRUCache done
Event: 6.974 Thread 0x00007f7bc9164800 Thread added: 0x00007f7bc9164800
Event: 6.975 Protecting memory [0x00007f7badb64000,0x00007f7badb68000] with protection modes 0
Event: 6.977 Thread 0x00007f7bc9165800 Thread added: 0x00007f7bc9165800
Event: 6.977 Protecting memory [0x00007f7badc65000,0x00007f7badc69000] with protection modes 0
Event: 7.414 loading class java/util/regex/Matcher$ImmutableMatchResult
Event: 7.414 loading class java/util/regex/Matcher$ImmutableMatchResult done
Event: 7.414 loading class org/apache/maven/plugin/logging/Log
Event: 7.414 loading class org/apache/maven/plugin/logging/Log done
Event: 7.414 loading class org/apache/maven/plugin/logging/Log
Event: 7.414 loading class org/apache/maven/plugin/logging/Log done


Dynamic libraries:
e0c00000-e1710000 rw-p 00000000 00:00 0 
e1710000-eb2a0000 ---p 00000000 00:00 0 
eb2a0000-ec8bb000 rw-p 00000000 00:00 0 
ec8bb000-100000000 ---p 00000000 00:00 0 
800000000-800002000 rwxp 00001000 08:01 2118409                          /usr/lib/jvm/java-11-openjdk-amd64/lib/server/classes.jsa
800002000-8003b7000 rw-p 00003000 08:01 2118409                          /usr/lib/jvm/java-11-openjdk-amd64/lib/server/classes.jsa
8003b7000-800a8a000 r--p 003b8000 08:01 2118409                          /usr/lib/jvm/java-11-openjdk-amd64/lib/server/classes.jsa
800a8a000-800a8b000 rw-p 00a8b000 08:01 2118409                          /usr/lib/jvm/java-11-openjdk-amd64/lib/server/classes.jsa
800a8b000-801095000 r--p 00a8c000 08:01 2118409                          /usr/lib/jvm/java-11-openjdk-amd64/lib/server/classes.jsa
840000000-8402a0000 rw-p 00000000 00:00 0 
8402a0000-880000000 ---p 00000000 00:00 0 
559fe899c000-559fe899d000 r-xp 00000000 08:01 2118040                    /usr/lib/jvm/java-11-openjdk-amd64/bin/java
559fe8b9d000-559fe8b9e000 r--p 00001000 08:01 2118040                    /usr/lib/jvm/java-11-openjdk-amd64/bin/java
559fe8b9e000-559fe8b9f000 rw-p 00002000 08:01 2118040                    /usr/lib/jvm/java-11-openjdk-amd64/bin/java
559fe9003000-559fe9045000 rw-p 00000000 00:00 0                          [heap]
7f7b78000000-7f7b78021000 rw-p 00000000 00:00 0 
7f7b78021000-7f7b7c000000 ---p 00000000 00:00 0 
7f7b7c000000-7f7b7c021000 rw-p 00000000 00:00 0 
7f7b7c021000-7f7b80000000 ---p 00000000 00:00 0 
7f7b80000000-7f7b80021000 rw-p 00000000 00:00 0 
7f7b80021000-7f7b84000000 ---p 00000000 00:00 0 
7f7b84000000-7f7b84021000 rw-p 00000000 00:00 0 
7f7b84021000-7f7b88000000 ---p 00000000 00:00 0 
7f7b88000000-7f7b88021000 rw-p 00000000 00:00 0 
7f7b88021000-7f7b8c000000 ---p 00000000 00:00 0 
7f7b8c000000-7f7b8c021000 rw-p 00000000 00:00 0 
7f7b8c021000-7f7b90000000 ---p 00000000 00:00 0 
7f7b90000000-7f7b90968000 rw-p 00000000 00:00 0 
7f7b90968000-7f7b94000000 ---p 00000000 00:00 0 
7f7b94000000-7f7b94021000 rw-p 00000000 00:00 0 
7f7b94021000-7f7b98000000 ---p 00000000 00:00 0 
7f7b98000000-7f7b98021000 rw-p 00000000 00:00 0 
7f7b98021000-7f7b9c000000 ---p 00000000 00:00 0 
7f7b9c000000-7f7b9d585000 rw-p 00000000 00:00 0 
7f7b9d585000-7f7ba0000000 ---p 00000000 00:00 0 
7f7ba0000000-7f7ba0021000 rw-p 00000000 00:00 0 
7f7ba0021000-7f7ba4000000 ---p 00000000 00:00 0 
7f7ba4000000-7f7ba4021000 rw-p 00000000 00:00 0 
7f7ba4021000-7f7ba8000000 ---p 00000000 00:00 0 
7f7ba8000000-7f7ba8031000 rw-p 00000000 00:00 0 
7f7ba8031000-7f7bac000000 ---p 00000000 00:00 0 
7f7bad964000-7f7bada10000 rw-p 00000000 00:00 0 
7f7bada10000-7f7badb64000 ---p 00000000 00:00 0 
7f7badb64000-7f7badb68000 ---p 00000000 00:00 0 
7f7badb68000-7f7badc65000 rw-p 00000000 00:00 0 
7f7badc65000-7f7badc69000 ---p 00000000 00:00 0 
7f7badc69000-7f7badd66000 rw-p 00000000 00:00 0 
7f7badd66000-7f7badd6a000 ---p 00000000 00:00 0 
7f7badd6a000-7f7badf88000 rw-p 00000000 00:00 0 
7f7badf88000-7f7bae188000 rw-p 00000000 00:00 0 
7f7bae188000-7f7bae388000 rw-p 00000000 00:00 0 
7f7bae388000-7f7bae588000 rw-p 00000000 00:00 0 
7f7bae588000-7f7bae788000 rw-p 00000000 00:00 0 
7f7bae788000-7f7bae78a000 r-xp 00000000 08:01 1843038                    /lib/x86_64-linux-gnu/libutil-2.24.so
7f7bae78a000-7f7bae989000 ---p 00002000 08:01 1843038                    /lib/x86_64-linux-gnu/libutil-2.24.so
7f7bae989000-7f7bae98a000 r--p 00001000 08:01 1843038                    /lib/x86_64-linux-gnu/libutil-2.24.so
7f7bae98a000-7f7bae98b000 rw-p 00002000 08:01 1843038                    /lib/x86_64-linux-gnu/libutil-2.24.so
7f7bae98b000-7f7bae98e000 r-xp 00000000 08:01 1993728                    /opt/maven/lib/jansi-native/linux64/libjansi.so
7f7bae98e000-7f7baeb8d000 ---p 00003000 08:01 1993728                    /opt/maven/lib/jansi-native/linux64/libjansi.so
7f7baeb8d000-7f7baeb8e000 rw-p 00002000 08:01 1993728                    /opt/maven/lib/jansi-native/linux64/libjansi.so
7f7baeb8e000-7f7baeba4000 r-xp 00000000 08:01 2118388                    /usr/lib/jvm/java-11-openjdk-amd64/lib/libnet.so
7f7baeba4000-7f7baeda3000 ---p 00016000 08:01 2118388                    /usr/lib/jvm/java-11-openjdk-amd64/lib/libnet.so
7f7baeda3000-7f7baeda4000 r--p 00015000 08:01 2118388                    /usr/lib/jvm/java-11-openjdk-amd64/lib/libnet.so
7f7baeda4000-7f7baeda5000 rw-p 00016000 08:01 2118388                    /usr/lib/jvm/java-11-openjdk-amd64/lib/libnet.so
7f7baeda5000-7f7baedb5000 r-xp 00000000 08:01 2118389                    /usr/lib/jvm/java-11-openjdk-amd64/lib/libnio.so
7f7baedb5000-7f7baefb4000 ---p 00010000 08:01 2118389                    /usr/lib/jvm/java-11-openjdk-amd64/lib/libnio.so
7f7baefb4000-7f7baefb5000 r--p 0000f000 08:01 2118389                    /usr/lib/jvm/java-11-openjdk-amd64/lib/libnio.so
7f7baefb5000-7f7baefb6000 rw-p 00010000 08:01 2118389                    /usr/lib/jvm/java-11-openjdk-amd64/lib/libnio.so
7f7baefb6000-7f7baefba000 ---p 00000000 00:00 0 
7f7baefba000-7f7baf0b7000 rw-p 00000000 00:00 0 
7f7baf0b7000-7f7baf0b8000 ---p 00000000 00:00 0 
7f7baf0b8000-7f7baf1b9000 rw-p 00000000 00:00 0 
7f7baf1b9000-7f7baf1bd000 ---p 00000000 00:00 0 
7f7baf1bd000-7f7baf2ba000 rw-p 00000000 00:00 0 
7f7baf2ba000-7f7baf2be000 ---p 00000000 00:00 0 
7f7baf2be000-7f7baf3bb000 rw-p 00000000 00:00 0 
7f7baf3bb000-7f7baf3bf000 ---p 00000000 00:00 0 
7f7baf3bf000-7f7baf4bc000 rw-p 00000000 00:00 0 
7f7baf4bc000-7f7baf4c0000 ---p 00000000 00:00 0 
7f7baf4c0000-7f7baf5bd000 rw-p 00000000 00:00 0 
7f7baf5bd000-7f7baf5c1000 ---p 00000000 00:00 0 
7f7baf5c1000-7f7baf6be000 rw-p 00000000 00:00 0 
7f7baf6be000-7f7baf859000 r--p 00000000 08:01 1850658                    /usr/lib/locale/locale-archive
7f7baf859000-7f7baf85d000 ---p 00000000 00:00 0 
7f7baf85d000-7f7baf95a000 rw-p 00000000 00:00 0 
7f7baf95a000-7f7baf95e000 ---p 00000000 00:00 0 
7f7baf95e000-7f7bafa5b000 rw-p 00000000 00:00 0 
7f7bafa5b000-7f7bafa5c000 ---p 00000000 00:00 0 
7f7bafa5c000-7f7bb0439000 rw-p 00000000 00:00 0 
7f7bb0439000-7f7bb043f000 rw-p 00000000 00:00 0 
7f7bb043f000-7f7bb048c000 ---p 00000000 00:00 0 
7f7bb048c000-7f7bb0498000 rw-p 00000000 00:00 0 
7f7bb0498000-7f7bb0533000 ---p 00000000 00:00 0 
7f7bb0533000-7f7bb0539000 rw-p 00000000 00:00 0 
7f7bb0539000-7f7bb061f000 ---p 00000000 00:00 0 
7f7bb061f000-7f7bb0630000 rw-p 00000000 00:00 0 
7f7bb0630000-7f7bb070a000 ---p 00000000 00:00 0 
7f7bb070a000-7f7bb097a000 rwxp 00000000 00:00 0 
7f7bb097a000-7f7bb0c99000 ---p 00000000 00:00 0 
7f7bb0c99000-7f7bb1509000 rwxp 00000000 00:00 0 
7f7bb1509000-7f7bb81d1000 ---p 00000000 00:00 0 
7f7bb81d1000-7f7bb8441000 rwxp 00000000 00:00 0 
7f7bb8441000-7f7bbf70a000 ---p 00000000 00:00 0 
7f7bbf70a000-7f7bc7dfa000 r--s 00000000 08:01 2118399                    /usr/lib/jvm/java-11-openjdk-amd64/lib/modules
7f7bc7dfa000-7f7bc7dff000 r-xp 00000000 08:01 2118380                    /usr/lib/jvm/java-11-openjdk-amd64/lib/libjimage.so
7f7bc7dff000-7f7bc7ffe000 ---p 00005000 08:01 2118380                    /usr/lib/jvm/java-11-openjdk-amd64/lib/libjimage.so
7f7bc7ffe000-7f7bc7fff000 r--p 00004000 08:01 2118380                    /usr/lib/jvm/java-11-openjdk-amd64/lib/libjimage.so
7f7bc7fff000-7f7bc8000000 rw-p 00005000 08:01 2118380                    /usr/lib/jvm/java-11-openjdk-amd64/lib/libjimage.so
7f7bc8000000-7f7bc919e000 rw-p 00000000 00:00 0 
7f7bc919e000-7f7bcc000000 ---p 00000000 00:00 0 
7f7bcc018000-7f7bcc092000 rw-p 00000000 00:00 0 
7f7bcc092000-7f7bcc099000 r-xp 00000000 08:01 2118398                    /usr/lib/jvm/java-11-openjdk-amd64/lib/libzip.so
7f7bcc099000-7f7bcc298000 ---p 00007000 08:01 2118398                    /usr/lib/jvm/java-11-openjdk-amd64/lib/libzip.so
7f7bcc298000-7f7bcc299000 r--p 00006000 08:01 2118398                    /usr/lib/jvm/java-11-openjdk-amd64/lib/libzip.so
7f7bcc299000-7f7bcc29a000 rw-p 00007000 08:01 2118398                    /usr/lib/jvm/java-11-openjdk-amd64/lib/libzip.so
7f7bcc29a000-7f7bcc2a4000 r-xp 00000000 08:01 1843001                    /lib/x86_64-linux-gnu/libnss_files-2.24.so
7f7bcc2a4000-7f7bcc4a4000 ---p 0000a000 08:01 1843001                    /lib/x86_64-linux-gnu/libnss_files-2.24.so
7f7bcc4a4000-7f7bcc4a5000 r--p 0000a000 08:01 1843001                    /lib/x86_64-linux-gnu/libnss_files-2.24.so
7f7bcc4a5000-7f7bcc4a6000 rw-p 0000b000 08:01 1843001                    /lib/x86_64-linux-gnu/libnss_files-2.24.so
7f7bcc4a6000-7f7bcc4ac000 rw-p 00000000 00:00 0 
7f7bcc4ac000-7f7bcc4b7000 r-xp 00000000 08:01 1843005                    /lib/x86_64-linux-gnu/libnss_nis-2.24.so
7f7bcc4b7000-7f7bcc6b6000 ---p 0000b000 08:01 1843005                    /lib/x86_64-linux-gnu/libnss_nis-2.24.so
7f7bcc6b6000-7f7bcc6b7000 r--p 0000a000 08:01 1843005                    /lib/x86_64-linux-gnu/libnss_nis-2.24.so
7f7bcc6b7000-7f7bcc6b8000 rw-p 0000b000 08:01 1843005                    /lib/x86_64-linux-gnu/libnss_nis-2.24.so
7f7bcc6b8000-7f7bcc6cc000 r-xp 00000000 08:01 1842995                    /lib/x86_64-linux-gnu/libnsl-2.24.so
7f7bcc6cc000-7f7bcc8cc000 ---p 00014000 08:01 1842995                    /lib/x86_64-linux-gnu/libnsl-2.24.so
7f7bcc8cc000-7f7bcc8cd000 r--p 00014000 08:01 1842995                    /lib/x86_64-linux-gnu/libnsl-2.24.so
7f7bcc8cd000-7f7bcc8ce000 rw-p 00015000 08:01 1842995                    /lib/x86_64-linux-gnu/libnsl-2.24.so
7f7bcc8ce000-7f7bcc8d0000 rw-p 00000000 00:00 0 
7f7bcc8d0000-7f7bcc8d7000 r-xp 00000000 08:01 1842997                    /lib/x86_64-linux-gnu/libnss_compat-2.24.so
7f7bcc8d7000-7f7bccad6000 ---p 00007000 08:01 1842997                    /lib/x86_64-linux-gnu/libnss_compat-2.24.so
7f7bccad6000-7f7bccad7000 r--p 00006000 08:01 1842997                    /lib/x86_64-linux-gnu/libnss_compat-2.24.so
7f7bccad7000-7f7bccad8000 rw-p 00007000 08:01 1842997                    /lib/x86_64-linux-gnu/libnss_compat-2.24.so
7f7bccad8000-7f7bccb01000 r-xp 00000000 08:01 2118376                    /usr/lib/jvm/java-11-openjdk-amd64/lib/libjava.so
7f7bccb01000-7f7bccd00000 ---p 00029000 08:01 2118376                    /usr/lib/jvm/java-11-openjdk-amd64/lib/libjava.so
7f7bccd00000-7f7bccd01000 r--p 00028000 08:01 2118376                    /usr/lib/jvm/java-11-openjdk-amd64/lib/libjava.so
7f7bccd01000-7f7bccd03000 rw-p 00029000 08:01 2118376                    /usr/lib/jvm/java-11-openjdk-amd64/lib/libjava.so
7f7bccd03000-7f7bccd10000 r-xp 00000000 08:01 2118397                    /usr/lib/jvm/java-11-openjdk-amd64/lib/libverify.so
7f7bccd10000-7f7bccf0f000 ---p 0000d000 08:01 2118397                    /usr/lib/jvm/java-11-openjdk-amd64/lib/libverify.so
7f7bccf0f000-7f7bccf11000 r--p 0000c000 08:01 2118397                    /usr/lib/jvm/java-11-openjdk-amd64/lib/libverify.so
7f7bccf11000-7f7bccf12000 rw-p 0000e000 08:01 2118397                    /usr/lib/jvm/java-11-openjdk-amd64/lib/libverify.so
7f7bccf12000-7f7bccf19000 r-xp 00000000 08:01 1843022                    /lib/x86_64-linux-gnu/librt-2.24.so
7f7bccf19000-7f7bcd118000 ---p 00007000 08:01 1843022                    /lib/x86_64-linux-gnu/librt-2.24.so
7f7bcd118000-7f7bcd119000 r--p 00006000 08:01 1843022                    /lib/x86_64-linux-gnu/librt-2.24.so
7f7bcd119000-7f7bcd11a000 rw-p 00007000 08:01 1843022                    /lib/x86_64-linux-gnu/librt-2.24.so
7f7bcd11a000-7f7bcd130000 r-xp 00000000 08:01 1842975                    /lib/x86_64-linux-gnu/libgcc_s.so.1
7f7bcd130000-7f7bcd32f000 ---p 00016000 08:01 1842975                    /lib/x86_64-linux-gnu/libgcc_s.so.1
7f7bcd32f000-7f7bcd330000 r--p 00015000 08:01 1842975                    /lib/x86_64-linux-gnu/libgcc_s.so.1
7f7bcd330000-7f7bcd331000 rw-p 00016000 08:01 1842975                    /lib/x86_64-linux-gnu/libgcc_s.so.1
7f7bcd331000-7f7bcd434000 r-xp 00000000 08:01 1842984                    /lib/x86_64-linux-gnu/libm-2.24.so
7f7bcd434000-7f7bcd633000 ---p 00103000 08:01 1842984                    /lib/x86_64-linux-gnu/libm-2.24.so
7f7bcd633000-7f7bcd634000 r--p 00102000 08:01 1842984                    /lib/x86_64-linux-gnu/libm-2.24.so
7f7bcd634000-7f7bcd635000 rw-p 00103000 08:01 1842984                    /lib/x86_64-linux-gnu/libm-2.24.so
7f7bcd635000-7f7bcd7a7000 r-xp 00000000 08:01 1843740                    /usr/lib/x86_64-linux-gnu/libstdc++.so.6.0.22
7f7bcd7a7000-7f7bcd9a7000 ---p 00172000 08:01 1843740                    /usr/lib/x86_64-linux-gnu/libstdc++.so.6.0.22
7f7bcd9a7000-7f7bcd9b1000 r--p 00172000 08:01 1843740                    /usr/lib/x86_64-linux-gnu/libstdc++.so.6.0.22
7f7bcd9b1000-7f7bcd9b3000 rw-p 0017c000 08:01 1843740                    /usr/lib/x86_64-linux-gnu/libstdc++.so.6.0.22
7f7bcd9b3000-7f7bcd9b7000 rw-p 00000000 00:00 0 
7f7bcd9b7000-7f7bcea3f000 r-xp 00000000 08:01 2118411                    /usr/lib/jvm/java-11-openjdk-amd64/lib/server/libjvm.so
7f7bcea3f000-7f7bcec3e000 ---p 01088000 08:01 2118411                    /usr/lib/jvm/java-11-openjdk-amd64/lib/server/libjvm.so
7f7bcec3e000-7f7bcecfb000 r--p 01087000 08:01 2118411                    /usr/lib/jvm/java-11-openjdk-amd64/lib/server/libjvm.so
7f7bcecfb000-7f7bced35000 rw-p 01144000 08:01 2118411                    /usr/lib/jvm/java-11-openjdk-amd64/lib/server/libjvm.so
7f7bced35000-7f7bced8b000 rw-p 00000000 00:00 0 
7f7bced8b000-7f7bcef20000 r-xp 00000000 08:01 1842955                    /lib/x86_64-linux-gnu/libc-2.24.so
7f7bcef20000-7f7bcf120000 ---p 00195000 08:01 1842955                    /lib/x86_64-linux-gnu/libc-2.24.so
7f7bcf120000-7f7bcf124000 r--p 00195000 08:01 1842955                    /lib/x86_64-linux-gnu/libc-2.24.so
7f7bcf124000-7f7bcf126000 rw-p 00199000 08:01 1842955                    /lib/x86_64-linux-gnu/libc-2.24.so
7f7bcf126000-7f7bcf12a000 rw-p 00000000 00:00 0 
7f7bcf12a000-7f7bcf12d000 r-xp 00000000 08:01 1842967                    /lib/x86_64-linux-gnu/libdl-2.24.so
7f7bcf12d000-7f7bcf32c000 ---p 00003000 08:01 1842967                    /lib/x86_64-linux-gnu/libdl-2.24.so
7f7bcf32c000-7f7bcf32d000 r--p 00002000 08:01 1842967                    /lib/x86_64-linux-gnu/libdl-2.24.so
7f7bcf32d000-7f7bcf32e000 rw-p 00003000 08:01 1842967                    /lib/x86_64-linux-gnu/libdl-2.24.so
7f7bcf32e000-7f7bcf33d000 r-xp 00000000 08:01 2118358                    /usr/lib/jvm/java-11-openjdk-amd64/lib/jli/libjli.so
7f7bcf33d000-7f7bcf53c000 ---p 0000f000 08:01 2118358                    /usr/lib/jvm/java-11-openjdk-amd64/lib/jli/libjli.so
7f7bcf53c000-7f7bcf53d000 r--p 0000e000 08:01 2118358                    /usr/lib/jvm/java-11-openjdk-amd64/lib/jli/libjli.so
7f7bcf53d000-7f7bcf53e000 rw-p 0000f000 08:01 2118358                    /usr/lib/jvm/java-11-openjdk-amd64/lib/jli/libjli.so
7f7bcf53e000-7f7bcf556000 r-xp 00000000 08:01 1843018                    /lib/x86_64-linux-gnu/libpthread-2.24.so
7f7bcf556000-7f7bcf755000 ---p 00018000 08:01 1843018                    /lib/x86_64-linux-gnu/libpthread-2.24.so
7f7bcf755000-7f7bcf756000 r--p 00017000 08:01 1843018                    /lib/x86_64-linux-gnu/libpthread-2.24.so
7f7bcf756000-7f7bcf757000 rw-p 00018000 08:01 1843018                    /lib/x86_64-linux-gnu/libpthread-2.24.so
7f7bcf757000-7f7bcf75b000 rw-p 00000000 00:00 0 
7f7bcf75b000-7f7bcf774000 r-xp 00000000 08:01 1843043                    /lib/x86_64-linux-gnu/libz.so.1.2.8
7f7bcf774000-7f7bcf973000 ---p 00019000 08:01 1843043                    /lib/x86_64-linux-gnu/libz.so.1.2.8
7f7bcf973000-7f7bcf974000 r--p 00018000 08:01 1843043                    /lib/x86_64-linux-gnu/libz.so.1.2.8
7f7bcf974000-7f7bcf975000 rw-p 00019000 08:01 1843043                    /lib/x86_64-linux-gnu/libz.so.1.2.8
7f7bcf975000-7f7bcf998000 r-xp 00000000 08:01 1842937                    /lib/x86_64-linux-gnu/ld-2.24.so
7f7bcf9b2000-7f7bcf9df000 rw-p 00000000 00:00 0 
7f7bcf9df000-7f7bcfa7a000 ---p 00000000 00:00 0 
7f7bcfa7a000-7f7bcfa7f000 rw-p 00000000 00:00 0 
7f7bcfa7f000-7f7bcfa86000 ---p 00000000 00:00 0 
7f7bcfa86000-7f7bcfa88000 r--s 00007000 08:01 2379129                    /usr/share/java/java-atk-wrapper.jar
7f7bcfa88000-7f7bcfa8c000 ---p 00000000 00:00 0 
7f7bcfa8c000-7f7bcfb8d000 rw-p 00000000 00:00 0 
7f7bcfb8e000-7f7bcfb96000 rw-s 00000000 08:01 411604                     /tmp/hsperfdata_tanzachary/4279
7f7bcfb96000-7f7bcfb97000 ---p 00000000 00:00 0 
7f7bcfb97000-7f7bcfb98000 r--p 00000000 00:00 0 
7f7bcfb98000-7f7bcfb99000 r--p 00023000 08:01 1842937                    /lib/x86_64-linux-gnu/ld-2.24.so
7f7bcfb99000-7f7bcfb9a000 rw-p 00024000 08:01 1842937                    /lib/x86_64-linux-gnu/ld-2.24.so
7f7bcfb9a000-7f7bcfb9b000 rw-p 00000000 00:00 0 
7fff11490000-7fff114b1000 rw-p 00000000 00:00 0                          [stack]
7fff11525000-7fff11528000 r--p 00000000 00:00 0                          [vvar]
7fff11528000-7fff1152a000 r-xp 00000000 00:00 0                          [vdso]
ffffffffff600000-ffffffffff601000 r-xp 00000000 00:00 0                  [vsyscall]


VM Arguments:
jvm_args: -Dclassworlds.conf=/opt/maven/bin/m2.conf -Dmaven.home=/opt/maven -Dlibrary.jansi.path=/opt/maven/lib/jansi-native -Dmaven.multiModuleProjectDirectory=/home/tanzachary/step/portfolio 
java_command: org.codehaus.plexus.classworlds.launcher.Launcher package appengine:run
java_class_path (initial): /opt/maven/boot/plexus-classworlds-2.6.0.jar
Launcher Type: SUN_STANDARD

[Global flags]
     intx CICompilerCount                          = 2                                         {product} {ergonomic}
   size_t InitialHeapSize                          = 33554432                                  {product} {ergonomic}
   size_t MaxHeapSize                              = 524288000                                 {product} {ergonomic}
   size_t MaxNewSize                               = 174718976                                 {product} {ergonomic}
   size_t MinHeapDeltaBytes                        = 196608                                    {product} {ergonomic}
   size_t NewSize                                  = 11141120                                  {product} {ergonomic}
    uintx NonNMethodCodeHeapSize                   = 5825164                                {pd product} {ergonomic}
    uintx NonProfiledCodeHeapSize                  = 122916538                              {pd product} {ergonomic}
   size_t OldSize                                  = 22413312                                  {product} {ergonomic}
    uintx ProfiledCodeHeapSize                     = 122916538                              {pd product} {ergonomic}
    uintx ReservedCodeCacheSize                    = 251658240                              {pd product} {ergonomic}
     bool SegmentedCodeCache                       = true                                      {product} {ergonomic}
     bool UseCompressedClassPointers               = true                                 {lp64_product} {ergonomic}
     bool UseCompressedOops                        = true                                 {lp64_product} {ergonomic}
     bool UseSerialGC                              = true                                      {product} {ergonomic}

Logging:
Log output configuration:
 #0: stdout all=warning uptime,level,tags
 #1: stderr all=off uptime,level,tags

Environment Variables:
JAVA_HOME=/usr/lib/jvm/java-11-openjdk-amd64
PATH=/home/tanzachary/step/portfolio/node_modules/.bin:/home/tanzachary/gopath/bin:/google/gopath/bin:/home/tanzachary/.gems/bin:/usr/local/go/bin:/opt/gradle/bin:/opt/maven/bin:/usr/local/sbin:/usr/local/bin:/usr/sbin:/usr/bin:/sbin:/bin:/usr/local/nvm/versions/node/v10.14.2/bin:/google/go_appengine:/google/google_appengine:/google/migrate/anthos/
SHELL=/bin/bash

Signal Handlers:
SIGSEGV: [libjvm.so+0xd9bff0], sa_mask[0]=11111111011111111101111111111110, sa_flags=SA_RESTART|SA_SIGINFO
SIGBUS: [libjvm.so+0xd9bff0], sa_mask[0]=11111111011111111101111111111110, sa_flags=SA_RESTART|SA_SIGINFO
SIGFPE: [libjvm.so+0xd9bff0], sa_mask[0]=11111111011111111101111111111110, sa_flags=SA_RESTART|SA_SIGINFO
SIGPIPE: [libjvm.so+0xb8fcf0], sa_mask[0]=11111111011111111101111111111110, sa_flags=SA_RESTART|SA_SIGINFO
SIGXFSZ: [libjvm.so+0xb8fcf0], sa_mask[0]=11111111011111111101111111111110, sa_flags=SA_RESTART|SA_SIGINFO
SIGILL: [libjvm.so+0xd9bff0], sa_mask[0]=11111111011111111101111111111110, sa_flags=SA_RESTART|SA_SIGINFO
SIGUSR2: [libjvm.so+0xb8fb90], sa_mask[0]=00000000000000000000000000000000, sa_flags=SA_RESTART|SA_SIGINFO
SIGHUP: [libjvm.so+0xb8fef0], sa_mask[0]=11111111011111111101111111111110, sa_flags=SA_RESTART|SA_SIGINFO
SIGINT: [libjvm.so+0xb8fef0], sa_mask[0]=11111111011111111101111111111110, sa_flags=SA_RESTART|SA_SIGINFO
SIGTERM: [libjvm.so+0xb8fef0], sa_mask[0]=11111111011111111101111111111110, sa_flags=SA_RESTART|SA_SIGINFO
SIGQUIT: [libjvm.so+0xb8fef0], sa_mask[0]=11111111011111111101111111111110, sa_flags=SA_RESTART|SA_SIGINFO


---------------  S Y S T E M  ---------------

OS:PRETTY_NAME="Debian GNU/Linux 9 (stretch)"
NAME="Debian GNU/Linux"
VERSION_ID="9"
VERSION="9 (stretch)"
VERSION_CODENAME=stretch
ID=debian
HOME_URL="https://www.debian.org/"
SUPPORT_URL="https://www.debian.org/support"
BUG_REPORT_URL="https://bugs.debian.org/"
uname:Linux 4.19.112+ #1 SMP Wed May 6 00:27:44 PDT 2020 x86_64
libc:glibc 2.24 NPTL 2.24 
rlimit: STACK 8192k, CORE infinity, NPROC infinity, NOFILE 1048576, AS infinity, DATA infinity, FSIZE infinity
load average:2.09 1.37 0.87

/proc/meminfo:
MemTotal:        2043884 kB
MemFree:          112964 kB
MemAvailable:     815876 kB
Buffers:           73008 kB
Cached:           649308 kB
SwapCached:          740 kB
Active:           890312 kB
Inactive:         727392 kB
Active(anon):     464132 kB
Inactive(anon):   408912 kB
Active(file):     426180 kB
Inactive(file):   318480 kB
Unevictable:           0 kB
Mlocked:               0 kB
SwapTotal:        786428 kB
SwapFree:         700668 kB
Dirty:               556 kB
Writeback:             0 kB
AnonPages:        894836 kB
Mapped:           386116 kB
Shmem:               820 kB
Slab:             197092 kB
SReclaimable:     145904 kB
SUnreclaim:        51188 kB
KernelStack:        8240 kB
PageTables:        13840 kB
NFS_Unstable:          0 kB
Bounce:                0 kB
WritebackTmp:          0 kB
CommitLimit:     1808368 kB
Committed_AS:    5195768 kB
VmallocTotal:   34359738367 kB
VmallocUsed:           0 kB
VmallocChunk:          0 kB
Percpu:              968 kB
AnonHugePages:      2048 kB
ShmemHugePages:        0 kB
ShmemPmdMapped:        0 kB
HugePages_Total:       0
HugePages_Free:        0
HugePages_Rsvd:        0
HugePages_Surp:        0
Hugepagesize:       2048 kB
Hugetlb:               0 kB
DirectMap4k:       85180 kB
DirectMap2M:     2011136 kB
DirectMap1G:           0 kB


/proc/sys/kernel/threads-max (system-wide limit on the number of threads):
15631


/proc/sys/vm/max_map_count (maximum number of memory map areas a process may have):
65530


/proc/sys/kernel/pid_max (system-wide limit on number of process identifiers):
4194304



container (cgroup) information:
container_type: cgroupv1
cpu_cpuset_cpus: 0-1
cpu_memory_nodes: 0
active_processor_count: 1
cpu_quota: -1
cpu_period: 100000
cpu_shares: 2
memory_limit_in_bytes: -1
memory_and_swap_limit_in_bytes: -1
memory_soft_limit_in_bytes: -1
memory_usage_in_bytes: 622174208
memory_max_usage_in_bytes: 684109824

KVM virtualization detected
Steal ticks since vm start: 0
Steal ticks percentage since vm start:  0.000

CPU:total 2 (initial active 1) (1 cores per cpu, 2 threads per core) family 6 model 63 stepping 0, cmov, cx8, fxsr, mmx, sse, sse2, sse3, ssse3, sse4.1, sse4.2, popcnt, avx, avx2, aes, clmul, erms, lzcnt, ht, tsc, tscinvbit, bmi1, bmi2, fma
CPU Model and flags from /proc/cpuinfo:
model name	: Intel(R) Xeon(R) CPU @ 2.30GHz
flags		: fpu vme de pse tsc msr pae mce cx8 apic sep mtrr pge mca cmov pat pse36 clflush mmx fxsr sse sse2 ss ht syscall nx pdpe1gb rdtscp lm constant_tsc rep_good nopl xtopology nonstop_tsc cpuid tsc_known_freq pni pclmulqdq ssse3 fma cx16 pcid sse4_1 sse4_2 x2apic movbe popcnt aes xsave avx f16c rdrand hypervisor lahf_lm abm invpcid_single pti ssbd ibrs ibpb stibp fsgsbase tsc_adjust bmi1 avx2 smep bmi2 erms invpcid xsaveopt arat md_clear arch_capabilities

Memory: 4k page, physical 2043884k(112964k free), swap 786428k(700668k free)

vm_info: OpenJDK 64-Bit Server VM (11.0.6+10-post-Debian-1bpo91) for linux-amd64 JRE (11.0.6+10-post-Debian-1bpo91), built on Feb  1 2020 09:07:43 by "unknown" with gcc 6.3.0 20170516

END.
