#
# A fatal error has been detected by the Java Runtime Environment:
#
#  SIGSEGV (0xb) at pc=0x00007f2fbd0a0bc0, pid=4523, tid=4523
#
# JRE version: OpenJDK Runtime Environment (11.0.6+10) (build 11.0.6+10-post-Debian-1bpo91)
# Java VM: OpenJDK 64-Bit Server VM (11.0.6+10-post-Debian-1bpo91, mixed mode, sharing, tiered, compressed oops, serial gc, linux-amd64)
# Problematic frame:
# V  [libjvm.so+0xb8fbc0]
#
# Core dump will be written. Default location: Core dumps may be processed with "/sbin/crash_reporter --user=%P:%s:%u:%g:%e" (or dumping to /home/tanzachary/step/portfolio/core.4523)
#
# If you would like to submit a bug report, please visit:
#   https://bugs.debian.org/openjdk-11
#

---------------  S U M M A R Y ------------

Command Line: -Dclassworlds.conf=/opt/maven/bin/m2.conf -Dmaven.home=/opt/maven -Dlibrary.jansi.path=/opt/maven/lib/jansi-native -Dmaven.multiModuleProjectDirectory=/home/tanzachary/step/portfolio org.codehaus.plexus.classworlds.launcher.Launcher package appengine:run

Host: Intel(R) Xeon(R) CPU @ 2.30GHz, 2 cores, 1G, Debian GNU/Linux 9 (stretch)
Time: Thu May 28 17:45:21 2020 EDT elapsed time: 3 seconds (0d 0h 0m 3s)

---------------  T H R E A D  ---------------

Current thread is native thread

Stack: [0x00007ffdf6735000,0x00007ffdf6f33000],  sp=0x00007ffdf6f2d940,  free space=8162k
Native frames: (J=compiled Java code, A=aot compiled Java code, j=interpreted, Vv=VM code, C=native code)
V  [libjvm.so+0xb8fbc0]
C  [libpthread.so.0+0x110e0]


siginfo: si_signo: 11 (SIGSEGV), si_code: 1 (SEGV_MAPERR), si_addr: 0x00000000000000d0

Register to memory mapping:

RAX=0x0 is NULL
RBX=
[error occurred during error reporting (printing register info), id 0xb, SIGSEGV (0xb) at pc=0x00007f2fbd2479e7]

Registers:
RAX=0x0000000000000000, RBX=0x00007f2fbe6e3e18, RCX=0x00007f2fbe0a06dd, RDX=0x0000000000000000
RSP=0x00007ffdf6f2d940, RBP=0x00007ffdf6f2d9f0, RSI=0x00007ffdf6f2db30, RDI=0x0000000000000001
R8 =0x00000000000000ca, R9 =0x00007f2fbe6e29d0, R10=0x0000000000000000, R11=0x0000000000000246
R12=0x0000000000000000, R13=0x00007ffdf6f2db30, R14=0x00007ffdf6f2da00, R15=0x00007f2fbe6e2d28
RIP=0x00007f2fbd0a0bc0, EFLAGS=0x0000000000010246, CSGSFS=0x002b000000000033, ERR=0x0000000000000004
  TRAPNO=0x000000000000000e

Top of Stack: (sp=0x00007ffdf6f2d940)
0x00007ffdf6f2d940:   0000000001e5cb59 00007f2fbd8f6038
0x00007ffdf6f2d950:   00007ffdf6f2da70 00007f2fbd8e8d90
0x00007ffdf6f2d960:   00007ffdf6f2d994 00007ffdf6f2da60
0x00007ffdf6f2d970:   000056321689ac70 000000000000000b 

Instructions: (pc=0x00007f2fbd0a0bc0)
0x00007f2fbd0a0ac0:   c0 74 03 c6 00 00 4c 89 f7 4c 89 fa 48 89 de e8
0x00007f2fbd0a0ad0:   dc db 6d ff 4c 89 e7 e8 24 df 6d ff 48 81 c4 08
0x00007f2fbd0a0ae0:   01 00 00 5b 41 5c 41 5d 41 5e 41 5f 5d c3 4c 89
0x00007f2fbd0a0af0:   e2 be 00 01 00 00 48 89 df e8 92 e1 6d ff 48 85
0x00007f2fbd0a0b00:   c0 74 ae 48 8d 35 b1 46 2f 00 48 89 df e8 5e df
0x00007f2fbd0a0b10:   6d ff 48 85 c0 74 41 66 0f 1f 84 00 00 00 00 00
0x00007f2fbd0a0b20:   be 22 00 00 00 48 89 df e8 d3 df 6d ff 48 85 c0
0x00007f2fbd0a0b30:   74 46 48 8d 58 01 be 22 00 00 00 48 89 df e8 bd
0x00007f2fbd0a0b40:   df 6d ff 48 85 c0 0f 85 77 ff ff ff e9 75 ff ff
0x00007f2fbd0a0b50:   ff 0f 1f 80 00 00 00 00 48 8d 35 71 46 2f 00 48
0x00007f2fbd0a0b60:   89 df e8 09 df 6d ff 48 85 c0 0f 84 41 ff ff ff
0x00007f2fbd0a0b70:   eb ae 66 0f 1f 44 00 00 48 89 df be 3d 00 00 00
0x00007f2fbd0a0b80:   e8 7b df 6d ff 48 8d 58 01 e9 23 ff ff ff 66 90
0x00007f2fbd0a0b90:   55 48 89 e5 41 57 41 56 41 55 41 54 49 89 d6 53
0x00007f2fbd0a0ba0:   49 89 f5 48 81 ec 88 00 00 00 e8 81 e6 6d ff 48
0x00007f2fbd0a0bb0:   89 c3 44 8b 20 e8 26 58 1a 00 31 d2 84 c0 75 38
0x00007f2fbd0a0bc0:   48 83 ba d0 00 00 00 00 74 16 4c 8b ba 68 02 00
0x00007f2fbd0a0bd0:   00 41 8b 87 a8 00 00 00 83 f8 01 74 2b 44 89 23
0x00007f2fbd0a0be0:   48 81 c4 88 00 00 00 5b 41 5c 41 5d 41 5e 41 5f
0x00007f2fbd0a0bf0:   5d c3 66 0f 1f 44 00 00 e8 f3 57 1a 00 48 89 c2
0x00007f2fbd0a0c00:   eb be 66 0f 1f 44 00 00 4d 89 af b0 00 00 00 4d
0x00007f2fbd0a0c10:   8d af a8 00 00 00 4d 89 b7 b8 00 00 00 ba 02 00
0x00007f2fbd0a0c20:   00 00 be 01 00 00 00 4c 89 ef e8 01 cb ff ff 83
0x00007f2fbd0a0c30:   f8 02 74 3c 85 c0 75 18 49 c7 87 b8 00 00 00 00
0x00007f2fbd0a0c40:   00 00 00 49 c7 87 b0 00 00 00 00 00 00 00 eb 8d
0x00007f2fbd0a0c50:   48 8d 05 51 96 7b 00 48 8d 3d 7a 4e 2f 00 be 64
0x00007f2fbd0a0c60:   11 00 00 48 8b 00 c6 00 58 e8 22 16 ab ff eb c8
0x00007f2fbd0a0c70:   4c 8d b5 50 ff ff ff 4c 89 f7 e8 11 e2 6d ff 4c
0x00007f2fbd0a0c80:   89 f2 31 f6 31 ff e8 15 e3 6d ff 8b 35 ff 37 7d
0x00007f2fbd0a0c90:   00 4c 89 f7 e8 c7 de 6d ff 48 8d 3d 60 73 81 00
0x00007f2fbd0a0ca0:   be 01 00 00 00 e8 a6 bc 0c 00 66 0f 1f 44 00 00
0x00007f2fbd0a0cb0:   4c 89 f7 e8 d8 e5 6d ff 31 d2 be 03 00 00 00 4c 


Stack slot to memory mapping:
stack at sp + 0 slots: 
[error occurred during error reporting (inspecting top of stack), id 0xb, SIGSEGV (0xb) at pc=0x00007f2fbd2479e7]


---------------  P R O C E S S  ---------------

VM state:not at safepoint (normal execution)

VM Mutex/Monitor currently owned by a thread: None

Heap address: 0x00000000e0c00000, size: 500 MB, Compressed Oops mode: 32-bit
Narrow klass base: 0x0000000800000000, Narrow klass shift: 3
Compressed class space size: 1073741824 Address: 0x0000000840000000

Heap:
 def new generation   total 9792K, used 6783K [0x00000000e0c00000, 0x00000000e16a0000, 0x00000000eb2a0000)
  eden space 8704K,  66% used [0x00000000e0c00000, 0x00000000e11a8418, 0x00000000e1480000)
  from space 1088K,  91% used [0x00000000e1480000, 0x00000000e1577ba0, 0x00000000e1590000)
  to   space 1088K,   0% used [0x00000000e1590000, 0x00000000e1590000, 0x00000000e16a0000)
 tenured generation   total 21888K, used 8237K [0x00000000eb2a0000, 0x00000000ec800000, 0x0000000100000000)
   the space 21888K,  37% used [0x00000000eb2a0000, 0x00000000ebaab4f0, 0x00000000ebaab600, 0x00000000ec800000)
 Metaspace       used 14927K, capacity 16454K, committed 16896K, reserved 1064960K
  class space    used 1667K, capacity 1934K, committed 2048K, reserved 1048576K

Card table byte_map: [0x00007f2fba715000,0x00007f2fba810000] _byte_map_base: 0x00007f2fba00f000

Polling page: 0x00007f2fbe6f0000

Metaspace:

Usage:
  Non-class:     14.18 MB capacity,    12.95 MB ( 91%) used,     1.21 MB (  9%) free+waste,    18.94 KB ( <1%) overhead. 
      Class:      1.89 MB capacity,     1.63 MB ( 86%) used,   258.49 KB ( 13%) free+waste,     8.38 KB ( <1%) overhead. 
       Both:     16.07 MB capacity,    14.58 MB ( 91%) used,     1.46 MB (  9%) free+waste,    27.31 KB ( <1%) overhead. 

Virtual space:
  Non-class space:       16.00 MB reserved,      14.50 MB ( 91%) committed 
      Class space:        1.00 GB reserved,       2.00 MB ( <1%) committed 
             Both:        1.02 GB reserved,      16.50 MB (  2%) committed 

Chunk freelists:
   Non-Class:  156.00 KB
       Class:  18.00 KB
        Both:  174.00 KB

MaxMetaspaceSize: unlimited
CompressedClassSpaceSize: 1.00 GB

CodeHeap 'non-profiled nmethods': size=120036Kb used=1198Kb max_used=1198Kb free=118837Kb
 bounds [0x00007f2fa43d7000, 0x00007f2fa4647000, 0x00007f2fab910000]
CodeHeap 'profiled nmethods': size=120032Kb used=6033Kb max_used=6033Kb free=113998Kb
 bounds [0x00007f2f9ce9f000, 0x00007f2f9d48f000, 0x00007f2fa43d7000]
CodeHeap 'non-nmethods': size=5692Kb used=1117Kb max_used=1146Kb free=4575Kb
 bounds [0x00007f2f9c910000, 0x00007f2f9cb80000, 0x00007f2f9ce9f000]
 total_blobs=4203 nmethods=3233 adapters=351
 compilation: enabled
              stopped_count=0, restarted_count=0
 full_count=0

Compilation events (20 events):
Event: 3.935 Thread 0x00007f2fb405b800 3234       3       org.eclipse.aether.internal.impl.collect.DataPool::getChildren (14 bytes)
Event: 3.936 Thread 0x00007f2fb405b800 nmethod 3234 0x00007f2f9d47a510 code [0x00007f2f9d47a6e0, 0x00007f2f9d47aa48]
Event: 3.936 Thread 0x00007f2fb405b800 3235       3       org.eclipse.aether.resolution.VersionRangeResult::setRepository (41 bytes)
Event: 3.937 Thread 0x00007f2fb405b800 nmethod 3235 0x00007f2f9d47ab10 code [0x00007f2f9d47ad00, 0x00007f2f9d47b298]
Event: 3.937 Thread 0x00007f2fb405b800 3236       3       org.eclipse.aether.graph.Dependency::equals (94 bytes)
Event: 3.938 Thread 0x00007f2fb405b800 nmethod 3236 0x00007f2f9d47b490 code [0x00007f2f9d47b700, 0x00007f2f9d47c5b8]
Event: 3.938 Thread 0x00007f2fb405b800 3237       3       org.eclipse.aether.internal.impl.collect.DefaultDependencyCollector::doRecurse (233 bytes)
Event: 3.940 Thread 0x00007f2fb405b800 nmethod 3237 0x00007f2f9d47c890 code [0x00007f2f9d47cba0, 0x00007f2f9d47dde8]
Event: 3.941 Thread 0x00007f2fb405b800 3238       3       java.util.HashSet::clear (8 bytes)
Event: 3.941 Thread 0x00007f2fb405b800 nmethod 3238 0x00007f2f9d47e710 code [0x00007f2f9d47e8e0, 0x00007f2f9d47eb28]
Event: 3.942 Thread 0x00007f2fb405b800 3239       1       org.apache.maven.model.Parent::setGroupId (6 bytes)
Event: 3.942 Thread 0x00007f2fb405b800 nmethod 3239 0x00007f2fa4502010 code [0x00007f2fa45021c0, 0x00007f2fa4502310]
Event: 3.942 Thread 0x00007f2fb405b800 3240       1       org.apache.maven.model.Parent::setArtifactId (6 bytes)
Event: 3.942 Thread 0x00007f2fb405b800 nmethod 3240 0x00007f2fa4502390 code [0x00007f2fa4502540, 0x00007f2fa4502690]
Event: 3.944 Thread 0x00007f2fb405b800 3243   !   3       org.apache.maven.model.building.DefaultModelBuilder::configureResolver (137 bytes)
Event: 3.946 Thread 0x00007f2fb405b800 nmethod 3243 0x00007f2f9d47ec10 code [0x00007f2f9d47efa0, 0x00007f2f9d480618]
Event: 3.946 Thread 0x00007f2fb405b800 3244       3       java.io.File::isFile (43 bytes)
Event: 3.947 Thread 0x00007f2fb405b800 nmethod 3244 0x00007f2f9d480e10 code [0x00007f2f9d481000, 0x00007f2f9d481428]
Event: 3.948 Thread 0x00007f2fb405b800 3246       3       org.codehaus.plexus.util.xml.pull.MXParser::requireInput (106 bytes)
Event: 3.949 Thread 0x00007f2fb405b800 nmethod 3246 0x00007f2f9d481590 code [0x00007f2f9d4818a0, 0x00007f2f9d482738]

GC Heap History (20 events):
Event: 1.505 GC heap before
{Heap before GC invocations=4 (full 0):
 def new generation   total 9792K, used 9362K [0x00000000e0c00000, 0x00000000e16a0000, 0x00000000eb2a0000)
  eden space 8704K, 100% used [0x00000000e0c00000, 0x00000000e1480000, 0x00000000e1480000)
  from space 1088K,  60% used [0x00000000e1480000, 0x00000000e1524bc0, 0x00000000e1590000)
  to   space 1088K,   0% used [0x00000000e1590000, 0x00000000e1590000, 0x00000000e16a0000)
 tenured generation   total 21888K, used 3138K [0x00000000eb2a0000, 0x00000000ec800000, 0x0000000100000000)
   the space 21888K,  14% used [0x00000000eb2a0000, 0x00000000eb5b09e0, 0x00000000eb5b0a00, 0x00000000ec800000)
 Metaspace       used 8109K, capacity 10345K, committed 10496K, reserved 1058816K
  class space    used 976K, capacity 1257K, committed 1280K, reserved 1048576K
}
Event: 1.510 GC heap after
{Heap after GC invocations=5 (full 0):
 def new generation   total 9792K, used 754K [0x00000000e0c00000, 0x00000000e16a0000, 0x00000000eb2a0000)
  eden space 8704K,   0% used [0x00000000e0c00000, 0x00000000e0c00000, 0x00000000e1480000)
  from space 1088K,  69% used [0x00000000e1590000, 0x00000000e164c838, 0x00000000e16a0000)
  to   space 1088K,   0% used [0x00000000e1480000, 0x00000000e1480000, 0x00000000e1590000)
 tenured generation   total 21888K, used 3396K [0x00000000eb2a0000, 0x00000000ec800000, 0x0000000100000000)
   the space 21888K,  15% used [0x00000000eb2a0000, 0x00000000eb5f1030, 0x00000000eb5f1200, 0x00000000ec800000)
 Metaspace       used 8109K, capacity 10345K, committed 10496K, reserved 1058816K
  class space    used 976K, capacity 1257K, committed 1280K, reserved 1048576K
}
Event: 1.739 GC heap before
{Heap before GC invocations=5 (full 0):
 def new generation   total 9792K, used 9458K [0x00000000e0c00000, 0x00000000e16a0000, 0x00000000eb2a0000)
  eden space 8704K, 100% used [0x00000000e0c00000, 0x00000000e1480000, 0x00000000e1480000)
  from space 1088K,  69% used [0x00000000e1590000, 0x00000000e164c838, 0x00000000e16a0000)
  to   space 1088K,   0% used [0x00000000e1480000, 0x00000000e1480000, 0x00000000e1590000)
 tenured generation   total 21888K, used 3396K [0x00000000eb2a0000, 0x00000000ec800000, 0x0000000100000000)
   the space 21888K,  15% used [0x00000000eb2a0000, 0x00000000eb5f1030, 0x00000000eb5f1200, 0x00000000ec800000)
 Metaspace       used 9675K, capacity 11930K, committed 12288K, reserved 1060864K
  class space    used 1186K, capacity 1483K, committed 1536K, reserved 1048576K
}
Event: 1.744 GC heap after
{Heap after GC invocations=6 (full 0):
 def new generation   total 9792K, used 1087K [0x00000000e0c00000, 0x00000000e16a0000, 0x00000000eb2a0000)
  eden space 8704K,   0% used [0x00000000e0c00000, 0x00000000e0c00000, 0x00000000e1480000)
  from space 1088K,  99% used [0x00000000e1480000, 0x00000000e158fff8, 0x00000000e1590000)
  to   space 1088K,   0% used [0x00000000e1590000, 0x00000000e1590000, 0x00000000e16a0000)
 tenured generation   total 21888K, used 3733K [0x00000000eb2a0000, 0x00000000ec800000, 0x0000000100000000)
   the space 21888K,  17% used [0x00000000eb2a0000, 0x00000000eb645788, 0x00000000eb645800, 0x00000000ec800000)
 Metaspace       used 9675K, capacity 11930K, committed 12288K, reserved 1060864K
  class space    used 1186K, capacity 1483K, committed 1536K, reserved 1048576K
}
Event: 2.166 GC heap before
{Heap before GC invocations=6 (full 0):
 def new generation   total 9792K, used 9791K [0x00000000e0c00000, 0x00000000e16a0000, 0x00000000eb2a0000)
  eden space 8704K, 100% used [0x00000000e0c00000, 0x00000000e1480000, 0x00000000e1480000)
  from space 1088K,  99% used [0x00000000e1480000, 0x00000000e158fff8, 0x00000000e1590000)
  to   space 1088K,   0% used [0x00000000e1590000, 0x00000000e1590000, 0x00000000e16a0000)
 tenured generation   total 21888K, used 3733K [0x00000000eb2a0000, 0x00000000ec800000, 0x0000000100000000)
   the space 21888K,  17% used [0x00000000eb2a0000, 0x00000000eb645788, 0x00000000eb645800, 0x00000000ec800000)
 Metaspace       used 11543K, capacity 13433K, committed 13696K, reserved 1060864K
  class space    used 1405K, capacity 1654K, committed 1664K, reserved 1048576K
}
Event: 2.174 GC heap after
{Heap after GC invocations=7 (full 0):
 def new generation   total 9792K, used 813K [0x00000000e0c00000, 0x00000000e16a0000, 0x00000000eb2a0000)
  eden space 8704K,   0% used [0x00000000e0c00000, 0x00000000e0c00000, 0x00000000e1480000)
  from space 1088K,  74% used [0x00000000e1590000, 0x00000000e165b788, 0x00000000e16a0000)
  to   space 1088K,   0% used [0x00000000e1480000, 0x00000000e1480000, 0x00000000e1590000)
 tenured generation   total 21888K, used 4810K [0x00000000eb2a0000, 0x00000000ec800000, 0x0000000100000000)
   the space 21888K,  21% used [0x00000000eb2a0000, 0x00000000eb752ad0, 0x00000000eb752c00, 0x00000000ec800000)
 Metaspace       used 11543K, capacity 13433K, committed 13696K, reserved 1060864K
  class space    used 1405K, capacity 1654K, committed 1664K, reserved 1048576K
}
Event: 2.561 GC heap before
{Heap before GC invocations=7 (full 0):
 def new generation   total 9792K, used 9517K [0x00000000e0c00000, 0x00000000e16a0000, 0x00000000eb2a0000)
  eden space 8704K, 100% used [0x00000000e0c00000, 0x00000000e1480000, 0x00000000e1480000)
  from space 1088K,  74% used [0x00000000e1590000, 0x00000000e165b788, 0x00000000e16a0000)
  to   space 1088K,   0% used [0x00000000e1480000, 0x00000000e1480000, 0x00000000e1590000)
 tenured generation   total 21888K, used 4810K [0x00000000eb2a0000, 0x00000000ec800000, 0x0000000100000000)
   the space 21888K,  21% used [0x00000000eb2a0000, 0x00000000eb752ad0, 0x00000000eb752c00, 0x00000000ec800000)
 Metaspace       used 12737K, capacity 14396K, committed 14848K, reserved 1062912K
  class space    used 1502K, capacity 1719K, committed 1792K, reserved 1048576K
}
Event: 2.570 GC heap after
{Heap after GC invocations=8 (full 0):
 def new generation   total 9792K, used 940K [0x00000000e0c00000, 0x00000000e16a0000, 0x00000000eb2a0000)
  eden space 8704K,   0% used [0x00000000e0c00000, 0x00000000e0c00000, 0x00000000e1480000)
  from space 1088K,  86% used [0x00000000e1480000, 0x00000000e156b358, 0x00000000e1590000)
  to   space 1088K,   0% used [0x00000000e1590000, 0x00000000e1590000, 0x00000000e16a0000)
 tenured generation   total 21888K, used 5599K [0x00000000eb2a0000, 0x00000000ec800000, 0x0000000100000000)
   the space 21888K,  25% used [0x00000000eb2a0000, 0x00000000eb817f88, 0x00000000eb818000, 0x00000000ec800000)
 Metaspace       used 12737K, capacity 14396K, committed 14848K, reserved 1062912K
  class space    used 1502K, capacity 1719K, committed 1792K, reserved 1048576K
}
Event: 2.798 GC heap before
{Heap before GC invocations=8 (full 0):
 def new generation   total 9792K, used 9644K [0x00000000e0c00000, 0x00000000e16a0000, 0x00000000eb2a0000)
  eden space 8704K, 100% used [0x00000000e0c00000, 0x00000000e1480000, 0x00000000e1480000)
  from space 1088K,  86% used [0x00000000e1480000, 0x00000000e156b358, 0x00000000e1590000)
  to   space 1088K,   0% used [0x00000000e1590000, 0x00000000e1590000, 0x00000000e16a0000)
 tenured generation   total 21888K, used 5599K [0x00000000eb2a0000, 0x00000000ec800000, 0x0000000100000000)
   the space 21888K,  25% used [0x00000000eb2a0000, 0x00000000eb817f88, 0x00000000eb818000, 0x00000000ec800000)
 Metaspace       used 13071K, capacity 14696K, committed 15104K, reserved 1062912K
  class space    used 1529K, capacity 1755K, committed 1792K, reserved 1048576K
}
Event: 2.810 GC heap after
{Heap after GC invocations=9 (full 0):
 def new generation   total 9792K, used 626K [0x00000000e0c00000, 0x00000000e16a0000, 0x00000000eb2a0000)
  eden space 8704K,   0% used [0x00000000e0c00000, 0x00000000e0c00000, 0x00000000e1480000)
  from space 1088K,  57% used [0x00000000e1590000, 0x00000000e162ca78, 0x00000000e16a0000)
  to   space 1088K,   0% used [0x00000000e1480000, 0x00000000e1480000, 0x00000000e1590000)
 tenured generation   total 21888K, used 6405K [0x00000000eb2a0000, 0x00000000ec800000, 0x0000000100000000)
   the space 21888K,  29% used [0x00000000eb2a0000, 0x00000000eb8e1580, 0x00000000eb8e1600, 0x00000000ec800000)
 Metaspace       used 13071K, capacity 14696K, committed 15104K, reserved 1062912K
  class space    used 1529K, capacity 1755K, committed 1792K, reserved 1048576K
}
Event: 3.112 GC heap before
{Heap before GC invocations=9 (full 0):
 def new generation   total 9792K, used 9330K [0x00000000e0c00000, 0x00000000e16a0000, 0x00000000eb2a0000)
  eden space 8704K, 100% used [0x00000000e0c00000, 0x00000000e1480000, 0x00000000e1480000)
  from space 1088K,  57% used [0x00000000e1590000, 0x00000000e162ca78, 0x00000000e16a0000)
  to   space 1088K,   0% used [0x00000000e1480000, 0x00000000e1480000, 0x00000000e1590000)
 tenured generation   total 21888K, used 6405K [0x00000000eb2a0000, 0x00000000ec800000, 0x0000000100000000)
   the space 21888K,  29% used [0x00000000eb2a0000, 0x00000000eb8e1580, 0x00000000eb8e1600, 0x00000000ec800000)
 Metaspace       used 13402K, capacity 14975K, committed 15360K, reserved 1062912K
  class space    used 1548K, capacity 1761K, committed 1792K, reserved 1048576K
}
Event: 3.115 GC heap after
{Heap after GC invocations=10 (full 0):
 def new generation   total 9792K, used 376K [0x00000000e0c00000, 0x00000000e16a0000, 0x00000000eb2a0000)
  eden space 8704K,   0% used [0x00000000e0c00000, 0x00000000e0c00000, 0x00000000e1480000)
  from space 1088K,  34% used [0x00000000e1480000, 0x00000000e14de198, 0x00000000e1590000)
  to   space 1088K,   0% used [0x00000000e1590000, 0x00000000e1590000, 0x00000000e16a0000)
 tenured generation   total 21888K, used 6994K [0x00000000eb2a0000, 0x00000000ec800000, 0x0000000100000000)
   the space 21888K,  31% used [0x00000000eb2a0000, 0x00000000eb974a18, 0x00000000eb974c00, 0x00000000ec800000)
 Metaspace       used 13402K, capacity 14975K, committed 15360K, reserved 1062912K
  class space    used 1548K, capacity 1761K, committed 1792K, reserved 1048576K
}
Event: 3.353 GC heap before
{Heap before GC invocations=10 (full 0):
 def new generation   total 9792K, used 9080K [0x00000000e0c00000, 0x00000000e16a0000, 0x00000000eb2a0000)
  eden space 8704K, 100% used [0x00000000e0c00000, 0x00000000e1480000, 0x00000000e1480000)
  from space 1088K,  34% used [0x00000000e1480000, 0x00000000e14de198, 0x00000000e1590000)
  to   space 1088K,   0% used [0x00000000e1590000, 0x00000000e1590000, 0x00000000e16a0000)
 tenured generation   total 21888K, used 6994K [0x00000000eb2a0000, 0x00000000ec800000, 0x0000000100000000)
   the space 21888K,  31% used [0x00000000eb2a0000, 0x00000000eb974a18, 0x00000000eb974c00, 0x00000000ec800000)
 Metaspace       used 13918K, capacity 15425K, committed 15744K, reserved 1062912K
  class space    used 1605K, capacity 1827K, committed 1920K, reserved 1048576K
}
Event: 3.357 GC heap after
{Heap after GC invocations=11 (full 0):
 def new generation   total 9792K, used 944K [0x00000000e0c00000, 0x00000000e16a0000, 0x00000000eb2a0000)
  eden space 8704K,   0% used [0x00000000e0c00000, 0x00000000e0c00000, 0x00000000e1480000)
  from space 1088K,  86% used [0x00000000e1590000, 0x00000000e167c0d8, 0x00000000e16a0000)
  to   space 1088K,   0% used [0x00000000e1480000, 0x00000000e1480000, 0x00000000e1590000)
 tenured generation   total 21888K, used 6994K [0x00000000eb2a0000, 0x00000000ec800000, 0x0000000100000000)
   the space 21888K,  31% used [0x00000000eb2a0000, 0x00000000eb974a18, 0x00000000eb974c00, 0x00000000ec800000)
 Metaspace       used 13918K, capacity 15425K, committed 15744K, reserved 1062912K
  class space    used 1605K, capacity 1827K, committed 1920K, reserved 1048576K
}
Event: 3.429 GC heap before
{Heap before GC invocations=11 (full 0):
 def new generation   total 9792K, used 9648K [0x00000000e0c00000, 0x00000000e16a0000, 0x00000000eb2a0000)
  eden space 8704K, 100% used [0x00000000e0c00000, 0x00000000e1480000, 0x00000000e1480000)
  from space 1088K,  86% used [0x00000000e1590000, 0x00000000e167c0d8, 0x00000000e16a0000)
  to   space 1088K,   0% used [0x00000000e1480000, 0x00000000e1480000, 0x00000000e1590000)
 tenured generation   total 21888K, used 6994K [0x00000000eb2a0000, 0x00000000ec800000, 0x0000000100000000)
   the space 21888K,  31% used [0x00000000eb2a0000, 0x00000000eb974a18, 0x00000000eb974c00, 0x00000000ec800000)
 Metaspace       used 13994K, capacity 15489K, committed 15744K, reserved 1062912K
  class space    used 1605K, capacity 1827K, committed 1920K, reserved 1048576K
}
Event: 3.434 GC heap after
{Heap after GC invocations=12 (full 0):
 def new generation   total 9792K, used 531K [0x00000000e0c00000, 0x00000000e16a0000, 0x00000000eb2a0000)
  eden space 8704K,   0% used [0x00000000e0c00000, 0x00000000e0c00000, 0x00000000e1480000)
  from space 1088K,  48% used [0x00000000e1480000, 0x00000000e1504dd0, 0x00000000e1590000)
  to   space 1088K,   0% used [0x00000000e1590000, 0x00000000e1590000, 0x00000000e16a0000)
 tenured generation   total 21888K, used 7833K [0x00000000eb2a0000, 0x00000000ec800000, 0x0000000100000000)
   the space 21888K,  35% used [0x00000000eb2a0000, 0x00000000eba46450, 0x00000000eba46600, 0x00000000ec800000)
 Metaspace       used 13994K, capacity 15489K, committed 15744K, reserved 1062912K
  class space    used 1605K, capacity 1827K, committed 1920K, reserved 1048576K
}
Event: 3.570 GC heap before
{Heap before GC invocations=12 (full 0):
 def new generation   total 9792K, used 9232K [0x00000000e0c00000, 0x00000000e16a0000, 0x00000000eb2a0000)
  eden space 8704K,  99% used [0x00000000e0c00000, 0x00000000e147f3f8, 0x00000000e1480000)
  from space 1088K,  48% used [0x00000000e1480000, 0x00000000e1504dd0, 0x00000000e1590000)
  to   space 1088K,   0% used [0x00000000e1590000, 0x00000000e1590000, 0x00000000e16a0000)
 tenured generation   total 21888K, used 7833K [0x00000000eb2a0000, 0x00000000ec800000, 0x0000000100000000)
   the space 21888K,  35% used [0x00000000eb2a0000, 0x00000000eba46450, 0x00000000eba46600, 0x00000000ec800000)
 Metaspace       used 14152K, capacity 15695K, committed 16000K, reserved 1062912K
  class space    used 1610K, capacity 1833K, committed 1920K, reserved 1048576K
}
Event: 3.573 GC heap after
{Heap after GC invocations=13 (full 0):
 def new generation   total 9792K, used 888K [0x00000000e0c00000, 0x00000000e16a0000, 0x00000000eb2a0000)
  eden space 8704K,   0% used [0x00000000e0c00000, 0x00000000e0c00000, 0x00000000e1480000)
  from space 1088K,  81% used [0x00000000e1590000, 0x00000000e166e340, 0x00000000e16a0000)
  to   space 1088K,   0% used [0x00000000e1480000, 0x00000000e1480000, 0x00000000e1590000)
 tenured generation   total 21888K, used 7833K [0x00000000eb2a0000, 0x00000000ec800000, 0x0000000100000000)
   the space 21888K,  35% used [0x00000000eb2a0000, 0x00000000eba46450, 0x00000000eba46600, 0x00000000ec800000)
 Metaspace       used 14152K, capacity 15695K, committed 16000K, reserved 1062912K
  class space    used 1610K, capacity 1833K, committed 1920K, reserved 1048576K
}
Event: 3.773 GC heap before
{Heap before GC invocations=13 (full 0):
 def new generation   total 9792K, used 9592K [0x00000000e0c00000, 0x00000000e16a0000, 0x00000000eb2a0000)
  eden space 8704K, 100% used [0x00000000e0c00000, 0x00000000e1480000, 0x00000000e1480000)
  from space 1088K,  81% used [0x00000000e1590000, 0x00000000e166e340, 0x00000000e16a0000)
  to   space 1088K,   0% used [0x00000000e1480000, 0x00000000e1480000, 0x00000000e1590000)
 tenured generation   total 21888K, used 7833K [0x00000000eb2a0000, 0x00000000ec800000, 0x0000000100000000)
   the space 21888K,  35% used [0x00000000eb2a0000, 0x00000000eba46450, 0x00000000eba46600, 0x00000000ec800000)
 Metaspace       used 14555K, capacity 16049K, committed 16256K, reserved 1062912K
  class space    used 1638K, capacity 1867K, committed 1920K, reserved 1048576K
}
Event: 3.778 GC heap after
{Heap after GC invocations=14 (full 0):
 def new generation   total 9792K, used 990K [0x00000000e0c00000, 0x00000000e16a0000, 0x00000000eb2a0000)
  eden space 8704K,   0% used [0x00000000e0c00000, 0x00000000e0c00000, 0x00000000e1480000)
  from space 1088K,  91% used [0x00000000e1480000, 0x00000000e1577ba0, 0x00000000e1590000)
  to   space 1088K,   0% used [0x00000000e1590000, 0x00000000e1590000, 0x00000000e16a0000)
 tenured generation   total 21888K, used 8237K [0x00000000eb2a0000, 0x00000000ec800000, 0x0000000100000000)
   the space 21888K,  37% used [0x00000000eb2a0000, 0x00000000ebaab4f0, 0x00000000ebaab600, 0x00000000ec800000)
 Metaspace       used 14555K, capacity 16049K, committed 16256K, reserved 1062912K
  class space    used 1638K, capacity 1867K, committed 1920K, reserved 1048576K
}

Deoptimization events (20 events):
Event: 3.483 Thread 0x00007f2fb4014000 DEOPT PACKING pc=0x00007f2f9d2d57b0 sp=0x00007f2fbe6de8b0
Event: 3.483 Thread 0x00007f2fb4014000 DEOPT UNPACKING pc=0x00007f2f9c9381ba sp=0x00007f2fbe6ddde8 mode 0
Event: 3.565 Thread 0x00007f2fb4014000 DEOPT PACKING pc=0x00007f2f9d21e230 sp=0x00007f2fbe6df890
Event: 3.565 Thread 0x00007f2fb4014000 DEOPT UNPACKING pc=0x00007f2f9c9381ba sp=0x00007f2fbe6dedc8 mode 0
Event: 3.578 Thread 0x00007f2fb4014000 DEOPT PACKING pc=0x00007f2f9d21e230 sp=0x00007f2fbe6df570
Event: 3.578 Thread 0x00007f2fb4014000 DEOPT UNPACKING pc=0x00007f2f9c9381ba sp=0x00007f2fbe6deaa8 mode 0
Event: 3.666 Thread 0x00007f2fb4014000 Uncommon trap: trap_request=0xffffffcc fr.pc=0x00007f2fa44f1670 relative=0x00000000000001b0
Event: 3.666 Thread 0x00007f2fb4014000 Uncommon trap: reason=intrinsic_or_type_checked_inlining action=make_not_entrant pc=0x00007f2fa44f1670 method=java.util.Arrays.copyOf([Ljava/lang/Object;ILjava/lang/Class;)[Ljava/lang/Object; @ 35 c2
Event: 3.666 Thread 0x00007f2fb4014000 DEOPT PACKING pc=0x00007f2fa44f1670 sp=0x00007f2fbe6e0700
Event: 3.666 Thread 0x00007f2fb4014000 DEOPT UNPACKING pc=0x00007f2f9c9383a5 sp=0x00007f2fbe6e0690 mode 2
Event: 3.704 Thread 0x00007f2fb4014000 DEOPT PACKING pc=0x00007f2f9d32c48e sp=0x00007f2fbe6dee20
Event: 3.704 Thread 0x00007f2fb4014000 DEOPT UNPACKING pc=0x00007f2f9c9381ba sp=0x00007f2fbe6de398 mode 0
Event: 3.718 Thread 0x00007f2fb4014000 DEOPT PACKING pc=0x00007f2f9d32c48e sp=0x00007f2fbe6df050
Event: 3.718 Thread 0x00007f2fb4014000 DEOPT UNPACKING pc=0x00007f2f9c9381ba sp=0x00007f2fbe6de5c0 mode 0
Event: 3.727 Thread 0x00007f2fb4014000 DEOPT PACKING pc=0x00007f2f9d32c48e sp=0x00007f2fbe6def00
Event: 3.727 Thread 0x00007f2fb4014000 DEOPT UNPACKING pc=0x00007f2f9c9381ba sp=0x00007f2fbe6de470 mode 0
Event: 3.738 Thread 0x00007f2fb4014000 DEOPT PACKING pc=0x00007f2f9d21e230 sp=0x00007f2fbe6e00d0
Event: 3.738 Thread 0x00007f2fb4014000 DEOPT UNPACKING pc=0x00007f2f9c9381ba sp=0x00007f2fbe6df608 mode 0
Event: 3.820 Thread 0x00007f2fb4014000 DEOPT PACKING pc=0x00007f2f9d21e230 sp=0x00007f2fbe6df570
Event: 3.820 Thread 0x00007f2fb4014000 DEOPT UNPACKING pc=0x00007f2f9c9381ba sp=0x00007f2fbe6deaa8 mode 0

Classes redefined (0 events):
No events

Internal exceptions (5 events):
Event: 0.168 Thread 0x00007f2fb4014000 Exception <a 'java/lang/NoSuchMethodError'{0x00000000e0ef2408}: 'int java.lang.invoke.DirectMethodHandle$Holder.invokeSpecialIFC(java.lang.Object, java.lang.Object, int)'> (0x00000000e0ef2408) thrown at [/build/openjdk-11-11.0.6+10/src/hotspot/share/inter
Event: 1.952 Thread 0x00007f2fb4014000 Exception <a 'java/lang/NoClassDefFoundError'{0x00000000e0f864e8}: com/google/inject/servlet/ServletModuleTargetVisitor> (0x00000000e0f864e8) thrown at [/build/openjdk-11-11.0.6+10/src/hotspot/share/classfile/systemDictionary.cpp, line 220]
Event: 1.953 Thread 0x00007f2fb4014000 Exception <a 'java/lang/NoClassDefFoundError'{0x00000000e0f864e8}> (0x00000000e0f864e8) thrown at [/build/openjdk-11-11.0.6+10/src/hotspot/share/prims/jvm.cpp, line 1301]
Event: 1.953 Thread 0x00007f2fb4014000 Exception <a 'java/lang/NoClassDefFoundError'{0x00000000e0f890f0}: javax/annotation/Priority> (0x00000000e0f890f0) thrown at [/build/openjdk-11-11.0.6+10/src/hotspot/share/classfile/systemDictionary.cpp, line 220]
Event: 2.645 Thread 0x00007f2fb4014000 Implicit null exception at 0x00007f2fa4445b05 to 0x00007f2fa4445ce2

Events (20 events):
Event: 3.884 loading class org/apache/maven/plugin/surefire/util/DirectoryScanner
Event: 3.884 loading class org/apache/maven/plugin/surefire/util/DirectoryScanner done
Event: 3.885 loading class org/apache/maven/plugin/surefire/util/SpecificFileFilter
Event: 3.885 loading class org/apache/maven/plugin/surefire/util/SpecificFileFilter done
Event: 3.885 loading class org/apache/maven/plugin/surefire/util/SpecificFileFilter
Event: 3.885 loading class org/apache/maven/plugin/surefire/util/SpecificFileFilter done
Event: 3.885 loading class org/apache/maven/plugin/surefire/util/SpecificFileFilter
Event: 3.885 loading class org/apache/maven/plugin/surefire/util/SpecificFileFilter done
Event: 3.886 loading class org/apache/maven/surefire/suite/RunResult
Event: 3.886 loading class org/apache/maven/surefire/suite/RunResult done
Event: 3.886 loading class org/apache/maven/surefire/suite/RunResult
Event: 3.886 loading class org/apache/maven/surefire/suite/RunResult done
Event: 3.886 loading class org/apache/maven/plugin/surefire/SurefireHelper
Event: 3.886 loading class org/apache/maven/plugin/surefire/SurefireHelper done
Event: 3.886 loading class org/apache/maven/plugin/surefire/SurefireHelper
Event: 3.886 loading class org/apache/maven/plugin/surefire/SurefireHelper done
Event: 3.886 loading class org/apache/maven/plugin/surefire/SurefireHelper
Event: 3.886 loading class org/apache/maven/plugin/surefire/SurefireHelper done
Event: 3.887 loading class java/lang/IllegalAccessError
Event: 3.887 loading class java/lang/IllegalAccessError done


Dynamic libraries:
e0c00000-e16a0000 rw-p 00000000 00:00 0 
e16a0000-eb2a0000 ---p 00000000 00:00 0 
eb2a0000-ec800000 rw-p 00000000 00:00 0 
ec800000-100000000 ---p 00000000 00:00 0 
800000000-800002000 rwxp 00001000 08:01 2118409                          /usr/lib/jvm/java-11-openjdk-amd64/lib/server/classes.jsa
800002000-8003b7000 rw-p 00003000 08:01 2118409                          /usr/lib/jvm/java-11-openjdk-amd64/lib/server/classes.jsa
8003b7000-800a8a000 r--p 003b8000 08:01 2118409                          /usr/lib/jvm/java-11-openjdk-amd64/lib/server/classes.jsa
800a8a000-800a8b000 rw-p 00a8b000 08:01 2118409                          /usr/lib/jvm/java-11-openjdk-amd64/lib/server/classes.jsa
800a8b000-801095000 r--p 00a8c000 08:01 2118409                          /usr/lib/jvm/java-11-openjdk-amd64/lib/server/classes.jsa
840000000-840200000 rw-p 00000000 00:00 0 
840200000-880000000 ---p 00000000 00:00 0 
563215774000-563215775000 r-xp 00000000 08:01 2118040                    /usr/lib/jvm/java-11-openjdk-amd64/bin/java
563215975000-563215976000 r--p 00001000 08:01 2118040                    /usr/lib/jvm/java-11-openjdk-amd64/bin/java
563215976000-563215977000 rw-p 00002000 08:01 2118040                    /usr/lib/jvm/java-11-openjdk-amd64/bin/java
563216883000-5632168c5000 rw-p 00000000 00:00 0                          [heap]
7f2f70000000-7f2f70021000 rw-p 00000000 00:00 0 
7f2f70021000-7f2f74000000 ---p 00000000 00:00 0 
7f2f78000000-7f2f78021000 rw-p 00000000 00:00 0 
7f2f78021000-7f2f7c000000 ---p 00000000 00:00 0 
7f2f7c000000-7f2f7c021000 rw-p 00000000 00:00 0 
7f2f7c021000-7f2f80000000 ---p 00000000 00:00 0 
7f2f80000000-7f2f80791000 rw-p 00000000 00:00 0 
7f2f80791000-7f2f84000000 ---p 00000000 00:00 0 
7f2f84000000-7f2f84021000 rw-p 00000000 00:00 0 
7f2f84021000-7f2f88000000 ---p 00000000 00:00 0 
7f2f88000000-7f2f88021000 rw-p 00000000 00:00 0 
7f2f88021000-7f2f8c000000 ---p 00000000 00:00 0 
7f2f8c000000-7f2f8c909000 rw-p 00000000 00:00 0 
7f2f8c909000-7f2f90000000 ---p 00000000 00:00 0 
7f2f90000000-7f2f90021000 rw-p 00000000 00:00 0 
7f2f90021000-7f2f94000000 ---p 00000000 00:00 0 
7f2f94000000-7f2f94021000 rw-p 00000000 00:00 0 
7f2f94021000-7f2f98000000 ---p 00000000 00:00 0 
7f2f98000000-7f2f98021000 rw-p 00000000 00:00 0 
7f2f98021000-7f2f9c000000 ---p 00000000 00:00 0 
7f2f9c910000-7f2f9cb80000 rwxp 00000000 00:00 0 
7f2f9cb80000-7f2f9ce9f000 ---p 00000000 00:00 0 
7f2f9ce9f000-7f2f9d48f000 rwxp 00000000 00:00 0 
7f2f9d48f000-7f2fa43d7000 ---p 00000000 00:00 0 
7f2fa43d7000-7f2fa4647000 rwxp 00000000 00:00 0 
7f2fa4647000-7f2fab910000 ---p 00000000 00:00 0 
7f2fab910000-7f2fb4000000 r--s 00000000 08:01 2118399                    /usr/lib/jvm/java-11-openjdk-amd64/lib/modules
7f2fb4000000-7f2fb4cba000 rw-p 00000000 00:00 0 
7f2fb4cba000-7f2fb8000000 ---p 00000000 00:00 0 
7f2fb815b000-7f2fb81db000 rw-p 00000000 00:00 0 
7f2fb81db000-7f2fb835b000 ---p 00000000 00:00 0 
7f2fb835b000-7f2fb855b000 rw-p 00000000 00:00 0 
7f2fb85ea000-7f2fb87ea000 rw-p 00000000 00:00 0 
7f2fb87ea000-7f2fb89ea000 rw-p 00000000 00:00 0 
7f2fb89ea000-7f2fb89ec000 r-xp 00000000 08:01 1843038                    /lib/x86_64-linux-gnu/libutil-2.24.so
7f2fb89ec000-7f2fb8beb000 ---p 00002000 08:01 1843038                    /lib/x86_64-linux-gnu/libutil-2.24.so
7f2fb8beb000-7f2fb8bec000 r--p 00001000 08:01 1843038                    /lib/x86_64-linux-gnu/libutil-2.24.so
7f2fb8bec000-7f2fb8bed000 rw-p 00002000 08:01 1843038                    /lib/x86_64-linux-gnu/libutil-2.24.so
7f2fb8bed000-7f2fb8bf0000 r-xp 00000000 08:01 1993728                    /opt/maven/lib/jansi-native/linux64/libjansi.so
7f2fb8bf0000-7f2fb8def000 ---p 00003000 08:01 1993728                    /opt/maven/lib/jansi-native/linux64/libjansi.so
7f2fb8def000-7f2fb8df0000 rw-p 00002000 08:01 1993728                    /opt/maven/lib/jansi-native/linux64/libjansi.so
7f2fb8df0000-7f2fb8e21000 rw-p 00000000 00:00 0 
7f2fb8e21000-7f2fb8e37000 r-xp 00000000 08:01 2118388                    /usr/lib/jvm/java-11-openjdk-amd64/lib/libnet.so
7f2fb8e37000-7f2fb9036000 ---p 00016000 08:01 2118388                    /usr/lib/jvm/java-11-openjdk-amd64/lib/libnet.so
7f2fb9036000-7f2fb9037000 r--p 00015000 08:01 2118388                    /usr/lib/jvm/java-11-openjdk-amd64/lib/libnet.so
7f2fb9037000-7f2fb9038000 rw-p 00016000 08:01 2118388                    /usr/lib/jvm/java-11-openjdk-amd64/lib/libnet.so
7f2fb9038000-7f2fb9048000 r-xp 00000000 08:01 2118389                    /usr/lib/jvm/java-11-openjdk-amd64/lib/libnio.so
7f2fb9048000-7f2fb9247000 ---p 00010000 08:01 2118389                    /usr/lib/jvm/java-11-openjdk-amd64/lib/libnio.so
7f2fb9247000-7f2fb9248000 r--p 0000f000 08:01 2118389                    /usr/lib/jvm/java-11-openjdk-amd64/lib/libnio.so
7f2fb9248000-7f2fb9249000 rw-p 00010000 08:01 2118389                    /usr/lib/jvm/java-11-openjdk-amd64/lib/libnio.so
7f2fb9249000-7f2fb924d000 ---p 00000000 00:00 0 
7f2fb924d000-7f2fb934a000 rw-p 00000000 00:00 0 
7f2fb934a000-7f2fb934b000 ---p 00000000 00:00 0 
7f2fb934b000-7f2fb944c000 rw-p 00000000 00:00 0 
7f2fb944c000-7f2fb9450000 ---p 00000000 00:00 0 
7f2fb9450000-7f2fb954d000 rw-p 00000000 00:00 0 
7f2fb954d000-7f2fb9551000 ---p 00000000 00:00 0 
7f2fb9551000-7f2fb964e000 rw-p 00000000 00:00 0 
7f2fb964e000-7f2fb9652000 ---p 00000000 00:00 0 
7f2fb9652000-7f2fb974f000 rw-p 00000000 00:00 0 
7f2fb974f000-7f2fb9753000 ---p 00000000 00:00 0 
7f2fb9753000-7f2fb9850000 rw-p 00000000 00:00 0 
7f2fb9850000-7f2fb9854000 ---p 00000000 00:00 0 
7f2fb9854000-7f2fb9951000 rw-p 00000000 00:00 0 
7f2fb9951000-7f2fb9aec000 r--p 00000000 08:01 1850658                    /usr/lib/locale/locale-archive
7f2fb9aec000-7f2fb9af0000 ---p 00000000 00:00 0 
7f2fb9af0000-7f2fb9bed000 rw-p 00000000 00:00 0 
7f2fb9bed000-7f2fb9bf1000 ---p 00000000 00:00 0 
7f2fb9bf1000-7f2fb9cee000 rw-p 00000000 00:00 0 
7f2fb9cee000-7f2fb9cef000 ---p 00000000 00:00 0 
7f2fb9cef000-7f2fba6f4000 rw-p 00000000 00:00 0 
7f2fba6f4000-7f2fba71b000 rw-p 00000000 00:00 0 
7f2fba71b000-7f2fba768000 ---p 00000000 00:00 0 
7f2fba768000-7f2fba773000 rw-p 00000000 00:00 0 
7f2fba773000-7f2fba80f000 ---p 00000000 00:00 0 
7f2fba80f000-7f2fba815000 rw-p 00000000 00:00 0 
7f2fba815000-7f2fba8fb000 ---p 00000000 00:00 0 
7f2fba8fb000-7f2fba907000 rw-p 00000000 00:00 0 
7f2fba907000-7f2fba9e6000 ---p 00000000 00:00 0 
7f2fba9e6000-7f2fba9eb000 r-xp 00000000 08:01 2118380                    /usr/lib/jvm/java-11-openjdk-amd64/lib/libjimage.so
7f2fba9eb000-7f2fbabea000 ---p 00005000 08:01 2118380                    /usr/lib/jvm/java-11-openjdk-amd64/lib/libjimage.so
7f2fbabea000-7f2fbabeb000 r--p 00004000 08:01 2118380                    /usr/lib/jvm/java-11-openjdk-amd64/lib/libjimage.so
7f2fbabeb000-7f2fbabec000 rw-p 00005000 08:01 2118380                    /usr/lib/jvm/java-11-openjdk-amd64/lib/libjimage.so
7f2fbabec000-7f2fbabf3000 r-xp 00000000 08:01 2118398                    /usr/lib/jvm/java-11-openjdk-amd64/lib/libzip.so
7f2fbabf3000-7f2fbadf2000 ---p 00007000 08:01 2118398                    /usr/lib/jvm/java-11-openjdk-amd64/lib/libzip.so
7f2fbadf2000-7f2fbadf3000 r--p 00006000 08:01 2118398                    /usr/lib/jvm/java-11-openjdk-amd64/lib/libzip.so
7f2fbadf3000-7f2fbadf4000 rw-p 00007000 08:01 2118398                    /usr/lib/jvm/java-11-openjdk-amd64/lib/libzip.so
7f2fbadf4000-7f2fbadfe000 r-xp 00000000 08:01 1843001                    /lib/x86_64-linux-gnu/libnss_files-2.24.so
7f2fbadfe000-7f2fbaffe000 ---p 0000a000 08:01 1843001                    /lib/x86_64-linux-gnu/libnss_files-2.24.so
7f2fbaffe000-7f2fbafff000 r--p 0000a000 08:01 1843001                    /lib/x86_64-linux-gnu/libnss_files-2.24.so
7f2fbafff000-7f2fbb000000 rw-p 0000b000 08:01 1843001                    /lib/x86_64-linux-gnu/libnss_files-2.24.so
7f2fbb000000-7f2fbb006000 rw-p 00000000 00:00 0 
7f2fbb006000-7f2fbb011000 r-xp 00000000 08:01 1843005                    /lib/x86_64-linux-gnu/libnss_nis-2.24.so
7f2fbb011000-7f2fbb210000 ---p 0000b000 08:01 1843005                    /lib/x86_64-linux-gnu/libnss_nis-2.24.so
7f2fbb210000-7f2fbb211000 r--p 0000a000 08:01 1843005                    /lib/x86_64-linux-gnu/libnss_nis-2.24.so
7f2fbb211000-7f2fbb212000 rw-p 0000b000 08:01 1843005                    /lib/x86_64-linux-gnu/libnss_nis-2.24.so
7f2fbb212000-7f2fbb226000 r-xp 00000000 08:01 1842995                    /lib/x86_64-linux-gnu/libnsl-2.24.so
7f2fbb226000-7f2fbb426000 ---p 00014000 08:01 1842995                    /lib/x86_64-linux-gnu/libnsl-2.24.so
7f2fbb426000-7f2fbb427000 r--p 00014000 08:01 1842995                    /lib/x86_64-linux-gnu/libnsl-2.24.so
7f2fbb427000-7f2fbb428000 rw-p 00015000 08:01 1842995                    /lib/x86_64-linux-gnu/libnsl-2.24.so
7f2fbb428000-7f2fbb42a000 rw-p 00000000 00:00 0 
7f2fbb42a000-7f2fbb431000 r-xp 00000000 08:01 1842997                    /lib/x86_64-linux-gnu/libnss_compat-2.24.so
7f2fbb431000-7f2fbb630000 ---p 00007000 08:01 1842997                    /lib/x86_64-linux-gnu/libnss_compat-2.24.so
7f2fbb630000-7f2fbb631000 r--p 00006000 08:01 1842997                    /lib/x86_64-linux-gnu/libnss_compat-2.24.so
7f2fbb631000-7f2fbb632000 rw-p 00007000 08:01 1842997                    /lib/x86_64-linux-gnu/libnss_compat-2.24.so
7f2fbb632000-7f2fbb65b000 r-xp 00000000 08:01 2118376                    /usr/lib/jvm/java-11-openjdk-amd64/lib/libjava.so
7f2fbb65b000-7f2fbb85a000 ---p 00029000 08:01 2118376                    /usr/lib/jvm/java-11-openjdk-amd64/lib/libjava.so
7f2fbb85a000-7f2fbb85b000 r--p 00028000 08:01 2118376                    /usr/lib/jvm/java-11-openjdk-amd64/lib/libjava.so
7f2fbb85b000-7f2fbb85d000 rw-p 00029000 08:01 2118376                    /usr/lib/jvm/java-11-openjdk-amd64/lib/libjava.so
7f2fbb85d000-7f2fbb86a000 r-xp 00000000 08:01 2118397                    /usr/lib/jvm/java-11-openjdk-amd64/lib/libverify.so
7f2fbb86a000-7f2fbba69000 ---p 0000d000 08:01 2118397                    /usr/lib/jvm/java-11-openjdk-amd64/lib/libverify.so
7f2fbba69000-7f2fbba6b000 r--p 0000c000 08:01 2118397                    /usr/lib/jvm/java-11-openjdk-amd64/lib/libverify.so
7f2fbba6b000-7f2fbba6c000 rw-p 0000e000 08:01 2118397                    /usr/lib/jvm/java-11-openjdk-amd64/lib/libverify.so
7f2fbba6c000-7f2fbba73000 r-xp 00000000 08:01 1843022                    /lib/x86_64-linux-gnu/librt-2.24.so
7f2fbba73000-7f2fbbc72000 ---p 00007000 08:01 1843022                    /lib/x86_64-linux-gnu/librt-2.24.so
7f2fbbc72000-7f2fbbc73000 r--p 00006000 08:01 1843022                    /lib/x86_64-linux-gnu/librt-2.24.so
7f2fbbc73000-7f2fbbc74000 rw-p 00007000 08:01 1843022                    /lib/x86_64-linux-gnu/librt-2.24.so
7f2fbbc74000-7f2fbbc8a000 r-xp 00000000 08:01 1842975                    /lib/x86_64-linux-gnu/libgcc_s.so.1
7f2fbbc8a000-7f2fbbe89000 ---p 00016000 08:01 1842975                    /lib/x86_64-linux-gnu/libgcc_s.so.1
7f2fbbe89000-7f2fbbe8a000 r--p 00015000 08:01 1842975                    /lib/x86_64-linux-gnu/libgcc_s.so.1
7f2fbbe8a000-7f2fbbe8b000 rw-p 00016000 08:01 1842975                    /lib/x86_64-linux-gnu/libgcc_s.so.1
7f2fbbe8b000-7f2fbbf8e000 r-xp 00000000 08:01 1842984                    /lib/x86_64-linux-gnu/libm-2.24.so
7f2fbbf8e000-7f2fbc18d000 ---p 00103000 08:01 1842984                    /lib/x86_64-linux-gnu/libm-2.24.so
7f2fbc18d000-7f2fbc18e000 r--p 00102000 08:01 1842984                    /lib/x86_64-linux-gnu/libm-2.24.so
7f2fbc18e000-7f2fbc18f000 rw-p 00103000 08:01 1842984                    /lib/x86_64-linux-gnu/libm-2.24.so
7f2fbc18f000-7f2fbc301000 r-xp 00000000 08:01 1843740                    /usr/lib/x86_64-linux-gnu/libstdc++.so.6.0.22
7f2fbc301000-7f2fbc501000 ---p 00172000 08:01 1843740                    /usr/lib/x86_64-linux-gnu/libstdc++.so.6.0.22
7f2fbc501000-7f2fbc50b000 r--p 00172000 08:01 1843740                    /usr/lib/x86_64-linux-gnu/libstdc++.so.6.0.22
7f2fbc50b000-7f2fbc50d000 rw-p 0017c000 08:01 1843740                    /usr/lib/x86_64-linux-gnu/libstdc++.so.6.0.22
7f2fbc50d000-7f2fbc511000 rw-p 00000000 00:00 0 
7f2fbc511000-7f2fbd599000 r-xp 00000000 08:01 2118411                    /usr/lib/jvm/java-11-openjdk-amd64/lib/server/libjvm.so
7f2fbd599000-7f2fbd798000 ---p 01088000 08:01 2118411                    /usr/lib/jvm/java-11-openjdk-amd64/lib/server/libjvm.so
7f2fbd798000-7f2fbd855000 r--p 01087000 08:01 2118411                    /usr/lib/jvm/java-11-openjdk-amd64/lib/server/libjvm.so
7f2fbd855000-7f2fbd88f000 rw-p 01144000 08:01 2118411                    /usr/lib/jvm/java-11-openjdk-amd64/lib/server/libjvm.so
7f2fbd88f000-7f2fbd8e5000 rw-p 00000000 00:00 0 
7f2fbd8e5000-7f2fbda7a000 r-xp 00000000 08:01 1842955                    /lib/x86_64-linux-gnu/libc-2.24.so
7f2fbda7a000-7f2fbdc7a000 ---p 00195000 08:01 1842955                    /lib/x86_64-linux-gnu/libc-2.24.so
7f2fbdc7a000-7f2fbdc7e000 r--p 00195000 08:01 1842955                    /lib/x86_64-linux-gnu/libc-2.24.so
7f2fbdc7e000-7f2fbdc80000 rw-p 00199000 08:01 1842955                    /lib/x86_64-linux-gnu/libc-2.24.so
7f2fbdc80000-7f2fbdc84000 rw-p 00000000 00:00 0 
7f2fbdc84000-7f2fbdc87000 r-xp 00000000 08:01 1842967                    /lib/x86_64-linux-gnu/libdl-2.24.so
7f2fbdc87000-7f2fbde86000 ---p 00003000 08:01 1842967                    /lib/x86_64-linux-gnu/libdl-2.24.so
7f2fbde86000-7f2fbde87000 r--p 00002000 08:01 1842967                    /lib/x86_64-linux-gnu/libdl-2.24.so
7f2fbde87000-7f2fbde88000 rw-p 00003000 08:01 1842967                    /lib/x86_64-linux-gnu/libdl-2.24.so
7f2fbde88000-7f2fbde97000 r-xp 00000000 08:01 2118358                    /usr/lib/jvm/java-11-openjdk-amd64/lib/jli/libjli.so
7f2fbde97000-7f2fbe096000 ---p 0000f000 08:01 2118358                    /usr/lib/jvm/java-11-openjdk-amd64/lib/jli/libjli.so
7f2fbe096000-7f2fbe097000 r--p 0000e000 08:01 2118358                    /usr/lib/jvm/java-11-openjdk-amd64/lib/jli/libjli.so
7f2fbe097000-7f2fbe098000 rw-p 0000f000 08:01 2118358                    /usr/lib/jvm/java-11-openjdk-amd64/lib/jli/libjli.so
7f2fbe098000-7f2fbe0b0000 r-xp 00000000 08:01 1843018                    /lib/x86_64-linux-gnu/libpthread-2.24.so
7f2fbe0b0000-7f2fbe2af000 ---p 00018000 08:01 1843018                    /lib/x86_64-linux-gnu/libpthread-2.24.so
7f2fbe2af000-7f2fbe2b0000 r--p 00017000 08:01 1843018                    /lib/x86_64-linux-gnu/libpthread-2.24.so
7f2fbe2b0000-7f2fbe2b1000 rw-p 00018000 08:01 1843018                    /lib/x86_64-linux-gnu/libpthread-2.24.so
7f2fbe2b1000-7f2fbe2b5000 rw-p 00000000 00:00 0 
7f2fbe2b5000-7f2fbe2ce000 r-xp 00000000 08:01 1843043                    /lib/x86_64-linux-gnu/libz.so.1.2.8
7f2fbe2ce000-7f2fbe4cd000 ---p 00019000 08:01 1843043                    /lib/x86_64-linux-gnu/libz.so.1.2.8
7f2fbe4cd000-7f2fbe4ce000 r--p 00018000 08:01 1843043                    /lib/x86_64-linux-gnu/libz.so.1.2.8
7f2fbe4ce000-7f2fbe4cf000 rw-p 00019000 08:01 1843043                    /lib/x86_64-linux-gnu/libz.so.1.2.8
7f2fbe4cf000-7f2fbe4f2000 r-xp 00000000 08:01 1842937                    /lib/x86_64-linux-gnu/ld-2.24.so
7f2fbe50c000-7f2fbe538000 rw-p 00000000 00:00 0 
7f2fbe538000-7f2fbe5d4000 ---p 00000000 00:00 0 
7f2fbe5d4000-7f2fbe5d9000 rw-p 00000000 00:00 0 
7f2fbe5d9000-7f2fbe5e0000 ---p 00000000 00:00 0 
7f2fbe5e0000-7f2fbe5e2000 r--s 00007000 08:01 2379129                    /usr/share/java/java-atk-wrapper.jar
7f2fbe5e2000-7f2fbe5e6000 ---p 00000000 00:00 0 
7f2fbe5e6000-7f2fbe6e7000 rw-p 00000000 00:00 0 
7f2fbe6e8000-7f2fbe6f0000 rw-s 00000000 08:01 411604                     /tmp/hsperfdata_tanzachary/4523
7f2fbe6f0000-7f2fbe6f1000 ---p 00000000 00:00 0 
7f2fbe6f1000-7f2fbe6f2000 r--p 00000000 00:00 0 
7f2fbe6f2000-7f2fbe6f3000 r--p 00023000 08:01 1842937                    /lib/x86_64-linux-gnu/ld-2.24.so
7f2fbe6f3000-7f2fbe6f4000 rw-p 00024000 08:01 1842937                    /lib/x86_64-linux-gnu/ld-2.24.so
7f2fbe6f4000-7f2fbe6f5000 rw-p 00000000 00:00 0 
7ffdf6f14000-7ffdf6f35000 rw-p 00000000 00:00 0                          [stack]
7ffdf6ffb000-7ffdf6ffe000 r--p 00000000 00:00 0                          [vvar]
7ffdf6ffe000-7ffdf7000000 r-xp 00000000 00:00 0                          [vdso]
ffffffffff600000-ffffffffff601000 r-xp 00000000 00:00 0                  [vsyscall]


VM Arguments:
jvm_args: -Dclassworlds.conf=/opt/maven/bin/m2.conf -Dmaven.home=/opt/maven -Dlibrary.jansi.path=/opt/maven/lib/jansi-native -Dmaven.multiModuleProjectDirectory=/home/tanzachary/step/portfolio 
java_command: org.codehaus.plexus.classworlds.launcher.Launcher package appengine:run
java_class_path (initial): /opt/maven/boot/plexus-classworlds-2.6.0.jar
Launcher Type: SUN_STANDARD

[Global flags]
     intx CICompilerCount                          = 2                                         {product} {ergonomic}
   size_t InitialHeapSize                          = 33554432                                  {product} {ergonomic}
   size_t MaxHeapSize                              = 524288000                                 {product} {ergonomic}
   size_t MaxNewSize                               = 174718976                                 {product} {ergonomic}
   size_t MinHeapDeltaBytes                        = 196608                                    {product} {ergonomic}
   size_t NewSize                                  = 11141120                                  {product} {ergonomic}
    uintx NonNMethodCodeHeapSize                   = 5825164                                {pd product} {ergonomic}
    uintx NonProfiledCodeHeapSize                  = 122916538                              {pd product} {ergonomic}
   size_t OldSize                                  = 22413312                                  {product} {ergonomic}
    uintx ProfiledCodeHeapSize                     = 122916538                              {pd product} {ergonomic}
    uintx ReservedCodeCacheSize                    = 251658240                              {pd product} {ergonomic}
     bool SegmentedCodeCache                       = true                                      {product} {ergonomic}
     bool UseCompressedClassPointers               = true                                 {lp64_product} {ergonomic}
     bool UseCompressedOops                        = true                                 {lp64_product} {ergonomic}
     bool UseSerialGC                              = true                                      {product} {ergonomic}

Logging:
Log output configuration:
 #0: stdout all=warning uptime,level,tags
 #1: stderr all=off uptime,level,tags

Environment Variables:
JAVA_HOME=/usr/lib/jvm/java-11-openjdk-amd64
PATH=/home/tanzachary/step/portfolio/node_modules/.bin:/home/tanzachary/gopath/bin:/google/gopath/bin:/home/tanzachary/.gems/bin:/usr/local/go/bin:/opt/gradle/bin:/opt/maven/bin:/usr/local/sbin:/usr/local/bin:/usr/sbin:/usr/bin:/sbin:/bin:/usr/local/nvm/versions/node/v10.14.2/bin:/google/go_appengine:/google/google_appengine:/google/migrate/anthos/
SHELL=/bin/bash

Signal Handlers:
SIGSEGV: [libjvm.so+0xd9bff0], sa_mask[0]=11111111011111111101111111111110, sa_flags=SA_RESTART|SA_SIGINFO
SIGBUS: [libjvm.so+0xd9bff0], sa_mask[0]=11111111011111111101111111111110, sa_flags=SA_RESTART|SA_SIGINFO
SIGFPE: [libjvm.so+0xd9bff0], sa_mask[0]=11111111011111111101111111111110, sa_flags=SA_RESTART|SA_SIGINFO
SIGPIPE: [libjvm.so+0xb8fcf0], sa_mask[0]=11111111011111111101111111111110, sa_flags=SA_RESTART|SA_SIGINFO
SIGXFSZ: [libjvm.so+0xb8fcf0], sa_mask[0]=11111111011111111101111111111110, sa_flags=SA_RESTART|SA_SIGINFO
SIGILL: [libjvm.so+0xd9bff0], sa_mask[0]=11111111011111111101111111111110, sa_flags=SA_RESTART|SA_SIGINFO
SIGUSR2: [libjvm.so+0xb8fb90], sa_mask[0]=00000000000000000000000000000000, sa_flags=SA_RESTART|SA_SIGINFO
SIGHUP: [libjvm.so+0xb8fef0], sa_mask[0]=11111111011111111101111111111110, sa_flags=SA_RESTART|SA_SIGINFO
SIGINT: [libjvm.so+0xb8fef0], sa_mask[0]=11111111011111111101111111111110, sa_flags=SA_RESTART|SA_SIGINFO
SIGTERM: [libjvm.so+0xb8fef0], sa_mask[0]=11111111011111111101111111111110, sa_flags=SA_RESTART|SA_SIGINFO
SIGQUIT: [libjvm.so+0xb8fef0], sa_mask[0]=11111111011111111101111111111110, sa_flags=SA_RESTART|SA_SIGINFO


---------------  S Y S T E M  ---------------

OS:PRETTY_NAME="Debian GNU/Linux 9 (stretch)"
NAME="Debian GNU/Linux"
VERSION_ID="9"
VERSION="9 (stretch)"
VERSION_CODENAME=stretch
ID=debian
HOME_URL="https://www.debian.org/"
SUPPORT_URL="https://www.debian.org/support"
BUG_REPORT_URL="https://bugs.debian.org/"
uname:Linux 4.19.112+ #1 SMP Wed May 6 00:27:44 PDT 2020 x86_64
libc:glibc 2.24 NPTL 2.24 
rlimit: STACK 8192k, CORE infinity, NPROC infinity, NOFILE 1048576, AS infinity, DATA infinity, FSIZE infinity
load average:0.54 1.09 0.82

/proc/meminfo:
MemTotal:        2043884 kB
MemFree:          178756 kB
MemAvailable:     884876 kB
Buffers:           73128 kB
Cached:           652280 kB
SwapCached:          740 kB
Active:           821236 kB
Inactive:         730288 kB
Active(anon):     394520 kB
Inactive(anon):   409216 kB
Active(file):     426716 kB
Inactive(file):   321072 kB
Unevictable:           0 kB
Mlocked:               0 kB
SwapTotal:        786428 kB
SwapFree:         700668 kB
Dirty:              2912 kB
Writeback:             0 kB
AnonPages:        825416 kB
Mapped:           389524 kB
Shmem:               820 kB
Slab:             197220 kB
SReclaimable:     145980 kB
SUnreclaim:        51240 kB
KernelStack:        7952 kB
PageTables:        13204 kB
NFS_Unstable:          0 kB
Bounce:                0 kB
WritebackTmp:          0 kB
CommitLimit:     1808368 kB
Committed_AS:    5042596 kB
VmallocTotal:   34359738367 kB
VmallocUsed:           0 kB
VmallocChunk:          0 kB
Percpu:              968 kB
AnonHugePages:      2048 kB
ShmemHugePages:        0 kB
ShmemPmdMapped:        0 kB
HugePages_Total:       0
HugePages_Free:        0
HugePages_Rsvd:        0
HugePages_Surp:        0
Hugepagesize:       2048 kB
Hugetlb:               0 kB
DirectMap4k:       85180 kB
DirectMap2M:     2011136 kB
DirectMap1G:           0 kB


/proc/sys/kernel/threads-max (system-wide limit on the number of threads):
15631


/proc/sys/vm/max_map_count (maximum number of memory map areas a process may have):
65530


/proc/sys/kernel/pid_max (system-wide limit on number of process identifiers):
4194304



container (cgroup) information:
container_type: cgroupv1
cpu_cpuset_cpus: 0-1
cpu_memory_nodes: 0
active_processor_count: 1
cpu_quota: -1
cpu_period: 100000
cpu_shares: 2
memory_limit_in_bytes: -1
memory_and_swap_limit_in_bytes: -1
memory_soft_limit_in_bytes: -1
memory_usage_in_bytes: 551055360
memory_max_usage_in_bytes: 684109824

KVM virtualization detected
Steal ticks since vm start: 0
Steal ticks percentage since vm start:  0.000

CPU:total 2 (initial active 1) (1 cores per cpu, 2 threads per core) family 6 model 63 stepping 0, cmov, cx8, fxsr, mmx, sse, sse2, sse3, ssse3, sse4.1, sse4.2, popcnt, avx, avx2, aes, clmul, erms, lzcnt, ht, tsc, tscinvbit, bmi1, bmi2, fma
CPU Model and flags from /proc/cpuinfo:
model name	: Intel(R) Xeon(R) CPU @ 2.30GHz
flags		: fpu vme de pse tsc msr pae mce cx8 apic sep mtrr pge mca cmov pat pse36 clflush mmx fxsr sse sse2 ss ht syscall nx pdpe1gb rdtscp lm constant_tsc rep_good nopl xtopology nonstop_tsc cpuid tsc_known_freq pni pclmulqdq ssse3 fma cx16 pcid sse4_1 sse4_2 x2apic movbe popcnt aes xsave avx f16c rdrand hypervisor lahf_lm abm invpcid_single pti ssbd ibrs ibpb stibp fsgsbase tsc_adjust bmi1 avx2 smep bmi2 erms invpcid xsaveopt arat md_clear arch_capabilities

Memory: 4k page, physical 2043884k(178756k free), swap 786428k(700668k free)

vm_info: OpenJDK 64-Bit Server VM (11.0.6+10-post-Debian-1bpo91) for linux-amd64 JRE (11.0.6+10-post-Debian-1bpo91), built on Feb  1 2020 09:07:43 by "unknown" with gcc 6.3.0 20170516

END.
