#
# A fatal error has been detected by the Java Runtime Environment:
#
#  SIGSEGV (0xb) at pc=0x00007fe208b4bbc0, pid=5996, tid=5996
#
# JRE version: OpenJDK Runtime Environment (11.0.6+10) (build 11.0.6+10-post-Debian-1bpo91)
# Java VM: OpenJDK 64-Bit Server VM (11.0.6+10-post-Debian-1bpo91, mixed mode, sharing, tiered, compressed oops, serial gc, linux-amd64)
# Problematic frame:
# V  [libjvm.so+0xb8fbc0]
#
# Core dump will be written. Default location: Core dumps may be processed with "/sbin/crash_reporter --user=%P:%s:%u:%g:%e" (or dumping to /home/tanzachary/step/portfolio/core.5996)
#
# If you would like to submit a bug report, please visit:
#   https://bugs.debian.org/openjdk-11
#

---------------  S U M M A R Y ------------

Command Line: -Dclassworlds.conf=/opt/maven/bin/m2.conf -Dmaven.home=/opt/maven -Dlibrary.jansi.path=/opt/maven/lib/jansi-native -Dmaven.multiModuleProjectDirectory=/home/tanzachary/step/portfolio org.codehaus.plexus.classworlds.launcher.Launcher package appengine:run

Host: Intel(R) Xeon(R) CPU @ 2.30GHz, 2 cores, 1G, Debian GNU/Linux 9 (stretch)
Time: Thu May 28 17:59:35 2020 EDT elapsed time: 53 seconds (0d 0h 0m 53s)

---------------  T H R E A D  ---------------

Current thread is native thread

Stack: [0x00007ffc8e002000,0x00007ffc8e801000],  sp=0x00007ffc8e7fc340,  free space=8168k
Native frames: (J=compiled Java code, A=aot compiled Java code, j=interpreted, Vv=VM code, C=native code)
V  [libjvm.so+0xb8fbc0]
C  [libpthread.so.0+0x110e0]


siginfo: si_signo: 11 (SIGSEGV), si_code: 1 (SEGV_MAPERR), si_addr: 0x00000000000000d0

Register to memory mapping:

RAX=0x0 is NULL
RBX=
[error occurred during error reporting (printing register info), id 0xb, SIGSEGV (0xb) at pc=0x00007fe208cf29e7]

Registers:
RAX=0x0000000000000000, RBX=0x00007fe20a18ee18, RCX=0x00007fe209b4b6dd, RDX=0x0000000000000000
RSP=0x00007ffc8e7fc340, RBP=0x00007ffc8e7fc3f0, RSI=0x00007ffc8e7fc530, RDI=0x0000000000000001
R8 =0x00000000000000ca, R9 =0x00007fe20a18d9d0, R10=0x0000000000000000, R11=0x0000000000000246
R12=0x0000000000000000, R13=0x00007ffc8e7fc530, R14=0x00007ffc8e7fc400, R15=0x00007fe20a18dd28
RIP=0x00007fe208b4bbc0, EFLAGS=0x0000000000010246, CSGSFS=0x002b000000000033, ERR=0x0000000000000004
  TRAPNO=0x000000000000000e

Top of Stack: (sp=0x00007ffc8e7fc340)
0x00007ffc8e7fc340:   0000000001e5cb59 00007fe2093a1038
0x00007ffc8e7fc350:   00007ffc8e7fc470 00007fe209393d90
0x00007ffc8e7fc360:   00007ffc8e7fc394 00007ffc8e7fc460
0x00007ffc8e7fc370:   0000556442b64c70 000000000000000b 

Instructions: (pc=0x00007fe208b4bbc0)
0x00007fe208b4bac0:   c0 74 03 c6 00 00 4c 89 f7 4c 89 fa 48 89 de e8
0x00007fe208b4bad0:   dc db 6d ff 4c 89 e7 e8 24 df 6d ff 48 81 c4 08
0x00007fe208b4bae0:   01 00 00 5b 41 5c 41 5d 41 5e 41 5f 5d c3 4c 89
0x00007fe208b4baf0:   e2 be 00 01 00 00 48 89 df e8 92 e1 6d ff 48 85
0x00007fe208b4bb00:   c0 74 ae 48 8d 35 b1 46 2f 00 48 89 df e8 5e df
0x00007fe208b4bb10:   6d ff 48 85 c0 74 41 66 0f 1f 84 00 00 00 00 00
0x00007fe208b4bb20:   be 22 00 00 00 48 89 df e8 d3 df 6d ff 48 85 c0
0x00007fe208b4bb30:   74 46 48 8d 58 01 be 22 00 00 00 48 89 df e8 bd
0x00007fe208b4bb40:   df 6d ff 48 85 c0 0f 85 77 ff ff ff e9 75 ff ff
0x00007fe208b4bb50:   ff 0f 1f 80 00 00 00 00 48 8d 35 71 46 2f 00 48
0x00007fe208b4bb60:   89 df e8 09 df 6d ff 48 85 c0 0f 84 41 ff ff ff
0x00007fe208b4bb70:   eb ae 66 0f 1f 44 00 00 48 89 df be 3d 00 00 00
0x00007fe208b4bb80:   e8 7b df 6d ff 48 8d 58 01 e9 23 ff ff ff 66 90
0x00007fe208b4bb90:   55 48 89 e5 41 57 41 56 41 55 41 54 49 89 d6 53
0x00007fe208b4bba0:   49 89 f5 48 81 ec 88 00 00 00 e8 81 e6 6d ff 48
0x00007fe208b4bbb0:   89 c3 44 8b 20 e8 26 58 1a 00 31 d2 84 c0 75 38
0x00007fe208b4bbc0:   48 83 ba d0 00 00 00 00 74 16 4c 8b ba 68 02 00
0x00007fe208b4bbd0:   00 41 8b 87 a8 00 00 00 83 f8 01 74 2b 44 89 23
0x00007fe208b4bbe0:   48 81 c4 88 00 00 00 5b 41 5c 41 5d 41 5e 41 5f
0x00007fe208b4bbf0:   5d c3 66 0f 1f 44 00 00 e8 f3 57 1a 00 48 89 c2
0x00007fe208b4bc00:   eb be 66 0f 1f 44 00 00 4d 89 af b0 00 00 00 4d
0x00007fe208b4bc10:   8d af a8 00 00 00 4d 89 b7 b8 00 00 00 ba 02 00
0x00007fe208b4bc20:   00 00 be 01 00 00 00 4c 89 ef e8 01 cb ff ff 83
0x00007fe208b4bc30:   f8 02 74 3c 85 c0 75 18 49 c7 87 b8 00 00 00 00
0x00007fe208b4bc40:   00 00 00 49 c7 87 b0 00 00 00 00 00 00 00 eb 8d
0x00007fe208b4bc50:   48 8d 05 51 96 7b 00 48 8d 3d 7a 4e 2f 00 be 64
0x00007fe208b4bc60:   11 00 00 48 8b 00 c6 00 58 e8 22 16 ab ff eb c8
0x00007fe208b4bc70:   4c 8d b5 50 ff ff ff 4c 89 f7 e8 11 e2 6d ff 4c
0x00007fe208b4bc80:   89 f2 31 f6 31 ff e8 15 e3 6d ff 8b 35 ff 37 7d
0x00007fe208b4bc90:   00 4c 89 f7 e8 c7 de 6d ff 48 8d 3d 60 73 81 00
0x00007fe208b4bca0:   be 01 00 00 00 e8 a6 bc 0c 00 66 0f 1f 44 00 00
0x00007fe208b4bcb0:   4c 89 f7 e8 d8 e5 6d ff 31 d2 be 03 00 00 00 4c 


Stack slot to memory mapping:
stack at sp + 0 slots: 
[error occurred during error reporting (inspecting top of stack), id 0xb, SIGSEGV (0xb) at pc=0x00007fe208cf29e7]


---------------  P R O C E S S  ---------------

VM state:not at safepoint (normal execution)

VM Mutex/Monitor currently owned by a thread: None

Heap address: 0x00000000e0c00000, size: 500 MB, Compressed Oops mode: 32-bit
Narrow klass base: 0x0000000800000000, Narrow klass shift: 3
Compressed class space size: 1073741824 Address: 0x0000000840000000

Heap:
 def new generation   total 10304K, used 1072K [0x00000000e0c00000, 0x00000000e1720000, 0x00000000eb2a0000)
  eden space 9216K,  11% used [0x00000000e0c00000, 0x00000000e0d0c298, 0x00000000e1500000)
  from space 1088K,   0% used [0x00000000e1500000, 0x00000000e1500000, 0x00000000e1610000)
  to   space 1088K,   0% used [0x00000000e1610000, 0x00000000e1610000, 0x00000000e1720000)
 tenured generation   total 22760K, used 13654K [0x00000000eb2a0000, 0x00000000ec8da000, 0x0000000100000000)
   the space 22760K,  59% used [0x00000000eb2a0000, 0x00000000ebff5b98, 0x00000000ebff5c00, 0x00000000ec8da000)
 Metaspace       used 20672K, capacity 21372K, committed 21552K, reserved 1069056K
  class space    used 2415K, capacity 2664K, committed 2688K, reserved 1048576K

Card table byte_map: [0x00007fe2061c0000,0x00007fe2062bb000] _byte_map_base: 0x00007fe205aba000

Polling page: 0x00007fe20a19b000

Metaspace:

Usage:
  Non-class:     18.27 MB capacity,    17.83 MB ( 98%) used,   414.05 KB (  2%) free+waste,    36.94 KB ( <1%) overhead. 
      Class:      2.60 MB capacity,     2.36 MB ( 91%) used,   230.12 KB (  9%) free+waste,    18.00 KB ( <1%) overhead. 
       Both:     20.87 MB capacity,    20.19 MB ( 97%) used,   644.17 KB (  3%) free+waste,    54.94 KB ( <1%) overhead. 

Virtual space:
  Non-class space:       20.00 MB reserved,      18.42 MB ( 92%) committed 
      Class space:        1.00 GB reserved,       2.62 MB ( <1%) committed 
             Both:        1.02 GB reserved,      21.05 MB (  2%) committed 

Chunk freelists:
   Non-Class:  44.00 KB
       Class:  0 bytes
        Both:  44.00 KB

MaxMetaspaceSize: unlimited
CompressedClassSpaceSize: 1.00 GB

CodeHeap 'non-profiled nmethods': size=120036Kb used=1517Kb max_used=1517Kb free=118518Kb
 bounds [0x00007fe1f03d7000, 0x00007fe1f0647000, 0x00007fe1f7910000]
CodeHeap 'profiled nmethods': size=120032Kb used=7761Kb max_used=7761Kb free=112270Kb
 bounds [0x00007fe1e8e9f000, 0x00007fe1e963f000, 0x00007fe1f03d7000]
CodeHeap 'non-nmethods': size=5692Kb used=1149Kb max_used=1164Kb free=4542Kb
 bounds [0x00007fe1e8910000, 0x00007fe1e8b80000, 0x00007fe1e8e9f000]
 total_blobs=5164 nmethods=3910 adapters=398
 compilation: enabled
              stopped_count=0, restarted_count=0
 full_count=0

Compilation events (20 events):
Event: 8.202 Thread 0x00007fe200059800 3925       4       java.util.regex.Pattern$CharPropertyGreedy::match (122 bytes)
Event: 8.217 Thread 0x00007fe200059800 nmethod 3925 0x00007fe1f0550410 code [0x00007fe1f0550620, 0x00007fe1f0550ee8]
Event: 8.217 Thread 0x00007fe200059800 3924       4       java.lang.Character::codePointAt (51 bytes)
Event: 8.219 Thread 0x00007fe200059800 nmethod 3924 0x00007fe1f0551710 code [0x00007fe1f05518c0, 0x00007fe1f05519e8]
Event: 8.355 Thread 0x00007fe20005b800 3931       3       java.lang.String::valueOf (39 bytes)
Event: 8.356 Thread 0x00007fe20005b800 nmethod 3931 0x00007fe1e9630b10 code [0x00007fe1e9630d00, 0x00007fe1e96313f0]
Event: 8.522 Thread 0x00007fe20005b800 3932       3       java.lang.String::getChars (54 bytes)
Event: 8.523 Thread 0x00007fe20005b800 nmethod 3932 0x00007fe1e9631610 code [0x00007fe1e9631820, 0x00007fe1e9631d58]
Event: 8.534 Thread 0x00007fe200059800 3933       4       java.nio.CharBuffer::charAt (16 bytes)
Event: 8.534 Thread 0x00007fe20005b800 3934       3       java.util.regex.Matcher::end (22 bytes)
Event: 8.535 Thread 0x00007fe20005b800 nmethod 3934 0x00007fe1e9631f90 code [0x00007fe1e9632160, 0x00007fe1e9632408]
Event: 8.536 Thread 0x00007fe20005b800 3935       3       java.io.PrintStream::print (9 bytes)
Event: 8.536 Thread 0x00007fe20005b800 nmethod 3935 0x00007fe1e9632510 code [0x00007fe1e96326e0, 0x00007fe1e96328b8]
Event: 8.546 Thread 0x00007fe200059800 nmethod 3933 0x00007fe1f0551b90 code [0x00007fe1f0551d20, 0x00007fe1f0551e58]
Event: 8.546 Thread 0x00007fe200059800 3936       4       java.util.regex.Pattern$Branch::match (66 bytes)
Event: 8.549 Thread 0x00007fe200059800 nmethod 3936 0x00007fe1f0552010 code [0x00007fe1f05521c0, 0x00007fe1f0552358]
Event: 8.633 Thread 0x00007fe20005b800 3938       3       java.lang.StringBuilder::toString (35 bytes)
Event: 8.634 Thread 0x00007fe20005b800 nmethod 3938 0x00007fe1e9632990 code [0x00007fe1e9632b80, 0x00007fe1e9633058]
Event: 8.634 Thread 0x00007fe20005b800 3937       3       java.io.FileInputStream::available (5 bytes)
Event: 8.634 Thread 0x00007fe20005b800 nmethod 3937 0x00007fe1e9633210 code [0x00007fe1e96333c0, 0x00007fe1e9633568]

GC Heap History (20 events):
Event: 3.570 GC heap before
{Heap before GC invocations=12 (full 0):
 def new generation   total 9792K, used 9682K [0x00000000e0c00000, 0x00000000e16a0000, 0x00000000eb2a0000)
  eden space 8704K, 100% used [0x00000000e0c00000, 0x00000000e1480000, 0x00000000e1480000)
  from space 1088K,  89% used [0x00000000e1480000, 0x00000000e15748e0, 0x00000000e1590000)
  to   space 1088K,   0% used [0x00000000e1590000, 0x00000000e1590000, 0x00000000e16a0000)
 tenured generation   total 21888K, used 7407K [0x00000000eb2a0000, 0x00000000ec800000, 0x0000000100000000)
   the space 21888K,  33% used [0x00000000eb2a0000, 0x00000000eb9dbf00, 0x00000000eb9dc000, 0x00000000ec800000)
 Metaspace       used 14073K, capacity 15631K, committed 16000K, reserved 1062912K
  class space    used 1611K, capacity 1833K, committed 1920K, reserved 1048576K
}
Event: 3.573 GC heap after
{Heap after GC invocations=13 (full 0):
 def new generation   total 9792K, used 914K [0x00000000e0c00000, 0x00000000e16a0000, 0x00000000eb2a0000)
  eden space 8704K,   0% used [0x00000000e0c00000, 0x00000000e0c00000, 0x00000000e1480000)
  from space 1088K,  84% used [0x00000000e1590000, 0x00000000e1674858, 0x00000000e16a0000)
  to   space 1088K,   0% used [0x00000000e1480000, 0x00000000e1480000, 0x00000000e1590000)
 tenured generation   total 21888K, used 7827K [0x00000000eb2a0000, 0x00000000ec800000, 0x0000000100000000)
   the space 21888K,  35% used [0x00000000eb2a0000, 0x00000000eba44c08, 0x00000000eba44e00, 0x00000000ec800000)
 Metaspace       used 14073K, capacity 15631K, committed 16000K, reserved 1062912K
  class space    used 1611K, capacity 1833K, committed 1920K, reserved 1048576K
}
Event: 3.772 GC heap before
{Heap before GC invocations=13 (full 0):
 def new generation   total 9792K, used 9610K [0x00000000e0c00000, 0x00000000e16a0000, 0x00000000eb2a0000)
  eden space 8704K,  99% used [0x00000000e0c00000, 0x00000000e147e170, 0x00000000e1480000)
  from space 1088K,  84% used [0x00000000e1590000, 0x00000000e1674858, 0x00000000e16a0000)
  to   space 1088K,   0% used [0x00000000e1480000, 0x00000000e1480000, 0x00000000e1590000)
 tenured generation   total 21888K, used 7827K [0x00000000eb2a0000, 0x00000000ec800000, 0x0000000100000000)
   the space 21888K,  35% used [0x00000000eb2a0000, 0x00000000eba44c08, 0x00000000eba44e00, 0x00000000ec800000)
 Metaspace       used 14510K, capacity 16067K, committed 16256K, reserved 1062912K
  class space    used 1639K, capacity 1869K, committed 1920K, reserved 1048576K
}
Event: 3.775 GC heap after
{Heap after GC invocations=14 (full 0):
 def new generation   total 9792K, used 582K [0x00000000e0c00000, 0x00000000e16a0000, 0x00000000eb2a0000)
  eden space 8704K,   0% used [0x00000000e0c00000, 0x00000000e0c00000, 0x00000000e1480000)
  from space 1088K,  53% used [0x00000000e1480000, 0x00000000e1511870, 0x00000000e1590000)
  to   space 1088K,   0% used [0x00000000e1590000, 0x00000000e1590000, 0x00000000e16a0000)
 tenured generation   total 21888K, used 8720K [0x00000000eb2a0000, 0x00000000ec800000, 0x0000000100000000)
   the space 21888K,  39% used [0x00000000eb2a0000, 0x00000000ebb24300, 0x00000000ebb24400, 0x00000000ec800000)
 Metaspace       used 14510K, capacity 16067K, committed 16256K, reserved 1062912K
  class space    used 1639K, capacity 1869K, committed 1920K, reserved 1048576K
}
Event: 3.963 GC heap before
{Heap before GC invocations=14 (full 0):
 def new generation   total 9792K, used 9286K [0x00000000e0c00000, 0x00000000e16a0000, 0x00000000eb2a0000)
  eden space 8704K, 100% used [0x00000000e0c00000, 0x00000000e1480000, 0x00000000e1480000)
  from space 1088K,  53% used [0x00000000e1480000, 0x00000000e1511870, 0x00000000e1590000)
  to   space 1088K,   0% used [0x00000000e1590000, 0x00000000e1590000, 0x00000000e16a0000)
 tenured generation   total 21888K, used 8720K [0x00000000eb2a0000, 0x00000000ec800000, 0x0000000100000000)
   the space 21888K,  39% used [0x00000000eb2a0000, 0x00000000ebb24300, 0x00000000ebb24400, 0x00000000ec800000)
 Metaspace       used 14878K, capacity 16390K, committed 16640K, reserved 1064960K
  class space    used 1667K, capacity 1934K, committed 2048K, reserved 1048576K
}
Event: 3.966 GC heap after
{Heap after GC invocations=15 (full 0):
 def new generation   total 9792K, used 483K [0x00000000e0c00000, 0x00000000e16a0000, 0x00000000eb2a0000)
  eden space 8704K,   0% used [0x00000000e0c00000, 0x00000000e0c00000, 0x00000000e1480000)
  from space 1088K,  44% used [0x00000000e1590000, 0x00000000e1608d80, 0x00000000e16a0000)
  to   space 1088K,   0% used [0x00000000e1480000, 0x00000000e1480000, 0x00000000e1590000)
 tenured generation   total 21888K, used 9186K [0x00000000eb2a0000, 0x00000000ec800000, 0x0000000100000000)
   the space 21888K,  41% used [0x00000000eb2a0000, 0x00000000ebb98938, 0x00000000ebb98a00, 0x00000000ec800000)
 Metaspace       used 14878K, capacity 16390K, committed 16640K, reserved 1064960K
  class space    used 1667K, capacity 1934K, committed 2048K, reserved 1048576K
}
Event: 4.139 GC heap before
{Heap before GC invocations=15 (full 0):
 def new generation   total 9792K, used 9187K [0x00000000e0c00000, 0x00000000e16a0000, 0x00000000eb2a0000)
  eden space 8704K, 100% used [0x00000000e0c00000, 0x00000000e1480000, 0x00000000e1480000)
  from space 1088K,  44% used [0x00000000e1590000, 0x00000000e1608d80, 0x00000000e16a0000)
  to   space 1088K,   0% used [0x00000000e1480000, 0x00000000e1480000, 0x00000000e1590000)
 tenured generation   total 21888K, used 9186K [0x00000000eb2a0000, 0x00000000ec800000, 0x0000000100000000)
   the space 21888K,  41% used [0x00000000eb2a0000, 0x00000000ebb98938, 0x00000000ebb98a00, 0x00000000ec800000)
 Metaspace       used 15808K, capacity 17308K, committed 17536K, reserved 1064960K
  class space    used 1819K, capacity 2114K, committed 2176K, reserved 1048576K
}
Event: 4.143 GC heap after
{Heap after GC invocations=16 (full 0):
 def new generation   total 9792K, used 928K [0x00000000e0c00000, 0x00000000e16a0000, 0x00000000eb2a0000)
  eden space 8704K,   0% used [0x00000000e0c00000, 0x00000000e0c00000, 0x00000000e1480000)
  from space 1088K,  85% used [0x00000000e1480000, 0x00000000e15681b8, 0x00000000e1590000)
  to   space 1088K,   0% used [0x00000000e1590000, 0x00000000e1590000, 0x00000000e16a0000)
 tenured generation   total 21888K, used 9186K [0x00000000eb2a0000, 0x00000000ec800000, 0x0000000100000000)
   the space 21888K,  41% used [0x00000000eb2a0000, 0x00000000ebb98938, 0x00000000ebb98a00, 0x00000000ec800000)
 Metaspace       used 15808K, capacity 17308K, committed 17536K, reserved 1064960K
  class space    used 1819K, capacity 2114K, committed 2176K, reserved 1048576K
}
Event: 4.505 GC heap before
{Heap before GC invocations=16 (full 0):
 def new generation   total 9792K, used 9632K [0x00000000e0c00000, 0x00000000e16a0000, 0x00000000eb2a0000)
  eden space 8704K, 100% used [0x00000000e0c00000, 0x00000000e1480000, 0x00000000e1480000)
  from space 1088K,  85% used [0x00000000e1480000, 0x00000000e15681b8, 0x00000000e1590000)
  to   space 1088K,   0% used [0x00000000e1590000, 0x00000000e1590000, 0x00000000e16a0000)
 tenured generation   total 21888K, used 9186K [0x00000000eb2a0000, 0x00000000ec800000, 0x0000000100000000)
   the space 21888K,  41% used [0x00000000eb2a0000, 0x00000000ebb98938, 0x00000000ebb98a00, 0x00000000ec800000)
 Metaspace       used 17457K, capacity 18346K, committed 18432K, reserved 1064960K
  class space    used 2025K, capacity 2270K, committed 2304K, reserved 1048576K
}
Event: 4.515 GC heap after
{Heap after GC invocations=17 (full 0):
 def new generation   total 9792K, used 1088K [0x00000000e0c00000, 0x00000000e16a0000, 0x00000000eb2a0000)
  eden space 8704K,   0% used [0x00000000e0c00000, 0x00000000e0c00000, 0x00000000e1480000)
  from space 1088K, 100% used [0x00000000e1590000, 0x00000000e16a0000, 0x00000000e16a0000)
  to   space 1088K,   0% used [0x00000000e1480000, 0x00000000e1480000, 0x00000000e1590000)
 tenured generation   total 21888K, used 9883K [0x00000000eb2a0000, 0x00000000ec800000, 0x0000000100000000)
   the space 21888K,  45% used [0x00000000eb2a0000, 0x00000000ebc46ca0, 0x00000000ebc46e00, 0x00000000ec800000)
 Metaspace       used 17457K, capacity 18346K, committed 18432K, reserved 1064960K
  class space    used 2025K, capacity 2270K, committed 2304K, reserved 1048576K
}
Event: 4.931 GC heap before
{Heap before GC invocations=17 (full 0):
 def new generation   total 9792K, used 9792K [0x00000000e0c00000, 0x00000000e16a0000, 0x00000000eb2a0000)
  eden space 8704K, 100% used [0x00000000e0c00000, 0x00000000e1480000, 0x00000000e1480000)
  from space 1088K, 100% used [0x00000000e1590000, 0x00000000e16a0000, 0x00000000e16a0000)
  to   space 1088K,   0% used [0x00000000e1480000, 0x00000000e1480000, 0x00000000e1590000)
 tenured generation   total 21888K, used 9883K [0x00000000eb2a0000, 0x00000000ec800000, 0x0000000100000000)
   the space 21888K,  45% used [0x00000000eb2a0000, 0x00000000ebc46ca0, 0x00000000ebc46e00, 0x00000000ec800000)
 Metaspace       used 17579K, capacity 18481K, committed 18688K, reserved 1064960K
  class space    used 2029K, capacity 2271K, committed 2304K, reserved 1048576K
}
Event: 4.939 GC heap after
{Heap after GC invocations=18 (full 0):
 def new generation   total 9792K, used 754K [0x00000000e0c00000, 0x00000000e16a0000, 0x00000000eb2a0000)
  eden space 8704K,   0% used [0x00000000e0c00000, 0x00000000e0c00000, 0x00000000e1480000)
  from space 1088K,  69% used [0x00000000e1480000, 0x00000000e153caa8, 0x00000000e1590000)
  to   space 1088K,   0% used [0x00000000e1590000, 0x00000000e1590000, 0x00000000e16a0000)
 tenured generation   total 21888K, used 10943K [0x00000000eb2a0000, 0x00000000ec800000, 0x0000000100000000)
   the space 21888K,  49% used [0x00000000eb2a0000, 0x00000000ebd4fe20, 0x00000000ebd50000, 0x00000000ec800000)
 Metaspace       used 17579K, capacity 18481K, committed 18688K, reserved 1064960K
  class space    used 2029K, capacity 2271K, committed 2304K, reserved 1048576K
}
Event: 5.033 GC heap before
{Heap before GC invocations=18 (full 0):
 def new generation   total 9792K, used 9445K [0x00000000e0c00000, 0x00000000e16a0000, 0x00000000eb2a0000)
  eden space 8704K,  99% used [0x00000000e0c00000, 0x00000000e147c9a0, 0x00000000e1480000)
  from space 1088K,  69% used [0x00000000e1480000, 0x00000000e153caa8, 0x00000000e1590000)
  to   space 1088K,   0% used [0x00000000e1590000, 0x00000000e1590000, 0x00000000e16a0000)
 tenured generation   total 21888K, used 10943K [0x00000000eb2a0000, 0x00000000ec800000, 0x0000000100000000)
   the space 21888K,  49% used [0x00000000eb2a0000, 0x00000000ebd4fe20, 0x00000000ebd50000, 0x00000000ec800000)
 Metaspace       used 17612K, capacity 18487K, committed 18688K, reserved 1064960K
  class space    used 2030K, capacity 2273K, committed 2304K, reserved 1048576K
}
Event: 5.038 GC heap after
{Heap after GC invocations=19 (full 0):
 def new generation   total 9792K, used 508K [0x00000000e0c00000, 0x00000000e16a0000, 0x00000000eb2a0000)
  eden space 8704K,   0% used [0x00000000e0c00000, 0x00000000e0c00000, 0x00000000e1480000)
  from space 1088K,  46% used [0x00000000e1590000, 0x00000000e160f170, 0x00000000e16a0000)
  to   space 1088K,   0% used [0x00000000e1480000, 0x00000000e1480000, 0x00000000e1590000)
 tenured generation   total 21888K, used 11502K [0x00000000eb2a0000, 0x00000000ec800000, 0x0000000100000000)
   the space 21888K,  52% used [0x00000000eb2a0000, 0x00000000ebddbac0, 0x00000000ebddbc00, 0x00000000ec800000)
 Metaspace       used 17612K, capacity 18487K, committed 18688K, reserved 1064960K
  class space    used 2030K, capacity 2273K, committed 2304K, reserved 1048576K
}
Event: 5.119 GC heap before
{Heap before GC invocations=19 (full 0):
 def new generation   total 9792K, used 9212K [0x00000000e0c00000, 0x00000000e16a0000, 0x00000000eb2a0000)
  eden space 8704K, 100% used [0x00000000e0c00000, 0x00000000e1480000, 0x00000000e1480000)
  from space 1088K,  46% used [0x00000000e1590000, 0x00000000e160f170, 0x00000000e16a0000)
  to   space 1088K,   0% used [0x00000000e1480000, 0x00000000e1480000, 0x00000000e1590000)
 tenured generation   total 21888K, used 11502K [0x00000000eb2a0000, 0x00000000ec800000, 0x0000000100000000)
   the space 21888K,  52% used [0x00000000eb2a0000, 0x00000000ebddbac0, 0x00000000ebddbc00, 0x00000000ec800000)
 Metaspace       used 17695K, capacity 18608K, committed 18816K, reserved 1064960K
  class space    used 2046K, capacity 2313K, committed 2432K, reserved 1048576K
}
Event: 5.123 GC heap after
{Heap after GC invocations=20 (full 0):
 def new generation   total 9792K, used 954K [0x00000000e0c00000, 0x00000000e16a0000, 0x00000000eb2a0000)
  eden space 8704K,   0% used [0x00000000e0c00000, 0x00000000e0c00000, 0x00000000e1480000)
  from space 1088K,  87% used [0x00000000e1480000, 0x00000000e156ea18, 0x00000000e1590000)
  to   space 1088K,   0% used [0x00000000e1590000, 0x00000000e1590000, 0x00000000e16a0000)
 tenured generation   total 21888K, used 11502K [0x00000000eb2a0000, 0x00000000ec800000, 0x0000000100000000)
   the space 21888K,  52% used [0x00000000eb2a0000, 0x00000000ebddbac0, 0x00000000ebddbc00, 0x00000000ec800000)
 Metaspace       used 17695K, capacity 18608K, committed 18816K, reserved 1064960K
  class space    used 2046K, capacity 2313K, committed 2432K, reserved 1048576K
}
Event: 5.930 GC heap before
{Heap before GC invocations=20 (full 0):
 def new generation   total 9792K, used 9658K [0x00000000e0c00000, 0x00000000e16a0000, 0x00000000eb2a0000)
  eden space 8704K, 100% used [0x00000000e0c00000, 0x00000000e1480000, 0x00000000e1480000)
  from space 1088K,  87% used [0x00000000e1480000, 0x00000000e156ea18, 0x00000000e1590000)
  to   space 1088K,   0% used [0x00000000e1590000, 0x00000000e1590000, 0x00000000e16a0000)
 tenured generation   total 21888K, used 11502K [0x00000000eb2a0000, 0x00000000ec800000, 0x0000000100000000)
   the space 21888K,  52% used [0x00000000eb2a0000, 0x00000000ebddbac0, 0x00000000ebddbc00, 0x00000000ec800000)
 Metaspace       used 18866K, capacity 19580K, committed 19712K, reserved 1067008K
  class space    used 2214K, capacity 2465K, committed 2560K, reserved 1048576K
}
Event: 5.937 GC heap after
{Heap after GC invocations=21 (full 0):
 def new generation   total 9792K, used 1088K [0x00000000e0c00000, 0x00000000e16a0000, 0x00000000eb2a0000)
  eden space 8704K,   0% used [0x00000000e0c00000, 0x00000000e0c00000, 0x00000000e1480000)
  from space 1088K, 100% used [0x00000000e1590000, 0x00000000e16a0000, 0x00000000e16a0000)
  to   space 1088K,   0% used [0x00000000e1480000, 0x00000000e1480000, 0x00000000e1590000)
 tenured generation   total 21888K, used 12313K [0x00000000eb2a0000, 0x00000000ec800000, 0x0000000100000000)
   the space 21888K,  56% used [0x00000000eb2a0000, 0x00000000ebea64f8, 0x00000000ebea6600, 0x00000000ec800000)
 Metaspace       used 18866K, capacity 19580K, committed 19712K, reserved 1067008K
  class space    used 2214K, capacity 2465K, committed 2560K, reserved 1048576K
}
Event: 6.605 GC heap before
{Heap before GC invocations=21 (full 0):
 def new generation   total 9792K, used 3697K [0x00000000e0c00000, 0x00000000e16a0000, 0x00000000eb2a0000)
  eden space 8704K,  29% used [0x00000000e0c00000, 0x00000000e0e8c5f8, 0x00000000e1480000)
  from space 1088K, 100% used [0x00000000e1590000, 0x00000000e16a0000, 0x00000000e16a0000)
  to   space 1088K,   0% used [0x00000000e1480000, 0x00000000e1480000, 0x00000000e1590000)
 tenured generation   total 21888K, used 12313K [0x00000000eb2a0000, 0x00000000ec800000, 0x0000000100000000)
   the space 21888K,  56% used [0x00000000eb2a0000, 0x00000000ebea64f8, 0x00000000ebea6600, 0x00000000ec800000)
 Metaspace       used 20544K, capacity 21209K, committed 21296K, reserved 1069056K
  class space    used 2403K, capacity 2652K, committed 2688K, reserved 1048576K
}
Event: 6.642 GC heap after
{Heap after GC invocations=22 (full 1):
 def new generation   total 10304K, used 0K [0x00000000e0c00000, 0x00000000e1720000, 0x00000000eb2a0000)
  eden space 9216K,   0% used [0x00000000e0c00000, 0x00000000e0c00000, 0x00000000e1500000)
  from space 1088K,   0% used [0x00000000e1500000, 0x00000000e1500000, 0x00000000e1610000)
  to   space 1088K,   0% used [0x00000000e1610000, 0x00000000e1610000, 0x00000000e1720000)
 tenured generation   total 22760K, used 13654K [0x00000000eb2a0000, 0x00000000ec8da000, 0x0000000100000000)
   the space 22760K,  59% used [0x00000000eb2a0000, 0x00000000ebff5b98, 0x00000000ebff5c00, 0x00000000ec8da000)
 Metaspace       used 20544K, capacity 21209K, committed 21296K, reserved 1069056K
  class space    used 2403K, capacity 2652K, committed 2688K, reserved 1048576K
}

Deoptimization events (20 events):
Event: 7.093 Thread 0x00007fe200fde000 Uncommon trap: trap_request=0xffffffc6 fr.pc=0x00007fe1f04ee7f0 relative=0x0000000000000210
Event: 7.093 Thread 0x00007fe200fde000 Uncommon trap: reason=bimorphic_or_optimized_type_check action=maybe_recompile pc=0x00007fe1f04ee7f0 method=java.util.regex.Pattern$BmpCharProperty.match(Ljava/util/regex/Matcher;ILjava/lang/CharSequence;)Z @ 14 c2
Event: 7.093 Thread 0x00007fe200fde000 DEOPT PACKING pc=0x00007fe1f04ee7f0 sp=0x00007fe1e820d4f0
Event: 7.093 Thread 0x00007fe200fde000 DEOPT UNPACKING pc=0x00007fe1e89383a5 sp=0x00007fe1e820d4a0 mode 2
Event: 7.487 Thread 0x00007fe200fde000 Uncommon trap: trap_request=0xffffffbe fr.pc=0x00007fe1f054c830 relative=0x00000000000008f0
Event: 7.487 Thread 0x00007fe200fde000 Uncommon trap: reason=profile_predicate action=maybe_recompile pc=0x00007fe1f054c830 method=java.util.regex.Pattern$CharPropertyGreedy.match(Ljava/util/regex/Matcher;ILjava/lang/CharSequence;)Z @ 70 c2
Event: 7.487 Thread 0x00007fe200fde000 DEOPT PACKING pc=0x00007fe1f054c830 sp=0x00007fe1e820d640
Event: 7.487 Thread 0x00007fe200fde000 DEOPT UNPACKING pc=0x00007fe1e89383a5 sp=0x00007fe1e820d5f0 mode 2
Event: 7.487 Thread 0x00007fe200fde000 Uncommon trap: trap_request=0xffffffbe fr.pc=0x00007fe1f054c830 relative=0x00000000000008f0
Event: 7.487 Thread 0x00007fe200fde000 Uncommon trap: reason=profile_predicate action=maybe_recompile pc=0x00007fe1f054c830 method=java.util.regex.Pattern$CharPropertyGreedy.match(Ljava/util/regex/Matcher;ILjava/lang/CharSequence;)Z @ 70 c2
Event: 7.487 Thread 0x00007fe200fde000 DEOPT PACKING pc=0x00007fe1f054c830 sp=0x00007fe1e820d640
Event: 7.487 Thread 0x00007fe200fde000 DEOPT UNPACKING pc=0x00007fe1e89383a5 sp=0x00007fe1e820d5f0 mode 2
Event: 7.487 Thread 0x00007fe200fde000 Uncommon trap: trap_request=0xffffffbe fr.pc=0x00007fe1f054c830 relative=0x00000000000008f0
Event: 7.487 Thread 0x00007fe200fde000 Uncommon trap: reason=profile_predicate action=maybe_recompile pc=0x00007fe1f054c830 method=java.util.regex.Pattern$CharPropertyGreedy.match(Ljava/util/regex/Matcher;ILjava/lang/CharSequence;)Z @ 70 c2
Event: 7.487 Thread 0x00007fe200fde000 DEOPT PACKING pc=0x00007fe1f054c830 sp=0x00007fe1e820d640
Event: 7.487 Thread 0x00007fe200fde000 DEOPT UNPACKING pc=0x00007fe1e89383a5 sp=0x00007fe1e820d5f0 mode 2
Event: 7.591 Thread 0x00007fe200fde000 Uncommon trap: trap_request=0xffffffbe fr.pc=0x00007fe1f054c830 relative=0x00000000000008f0
Event: 7.591 Thread 0x00007fe200fde000 Uncommon trap: reason=profile_predicate action=maybe_recompile pc=0x00007fe1f054c830 method=java.util.regex.Pattern$CharPropertyGreedy.match(Ljava/util/regex/Matcher;ILjava/lang/CharSequence;)Z @ 70 c2
Event: 7.591 Thread 0x00007fe200fde000 DEOPT PACKING pc=0x00007fe1f054c830 sp=0x00007fe1e820d640
Event: 7.591 Thread 0x00007fe200fde000 DEOPT UNPACKING pc=0x00007fe1e89383a5 sp=0x00007fe1e820d5f0 mode 2

Classes redefined (0 events):
No events

Internal exceptions (18 events):
Event: 0.187 Thread 0x00007fe200014000 Exception <a 'java/lang/NoSuchMethodError'{0x00000000e0f1deb0}: 'int java.lang.invoke.DirectMethodHandle$Holder.invokeSpecialIFC(java.lang.Object, java.lang.Object, int)'> (0x00000000e0f1deb0) thrown at [/build/openjdk-11-11.0.6+10/src/hotspot/share/inter
Event: 2.003 Thread 0x00007fe200014000 Exception <a 'java/lang/NoClassDefFoundError'{0x00000000e0f4fa48}: com/google/inject/servlet/ServletModuleTargetVisitor> (0x00000000e0f4fa48) thrown at [/build/openjdk-11-11.0.6+10/src/hotspot/share/classfile/systemDictionary.cpp, line 220]
Event: 2.003 Thread 0x00007fe200014000 Exception <a 'java/lang/NoClassDefFoundError'{0x00000000e0f4fa48}> (0x00000000e0f4fa48) thrown at [/build/openjdk-11-11.0.6+10/src/hotspot/share/prims/jvm.cpp, line 1301]
Event: 2.003 Thread 0x00007fe200014000 Exception <a 'java/lang/NoClassDefFoundError'{0x00000000e0f523a0}: javax/annotation/Priority> (0x00000000e0f523a0) thrown at [/build/openjdk-11-11.0.6+10/src/hotspot/share/classfile/systemDictionary.cpp, line 220]
Event: 2.668 Thread 0x00007fe200014000 Implicit null exception at 0x00007fe1f0450285 to 0x00007fe1f045045e
Event: 2.669 Thread 0x00007fe200014000 Implicit null exception at 0x00007fe1f046dc4b to 0x00007fe1f046e102
Event: 4.160 Thread 0x00007fe200014000 Exception <a 'java/lang/NoSuchMethodError'{0x00000000e0c59e00}: 'java.lang.Object java.lang.invoke.DirectMethodHandle$Holder.invokeStatic(java.lang.Object, java.lang.Object, java.lang.Object, java.lang.Object, java.lang.Object, java.lang.Object, java.lang
Event: 4.164 Thread 0x00007fe200014000 Exception <a 'java/lang/NoSuchMethodError'{0x00000000e0c67e40}: 'java.lang.Object java.lang.invoke.DirectMethodHandle$Holder.invokeStatic(java.lang.Object, java.lang.Object, java.lang.Object, java.lang.Object, java.lang.Object, java.lang.Object, java.lang
Event: 4.166 Thread 0x00007fe200014000 Exception <a 'java/lang/NoSuchMethodError'{0x00000000e0c75d58}: 'java.lang.Object java.lang.invoke.DirectMethodHandle$Holder.invokeSpecial(java.lang.Object, java.lang.Object, int, int, java.lang.Object, java.lang.Object, java.lang.Object)'> (0x00000000e0c
Event: 4.167 Thread 0x00007fe200014000 Exception <a 'java/lang/NoSuchMethodError'{0x00000000e0c79590}: 'java.lang.Object java.lang.invoke.DelegatingMethodHandle$Holder.reinvoke_L(java.lang.Object, int, int, java.lang.Object, java.lang.Object, java.lang.Object)'> (0x00000000e0c79590) thrown at 
Event: 4.168 Thread 0x00007fe200014000 Exception <a 'java/lang/NoSuchMethodError'{0x00000000e0c7dbc0}: 'java.lang.Object java.lang.invoke.DirectMethodHandle$Holder.invokeStatic(java.lang.Object, java.lang.Object, java.lang.Object, java.lang.Object, int)'> (0x00000000e0c7dbc0) thrown at [/build
Event: 4.500 Thread 0x00007fe200014000 Exception <a 'java/lang/NoSuchMethodError'{0x00000000e14702f0}: 'java.lang.Object java.lang.invoke.DirectMethodHandle$Holder.invokeStatic(java.lang.Object, int, java.lang.Object)'> (0x00000000e14702f0) thrown at [/build/openjdk-11-11.0.6+10/src/hotspot/sh
Event: 5.263 Thread 0x00007fe200014000 Exception <a 'java/lang/NoSuchMethodError'{0x00000000e10f38a0}: 'java.lang.Object java.lang.invoke.DirectMethodHandle$Holder.invokeStaticInit(java.lang.Object, java.lang.Object, long, java.lang.Object)'> (0x00000000e10f38a0) thrown at [/build/openjdk-11-1
Event: 5.269 Thread 0x00007fe200014000 Exception <a 'java/lang/NoSuchMethodError'{0x00000000e10ffa00}: 'java.lang.Object java.lang.invoke.Invokers$Holder.linkToTargetMethod(java.lang.Object, long, java.lang.Object)'> (0x00000000e10ffa00) thrown at [/build/openjdk-11-11.0.6+10/src/hotspot/share
Event: 5.271 Thread 0x00007fe200014000 Exception <a 'java/lang/NoSuchMethodError'{0x00000000e1106750}: 'java.lang.Object java.lang.invoke.DirectMethodHandle$Holder.invokeStatic(java.lang.Object, java.lang.Object, java.lang.Object, int)'> (0x00000000e1106750) thrown at [/build/openjdk-11-11.0.6
Event: 5.272 Thread 0x00007fe200014000 Exception <a 'java/lang/NoSuchMethodError'{0x00000000e110a118}: 'java.lang.Object java.lang.invoke.DirectMethodHandle$Holder.invokeSpecial(java.lang.Object, java.lang.Object, java.lang.Object, java.lang.Object, int)'> (0x00000000e110a118) thrown at [/buil
Event: 5.273 Thread 0x00007fe200014000 Exception <a 'java/lang/NoSuchMethodError'{0x00000000e110d180}: 'java.lang.Object java.lang.invoke.Invokers$Holder.linkToTargetMethod(java.lang.Object, java.lang.Object, int, java.lang.Object)'> (0x00000000e110d180) thrown at [/build/openjdk-11-11.0.6+10/
Event: 6.650 Thread 0x00007fe200014000 Exception <a 'java/lang/ClassNotFoundException'{0x00000000e0c3b1c0}: sun/util/logging/resources/spi/loggingProvider> (0x00000000e0c3b1c0) thrown at [/build/openjdk-11-11.0.6+10/src/hotspot/share/classfile/systemDictionary.cpp, line 231]

Events (20 events):
Event: 6.651 loading class sun/util/logging/resources/logging_en
Event: 6.651 loading class sun/util/logging/resources/logging_en done
Event: 6.652 loading class sun/util/logging/resources/logging_en_US
Event: 6.652 loading class sun/util/logging/resources/logging_en_US done
Event: 6.652 loading class sun/util/logging/resources/logging_en_US
Event: 6.652 loading class sun/util/logging/resources/logging_en_US done
Event: 6.670 loading class java/util/Scanner
Event: 6.670 loading class java/util/Scanner done
Event: 6.673 loading class java/util/Scanner$PatternLRUCache
Event: 6.673 loading class java/util/Scanner$PatternLRUCache done
Event: 6.680 Thread 0x00007fe200fdd000 Thread added: 0x00007fe200fdd000
Event: 6.680 Protecting memory [0x00007fe1e820f000,0x00007fe1e8213000] with protection modes 0
Event: 6.685 Thread 0x00007fe200fde000 Thread added: 0x00007fe200fde000
Event: 6.686 Protecting memory [0x00007fe1e810e000,0x00007fe1e8112000] with protection modes 0
Event: 7.081 loading class java/util/regex/Matcher$ImmutableMatchResult
Event: 7.081 loading class java/util/regex/Matcher$ImmutableMatchResult done
Event: 7.082 loading class org/apache/maven/plugin/logging/Log
Event: 7.082 loading class org/apache/maven/plugin/logging/Log done
Event: 7.082 loading class org/apache/maven/plugin/logging/Log
Event: 7.082 loading class org/apache/maven/plugin/logging/Log done


Dynamic libraries:
e0c00000-e1720000 rw-p 00000000 00:00 0 
e1720000-eb2a0000 ---p 00000000 00:00 0 
eb2a0000-ec8da000 rw-p 00000000 00:00 0 
ec8da000-100000000 ---p 00000000 00:00 0 
800000000-800002000 rwxp 00001000 08:01 2118409                          /usr/lib/jvm/java-11-openjdk-amd64/lib/server/classes.jsa
800002000-8003b7000 rw-p 00003000 08:01 2118409                          /usr/lib/jvm/java-11-openjdk-amd64/lib/server/classes.jsa
8003b7000-800a8a000 r--p 003b8000 08:01 2118409                          /usr/lib/jvm/java-11-openjdk-amd64/lib/server/classes.jsa
800a8a000-800a8b000 rw-p 00a8b000 08:01 2118409                          /usr/lib/jvm/java-11-openjdk-amd64/lib/server/classes.jsa
800a8b000-801095000 r--p 00a8c000 08:01 2118409                          /usr/lib/jvm/java-11-openjdk-amd64/lib/server/classes.jsa
840000000-8402a0000 rw-p 00000000 00:00 0 
8402a0000-880000000 ---p 00000000 00:00 0 
556440f49000-556440f4a000 r-xp 00000000 08:01 2118040                    /usr/lib/jvm/java-11-openjdk-amd64/bin/java
55644114a000-55644114b000 r--p 00001000 08:01 2118040                    /usr/lib/jvm/java-11-openjdk-amd64/bin/java
55644114b000-55644114c000 rw-p 00002000 08:01 2118040                    /usr/lib/jvm/java-11-openjdk-amd64/bin/java
556442b4d000-556442b8f000 rw-p 00000000 00:00 0                          [heap]
7fe1b3e00000-7fe1b3e6c000 rw-p 00000000 00:00 0 
7fe1b3e6c000-7fe1b4000000 ---p 00000000 00:00 0 
7fe1b4000000-7fe1b4021000 rw-p 00000000 00:00 0 
7fe1b4021000-7fe1b8000000 ---p 00000000 00:00 0 
7fe1b8000000-7fe1b8021000 rw-p 00000000 00:00 0 
7fe1b8021000-7fe1bc000000 ---p 00000000 00:00 0 
7fe1bc000000-7fe1bc021000 rw-p 00000000 00:00 0 
7fe1bc021000-7fe1c0000000 ---p 00000000 00:00 0 
7fe1c0000000-7fe1c0021000 rw-p 00000000 00:00 0 
7fe1c0021000-7fe1c4000000 ---p 00000000 00:00 0 
7fe1c4000000-7fe1c4021000 rw-p 00000000 00:00 0 
7fe1c4021000-7fe1c8000000 ---p 00000000 00:00 0 
7fe1c8000000-7fe1c8021000 rw-p 00000000 00:00 0 
7fe1c8021000-7fe1cc000000 ---p 00000000 00:00 0 
7fe1cc000000-7fe1cc461000 rw-p 00000000 00:00 0 
7fe1cc461000-7fe1d0000000 ---p 00000000 00:00 0 
7fe1d0000000-7fe1d0021000 rw-p 00000000 00:00 0 
7fe1d0021000-7fe1d4000000 ---p 00000000 00:00 0 
7fe1d4000000-7fe1d4021000 rw-p 00000000 00:00 0 
7fe1d4021000-7fe1d8000000 ---p 00000000 00:00 0 
7fe1d8000000-7fe1d854a000 rw-p 00000000 00:00 0 
7fe1d854a000-7fe1dc000000 ---p 00000000 00:00 0 
7fe1dc000000-7fe1dc021000 rw-p 00000000 00:00 0 
7fe1dc021000-7fe1e0000000 ---p 00000000 00:00 0 
7fe1e0000000-7fe1e0021000 rw-p 00000000 00:00 0 
7fe1e0021000-7fe1e4000000 ---p 00000000 00:00 0 
7fe1e4000000-7fe1e402c000 rw-p 00000000 00:00 0 
7fe1e402c000-7fe1e8000000 ---p 00000000 00:00 0 
7fe1e810e000-7fe1e8112000 ---p 00000000 00:00 0 
7fe1e8112000-7fe1e820f000 rw-p 00000000 00:00 0 
7fe1e820f000-7fe1e8213000 ---p 00000000 00:00 0 
7fe1e8213000-7fe1e8510000 rw-p 00000000 00:00 0 
7fe1e8510000-7fe1e8710000 rw-p 00000000 00:00 0 
7fe1e8710000-7fe1e8910000 rw-p 00000000 00:00 0 
7fe1e8910000-7fe1e8b80000 rwxp 00000000 00:00 0 
7fe1e8b80000-7fe1e8e9f000 ---p 00000000 00:00 0 
7fe1e8e9f000-7fe1e963f000 rwxp 00000000 00:00 0 
7fe1e963f000-7fe1f03d7000 ---p 00000000 00:00 0 
7fe1f03d7000-7fe1f0647000 rwxp 00000000 00:00 0 
7fe1f0647000-7fe1f7910000 ---p 00000000 00:00 0 
7fe1f7910000-7fe200000000 r--s 00000000 08:01 2118399                    /usr/lib/jvm/java-11-openjdk-amd64/lib/modules
7fe200000000-7fe201024000 rw-p 00000000 00:00 0 
7fe201024000-7fe204000000 ---p 00000000 00:00 0 
7fe204073000-7fe204077000 ---p 00000000 00:00 0 
7fe204077000-7fe204295000 rw-p 00000000 00:00 0 
7fe204295000-7fe204495000 rw-p 00000000 00:00 0 
7fe204495000-7fe204497000 r-xp 00000000 08:01 1843038                    /lib/x86_64-linux-gnu/libutil-2.24.so
7fe204497000-7fe204696000 ---p 00002000 08:01 1843038                    /lib/x86_64-linux-gnu/libutil-2.24.so
7fe204696000-7fe204697000 r--p 00001000 08:01 1843038                    /lib/x86_64-linux-gnu/libutil-2.24.so
7fe204697000-7fe204698000 rw-p 00002000 08:01 1843038                    /lib/x86_64-linux-gnu/libutil-2.24.so
7fe204698000-7fe20469b000 r-xp 00000000 08:01 1993728                    /opt/maven/lib/jansi-native/linux64/libjansi.so
7fe20469b000-7fe20489a000 ---p 00003000 08:01 1993728                    /opt/maven/lib/jansi-native/linux64/libjansi.so
7fe20489a000-7fe20489b000 rw-p 00002000 08:01 1993728                    /opt/maven/lib/jansi-native/linux64/libjansi.so
7fe20489b000-7fe2048cc000 rw-p 00000000 00:00 0 
7fe2048cc000-7fe2048e2000 r-xp 00000000 08:01 2118388                    /usr/lib/jvm/java-11-openjdk-amd64/lib/libnet.so
7fe2048e2000-7fe204ae1000 ---p 00016000 08:01 2118388                    /usr/lib/jvm/java-11-openjdk-amd64/lib/libnet.so
7fe204ae1000-7fe204ae2000 r--p 00015000 08:01 2118388                    /usr/lib/jvm/java-11-openjdk-amd64/lib/libnet.so
7fe204ae2000-7fe204ae3000 rw-p 00016000 08:01 2118388                    /usr/lib/jvm/java-11-openjdk-amd64/lib/libnet.so
7fe204ae3000-7fe204af3000 r-xp 00000000 08:01 2118389                    /usr/lib/jvm/java-11-openjdk-amd64/lib/libnio.so
7fe204af3000-7fe204cf2000 ---p 00010000 08:01 2118389                    /usr/lib/jvm/java-11-openjdk-amd64/lib/libnio.so
7fe204cf2000-7fe204cf3000 r--p 0000f000 08:01 2118389                    /usr/lib/jvm/java-11-openjdk-amd64/lib/libnio.so
7fe204cf3000-7fe204cf4000 rw-p 00010000 08:01 2118389                    /usr/lib/jvm/java-11-openjdk-amd64/lib/libnio.so
7fe204cf4000-7fe204cf8000 ---p 00000000 00:00 0 
7fe204cf8000-7fe204df5000 rw-p 00000000 00:00 0 
7fe204df5000-7fe204df6000 ---p 00000000 00:00 0 
7fe204df6000-7fe204ef7000 rw-p 00000000 00:00 0 
7fe204ef7000-7fe204efb000 ---p 00000000 00:00 0 
7fe204efb000-7fe204ff8000 rw-p 00000000 00:00 0 
7fe204ff8000-7fe204ffc000 ---p 00000000 00:00 0 
7fe204ffc000-7fe2050f9000 rw-p 00000000 00:00 0 
7fe2050f9000-7fe2050fd000 ---p 00000000 00:00 0 
7fe2050fd000-7fe2051fa000 rw-p 00000000 00:00 0 
7fe2051fa000-7fe2051fe000 ---p 00000000 00:00 0 
7fe2051fe000-7fe2052fb000 rw-p 00000000 00:00 0 
7fe2052fb000-7fe2052ff000 ---p 00000000 00:00 0 
7fe2052ff000-7fe2053fc000 rw-p 00000000 00:00 0 
7fe2053fc000-7fe205597000 r--p 00000000 08:01 1850658                    /usr/lib/locale/locale-archive
7fe205597000-7fe20559b000 ---p 00000000 00:00 0 
7fe20559b000-7fe205698000 rw-p 00000000 00:00 0 
7fe205698000-7fe20569c000 ---p 00000000 00:00 0 
7fe20569c000-7fe205799000 rw-p 00000000 00:00 0 
7fe205799000-7fe20579a000 ---p 00000000 00:00 0 
7fe20579a000-7fe20619f000 rw-p 00000000 00:00 0 
7fe20619f000-7fe2061c6000 rw-p 00000000 00:00 0 
7fe2061c6000-7fe206213000 ---p 00000000 00:00 0 
7fe206213000-7fe20621f000 rw-p 00000000 00:00 0 
7fe20621f000-7fe2062ba000 ---p 00000000 00:00 0 
7fe2062ba000-7fe2062c0000 rw-p 00000000 00:00 0 
7fe2062c0000-7fe2063a6000 ---p 00000000 00:00 0 
7fe2063a6000-7fe2063b6000 rw-p 00000000 00:00 0 
7fe2063b6000-7fe206491000 ---p 00000000 00:00 0 
7fe206491000-7fe206496000 r-xp 00000000 08:01 2118380                    /usr/lib/jvm/java-11-openjdk-amd64/lib/libjimage.so
7fe206496000-7fe206695000 ---p 00005000 08:01 2118380                    /usr/lib/jvm/java-11-openjdk-amd64/lib/libjimage.so
7fe206695000-7fe206696000 r--p 00004000 08:01 2118380                    /usr/lib/jvm/java-11-openjdk-amd64/lib/libjimage.so
7fe206696000-7fe206697000 rw-p 00005000 08:01 2118380                    /usr/lib/jvm/java-11-openjdk-amd64/lib/libjimage.so
7fe206697000-7fe20669e000 r-xp 00000000 08:01 2118398                    /usr/lib/jvm/java-11-openjdk-amd64/lib/libzip.so
7fe20669e000-7fe20689d000 ---p 00007000 08:01 2118398                    /usr/lib/jvm/java-11-openjdk-amd64/lib/libzip.so
7fe20689d000-7fe20689e000 r--p 00006000 08:01 2118398                    /usr/lib/jvm/java-11-openjdk-amd64/lib/libzip.so
7fe20689e000-7fe20689f000 rw-p 00007000 08:01 2118398                    /usr/lib/jvm/java-11-openjdk-amd64/lib/libzip.so
7fe20689f000-7fe2068a9000 r-xp 00000000 08:01 1843001                    /lib/x86_64-linux-gnu/libnss_files-2.24.so
7fe2068a9000-7fe206aa9000 ---p 0000a000 08:01 1843001                    /lib/x86_64-linux-gnu/libnss_files-2.24.so
7fe206aa9000-7fe206aaa000 r--p 0000a000 08:01 1843001                    /lib/x86_64-linux-gnu/libnss_files-2.24.so
7fe206aaa000-7fe206aab000 rw-p 0000b000 08:01 1843001                    /lib/x86_64-linux-gnu/libnss_files-2.24.so
7fe206aab000-7fe206ab1000 rw-p 00000000 00:00 0 
7fe206ab1000-7fe206abc000 r-xp 00000000 08:01 1843005                    /lib/x86_64-linux-gnu/libnss_nis-2.24.so
7fe206abc000-7fe206cbb000 ---p 0000b000 08:01 1843005                    /lib/x86_64-linux-gnu/libnss_nis-2.24.so
7fe206cbb000-7fe206cbc000 r--p 0000a000 08:01 1843005                    /lib/x86_64-linux-gnu/libnss_nis-2.24.so
7fe206cbc000-7fe206cbd000 rw-p 0000b000 08:01 1843005                    /lib/x86_64-linux-gnu/libnss_nis-2.24.so
7fe206cbd000-7fe206cd1000 r-xp 00000000 08:01 1842995                    /lib/x86_64-linux-gnu/libnsl-2.24.so
7fe206cd1000-7fe206ed1000 ---p 00014000 08:01 1842995                    /lib/x86_64-linux-gnu/libnsl-2.24.so
7fe206ed1000-7fe206ed2000 r--p 00014000 08:01 1842995                    /lib/x86_64-linux-gnu/libnsl-2.24.so
7fe206ed2000-7fe206ed3000 rw-p 00015000 08:01 1842995                    /lib/x86_64-linux-gnu/libnsl-2.24.so
7fe206ed3000-7fe206ed5000 rw-p 00000000 00:00 0 
7fe206ed5000-7fe206edc000 r-xp 00000000 08:01 1842997                    /lib/x86_64-linux-gnu/libnss_compat-2.24.so
7fe206edc000-7fe2070db000 ---p 00007000 08:01 1842997                    /lib/x86_64-linux-gnu/libnss_compat-2.24.so
7fe2070db000-7fe2070dc000 r--p 00006000 08:01 1842997                    /lib/x86_64-linux-gnu/libnss_compat-2.24.so
7fe2070dc000-7fe2070dd000 rw-p 00007000 08:01 1842997                    /lib/x86_64-linux-gnu/libnss_compat-2.24.so
7fe2070dd000-7fe207106000 r-xp 00000000 08:01 2118376                    /usr/lib/jvm/java-11-openjdk-amd64/lib/libjava.so
7fe207106000-7fe207305000 ---p 00029000 08:01 2118376                    /usr/lib/jvm/java-11-openjdk-amd64/lib/libjava.so
7fe207305000-7fe207306000 r--p 00028000 08:01 2118376                    /usr/lib/jvm/java-11-openjdk-amd64/lib/libjava.so
7fe207306000-7fe207308000 rw-p 00029000 08:01 2118376                    /usr/lib/jvm/java-11-openjdk-amd64/lib/libjava.so
7fe207308000-7fe207315000 r-xp 00000000 08:01 2118397                    /usr/lib/jvm/java-11-openjdk-amd64/lib/libverify.so
7fe207315000-7fe207514000 ---p 0000d000 08:01 2118397                    /usr/lib/jvm/java-11-openjdk-amd64/lib/libverify.so
7fe207514000-7fe207516000 r--p 0000c000 08:01 2118397                    /usr/lib/jvm/java-11-openjdk-amd64/lib/libverify.so
7fe207516000-7fe207517000 rw-p 0000e000 08:01 2118397                    /usr/lib/jvm/java-11-openjdk-amd64/lib/libverify.so
7fe207517000-7fe20751e000 r-xp 00000000 08:01 1843022                    /lib/x86_64-linux-gnu/librt-2.24.so
7fe20751e000-7fe20771d000 ---p 00007000 08:01 1843022                    /lib/x86_64-linux-gnu/librt-2.24.so
7fe20771d000-7fe20771e000 r--p 00006000 08:01 1843022                    /lib/x86_64-linux-gnu/librt-2.24.so
7fe20771e000-7fe20771f000 rw-p 00007000 08:01 1843022                    /lib/x86_64-linux-gnu/librt-2.24.so
7fe20771f000-7fe207735000 r-xp 00000000 08:01 1842975                    /lib/x86_64-linux-gnu/libgcc_s.so.1
7fe207735000-7fe207934000 ---p 00016000 08:01 1842975                    /lib/x86_64-linux-gnu/libgcc_s.so.1
7fe207934000-7fe207935000 r--p 00015000 08:01 1842975                    /lib/x86_64-linux-gnu/libgcc_s.so.1
7fe207935000-7fe207936000 rw-p 00016000 08:01 1842975                    /lib/x86_64-linux-gnu/libgcc_s.so.1
7fe207936000-7fe207a39000 r-xp 00000000 08:01 1842984                    /lib/x86_64-linux-gnu/libm-2.24.so
7fe207a39000-7fe207c38000 ---p 00103000 08:01 1842984                    /lib/x86_64-linux-gnu/libm-2.24.so
7fe207c38000-7fe207c39000 r--p 00102000 08:01 1842984                    /lib/x86_64-linux-gnu/libm-2.24.so
7fe207c39000-7fe207c3a000 rw-p 00103000 08:01 1842984                    /lib/x86_64-linux-gnu/libm-2.24.so
7fe207c3a000-7fe207dac000 r-xp 00000000 08:01 1843740                    /usr/lib/x86_64-linux-gnu/libstdc++.so.6.0.22
7fe207dac000-7fe207fac000 ---p 00172000 08:01 1843740                    /usr/lib/x86_64-linux-gnu/libstdc++.so.6.0.22
7fe207fac000-7fe207fb6000 r--p 00172000 08:01 1843740                    /usr/lib/x86_64-linux-gnu/libstdc++.so.6.0.22
7fe207fb6000-7fe207fb8000 rw-p 0017c000 08:01 1843740                    /usr/lib/x86_64-linux-gnu/libstdc++.so.6.0.22
7fe207fb8000-7fe207fbc000 rw-p 00000000 00:00 0 
7fe207fbc000-7fe209044000 r-xp 00000000 08:01 2118411                    /usr/lib/jvm/java-11-openjdk-amd64/lib/server/libjvm.so
7fe209044000-7fe209243000 ---p 01088000 08:01 2118411                    /usr/lib/jvm/java-11-openjdk-amd64/lib/server/libjvm.so
7fe209243000-7fe209300000 r--p 01087000 08:01 2118411                    /usr/lib/jvm/java-11-openjdk-amd64/lib/server/libjvm.so
7fe209300000-7fe20933a000 rw-p 01144000 08:01 2118411                    /usr/lib/jvm/java-11-openjdk-amd64/lib/server/libjvm.so
7fe20933a000-7fe209390000 rw-p 00000000 00:00 0 
7fe209390000-7fe209525000 r-xp 00000000 08:01 1842955                    /lib/x86_64-linux-gnu/libc-2.24.so
7fe209525000-7fe209725000 ---p 00195000 08:01 1842955                    /lib/x86_64-linux-gnu/libc-2.24.so
7fe209725000-7fe209729000 r--p 00195000 08:01 1842955                    /lib/x86_64-linux-gnu/libc-2.24.so
7fe209729000-7fe20972b000 rw-p 00199000 08:01 1842955                    /lib/x86_64-linux-gnu/libc-2.24.so
7fe20972b000-7fe20972f000 rw-p 00000000 00:00 0 
7fe20972f000-7fe209732000 r-xp 00000000 08:01 1842967                    /lib/x86_64-linux-gnu/libdl-2.24.so
7fe209732000-7fe209931000 ---p 00003000 08:01 1842967                    /lib/x86_64-linux-gnu/libdl-2.24.so
7fe209931000-7fe209932000 r--p 00002000 08:01 1842967                    /lib/x86_64-linux-gnu/libdl-2.24.so
7fe209932000-7fe209933000 rw-p 00003000 08:01 1842967                    /lib/x86_64-linux-gnu/libdl-2.24.so
7fe209933000-7fe209942000 r-xp 00000000 08:01 2118358                    /usr/lib/jvm/java-11-openjdk-amd64/lib/jli/libjli.so
7fe209942000-7fe209b41000 ---p 0000f000 08:01 2118358                    /usr/lib/jvm/java-11-openjdk-amd64/lib/jli/libjli.so
7fe209b41000-7fe209b42000 r--p 0000e000 08:01 2118358                    /usr/lib/jvm/java-11-openjdk-amd64/lib/jli/libjli.so
7fe209b42000-7fe209b43000 rw-p 0000f000 08:01 2118358                    /usr/lib/jvm/java-11-openjdk-amd64/lib/jli/libjli.so
7fe209b43000-7fe209b5b000 r-xp 00000000 08:01 1843018                    /lib/x86_64-linux-gnu/libpthread-2.24.so
7fe209b5b000-7fe209d5a000 ---p 00018000 08:01 1843018                    /lib/x86_64-linux-gnu/libpthread-2.24.so
7fe209d5a000-7fe209d5b000 r--p 00017000 08:01 1843018                    /lib/x86_64-linux-gnu/libpthread-2.24.so
7fe209d5b000-7fe209d5c000 rw-p 00018000 08:01 1843018                    /lib/x86_64-linux-gnu/libpthread-2.24.so
7fe209d5c000-7fe209d60000 rw-p 00000000 00:00 0 
7fe209d60000-7fe209d79000 r-xp 00000000 08:01 1843043                    /lib/x86_64-linux-gnu/libz.so.1.2.8
7fe209d79000-7fe209f78000 ---p 00019000 08:01 1843043                    /lib/x86_64-linux-gnu/libz.so.1.2.8
7fe209f78000-7fe209f79000 r--p 00018000 08:01 1843043                    /lib/x86_64-linux-gnu/libz.so.1.2.8
7fe209f79000-7fe209f7a000 rw-p 00019000 08:01 1843043                    /lib/x86_64-linux-gnu/libz.so.1.2.8
7fe209f7a000-7fe209f9d000 r-xp 00000000 08:01 1842937                    /lib/x86_64-linux-gnu/ld-2.24.so
7fe209fb7000-7fe209fe4000 rw-p 00000000 00:00 0 
7fe209fe4000-7fe20a07f000 ---p 00000000 00:00 0 
7fe20a07f000-7fe20a084000 rw-p 00000000 00:00 0 
7fe20a084000-7fe20a08b000 ---p 00000000 00:00 0 
7fe20a08b000-7fe20a08d000 r--s 00007000 08:01 2379129                    /usr/share/java/java-atk-wrapper.jar
7fe20a08d000-7fe20a091000 ---p 00000000 00:00 0 
7fe20a091000-7fe20a192000 rw-p 00000000 00:00 0 
7fe20a193000-7fe20a19b000 rw-s 00000000 08:01 411604                     /tmp/hsperfdata_tanzachary/5996
7fe20a19b000-7fe20a19c000 ---p 00000000 00:00 0 
7fe20a19c000-7fe20a19d000 r--p 00000000 00:00 0 
7fe20a19d000-7fe20a19e000 r--p 00023000 08:01 1842937                    /lib/x86_64-linux-gnu/ld-2.24.so
7fe20a19e000-7fe20a19f000 rw-p 00024000 08:01 1842937                    /lib/x86_64-linux-gnu/ld-2.24.so
7fe20a19f000-7fe20a1a0000 rw-p 00000000 00:00 0 
7ffc8e7e1000-7ffc8e802000 rw-p 00000000 00:00 0                          [stack]
7ffc8e9a0000-7ffc8e9a3000 r--p 00000000 00:00 0                          [vvar]
7ffc8e9a3000-7ffc8e9a5000 r-xp 00000000 00:00 0                          [vdso]
ffffffffff600000-ffffffffff601000 r-xp 00000000 00:00 0                  [vsyscall]


VM Arguments:
jvm_args: -Dclassworlds.conf=/opt/maven/bin/m2.conf -Dmaven.home=/opt/maven -Dlibrary.jansi.path=/opt/maven/lib/jansi-native -Dmaven.multiModuleProjectDirectory=/home/tanzachary/step/portfolio 
java_command: org.codehaus.plexus.classworlds.launcher.Launcher package appengine:run
java_class_path (initial): /opt/maven/boot/plexus-classworlds-2.6.0.jar
Launcher Type: SUN_STANDARD

[Global flags]
     intx CICompilerCount                          = 2                                         {product} {ergonomic}
   size_t InitialHeapSize                          = 33554432                                  {product} {ergonomic}
   size_t MaxHeapSize                              = 524288000                                 {product} {ergonomic}
   size_t MaxNewSize                               = 174718976                                 {product} {ergonomic}
   size_t MinHeapDeltaBytes                        = 196608                                    {product} {ergonomic}
   size_t NewSize                                  = 11141120                                  {product} {ergonomic}
    uintx NonNMethodCodeHeapSize                   = 5825164                                {pd product} {ergonomic}
    uintx NonProfiledCodeHeapSize                  = 122916538                              {pd product} {ergonomic}
   size_t OldSize                                  = 22413312                                  {product} {ergonomic}
    uintx ProfiledCodeHeapSize                     = 122916538                              {pd product} {ergonomic}
    uintx ReservedCodeCacheSize                    = 251658240                              {pd product} {ergonomic}
     bool SegmentedCodeCache                       = true                                      {product} {ergonomic}
     bool UseCompressedClassPointers               = true                                 {lp64_product} {ergonomic}
     bool UseCompressedOops                        = true                                 {lp64_product} {ergonomic}
     bool UseSerialGC                              = true                                      {product} {ergonomic}

Logging:
Log output configuration:
 #0: stdout all=warning uptime,level,tags
 #1: stderr all=off uptime,level,tags

Environment Variables:
JAVA_HOME=/usr/lib/jvm/java-11-openjdk-amd64
PATH=/home/tanzachary/step/portfolio/node_modules/.bin:/home/tanzachary/gopath/bin:/google/gopath/bin:/home/tanzachary/.gems/bin:/usr/local/go/bin:/opt/gradle/bin:/opt/maven/bin:/usr/local/sbin:/usr/local/bin:/usr/sbin:/usr/bin:/sbin:/bin:/usr/local/nvm/versions/node/v10.14.2/bin:/google/go_appengine:/google/google_appengine:/google/migrate/anthos/
SHELL=/bin/bash

Signal Handlers:
SIGSEGV: [libjvm.so+0xd9bff0], sa_mask[0]=11111111011111111101111111111110, sa_flags=SA_RESTART|SA_SIGINFO
SIGBUS: [libjvm.so+0xd9bff0], sa_mask[0]=11111111011111111101111111111110, sa_flags=SA_RESTART|SA_SIGINFO
SIGFPE: [libjvm.so+0xd9bff0], sa_mask[0]=11111111011111111101111111111110, sa_flags=SA_RESTART|SA_SIGINFO
SIGPIPE: [libjvm.so+0xb8fcf0], sa_mask[0]=11111111011111111101111111111110, sa_flags=SA_RESTART|SA_SIGINFO
SIGXFSZ: [libjvm.so+0xb8fcf0], sa_mask[0]=11111111011111111101111111111110, sa_flags=SA_RESTART|SA_SIGINFO
SIGILL: [libjvm.so+0xd9bff0], sa_mask[0]=11111111011111111101111111111110, sa_flags=SA_RESTART|SA_SIGINFO
SIGUSR2: [libjvm.so+0xb8fb90], sa_mask[0]=00000000000000000000000000000000, sa_flags=SA_RESTART|SA_SIGINFO
SIGHUP: [libjvm.so+0xb8fef0], sa_mask[0]=11111111011111111101111111111110, sa_flags=SA_RESTART|SA_SIGINFO
SIGINT: [libjvm.so+0xb8fef0], sa_mask[0]=11111111011111111101111111111110, sa_flags=SA_RESTART|SA_SIGINFO
SIGTERM: [libjvm.so+0xb8fef0], sa_mask[0]=11111111011111111101111111111110, sa_flags=SA_RESTART|SA_SIGINFO
SIGQUIT: [libjvm.so+0xb8fef0], sa_mask[0]=11111111011111111101111111111110, sa_flags=SA_RESTART|SA_SIGINFO


---------------  S Y S T E M  ---------------

OS:PRETTY_NAME="Debian GNU/Linux 9 (stretch)"
NAME="Debian GNU/Linux"
VERSION_ID="9"
VERSION="9 (stretch)"
VERSION_CODENAME=stretch
ID=debian
HOME_URL="https://www.debian.org/"
SUPPORT_URL="https://www.debian.org/support"
BUG_REPORT_URL="https://bugs.debian.org/"
uname:Linux 4.19.112+ #1 SMP Wed May 6 00:27:44 PDT 2020 x86_64
libc:glibc 2.24 NPTL 2.24 
rlimit: STACK 8192k, CORE infinity, NPROC infinity, NOFILE 1048576, AS infinity, DATA infinity, FSIZE infinity
load average:1.23 1.01 0.90

/proc/meminfo:
MemTotal:        2043884 kB
MemFree:           90340 kB
MemAvailable:     805412 kB
Buffers:           63964 kB
Cached:           669160 kB
SwapCached:          740 kB
Active:           877596 kB
Inactive:         762688 kB
Active(anon):     458776 kB
Inactive(anon):   422364 kB
Active(file):     418820 kB
Inactive(file):   340324 kB
Unevictable:           0 kB
Mlocked:               0 kB
SwapTotal:        786428 kB
SwapFree:         702460 kB
Dirty:              1344 kB
Writeback:             0 kB
AnonPages:        906628 kB
Mapped:           420412 kB
Shmem:               820 kB
Slab:             195032 kB
SReclaimable:     143548 kB
SUnreclaim:        51484 kB
KernelStack:        8440 kB
PageTables:        14340 kB
NFS_Unstable:          0 kB
Bounce:                0 kB
WritebackTmp:          0 kB
CommitLimit:     1808368 kB
Committed_AS:    5241116 kB
VmallocTotal:   34359738367 kB
VmallocUsed:           0 kB
VmallocChunk:          0 kB
Percpu:              968 kB
AnonHugePages:      2048 kB
ShmemHugePages:        0 kB
ShmemPmdMapped:        0 kB
HugePages_Total:       0
HugePages_Free:        0
HugePages_Rsvd:        0
HugePages_Surp:        0
Hugepagesize:       2048 kB
Hugetlb:               0 kB
DirectMap4k:       85180 kB
DirectMap2M:     2011136 kB
DirectMap1G:           0 kB


/proc/sys/kernel/threads-max (system-wide limit on the number of threads):
15631


/proc/sys/vm/max_map_count (maximum number of memory map areas a process may have):
65530


/proc/sys/kernel/pid_max (system-wide limit on number of process identifiers):
4194304



container (cgroup) information:
container_type: cgroupv1
cpu_cpuset_cpus: 0-1
cpu_memory_nodes: 0
active_processor_count: 1
cpu_quota: -1
cpu_period: 100000
cpu_shares: 2
memory_limit_in_bytes: -1
memory_and_swap_limit_in_bytes: -1
memory_soft_limit_in_bytes: -1
memory_usage_in_bytes: 620904448
memory_max_usage_in_bytes: 684109824

KVM virtualization detected
Steal ticks since vm start: 3
Steal ticks percentage since vm start:  0.000

CPU:total 2 (initial active 1) (1 cores per cpu, 2 threads per core) family 6 model 63 stepping 0, cmov, cx8, fxsr, mmx, sse, sse2, sse3, ssse3, sse4.1, sse4.2, popcnt, avx, avx2, aes, clmul, erms, lzcnt, ht, tsc, tscinvbit, bmi1, bmi2, fma
CPU Model and flags from /proc/cpuinfo:
model name	: Intel(R) Xeon(R) CPU @ 2.30GHz
flags		: fpu vme de pse tsc msr pae mce cx8 apic sep mtrr pge mca cmov pat pse36 clflush mmx fxsr sse sse2 ss ht syscall nx pdpe1gb rdtscp lm constant_tsc rep_good nopl xtopology nonstop_tsc cpuid tsc_known_freq pni pclmulqdq ssse3 fma cx16 pcid sse4_1 sse4_2 x2apic movbe popcnt aes xsave avx f16c rdrand hypervisor lahf_lm abm invpcid_single pti ssbd ibrs ibpb stibp fsgsbase tsc_adjust bmi1 avx2 smep bmi2 erms invpcid xsaveopt arat md_clear arch_capabilities

Memory: 4k page, physical 2043884k(90340k free), swap 786428k(702460k free)

vm_info: OpenJDK 64-Bit Server VM (11.0.6+10-post-Debian-1bpo91) for linux-amd64 JRE (11.0.6+10-post-Debian-1bpo91), built on Feb  1 2020 09:07:43 by "unknown" with gcc 6.3.0 20170516

END.
