#
# A fatal error has been detected by the Java Runtime Environment:
#
#  SIGSEGV (0xb) at pc=0x00007f70eca04bc0, pid=5155, tid=5155
#
# JRE version: OpenJDK Runtime Environment (11.0.6+10) (build 11.0.6+10-post-Debian-1bpo91)
# Java VM: OpenJDK 64-Bit Server VM (11.0.6+10-post-Debian-1bpo91, mixed mode, sharing, tiered, compressed oops, serial gc, linux-amd64)
# Problematic frame:
# V  [libjvm.so+0xb8fbc0]
#
# Core dump will be written. Default location: Core dumps may be processed with "/sbin/crash_reporter --user=%P:%s:%u:%g:%e" (or dumping to /home/tanzachary/step/portfolio/core.5155)
#
# If you would like to submit a bug report, please visit:
#   https://bugs.debian.org/openjdk-11
#

---------------  S U M M A R Y ------------

Command Line: -Dclassworlds.conf=/opt/maven/bin/m2.conf -Dmaven.home=/opt/maven -Dlibrary.jansi.path=/opt/maven/lib/jansi-native -Dmaven.multiModuleProjectDirectory=/home/tanzachary/step/portfolio org.codehaus.plexus.classworlds.launcher.Launcher package appengine:run

Host: Intel(R) Xeon(R) CPU @ 2.30GHz, 2 cores, 1G, Debian GNU/Linux 9 (stretch)
Time: Thu May 28 17:47:48 2020 EDT elapsed time: 9 seconds (0d 0h 0m 9s)

---------------  T H R E A D  ---------------

Current thread is native thread

Stack: [0x00007fff8da67000,0x00007fff8e265000],  sp=0x00007fff8e25f7c0,  free space=8161k
Native frames: (J=compiled Java code, A=aot compiled Java code, j=interpreted, Vv=VM code, C=native code)
V  [libjvm.so+0xb8fbc0]
C  [libpthread.so.0+0x110e0]


siginfo: si_signo: 11 (SIGSEGV), si_code: 1 (SEGV_MAPERR), si_addr: 0x00000000000000d0

Register to memory mapping:

RAX=0x0 is NULL
RBX=
[error occurred during error reporting (printing register info), id 0xb, SIGSEGV (0xb) at pc=0x00007f70ecbab9e7]

Registers:
RAX=0x0000000000000000, RBX=0x00007f70ee047e18, RCX=0x00007f70eda046dd, RDX=0x0000000000000000
RSP=0x00007fff8e25f7c0, RBP=0x00007fff8e25f870, RSI=0x00007fff8e25f9b0, RDI=0x0000000000000001
R8 =0x00000000000000ca, R9 =0x00007f70ee0469d0, R10=0x0000000000000000, R11=0x0000000000000246
R12=0x0000000000000000, R13=0x00007fff8e25f9b0, R14=0x00007fff8e25f880, R15=0x00007f70ee046d28
RIP=0x00007f70eca04bc0, EFLAGS=0x0000000000010246, CSGSFS=0x002b000000000033, ERR=0x0000000000000004
  TRAPNO=0x000000000000000e

Top of Stack: (sp=0x00007fff8e25f7c0)
0x00007fff8e25f7c0:   0000000001e5cb59 00007f70ed25a038
0x00007fff8e25f7d0:   00007fff8e25f8f0 00007f70ed24cd90
0x00007fff8e25f7e0:   00007fff8e25f814 00007fff8e25f8e0
0x00007fff8e25f7f0:   000055c992103c70 000000000000000b 

Instructions: (pc=0x00007f70eca04bc0)
0x00007f70eca04ac0:   c0 74 03 c6 00 00 4c 89 f7 4c 89 fa 48 89 de e8
0x00007f70eca04ad0:   dc db 6d ff 4c 89 e7 e8 24 df 6d ff 48 81 c4 08
0x00007f70eca04ae0:   01 00 00 5b 41 5c 41 5d 41 5e 41 5f 5d c3 4c 89
0x00007f70eca04af0:   e2 be 00 01 00 00 48 89 df e8 92 e1 6d ff 48 85
0x00007f70eca04b00:   c0 74 ae 48 8d 35 b1 46 2f 00 48 89 df e8 5e df
0x00007f70eca04b10:   6d ff 48 85 c0 74 41 66 0f 1f 84 00 00 00 00 00
0x00007f70eca04b20:   be 22 00 00 00 48 89 df e8 d3 df 6d ff 48 85 c0
0x00007f70eca04b30:   74 46 48 8d 58 01 be 22 00 00 00 48 89 df e8 bd
0x00007f70eca04b40:   df 6d ff 48 85 c0 0f 85 77 ff ff ff e9 75 ff ff
0x00007f70eca04b50:   ff 0f 1f 80 00 00 00 00 48 8d 35 71 46 2f 00 48
0x00007f70eca04b60:   89 df e8 09 df 6d ff 48 85 c0 0f 84 41 ff ff ff
0x00007f70eca04b70:   eb ae 66 0f 1f 44 00 00 48 89 df be 3d 00 00 00
0x00007f70eca04b80:   e8 7b df 6d ff 48 8d 58 01 e9 23 ff ff ff 66 90
0x00007f70eca04b90:   55 48 89 e5 41 57 41 56 41 55 41 54 49 89 d6 53
0x00007f70eca04ba0:   49 89 f5 48 81 ec 88 00 00 00 e8 81 e6 6d ff 48
0x00007f70eca04bb0:   89 c3 44 8b 20 e8 26 58 1a 00 31 d2 84 c0 75 38
0x00007f70eca04bc0:   48 83 ba d0 00 00 00 00 74 16 4c 8b ba 68 02 00
0x00007f70eca04bd0:   00 41 8b 87 a8 00 00 00 83 f8 01 74 2b 44 89 23
0x00007f70eca04be0:   48 81 c4 88 00 00 00 5b 41 5c 41 5d 41 5e 41 5f
0x00007f70eca04bf0:   5d c3 66 0f 1f 44 00 00 e8 f3 57 1a 00 48 89 c2
0x00007f70eca04c00:   eb be 66 0f 1f 44 00 00 4d 89 af b0 00 00 00 4d
0x00007f70eca04c10:   8d af a8 00 00 00 4d 89 b7 b8 00 00 00 ba 02 00
0x00007f70eca04c20:   00 00 be 01 00 00 00 4c 89 ef e8 01 cb ff ff 83
0x00007f70eca04c30:   f8 02 74 3c 85 c0 75 18 49 c7 87 b8 00 00 00 00
0x00007f70eca04c40:   00 00 00 49 c7 87 b0 00 00 00 00 00 00 00 eb 8d
0x00007f70eca04c50:   48 8d 05 51 96 7b 00 48 8d 3d 7a 4e 2f 00 be 64
0x00007f70eca04c60:   11 00 00 48 8b 00 c6 00 58 e8 22 16 ab ff eb c8
0x00007f70eca04c70:   4c 8d b5 50 ff ff ff 4c 89 f7 e8 11 e2 6d ff 4c
0x00007f70eca04c80:   89 f2 31 f6 31 ff e8 15 e3 6d ff 8b 35 ff 37 7d
0x00007f70eca04c90:   00 4c 89 f7 e8 c7 de 6d ff 48 8d 3d 60 73 81 00
0x00007f70eca04ca0:   be 01 00 00 00 e8 a6 bc 0c 00 66 0f 1f 44 00 00
0x00007f70eca04cb0:   4c 89 f7 e8 d8 e5 6d ff 31 d2 be 03 00 00 00 4c 


Stack slot to memory mapping:
stack at sp + 0 slots: 
[error occurred during error reporting (inspecting top of stack), id 0xb, SIGSEGV (0xb) at pc=0x00007f70ecbab9e7]


---------------  P R O C E S S  ---------------

VM state:not at safepoint (normal execution)

VM Mutex/Monitor currently owned by a thread: None

Heap address: 0x00000000e0c00000, size: 500 MB, Compressed Oops mode: 32-bit
Narrow klass base: 0x0000000800000000, Narrow klass shift: 3
Compressed class space size: 1073741824 Address: 0x0000000840000000

Heap:
 def new generation   total 10240K, used 2163K [0x00000000e0c00000, 0x00000000e1710000, 0x00000000eb2a0000)
  eden space 9152K,  23% used [0x00000000e0c00000, 0x00000000e0e1cce0, 0x00000000e14f0000)
  from space 1088K,   0% used [0x00000000e14f0000, 0x00000000e14f0000, 0x00000000e1600000)
  to   space 1088K,   0% used [0x00000000e1600000, 0x00000000e1600000, 0x00000000e1710000)
 tenured generation   total 22636K, used 13580K [0x00000000eb2a0000, 0x00000000ec8bb000, 0x0000000100000000)
   the space 22636K,  59% used [0x00000000eb2a0000, 0x00000000ebfe3290, 0x00000000ebfe3400, 0x00000000ec8bb000)
 Metaspace       used 20964K, capacity 21694K, committed 21808K, reserved 1069056K
  class space    used 2414K, capacity 2664K, committed 2688K, reserved 1048576K

Card table byte_map: [0x00007f70ea079000,0x00007f70ea174000] _byte_map_base: 0x00007f70e9973000

Polling page: 0x00007f70ee054000

Metaspace:

Usage:
  Non-class:     18.58 MB capacity,    18.12 MB ( 97%) used,   442.79 KB (  2%) free+waste,    37.38 KB ( <1%) overhead. 
      Class:      2.60 MB capacity,     2.36 MB ( 91%) used,   231.22 KB (  9%) free+waste,    18.00 KB ( <1%) overhead. 
       Both:     21.19 MB capacity,    20.47 MB ( 97%) used,   674.01 KB (  3%) free+waste,    55.38 KB ( <1%) overhead. 

Virtual space:
  Non-class space:       20.00 MB reserved,      18.67 MB ( 93%) committed 
      Class space:        1.00 GB reserved,       2.62 MB ( <1%) committed 
             Both:        1.02 GB reserved,      21.30 MB (  2%) committed 

Chunk freelists:
   Non-Class:  42.00 KB
       Class:  0 bytes
        Both:  42.00 KB

MaxMetaspaceSize: unlimited
CompressedClassSpaceSize: 1.00 GB

CodeHeap 'non-profiled nmethods': size=120036Kb used=1576Kb max_used=1576Kb free=118459Kb
 bounds [0x00007f70d43d7000, 0x00007f70d4647000, 0x00007f70db910000]
CodeHeap 'profiled nmethods': size=120032Kb used=8356Kb max_used=8356Kb free=111676Kb
 bounds [0x00007f70cce9f000, 0x00007f70cd6cf000, 0x00007f70d43d7000]
CodeHeap 'non-nmethods': size=5692Kb used=1146Kb max_used=1159Kb free=4545Kb
 bounds [0x00007f70cc910000, 0x00007f70ccb80000, 0x00007f70cce9f000]
 total_blobs=5390 nmethods=4137 adapters=398
 compilation: enabled
              stopped_count=0, restarted_count=0
 full_count=0

Compilation events (20 events):
Event: 8.354 Thread 0x00007f70e405b800 4136       3       sun.nio.cs.UTF_8$Encoder::encodeLoop (28 bytes)
Event: 8.355 Thread 0x00007f70e405b800 nmethod 4136 0x00007f70cd6c4490 code [0x00007f70cd6c4680, 0x00007f70cd6c4ad8]
Event: 8.355 Thread 0x00007f70e4059800 4137       4       sun.nio.cs.UTF_8$Encoder::encodeArrayLoop (489 bytes)
Event: 8.368 Thread 0x00007f70e4059800 nmethod 4137 0x00007f70d4560190 code [0x00007f70d4560360, 0x00007f70d45608d8]
Event: 8.718 Thread 0x00007f70e405b800 4138       3       java.util.regex.Pattern$BmpCharPredicate$$Lambda$4/0x0000000840064840::is (13 bytes)
Event: 8.718 Thread 0x00007f70e405b800 nmethod 4138 0x00007f70cd6c4c10 code [0x00007f70cd6c4e00, 0x00007f70cd6c5298]
Event: 8.720 Thread 0x00007f70e405b800 4140       3       java.lang.AbstractStringBuilder::append (45 bytes)
Event: 8.720 Thread 0x00007f70e405b800 nmethod 4140 0x00007f70cd6c5410 code [0x00007f70cd6c5640, 0x00007f70cd6c5bd8]
Event: 8.721 Thread 0x00007f70e405b800 4141       3       java.lang.String::valueOf (39 bytes)
Event: 8.721 Thread 0x00007f70e405b800 nmethod 4141 0x00007f70cd6c5e10 code [0x00007f70cd6c6000, 0x00007f70cd6c66f0]
Event: 8.721 Thread 0x00007f70e405b800 4139       3       java.lang.AbstractStringBuilder::putStringAt (29 bytes)
Event: 8.721 Thread 0x00007f70e405b800 nmethod 4139 0x00007f70cd6c6910 code [0x00007f70cd6c6b00, 0x00007f70cd6c6e78]
Event: 8.739 Thread 0x00007f70e4059800 4142       4       java.nio.CharBuffer::charAt (16 bytes)
Event: 8.741 Thread 0x00007f70e4059800 nmethod 4142 0x00007f70d4560d90 code [0x00007f70d4560f20, 0x00007f70d4561058]
Event: 8.741 Thread 0x00007f70e405b800 4143       3       java.util.regex.Matcher::end (22 bytes)
Event: 8.741 Thread 0x00007f70e405b800 nmethod 4143 0x00007f70cd6c6f90 code [0x00007f70cd6c7160, 0x00007f70cd6c7408]
Event: 8.763 Thread 0x00007f70e405b800 4144       3       java.io.FileInputStream::available (5 bytes)
Event: 8.763 Thread 0x00007f70e405b800 nmethod 4144 0x00007f70cd6c7510 code [0x00007f70cd6c76c0, 0x00007f70cd6c7868]
Event: 8.764 Thread 0x00007f70e405b800 4145       3       java.lang.String::getBytes (44 bytes)
Event: 8.764 Thread 0x00007f70e405b800 nmethod 4145 0x00007f70cd6c7910 code [0x00007f70cd6c7b00, 0x00007f70cd6c7e98]

GC Heap History (20 events):
Event: 3.539 GC heap before
{Heap before GC invocations=12 (full 0):
 def new generation   total 9792K, used 9661K [0x00000000e0c00000, 0x00000000e16a0000, 0x00000000eb2a0000)
  eden space 8704K, 100% used [0x00000000e0c00000, 0x00000000e1480000, 0x00000000e1480000)
  from space 1088K,  88% used [0x00000000e1480000, 0x00000000e156f728, 0x00000000e1590000)
  to   space 1088K,   0% used [0x00000000e1590000, 0x00000000e1590000, 0x00000000e16a0000)
 tenured generation   total 21888K, used 7339K [0x00000000eb2a0000, 0x00000000ec800000, 0x0000000100000000)
   the space 21888K,  33% used [0x00000000eb2a0000, 0x00000000eb9caf10, 0x00000000eb9cb000, 0x00000000ec800000)
 Metaspace       used 14084K, capacity 15629K, committed 15744K, reserved 1062912K
  class space    used 1609K, capacity 1831K, committed 1920K, reserved 1048576K
}
Event: 3.542 GC heap after
{Heap after GC invocations=13 (full 0):
 def new generation   total 9792K, used 840K [0x00000000e0c00000, 0x00000000e16a0000, 0x00000000eb2a0000)
  eden space 8704K,   0% used [0x00000000e0c00000, 0x00000000e0c00000, 0x00000000e1480000)
  from space 1088K,  77% used [0x00000000e1590000, 0x00000000e1662168, 0x00000000e16a0000)
  to   space 1088K,   0% used [0x00000000e1480000, 0x00000000e1480000, 0x00000000e1590000)
 tenured generation   total 21888K, used 7800K [0x00000000eb2a0000, 0x00000000ec800000, 0x0000000100000000)
   the space 21888K,  35% used [0x00000000eb2a0000, 0x00000000eba3e2e8, 0x00000000eba3e400, 0x00000000ec800000)
 Metaspace       used 14084K, capacity 15629K, committed 15744K, reserved 1062912K
  class space    used 1609K, capacity 1831K, committed 1920K, reserved 1048576K
}
Event: 3.832 GC heap before
{Heap before GC invocations=13 (full 0):
 def new generation   total 9792K, used 9544K [0x00000000e0c00000, 0x00000000e16a0000, 0x00000000eb2a0000)
  eden space 8704K, 100% used [0x00000000e0c00000, 0x00000000e1480000, 0x00000000e1480000)
  from space 1088K,  77% used [0x00000000e1590000, 0x00000000e1662168, 0x00000000e16a0000)
  to   space 1088K,   0% used [0x00000000e1480000, 0x00000000e1480000, 0x00000000e1590000)
 tenured generation   total 21888K, used 7800K [0x00000000eb2a0000, 0x00000000ec800000, 0x0000000100000000)
   the space 21888K,  35% used [0x00000000eb2a0000, 0x00000000eba3e2e8, 0x00000000eba3e400, 0x00000000ec800000)
 Metaspace       used 14502K, capacity 15985K, committed 16256K, reserved 1062912K
  class space    used 1638K, capacity 1867K, committed 1920K, reserved 1048576K
}
Event: 3.837 GC heap after
{Heap after GC invocations=14 (full 0):
 def new generation   total 9792K, used 987K [0x00000000e0c00000, 0x00000000e16a0000, 0x00000000eb2a0000)
  eden space 8704K,   0% used [0x00000000e0c00000, 0x00000000e0c00000, 0x00000000e1480000)
  from space 1088K,  90% used [0x00000000e1480000, 0x00000000e1576e30, 0x00000000e1590000)
  to   space 1088K,   0% used [0x00000000e1590000, 0x00000000e1590000, 0x00000000e16a0000)
 tenured generation   total 21888K, used 8175K [0x00000000eb2a0000, 0x00000000ec800000, 0x0000000100000000)
   the space 21888K,  37% used [0x00000000eb2a0000, 0x00000000eba9bfc8, 0x00000000eba9c000, 0x00000000ec800000)
 Metaspace       used 14502K, capacity 15985K, committed 16256K, reserved 1062912K
  class space    used 1638K, capacity 1867K, committed 1920K, reserved 1048576K
}
Event: 4.025 GC heap before
{Heap before GC invocations=14 (full 0):
 def new generation   total 9792K, used 9691K [0x00000000e0c00000, 0x00000000e16a0000, 0x00000000eb2a0000)
  eden space 8704K, 100% used [0x00000000e0c00000, 0x00000000e1480000, 0x00000000e1480000)
  from space 1088K,  90% used [0x00000000e1480000, 0x00000000e1576e30, 0x00000000e1590000)
  to   space 1088K,   0% used [0x00000000e1590000, 0x00000000e1590000, 0x00000000e16a0000)
 tenured generation   total 21888K, used 8175K [0x00000000eb2a0000, 0x00000000ec800000, 0x0000000100000000)
   the space 21888K,  37% used [0x00000000eb2a0000, 0x00000000eba9bfc8, 0x00000000eba9c000, 0x00000000ec800000)
 Metaspace       used 14973K, capacity 16422K, committed 16512K, reserved 1064960K
  class space    used 1665K, capacity 1902K, committed 1920K, reserved 1048576K
}
Event: 4.030 GC heap after
{Heap after GC invocations=15 (full 0):
 def new generation   total 9792K, used 547K [0x00000000e0c00000, 0x00000000e16a0000, 0x00000000eb2a0000)
  eden space 8704K,   0% used [0x00000000e0c00000, 0x00000000e0c00000, 0x00000000e1480000)
  from space 1088K,  50% used [0x00000000e1590000, 0x00000000e1618de8, 0x00000000e16a0000)
  to   space 1088K,   0% used [0x00000000e1480000, 0x00000000e1480000, 0x00000000e1590000)
 tenured generation   total 21888K, used 9120K [0x00000000eb2a0000, 0x00000000ec800000, 0x0000000100000000)
   the space 21888K,  41% used [0x00000000eb2a0000, 0x00000000ebb88390, 0x00000000ebb88400, 0x00000000ec800000)
 Metaspace       used 14973K, capacity 16422K, committed 16512K, reserved 1064960K
  class space    used 1665K, capacity 1902K, committed 1920K, reserved 1048576K
}
Event: 4.145 GC heap before
{Heap before GC invocations=15 (full 0):
 def new generation   total 9792K, used 9251K [0x00000000e0c00000, 0x00000000e16a0000, 0x00000000eb2a0000)
  eden space 8704K, 100% used [0x00000000e0c00000, 0x00000000e1480000, 0x00000000e1480000)
  from space 1088K,  50% used [0x00000000e1590000, 0x00000000e1618de8, 0x00000000e16a0000)
  to   space 1088K,   0% used [0x00000000e1480000, 0x00000000e1480000, 0x00000000e1590000)
 tenured generation   total 21888K, used 9120K [0x00000000eb2a0000, 0x00000000ec800000, 0x0000000100000000)
   the space 21888K,  41% used [0x00000000eb2a0000, 0x00000000ebb88390, 0x00000000ebb88400, 0x00000000ec800000)
 Metaspace       used 15603K, capacity 17202K, committed 17536K, reserved 1064960K
  class space    used 1785K, capacity 2078K, committed 2176K, reserved 1048576K
}
Event: 4.149 GC heap after
{Heap after GC invocations=16 (full 0):
 def new generation   total 9792K, used 481K [0x00000000e0c00000, 0x00000000e16a0000, 0x00000000eb2a0000)
  eden space 8704K,   0% used [0x00000000e0c00000, 0x00000000e0c00000, 0x00000000e1480000)
  from space 1088K,  44% used [0x00000000e1480000, 0x00000000e14f86c8, 0x00000000e1590000)
  to   space 1088K,   0% used [0x00000000e1590000, 0x00000000e1590000, 0x00000000e16a0000)
 tenured generation   total 21888K, used 9616K [0x00000000eb2a0000, 0x00000000ec800000, 0x0000000100000000)
   the space 21888K,  43% used [0x00000000eb2a0000, 0x00000000ebc04088, 0x00000000ebc04200, 0x00000000ec800000)
 Metaspace       used 15603K, capacity 17202K, committed 17536K, reserved 1064960K
  class space    used 1785K, capacity 2078K, committed 2176K, reserved 1048576K
}
Event: 4.411 GC heap before
{Heap before GC invocations=16 (full 0):
 def new generation   total 9792K, used 9185K [0x00000000e0c00000, 0x00000000e16a0000, 0x00000000eb2a0000)
  eden space 8704K, 100% used [0x00000000e0c00000, 0x00000000e1480000, 0x00000000e1480000)
  from space 1088K,  44% used [0x00000000e1480000, 0x00000000e14f86c8, 0x00000000e1590000)
  to   space 1088K,   0% used [0x00000000e1590000, 0x00000000e1590000, 0x00000000e16a0000)
 tenured generation   total 21888K, used 9616K [0x00000000eb2a0000, 0x00000000ec800000, 0x0000000100000000)
   the space 21888K,  43% used [0x00000000eb2a0000, 0x00000000ebc04088, 0x00000000ebc04200, 0x00000000ec800000)
 Metaspace       used 17401K, capacity 18385K, committed 18432K, reserved 1064960K
  class space    used 2002K, capacity 2261K, committed 2304K, reserved 1048576K
}
Event: 4.415 GC heap after
{Heap after GC invocations=17 (full 0):
 def new generation   total 9792K, used 1087K [0x00000000e0c00000, 0x00000000e16a0000, 0x00000000eb2a0000)
  eden space 8704K,   0% used [0x00000000e0c00000, 0x00000000e0c00000, 0x00000000e1480000)
  from space 1088K,  99% used [0x00000000e1590000, 0x00000000e169fff8, 0x00000000e16a0000)
  to   space 1088K,   0% used [0x00000000e1480000, 0x00000000e1480000, 0x00000000e1590000)
 tenured generation   total 21888K, used 9622K [0x00000000eb2a0000, 0x00000000ec800000, 0x0000000100000000)
   the space 21888K,  43% used [0x00000000eb2a0000, 0x00000000ebc059e8, 0x00000000ebc05a00, 0x00000000ec800000)
 Metaspace       used 17401K, capacity 18385K, committed 18432K, reserved 1064960K
  class space    used 2002K, capacity 2261K, committed 2304K, reserved 1048576K
}
Event: 4.802 GC heap before
{Heap before GC invocations=17 (full 0):
 def new generation   total 9792K, used 9791K [0x00000000e0c00000, 0x00000000e16a0000, 0x00000000eb2a0000)
  eden space 8704K, 100% used [0x00000000e0c00000, 0x00000000e1480000, 0x00000000e1480000)
  from space 1088K,  99% used [0x00000000e1590000, 0x00000000e169fff8, 0x00000000e16a0000)
  to   space 1088K,   0% used [0x00000000e1480000, 0x00000000e1480000, 0x00000000e1590000)
 tenured generation   total 21888K, used 9622K [0x00000000eb2a0000, 0x00000000ec800000, 0x0000000100000000)
   the space 21888K,  43% used [0x00000000eb2a0000, 0x00000000ebc059e8, 0x00000000ebc05a00, 0x00000000ec800000)
 Metaspace       used 17705K, capacity 18546K, committed 18688K, reserved 1064960K
  class space    used 2027K, capacity 2271K, committed 2304K, reserved 1048576K
}
Event: 4.808 GC heap after
{Heap after GC invocations=18 (full 0):
 def new generation   total 9792K, used 929K [0x00000000e0c00000, 0x00000000e16a0000, 0x00000000eb2a0000)
  eden space 8704K,   0% used [0x00000000e0c00000, 0x00000000e0c00000, 0x00000000e1480000)
  from space 1088K,  85% used [0x00000000e1480000, 0x00000000e1568538, 0x00000000e1590000)
  to   space 1088K,   0% used [0x00000000e1590000, 0x00000000e1590000, 0x00000000e16a0000)
 tenured generation   total 21888K, used 10678K [0x00000000eb2a0000, 0x00000000ec800000, 0x0000000100000000)
   the space 21888K,  48% used [0x00000000eb2a0000, 0x00000000ebd0dbe8, 0x00000000ebd0dc00, 0x00000000ec800000)
 Metaspace       used 17705K, capacity 18546K, committed 18688K, reserved 1064960K
  class space    used 2027K, capacity 2271K, committed 2304K, reserved 1048576K
}
Event: 4.955 GC heap before
{Heap before GC invocations=18 (full 0):
 def new generation   total 9792K, used 9633K [0x00000000e0c00000, 0x00000000e16a0000, 0x00000000eb2a0000)
  eden space 8704K, 100% used [0x00000000e0c00000, 0x00000000e1480000, 0x00000000e1480000)
  from space 1088K,  85% used [0x00000000e1480000, 0x00000000e1568538, 0x00000000e1590000)
  to   space 1088K,   0% used [0x00000000e1590000, 0x00000000e1590000, 0x00000000e16a0000)
 tenured generation   total 21888K, used 10678K [0x00000000eb2a0000, 0x00000000ec800000, 0x0000000100000000)
   the space 21888K,  48% used [0x00000000eb2a0000, 0x00000000ebd0dbe8, 0x00000000ebd0dc00, 0x00000000ec800000)
 Metaspace       used 17785K, capacity 18617K, committed 18688K, reserved 1064960K
  class space    used 2029K, capacity 2273K, committed 2304K, reserved 1048576K
}
Event: 4.962 GC heap after
{Heap after GC invocations=19 (full 0):
 def new generation   total 9792K, used 518K [0x00000000e0c00000, 0x00000000e16a0000, 0x00000000eb2a0000)
  eden space 8704K,   0% used [0x00000000e0c00000, 0x00000000e0c00000, 0x00000000e1480000)
  from space 1088K,  47% used [0x00000000e1590000, 0x00000000e1611820, 0x00000000e16a0000)
  to   space 1088K,   0% used [0x00000000e1480000, 0x00000000e1480000, 0x00000000e1590000)
 tenured generation   total 21888K, used 11464K [0x00000000eb2a0000, 0x00000000ec800000, 0x0000000100000000)
   the space 21888K,  52% used [0x00000000eb2a0000, 0x00000000ebdd2030, 0x00000000ebdd2200, 0x00000000ec800000)
 Metaspace       used 17785K, capacity 18617K, committed 18688K, reserved 1064960K
  class space    used 2029K, capacity 2273K, committed 2304K, reserved 1048576K
}
Event: 5.152 GC heap before
{Heap before GC invocations=19 (full 0):
 def new generation   total 9792K, used 9222K [0x00000000e0c00000, 0x00000000e16a0000, 0x00000000eb2a0000)
  eden space 8704K, 100% used [0x00000000e0c00000, 0x00000000e1480000, 0x00000000e1480000)
  from space 1088K,  47% used [0x00000000e1590000, 0x00000000e1611820, 0x00000000e16a0000)
  to   space 1088K,   0% used [0x00000000e1480000, 0x00000000e1480000, 0x00000000e1590000)
 tenured generation   total 21888K, used 11464K [0x00000000eb2a0000, 0x00000000ec800000, 0x0000000100000000)
   the space 21888K,  52% used [0x00000000eb2a0000, 0x00000000ebdd2030, 0x00000000ebdd2200, 0x00000000ec800000)
 Metaspace       used 17931K, capacity 18704K, committed 18944K, reserved 1067008K
  class space    used 2034K, capacity 2279K, committed 2304K, reserved 1048576K
}
Event: 5.157 GC heap after
{Heap after GC invocations=20 (full 0):
 def new generation   total 9792K, used 925K [0x00000000e0c00000, 0x00000000e16a0000, 0x00000000eb2a0000)
  eden space 8704K,   0% used [0x00000000e0c00000, 0x00000000e0c00000, 0x00000000e1480000)
  from space 1088K,  85% used [0x00000000e1480000, 0x00000000e1567708, 0x00000000e1590000)
  to   space 1088K,   0% used [0x00000000e1590000, 0x00000000e1590000, 0x00000000e16a0000)
 tenured generation   total 21888K, used 11464K [0x00000000eb2a0000, 0x00000000ec800000, 0x0000000100000000)
   the space 21888K,  52% used [0x00000000eb2a0000, 0x00000000ebdd2030, 0x00000000ebdd2200, 0x00000000ec800000)
 Metaspace       used 17931K, capacity 18704K, committed 18944K, reserved 1067008K
  class space    used 2034K, capacity 2279K, committed 2304K, reserved 1048576K
}
Event: 6.000 GC heap before
{Heap before GC invocations=20 (full 0):
 def new generation   total 9792K, used 9629K [0x00000000e0c00000, 0x00000000e16a0000, 0x00000000eb2a0000)
  eden space 8704K, 100% used [0x00000000e0c00000, 0x00000000e1480000, 0x00000000e1480000)
  from space 1088K,  85% used [0x00000000e1480000, 0x00000000e1567708, 0x00000000e1590000)
  to   space 1088K,   0% used [0x00000000e1590000, 0x00000000e1590000, 0x00000000e16a0000)
 tenured generation   total 21888K, used 11464K [0x00000000eb2a0000, 0x00000000ec800000, 0x0000000100000000)
   the space 21888K,  52% used [0x00000000eb2a0000, 0x00000000ebdd2030, 0x00000000ebdd2200, 0x00000000ec800000)
 Metaspace       used 18968K, capacity 19666K, committed 19840K, reserved 1067008K
  class space    used 2187K, capacity 2429K, committed 2432K, reserved 1048576K
}
Event: 6.004 GC heap after
{Heap after GC invocations=21 (full 0):
 def new generation   total 9792K, used 1088K [0x00000000e0c00000, 0x00000000e16a0000, 0x00000000eb2a0000)
  eden space 8704K,   0% used [0x00000000e0c00000, 0x00000000e0c00000, 0x00000000e1480000)
  from space 1088K, 100% used [0x00000000e1590000, 0x00000000e16a0000, 0x00000000e16a0000)
  to   space 1088K,   0% used [0x00000000e1480000, 0x00000000e1480000, 0x00000000e1590000)
 tenured generation   total 21888K, used 12244K [0x00000000eb2a0000, 0x00000000ec800000, 0x0000000100000000)
   the space 21888K,  55% used [0x00000000eb2a0000, 0x00000000ebe950e0, 0x00000000ebe95200, 0x00000000ec800000)
 Metaspace       used 18968K, capacity 19666K, committed 19840K, reserved 1067008K
  class space    used 2187K, capacity 2429K, committed 2432K, reserved 1048576K
}
Event: 6.678 GC heap before
{Heap before GC invocations=21 (full 0):
 def new generation   total 9792K, used 3813K [0x00000000e0c00000, 0x00000000e16a0000, 0x00000000eb2a0000)
  eden space 8704K,  31% used [0x00000000e0c00000, 0x00000000e0ea94b8, 0x00000000e1480000)
  from space 1088K, 100% used [0x00000000e1590000, 0x00000000e16a0000, 0x00000000e16a0000)
  to   space 1088K,   0% used [0x00000000e1480000, 0x00000000e1480000, 0x00000000e1590000)
 tenured generation   total 21888K, used 12244K [0x00000000eb2a0000, 0x00000000ec800000, 0x0000000100000000)
   the space 21888K,  55% used [0x00000000eb2a0000, 0x00000000ebe950e0, 0x00000000ebe95200, 0x00000000ec800000)
 Metaspace       used 20453K, capacity 21097K, committed 21296K, reserved 1069056K
  class space    used 2347K, capacity 2570K, committed 2688K, reserved 1048576K
}
Event: 6.718 GC heap after
{Heap after GC invocations=22 (full 1):
 def new generation   total 10240K, used 0K [0x00000000e0c00000, 0x00000000e1710000, 0x00000000eb2a0000)
  eden space 9152K,   0% used [0x00000000e0c00000, 0x00000000e0c00000, 0x00000000e14f0000)
  from space 1088K,   0% used [0x00000000e14f0000, 0x00000000e14f0000, 0x00000000e1600000)
  to   space 1088K,   0% used [0x00000000e1600000, 0x00000000e1600000, 0x00000000e1710000)
 tenured generation   total 22636K, used 13580K [0x00000000eb2a0000, 0x00000000ec8bb000, 0x0000000100000000)
   the space 22636K,  59% used [0x00000000eb2a0000, 0x00000000ebfe3290, 0x00000000ebfe3400, 0x00000000ec8bb000)
 Metaspace       used 20453K, capacity 21097K, committed 21296K, reserved 1069056K
  class space    used 2347K, capacity 2570K, committed 2688K, reserved 1048576K
}

Deoptimization events (20 events):
Event: 7.163 Thread 0x00007f70e5024000 Uncommon trap: trap_request=0xffffffc6 fr.pc=0x00007f70d44b63f0 relative=0x0000000000000210
Event: 7.163 Thread 0x00007f70e5024000 Uncommon trap: reason=bimorphic_or_optimized_type_check action=maybe_recompile pc=0x00007f70d44b63f0 method=java.util.regex.Pattern$BmpCharProperty.match(Ljava/util/regex/Matcher;ILjava/lang/CharSequence;)Z @ 14 c2
Event: 7.163 Thread 0x00007f70e5024000 DEOPT PACKING pc=0x00007f70d44b63f0 sp=0x00007f70cc10e4f0
Event: 7.163 Thread 0x00007f70e5024000 DEOPT UNPACKING pc=0x00007f70cc9383a5 sp=0x00007f70cc10e4a0 mode 2
Event: 7.166 Thread 0x00007f70e5024000 Uncommon trap: trap_request=0xffffffc6 fr.pc=0x00007f70d44f1b0c relative=0x00000000000000cc
Event: 7.166 Thread 0x00007f70e5024000 Uncommon trap: reason=bimorphic_or_optimized_type_check action=maybe_recompile pc=0x00007f70d44f1b0c method=java.lang.Character.codePointBefore(Ljava/lang/CharSequence;I)I @ 5 c2
Event: 7.166 Thread 0x00007f70e5024000 DEOPT PACKING pc=0x00007f70d44f1b0c sp=0x00007f70cc10e5b0
Event: 7.166 Thread 0x00007f70e5024000 DEOPT UNPACKING pc=0x00007f70cc9383a5 sp=0x00007f70cc10e568 mode 2
Event: 7.166 Thread 0x00007f70e5024000 Uncommon trap: trap_request=0xffffffc6 fr.pc=0x00007f70d44f1b0c relative=0x00000000000000cc
Event: 7.166 Thread 0x00007f70e5024000 Uncommon trap: reason=bimorphic_or_optimized_type_check action=maybe_recompile pc=0x00007f70d44f1b0c method=java.lang.Character.codePointBefore(Ljava/lang/CharSequence;I)I @ 5 c2
Event: 7.166 Thread 0x00007f70e5024000 DEOPT PACKING pc=0x00007f70d44f1b0c sp=0x00007f70cc10e5b0
Event: 7.166 Thread 0x00007f70e5024000 DEOPT UNPACKING pc=0x00007f70cc9383a5 sp=0x00007f70cc10e568 mode 2
Event: 7.166 Thread 0x00007f70e5024000 Uncommon trap: trap_request=0xffffffc6 fr.pc=0x00007f70d44f1b0c relative=0x00000000000000cc
Event: 7.166 Thread 0x00007f70e5024000 Uncommon trap: reason=bimorphic_or_optimized_type_check action=maybe_recompile pc=0x00007f70d44f1b0c method=java.lang.Character.codePointBefore(Ljava/lang/CharSequence;I)I @ 5 c2
Event: 7.166 Thread 0x00007f70e5024000 DEOPT PACKING pc=0x00007f70d44f1b0c sp=0x00007f70cc10e5b0
Event: 7.166 Thread 0x00007f70e5024000 DEOPT UNPACKING pc=0x00007f70cc9383a5 sp=0x00007f70cc10e568 mode 2
Event: 7.166 Thread 0x00007f70e5024000 Uncommon trap: trap_request=0xffffffc6 fr.pc=0x00007f70d44f1b0c relative=0x00000000000000cc
Event: 7.166 Thread 0x00007f70e5024000 Uncommon trap: reason=bimorphic_or_optimized_type_check action=maybe_recompile pc=0x00007f70d44f1b0c method=java.lang.Character.codePointBefore(Ljava/lang/CharSequence;I)I @ 5 c2
Event: 7.166 Thread 0x00007f70e5024000 DEOPT PACKING pc=0x00007f70d44f1b0c sp=0x00007f70cc10e5b0
Event: 7.166 Thread 0x00007f70e5024000 DEOPT UNPACKING pc=0x00007f70cc9383a5 sp=0x00007f70cc10e568 mode 2

Classes redefined (0 events):
No events

Internal exceptions (18 events):
Event: 0.175 Thread 0x00007f70e4014000 Exception <a 'java/lang/NoSuchMethodError'{0x00000000e0ef2208}: 'int java.lang.invoke.DirectMethodHandle$Holder.invokeSpecialIFC(java.lang.Object, java.lang.Object, int)'> (0x00000000e0ef2208) thrown at [/build/openjdk-11-11.0.6+10/src/hotspot/share/inter
Event: 1.970 Thread 0x00007f70e4014000 Exception <a 'java/lang/NoClassDefFoundError'{0x00000000e0faa9a0}: com/google/inject/servlet/ServletModuleTargetVisitor> (0x00000000e0faa9a0) thrown at [/build/openjdk-11-11.0.6+10/src/hotspot/share/classfile/systemDictionary.cpp, line 220]
Event: 1.970 Thread 0x00007f70e4014000 Exception <a 'java/lang/NoClassDefFoundError'{0x00000000e0faa9a0}> (0x00000000e0faa9a0) thrown at [/build/openjdk-11-11.0.6+10/src/hotspot/share/prims/jvm.cpp, line 1301]
Event: 1.970 Thread 0x00007f70e4014000 Exception <a 'java/lang/NoClassDefFoundError'{0x00000000e0fad5a8}: javax/annotation/Priority> (0x00000000e0fad5a8) thrown at [/build/openjdk-11-11.0.6+10/src/hotspot/share/classfile/systemDictionary.cpp, line 220]
Event: 2.584 Thread 0x00007f70e4014000 Implicit null exception at 0x00007f70d443de05 to 0x00007f70d443dfde
Event: 2.584 Thread 0x00007f70e4014000 Implicit null exception at 0x00007f70d448a4cb to 0x00007f70d448a98a
Event: 4.188 Thread 0x00007f70e4014000 Exception <a 'java/lang/NoSuchMethodError'{0x00000000e0d5e230}: 'java.lang.Object java.lang.invoke.DirectMethodHandle$Holder.invokeStatic(java.lang.Object, java.lang.Object, java.lang.Object, java.lang.Object, java.lang.Object, java.lang.Object, java.lang
Event: 4.190 Thread 0x00007f70e4014000 Exception <a 'java/lang/NoSuchMethodError'{0x00000000e0d6c270}: 'java.lang.Object java.lang.invoke.DirectMethodHandle$Holder.invokeStatic(java.lang.Object, java.lang.Object, java.lang.Object, java.lang.Object, java.lang.Object, java.lang.Object, java.lang
Event: 4.192 Thread 0x00007f70e4014000 Exception <a 'java/lang/NoSuchMethodError'{0x00000000e0d7a3e8}: 'java.lang.Object java.lang.invoke.DirectMethodHandle$Holder.invokeSpecial(java.lang.Object, java.lang.Object, int, int, java.lang.Object, java.lang.Object, java.lang.Object)'> (0x00000000e0d
Event: 4.192 Thread 0x00007f70e4014000 Exception <a 'java/lang/NoSuchMethodError'{0x00000000e0d7dc20}: 'java.lang.Object java.lang.invoke.DelegatingMethodHandle$Holder.reinvoke_L(java.lang.Object, int, int, java.lang.Object, java.lang.Object, java.lang.Object)'> (0x00000000e0d7dc20) thrown at 
Event: 4.193 Thread 0x00007f70e4014000 Exception <a 'java/lang/NoSuchMethodError'{0x00000000e0d82250}: 'java.lang.Object java.lang.invoke.DirectMethodHandle$Holder.invokeStatic(java.lang.Object, java.lang.Object, java.lang.Object, java.lang.Object, int)'> (0x00000000e0d82250) thrown at [/build
Event: 4.475 Thread 0x00007f70e4014000 Exception <a 'java/lang/NoSuchMethodError'{0x00000000e0cccd20}: 'java.lang.Object java.lang.invoke.DirectMethodHandle$Holder.invokeStatic(java.lang.Object, int, java.lang.Object)'> (0x00000000e0cccd20) thrown at [/build/openjdk-11-11.0.6+10/src/hotspot/sh
Event: 5.346 Thread 0x00007f70e4014000 Exception <a 'java/lang/NoSuchMethodError'{0x00000000e11ea270}: 'java.lang.Object java.lang.invoke.DirectMethodHandle$Holder.invokeStaticInit(java.lang.Object, java.lang.Object, long, java.lang.Object)'> (0x00000000e11ea270) thrown at [/build/openjdk-11-1
Event: 5.347 Thread 0x00007f70e4014000 Exception <a 'java/lang/NoSuchMethodError'{0x00000000e11f63d0}: 'java.lang.Object java.lang.invoke.Invokers$Holder.linkToTargetMethod(java.lang.Object, long, java.lang.Object)'> (0x00000000e11f63d0) thrown at [/build/openjdk-11-11.0.6+10/src/hotspot/share
Event: 5.349 Thread 0x00007f70e4014000 Exception <a 'java/lang/NoSuchMethodError'{0x00000000e11fd1c0}: 'java.lang.Object java.lang.invoke.DirectMethodHandle$Holder.invokeStatic(java.lang.Object, java.lang.Object, java.lang.Object, int)'> (0x00000000e11fd1c0) thrown at [/build/openjdk-11-11.0.6
Event: 5.349 Thread 0x00007f70e4014000 Exception <a 'java/lang/NoSuchMethodError'{0x00000000e1200b88}: 'java.lang.Object java.lang.invoke.DirectMethodHandle$Holder.invokeSpecial(java.lang.Object, java.lang.Object, java.lang.Object, java.lang.Object, int)'> (0x00000000e1200b88) thrown at [/buil
Event: 5.349 Thread 0x00007f70e4014000 Exception <a 'java/lang/NoSuchMethodError'{0x00000000e1203bf0}: 'java.lang.Object java.lang.invoke.Invokers$Holder.linkToTargetMethod(java.lang.Object, java.lang.Object, int, java.lang.Object)'> (0x00000000e1203bf0) thrown at [/build/openjdk-11-11.0.6+10/
Event: 6.770 Thread 0x00007f70e4014000 Exception <a 'java/lang/ClassNotFoundException'{0x00000000e0d60fd0}: sun/util/logging/resources/spi/loggingProvider> (0x00000000e0d60fd0) thrown at [/build/openjdk-11-11.0.6+10/src/hotspot/share/classfile/systemDictionary.cpp, line 231]

Events (20 events):
Event: 6.771 loading class sun/util/logging/resources/logging_en
Event: 6.771 loading class sun/util/logging/resources/logging_en done
Event: 6.772 loading class sun/util/logging/resources/logging_en_US
Event: 6.772 loading class sun/util/logging/resources/logging_en_US done
Event: 6.772 loading class sun/util/logging/resources/logging_en_US
Event: 6.772 loading class sun/util/logging/resources/logging_en_US done
Event: 6.779 loading class java/util/Scanner
Event: 6.779 loading class java/util/Scanner done
Event: 6.783 loading class java/util/Scanner$PatternLRUCache
Event: 6.783 loading class java/util/Scanner$PatternLRUCache done
Event: 6.784 Thread 0x00007f70e5023000 Thread added: 0x00007f70e5023000
Event: 6.784 Protecting memory [0x00007f70e802b000,0x00007f70e802f000] with protection modes 0
Event: 6.785 Thread 0x00007f70e5024000 Thread added: 0x00007f70e5024000
Event: 6.785 Protecting memory [0x00007f70cc00f000,0x00007f70cc013000] with protection modes 0
Event: 7.147 loading class java/util/regex/Matcher$ImmutableMatchResult
Event: 7.147 loading class java/util/regex/Matcher$ImmutableMatchResult done
Event: 7.147 loading class org/apache/maven/plugin/logging/Log
Event: 7.147 loading class org/apache/maven/plugin/logging/Log done
Event: 7.147 loading class org/apache/maven/plugin/logging/Log
Event: 7.147 loading class org/apache/maven/plugin/logging/Log done


Dynamic libraries:
e0c00000-e1710000 rw-p 00000000 00:00 0 
e1710000-eb2a0000 ---p 00000000 00:00 0 
eb2a0000-ec8bb000 rw-p 00000000 00:00 0 
ec8bb000-100000000 ---p 00000000 00:00 0 
800000000-800002000 rwxp 00001000 08:01 2118409                          /usr/lib/jvm/java-11-openjdk-amd64/lib/server/classes.jsa
800002000-8003b7000 rw-p 00003000 08:01 2118409                          /usr/lib/jvm/java-11-openjdk-amd64/lib/server/classes.jsa
8003b7000-800a8a000 r--p 003b8000 08:01 2118409                          /usr/lib/jvm/java-11-openjdk-amd64/lib/server/classes.jsa
800a8a000-800a8b000 rw-p 00a8b000 08:01 2118409                          /usr/lib/jvm/java-11-openjdk-amd64/lib/server/classes.jsa
800a8b000-801095000 r--p 00a8c000 08:01 2118409                          /usr/lib/jvm/java-11-openjdk-amd64/lib/server/classes.jsa
840000000-8402a0000 rw-p 00000000 00:00 0 
8402a0000-880000000 ---p 00000000 00:00 0 
55c991e8d000-55c991e8e000 r-xp 00000000 08:01 2118040                    /usr/lib/jvm/java-11-openjdk-amd64/bin/java
55c99208e000-55c99208f000 r--p 00001000 08:01 2118040                    /usr/lib/jvm/java-11-openjdk-amd64/bin/java
55c99208f000-55c992090000 rw-p 00002000 08:01 2118040                    /usr/lib/jvm/java-11-openjdk-amd64/bin/java
55c9920ec000-55c99212e000 rw-p 00000000 00:00 0                          [heap]
7f7097e00000-7f7097eac000 rw-p 00000000 00:00 0 
7f7097eac000-7f7098000000 ---p 00000000 00:00 0 
7f7098000000-7f7098021000 rw-p 00000000 00:00 0 
7f7098021000-7f709c000000 ---p 00000000 00:00 0 
7f709c000000-7f709c021000 rw-p 00000000 00:00 0 
7f709c021000-7f70a0000000 ---p 00000000 00:00 0 
7f70a0000000-7f70a0021000 rw-p 00000000 00:00 0 
7f70a0021000-7f70a4000000 ---p 00000000 00:00 0 
7f70a4000000-7f70a4021000 rw-p 00000000 00:00 0 
7f70a4021000-7f70a8000000 ---p 00000000 00:00 0 
7f70a8000000-7f70a8021000 rw-p 00000000 00:00 0 
7f70a8021000-7f70ac000000 ---p 00000000 00:00 0 
7f70ac000000-7f70ac021000 rw-p 00000000 00:00 0 
7f70ac021000-7f70b0000000 ---p 00000000 00:00 0 
7f70b0000000-7f70b04b8000 rw-p 00000000 00:00 0 
7f70b04b8000-7f70b4000000 ---p 00000000 00:00 0 
7f70b4000000-7f70b4021000 rw-p 00000000 00:00 0 
7f70b4021000-7f70b8000000 ---p 00000000 00:00 0 
7f70b8000000-7f70b8021000 rw-p 00000000 00:00 0 
7f70b8021000-7f70bc000000 ---p 00000000 00:00 0 
7f70bc000000-7f70bc493000 rw-p 00000000 00:00 0 
7f70bc493000-7f70c0000000 ---p 00000000 00:00 0 
7f70c0000000-7f70c0021000 rw-p 00000000 00:00 0 
7f70c0021000-7f70c4000000 ---p 00000000 00:00 0 
7f70c4000000-7f70c4021000 rw-p 00000000 00:00 0 
7f70c4021000-7f70c8000000 ---p 00000000 00:00 0 
7f70c8000000-7f70c802f000 rw-p 00000000 00:00 0 
7f70c802f000-7f70cc000000 ---p 00000000 00:00 0 
7f70cc00f000-7f70cc013000 ---p 00000000 00:00 0 
7f70cc013000-7f70cc310000 rw-p 00000000 00:00 0 
7f70cc310000-7f70cc510000 rw-p 00000000 00:00 0 
7f70cc510000-7f70cc710000 rw-p 00000000 00:00 0 
7f70cc710000-7f70cc910000 rw-p 00000000 00:00 0 
7f70cc910000-7f70ccb80000 rwxp 00000000 00:00 0 
7f70ccb80000-7f70cce9f000 ---p 00000000 00:00 0 
7f70cce9f000-7f70cd6cf000 rwxp 00000000 00:00 0 
7f70cd6cf000-7f70d43d7000 ---p 00000000 00:00 0 
7f70d43d7000-7f70d4647000 rwxp 00000000 00:00 0 
7f70d4647000-7f70db910000 ---p 00000000 00:00 0 
7f70db910000-7f70e4000000 r--s 00000000 08:01 2118399                    /usr/lib/jvm/java-11-openjdk-amd64/lib/modules
7f70e4000000-7f70e506b000 rw-p 00000000 00:00 0 
7f70e506b000-7f70e8000000 ---p 00000000 00:00 0 
7f70e802b000-7f70e802f000 ---p 00000000 00:00 0 
7f70e802f000-7f70e812c000 rw-p 00000000 00:00 0 
7f70e812c000-7f70e8130000 ---p 00000000 00:00 0 
7f70e8130000-7f70e834e000 rw-p 00000000 00:00 0 
7f70e834e000-7f70e8350000 r-xp 00000000 08:01 1843038                    /lib/x86_64-linux-gnu/libutil-2.24.so
7f70e8350000-7f70e854f000 ---p 00002000 08:01 1843038                    /lib/x86_64-linux-gnu/libutil-2.24.so
7f70e854f000-7f70e8550000 r--p 00001000 08:01 1843038                    /lib/x86_64-linux-gnu/libutil-2.24.so
7f70e8550000-7f70e8551000 rw-p 00002000 08:01 1843038                    /lib/x86_64-linux-gnu/libutil-2.24.so
7f70e8551000-7f70e8554000 r-xp 00000000 08:01 1993728                    /opt/maven/lib/jansi-native/linux64/libjansi.so
7f70e8554000-7f70e8753000 ---p 00003000 08:01 1993728                    /opt/maven/lib/jansi-native/linux64/libjansi.so
7f70e8753000-7f70e8754000 rw-p 00002000 08:01 1993728                    /opt/maven/lib/jansi-native/linux64/libjansi.so
7f70e8754000-7f70e8785000 rw-p 00000000 00:00 0 
7f70e8785000-7f70e879b000 r-xp 00000000 08:01 2118388                    /usr/lib/jvm/java-11-openjdk-amd64/lib/libnet.so
7f70e879b000-7f70e899a000 ---p 00016000 08:01 2118388                    /usr/lib/jvm/java-11-openjdk-amd64/lib/libnet.so
7f70e899a000-7f70e899b000 r--p 00015000 08:01 2118388                    /usr/lib/jvm/java-11-openjdk-amd64/lib/libnet.so
7f70e899b000-7f70e899c000 rw-p 00016000 08:01 2118388                    /usr/lib/jvm/java-11-openjdk-amd64/lib/libnet.so
7f70e899c000-7f70e89ac000 r-xp 00000000 08:01 2118389                    /usr/lib/jvm/java-11-openjdk-amd64/lib/libnio.so
7f70e89ac000-7f70e8bab000 ---p 00010000 08:01 2118389                    /usr/lib/jvm/java-11-openjdk-amd64/lib/libnio.so
7f70e8bab000-7f70e8bac000 r--p 0000f000 08:01 2118389                    /usr/lib/jvm/java-11-openjdk-amd64/lib/libnio.so
7f70e8bac000-7f70e8bad000 rw-p 00010000 08:01 2118389                    /usr/lib/jvm/java-11-openjdk-amd64/lib/libnio.so
7f70e8bad000-7f70e8bb1000 ---p 00000000 00:00 0 
7f70e8bb1000-7f70e8cae000 rw-p 00000000 00:00 0 
7f70e8cae000-7f70e8caf000 ---p 00000000 00:00 0 
7f70e8caf000-7f70e8db0000 rw-p 00000000 00:00 0 
7f70e8db0000-7f70e8db4000 ---p 00000000 00:00 0 
7f70e8db4000-7f70e8eb1000 rw-p 00000000 00:00 0 
7f70e8eb1000-7f70e8eb5000 ---p 00000000 00:00 0 
7f70e8eb5000-7f70e8fb2000 rw-p 00000000 00:00 0 
7f70e8fb2000-7f70e8fb6000 ---p 00000000 00:00 0 
7f70e8fb6000-7f70e90b3000 rw-p 00000000 00:00 0 
7f70e90b3000-7f70e90b7000 ---p 00000000 00:00 0 
7f70e90b7000-7f70e91b4000 rw-p 00000000 00:00 0 
7f70e91b4000-7f70e91b8000 ---p 00000000 00:00 0 
7f70e91b8000-7f70e92b5000 rw-p 00000000 00:00 0 
7f70e92b5000-7f70e9450000 r--p 00000000 08:01 1850658                    /usr/lib/locale/locale-archive
7f70e9450000-7f70e9454000 ---p 00000000 00:00 0 
7f70e9454000-7f70e9551000 rw-p 00000000 00:00 0 
7f70e9551000-7f70e9555000 ---p 00000000 00:00 0 
7f70e9555000-7f70e9652000 rw-p 00000000 00:00 0 
7f70e9652000-7f70e9653000 ---p 00000000 00:00 0 
7f70e9653000-7f70ea058000 rw-p 00000000 00:00 0 
7f70ea058000-7f70ea07f000 rw-p 00000000 00:00 0 
7f70ea07f000-7f70ea0cc000 ---p 00000000 00:00 0 
7f70ea0cc000-7f70ea0d8000 rw-p 00000000 00:00 0 
7f70ea0d8000-7f70ea173000 ---p 00000000 00:00 0 
7f70ea173000-7f70ea179000 rw-p 00000000 00:00 0 
7f70ea179000-7f70ea25f000 ---p 00000000 00:00 0 
7f70ea25f000-7f70ea270000 rw-p 00000000 00:00 0 
7f70ea270000-7f70ea34a000 ---p 00000000 00:00 0 
7f70ea34a000-7f70ea34f000 r-xp 00000000 08:01 2118380                    /usr/lib/jvm/java-11-openjdk-amd64/lib/libjimage.so
7f70ea34f000-7f70ea54e000 ---p 00005000 08:01 2118380                    /usr/lib/jvm/java-11-openjdk-amd64/lib/libjimage.so
7f70ea54e000-7f70ea54f000 r--p 00004000 08:01 2118380                    /usr/lib/jvm/java-11-openjdk-amd64/lib/libjimage.so
7f70ea54f000-7f70ea550000 rw-p 00005000 08:01 2118380                    /usr/lib/jvm/java-11-openjdk-amd64/lib/libjimage.so
7f70ea550000-7f70ea557000 r-xp 00000000 08:01 2118398                    /usr/lib/jvm/java-11-openjdk-amd64/lib/libzip.so
7f70ea557000-7f70ea756000 ---p 00007000 08:01 2118398                    /usr/lib/jvm/java-11-openjdk-amd64/lib/libzip.so
7f70ea756000-7f70ea757000 r--p 00006000 08:01 2118398                    /usr/lib/jvm/java-11-openjdk-amd64/lib/libzip.so
7f70ea757000-7f70ea758000 rw-p 00007000 08:01 2118398                    /usr/lib/jvm/java-11-openjdk-amd64/lib/libzip.so
7f70ea758000-7f70ea762000 r-xp 00000000 08:01 1843001                    /lib/x86_64-linux-gnu/libnss_files-2.24.so
7f70ea762000-7f70ea962000 ---p 0000a000 08:01 1843001                    /lib/x86_64-linux-gnu/libnss_files-2.24.so
7f70ea962000-7f70ea963000 r--p 0000a000 08:01 1843001                    /lib/x86_64-linux-gnu/libnss_files-2.24.so
7f70ea963000-7f70ea964000 rw-p 0000b000 08:01 1843001                    /lib/x86_64-linux-gnu/libnss_files-2.24.so
7f70ea964000-7f70ea96a000 rw-p 00000000 00:00 0 
7f70ea96a000-7f70ea975000 r-xp 00000000 08:01 1843005                    /lib/x86_64-linux-gnu/libnss_nis-2.24.so
7f70ea975000-7f70eab74000 ---p 0000b000 08:01 1843005                    /lib/x86_64-linux-gnu/libnss_nis-2.24.so
7f70eab74000-7f70eab75000 r--p 0000a000 08:01 1843005                    /lib/x86_64-linux-gnu/libnss_nis-2.24.so
7f70eab75000-7f70eab76000 rw-p 0000b000 08:01 1843005                    /lib/x86_64-linux-gnu/libnss_nis-2.24.so
7f70eab76000-7f70eab8a000 r-xp 00000000 08:01 1842995                    /lib/x86_64-linux-gnu/libnsl-2.24.so
7f70eab8a000-7f70ead8a000 ---p 00014000 08:01 1842995                    /lib/x86_64-linux-gnu/libnsl-2.24.so
7f70ead8a000-7f70ead8b000 r--p 00014000 08:01 1842995                    /lib/x86_64-linux-gnu/libnsl-2.24.so
7f70ead8b000-7f70ead8c000 rw-p 00015000 08:01 1842995                    /lib/x86_64-linux-gnu/libnsl-2.24.so
7f70ead8c000-7f70ead8e000 rw-p 00000000 00:00 0 
7f70ead8e000-7f70ead95000 r-xp 00000000 08:01 1842997                    /lib/x86_64-linux-gnu/libnss_compat-2.24.so
7f70ead95000-7f70eaf94000 ---p 00007000 08:01 1842997                    /lib/x86_64-linux-gnu/libnss_compat-2.24.so
7f70eaf94000-7f70eaf95000 r--p 00006000 08:01 1842997                    /lib/x86_64-linux-gnu/libnss_compat-2.24.so
7f70eaf95000-7f70eaf96000 rw-p 00007000 08:01 1842997                    /lib/x86_64-linux-gnu/libnss_compat-2.24.so
7f70eaf96000-7f70eafbf000 r-xp 00000000 08:01 2118376                    /usr/lib/jvm/java-11-openjdk-amd64/lib/libjava.so
7f70eafbf000-7f70eb1be000 ---p 00029000 08:01 2118376                    /usr/lib/jvm/java-11-openjdk-amd64/lib/libjava.so
7f70eb1be000-7f70eb1bf000 r--p 00028000 08:01 2118376                    /usr/lib/jvm/java-11-openjdk-amd64/lib/libjava.so
7f70eb1bf000-7f70eb1c1000 rw-p 00029000 08:01 2118376                    /usr/lib/jvm/java-11-openjdk-amd64/lib/libjava.so
7f70eb1c1000-7f70eb1ce000 r-xp 00000000 08:01 2118397                    /usr/lib/jvm/java-11-openjdk-amd64/lib/libverify.so
7f70eb1ce000-7f70eb3cd000 ---p 0000d000 08:01 2118397                    /usr/lib/jvm/java-11-openjdk-amd64/lib/libverify.so
7f70eb3cd000-7f70eb3cf000 r--p 0000c000 08:01 2118397                    /usr/lib/jvm/java-11-openjdk-amd64/lib/libverify.so
7f70eb3cf000-7f70eb3d0000 rw-p 0000e000 08:01 2118397                    /usr/lib/jvm/java-11-openjdk-amd64/lib/libverify.so
7f70eb3d0000-7f70eb3d7000 r-xp 00000000 08:01 1843022                    /lib/x86_64-linux-gnu/librt-2.24.so
7f70eb3d7000-7f70eb5d6000 ---p 00007000 08:01 1843022                    /lib/x86_64-linux-gnu/librt-2.24.so
7f70eb5d6000-7f70eb5d7000 r--p 00006000 08:01 1843022                    /lib/x86_64-linux-gnu/librt-2.24.so
7f70eb5d7000-7f70eb5d8000 rw-p 00007000 08:01 1843022                    /lib/x86_64-linux-gnu/librt-2.24.so
7f70eb5d8000-7f70eb5ee000 r-xp 00000000 08:01 1842975                    /lib/x86_64-linux-gnu/libgcc_s.so.1
7f70eb5ee000-7f70eb7ed000 ---p 00016000 08:01 1842975                    /lib/x86_64-linux-gnu/libgcc_s.so.1
7f70eb7ed000-7f70eb7ee000 r--p 00015000 08:01 1842975                    /lib/x86_64-linux-gnu/libgcc_s.so.1
7f70eb7ee000-7f70eb7ef000 rw-p 00016000 08:01 1842975                    /lib/x86_64-linux-gnu/libgcc_s.so.1
7f70eb7ef000-7f70eb8f2000 r-xp 00000000 08:01 1842984                    /lib/x86_64-linux-gnu/libm-2.24.so
7f70eb8f2000-7f70ebaf1000 ---p 00103000 08:01 1842984                    /lib/x86_64-linux-gnu/libm-2.24.so
7f70ebaf1000-7f70ebaf2000 r--p 00102000 08:01 1842984                    /lib/x86_64-linux-gnu/libm-2.24.so
7f70ebaf2000-7f70ebaf3000 rw-p 00103000 08:01 1842984                    /lib/x86_64-linux-gnu/libm-2.24.so
7f70ebaf3000-7f70ebc65000 r-xp 00000000 08:01 1843740                    /usr/lib/x86_64-linux-gnu/libstdc++.so.6.0.22
7f70ebc65000-7f70ebe65000 ---p 00172000 08:01 1843740                    /usr/lib/x86_64-linux-gnu/libstdc++.so.6.0.22
7f70ebe65000-7f70ebe6f000 r--p 00172000 08:01 1843740                    /usr/lib/x86_64-linux-gnu/libstdc++.so.6.0.22
7f70ebe6f000-7f70ebe71000 rw-p 0017c000 08:01 1843740                    /usr/lib/x86_64-linux-gnu/libstdc++.so.6.0.22
7f70ebe71000-7f70ebe75000 rw-p 00000000 00:00 0 
7f70ebe75000-7f70ecefd000 r-xp 00000000 08:01 2118411                    /usr/lib/jvm/java-11-openjdk-amd64/lib/server/libjvm.so
7f70ecefd000-7f70ed0fc000 ---p 01088000 08:01 2118411                    /usr/lib/jvm/java-11-openjdk-amd64/lib/server/libjvm.so
7f70ed0fc000-7f70ed1b9000 r--p 01087000 08:01 2118411                    /usr/lib/jvm/java-11-openjdk-amd64/lib/server/libjvm.so
7f70ed1b9000-7f70ed1f3000 rw-p 01144000 08:01 2118411                    /usr/lib/jvm/java-11-openjdk-amd64/lib/server/libjvm.so
7f70ed1f3000-7f70ed249000 rw-p 00000000 00:00 0 
7f70ed249000-7f70ed3de000 r-xp 00000000 08:01 1842955                    /lib/x86_64-linux-gnu/libc-2.24.so
7f70ed3de000-7f70ed5de000 ---p 00195000 08:01 1842955                    /lib/x86_64-linux-gnu/libc-2.24.so
7f70ed5de000-7f70ed5e2000 r--p 00195000 08:01 1842955                    /lib/x86_64-linux-gnu/libc-2.24.so
7f70ed5e2000-7f70ed5e4000 rw-p 00199000 08:01 1842955                    /lib/x86_64-linux-gnu/libc-2.24.so
7f70ed5e4000-7f70ed5e8000 rw-p 00000000 00:00 0 
7f70ed5e8000-7f70ed5eb000 r-xp 00000000 08:01 1842967                    /lib/x86_64-linux-gnu/libdl-2.24.so
7f70ed5eb000-7f70ed7ea000 ---p 00003000 08:01 1842967                    /lib/x86_64-linux-gnu/libdl-2.24.so
7f70ed7ea000-7f70ed7eb000 r--p 00002000 08:01 1842967                    /lib/x86_64-linux-gnu/libdl-2.24.so
7f70ed7eb000-7f70ed7ec000 rw-p 00003000 08:01 1842967                    /lib/x86_64-linux-gnu/libdl-2.24.so
7f70ed7ec000-7f70ed7fb000 r-xp 00000000 08:01 2118358                    /usr/lib/jvm/java-11-openjdk-amd64/lib/jli/libjli.so
7f70ed7fb000-7f70ed9fa000 ---p 0000f000 08:01 2118358                    /usr/lib/jvm/java-11-openjdk-amd64/lib/jli/libjli.so
7f70ed9fa000-7f70ed9fb000 r--p 0000e000 08:01 2118358                    /usr/lib/jvm/java-11-openjdk-amd64/lib/jli/libjli.so
7f70ed9fb000-7f70ed9fc000 rw-p 0000f000 08:01 2118358                    /usr/lib/jvm/java-11-openjdk-amd64/lib/jli/libjli.so
7f70ed9fc000-7f70eda14000 r-xp 00000000 08:01 1843018                    /lib/x86_64-linux-gnu/libpthread-2.24.so
7f70eda14000-7f70edc13000 ---p 00018000 08:01 1843018                    /lib/x86_64-linux-gnu/libpthread-2.24.so
7f70edc13000-7f70edc14000 r--p 00017000 08:01 1843018                    /lib/x86_64-linux-gnu/libpthread-2.24.so
7f70edc14000-7f70edc15000 rw-p 00018000 08:01 1843018                    /lib/x86_64-linux-gnu/libpthread-2.24.so
7f70edc15000-7f70edc19000 rw-p 00000000 00:00 0 
7f70edc19000-7f70edc32000 r-xp 00000000 08:01 1843043                    /lib/x86_64-linux-gnu/libz.so.1.2.8
7f70edc32000-7f70ede31000 ---p 00019000 08:01 1843043                    /lib/x86_64-linux-gnu/libz.so.1.2.8
7f70ede31000-7f70ede32000 r--p 00018000 08:01 1843043                    /lib/x86_64-linux-gnu/libz.so.1.2.8
7f70ede32000-7f70ede33000 rw-p 00019000 08:01 1843043                    /lib/x86_64-linux-gnu/libz.so.1.2.8
7f70ede33000-7f70ede56000 r-xp 00000000 08:01 1842937                    /lib/x86_64-linux-gnu/ld-2.24.so
7f70ede70000-7f70ede9d000 rw-p 00000000 00:00 0 
7f70ede9d000-7f70edf38000 ---p 00000000 00:00 0 
7f70edf38000-7f70edf3d000 rw-p 00000000 00:00 0 
7f70edf3d000-7f70edf44000 ---p 00000000 00:00 0 
7f70edf44000-7f70edf46000 r--s 00007000 08:01 2379129                    /usr/share/java/java-atk-wrapper.jar
7f70edf46000-7f70edf4a000 ---p 00000000 00:00 0 
7f70edf4a000-7f70ee04b000 rw-p 00000000 00:00 0 
7f70ee04c000-7f70ee054000 rw-s 00000000 08:01 411604                     /tmp/hsperfdata_tanzachary/5155
7f70ee054000-7f70ee055000 ---p 00000000 00:00 0 
7f70ee055000-7f70ee056000 r--p 00000000 00:00 0 
7f70ee056000-7f70ee057000 r--p 00023000 08:01 1842937                    /lib/x86_64-linux-gnu/ld-2.24.so
7f70ee057000-7f70ee058000 rw-p 00024000 08:01 1842937                    /lib/x86_64-linux-gnu/ld-2.24.so
7f70ee058000-7f70ee059000 rw-p 00000000 00:00 0 
7fff8e246000-7fff8e267000 rw-p 00000000 00:00 0                          [stack]
7fff8e38a000-7fff8e38d000 r--p 00000000 00:00 0                          [vvar]
7fff8e38d000-7fff8e38f000 r-xp 00000000 00:00 0                          [vdso]
ffffffffff600000-ffffffffff601000 r-xp 00000000 00:00 0                  [vsyscall]


VM Arguments:
jvm_args: -Dclassworlds.conf=/opt/maven/bin/m2.conf -Dmaven.home=/opt/maven -Dlibrary.jansi.path=/opt/maven/lib/jansi-native -Dmaven.multiModuleProjectDirectory=/home/tanzachary/step/portfolio 
java_command: org.codehaus.plexus.classworlds.launcher.Launcher package appengine:run
java_class_path (initial): /opt/maven/boot/plexus-classworlds-2.6.0.jar
Launcher Type: SUN_STANDARD

[Global flags]
     intx CICompilerCount                          = 2                                         {product} {ergonomic}
   size_t InitialHeapSize                          = 33554432                                  {product} {ergonomic}
   size_t MaxHeapSize                              = 524288000                                 {product} {ergonomic}
   size_t MaxNewSize                               = 174718976                                 {product} {ergonomic}
   size_t MinHeapDeltaBytes                        = 196608                                    {product} {ergonomic}
   size_t NewSize                                  = 11141120                                  {product} {ergonomic}
    uintx NonNMethodCodeHeapSize                   = 5825164                                {pd product} {ergonomic}
    uintx NonProfiledCodeHeapSize                  = 122916538                              {pd product} {ergonomic}
   size_t OldSize                                  = 22413312                                  {product} {ergonomic}
    uintx ProfiledCodeHeapSize                     = 122916538                              {pd product} {ergonomic}
    uintx ReservedCodeCacheSize                    = 251658240                              {pd product} {ergonomic}
     bool SegmentedCodeCache                       = true                                      {product} {ergonomic}
     bool UseCompressedClassPointers               = true                                 {lp64_product} {ergonomic}
     bool UseCompressedOops                        = true                                 {lp64_product} {ergonomic}
     bool UseSerialGC                              = true                                      {product} {ergonomic}

Logging:
Log output configuration:
 #0: stdout all=warning uptime,level,tags
 #1: stderr all=off uptime,level,tags

Environment Variables:
JAVA_HOME=/usr/lib/jvm/java-11-openjdk-amd64
PATH=/home/tanzachary/step/portfolio/node_modules/.bin:/home/tanzachary/gopath/bin:/google/gopath/bin:/home/tanzachary/.gems/bin:/usr/local/go/bin:/opt/gradle/bin:/opt/maven/bin:/usr/local/sbin:/usr/local/bin:/usr/sbin:/usr/bin:/sbin:/bin:/usr/local/nvm/versions/node/v10.14.2/bin:/google/go_appengine:/google/google_appengine:/google/migrate/anthos/
SHELL=/bin/bash

Signal Handlers:
SIGSEGV: [libjvm.so+0xd9bff0], sa_mask[0]=11111111011111111101111111111110, sa_flags=SA_RESTART|SA_SIGINFO
SIGBUS: [libjvm.so+0xd9bff0], sa_mask[0]=11111111011111111101111111111110, sa_flags=SA_RESTART|SA_SIGINFO
SIGFPE: [libjvm.so+0xd9bff0], sa_mask[0]=11111111011111111101111111111110, sa_flags=SA_RESTART|SA_SIGINFO
SIGPIPE: [libjvm.so+0xb8fcf0], sa_mask[0]=11111111011111111101111111111110, sa_flags=SA_RESTART|SA_SIGINFO
SIGXFSZ: [libjvm.so+0xb8fcf0], sa_mask[0]=11111111011111111101111111111110, sa_flags=SA_RESTART|SA_SIGINFO
SIGILL: [libjvm.so+0xd9bff0], sa_mask[0]=11111111011111111101111111111110, sa_flags=SA_RESTART|SA_SIGINFO
SIGUSR2: [libjvm.so+0xb8fb90], sa_mask[0]=00000000000000000000000000000000, sa_flags=SA_RESTART|SA_SIGINFO
SIGHUP: [libjvm.so+0xb8fef0], sa_mask[0]=11111111011111111101111111111110, sa_flags=SA_RESTART|SA_SIGINFO
SIGINT: [libjvm.so+0xb8fef0], sa_mask[0]=11111111011111111101111111111110, sa_flags=SA_RESTART|SA_SIGINFO
SIGTERM: [libjvm.so+0xb8fef0], sa_mask[0]=11111111011111111101111111111110, sa_flags=SA_RESTART|SA_SIGINFO
SIGQUIT: [libjvm.so+0xb8fef0], sa_mask[0]=11111111011111111101111111111110, sa_flags=SA_RESTART|SA_SIGINFO


---------------  S Y S T E M  ---------------

OS:PRETTY_NAME="Debian GNU/Linux 9 (stretch)"
NAME="Debian GNU/Linux"
VERSION_ID="9"
VERSION="9 (stretch)"
VERSION_CODENAME=stretch
ID=debian
HOME_URL="https://www.debian.org/"
SUPPORT_URL="https://www.debian.org/support"
BUG_REPORT_URL="https://bugs.debian.org/"
uname:Linux 4.19.112+ #1 SMP Wed May 6 00:27:44 PDT 2020 x86_64
libc:glibc 2.24 NPTL 2.24 
rlimit: STACK 8192k, CORE infinity, NPROC infinity, NOFILE 1048576, AS infinity, DATA infinity, FSIZE infinity
load average:2.13 1.51 1.02

/proc/meminfo:
MemTotal:        2043884 kB
MemFree:           94056 kB
MemAvailable:     806364 kB
Buffers:           73824 kB
Cached:           657500 kB
SwapCached:          740 kB
Active:           898408 kB
Inactive:         735652 kB
Active(anon):     471192 kB
Inactive(anon):   409076 kB
Active(file):     427216 kB
Inactive(file):   326576 kB
Unevictable:           0 kB
Mlocked:               0 kB
SwapTotal:        786428 kB
SwapFree:         700668 kB
Dirty:              2876 kB
Writeback:             0 kB
AnonPages:        902028 kB
Mapped:           394876 kB
Shmem:               820 kB
Slab:             197524 kB
SReclaimable:     146152 kB
SUnreclaim:        51372 kB
KernelStack:        8384 kB
PageTables:        13996 kB
NFS_Unstable:          0 kB
Bounce:                0 kB
WritebackTmp:          0 kB
CommitLimit:     1808368 kB
Committed_AS:    5214860 kB
VmallocTotal:   34359738367 kB
VmallocUsed:           0 kB
VmallocChunk:          0 kB
Percpu:              968 kB
AnonHugePages:      2048 kB
ShmemHugePages:        0 kB
ShmemPmdMapped:        0 kB
HugePages_Total:       0
HugePages_Free:        0
HugePages_Rsvd:        0
HugePages_Surp:        0
Hugepagesize:       2048 kB
Hugetlb:               0 kB
DirectMap4k:       85180 kB
DirectMap2M:     2011136 kB
DirectMap1G:           0 kB


/proc/sys/kernel/threads-max (system-wide limit on the number of threads):
15631


/proc/sys/vm/max_map_count (maximum number of memory map areas a process may have):
65530


/proc/sys/kernel/pid_max (system-wide limit on number of process identifiers):
4194304



container (cgroup) information:
container_type: cgroupv1
cpu_cpuset_cpus: 0-1
cpu_memory_nodes: 0
active_processor_count: 1
cpu_quota: -1
cpu_period: 100000
cpu_shares: 2
memory_limit_in_bytes: -1
memory_and_swap_limit_in_bytes: -1
memory_soft_limit_in_bytes: -1
memory_usage_in_bytes: 628277248
memory_max_usage_in_bytes: 684109824

KVM virtualization detected
Steal ticks since vm start: 1
Steal ticks percentage since vm start:  0.001

CPU:total 2 (initial active 1) (1 cores per cpu, 2 threads per core) family 6 model 63 stepping 0, cmov, cx8, fxsr, mmx, sse, sse2, sse3, ssse3, sse4.1, sse4.2, popcnt, avx, avx2, aes, clmul, erms, lzcnt, ht, tsc, tscinvbit, bmi1, bmi2, fma
CPU Model and flags from /proc/cpuinfo:
model name	: Intel(R) Xeon(R) CPU @ 2.30GHz
flags		: fpu vme de pse tsc msr pae mce cx8 apic sep mtrr pge mca cmov pat pse36 clflush mmx fxsr sse sse2 ss ht syscall nx pdpe1gb rdtscp lm constant_tsc rep_good nopl xtopology nonstop_tsc cpuid tsc_known_freq pni pclmulqdq ssse3 fma cx16 pcid sse4_1 sse4_2 x2apic movbe popcnt aes xsave avx f16c rdrand hypervisor lahf_lm abm invpcid_single pti ssbd ibrs ibpb stibp fsgsbase tsc_adjust bmi1 avx2 smep bmi2 erms invpcid xsaveopt arat md_clear arch_capabilities

Memory: 4k page, physical 2043884k(93804k free), swap 786428k(700668k free)

vm_info: OpenJDK 64-Bit Server VM (11.0.6+10-post-Debian-1bpo91) for linux-amd64 JRE (11.0.6+10-post-Debian-1bpo91), built on Feb  1 2020 09:07:43 by "unknown" with gcc 6.3.0 20170516

END.
