#
# A fatal error has been detected by the Java Runtime Environment:
#
#  SIGSEGV (0xb) at pc=0x00007f1556b58bc0, pid=5238, tid=5238
#
# JRE version: OpenJDK Runtime Environment (11.0.6+10) (build 11.0.6+10-post-Debian-1bpo91)
# Java VM: OpenJDK 64-Bit Server VM (11.0.6+10-post-Debian-1bpo91, mixed mode, sharing, tiered, compressed oops, serial gc, linux-amd64)
# Problematic frame:
# V  [libjvm.so+0xb8fbc0]
#
# Core dump will be written. Default location: Core dumps may be processed with "/sbin/crash_reporter --user=%P:%s:%u:%g:%e" (or dumping to /home/tanzachary/step/portfolio/core.5238)
#
# If you would like to submit a bug report, please visit:
#   https://bugs.debian.org/openjdk-11
#

---------------  S U M M A R Y ------------

Command Line: -Dclassworlds.conf=/opt/maven/bin/m2.conf -Dmaven.home=/opt/maven -Dlibrary.jansi.path=/opt/maven/lib/jansi-native -Dmaven.multiModuleProjectDirectory=/home/tanzachary/step/portfolio org.codehaus.plexus.classworlds.launcher.Launcher package appengine:run

Host: Intel(R) Xeon(R) CPU @ 2.30GHz, 2 cores, 1G, Debian GNU/Linux 9 (stretch)
Time: Thu May 28 17:51:51 2020 EDT elapsed time: 242 seconds (0d 0h 4m 2s)

---------------  T H R E A D  ---------------

Current thread is native thread

Stack: [0x00007ffd0cb8d000,0x00007ffd0d38a000],  sp=0x00007ffd0d385400,  free space=8161k
Native frames: (J=compiled Java code, A=aot compiled Java code, j=interpreted, Vv=VM code, C=native code)
V  [libjvm.so+0xb8fbc0]
C  [libpthread.so.0+0x110e0]


siginfo: si_signo: 11 (SIGSEGV), si_code: 1 (SEGV_MAPERR), si_addr: 0x00000000000000d0

Register to memory mapping:

RAX=0x0 is NULL
RBX=
[error occurred during error reporting (printing register info), id 0xb, SIGSEGV (0xb) at pc=0x00007f1556cff9e7]

Registers:
RAX=0x0000000000000000, RBX=0x00007f155819be18, RCX=0x00007f1557b586dd, RDX=0x0000000000000000
RSP=0x00007ffd0d385400, RBP=0x00007ffd0d3854b0, RSI=0x00007ffd0d3855f0, RDI=0x0000000000000001
R8 =0x00000000000000ca, R9 =0x00007f155819a9d0, R10=0x0000000000000000, R11=0x0000000000000246
R12=0x0000000000000000, R13=0x00007ffd0d3855f0, R14=0x00007ffd0d3854c0, R15=0x00007f155819ad28
RIP=0x00007f1556b58bc0, EFLAGS=0x0000000000010246, CSGSFS=0x002b000000000033, ERR=0x0000000000000004
  TRAPNO=0x000000000000000e

Top of Stack: (sp=0x00007ffd0d385400)
0x00007ffd0d385400:   0000000001e5cb59 00007f15573ae038
0x00007ffd0d385410:   00007ffd0d385530 00007f15573a0d90
0x00007ffd0d385420:   00007ffd0d385454 00007ffd0d385520
0x00007ffd0d385430:   00005640e91a0c70 000000000000000b 

Instructions: (pc=0x00007f1556b58bc0)
0x00007f1556b58ac0:   c0 74 03 c6 00 00 4c 89 f7 4c 89 fa 48 89 de e8
0x00007f1556b58ad0:   dc db 6d ff 4c 89 e7 e8 24 df 6d ff 48 81 c4 08
0x00007f1556b58ae0:   01 00 00 5b 41 5c 41 5d 41 5e 41 5f 5d c3 4c 89
0x00007f1556b58af0:   e2 be 00 01 00 00 48 89 df e8 92 e1 6d ff 48 85
0x00007f1556b58b00:   c0 74 ae 48 8d 35 b1 46 2f 00 48 89 df e8 5e df
0x00007f1556b58b10:   6d ff 48 85 c0 74 41 66 0f 1f 84 00 00 00 00 00
0x00007f1556b58b20:   be 22 00 00 00 48 89 df e8 d3 df 6d ff 48 85 c0
0x00007f1556b58b30:   74 46 48 8d 58 01 be 22 00 00 00 48 89 df e8 bd
0x00007f1556b58b40:   df 6d ff 48 85 c0 0f 85 77 ff ff ff e9 75 ff ff
0x00007f1556b58b50:   ff 0f 1f 80 00 00 00 00 48 8d 35 71 46 2f 00 48
0x00007f1556b58b60:   89 df e8 09 df 6d ff 48 85 c0 0f 84 41 ff ff ff
0x00007f1556b58b70:   eb ae 66 0f 1f 44 00 00 48 89 df be 3d 00 00 00
0x00007f1556b58b80:   e8 7b df 6d ff 48 8d 58 01 e9 23 ff ff ff 66 90
0x00007f1556b58b90:   55 48 89 e5 41 57 41 56 41 55 41 54 49 89 d6 53
0x00007f1556b58ba0:   49 89 f5 48 81 ec 88 00 00 00 e8 81 e6 6d ff 48
0x00007f1556b58bb0:   89 c3 44 8b 20 e8 26 58 1a 00 31 d2 84 c0 75 38
0x00007f1556b58bc0:   48 83 ba d0 00 00 00 00 74 16 4c 8b ba 68 02 00
0x00007f1556b58bd0:   00 41 8b 87 a8 00 00 00 83 f8 01 74 2b 44 89 23
0x00007f1556b58be0:   48 81 c4 88 00 00 00 5b 41 5c 41 5d 41 5e 41 5f
0x00007f1556b58bf0:   5d c3 66 0f 1f 44 00 00 e8 f3 57 1a 00 48 89 c2
0x00007f1556b58c00:   eb be 66 0f 1f 44 00 00 4d 89 af b0 00 00 00 4d
0x00007f1556b58c10:   8d af a8 00 00 00 4d 89 b7 b8 00 00 00 ba 02 00
0x00007f1556b58c20:   00 00 be 01 00 00 00 4c 89 ef e8 01 cb ff ff 83
0x00007f1556b58c30:   f8 02 74 3c 85 c0 75 18 49 c7 87 b8 00 00 00 00
0x00007f1556b58c40:   00 00 00 49 c7 87 b0 00 00 00 00 00 00 00 eb 8d
0x00007f1556b58c50:   48 8d 05 51 96 7b 00 48 8d 3d 7a 4e 2f 00 be 64
0x00007f1556b58c60:   11 00 00 48 8b 00 c6 00 58 e8 22 16 ab ff eb c8
0x00007f1556b58c70:   4c 8d b5 50 ff ff ff 4c 89 f7 e8 11 e2 6d ff 4c
0x00007f1556b58c80:   89 f2 31 f6 31 ff e8 15 e3 6d ff 8b 35 ff 37 7d
0x00007f1556b58c90:   00 4c 89 f7 e8 c7 de 6d ff 48 8d 3d 60 73 81 00
0x00007f1556b58ca0:   be 01 00 00 00 e8 a6 bc 0c 00 66 0f 1f 44 00 00
0x00007f1556b58cb0:   4c 89 f7 e8 d8 e5 6d ff 31 d2 be 03 00 00 00 4c 


Stack slot to memory mapping:
stack at sp + 0 slots: 
[error occurred during error reporting (inspecting top of stack), id 0xb, SIGSEGV (0xb) at pc=0x00007f1556cff9e7]


---------------  P R O C E S S  ---------------

VM state:not at safepoint (normal execution)

VM Mutex/Monitor currently owned by a thread: None

Heap address: 0x00000000e0c00000, size: 500 MB, Compressed Oops mode: 32-bit
Narrow klass base: 0x0000000800000000, Narrow klass shift: 3
Compressed class space size: 1073741824 Address: 0x0000000840000000

Heap:
 def new generation   total 10240K, used 2162K [0x00000000e0c00000, 0x00000000e1710000, 0x00000000eb2a0000)
  eden space 9152K,  23% used [0x00000000e0c00000, 0x00000000e0e1c820, 0x00000000e14f0000)
  from space 1088K,   0% used [0x00000000e14f0000, 0x00000000e14f0000, 0x00000000e1600000)
  to   space 1088K,   0% used [0x00000000e1600000, 0x00000000e1600000, 0x00000000e1710000)
 tenured generation   total 22616K, used 13568K [0x00000000eb2a0000, 0x00000000ec8b6000, 0x0000000100000000)
   the space 22616K,  59% used [0x00000000eb2a0000, 0x00000000ebfe0370, 0x00000000ebfe0400, 0x00000000ec8b6000)
 Metaspace       used 20860K, capacity 21622K, committed 21808K, reserved 1069056K
  class space    used 2415K, capacity 2664K, committed 2688K, reserved 1048576K

Card table byte_map: [0x00007f15541cd000,0x00007f15542c8000] _byte_map_base: 0x00007f1553ac7000

Polling page: 0x00007f15581a8000

Metaspace:

Usage:
  Non-class:     18.51 MB capacity,    18.01 MB ( 97%) used,   476.50 KB (  3%) free+waste,    37.19 KB ( <1%) overhead. 
      Class:      2.60 MB capacity,     2.36 MB ( 91%) used,   230.05 KB (  9%) free+waste,    18.00 KB ( <1%) overhead. 
       Both:     21.12 MB capacity,    20.37 MB ( 96%) used,   706.55 KB (  3%) free+waste,    55.19 KB ( <1%) overhead. 

Virtual space:
  Non-class space:       20.00 MB reserved,      18.67 MB ( 93%) committed 
      Class space:        1.00 GB reserved,       2.62 MB ( <1%) committed 
             Both:        1.02 GB reserved,      21.30 MB (  2%) committed 

Chunk freelists:
   Non-Class:  70.00 KB
       Class:  0 bytes
        Both:  70.00 KB

MaxMetaspaceSize: unlimited
CompressedClassSpaceSize: 1.00 GB

CodeHeap 'non-profiled nmethods': size=120036Kb used=1507Kb max_used=1507Kb free=118528Kb
 bounds [0x00007f15403d7000, 0x00007f1540647000, 0x00007f1547910000]
CodeHeap 'profiled nmethods': size=120032Kb used=8046Kb max_used=8046Kb free=111985Kb
 bounds [0x00007f1538e9f000, 0x00007f153967f000, 0x00007f15403d7000]
CodeHeap 'non-nmethods': size=5692Kb used=1148Kb max_used=1162Kb free=4544Kb
 bounds [0x00007f1538910000, 0x00007f1538b80000, 0x00007f1538e9f000]
 total_blobs=5303 nmethods=4074 adapters=398
 compilation: enabled
              stopped_count=0, restarted_count=0
 full_count=0

Compilation events (20 events):
Event: 8.391 Thread 0x00007f155005b800 4081   !   3       java.nio.charset.CharsetEncoder::encode (285 bytes)
Event: 8.393 Thread 0x00007f155005b800 nmethod 4081 0x00007f1539674e90 code [0x00007f15396751a0, 0x00007f15396764d8]
Event: 8.393 Thread 0x00007f155005b800 4082       3       sun.nio.cs.UTF_8$Encoder::encodeLoop (28 bytes)
Event: 8.393 Thread 0x00007f155005b800 nmethod 4082 0x00007f1539676b10 code [0x00007f1539676d00, 0x00007f1539677158]
Event: 8.549 Thread 0x00007f155005b800 4083       3       java.util.regex.Pattern$BmpCharPredicate$$Lambda$4/0x0000000840064840::is (13 bytes)
Event: 8.558 Thread 0x00007f155005b800 nmethod 4083 0x00007f1539677290 code [0x00007f1539677480, 0x00007f1539677918]
Event: 8.558 Thread 0x00007f155005b800 4084       3       java.io.FileOutputStream::write (20 bytes)
Event: 8.559 Thread 0x00007f155005b800 nmethod 4084 0x00007f1539677a90 code [0x00007f1539677c60, 0x00007f1539677e88]
Event: 8.767 Thread 0x00007f155005b800 4085       3       java.lang.String::valueOf (39 bytes)
Event: 8.767 Thread 0x00007f155005b800 nmethod 4085 0x00007f1539677f90 code [0x00007f1539678180, 0x00007f1539678870]
Event: 8.769 Thread 0x00007f155005b800 4086       3       java.lang.String::getChars (54 bytes)
Event: 8.769 Thread 0x00007f155005b800 nmethod 4086 0x00007f1539678a90 code [0x00007f1539678ca0, 0x00007f15396791d8]
Event: 8.771 Thread 0x00007f1550059800 4087       4       java.nio.CharBuffer::charAt (16 bytes)
Event: 8.773 Thread 0x00007f1550059800 nmethod 4087 0x00007f154054fa10 code [0x00007f154054fba0, 0x00007f154054fcd8]
Event: 8.775 Thread 0x00007f155005b800 4089       3       java.lang.AbstractStringBuilder::append (45 bytes)
Event: 8.776 Thread 0x00007f155005b800 nmethod 4089 0x00007f1539679410 code [0x00007f1539679640, 0x00007f1539679bd8]
Event: 8.776 Thread 0x00007f155005b800 4088       3       java.lang.AbstractStringBuilder::putStringAt (29 bytes)
Event: 8.776 Thread 0x00007f155005b800 nmethod 4088 0x00007f1539679e10 code [0x00007f153967a000, 0x00007f153967a378]
Event: 8.802 Thread 0x00007f155005b800 4090       3       java.util.regex.Matcher::end (22 bytes)
Event: 8.807 Thread 0x00007f155005b800 nmethod 4090 0x00007f153967a490 code [0x00007f153967a660, 0x00007f153967a908]

GC Heap History (20 events):
Event: 3.523 GC heap before
{Heap before GC invocations=12 (full 0):
 def new generation   total 9792K, used 9583K [0x00000000e0c00000, 0x00000000e16a0000, 0x00000000eb2a0000)
  eden space 8704K, 100% used [0x00000000e0c00000, 0x00000000e1480000, 0x00000000e1480000)
  from space 1088K,  80% used [0x00000000e1480000, 0x00000000e155bf00, 0x00000000e1590000)
  to   space 1088K,   0% used [0x00000000e1590000, 0x00000000e1590000, 0x00000000e16a0000)
 tenured generation   total 21888K, used 7379K [0x00000000eb2a0000, 0x00000000ec800000, 0x0000000100000000)
   the space 21888K,  33% used [0x00000000eb2a0000, 0x00000000eb9d4d18, 0x00000000eb9d4e00, 0x00000000ec800000)
 Metaspace       used 14140K, capacity 15696K, committed 16000K, reserved 1062912K
  class space    used 1612K, capacity 1833K, committed 1920K, reserved 1048576K
}
Event: 3.527 GC heap after
{Heap after GC invocations=13 (full 0):
 def new generation   total 9792K, used 802K [0x00000000e0c00000, 0x00000000e16a0000, 0x00000000eb2a0000)
  eden space 8704K,   0% used [0x00000000e0c00000, 0x00000000e0c00000, 0x00000000e1480000)
  from space 1088K,  73% used [0x00000000e1590000, 0x00000000e1658850, 0x00000000e16a0000)
  to   space 1088K,   0% used [0x00000000e1480000, 0x00000000e1480000, 0x00000000e1590000)
 tenured generation   total 21888K, used 7811K [0x00000000eb2a0000, 0x00000000ec800000, 0x0000000100000000)
   the space 21888K,  35% used [0x00000000eb2a0000, 0x00000000eba40de8, 0x00000000eba40e00, 0x00000000ec800000)
 Metaspace       used 14140K, capacity 15696K, committed 16000K, reserved 1062912K
  class space    used 1612K, capacity 1833K, committed 1920K, reserved 1048576K
}
Event: 3.824 GC heap before
{Heap before GC invocations=13 (full 0):
 def new generation   total 9792K, used 9505K [0x00000000e0c00000, 0x00000000e16a0000, 0x00000000eb2a0000)
  eden space 8704K,  99% used [0x00000000e0c00000, 0x00000000e147fc30, 0x00000000e1480000)
  from space 1088K,  73% used [0x00000000e1590000, 0x00000000e1658850, 0x00000000e16a0000)
  to   space 1088K,   0% used [0x00000000e1480000, 0x00000000e1480000, 0x00000000e1590000)
 tenured generation   total 21888K, used 7811K [0x00000000eb2a0000, 0x00000000ec800000, 0x0000000100000000)
   the space 21888K,  35% used [0x00000000eb2a0000, 0x00000000eba40de8, 0x00000000eba40e00, 0x00000000ec800000)
 Metaspace       used 14537K, capacity 16050K, committed 16256K, reserved 1062912K
  class space    used 1639K, capacity 1867K, committed 1920K, reserved 1048576K
}
Event: 3.827 GC heap after
{Heap after GC invocations=14 (full 0):
 def new generation   total 9792K, used 970K [0x00000000e0c00000, 0x00000000e16a0000, 0x00000000eb2a0000)
  eden space 8704K,   0% used [0x00000000e0c00000, 0x00000000e0c00000, 0x00000000e1480000)
  from space 1088K,  89% used [0x00000000e1480000, 0x00000000e1572b40, 0x00000000e1590000)
  to   space 1088K,   0% used [0x00000000e1590000, 0x00000000e1590000, 0x00000000e16a0000)
 tenured generation   total 21888K, used 8190K [0x00000000eb2a0000, 0x00000000ec800000, 0x0000000100000000)
   the space 21888K,  37% used [0x00000000eb2a0000, 0x00000000eba9f908, 0x00000000eba9fa00, 0x00000000ec800000)
 Metaspace       used 14537K, capacity 16050K, committed 16256K, reserved 1062912K
  class space    used 1639K, capacity 1867K, committed 1920K, reserved 1048576K
}
Event: 4.025 GC heap before
{Heap before GC invocations=14 (full 0):
 def new generation   total 9792K, used 9674K [0x00000000e0c00000, 0x00000000e16a0000, 0x00000000eb2a0000)
  eden space 8704K, 100% used [0x00000000e0c00000, 0x00000000e1480000, 0x00000000e1480000)
  from space 1088K,  89% used [0x00000000e1480000, 0x00000000e1572b40, 0x00000000e1590000)
  to   space 1088K,   0% used [0x00000000e1590000, 0x00000000e1590000, 0x00000000e16a0000)
 tenured generation   total 21888K, used 8190K [0x00000000eb2a0000, 0x00000000ec800000, 0x0000000100000000)
   the space 21888K,  37% used [0x00000000eb2a0000, 0x00000000eba9f908, 0x00000000eba9fa00, 0x00000000ec800000)
 Metaspace       used 14947K, capacity 16455K, committed 16896K, reserved 1064960K
  class space    used 1667K, capacity 1934K, committed 2048K, reserved 1048576K
}
Event: 4.029 GC heap after
{Heap after GC invocations=15 (full 0):
 def new generation   total 9792K, used 512K [0x00000000e0c00000, 0x00000000e16a0000, 0x00000000eb2a0000)
  eden space 8704K,   0% used [0x00000000e0c00000, 0x00000000e0c00000, 0x00000000e1480000)
  from space 1088K,  47% used [0x00000000e1590000, 0x00000000e16100d0, 0x00000000e16a0000)
  to   space 1088K,   0% used [0x00000000e1480000, 0x00000000e1480000, 0x00000000e1590000)
 tenured generation   total 21888K, used 9134K [0x00000000eb2a0000, 0x00000000ec800000, 0x0000000100000000)
   the space 21888K,  41% used [0x00000000eb2a0000, 0x00000000ebb8b908, 0x00000000ebb8ba00, 0x00000000ec800000)
 Metaspace       used 14947K, capacity 16455K, committed 16896K, reserved 1064960K
  class space    used 1667K, capacity 1934K, committed 2048K, reserved 1048576K
}
Event: 4.153 GC heap before
{Heap before GC invocations=15 (full 0):
 def new generation   total 9792K, used 9216K [0x00000000e0c00000, 0x00000000e16a0000, 0x00000000eb2a0000)
  eden space 8704K, 100% used [0x00000000e0c00000, 0x00000000e1480000, 0x00000000e1480000)
  from space 1088K,  47% used [0x00000000e1590000, 0x00000000e16100d0, 0x00000000e16a0000)
  to   space 1088K,   0% used [0x00000000e1480000, 0x00000000e1480000, 0x00000000e1590000)
 tenured generation   total 21888K, used 9134K [0x00000000eb2a0000, 0x00000000ec800000, 0x0000000100000000)
   the space 21888K,  41% used [0x00000000eb2a0000, 0x00000000ebb8b908, 0x00000000ebb8ba00, 0x00000000ec800000)
 Metaspace       used 15589K, capacity 17203K, committed 17536K, reserved 1064960K
  class space    used 1786K, capacity 2078K, committed 2176K, reserved 1048576K
}
Event: 4.156 GC heap after
{Heap after GC invocations=16 (full 0):
 def new generation   total 9792K, used 947K [0x00000000e0c00000, 0x00000000e16a0000, 0x00000000eb2a0000)
  eden space 8704K,   0% used [0x00000000e0c00000, 0x00000000e0c00000, 0x00000000e1480000)
  from space 1088K,  87% used [0x00000000e1480000, 0x00000000e156cd88, 0x00000000e1590000)
  to   space 1088K,   0% used [0x00000000e1590000, 0x00000000e1590000, 0x00000000e16a0000)
 tenured generation   total 21888K, used 9134K [0x00000000eb2a0000, 0x00000000ec800000, 0x0000000100000000)
   the space 21888K,  41% used [0x00000000eb2a0000, 0x00000000ebb8b908, 0x00000000ebb8ba00, 0x00000000ec800000)
 Metaspace       used 15589K, capacity 17203K, committed 17536K, reserved 1064960K
  class space    used 1786K, capacity 2078K, committed 2176K, reserved 1048576K
}
Event: 4.427 GC heap before
{Heap before GC invocations=16 (full 0):
 def new generation   total 9792K, used 9651K [0x00000000e0c00000, 0x00000000e16a0000, 0x00000000eb2a0000)
  eden space 8704K, 100% used [0x00000000e0c00000, 0x00000000e1480000, 0x00000000e1480000)
  from space 1088K,  87% used [0x00000000e1480000, 0x00000000e156cd88, 0x00000000e1590000)
  to   space 1088K,   0% used [0x00000000e1590000, 0x00000000e1590000, 0x00000000e16a0000)
 tenured generation   total 21888K, used 9134K [0x00000000eb2a0000, 0x00000000ec800000, 0x0000000100000000)
   the space 21888K,  41% used [0x00000000eb2a0000, 0x00000000ebb8b908, 0x00000000ebb8ba00, 0x00000000ec800000)
 Metaspace       used 17365K, capacity 18386K, committed 18688K, reserved 1064960K
  class space    used 2004K, capacity 2261K, committed 2304K, reserved 1048576K
}
Event: 4.434 GC heap after
{Heap after GC invocations=17 (full 0):
 def new generation   total 9792K, used 1088K [0x00000000e0c00000, 0x00000000e16a0000, 0x00000000eb2a0000)
  eden space 8704K,   0% used [0x00000000e0c00000, 0x00000000e0c00000, 0x00000000e1480000)
  from space 1088K, 100% used [0x00000000e1590000, 0x00000000e16a0000, 0x00000000e16a0000)
  to   space 1088K,   0% used [0x00000000e1480000, 0x00000000e1480000, 0x00000000e1590000)
 tenured generation   total 21888K, used 9610K [0x00000000eb2a0000, 0x00000000ec800000, 0x0000000100000000)
   the space 21888K,  43% used [0x00000000eb2a0000, 0x00000000ebc02858, 0x00000000ebc02a00, 0x00000000ec800000)
 Metaspace       used 17365K, capacity 18386K, committed 18688K, reserved 1064960K
  class space    used 2004K, capacity 2261K, committed 2304K, reserved 1048576K
}
Event: 4.917 GC heap before
{Heap before GC invocations=17 (full 0):
 def new generation   total 9792K, used 9792K [0x00000000e0c00000, 0x00000000e16a0000, 0x00000000eb2a0000)
  eden space 8704K, 100% used [0x00000000e0c00000, 0x00000000e1480000, 0x00000000e1480000)
  from space 1088K, 100% used [0x00000000e1590000, 0x00000000e16a0000, 0x00000000e16a0000)
  to   space 1088K,   0% used [0x00000000e1480000, 0x00000000e1480000, 0x00000000e1590000)
 tenured generation   total 21888K, used 9610K [0x00000000eb2a0000, 0x00000000ec800000, 0x0000000100000000)
   the space 21888K,  43% used [0x00000000eb2a0000, 0x00000000ebc02858, 0x00000000ebc02a00, 0x00000000ec800000)
 Metaspace       used 17702K, capacity 18611K, committed 18944K, reserved 1067008K
  class space    used 2029K, capacity 2271K, committed 2304K, reserved 1048576K
}
Event: 4.937 GC heap after
{Heap after GC invocations=18 (full 0):
 def new generation   total 9792K, used 935K [0x00000000e0c00000, 0x00000000e16a0000, 0x00000000eb2a0000)
  eden space 8704K,   0% used [0x00000000e0c00000, 0x00000000e0c00000, 0x00000000e1480000)
  from space 1088K,  85% used [0x00000000e1480000, 0x00000000e1569e88, 0x00000000e1590000)
  to   space 1088K,   0% used [0x00000000e1590000, 0x00000000e1590000, 0x00000000e16a0000)
 tenured generation   total 21888K, used 10666K [0x00000000eb2a0000, 0x00000000ec800000, 0x0000000100000000)
   the space 21888K,  48% used [0x00000000eb2a0000, 0x00000000ebd0a900, 0x00000000ebd0aa00, 0x00000000ec800000)
 Metaspace       used 17702K, capacity 18611K, committed 18944K, reserved 1067008K
  class space    used 2029K, capacity 2271K, committed 2304K, reserved 1048576K
}
Event: 5.160 GC heap before
{Heap before GC invocations=18 (full 0):
 def new generation   total 9792K, used 9639K [0x00000000e0c00000, 0x00000000e16a0000, 0x00000000eb2a0000)
  eden space 8704K, 100% used [0x00000000e0c00000, 0x00000000e1480000, 0x00000000e1480000)
  from space 1088K,  85% used [0x00000000e1480000, 0x00000000e1569e88, 0x00000000e1590000)
  to   space 1088K,   0% used [0x00000000e1590000, 0x00000000e1590000, 0x00000000e16a0000)
 tenured generation   total 21888K, used 10666K [0x00000000eb2a0000, 0x00000000ec800000, 0x0000000100000000)
   the space 21888K,  48% used [0x00000000eb2a0000, 0x00000000ebd0a900, 0x00000000ebd0aa00, 0x00000000ec800000)
 Metaspace       used 17781K, capacity 18682K, committed 18944K, reserved 1067008K
  class space    used 2030K, capacity 2273K, committed 2304K, reserved 1048576K
}
Event: 5.167 GC heap after
{Heap after GC invocations=19 (full 0):
 def new generation   total 9792K, used 521K [0x00000000e0c00000, 0x00000000e16a0000, 0x00000000eb2a0000)
  eden space 8704K,   0% used [0x00000000e0c00000, 0x00000000e0c00000, 0x00000000e1480000)
  from space 1088K,  47% used [0x00000000e1590000, 0x00000000e1612528, 0x00000000e16a0000)
  to   space 1088K,   0% used [0x00000000e1480000, 0x00000000e1480000, 0x00000000e1590000)
 tenured generation   total 21888K, used 11451K [0x00000000eb2a0000, 0x00000000ec800000, 0x0000000100000000)
   the space 21888K,  52% used [0x00000000eb2a0000, 0x00000000ebdcec90, 0x00000000ebdcee00, 0x00000000ec800000)
 Metaspace       used 17781K, capacity 18682K, committed 18944K, reserved 1067008K
  class space    used 2030K, capacity 2273K, committed 2304K, reserved 1048576K
}
Event: 5.322 GC heap before
{Heap before GC invocations=19 (full 0):
 def new generation   total 9792K, used 9225K [0x00000000e0c00000, 0x00000000e16a0000, 0x00000000eb2a0000)
  eden space 8704K, 100% used [0x00000000e0c00000, 0x00000000e1480000, 0x00000000e1480000)
  from space 1088K,  47% used [0x00000000e1590000, 0x00000000e1612528, 0x00000000e16a0000)
  to   space 1088K,   0% used [0x00000000e1480000, 0x00000000e1480000, 0x00000000e1590000)
 tenured generation   total 21888K, used 11451K [0x00000000eb2a0000, 0x00000000ec800000, 0x0000000100000000)
   the space 21888K,  52% used [0x00000000eb2a0000, 0x00000000ebdcec90, 0x00000000ebdcee00, 0x00000000ec800000)
 Metaspace       used 17843K, capacity 18768K, committed 18944K, reserved 1067008K
  class space    used 2036K, capacity 2279K, committed 2304K, reserved 1048576K
}
Event: 5.324 GC heap after
{Heap after GC invocations=20 (full 0):
 def new generation   total 9792K, used 924K [0x00000000e0c00000, 0x00000000e16a0000, 0x00000000eb2a0000)
  eden space 8704K,   0% used [0x00000000e0c00000, 0x00000000e0c00000, 0x00000000e1480000)
  from space 1088K,  85% used [0x00000000e1480000, 0x00000000e1567340, 0x00000000e1590000)
  to   space 1088K,   0% used [0x00000000e1590000, 0x00000000e1590000, 0x00000000e16a0000)
 tenured generation   total 21888K, used 11451K [0x00000000eb2a0000, 0x00000000ec800000, 0x0000000100000000)
   the space 21888K,  52% used [0x00000000eb2a0000, 0x00000000ebdcec90, 0x00000000ebdcee00, 0x00000000ec800000)
 Metaspace       used 17843K, capacity 18768K, committed 18944K, reserved 1067008K
  class space    used 2036K, capacity 2279K, committed 2304K, reserved 1048576K
}
Event: 6.078 GC heap before
{Heap before GC invocations=20 (full 0):
 def new generation   total 9792K, used 9628K [0x00000000e0c00000, 0x00000000e16a0000, 0x00000000eb2a0000)
  eden space 8704K, 100% used [0x00000000e0c00000, 0x00000000e1480000, 0x00000000e1480000)
  from space 1088K,  85% used [0x00000000e1480000, 0x00000000e1567340, 0x00000000e1590000)
  to   space 1088K,   0% used [0x00000000e1590000, 0x00000000e1590000, 0x00000000e16a0000)
 tenured generation   total 21888K, used 11451K [0x00000000eb2a0000, 0x00000000ec800000, 0x0000000100000000)
   the space 21888K,  52% used [0x00000000eb2a0000, 0x00000000ebdcec90, 0x00000000ebdcee00, 0x00000000ec800000)
 Metaspace       used 18881K, capacity 19594K, committed 19840K, reserved 1067008K
  class space    used 2189K, capacity 2429K, committed 2432K, reserved 1048576K
}
Event: 6.083 GC heap after
{Heap after GC invocations=21 (full 0):
 def new generation   total 9792K, used 1088K [0x00000000e0c00000, 0x00000000e16a0000, 0x00000000eb2a0000)
  eden space 8704K,   0% used [0x00000000e0c00000, 0x00000000e0c00000, 0x00000000e1480000)
  from space 1088K, 100% used [0x00000000e1590000, 0x00000000e16a0000, 0x00000000e16a0000)
  to   space 1088K,   0% used [0x00000000e1480000, 0x00000000e1480000, 0x00000000e1590000)
 tenured generation   total 21888K, used 12231K [0x00000000eb2a0000, 0x00000000ec800000, 0x0000000100000000)
   the space 21888K,  55% used [0x00000000eb2a0000, 0x00000000ebe91e58, 0x00000000ebe92000, 0x00000000ec800000)
 Metaspace       used 18881K, capacity 19594K, committed 19840K, reserved 1067008K
  class space    used 2189K, capacity 2429K, committed 2432K, reserved 1048576K
}
Event: 6.734 GC heap before
{Heap before GC invocations=21 (full 0):
 def new generation   total 9792K, used 3583K [0x00000000e0c00000, 0x00000000e16a0000, 0x00000000eb2a0000)
  eden space 8704K,  28% used [0x00000000e0c00000, 0x00000000e0e6ff88, 0x00000000e1480000)
  from space 1088K, 100% used [0x00000000e1590000, 0x00000000e16a0000, 0x00000000e16a0000)
  to   space 1088K,   0% used [0x00000000e1480000, 0x00000000e1480000, 0x00000000e1590000)
 tenured generation   total 21888K, used 12231K [0x00000000eb2a0000, 0x00000000ec800000, 0x0000000100000000)
   the space 21888K,  55% used [0x00000000eb2a0000, 0x00000000ebe91e58, 0x00000000ebe92000, 0x00000000ec800000)
 Metaspace       used 20363K, capacity 21025K, committed 21296K, reserved 1069056K
  class space    used 2350K, capacity 2570K, committed 2688K, reserved 1048576K
}
Event: 6.773 GC heap after
{Heap after GC invocations=22 (full 1):
 def new generation   total 10240K, used 0K [0x00000000e0c00000, 0x00000000e1710000, 0x00000000eb2a0000)
  eden space 9152K,   0% used [0x00000000e0c00000, 0x00000000e0c00000, 0x00000000e14f0000)
  from space 1088K,   0% used [0x00000000e14f0000, 0x00000000e14f0000, 0x00000000e1600000)
  to   space 1088K,   0% used [0x00000000e1600000, 0x00000000e1600000, 0x00000000e1710000)
 tenured generation   total 22616K, used 13568K [0x00000000eb2a0000, 0x00000000ec8b6000, 0x0000000100000000)
   the space 22616K,  59% used [0x00000000eb2a0000, 0x00000000ebfe0370, 0x00000000ebfe0400, 0x00000000ec8b6000)
 Metaspace       used 20363K, capacity 21025K, committed 21296K, reserved 1069056K
  class space    used 2350K, capacity 2570K, committed 2688K, reserved 1048576K
}

Deoptimization events (20 events):
Event: 7.238 Thread 0x00007f1550ff1000 Uncommon trap: trap_request=0xffffffc6 fr.pc=0x00007f15404e8be8 relative=0x0000000000000288
Event: 7.238 Thread 0x00007f1550ff1000 Uncommon trap: reason=bimorphic_or_optimized_type_check action=maybe_recompile pc=0x00007f15404e8be8 method=java.util.regex.Pattern$BmpCharProperty.match(Ljava/util/regex/Matcher;ILjava/lang/CharSequence;)Z @ 14 c2
Event: 7.238 Thread 0x00007f1550ff1000 DEOPT PACKING pc=0x00007f15404e8be8 sp=0x00007f153232b510
Event: 7.238 Thread 0x00007f1550ff1000 DEOPT UNPACKING pc=0x00007f15389383a5 sp=0x00007f153232b4d0 mode 2
Event: 7.243 Thread 0x00007f1550ff1000 Uncommon trap: trap_request=0xffffffc6 fr.pc=0x00007f154050807c relative=0x000000000000011c
Event: 7.243 Thread 0x00007f1550ff1000 Uncommon trap: reason=bimorphic_or_optimized_type_check action=maybe_recompile pc=0x00007f154050807c method=java.lang.Character.codePointBefore(Ljava/lang/CharSequence;I)I @ 5 c2
Event: 7.243 Thread 0x00007f1550ff1000 DEOPT PACKING pc=0x00007f154050807c sp=0x00007f153232b5d0
Event: 7.243 Thread 0x00007f1550ff1000 DEOPT UNPACKING pc=0x00007f15389383a5 sp=0x00007f153232b578 mode 2
Event: 7.243 Thread 0x00007f1550ff1000 Uncommon trap: trap_request=0xffffffc6 fr.pc=0x00007f154050807c relative=0x000000000000011c
Event: 7.243 Thread 0x00007f1550ff1000 Uncommon trap: reason=bimorphic_or_optimized_type_check action=maybe_recompile pc=0x00007f154050807c method=java.lang.Character.codePointBefore(Ljava/lang/CharSequence;I)I @ 5 c2
Event: 7.243 Thread 0x00007f1550ff1000 DEOPT PACKING pc=0x00007f154050807c sp=0x00007f153232b5d0
Event: 7.243 Thread 0x00007f1550ff1000 DEOPT UNPACKING pc=0x00007f15389383a5 sp=0x00007f153232b578 mode 2
Event: 7.243 Thread 0x00007f1550ff1000 Uncommon trap: trap_request=0xffffffc6 fr.pc=0x00007f154050807c relative=0x000000000000011c
Event: 7.243 Thread 0x00007f1550ff1000 Uncommon trap: reason=bimorphic_or_optimized_type_check action=maybe_recompile pc=0x00007f154050807c method=java.lang.Character.codePointBefore(Ljava/lang/CharSequence;I)I @ 5 c2
Event: 7.243 Thread 0x00007f1550ff1000 DEOPT PACKING pc=0x00007f154050807c sp=0x00007f153232b5d0
Event: 7.243 Thread 0x00007f1550ff1000 DEOPT UNPACKING pc=0x00007f15389383a5 sp=0x00007f153232b578 mode 2
Event: 7.243 Thread 0x00007f1550ff1000 Uncommon trap: trap_request=0xffffffc6 fr.pc=0x00007f154050807c relative=0x000000000000011c
Event: 7.243 Thread 0x00007f1550ff1000 Uncommon trap: reason=bimorphic_or_optimized_type_check action=maybe_recompile pc=0x00007f154050807c method=java.lang.Character.codePointBefore(Ljava/lang/CharSequence;I)I @ 5 c2
Event: 7.243 Thread 0x00007f1550ff1000 DEOPT PACKING pc=0x00007f154050807c sp=0x00007f153232b5d0
Event: 7.243 Thread 0x00007f1550ff1000 DEOPT UNPACKING pc=0x00007f15389383a5 sp=0x00007f153232b578 mode 2

Classes redefined (0 events):
No events

Internal exceptions (17 events):
Event: 0.158 Thread 0x00007f1550014000 Exception <a 'java/lang/NoSuchMethodError'{0x00000000e0ef2200}: 'int java.lang.invoke.DirectMethodHandle$Holder.invokeSpecialIFC(java.lang.Object, java.lang.Object, int)'> (0x00000000e0ef2200) thrown at [/build/openjdk-11-11.0.6+10/src/hotspot/share/inter
Event: 2.064 Thread 0x00007f1550014000 Exception <a 'java/lang/NoClassDefFoundError'{0x00000000e0f7dd60}: com/google/inject/servlet/ServletModuleTargetVisitor> (0x00000000e0f7dd60) thrown at [/build/openjdk-11-11.0.6+10/src/hotspot/share/classfile/systemDictionary.cpp, line 220]
Event: 2.064 Thread 0x00007f1550014000 Exception <a 'java/lang/NoClassDefFoundError'{0x00000000e0f7dd60}> (0x00000000e0f7dd60) thrown at [/build/openjdk-11-11.0.6+10/src/hotspot/share/prims/jvm.cpp, line 1301]
Event: 2.064 Thread 0x00007f1550014000 Exception <a 'java/lang/NoClassDefFoundError'{0x00000000e0f80968}: javax/annotation/Priority> (0x00000000e0f80968) thrown at [/build/openjdk-11-11.0.6+10/src/hotspot/share/classfile/systemDictionary.cpp, line 220]
Event: 2.737 Thread 0x00007f1550014000 Implicit null exception at 0x00007f1540432885 to 0x00007f1540432a5e
Event: 4.210 Thread 0x00007f1550014000 Exception <a 'java/lang/NoSuchMethodError'{0x00000000e0d50058}: 'java.lang.Object java.lang.invoke.DirectMethodHandle$Holder.invokeStatic(java.lang.Object, java.lang.Object, java.lang.Object, java.lang.Object, java.lang.Object, java.lang.Object, java.lang
Event: 4.212 Thread 0x00007f1550014000 Exception <a 'java/lang/NoSuchMethodError'{0x00000000e0d5e2e0}: 'java.lang.Object java.lang.invoke.DirectMethodHandle$Holder.invokeStatic(java.lang.Object, java.lang.Object, java.lang.Object, java.lang.Object, java.lang.Object, java.lang.Object, java.lang
Event: 4.214 Thread 0x00007f1550014000 Exception <a 'java/lang/NoSuchMethodError'{0x00000000e0d6c620}: 'java.lang.Object java.lang.invoke.DirectMethodHandle$Holder.invokeSpecial(java.lang.Object, java.lang.Object, int, int, java.lang.Object, java.lang.Object, java.lang.Object)'> (0x00000000e0d
Event: 4.214 Thread 0x00007f1550014000 Exception <a 'java/lang/NoSuchMethodError'{0x00000000e0d6fe58}: 'java.lang.Object java.lang.invoke.DelegatingMethodHandle$Holder.reinvoke_L(java.lang.Object, int, int, java.lang.Object, java.lang.Object, java.lang.Object)'> (0x00000000e0d6fe58) thrown at 
Event: 4.215 Thread 0x00007f1550014000 Exception <a 'java/lang/NoSuchMethodError'{0x00000000e0d74488}: 'java.lang.Object java.lang.invoke.DirectMethodHandle$Holder.invokeStatic(java.lang.Object, java.lang.Object, java.lang.Object, java.lang.Object, int)'> (0x00000000e0d74488) thrown at [/build
Event: 4.471 Thread 0x00007f1550014000 Exception <a 'java/lang/NoSuchMethodError'{0x00000000e0cc5ca8}: 'java.lang.Object java.lang.invoke.DirectMethodHandle$Holder.invokeStatic(java.lang.Object, int, java.lang.Object)'> (0x00000000e0cc5ca8) thrown at [/build/openjdk-11-11.0.6+10/src/hotspot/sh
Event: 5.440 Thread 0x00007f1550014000 Exception <a 'java/lang/NoSuchMethodError'{0x00000000e11e5168}: 'java.lang.Object java.lang.invoke.DirectMethodHandle$Holder.invokeStaticInit(java.lang.Object, java.lang.Object, long, java.lang.Object)'> (0x00000000e11e5168) thrown at [/build/openjdk-11-1
Event: 5.442 Thread 0x00007f1550014000 Exception <a 'java/lang/NoSuchMethodError'{0x00000000e11f12c8}: 'java.lang.Object java.lang.invoke.Invokers$Holder.linkToTargetMethod(java.lang.Object, long, java.lang.Object)'> (0x00000000e11f12c8) thrown at [/build/openjdk-11-11.0.6+10/src/hotspot/share
Event: 5.444 Thread 0x00007f1550014000 Exception <a 'java/lang/NoSuchMethodError'{0x00000000e11f8018}: 'java.lang.Object java.lang.invoke.DirectMethodHandle$Holder.invokeStatic(java.lang.Object, java.lang.Object, java.lang.Object, int)'> (0x00000000e11f8018) thrown at [/build/openjdk-11-11.0.6
Event: 5.444 Thread 0x00007f1550014000 Exception <a 'java/lang/NoSuchMethodError'{0x00000000e11fb9e0}: 'java.lang.Object java.lang.invoke.DirectMethodHandle$Holder.invokeSpecial(java.lang.Object, java.lang.Object, java.lang.Object, java.lang.Object, int)'> (0x00000000e11fb9e0) thrown at [/buil
Event: 5.444 Thread 0x00007f1550014000 Exception <a 'java/lang/NoSuchMethodError'{0x00000000e11fea48}: 'java.lang.Object java.lang.invoke.Invokers$Holder.linkToTargetMethod(java.lang.Object, java.lang.Object, int, java.lang.Object)'> (0x00000000e11fea48) thrown at [/build/openjdk-11-11.0.6+10/
Event: 6.808 Thread 0x00007f1550014000 Exception <a 'java/lang/ClassNotFoundException'{0x00000000e0d60bc0}: sun/util/logging/resources/spi/loggingProvider> (0x00000000e0d60bc0) thrown at [/build/openjdk-11-11.0.6+10/src/hotspot/share/classfile/systemDictionary.cpp, line 231]

Events (20 events):
Event: 6.809 loading class sun/util/logging/resources/logging_en
Event: 6.809 loading class sun/util/logging/resources/logging_en done
Event: 6.810 loading class sun/util/logging/resources/logging_en_US
Event: 6.810 loading class sun/util/logging/resources/logging_en_US done
Event: 6.810 loading class sun/util/logging/resources/logging_en_US
Event: 6.810 loading class sun/util/logging/resources/logging_en_US done
Event: 6.822 loading class java/util/Scanner
Event: 6.822 loading class java/util/Scanner done
Event: 6.824 loading class java/util/Scanner$PatternLRUCache
Event: 6.825 loading class java/util/Scanner$PatternLRUCache done
Event: 6.850 Thread 0x00007f1550fc2800 Thread added: 0x00007f1550fc2800
Event: 6.851 Protecting memory [0x00007f153212b000,0x00007f153212f000] with protection modes 0
Event: 6.853 Thread 0x00007f1550ff1000 Thread added: 0x00007f1550ff1000
Event: 6.853 Protecting memory [0x00007f153222c000,0x00007f1532230000] with protection modes 0
Event: 7.198 loading class java/util/regex/Matcher$ImmutableMatchResult
Event: 7.198 loading class java/util/regex/Matcher$ImmutableMatchResult done
Event: 7.198 loading class org/apache/maven/plugin/logging/Log
Event: 7.198 loading class org/apache/maven/plugin/logging/Log done
Event: 7.198 loading class org/apache/maven/plugin/logging/Log
Event: 7.198 loading class org/apache/maven/plugin/logging/Log done


Dynamic libraries:
e0c00000-e1710000 rw-p 00000000 00:00 0 
e1710000-eb2a0000 ---p 00000000 00:00 0 
eb2a0000-ec8b6000 rw-p 00000000 00:00 0 
ec8b6000-100000000 ---p 00000000 00:00 0 
800000000-800002000 rwxp 00001000 08:01 2118409                          /usr/lib/jvm/java-11-openjdk-amd64/lib/server/classes.jsa
800002000-8003b7000 rw-p 00003000 08:01 2118409                          /usr/lib/jvm/java-11-openjdk-amd64/lib/server/classes.jsa
8003b7000-800a8a000 r--p 003b8000 08:01 2118409                          /usr/lib/jvm/java-11-openjdk-amd64/lib/server/classes.jsa
800a8a000-800a8b000 rw-p 00a8b000 08:01 2118409                          /usr/lib/jvm/java-11-openjdk-amd64/lib/server/classes.jsa
800a8b000-801095000 r--p 00a8c000 08:01 2118409                          /usr/lib/jvm/java-11-openjdk-amd64/lib/server/classes.jsa
840000000-8402a0000 rw-p 00000000 00:00 0 
8402a0000-880000000 ---p 00000000 00:00 0 
5640e70f5000-5640e70f6000 r-xp 00000000 08:01 2118040                    /usr/lib/jvm/java-11-openjdk-amd64/bin/java
5640e72f6000-5640e72f7000 r--p 00001000 08:01 2118040                    /usr/lib/jvm/java-11-openjdk-amd64/bin/java
5640e72f7000-5640e72f8000 rw-p 00002000 08:01 2118040                    /usr/lib/jvm/java-11-openjdk-amd64/bin/java
5640e9189000-5640e91cb000 rw-p 00000000 00:00 0                          [heap]
7f14fc000000-7f14fc021000 rw-p 00000000 00:00 0 
7f14fc021000-7f1500000000 ---p 00000000 00:00 0 
7f1504000000-7f1504021000 rw-p 00000000 00:00 0 
7f1504021000-7f1508000000 ---p 00000000 00:00 0 
7f1508000000-7f1508021000 rw-p 00000000 00:00 0 
7f1508021000-7f150c000000 ---p 00000000 00:00 0 
7f150c000000-7f150c021000 rw-p 00000000 00:00 0 
7f150c021000-7f1510000000 ---p 00000000 00:00 0 
7f1510000000-7f1510021000 rw-p 00000000 00:00 0 
7f1510021000-7f1514000000 ---p 00000000 00:00 0 
7f1514000000-7f1514021000 rw-p 00000000 00:00 0 
7f1514021000-7f1518000000 ---p 00000000 00:00 0 
7f1518000000-7f1518021000 rw-p 00000000 00:00 0 
7f1518021000-7f151c000000 ---p 00000000 00:00 0 
7f151c000000-7f151c93e000 rw-p 00000000 00:00 0 
7f151c93e000-7f1520000000 ---p 00000000 00:00 0 
7f1520000000-7f1520902000 rw-p 00000000 00:00 0 
7f1520902000-7f1524000000 ---p 00000000 00:00 0 
7f1524000000-7f1524021000 rw-p 00000000 00:00 0 
7f1524021000-7f1528000000 ---p 00000000 00:00 0 
7f1528000000-7f1528021000 rw-p 00000000 00:00 0 
7f1528021000-7f152c000000 ---p 00000000 00:00 0 
7f152c000000-7f152c021000 rw-p 00000000 00:00 0 
7f152c021000-7f1530000000 ---p 00000000 00:00 0 
7f1531f2b000-7f1531fd7000 rw-p 00000000 00:00 0 
7f1531fd7000-7f153212b000 ---p 00000000 00:00 0 
7f153212b000-7f153212f000 ---p 00000000 00:00 0 
7f153212f000-7f153222c000 rw-p 00000000 00:00 0 
7f153222c000-7f1532230000 ---p 00000000 00:00 0 
7f1532230000-7f153252d000 rw-p 00000000 00:00 0 
7f153252d000-7f153272d000 rw-p 00000000 00:00 0 
7f153272d000-7f153292d000 rw-p 00000000 00:00 0 
7f153292d000-7f1532b2d000 rw-p 00000000 00:00 0 
7f1532b2d000-7f1532d2d000 rw-p 00000000 00:00 0 
7f1532d2d000-7f1532d2f000 r-xp 00000000 08:01 1843038                    /lib/x86_64-linux-gnu/libutil-2.24.so
7f1532d2f000-7f1532f2e000 ---p 00002000 08:01 1843038                    /lib/x86_64-linux-gnu/libutil-2.24.so
7f1532f2e000-7f1532f2f000 r--p 00001000 08:01 1843038                    /lib/x86_64-linux-gnu/libutil-2.24.so
7f1532f2f000-7f1532f30000 rw-p 00002000 08:01 1843038                    /lib/x86_64-linux-gnu/libutil-2.24.so
7f1532f30000-7f1532f33000 r-xp 00000000 08:01 1993728                    /opt/maven/lib/jansi-native/linux64/libjansi.so
7f1532f33000-7f1533132000 ---p 00003000 08:01 1993728                    /opt/maven/lib/jansi-native/linux64/libjansi.so
7f1533132000-7f1533133000 rw-p 00002000 08:01 1993728                    /opt/maven/lib/jansi-native/linux64/libjansi.so
7f1533133000-7f1533149000 r-xp 00000000 08:01 2118388                    /usr/lib/jvm/java-11-openjdk-amd64/lib/libnet.so
7f1533149000-7f1533348000 ---p 00016000 08:01 2118388                    /usr/lib/jvm/java-11-openjdk-amd64/lib/libnet.so
7f1533348000-7f1533349000 r--p 00015000 08:01 2118388                    /usr/lib/jvm/java-11-openjdk-amd64/lib/libnet.so
7f1533349000-7f153334a000 rw-p 00016000 08:01 2118388                    /usr/lib/jvm/java-11-openjdk-amd64/lib/libnet.so
7f153334a000-7f153335a000 r-xp 00000000 08:01 2118389                    /usr/lib/jvm/java-11-openjdk-amd64/lib/libnio.so
7f153335a000-7f1533559000 ---p 00010000 08:01 2118389                    /usr/lib/jvm/java-11-openjdk-amd64/lib/libnio.so
7f1533559000-7f153355a000 r--p 0000f000 08:01 2118389                    /usr/lib/jvm/java-11-openjdk-amd64/lib/libnio.so
7f153355a000-7f153355b000 rw-p 00010000 08:01 2118389                    /usr/lib/jvm/java-11-openjdk-amd64/lib/libnio.so
7f153355b000-7f153355f000 ---p 00000000 00:00 0 
7f153355f000-7f153365c000 rw-p 00000000 00:00 0 
7f153365c000-7f153365d000 ---p 00000000 00:00 0 
7f153365d000-7f153375e000 rw-p 00000000 00:00 0 
7f153375e000-7f1533762000 ---p 00000000 00:00 0 
7f1533762000-7f153385f000 rw-p 00000000 00:00 0 
7f153385f000-7f1533863000 ---p 00000000 00:00 0 
7f1533863000-7f1533960000 rw-p 00000000 00:00 0 
7f1533960000-7f1533964000 ---p 00000000 00:00 0 
7f1533964000-7f1533a61000 rw-p 00000000 00:00 0 
7f1533a61000-7f1533a65000 ---p 00000000 00:00 0 
7f1533a65000-7f1533b62000 rw-p 00000000 00:00 0 
7f1533b62000-7f1533b66000 ---p 00000000 00:00 0 
7f1533b66000-7f1533c63000 rw-p 00000000 00:00 0 
7f1533c63000-7f1533dfe000 r--p 00000000 08:01 1850658                    /usr/lib/locale/locale-archive
7f1533dfe000-7f1533e02000 ---p 00000000 00:00 0 
7f1533e02000-7f1533eff000 rw-p 00000000 00:00 0 
7f1533eff000-7f1533f03000 ---p 00000000 00:00 0 
7f1533f03000-7f1534000000 rw-p 00000000 00:00 0 
7f1534000000-7f1534032000 rw-p 00000000 00:00 0 
7f1534032000-7f1538000000 ---p 00000000 00:00 0 
7f153800e000-7f153800f000 ---p 00000000 00:00 0 
7f153800f000-7f1538910000 rw-p 00000000 00:00 0 
7f1538910000-7f1538b80000 rwxp 00000000 00:00 0 
7f1538b80000-7f1538e9f000 ---p 00000000 00:00 0 
7f1538e9f000-7f153967f000 rwxp 00000000 00:00 0 
7f153967f000-7f15403d7000 ---p 00000000 00:00 0 
7f15403d7000-7f1540647000 rwxp 00000000 00:00 0 
7f1540647000-7f1547910000 ---p 00000000 00:00 0 
7f1547910000-7f1550000000 r--s 00000000 08:01 2118399                    /usr/lib/jvm/java-11-openjdk-amd64/lib/modules
7f1550000000-7f1550ff4000 rw-p 00000000 00:00 0 
7f1550ff4000-7f1554000000 ---p 00000000 00:00 0 
7f1554055000-7f1554059000 ---p 00000000 00:00 0 
7f1554059000-7f15541d3000 rw-p 00000000 00:00 0 
7f15541d3000-7f1554220000 ---p 00000000 00:00 0 
7f1554220000-7f155422c000 rw-p 00000000 00:00 0 
7f155422c000-7f15542c7000 ---p 00000000 00:00 0 
7f15542c7000-7f15542cd000 rw-p 00000000 00:00 0 
7f15542cd000-7f15543b3000 ---p 00000000 00:00 0 
7f15543b3000-7f15543c3000 rw-p 00000000 00:00 0 
7f15543c3000-7f155449e000 ---p 00000000 00:00 0 
7f155449e000-7f15544a3000 r-xp 00000000 08:01 2118380                    /usr/lib/jvm/java-11-openjdk-amd64/lib/libjimage.so
7f15544a3000-7f15546a2000 ---p 00005000 08:01 2118380                    /usr/lib/jvm/java-11-openjdk-amd64/lib/libjimage.so
7f15546a2000-7f15546a3000 r--p 00004000 08:01 2118380                    /usr/lib/jvm/java-11-openjdk-amd64/lib/libjimage.so
7f15546a3000-7f15546a4000 rw-p 00005000 08:01 2118380                    /usr/lib/jvm/java-11-openjdk-amd64/lib/libjimage.so
7f15546a4000-7f15546ab000 r-xp 00000000 08:01 2118398                    /usr/lib/jvm/java-11-openjdk-amd64/lib/libzip.so
7f15546ab000-7f15548aa000 ---p 00007000 08:01 2118398                    /usr/lib/jvm/java-11-openjdk-amd64/lib/libzip.so
7f15548aa000-7f15548ab000 r--p 00006000 08:01 2118398                    /usr/lib/jvm/java-11-openjdk-amd64/lib/libzip.so
7f15548ab000-7f15548ac000 rw-p 00007000 08:01 2118398                    /usr/lib/jvm/java-11-openjdk-amd64/lib/libzip.so
7f15548ac000-7f15548b6000 r-xp 00000000 08:01 1843001                    /lib/x86_64-linux-gnu/libnss_files-2.24.so
7f15548b6000-7f1554ab6000 ---p 0000a000 08:01 1843001                    /lib/x86_64-linux-gnu/libnss_files-2.24.so
7f1554ab6000-7f1554ab7000 r--p 0000a000 08:01 1843001                    /lib/x86_64-linux-gnu/libnss_files-2.24.so
7f1554ab7000-7f1554ab8000 rw-p 0000b000 08:01 1843001                    /lib/x86_64-linux-gnu/libnss_files-2.24.so
7f1554ab8000-7f1554abe000 rw-p 00000000 00:00 0 
7f1554abe000-7f1554ac9000 r-xp 00000000 08:01 1843005                    /lib/x86_64-linux-gnu/libnss_nis-2.24.so
7f1554ac9000-7f1554cc8000 ---p 0000b000 08:01 1843005                    /lib/x86_64-linux-gnu/libnss_nis-2.24.so
7f1554cc8000-7f1554cc9000 r--p 0000a000 08:01 1843005                    /lib/x86_64-linux-gnu/libnss_nis-2.24.so
7f1554cc9000-7f1554cca000 rw-p 0000b000 08:01 1843005                    /lib/x86_64-linux-gnu/libnss_nis-2.24.so
7f1554cca000-7f1554cde000 r-xp 00000000 08:01 1842995                    /lib/x86_64-linux-gnu/libnsl-2.24.so
7f1554cde000-7f1554ede000 ---p 00014000 08:01 1842995                    /lib/x86_64-linux-gnu/libnsl-2.24.so
7f1554ede000-7f1554edf000 r--p 00014000 08:01 1842995                    /lib/x86_64-linux-gnu/libnsl-2.24.so
7f1554edf000-7f1554ee0000 rw-p 00015000 08:01 1842995                    /lib/x86_64-linux-gnu/libnsl-2.24.so
7f1554ee0000-7f1554ee2000 rw-p 00000000 00:00 0 
7f1554ee2000-7f1554ee9000 r-xp 00000000 08:01 1842997                    /lib/x86_64-linux-gnu/libnss_compat-2.24.so
7f1554ee9000-7f15550e8000 ---p 00007000 08:01 1842997                    /lib/x86_64-linux-gnu/libnss_compat-2.24.so
7f15550e8000-7f15550e9000 r--p 00006000 08:01 1842997                    /lib/x86_64-linux-gnu/libnss_compat-2.24.so
7f15550e9000-7f15550ea000 rw-p 00007000 08:01 1842997                    /lib/x86_64-linux-gnu/libnss_compat-2.24.so
7f15550ea000-7f1555113000 r-xp 00000000 08:01 2118376                    /usr/lib/jvm/java-11-openjdk-amd64/lib/libjava.so
7f1555113000-7f1555312000 ---p 00029000 08:01 2118376                    /usr/lib/jvm/java-11-openjdk-amd64/lib/libjava.so
7f1555312000-7f1555313000 r--p 00028000 08:01 2118376                    /usr/lib/jvm/java-11-openjdk-amd64/lib/libjava.so
7f1555313000-7f1555315000 rw-p 00029000 08:01 2118376                    /usr/lib/jvm/java-11-openjdk-amd64/lib/libjava.so
7f1555315000-7f1555322000 r-xp 00000000 08:01 2118397                    /usr/lib/jvm/java-11-openjdk-amd64/lib/libverify.so
7f1555322000-7f1555521000 ---p 0000d000 08:01 2118397                    /usr/lib/jvm/java-11-openjdk-amd64/lib/libverify.so
7f1555521000-7f1555523000 r--p 0000c000 08:01 2118397                    /usr/lib/jvm/java-11-openjdk-amd64/lib/libverify.so
7f1555523000-7f1555524000 rw-p 0000e000 08:01 2118397                    /usr/lib/jvm/java-11-openjdk-amd64/lib/libverify.so
7f1555524000-7f155552b000 r-xp 00000000 08:01 1843022                    /lib/x86_64-linux-gnu/librt-2.24.so
7f155552b000-7f155572a000 ---p 00007000 08:01 1843022                    /lib/x86_64-linux-gnu/librt-2.24.so
7f155572a000-7f155572b000 r--p 00006000 08:01 1843022                    /lib/x86_64-linux-gnu/librt-2.24.so
7f155572b000-7f155572c000 rw-p 00007000 08:01 1843022                    /lib/x86_64-linux-gnu/librt-2.24.so
7f155572c000-7f1555742000 r-xp 00000000 08:01 1842975                    /lib/x86_64-linux-gnu/libgcc_s.so.1
7f1555742000-7f1555941000 ---p 00016000 08:01 1842975                    /lib/x86_64-linux-gnu/libgcc_s.so.1
7f1555941000-7f1555942000 r--p 00015000 08:01 1842975                    /lib/x86_64-linux-gnu/libgcc_s.so.1
7f1555942000-7f1555943000 rw-p 00016000 08:01 1842975                    /lib/x86_64-linux-gnu/libgcc_s.so.1
7f1555943000-7f1555a46000 r-xp 00000000 08:01 1842984                    /lib/x86_64-linux-gnu/libm-2.24.so
7f1555a46000-7f1555c45000 ---p 00103000 08:01 1842984                    /lib/x86_64-linux-gnu/libm-2.24.so
7f1555c45000-7f1555c46000 r--p 00102000 08:01 1842984                    /lib/x86_64-linux-gnu/libm-2.24.so
7f1555c46000-7f1555c47000 rw-p 00103000 08:01 1842984                    /lib/x86_64-linux-gnu/libm-2.24.so
7f1555c47000-7f1555db9000 r-xp 00000000 08:01 1843740                    /usr/lib/x86_64-linux-gnu/libstdc++.so.6.0.22
7f1555db9000-7f1555fb9000 ---p 00172000 08:01 1843740                    /usr/lib/x86_64-linux-gnu/libstdc++.so.6.0.22
7f1555fb9000-7f1555fc3000 r--p 00172000 08:01 1843740                    /usr/lib/x86_64-linux-gnu/libstdc++.so.6.0.22
7f1555fc3000-7f1555fc5000 rw-p 0017c000 08:01 1843740                    /usr/lib/x86_64-linux-gnu/libstdc++.so.6.0.22
7f1555fc5000-7f1555fc9000 rw-p 00000000 00:00 0 
7f1555fc9000-7f1557051000 r-xp 00000000 08:01 2118411                    /usr/lib/jvm/java-11-openjdk-amd64/lib/server/libjvm.so
7f1557051000-7f1557250000 ---p 01088000 08:01 2118411                    /usr/lib/jvm/java-11-openjdk-amd64/lib/server/libjvm.so
7f1557250000-7f155730d000 r--p 01087000 08:01 2118411                    /usr/lib/jvm/java-11-openjdk-amd64/lib/server/libjvm.so
7f155730d000-7f1557347000 rw-p 01144000 08:01 2118411                    /usr/lib/jvm/java-11-openjdk-amd64/lib/server/libjvm.so
7f1557347000-7f155739d000 rw-p 00000000 00:00 0 
7f155739d000-7f1557532000 r-xp 00000000 08:01 1842955                    /lib/x86_64-linux-gnu/libc-2.24.so
7f1557532000-7f1557732000 ---p 00195000 08:01 1842955                    /lib/x86_64-linux-gnu/libc-2.24.so
7f1557732000-7f1557736000 r--p 00195000 08:01 1842955                    /lib/x86_64-linux-gnu/libc-2.24.so
7f1557736000-7f1557738000 rw-p 00199000 08:01 1842955                    /lib/x86_64-linux-gnu/libc-2.24.so
7f1557738000-7f155773c000 rw-p 00000000 00:00 0 
7f155773c000-7f155773f000 r-xp 00000000 08:01 1842967                    /lib/x86_64-linux-gnu/libdl-2.24.so
7f155773f000-7f155793e000 ---p 00003000 08:01 1842967                    /lib/x86_64-linux-gnu/libdl-2.24.so
7f155793e000-7f155793f000 r--p 00002000 08:01 1842967                    /lib/x86_64-linux-gnu/libdl-2.24.so
7f155793f000-7f1557940000 rw-p 00003000 08:01 1842967                    /lib/x86_64-linux-gnu/libdl-2.24.so
7f1557940000-7f155794f000 r-xp 00000000 08:01 2118358                    /usr/lib/jvm/java-11-openjdk-amd64/lib/jli/libjli.so
7f155794f000-7f1557b4e000 ---p 0000f000 08:01 2118358                    /usr/lib/jvm/java-11-openjdk-amd64/lib/jli/libjli.so
7f1557b4e000-7f1557b4f000 r--p 0000e000 08:01 2118358                    /usr/lib/jvm/java-11-openjdk-amd64/lib/jli/libjli.so
7f1557b4f000-7f1557b50000 rw-p 0000f000 08:01 2118358                    /usr/lib/jvm/java-11-openjdk-amd64/lib/jli/libjli.so
7f1557b50000-7f1557b68000 r-xp 00000000 08:01 1843018                    /lib/x86_64-linux-gnu/libpthread-2.24.so
7f1557b68000-7f1557d67000 ---p 00018000 08:01 1843018                    /lib/x86_64-linux-gnu/libpthread-2.24.so
7f1557d67000-7f1557d68000 r--p 00017000 08:01 1843018                    /lib/x86_64-linux-gnu/libpthread-2.24.so
7f1557d68000-7f1557d69000 rw-p 00018000 08:01 1843018                    /lib/x86_64-linux-gnu/libpthread-2.24.so
7f1557d69000-7f1557d6d000 rw-p 00000000 00:00 0 
7f1557d6d000-7f1557d86000 r-xp 00000000 08:01 1843043                    /lib/x86_64-linux-gnu/libz.so.1.2.8
7f1557d86000-7f1557f85000 ---p 00019000 08:01 1843043                    /lib/x86_64-linux-gnu/libz.so.1.2.8
7f1557f85000-7f1557f86000 r--p 00018000 08:01 1843043                    /lib/x86_64-linux-gnu/libz.so.1.2.8
7f1557f86000-7f1557f87000 rw-p 00019000 08:01 1843043                    /lib/x86_64-linux-gnu/libz.so.1.2.8
7f1557f87000-7f1557faa000 r-xp 00000000 08:01 1842937                    /lib/x86_64-linux-gnu/ld-2.24.so
7f1557fc4000-7f1557ff1000 rw-p 00000000 00:00 0 
7f1557ff1000-7f155808c000 ---p 00000000 00:00 0 
7f155808c000-7f1558091000 rw-p 00000000 00:00 0 
7f1558091000-7f1558098000 ---p 00000000 00:00 0 
7f1558098000-7f155809a000 r--s 00007000 08:01 2379129                    /usr/share/java/java-atk-wrapper.jar
7f155809a000-7f155809e000 ---p 00000000 00:00 0 
7f155809e000-7f155819f000 rw-p 00000000 00:00 0 
7f15581a0000-7f15581a8000 rw-s 00000000 08:01 411604                     /tmp/hsperfdata_tanzachary/5238
7f15581a8000-7f15581a9000 ---p 00000000 00:00 0 
7f15581a9000-7f15581aa000 r--p 00000000 00:00 0 
7f15581aa000-7f15581ab000 r--p 00023000 08:01 1842937                    /lib/x86_64-linux-gnu/ld-2.24.so
7f15581ab000-7f15581ac000 rw-p 00024000 08:01 1842937                    /lib/x86_64-linux-gnu/ld-2.24.so
7f15581ac000-7f15581ad000 rw-p 00000000 00:00 0 
7ffd0d36c000-7ffd0d38d000 rw-p 00000000 00:00 0                          [stack]
7ffd0d3f8000-7ffd0d3fb000 r--p 00000000 00:00 0                          [vvar]
7ffd0d3fb000-7ffd0d3fd000 r-xp 00000000 00:00 0                          [vdso]
ffffffffff600000-ffffffffff601000 r-xp 00000000 00:00 0                  [vsyscall]


VM Arguments:
jvm_args: -Dclassworlds.conf=/opt/maven/bin/m2.conf -Dmaven.home=/opt/maven -Dlibrary.jansi.path=/opt/maven/lib/jansi-native -Dmaven.multiModuleProjectDirectory=/home/tanzachary/step/portfolio 
java_command: org.codehaus.plexus.classworlds.launcher.Launcher package appengine:run
java_class_path (initial): /opt/maven/boot/plexus-classworlds-2.6.0.jar
Launcher Type: SUN_STANDARD

[Global flags]
     intx CICompilerCount                          = 2                                         {product} {ergonomic}
   size_t InitialHeapSize                          = 33554432                                  {product} {ergonomic}
   size_t MaxHeapSize                              = 524288000                                 {product} {ergonomic}
   size_t MaxNewSize                               = 174718976                                 {product} {ergonomic}
   size_t MinHeapDeltaBytes                        = 196608                                    {product} {ergonomic}
   size_t NewSize                                  = 11141120                                  {product} {ergonomic}
    uintx NonNMethodCodeHeapSize                   = 5825164                                {pd product} {ergonomic}
    uintx NonProfiledCodeHeapSize                  = 122916538                              {pd product} {ergonomic}
   size_t OldSize                                  = 22413312                                  {product} {ergonomic}
    uintx ProfiledCodeHeapSize                     = 122916538                              {pd product} {ergonomic}
    uintx ReservedCodeCacheSize                    = 251658240                              {pd product} {ergonomic}
     bool SegmentedCodeCache                       = true                                      {product} {ergonomic}
     bool UseCompressedClassPointers               = true                                 {lp64_product} {ergonomic}
     bool UseCompressedOops                        = true                                 {lp64_product} {ergonomic}
     bool UseSerialGC                              = true                                      {product} {ergonomic}

Logging:
Log output configuration:
 #0: stdout all=warning uptime,level,tags
 #1: stderr all=off uptime,level,tags

Environment Variables:
JAVA_HOME=/usr/lib/jvm/java-11-openjdk-amd64
PATH=/home/tanzachary/step/portfolio/node_modules/.bin:/home/tanzachary/gopath/bin:/google/gopath/bin:/home/tanzachary/.gems/bin:/usr/local/go/bin:/opt/gradle/bin:/opt/maven/bin:/usr/local/sbin:/usr/local/bin:/usr/sbin:/usr/bin:/sbin:/bin:/usr/local/nvm/versions/node/v10.14.2/bin:/google/go_appengine:/google/google_appengine:/google/migrate/anthos/
SHELL=/bin/bash

Signal Handlers:
SIGSEGV: [libjvm.so+0xd9bff0], sa_mask[0]=11111111011111111101111111111110, sa_flags=SA_RESTART|SA_SIGINFO
SIGBUS: [libjvm.so+0xd9bff0], sa_mask[0]=11111111011111111101111111111110, sa_flags=SA_RESTART|SA_SIGINFO
SIGFPE: [libjvm.so+0xd9bff0], sa_mask[0]=11111111011111111101111111111110, sa_flags=SA_RESTART|SA_SIGINFO
SIGPIPE: [libjvm.so+0xb8fcf0], sa_mask[0]=11111111011111111101111111111110, sa_flags=SA_RESTART|SA_SIGINFO
SIGXFSZ: [libjvm.so+0xb8fcf0], sa_mask[0]=11111111011111111101111111111110, sa_flags=SA_RESTART|SA_SIGINFO
SIGILL: [libjvm.so+0xd9bff0], sa_mask[0]=11111111011111111101111111111110, sa_flags=SA_RESTART|SA_SIGINFO
SIGUSR2: [libjvm.so+0xb8fb90], sa_mask[0]=00000000000000000000000000000000, sa_flags=SA_RESTART|SA_SIGINFO
SIGHUP: [libjvm.so+0xb8fef0], sa_mask[0]=11111111011111111101111111111110, sa_flags=SA_RESTART|SA_SIGINFO
SIGINT: [libjvm.so+0xb8fef0], sa_mask[0]=11111111011111111101111111111110, sa_flags=SA_RESTART|SA_SIGINFO
SIGTERM: [libjvm.so+0xb8fef0], sa_mask[0]=11111111011111111101111111111110, sa_flags=SA_RESTART|SA_SIGINFO
SIGQUIT: [libjvm.so+0xb8fef0], sa_mask[0]=11111111011111111101111111111110, sa_flags=SA_RESTART|SA_SIGINFO


---------------  S Y S T E M  ---------------

OS:PRETTY_NAME="Debian GNU/Linux 9 (stretch)"
NAME="Debian GNU/Linux"
VERSION_ID="9"
VERSION="9 (stretch)"
VERSION_CODENAME=stretch
ID=debian
HOME_URL="https://www.debian.org/"
SUPPORT_URL="https://www.debian.org/support"
BUG_REPORT_URL="https://bugs.debian.org/"
uname:Linux 4.19.112+ #1 SMP Wed May 6 00:27:44 PDT 2020 x86_64
libc:glibc 2.24 NPTL 2.24 
rlimit: STACK 8192k, CORE infinity, NPROC infinity, NOFILE 1048576, AS infinity, DATA infinity, FSIZE infinity
load average:0.19 0.80 0.84

/proc/meminfo:
MemTotal:        2043884 kB
MemFree:           87848 kB
MemAvailable:     807268 kB
Buffers:           72912 kB
Cached:           664300 kB
SwapCached:          740 kB
Active:           899104 kB
Inactive:         744232 kB
Active(anon):     470340 kB
Inactive(anon):   411192 kB
Active(file):     428764 kB
Inactive(file):   333040 kB
Unevictable:           0 kB
Mlocked:               0 kB
SwapTotal:        786428 kB
SwapFree:         699388 kB
Dirty:               772 kB
Writeback:             0 kB
AnonPages:        905352 kB
Mapped:           402980 kB
Shmem:               820 kB
Slab:             196316 kB
SReclaimable:     145248 kB
SUnreclaim:        51068 kB
KernelStack:        8392 kB
PageTables:        13980 kB
NFS_Unstable:          0 kB
Bounce:                0 kB
WritebackTmp:          0 kB
CommitLimit:     1808368 kB
Committed_AS:    5229524 kB
VmallocTotal:   34359738367 kB
VmallocUsed:           0 kB
VmallocChunk:          0 kB
Percpu:              968 kB
AnonHugePages:      2048 kB
ShmemHugePages:        0 kB
ShmemPmdMapped:        0 kB
HugePages_Total:       0
HugePages_Free:        0
HugePages_Rsvd:        0
HugePages_Surp:        0
Hugepagesize:       2048 kB
Hugetlb:               0 kB
DirectMap4k:       85180 kB
DirectMap2M:     2011136 kB
DirectMap1G:           0 kB


/proc/sys/kernel/threads-max (system-wide limit on the number of threads):
15631


/proc/sys/vm/max_map_count (maximum number of memory map areas a process may have):
65530


/proc/sys/kernel/pid_max (system-wide limit on number of process identifiers):
4194304



container (cgroup) information:
container_type: cgroupv1
cpu_cpuset_cpus: 0-1
cpu_memory_nodes: 0
active_processor_count: 1
cpu_quota: -1
cpu_period: 100000
cpu_shares: 2
memory_limit_in_bytes: -1
memory_and_swap_limit_in_bytes: -1
memory_soft_limit_in_bytes: -1
memory_usage_in_bytes: 633753600
memory_max_usage_in_bytes: 684109824

KVM virtualization detected
Steal ticks since vm start: 12
Steal ticks percentage since vm start:  0.000

CPU:total 2 (initial active 1) (1 cores per cpu, 2 threads per core) family 6 model 63 stepping 0, cmov, cx8, fxsr, mmx, sse, sse2, sse3, ssse3, sse4.1, sse4.2, popcnt, avx, avx2, aes, clmul, erms, lzcnt, ht, tsc, tscinvbit, bmi1, bmi2, fma
CPU Model and flags from /proc/cpuinfo:
model name	: Intel(R) Xeon(R) CPU @ 2.30GHz
flags		: fpu vme de pse tsc msr pae mce cx8 apic sep mtrr pge mca cmov pat pse36 clflush mmx fxsr sse sse2 ss ht syscall nx pdpe1gb rdtscp lm constant_tsc rep_good nopl xtopology nonstop_tsc cpuid tsc_known_freq pni pclmulqdq ssse3 fma cx16 pcid sse4_1 sse4_2 x2apic movbe popcnt aes xsave avx f16c rdrand hypervisor lahf_lm abm invpcid_single pti ssbd ibrs ibpb stibp fsgsbase tsc_adjust bmi1 avx2 smep bmi2 erms invpcid xsaveopt arat md_clear arch_capabilities

Memory: 4k page, physical 2043884k(87612k free), swap 786428k(699388k free)

vm_info: OpenJDK 64-Bit Server VM (11.0.6+10-post-Debian-1bpo91) for linux-amd64 JRE (11.0.6+10-post-Debian-1bpo91), built on Feb  1 2020 09:07:43 by "unknown" with gcc 6.3.0 20170516

END.
