#
# A fatal error has been detected by the Java Runtime Environment:
#
#  SIGSEGV (0xb) at pc=0x00007fc77abf7bc0, pid=5052, tid=5052
#
# JRE version: OpenJDK Runtime Environment (11.0.6+10) (build 11.0.6+10-post-Debian-1bpo91)
# Java VM: OpenJDK 64-Bit Server VM (11.0.6+10-post-Debian-1bpo91, mixed mode, sharing, tiered, compressed oops, serial gc, linux-amd64)
# Problematic frame:
# V  [libjvm.so+0xb8fbc0]
#
# Core dump will be written. Default location: Core dumps may be processed with "/sbin/crash_reporter --user=%P:%s:%u:%g:%e" (or dumping to /home/tanzachary/step/portfolio/core.5052)
#
# If you would like to submit a bug report, please visit:
#   https://bugs.debian.org/openjdk-11
#

---------------  S U M M A R Y ------------

Command Line: -Dclassworlds.conf=/opt/maven/bin/m2.conf -Dmaven.home=/opt/maven -Dlibrary.jansi.path=/opt/maven/lib/jansi-native -Dmaven.multiModuleProjectDirectory=/home/tanzachary/step/portfolio org.codehaus.plexus.classworlds.launcher.Launcher package appengine:run

Host: Intel(R) Xeon(R) CPU @ 2.30GHz, 2 cores, 1G, Debian GNU/Linux 9 (stretch)
Time: Thu May 28 17:47:31 2020 EDT elapsed time: 4 seconds (0d 0h 0m 4s)

---------------  T H R E A D  ---------------

Current thread is native thread

Stack: [0x00007ffcaa39d000,0x00007ffcaab9c000],  sp=0x00007ffcaab96e40,  free space=8167k
Native frames: (J=compiled Java code, A=aot compiled Java code, j=interpreted, Vv=VM code, C=native code)
V  [libjvm.so+0xb8fbc0]
C  [libpthread.so.0+0x110e0]


siginfo: si_signo: 11 (SIGSEGV), si_code: 1 (SEGV_MAPERR), si_addr: 0x00000000000000d0

Register to memory mapping:

RAX=0x0 is NULL
RBX=
[error occurred during error reporting (printing register info), id 0xb, SIGSEGV (0xb) at pc=0x00007fc77ad9e9e7]

Registers:
RAX=0x0000000000000000, RBX=0x00007fc77c23ae18, RCX=0x00007fc77bbf76dd, RDX=0x0000000000000000
RSP=0x00007ffcaab96e40, RBP=0x00007ffcaab96ef0, RSI=0x00007ffcaab97030, RDI=0x0000000000000001
R8 =0x00000000000000ca, R9 =0x00007fc77c2399d0, R10=0x0000000000000000, R11=0x0000000000000246
R12=0x0000000000000000, R13=0x00007ffcaab97030, R14=0x00007ffcaab96f00, R15=0x00007fc77c239d28
RIP=0x00007fc77abf7bc0, EFLAGS=0x0000000000010246, CSGSFS=0x002b000000000033, ERR=0x0000000000000004
  TRAPNO=0x000000000000000e

Top of Stack: (sp=0x00007ffcaab96e40)
0x00007ffcaab96e40:   0000000001e5cb59 00007fc77b44d038
0x00007ffcaab96e50:   00007ffcaab96f70 00007fc77b43fd90
0x00007ffcaab96e60:   00007ffcaab96e94 00007ffcaab96f60
0x00007ffcaab96e70:   0000563b72bd6c70 000000000000000b 

Instructions: (pc=0x00007fc77abf7bc0)
0x00007fc77abf7ac0:   c0 74 03 c6 00 00 4c 89 f7 4c 89 fa 48 89 de e8
0x00007fc77abf7ad0:   dc db 6d ff 4c 89 e7 e8 24 df 6d ff 48 81 c4 08
0x00007fc77abf7ae0:   01 00 00 5b 41 5c 41 5d 41 5e 41 5f 5d c3 4c 89
0x00007fc77abf7af0:   e2 be 00 01 00 00 48 89 df e8 92 e1 6d ff 48 85
0x00007fc77abf7b00:   c0 74 ae 48 8d 35 b1 46 2f 00 48 89 df e8 5e df
0x00007fc77abf7b10:   6d ff 48 85 c0 74 41 66 0f 1f 84 00 00 00 00 00
0x00007fc77abf7b20:   be 22 00 00 00 48 89 df e8 d3 df 6d ff 48 85 c0
0x00007fc77abf7b30:   74 46 48 8d 58 01 be 22 00 00 00 48 89 df e8 bd
0x00007fc77abf7b40:   df 6d ff 48 85 c0 0f 85 77 ff ff ff e9 75 ff ff
0x00007fc77abf7b50:   ff 0f 1f 80 00 00 00 00 48 8d 35 71 46 2f 00 48
0x00007fc77abf7b60:   89 df e8 09 df 6d ff 48 85 c0 0f 84 41 ff ff ff
0x00007fc77abf7b70:   eb ae 66 0f 1f 44 00 00 48 89 df be 3d 00 00 00
0x00007fc77abf7b80:   e8 7b df 6d ff 48 8d 58 01 e9 23 ff ff ff 66 90
0x00007fc77abf7b90:   55 48 89 e5 41 57 41 56 41 55 41 54 49 89 d6 53
0x00007fc77abf7ba0:   49 89 f5 48 81 ec 88 00 00 00 e8 81 e6 6d ff 48
0x00007fc77abf7bb0:   89 c3 44 8b 20 e8 26 58 1a 00 31 d2 84 c0 75 38
0x00007fc77abf7bc0:   48 83 ba d0 00 00 00 00 74 16 4c 8b ba 68 02 00
0x00007fc77abf7bd0:   00 41 8b 87 a8 00 00 00 83 f8 01 74 2b 44 89 23
0x00007fc77abf7be0:   48 81 c4 88 00 00 00 5b 41 5c 41 5d 41 5e 41 5f
0x00007fc77abf7bf0:   5d c3 66 0f 1f 44 00 00 e8 f3 57 1a 00 48 89 c2
0x00007fc77abf7c00:   eb be 66 0f 1f 44 00 00 4d 89 af b0 00 00 00 4d
0x00007fc77abf7c10:   8d af a8 00 00 00 4d 89 b7 b8 00 00 00 ba 02 00
0x00007fc77abf7c20:   00 00 be 01 00 00 00 4c 89 ef e8 01 cb ff ff 83
0x00007fc77abf7c30:   f8 02 74 3c 85 c0 75 18 49 c7 87 b8 00 00 00 00
0x00007fc77abf7c40:   00 00 00 49 c7 87 b0 00 00 00 00 00 00 00 eb 8d
0x00007fc77abf7c50:   48 8d 05 51 96 7b 00 48 8d 3d 7a 4e 2f 00 be 64
0x00007fc77abf7c60:   11 00 00 48 8b 00 c6 00 58 e8 22 16 ab ff eb c8
0x00007fc77abf7c70:   4c 8d b5 50 ff ff ff 4c 89 f7 e8 11 e2 6d ff 4c
0x00007fc77abf7c80:   89 f2 31 f6 31 ff e8 15 e3 6d ff 8b 35 ff 37 7d
0x00007fc77abf7c90:   00 4c 89 f7 e8 c7 de 6d ff 48 8d 3d 60 73 81 00
0x00007fc77abf7ca0:   be 01 00 00 00 e8 a6 bc 0c 00 66 0f 1f 44 00 00
0x00007fc77abf7cb0:   4c 89 f7 e8 d8 e5 6d ff 31 d2 be 03 00 00 00 4c 


Stack slot to memory mapping:
stack at sp + 0 slots: 
[error occurred during error reporting (inspecting top of stack), id 0xb, SIGSEGV (0xb) at pc=0x00007fc77ad9e9e7]


---------------  P R O C E S S  ---------------

VM state:not at safepoint (normal execution)

VM Mutex/Monitor currently owned by a thread: None

Heap address: 0x00000000e0c00000, size: 500 MB, Compressed Oops mode: 32-bit
Narrow klass base: 0x0000000800000000, Narrow klass shift: 3
Compressed class space size: 1073741824 Address: 0x0000000840000000

Heap:
 def new generation   total 9792K, used 3934K [0x00000000e0c00000, 0x00000000e16a0000, 0x00000000eb2a0000)
  eden space 8704K,  34% used [0x00000000e0c00000, 0x00000000e0ef5888, 0x00000000e1480000)
  from space 1088K,  83% used [0x00000000e1480000, 0x00000000e1561f88, 0x00000000e1590000)
  to   space 1088K,   0% used [0x00000000e1590000, 0x00000000e1590000, 0x00000000e16a0000)
 tenured generation   total 21888K, used 9185K [0x00000000eb2a0000, 0x00000000ec800000, 0x0000000100000000)
   the space 21888K,  41% used [0x00000000eb2a0000, 0x00000000ebb98588, 0x00000000ebb98600, 0x00000000ec800000)
 Metaspace       used 16568K, capacity 17777K, committed 18176K, reserved 1064960K
  class space    used 1905K, capacity 2185K, committed 2304K, reserved 1048576K

Card table byte_map: [0x00007fc77826c000,0x00007fc778367000] _byte_map_base: 0x00007fc777b66000

Polling page: 0x00007fc77c247000

Metaspace:

Usage:
  Non-class:     15.23 MB capacity,    14.32 MB ( 94%) used,   904.04 KB (  6%) free+waste,    25.00 KB ( <1%) overhead. 
      Class:      2.13 MB capacity,     1.86 MB ( 87%) used,   267.89 KB ( 12%) free+waste,    11.88 KB ( <1%) overhead. 
       Both:     17.36 MB capacity,    16.18 MB ( 93%) used,     1.14 MB (  7%) free+waste,    36.88 KB ( <1%) overhead. 

Virtual space:
  Non-class space:       16.00 MB reserved,      15.50 MB ( 97%) committed 
      Class space:        1.00 GB reserved,       2.25 MB ( <1%) committed 
             Both:        1.02 GB reserved,      17.75 MB (  2%) committed 

Chunk freelists:
   Non-Class:  32.00 KB
       Class:  23.00 KB
        Both:  55.00 KB

MaxMetaspaceSize: unlimited
CompressedClassSpaceSize: 1.00 GB

CodeHeap 'non-profiled nmethods': size=120036Kb used=1301Kb max_used=1301Kb free=118734Kb
 bounds [0x00007fc7643d7000, 0x00007fc764647000, 0x00007fc76b910000]
CodeHeap 'profiled nmethods': size=120032Kb used=6835Kb max_used=6835Kb free=113196Kb
 bounds [0x00007fc75ce9f000, 0x00007fc75d54f000, 0x00007fc7643d7000]
CodeHeap 'non-nmethods': size=5692Kb used=1123Kb max_used=1147Kb free=4568Kb
 bounds [0x00007fc75c910000, 0x00007fc75cb80000, 0x00007fc75ce9f000]
 total_blobs=4589 nmethods=3511 adapters=359
 compilation: enabled
              stopped_count=0, restarted_count=0
 full_count=0

Compilation events (20 events):
Event: 4.442 Thread 0x00007fc774059800 nmethod 3506 0x00007fc76451a590 code [0x00007fc76451a740, 0x00007fc76451a8a8]
Event: 4.442 Thread 0x00007fc77405b800 nmethod 3507 0x00007fc75d541710 code [0x00007fc75d541e00, 0x00007fc75d545918]
Event: 4.443 Thread 0x00007fc774059800 3511       4       java.lang.String::endsWith (15 bytes)
Event: 4.443 Thread 0x00007fc77405b800 3508       3       java.net.URLClassLoader::isSealed (70 bytes)
Event: 4.443 Thread 0x00007fc77405b800 nmethod 3508 0x00007fc75d546d10 code [0x00007fc75d546fa0, 0x00007fc75d547ba8]
Event: 4.443 Thread 0x00007fc77405b800 3509       3       java.security.SecureClassLoader$CodeSourceKey::equals (56 bytes)
Event: 4.444 Thread 0x00007fc77405b800 nmethod 3509 0x00007fc75d547f90 code [0x00007fc75d5481a0, 0x00007fc75d548838]
Event: 4.444 Thread 0x00007fc77405b800 3510       3       java.security.CodeSource::matchCerts (254 bytes)
Event: 4.445 Thread 0x00007fc77405b800 nmethod 3510 0x00007fc75d548a10 code [0x00007fc75d548c60, 0x00007fc75d549838]
Event: 4.448 Thread 0x00007fc774059800 nmethod 3511 0x00007fc76451aa10 code [0x00007fc76451aba0, 0x00007fc76451add8]
Event: 4.451 Thread 0x00007fc774059800 3512  s!   4       jdk.internal.loader.URLClassPath::getLoader (194 bytes)
Event: 4.456 Thread 0x00007fc77405b800 3513       3       java.util.jar.JarFile::getManifestFromReference (117 bytes)
Event: 4.457 Thread 0x00007fc77405b800 nmethod 3513 0x00007fc75d549c10 code [0x00007fc75d549ea0, 0x00007fc75d54ab48]
Event: 4.461 Thread 0x00007fc77405b800 3514       3       java.lang.reflect.AccessibleObject::slowVerifyAccess (62 bytes)
Event: 4.462 Thread 0x00007fc77405b800 nmethod 3514 0x00007fc75d54af10 code [0x00007fc75d54b100, 0x00007fc75d54b878]
Event: 4.467 Thread 0x00007fc77405b800 3515       3       java.lang.Class::forName (15 bytes)
Event: 4.467 Thread 0x00007fc77405b800 nmethod 3515 0x00007fc75d54ba10 code [0x00007fc75d54bbe0, 0x00007fc75d54be58]
Event: 4.471 Thread 0x00007fc774059800 nmethod 3512 0x00007fc76451af90 code [0x00007fc76451b1c0, 0x00007fc76451bdc0]
Event: 4.478 Thread 0x00007fc774059800 3516       4       java.lang.ref.Cleaner$1::apply (9 bytes)
Event: 4.480 Thread 0x00007fc774059800 nmethod 3516 0x00007fc76451c410 code [0x00007fc76451c5a0, 0x00007fc76451c658]

GC Heap History (20 events):
Event: 2.426 GC heap before
{Heap before GC invocations=6 (full 0):
 def new generation   total 9792K, used 9790K [0x00000000e0c00000, 0x00000000e16a0000, 0x00000000eb2a0000)
  eden space 8704K,  99% used [0x00000000e0c00000, 0x00000000e147f930, 0x00000000e1480000)
  from space 1088K, 100% used [0x00000000e1480000, 0x00000000e1590000, 0x00000000e1590000)
  to   space 1088K,   0% used [0x00000000e1590000, 0x00000000e1590000, 0x00000000e16a0000)
 tenured generation   total 21888K, used 3837K [0x00000000eb2a0000, 0x00000000ec800000, 0x0000000100000000)
   the space 21888K,  17% used [0x00000000eb2a0000, 0x00000000eb65f560, 0x00000000eb65f600, 0x00000000ec800000)
 Metaspace       used 11693K, capacity 13561K, committed 13696K, reserved 1060864K
  class space    used 1412K, capacity 1654K, committed 1664K, reserved 1048576K
}
Event: 2.433 GC heap after
{Heap after GC invocations=7 (full 0):
 def new generation   total 9792K, used 739K [0x00000000e0c00000, 0x00000000e16a0000, 0x00000000eb2a0000)
  eden space 8704K,   0% used [0x00000000e0c00000, 0x00000000e0c00000, 0x00000000e1480000)
  from space 1088K,  67% used [0x00000000e1590000, 0x00000000e1648c50, 0x00000000e16a0000)
  to   space 1088K,   0% used [0x00000000e1480000, 0x00000000e1480000, 0x00000000e1590000)
 tenured generation   total 21888K, used 4912K [0x00000000eb2a0000, 0x00000000ec800000, 0x0000000100000000)
   the space 21888K,  22% used [0x00000000eb2a0000, 0x00000000eb76c1d0, 0x00000000eb76c200, 0x00000000ec800000)
 Metaspace       used 11693K, capacity 13561K, committed 13696K, reserved 1060864K
  class space    used 1412K, capacity 1654K, committed 1664K, reserved 1048576K
}
Event: 2.741 GC heap before
{Heap before GC invocations=7 (full 0):
 def new generation   total 9792K, used 9443K [0x00000000e0c00000, 0x00000000e16a0000, 0x00000000eb2a0000)
  eden space 8704K, 100% used [0x00000000e0c00000, 0x00000000e1480000, 0x00000000e1480000)
  from space 1088K,  67% used [0x00000000e1590000, 0x00000000e1648c50, 0x00000000e16a0000)
  to   space 1088K,   0% used [0x00000000e1480000, 0x00000000e1480000, 0x00000000e1590000)
 tenured generation   total 21888K, used 4912K [0x00000000eb2a0000, 0x00000000ec800000, 0x0000000100000000)
   the space 21888K,  22% used [0x00000000eb2a0000, 0x00000000eb76c1d0, 0x00000000eb76c200, 0x00000000ec800000)
 Metaspace       used 12742K, capacity 14402K, committed 14848K, reserved 1062912K
  class space    used 1503K, capacity 1721K, committed 1792K, reserved 1048576K
}
Event: 2.748 GC heap after
{Heap after GC invocations=8 (full 0):
 def new generation   total 9792K, used 957K [0x00000000e0c00000, 0x00000000e16a0000, 0x00000000eb2a0000)
  eden space 8704K,   0% used [0x00000000e0c00000, 0x00000000e0c00000, 0x00000000e1480000)
  from space 1088K,  87% used [0x00000000e1480000, 0x00000000e156f530, 0x00000000e1590000)
  to   space 1088K,   0% used [0x00000000e1590000, 0x00000000e1590000, 0x00000000e16a0000)
 tenured generation   total 21888K, used 5615K [0x00000000eb2a0000, 0x00000000ec800000, 0x0000000100000000)
   the space 21888K,  25% used [0x00000000eb2a0000, 0x00000000eb81bf90, 0x00000000eb81c000, 0x00000000ec800000)
 Metaspace       used 12742K, capacity 14402K, committed 14848K, reserved 1062912K
  class space    used 1503K, capacity 1721K, committed 1792K, reserved 1048576K
}
Event: 3.019 GC heap before
{Heap before GC invocations=8 (full 0):
 def new generation   total 9792K, used 9661K [0x00000000e0c00000, 0x00000000e16a0000, 0x00000000eb2a0000)
  eden space 8704K, 100% used [0x00000000e0c00000, 0x00000000e1480000, 0x00000000e1480000)
  from space 1088K,  87% used [0x00000000e1480000, 0x00000000e156f530, 0x00000000e1590000)
  to   space 1088K,   0% used [0x00000000e1590000, 0x00000000e1590000, 0x00000000e16a0000)
 tenured generation   total 21888K, used 5615K [0x00000000eb2a0000, 0x00000000ec800000, 0x0000000100000000)
   the space 21888K,  25% used [0x00000000eb2a0000, 0x00000000eb81bf90, 0x00000000eb81c000, 0x00000000ec800000)
 Metaspace       used 13103K, capacity 14760K, committed 15104K, reserved 1062912K
  class space    used 1529K, capacity 1755K, committed 1792K, reserved 1048576K
}
Event: 3.025 GC heap after
{Heap after GC invocations=9 (full 0):
 def new generation   total 9792K, used 637K [0x00000000e0c00000, 0x00000000e16a0000, 0x00000000eb2a0000)
  eden space 8704K,   0% used [0x00000000e0c00000, 0x00000000e0c00000, 0x00000000e1480000)
  from space 1088K,  58% used [0x00000000e1590000, 0x00000000e162f460, 0x00000000e16a0000)
  to   space 1088K,   0% used [0x00000000e1480000, 0x00000000e1480000, 0x00000000e1590000)
 tenured generation   total 21888K, used 6426K [0x00000000eb2a0000, 0x00000000ec800000, 0x0000000100000000)
   the space 21888K,  29% used [0x00000000eb2a0000, 0x00000000eb8e6b70, 0x00000000eb8e6c00, 0x00000000ec800000)
 Metaspace       used 13103K, capacity 14760K, committed 15104K, reserved 1062912K
  class space    used 1529K, capacity 1755K, committed 1792K, reserved 1048576K
}
Event: 3.272 GC heap before
{Heap before GC invocations=9 (full 0):
 def new generation   total 9792K, used 9341K [0x00000000e0c00000, 0x00000000e16a0000, 0x00000000eb2a0000)
  eden space 8704K, 100% used [0x00000000e0c00000, 0x00000000e1480000, 0x00000000e1480000)
  from space 1088K,  58% used [0x00000000e1590000, 0x00000000e162f460, 0x00000000e16a0000)
  to   space 1088K,   0% used [0x00000000e1480000, 0x00000000e1480000, 0x00000000e1590000)
 tenured generation   total 21888K, used 6426K [0x00000000eb2a0000, 0x00000000ec800000, 0x0000000100000000)
   the space 21888K,  29% used [0x00000000eb2a0000, 0x00000000eb8e6b70, 0x00000000eb8e6c00, 0x00000000ec800000)
 Metaspace       used 13396K, capacity 14977K, committed 15360K, reserved 1062912K
  class space    used 1550K, capacity 1763K, committed 1792K, reserved 1048576K
}
Event: 3.276 GC heap after
{Heap after GC invocations=10 (full 0):
 def new generation   total 9792K, used 423K [0x00000000e0c00000, 0x00000000e16a0000, 0x00000000eb2a0000)
  eden space 8704K,   0% used [0x00000000e0c00000, 0x00000000e0c00000, 0x00000000e1480000)
  from space 1088K,  38% used [0x00000000e1480000, 0x00000000e14e9da8, 0x00000000e1590000)
  to   space 1088K,   0% used [0x00000000e1590000, 0x00000000e1590000, 0x00000000e16a0000)
 tenured generation   total 21888K, used 7007K [0x00000000eb2a0000, 0x00000000ec800000, 0x0000000100000000)
   the space 21888K,  32% used [0x00000000eb2a0000, 0x00000000eb977d70, 0x00000000eb977e00, 0x00000000ec800000)
 Metaspace       used 13396K, capacity 14977K, committed 15360K, reserved 1062912K
  class space    used 1550K, capacity 1763K, committed 1792K, reserved 1048576K
}
Event: 3.480 GC heap before
{Heap before GC invocations=10 (full 0):
 def new generation   total 9792K, used 9127K [0x00000000e0c00000, 0x00000000e16a0000, 0x00000000eb2a0000)
  eden space 8704K, 100% used [0x00000000e0c00000, 0x00000000e1480000, 0x00000000e1480000)
  from space 1088K,  38% used [0x00000000e1480000, 0x00000000e14e9da8, 0x00000000e1590000)
  to   space 1088K,   0% used [0x00000000e1590000, 0x00000000e1590000, 0x00000000e16a0000)
 tenured generation   total 21888K, used 7007K [0x00000000eb2a0000, 0x00000000ec800000, 0x0000000100000000)
   the space 21888K,  32% used [0x00000000eb2a0000, 0x00000000eb977d70, 0x00000000eb977e00, 0x00000000ec800000)
 Metaspace       used 13901K, capacity 15425K, committed 15744K, reserved 1062912K
  class space    used 1605K, capacity 1827K, committed 1920K, reserved 1048576K
}
Event: 3.483 GC heap after
{Heap after GC invocations=11 (full 0):
 def new generation   total 9792K, used 890K [0x00000000e0c00000, 0x00000000e16a0000, 0x00000000eb2a0000)
  eden space 8704K,   0% used [0x00000000e0c00000, 0x00000000e0c00000, 0x00000000e1480000)
  from space 1088K,  81% used [0x00000000e1590000, 0x00000000e166eb10, 0x00000000e16a0000)
  to   space 1088K,   0% used [0x00000000e1480000, 0x00000000e1480000, 0x00000000e1590000)
 tenured generation   total 21888K, used 7007K [0x00000000eb2a0000, 0x00000000ec800000, 0x0000000100000000)
   the space 21888K,  32% used [0x00000000eb2a0000, 0x00000000eb977d70, 0x00000000eb977e00, 0x00000000ec800000)
 Metaspace       used 13901K, capacity 15425K, committed 15744K, reserved 1062912K
  class space    used 1605K, capacity 1827K, committed 1920K, reserved 1048576K
}
Event: 3.565 GC heap before
{Heap before GC invocations=11 (full 0):
 def new generation   total 9792K, used 9594K [0x00000000e0c00000, 0x00000000e16a0000, 0x00000000eb2a0000)
  eden space 8704K, 100% used [0x00000000e0c00000, 0x00000000e1480000, 0x00000000e1480000)
  from space 1088K,  81% used [0x00000000e1590000, 0x00000000e166eb10, 0x00000000e16a0000)
  to   space 1088K,   0% used [0x00000000e1480000, 0x00000000e1480000, 0x00000000e1590000)
 tenured generation   total 21888K, used 7007K [0x00000000eb2a0000, 0x00000000ec800000, 0x0000000100000000)
   the space 21888K,  32% used [0x00000000eb2a0000, 0x00000000eb977d70, 0x00000000eb977e00, 0x00000000ec800000)
 Metaspace       used 13958K, capacity 15489K, committed 15744K, reserved 1062912K
  class space    used 1605K, capacity 1827K, committed 1920K, reserved 1048576K
}
Event: 3.570 GC heap after
{Heap after GC invocations=12 (full 0):
 def new generation   total 9792K, used 882K [0x00000000e0c00000, 0x00000000e16a0000, 0x00000000eb2a0000)
  eden space 8704K,   0% used [0x00000000e0c00000, 0x00000000e0c00000, 0x00000000e1480000)
  from space 1088K,  81% used [0x00000000e1480000, 0x00000000e155c860, 0x00000000e1590000)
  to   space 1088K,   0% used [0x00000000e1590000, 0x00000000e1590000, 0x00000000e16a0000)
 tenured generation   total 21888K, used 7406K [0x00000000eb2a0000, 0x00000000ec800000, 0x0000000100000000)
   the space 21888K,  33% used [0x00000000eb2a0000, 0x00000000eb9dba78, 0x00000000eb9dbc00, 0x00000000ec800000)
 Metaspace       used 13958K, capacity 15489K, committed 15744K, reserved 1062912K
  class space    used 1605K, capacity 1827K, committed 1920K, reserved 1048576K
}
Event: 3.700 GC heap before
{Heap before GC invocations=12 (full 0):
 def new generation   total 9792K, used 9586K [0x00000000e0c00000, 0x00000000e16a0000, 0x00000000eb2a0000)
  eden space 8704K, 100% used [0x00000000e0c00000, 0x00000000e1480000, 0x00000000e1480000)
  from space 1088K,  81% used [0x00000000e1480000, 0x00000000e155c860, 0x00000000e1590000)
  to   space 1088K,   0% used [0x00000000e1590000, 0x00000000e1590000, 0x00000000e16a0000)
 tenured generation   total 21888K, used 7406K [0x00000000eb2a0000, 0x00000000ec800000, 0x0000000100000000)
   the space 21888K,  33% used [0x00000000eb2a0000, 0x00000000eb9dba78, 0x00000000eb9dbc00, 0x00000000ec800000)
 Metaspace       used 14152K, capacity 15697K, committed 16000K, reserved 1062912K
  class space    used 1613K, capacity 1835K, committed 1920K, reserved 1048576K
}
Event: 3.703 GC heap after
{Heap after GC invocations=13 (full 0):
 def new generation   total 9792K, used 916K [0x00000000e0c00000, 0x00000000e16a0000, 0x00000000eb2a0000)
  eden space 8704K,   0% used [0x00000000e0c00000, 0x00000000e0c00000, 0x00000000e1480000)
  from space 1088K,  84% used [0x00000000e1590000, 0x00000000e16752c0, 0x00000000e16a0000)
  to   space 1088K,   0% used [0x00000000e1480000, 0x00000000e1480000, 0x00000000e1590000)
 tenured generation   total 21888K, used 7825K [0x00000000eb2a0000, 0x00000000ec800000, 0x0000000100000000)
   the space 21888K,  35% used [0x00000000eb2a0000, 0x00000000eba44458, 0x00000000eba44600, 0x00000000ec800000)
 Metaspace       used 14152K, capacity 15697K, committed 16000K, reserved 1062912K
  class space    used 1613K, capacity 1835K, committed 1920K, reserved 1048576K
}
Event: 3.974 GC heap before
{Heap before GC invocations=13 (full 0):
 def new generation   total 9792K, used 9620K [0x00000000e0c00000, 0x00000000e16a0000, 0x00000000eb2a0000)
  eden space 8704K, 100% used [0x00000000e0c00000, 0x00000000e1480000, 0x00000000e1480000)
  from space 1088K,  84% used [0x00000000e1590000, 0x00000000e16752c0, 0x00000000e16a0000)
  to   space 1088K,   0% used [0x00000000e1480000, 0x00000000e1480000, 0x00000000e1590000)
 tenured generation   total 21888K, used 7825K [0x00000000eb2a0000, 0x00000000ec800000, 0x0000000100000000)
   the space 21888K,  35% used [0x00000000eb2a0000, 0x00000000eba44458, 0x00000000eba44600, 0x00000000ec800000)
 Metaspace       used 14590K, capacity 16131K, committed 16512K, reserved 1064960K
  class space    used 1639K, capacity 1869K, committed 1920K, reserved 1048576K
}
Event: 3.979 GC heap after
{Heap after GC invocations=14 (full 0):
 def new generation   total 9792K, used 1068K [0x00000000e0c00000, 0x00000000e16a0000, 0x00000000eb2a0000)
  eden space 8704K,   0% used [0x00000000e0c00000, 0x00000000e0c00000, 0x00000000e1480000)
  from space 1088K,  98% used [0x00000000e1480000, 0x00000000e158b200, 0x00000000e1590000)
  to   space 1088K,   0% used [0x00000000e1590000, 0x00000000e1590000, 0x00000000e16a0000)
 tenured generation   total 21888K, used 8206K [0x00000000eb2a0000, 0x00000000ec800000, 0x0000000100000000)
   the space 21888K,  37% used [0x00000000eb2a0000, 0x00000000ebaa3890, 0x00000000ebaa3a00, 0x00000000ec800000)
 Metaspace       used 14590K, capacity 16131K, committed 16512K, reserved 1064960K
  class space    used 1639K, capacity 1869K, committed 1920K, reserved 1048576K
}
Event: 4.142 GC heap before
{Heap before GC invocations=14 (full 0):
 def new generation   total 9792K, used 9772K [0x00000000e0c00000, 0x00000000e16a0000, 0x00000000eb2a0000)
  eden space 8704K, 100% used [0x00000000e0c00000, 0x00000000e1480000, 0x00000000e1480000)
  from space 1088K,  98% used [0x00000000e1480000, 0x00000000e158b200, 0x00000000e1590000)
  to   space 1088K,   0% used [0x00000000e1590000, 0x00000000e1590000, 0x00000000e16a0000)
 tenured generation   total 21888K, used 8206K [0x00000000eb2a0000, 0x00000000ec800000, 0x0000000100000000)
   the space 21888K,  37% used [0x00000000eb2a0000, 0x00000000ebaa3890, 0x00000000ebaa3a00, 0x00000000ec800000)
 Metaspace       used 14997K, capacity 16486K, committed 16768K, reserved 1064960K
  class space    used 1665K, capacity 1902K, committed 1920K, reserved 1048576K
}
Event: 4.146 GC heap after
{Heap after GC invocations=15 (full 0):
 def new generation   total 9792K, used 458K [0x00000000e0c00000, 0x00000000e16a0000, 0x00000000eb2a0000)
  eden space 8704K,   0% used [0x00000000e0c00000, 0x00000000e0c00000, 0x00000000e1480000)
  from space 1088K,  42% used [0x00000000e1590000, 0x00000000e1602ab8, 0x00000000e16a0000)
  to   space 1088K,   0% used [0x00000000e1480000, 0x00000000e1480000, 0x00000000e1590000)
 tenured generation   total 21888K, used 9185K [0x00000000eb2a0000, 0x00000000ec800000, 0x0000000100000000)
   the space 21888K,  41% used [0x00000000eb2a0000, 0x00000000ebb98588, 0x00000000ebb98600, 0x00000000ec800000)
 Metaspace       used 14997K, capacity 16486K, committed 16768K, reserved 1064960K
  class space    used 1665K, capacity 1902K, committed 1920K, reserved 1048576K
}
Event: 4.317 GC heap before
{Heap before GC invocations=15 (full 0):
 def new generation   total 9792K, used 9162K [0x00000000e0c00000, 0x00000000e16a0000, 0x00000000eb2a0000)
  eden space 8704K, 100% used [0x00000000e0c00000, 0x00000000e1480000, 0x00000000e1480000)
  from space 1088K,  42% used [0x00000000e1590000, 0x00000000e1602ab8, 0x00000000e16a0000)
  to   space 1088K,   0% used [0x00000000e1480000, 0x00000000e1480000, 0x00000000e1590000)
 tenured generation   total 21888K, used 9185K [0x00000000eb2a0000, 0x00000000ec800000, 0x0000000100000000)
   the space 21888K,  41% used [0x00000000eb2a0000, 0x00000000ebb98588, 0x00000000ebb98600, 0x00000000ec800000)
 Metaspace       used 15757K, capacity 17266K, committed 17536K, reserved 1064960K
  class space    used 1795K, capacity 2078K, committed 2176K, reserved 1048576K
}
Event: 4.320 GC heap after
{Heap after GC invocations=16 (full 0):
 def new generation   total 9792K, used 903K [0x00000000e0c00000, 0x00000000e16a0000, 0x00000000eb2a0000)
  eden space 8704K,   0% used [0x00000000e0c00000, 0x00000000e0c00000, 0x00000000e1480000)
  from space 1088K,  83% used [0x00000000e1480000, 0x00000000e1561f88, 0x00000000e1590000)
  to   space 1088K,   0% used [0x00000000e1590000, 0x00000000e1590000, 0x00000000e16a0000)
 tenured generation   total 21888K, used 9185K [0x00000000eb2a0000, 0x00000000ec800000, 0x0000000100000000)
   the space 21888K,  41% used [0x00000000eb2a0000, 0x00000000ebb98588, 0x00000000ebb98600, 0x00000000ec800000)
 Metaspace       used 15757K, capacity 17266K, committed 17536K, reserved 1064960K
  class space    used 1795K, capacity 2078K, committed 2176K, reserved 1048576K
}

Deoptimization events (20 events):
Event: 3.948 Thread 0x00007fc774014000 Uncommon trap: trap_request=0xffffffbe fr.pc=0x00007fc7644ff0b0 relative=0x0000000000000bb0
Event: 3.948 Thread 0x00007fc774014000 Uncommon trap: reason=profile_predicate action=maybe_recompile pc=0x00007fc7644ff0b0 method=java.util.regex.Pattern$CharPropertyGreedy.match(Ljava/util/regex/Matcher;ILjava/lang/CharSequence;)Z @ 12 c2
Event: 3.948 Thread 0x00007fc774014000 DEOPT PACKING pc=0x00007fc7644ff0b0 sp=0x00007fc77c237010
Event: 3.948 Thread 0x00007fc774014000 DEOPT UNPACKING pc=0x00007fc75c9383a5 sp=0x00007fc77c236fd0 mode 2
Event: 3.963 Thread 0x00007fc774014000 DEOPT PACKING pc=0x00007fc75d25fd30 sp=0x00007fc77c2370d0
Event: 3.963 Thread 0x00007fc774014000 DEOPT UNPACKING pc=0x00007fc75c9381ba sp=0x00007fc77c236608 mode 0
Event: 3.997 Thread 0x00007fc774014000 DEOPT PACKING pc=0x00007fc75d25fd30 sp=0x00007fc77c236570
Event: 3.997 Thread 0x00007fc774014000 DEOPT UNPACKING pc=0x00007fc75c9381ba sp=0x00007fc77c235aa8 mode 0
Event: 4.126 Thread 0x00007fc774014000 DEOPT PACKING pc=0x00007fc75d4c1a71 sp=0x00007fc77c2371b0
Event: 4.126 Thread 0x00007fc774014000 DEOPT UNPACKING pc=0x00007fc75c9381ba sp=0x00007fc77c236668 mode 0
Event: 4.158 Thread 0x00007fc774014000 DEOPT PACKING pc=0x00007fc75d25fd30 sp=0x00007fc77c2369a0
Event: 4.158 Thread 0x00007fc774014000 DEOPT UNPACKING pc=0x00007fc75c9381ba sp=0x00007fc77c235ed8 mode 0
Event: 4.296 Thread 0x00007fc774014000 Uncommon trap: trap_request=0xffffff7e fr.pc=0x00007fc764512b08 relative=0x00000000000004c8
Event: 4.296 Thread 0x00007fc774014000 Uncommon trap: reason=predicate action=maybe_recompile pc=0x00007fc764512b08 method=java.util.TimSort.binarySort([Ljava/lang/Object;IIILjava/util/Comparator;)V @ 34 c2
Event: 4.296 Thread 0x00007fc774014000 DEOPT PACKING pc=0x00007fc764512b08 sp=0x00007fc77c2357f0
Event: 4.296 Thread 0x00007fc774014000 DEOPT UNPACKING pc=0x00007fc75c9383a5 sp=0x00007fc77c235790 mode 2
Event: 4.433 Thread 0x00007fc774014000 Uncommon trap: trap_request=0xffffff4d fr.pc=0x00007fc764511ae8 relative=0x00000000000007e8
Event: 4.433 Thread 0x00007fc774014000 Uncommon trap: reason=unstable_if action=reinterpret pc=0x00007fc764511ae8 method=org.codehaus.plexus.classworlds.realm.Entry.matches(Ljava/lang/String;)Z @ 20 c2
Event: 4.433 Thread 0x00007fc774014000 DEOPT PACKING pc=0x00007fc764511ae8 sp=0x00007fc77c234300
Event: 4.433 Thread 0x00007fc774014000 DEOPT UNPACKING pc=0x00007fc75c9383a5 sp=0x00007fc77c2342c8 mode 2

Classes redefined (0 events):
No events

Internal exceptions (11 events):
Event: 0.176 Thread 0x00007fc774014000 Exception <a 'java/lang/NoSuchMethodError'{0x00000000e0ef21b0}: 'int java.lang.invoke.DirectMethodHandle$Holder.invokeSpecialIFC(java.lang.Object, java.lang.Object, int)'> (0x00000000e0ef21b0) thrown at [/build/openjdk-11-11.0.6+10/src/hotspot/share/inter
Event: 2.050 Thread 0x00007fc774014000 Exception <a 'java/lang/NoClassDefFoundError'{0x00000000e0f266f8}: com/google/inject/servlet/ServletModuleTargetVisitor> (0x00000000e0f266f8) thrown at [/build/openjdk-11-11.0.6+10/src/hotspot/share/classfile/systemDictionary.cpp, line 220]
Event: 2.050 Thread 0x00007fc774014000 Exception <a 'java/lang/NoClassDefFoundError'{0x00000000e0f266f8}> (0x00000000e0f266f8) thrown at [/build/openjdk-11-11.0.6+10/src/hotspot/share/prims/jvm.cpp, line 1301]
Event: 2.050 Thread 0x00007fc774014000 Exception <a 'java/lang/NoClassDefFoundError'{0x00000000e0f29050}: javax/annotation/Priority> (0x00000000e0f29050) thrown at [/build/openjdk-11-11.0.6+10/src/hotspot/share/classfile/systemDictionary.cpp, line 220]
Event: 2.816 Thread 0x00007fc774014000 Implicit null exception at 0x00007fc764453005 to 0x00007fc7644531ca
Event: 2.817 Thread 0x00007fc774014000 Implicit null exception at 0x00007fc76443efcb to 0x00007fc76443f452
Event: 4.410 Thread 0x00007fc774014000 Exception <a 'java/lang/NoSuchMethodError'{0x00000000e0cd7b50}: 'java.lang.Object java.lang.invoke.DirectMethodHandle$Holder.invokeStatic(java.lang.Object, java.lang.Object, java.lang.Object, java.lang.Object, java.lang.Object, java.lang.Object, java.lang
Event: 4.412 Thread 0x00007fc774014000 Exception <a 'java/lang/NoSuchMethodError'{0x00000000e0ce5e10}: 'java.lang.Object java.lang.invoke.DirectMethodHandle$Holder.invokeStatic(java.lang.Object, java.lang.Object, java.lang.Object, java.lang.Object, java.lang.Object, java.lang.Object, java.lang
Event: 4.414 Thread 0x00007fc774014000 Exception <a 'java/lang/NoSuchMethodError'{0x00000000e0cf3d28}: 'java.lang.Object java.lang.invoke.DirectMethodHandle$Holder.invokeSpecial(java.lang.Object, java.lang.Object, int, int, java.lang.Object, java.lang.Object, java.lang.Object)'> (0x00000000e0c
Event: 4.414 Thread 0x00007fc774014000 Exception <a 'java/lang/NoSuchMethodError'{0x00000000e0cf7560}: 'java.lang.Object java.lang.invoke.DelegatingMethodHandle$Holder.reinvoke_L(java.lang.Object, int, int, java.lang.Object, java.lang.Object, java.lang.Object)'> (0x00000000e0cf7560) thrown at 
Event: 4.415 Thread 0x00007fc774014000 Exception <a 'java/lang/NoSuchMethodError'{0x00000000e0cfbb90}: 'java.lang.Object java.lang.invoke.DirectMethodHandle$Holder.invokeStatic(java.lang.Object, java.lang.Object, java.lang.Object, java.lang.Object, int)'> (0x00000000e0cfbb90) thrown at [/build

Events (20 events):
Event: 4.478 loading class com/thoughtworks/xstream/converters/basic/BooleanConverter
Event: 4.478 loading class com/thoughtworks/xstream/converters/basic/BooleanConverter done
Event: 4.478 loading class com/thoughtworks/xstream/converters/basic/BooleanConverter
Event: 4.478 loading class com/thoughtworks/xstream/converters/basic/BooleanConverter done
Event: 4.479 loading class com/thoughtworks/xstream/converters/basic/ByteConverter
Event: 4.479 loading class com/thoughtworks/xstream/converters/basic/ByteConverter done
Event: 4.479 loading class com/thoughtworks/xstream/converters/basic/ByteConverter
Event: 4.479 loading class com/thoughtworks/xstream/converters/basic/ByteConverter done
Event: 4.479 loading class com/thoughtworks/xstream/converters/basic/StringConverter
Event: 4.479 loading class com/thoughtworks/xstream/converters/basic/StringConverter done
Event: 4.479 loading class com/thoughtworks/xstream/converters/basic/StringConverter
Event: 4.479 loading class com/thoughtworks/xstream/converters/basic/StringConverter done
Event: 4.480 loading class com/thoughtworks/xstream/converters/basic/StringBufferConverter
Event: 4.480 loading class com/thoughtworks/xstream/converters/basic/StringBufferConverter done
Event: 4.480 loading class com/thoughtworks/xstream/converters/basic/StringBufferConverter
Event: 4.480 loading class com/thoughtworks/xstream/converters/basic/StringBufferConverter done
Event: 4.480 loading class com/thoughtworks/xstream/converters/basic/DateConverter
Event: 4.480 loading class com/thoughtworks/xstream/converters/basic/DateConverter done
Event: 4.480 loading class com/thoughtworks/xstream/converters/basic/DateConverter
Event: 4.480 loading class com/thoughtworks/xstream/converters/basic/DateConverter done


Dynamic libraries:
e0c00000-e16a0000 rw-p 00000000 00:00 0 
e16a0000-eb2a0000 ---p 00000000 00:00 0 
eb2a0000-ec800000 rw-p 00000000 00:00 0 
ec800000-100000000 ---p 00000000 00:00 0 
800000000-800002000 rwxp 00001000 08:01 2118409                          /usr/lib/jvm/java-11-openjdk-amd64/lib/server/classes.jsa
800002000-8003b7000 rw-p 00003000 08:01 2118409                          /usr/lib/jvm/java-11-openjdk-amd64/lib/server/classes.jsa
8003b7000-800a8a000 r--p 003b8000 08:01 2118409                          /usr/lib/jvm/java-11-openjdk-amd64/lib/server/classes.jsa
800a8a000-800a8b000 rw-p 00a8b000 08:01 2118409                          /usr/lib/jvm/java-11-openjdk-amd64/lib/server/classes.jsa
800a8b000-801095000 r--p 00a8c000 08:01 2118409                          /usr/lib/jvm/java-11-openjdk-amd64/lib/server/classes.jsa
840000000-840240000 rw-p 00000000 00:00 0 
840240000-880000000 ---p 00000000 00:00 0 
563b710bf000-563b710c0000 r-xp 00000000 08:01 2118040                    /usr/lib/jvm/java-11-openjdk-amd64/bin/java
563b712c0000-563b712c1000 r--p 00001000 08:01 2118040                    /usr/lib/jvm/java-11-openjdk-amd64/bin/java
563b712c1000-563b712c2000 rw-p 00002000 08:01 2118040                    /usr/lib/jvm/java-11-openjdk-amd64/bin/java
563b72bbf000-563b72c01000 rw-p 00000000 00:00 0                          [heap]
7fc72c000000-7fc72c021000 rw-p 00000000 00:00 0 
7fc72c021000-7fc730000000 ---p 00000000 00:00 0 
7fc734000000-7fc734021000 rw-p 00000000 00:00 0 
7fc734021000-7fc738000000 ---p 00000000 00:00 0 
7fc738000000-7fc738021000 rw-p 00000000 00:00 0 
7fc738021000-7fc73c000000 ---p 00000000 00:00 0 
7fc73c000000-7fc73c68c000 rw-p 00000000 00:00 0 
7fc73c68c000-7fc740000000 ---p 00000000 00:00 0 
7fc740000000-7fc740021000 rw-p 00000000 00:00 0 
7fc740021000-7fc744000000 ---p 00000000 00:00 0 
7fc744000000-7fc744021000 rw-p 00000000 00:00 0 
7fc744021000-7fc748000000 ---p 00000000 00:00 0 
7fc748000000-7fc748ae2000 rw-p 00000000 00:00 0 
7fc748ae2000-7fc74c000000 ---p 00000000 00:00 0 
7fc74c000000-7fc74c021000 rw-p 00000000 00:00 0 
7fc74c021000-7fc750000000 ---p 00000000 00:00 0 
7fc750000000-7fc750021000 rw-p 00000000 00:00 0 
7fc750021000-7fc754000000 ---p 00000000 00:00 0 
7fc75662e000-7fc7567ae000 rw-p 00000000 00:00 0 
7fc7567ae000-7fc75682e000 ---p 00000000 00:00 0 
7fc75682e000-7fc756a2e000 rw-p 00000000 00:00 0 
7fc756a2e000-7fc756c2e000 rw-p 00000000 00:00 0 
7fc756c2e000-7fc756e2e000 rw-p 00000000 00:00 0 
7fc756e2e000-7fc756e30000 r-xp 00000000 08:01 1843038                    /lib/x86_64-linux-gnu/libutil-2.24.so
7fc756e30000-7fc75702f000 ---p 00002000 08:01 1843038                    /lib/x86_64-linux-gnu/libutil-2.24.so
7fc75702f000-7fc757030000 r--p 00001000 08:01 1843038                    /lib/x86_64-linux-gnu/libutil-2.24.so
7fc757030000-7fc757031000 rw-p 00002000 08:01 1843038                    /lib/x86_64-linux-gnu/libutil-2.24.so
7fc757031000-7fc757034000 r-xp 00000000 08:01 1993728                    /opt/maven/lib/jansi-native/linux64/libjansi.so
7fc757034000-7fc757233000 ---p 00003000 08:01 1993728                    /opt/maven/lib/jansi-native/linux64/libjansi.so
7fc757233000-7fc757234000 rw-p 00002000 08:01 1993728                    /opt/maven/lib/jansi-native/linux64/libjansi.so
7fc757234000-7fc75724a000 r-xp 00000000 08:01 2118388                    /usr/lib/jvm/java-11-openjdk-amd64/lib/libnet.so
7fc75724a000-7fc757449000 ---p 00016000 08:01 2118388                    /usr/lib/jvm/java-11-openjdk-amd64/lib/libnet.so
7fc757449000-7fc75744a000 r--p 00015000 08:01 2118388                    /usr/lib/jvm/java-11-openjdk-amd64/lib/libnet.so
7fc75744a000-7fc75744b000 rw-p 00016000 08:01 2118388                    /usr/lib/jvm/java-11-openjdk-amd64/lib/libnet.so
7fc75744b000-7fc75745b000 r-xp 00000000 08:01 2118389                    /usr/lib/jvm/java-11-openjdk-amd64/lib/libnio.so
7fc75745b000-7fc75765a000 ---p 00010000 08:01 2118389                    /usr/lib/jvm/java-11-openjdk-amd64/lib/libnio.so
7fc75765a000-7fc75765b000 r--p 0000f000 08:01 2118389                    /usr/lib/jvm/java-11-openjdk-amd64/lib/libnio.so
7fc75765b000-7fc75765c000 rw-p 00010000 08:01 2118389                    /usr/lib/jvm/java-11-openjdk-amd64/lib/libnio.so
7fc75765c000-7fc757660000 ---p 00000000 00:00 0 
7fc757660000-7fc75775d000 rw-p 00000000 00:00 0 
7fc75775d000-7fc75775e000 ---p 00000000 00:00 0 
7fc75775e000-7fc75785f000 rw-p 00000000 00:00 0 
7fc75785f000-7fc757863000 ---p 00000000 00:00 0 
7fc757863000-7fc757960000 rw-p 00000000 00:00 0 
7fc757960000-7fc757964000 ---p 00000000 00:00 0 
7fc757964000-7fc757a61000 rw-p 00000000 00:00 0 
7fc757a61000-7fc757a65000 ---p 00000000 00:00 0 
7fc757a65000-7fc757b62000 rw-p 00000000 00:00 0 
7fc757b62000-7fc757b66000 ---p 00000000 00:00 0 
7fc757b66000-7fc757c63000 rw-p 00000000 00:00 0 
7fc757c63000-7fc757c67000 ---p 00000000 00:00 0 
7fc757c67000-7fc757d64000 rw-p 00000000 00:00 0 
7fc757d64000-7fc757eff000 r--p 00000000 08:01 1850658                    /usr/lib/locale/locale-archive
7fc757eff000-7fc757f03000 ---p 00000000 00:00 0 
7fc757f03000-7fc758000000 rw-p 00000000 00:00 0 
7fc758000000-7fc758021000 rw-p 00000000 00:00 0 
7fc758021000-7fc75c000000 ---p 00000000 00:00 0 
7fc75c00f000-7fc75c013000 ---p 00000000 00:00 0 
7fc75c013000-7fc75c910000 rw-p 00000000 00:00 0 
7fc75c910000-7fc75cb80000 rwxp 00000000 00:00 0 
7fc75cb80000-7fc75ce9f000 ---p 00000000 00:00 0 
7fc75ce9f000-7fc75d54f000 rwxp 00000000 00:00 0 
7fc75d54f000-7fc7643d7000 ---p 00000000 00:00 0 
7fc7643d7000-7fc764647000 rwxp 00000000 00:00 0 
7fc764647000-7fc76b910000 ---p 00000000 00:00 0 
7fc76b910000-7fc774000000 r--s 00000000 08:01 2118399                    /usr/lib/jvm/java-11-openjdk-amd64/lib/modules
7fc774000000-7fc774d54000 rw-p 00000000 00:00 0 
7fc774d54000-7fc778000000 ---p 00000000 00:00 0 
7fc778014000-7fc778045000 rw-p 00000000 00:00 0 
7fc778045000-7fc778046000 ---p 00000000 00:00 0 
7fc778046000-7fc778272000 rw-p 00000000 00:00 0 
7fc778272000-7fc7782bf000 ---p 00000000 00:00 0 
7fc7782bf000-7fc7782ca000 rw-p 00000000 00:00 0 
7fc7782ca000-7fc778366000 ---p 00000000 00:00 0 
7fc778366000-7fc77836c000 rw-p 00000000 00:00 0 
7fc77836c000-7fc778452000 ---p 00000000 00:00 0 
7fc778452000-7fc778460000 rw-p 00000000 00:00 0 
7fc778460000-7fc77853d000 ---p 00000000 00:00 0 
7fc77853d000-7fc778542000 r-xp 00000000 08:01 2118380                    /usr/lib/jvm/java-11-openjdk-amd64/lib/libjimage.so
7fc778542000-7fc778741000 ---p 00005000 08:01 2118380                    /usr/lib/jvm/java-11-openjdk-amd64/lib/libjimage.so
7fc778741000-7fc778742000 r--p 00004000 08:01 2118380                    /usr/lib/jvm/java-11-openjdk-amd64/lib/libjimage.so
7fc778742000-7fc778743000 rw-p 00005000 08:01 2118380                    /usr/lib/jvm/java-11-openjdk-amd64/lib/libjimage.so
7fc778743000-7fc77874a000 r-xp 00000000 08:01 2118398                    /usr/lib/jvm/java-11-openjdk-amd64/lib/libzip.so
7fc77874a000-7fc778949000 ---p 00007000 08:01 2118398                    /usr/lib/jvm/java-11-openjdk-amd64/lib/libzip.so
7fc778949000-7fc77894a000 r--p 00006000 08:01 2118398                    /usr/lib/jvm/java-11-openjdk-amd64/lib/libzip.so
7fc77894a000-7fc77894b000 rw-p 00007000 08:01 2118398                    /usr/lib/jvm/java-11-openjdk-amd64/lib/libzip.so
7fc77894b000-7fc778955000 r-xp 00000000 08:01 1843001                    /lib/x86_64-linux-gnu/libnss_files-2.24.so
7fc778955000-7fc778b55000 ---p 0000a000 08:01 1843001                    /lib/x86_64-linux-gnu/libnss_files-2.24.so
7fc778b55000-7fc778b56000 r--p 0000a000 08:01 1843001                    /lib/x86_64-linux-gnu/libnss_files-2.24.so
7fc778b56000-7fc778b57000 rw-p 0000b000 08:01 1843001                    /lib/x86_64-linux-gnu/libnss_files-2.24.so
7fc778b57000-7fc778b5d000 rw-p 00000000 00:00 0 
7fc778b5d000-7fc778b68000 r-xp 00000000 08:01 1843005                    /lib/x86_64-linux-gnu/libnss_nis-2.24.so
7fc778b68000-7fc778d67000 ---p 0000b000 08:01 1843005                    /lib/x86_64-linux-gnu/libnss_nis-2.24.so
7fc778d67000-7fc778d68000 r--p 0000a000 08:01 1843005                    /lib/x86_64-linux-gnu/libnss_nis-2.24.so
7fc778d68000-7fc778d69000 rw-p 0000b000 08:01 1843005                    /lib/x86_64-linux-gnu/libnss_nis-2.24.so
7fc778d69000-7fc778d7d000 r-xp 00000000 08:01 1842995                    /lib/x86_64-linux-gnu/libnsl-2.24.so
7fc778d7d000-7fc778f7d000 ---p 00014000 08:01 1842995                    /lib/x86_64-linux-gnu/libnsl-2.24.so
7fc778f7d000-7fc778f7e000 r--p 00014000 08:01 1842995                    /lib/x86_64-linux-gnu/libnsl-2.24.so
7fc778f7e000-7fc778f7f000 rw-p 00015000 08:01 1842995                    /lib/x86_64-linux-gnu/libnsl-2.24.so
7fc778f7f000-7fc778f81000 rw-p 00000000 00:00 0 
7fc778f81000-7fc778f88000 r-xp 00000000 08:01 1842997                    /lib/x86_64-linux-gnu/libnss_compat-2.24.so
7fc778f88000-7fc779187000 ---p 00007000 08:01 1842997                    /lib/x86_64-linux-gnu/libnss_compat-2.24.so
7fc779187000-7fc779188000 r--p 00006000 08:01 1842997                    /lib/x86_64-linux-gnu/libnss_compat-2.24.so
7fc779188000-7fc779189000 rw-p 00007000 08:01 1842997                    /lib/x86_64-linux-gnu/libnss_compat-2.24.so
7fc779189000-7fc7791b2000 r-xp 00000000 08:01 2118376                    /usr/lib/jvm/java-11-openjdk-amd64/lib/libjava.so
7fc7791b2000-7fc7793b1000 ---p 00029000 08:01 2118376                    /usr/lib/jvm/java-11-openjdk-amd64/lib/libjava.so
7fc7793b1000-7fc7793b2000 r--p 00028000 08:01 2118376                    /usr/lib/jvm/java-11-openjdk-amd64/lib/libjava.so
7fc7793b2000-7fc7793b4000 rw-p 00029000 08:01 2118376                    /usr/lib/jvm/java-11-openjdk-amd64/lib/libjava.so
7fc7793b4000-7fc7793c1000 r-xp 00000000 08:01 2118397                    /usr/lib/jvm/java-11-openjdk-amd64/lib/libverify.so
7fc7793c1000-7fc7795c0000 ---p 0000d000 08:01 2118397                    /usr/lib/jvm/java-11-openjdk-amd64/lib/libverify.so
7fc7795c0000-7fc7795c2000 r--p 0000c000 08:01 2118397                    /usr/lib/jvm/java-11-openjdk-amd64/lib/libverify.so
7fc7795c2000-7fc7795c3000 rw-p 0000e000 08:01 2118397                    /usr/lib/jvm/java-11-openjdk-amd64/lib/libverify.so
7fc7795c3000-7fc7795ca000 r-xp 00000000 08:01 1843022                    /lib/x86_64-linux-gnu/librt-2.24.so
7fc7795ca000-7fc7797c9000 ---p 00007000 08:01 1843022                    /lib/x86_64-linux-gnu/librt-2.24.so
7fc7797c9000-7fc7797ca000 r--p 00006000 08:01 1843022                    /lib/x86_64-linux-gnu/librt-2.24.so
7fc7797ca000-7fc7797cb000 rw-p 00007000 08:01 1843022                    /lib/x86_64-linux-gnu/librt-2.24.so
7fc7797cb000-7fc7797e1000 r-xp 00000000 08:01 1842975                    /lib/x86_64-linux-gnu/libgcc_s.so.1
7fc7797e1000-7fc7799e0000 ---p 00016000 08:01 1842975                    /lib/x86_64-linux-gnu/libgcc_s.so.1
7fc7799e0000-7fc7799e1000 r--p 00015000 08:01 1842975                    /lib/x86_64-linux-gnu/libgcc_s.so.1
7fc7799e1000-7fc7799e2000 rw-p 00016000 08:01 1842975                    /lib/x86_64-linux-gnu/libgcc_s.so.1
7fc7799e2000-7fc779ae5000 r-xp 00000000 08:01 1842984                    /lib/x86_64-linux-gnu/libm-2.24.so
7fc779ae5000-7fc779ce4000 ---p 00103000 08:01 1842984                    /lib/x86_64-linux-gnu/libm-2.24.so
7fc779ce4000-7fc779ce5000 r--p 00102000 08:01 1842984                    /lib/x86_64-linux-gnu/libm-2.24.so
7fc779ce5000-7fc779ce6000 rw-p 00103000 08:01 1842984                    /lib/x86_64-linux-gnu/libm-2.24.so
7fc779ce6000-7fc779e58000 r-xp 00000000 08:01 1843740                    /usr/lib/x86_64-linux-gnu/libstdc++.so.6.0.22
7fc779e58000-7fc77a058000 ---p 00172000 08:01 1843740                    /usr/lib/x86_64-linux-gnu/libstdc++.so.6.0.22
7fc77a058000-7fc77a062000 r--p 00172000 08:01 1843740                    /usr/lib/x86_64-linux-gnu/libstdc++.so.6.0.22
7fc77a062000-7fc77a064000 rw-p 0017c000 08:01 1843740                    /usr/lib/x86_64-linux-gnu/libstdc++.so.6.0.22
7fc77a064000-7fc77a068000 rw-p 00000000 00:00 0 
7fc77a068000-7fc77b0f0000 r-xp 00000000 08:01 2118411                    /usr/lib/jvm/java-11-openjdk-amd64/lib/server/libjvm.so
7fc77b0f0000-7fc77b2ef000 ---p 01088000 08:01 2118411                    /usr/lib/jvm/java-11-openjdk-amd64/lib/server/libjvm.so
7fc77b2ef000-7fc77b3ac000 r--p 01087000 08:01 2118411                    /usr/lib/jvm/java-11-openjdk-amd64/lib/server/libjvm.so
7fc77b3ac000-7fc77b3e6000 rw-p 01144000 08:01 2118411                    /usr/lib/jvm/java-11-openjdk-amd64/lib/server/libjvm.so
7fc77b3e6000-7fc77b43c000 rw-p 00000000 00:00 0 
7fc77b43c000-7fc77b5d1000 r-xp 00000000 08:01 1842955                    /lib/x86_64-linux-gnu/libc-2.24.so
7fc77b5d1000-7fc77b7d1000 ---p 00195000 08:01 1842955                    /lib/x86_64-linux-gnu/libc-2.24.so
7fc77b7d1000-7fc77b7d5000 r--p 00195000 08:01 1842955                    /lib/x86_64-linux-gnu/libc-2.24.so
7fc77b7d5000-7fc77b7d7000 rw-p 00199000 08:01 1842955                    /lib/x86_64-linux-gnu/libc-2.24.so
7fc77b7d7000-7fc77b7db000 rw-p 00000000 00:00 0 
7fc77b7db000-7fc77b7de000 r-xp 00000000 08:01 1842967                    /lib/x86_64-linux-gnu/libdl-2.24.so
7fc77b7de000-7fc77b9dd000 ---p 00003000 08:01 1842967                    /lib/x86_64-linux-gnu/libdl-2.24.so
7fc77b9dd000-7fc77b9de000 r--p 00002000 08:01 1842967                    /lib/x86_64-linux-gnu/libdl-2.24.so
7fc77b9de000-7fc77b9df000 rw-p 00003000 08:01 1842967                    /lib/x86_64-linux-gnu/libdl-2.24.so
7fc77b9df000-7fc77b9ee000 r-xp 00000000 08:01 2118358                    /usr/lib/jvm/java-11-openjdk-amd64/lib/jli/libjli.so
7fc77b9ee000-7fc77bbed000 ---p 0000f000 08:01 2118358                    /usr/lib/jvm/java-11-openjdk-amd64/lib/jli/libjli.so
7fc77bbed000-7fc77bbee000 r--p 0000e000 08:01 2118358                    /usr/lib/jvm/java-11-openjdk-amd64/lib/jli/libjli.so
7fc77bbee000-7fc77bbef000 rw-p 0000f000 08:01 2118358                    /usr/lib/jvm/java-11-openjdk-amd64/lib/jli/libjli.so
7fc77bbef000-7fc77bc07000 r-xp 00000000 08:01 1843018                    /lib/x86_64-linux-gnu/libpthread-2.24.so
7fc77bc07000-7fc77be06000 ---p 00018000 08:01 1843018                    /lib/x86_64-linux-gnu/libpthread-2.24.so
7fc77be06000-7fc77be07000 r--p 00017000 08:01 1843018                    /lib/x86_64-linux-gnu/libpthread-2.24.so
7fc77be07000-7fc77be08000 rw-p 00018000 08:01 1843018                    /lib/x86_64-linux-gnu/libpthread-2.24.so
7fc77be08000-7fc77be0c000 rw-p 00000000 00:00 0 
7fc77be0c000-7fc77be25000 r-xp 00000000 08:01 1843043                    /lib/x86_64-linux-gnu/libz.so.1.2.8
7fc77be25000-7fc77c024000 ---p 00019000 08:01 1843043                    /lib/x86_64-linux-gnu/libz.so.1.2.8
7fc77c024000-7fc77c025000 r--p 00018000 08:01 1843043                    /lib/x86_64-linux-gnu/libz.so.1.2.8
7fc77c025000-7fc77c026000 rw-p 00019000 08:01 1843043                    /lib/x86_64-linux-gnu/libz.so.1.2.8
7fc77c026000-7fc77c049000 r-xp 00000000 08:01 1842937                    /lib/x86_64-linux-gnu/ld-2.24.so
7fc77c063000-7fc77c08f000 rw-p 00000000 00:00 0 
7fc77c08f000-7fc77c12b000 ---p 00000000 00:00 0 
7fc77c12b000-7fc77c130000 rw-p 00000000 00:00 0 
7fc77c130000-7fc77c137000 ---p 00000000 00:00 0 
7fc77c137000-7fc77c139000 r--s 00007000 08:01 2379129                    /usr/share/java/java-atk-wrapper.jar
7fc77c139000-7fc77c13d000 ---p 00000000 00:00 0 
7fc77c13d000-7fc77c23e000 rw-p 00000000 00:00 0 
7fc77c23f000-7fc77c247000 rw-s 00000000 08:01 411604                     /tmp/hsperfdata_tanzachary/5052
7fc77c247000-7fc77c248000 ---p 00000000 00:00 0 
7fc77c248000-7fc77c249000 r--p 00000000 00:00 0 
7fc77c249000-7fc77c24a000 r--p 00023000 08:01 1842937                    /lib/x86_64-linux-gnu/ld-2.24.so
7fc77c24a000-7fc77c24b000 rw-p 00024000 08:01 1842937                    /lib/x86_64-linux-gnu/ld-2.24.so
7fc77c24b000-7fc77c24c000 rw-p 00000000 00:00 0 
7ffcaab7c000-7ffcaab9d000 rw-p 00000000 00:00 0                          [stack]
7ffcaabb6000-7ffcaabb9000 r--p 00000000 00:00 0                          [vvar]
7ffcaabb9000-7ffcaabbb000 r-xp 00000000 00:00 0                          [vdso]
ffffffffff600000-ffffffffff601000 r-xp 00000000 00:00 0                  [vsyscall]


VM Arguments:
jvm_args: -Dclassworlds.conf=/opt/maven/bin/m2.conf -Dmaven.home=/opt/maven -Dlibrary.jansi.path=/opt/maven/lib/jansi-native -Dmaven.multiModuleProjectDirectory=/home/tanzachary/step/portfolio 
java_command: org.codehaus.plexus.classworlds.launcher.Launcher package appengine:run
java_class_path (initial): /opt/maven/boot/plexus-classworlds-2.6.0.jar
Launcher Type: SUN_STANDARD

[Global flags]
     intx CICompilerCount                          = 2                                         {product} {ergonomic}
   size_t InitialHeapSize                          = 33554432                                  {product} {ergonomic}
   size_t MaxHeapSize                              = 524288000                                 {product} {ergonomic}
   size_t MaxNewSize                               = 174718976                                 {product} {ergonomic}
   size_t MinHeapDeltaBytes                        = 196608                                    {product} {ergonomic}
   size_t NewSize                                  = 11141120                                  {product} {ergonomic}
    uintx NonNMethodCodeHeapSize                   = 5825164                                {pd product} {ergonomic}
    uintx NonProfiledCodeHeapSize                  = 122916538                              {pd product} {ergonomic}
   size_t OldSize                                  = 22413312                                  {product} {ergonomic}
    uintx ProfiledCodeHeapSize                     = 122916538                              {pd product} {ergonomic}
    uintx ReservedCodeCacheSize                    = 251658240                              {pd product} {ergonomic}
     bool SegmentedCodeCache                       = true                                      {product} {ergonomic}
     bool UseCompressedClassPointers               = true                                 {lp64_product} {ergonomic}
     bool UseCompressedOops                        = true                                 {lp64_product} {ergonomic}
     bool UseSerialGC                              = true                                      {product} {ergonomic}

Logging:
Log output configuration:
 #0: stdout all=warning uptime,level,tags
 #1: stderr all=off uptime,level,tags

Environment Variables:
JAVA_HOME=/usr/lib/jvm/java-11-openjdk-amd64
PATH=/home/tanzachary/step/portfolio/node_modules/.bin:/home/tanzachary/gopath/bin:/google/gopath/bin:/home/tanzachary/.gems/bin:/usr/local/go/bin:/opt/gradle/bin:/opt/maven/bin:/usr/local/sbin:/usr/local/bin:/usr/sbin:/usr/bin:/sbin:/bin:/usr/local/nvm/versions/node/v10.14.2/bin:/google/go_appengine:/google/google_appengine:/google/migrate/anthos/
SHELL=/bin/bash

Signal Handlers:
SIGSEGV: [libjvm.so+0xd9bff0], sa_mask[0]=11111111011111111101111111111110, sa_flags=SA_RESTART|SA_SIGINFO
SIGBUS: [libjvm.so+0xd9bff0], sa_mask[0]=11111111011111111101111111111110, sa_flags=SA_RESTART|SA_SIGINFO
SIGFPE: [libjvm.so+0xd9bff0], sa_mask[0]=11111111011111111101111111111110, sa_flags=SA_RESTART|SA_SIGINFO
SIGPIPE: [libjvm.so+0xb8fcf0], sa_mask[0]=11111111011111111101111111111110, sa_flags=SA_RESTART|SA_SIGINFO
SIGXFSZ: [libjvm.so+0xb8fcf0], sa_mask[0]=11111111011111111101111111111110, sa_flags=SA_RESTART|SA_SIGINFO
SIGILL: [libjvm.so+0xd9bff0], sa_mask[0]=11111111011111111101111111111110, sa_flags=SA_RESTART|SA_SIGINFO
SIGUSR2: [libjvm.so+0xb8fb90], sa_mask[0]=00000000000000000000000000000000, sa_flags=SA_RESTART|SA_SIGINFO
SIGHUP: [libjvm.so+0xb8fef0], sa_mask[0]=11111111011111111101111111111110, sa_flags=SA_RESTART|SA_SIGINFO
SIGINT: [libjvm.so+0xb8fef0], sa_mask[0]=11111111011111111101111111111110, sa_flags=SA_RESTART|SA_SIGINFO
SIGTERM: [libjvm.so+0xb8fef0], sa_mask[0]=11111111011111111101111111111110, sa_flags=SA_RESTART|SA_SIGINFO
SIGQUIT: [libjvm.so+0xb8fef0], sa_mask[0]=11111111011111111101111111111110, sa_flags=SA_RESTART|SA_SIGINFO


---------------  S Y S T E M  ---------------

OS:PRETTY_NAME="Debian GNU/Linux 9 (stretch)"
NAME="Debian GNU/Linux"
VERSION_ID="9"
VERSION="9 (stretch)"
VERSION_CODENAME=stretch
ID=debian
HOME_URL="https://www.debian.org/"
SUPPORT_URL="https://www.debian.org/support"
BUG_REPORT_URL="https://bugs.debian.org/"
uname:Linux 4.19.112+ #1 SMP Wed May 6 00:27:44 PDT 2020 x86_64
libc:glibc 2.24 NPTL 2.24 
rlimit: STACK 8192k, CORE infinity, NPROC infinity, NOFILE 1048576, AS infinity, DATA infinity, FSIZE infinity
load average:1.34 1.33 0.95

/proc/meminfo:
MemTotal:        2043884 kB
MemFree:          166236 kB
MemAvailable:     877976 kB
Buffers:           73808 kB
Cached:           657028 kB
SwapCached:          740 kB
Active:           828496 kB
Inactive:         734560 kB
Active(anon):     400948 kB
Inactive(anon):   408840 kB
Active(file):     427548 kB
Inactive(file):   325720 kB
Unevictable:           0 kB
Mlocked:               0 kB
SwapTotal:        786428 kB
SwapFree:         700156 kB
Dirty:              2660 kB
Writeback:             0 kB
AnonPages:        831532 kB
Mapped:           393940 kB
Shmem:               820 kB
Slab:             197364 kB
SReclaimable:     146108 kB
SUnreclaim:        51256 kB
KernelStack:        8008 kB
PageTables:        13472 kB
NFS_Unstable:          0 kB
Bounce:                0 kB
WritebackTmp:          0 kB
CommitLimit:     1808368 kB
Committed_AS:    5119992 kB
VmallocTotal:   34359738367 kB
VmallocUsed:           0 kB
VmallocChunk:          0 kB
Percpu:              968 kB
AnonHugePages:      2048 kB
ShmemHugePages:        0 kB
ShmemPmdMapped:        0 kB
HugePages_Total:       0
HugePages_Free:        0
HugePages_Rsvd:        0
HugePages_Surp:        0
Hugepagesize:       2048 kB
Hugetlb:               0 kB
DirectMap4k:       85180 kB
DirectMap2M:     2011136 kB
DirectMap1G:           0 kB


/proc/sys/kernel/threads-max (system-wide limit on the number of threads):
15631


/proc/sys/vm/max_map_count (maximum number of memory map areas a process may have):
65530


/proc/sys/kernel/pid_max (system-wide limit on number of process identifiers):
4194304



container (cgroup) information:
container_type: cgroupv1
cpu_cpuset_cpus: 0-1
cpu_memory_nodes: 0
active_processor_count: 1
cpu_quota: -1
cpu_period: 100000
cpu_shares: 2
memory_limit_in_bytes: -1
memory_and_swap_limit_in_bytes: -1
memory_soft_limit_in_bytes: -1
memory_usage_in_bytes: 557408256
memory_max_usage_in_bytes: 684109824

KVM virtualization detected
Steal ticks since vm start: 0
Steal ticks percentage since vm start:  0.000

CPU:total 2 (initial active 1) (1 cores per cpu, 2 threads per core) family 6 model 63 stepping 0, cmov, cx8, fxsr, mmx, sse, sse2, sse3, ssse3, sse4.1, sse4.2, popcnt, avx, avx2, aes, clmul, erms, lzcnt, ht, tsc, tscinvbit, bmi1, bmi2, fma
CPU Model and flags from /proc/cpuinfo:
model name	: Intel(R) Xeon(R) CPU @ 2.30GHz
flags		: fpu vme de pse tsc msr pae mce cx8 apic sep mtrr pge mca cmov pat pse36 clflush mmx fxsr sse sse2 ss ht syscall nx pdpe1gb rdtscp lm constant_tsc rep_good nopl xtopology nonstop_tsc cpuid tsc_known_freq pni pclmulqdq ssse3 fma cx16 pcid sse4_1 sse4_2 x2apic movbe popcnt aes xsave avx f16c rdrand hypervisor lahf_lm abm invpcid_single pti ssbd ibrs ibpb stibp fsgsbase tsc_adjust bmi1 avx2 smep bmi2 erms invpcid xsaveopt arat md_clear arch_capabilities

Memory: 4k page, physical 2043884k(166236k free), swap 786428k(700156k free)

vm_info: OpenJDK 64-Bit Server VM (11.0.6+10-post-Debian-1bpo91) for linux-amd64 JRE (11.0.6+10-post-Debian-1bpo91), built on Feb  1 2020 09:07:43 by "unknown" with gcc 6.3.0 20170516

END.
