#
# A fatal error has been detected by the Java Runtime Environment:
#
#  SIGSEGV (0xb) at pc=0x00007fcad74bfbc0, pid=4968, tid=4968
#
# JRE version: OpenJDK Runtime Environment (11.0.6+10) (build 11.0.6+10-post-Debian-1bpo91)
# Java VM: OpenJDK 64-Bit Server VM (11.0.6+10-post-Debian-1bpo91, mixed mode, sharing, tiered, compressed oops, serial gc, linux-amd64)
# Problematic frame:
# V  [libjvm.so+0xb8fbc0]
#
# Core dump will be written. Default location: Core dumps may be processed with "/sbin/crash_reporter --user=%P:%s:%u:%g:%e" (or dumping to /home/tanzachary/step/portfolio/core.4968)
#
# If you would like to submit a bug report, please visit:
#   https://bugs.debian.org/openjdk-11
#

---------------  S U M M A R Y ------------

Command Line: -Dclassworlds.conf=/opt/maven/bin/m2.conf -Dmaven.home=/opt/maven -Dlibrary.jansi.path=/opt/maven/lib/jansi-native -Dmaven.multiModuleProjectDirectory=/home/tanzachary/step/portfolio org.codehaus.plexus.classworlds.launcher.Launcher package appengine:run

Host: Intel(R) Xeon(R) CPU @ 2.30GHz, 2 cores, 1G, Debian GNU/Linux 9 (stretch)
Time: Thu May 28 17:47:26 2020 EDT elapsed time: 49 seconds (0d 0h 0m 49s)

---------------  T H R E A D  ---------------

Current thread is native thread

Stack: [0x00007ffc3b7cc000,0x00007ffc3bfcb000],  sp=0x00007ffc3bfc5980,  free space=8166k
Native frames: (J=compiled Java code, A=aot compiled Java code, j=interpreted, Vv=VM code, C=native code)
V  [libjvm.so+0xb8fbc0]
C  [libpthread.so.0+0x110e0]


siginfo: si_signo: 11 (SIGSEGV), si_code: 1 (SEGV_MAPERR), si_addr: 0x00000000000000d0

Register to memory mapping:

RAX=0x0 is NULL
RBX=
[error occurred during error reporting (printing register info), id 0xb, SIGSEGV (0xb) at pc=0x00007fcad76669e7]

Registers:
RAX=0x0000000000000000, RBX=0x00007fcad8b02e18, RCX=0x00007fcad84bf6dd, RDX=0x0000000000000000
RSP=0x00007ffc3bfc5980, RBP=0x00007ffc3bfc5a30, RSI=0x00007ffc3bfc5b70, RDI=0x0000000000000001
R8 =0x00000000000000ca, R9 =0x00007fcad8b019d0, R10=0x0000000000000000, R11=0x0000000000000246
R12=0x0000000000000000, R13=0x00007ffc3bfc5b70, R14=0x00007ffc3bfc5a40, R15=0x00007fcad8b01d28
RIP=0x00007fcad74bfbc0, EFLAGS=0x0000000000010246, CSGSFS=0x002b000000000033, ERR=0x0000000000000004
  TRAPNO=0x000000000000000e

Top of Stack: (sp=0x00007ffc3bfc5980)
0x00007ffc3bfc5980:   0000000001e5cb59 00007fcad7d15038
0x00007ffc3bfc5990:   00007ffc3bfc5ab0 00007fcad7d07d90
0x00007ffc3bfc59a0:   00007ffc3bfc59d4 00007ffc3bfc5aa0
0x00007ffc3bfc59b0:   0000563cd7f20c70 000000000000000b 

Instructions: (pc=0x00007fcad74bfbc0)
0x00007fcad74bfac0:   c0 74 03 c6 00 00 4c 89 f7 4c 89 fa 48 89 de e8
0x00007fcad74bfad0:   dc db 6d ff 4c 89 e7 e8 24 df 6d ff 48 81 c4 08
0x00007fcad74bfae0:   01 00 00 5b 41 5c 41 5d 41 5e 41 5f 5d c3 4c 89
0x00007fcad74bfaf0:   e2 be 00 01 00 00 48 89 df e8 92 e1 6d ff 48 85
0x00007fcad74bfb00:   c0 74 ae 48 8d 35 b1 46 2f 00 48 89 df e8 5e df
0x00007fcad74bfb10:   6d ff 48 85 c0 74 41 66 0f 1f 84 00 00 00 00 00
0x00007fcad74bfb20:   be 22 00 00 00 48 89 df e8 d3 df 6d ff 48 85 c0
0x00007fcad74bfb30:   74 46 48 8d 58 01 be 22 00 00 00 48 89 df e8 bd
0x00007fcad74bfb40:   df 6d ff 48 85 c0 0f 85 77 ff ff ff e9 75 ff ff
0x00007fcad74bfb50:   ff 0f 1f 80 00 00 00 00 48 8d 35 71 46 2f 00 48
0x00007fcad74bfb60:   89 df e8 09 df 6d ff 48 85 c0 0f 84 41 ff ff ff
0x00007fcad74bfb70:   eb ae 66 0f 1f 44 00 00 48 89 df be 3d 00 00 00
0x00007fcad74bfb80:   e8 7b df 6d ff 48 8d 58 01 e9 23 ff ff ff 66 90
0x00007fcad74bfb90:   55 48 89 e5 41 57 41 56 41 55 41 54 49 89 d6 53
0x00007fcad74bfba0:   49 89 f5 48 81 ec 88 00 00 00 e8 81 e6 6d ff 48
0x00007fcad74bfbb0:   89 c3 44 8b 20 e8 26 58 1a 00 31 d2 84 c0 75 38
0x00007fcad74bfbc0:   48 83 ba d0 00 00 00 00 74 16 4c 8b ba 68 02 00
0x00007fcad74bfbd0:   00 41 8b 87 a8 00 00 00 83 f8 01 74 2b 44 89 23
0x00007fcad74bfbe0:   48 81 c4 88 00 00 00 5b 41 5c 41 5d 41 5e 41 5f
0x00007fcad74bfbf0:   5d c3 66 0f 1f 44 00 00 e8 f3 57 1a 00 48 89 c2
0x00007fcad74bfc00:   eb be 66 0f 1f 44 00 00 4d 89 af b0 00 00 00 4d
0x00007fcad74bfc10:   8d af a8 00 00 00 4d 89 b7 b8 00 00 00 ba 02 00
0x00007fcad74bfc20:   00 00 be 01 00 00 00 4c 89 ef e8 01 cb ff ff 83
0x00007fcad74bfc30:   f8 02 74 3c 85 c0 75 18 49 c7 87 b8 00 00 00 00
0x00007fcad74bfc40:   00 00 00 49 c7 87 b0 00 00 00 00 00 00 00 eb 8d
0x00007fcad74bfc50:   48 8d 05 51 96 7b 00 48 8d 3d 7a 4e 2f 00 be 64
0x00007fcad74bfc60:   11 00 00 48 8b 00 c6 00 58 e8 22 16 ab ff eb c8
0x00007fcad74bfc70:   4c 8d b5 50 ff ff ff 4c 89 f7 e8 11 e2 6d ff 4c
0x00007fcad74bfc80:   89 f2 31 f6 31 ff e8 15 e3 6d ff 8b 35 ff 37 7d
0x00007fcad74bfc90:   00 4c 89 f7 e8 c7 de 6d ff 48 8d 3d 60 73 81 00
0x00007fcad74bfca0:   be 01 00 00 00 e8 a6 bc 0c 00 66 0f 1f 44 00 00
0x00007fcad74bfcb0:   4c 89 f7 e8 d8 e5 6d ff 31 d2 be 03 00 00 00 4c 


Stack slot to memory mapping:
stack at sp + 0 slots: 
[error occurred during error reporting (inspecting top of stack), id 0xb, SIGSEGV (0xb) at pc=0x00007fcad76669e7]


---------------  P R O C E S S  ---------------

VM state:not at safepoint (normal execution)

VM Mutex/Monitor currently owned by a thread: None

Heap address: 0x00000000e0c00000, size: 500 MB, Compressed Oops mode: 32-bit
Narrow klass base: 0x0000000800000000, Narrow klass shift: 3
Compressed class space size: 1073741824 Address: 0x0000000840000000

Heap:
 def new generation   total 10368K, used 1896K [0x00000000e0c00000, 0x00000000e1730000, 0x00000000eb2a0000)
  eden space 9280K,  20% used [0x00000000e0c00000, 0x00000000e0dda328, 0x00000000e1510000)
  from space 1088K,   0% used [0x00000000e1510000, 0x00000000e1510000, 0x00000000e1620000)
  to   space 1088K,   0% used [0x00000000e1620000, 0x00000000e1620000, 0x00000000e1730000)
 tenured generation   total 22876K, used 13723K [0x00000000eb2a0000, 0x00000000ec8f7000, 0x0000000100000000)
   the space 22876K,  59% used [0x00000000eb2a0000, 0x00000000ec006e68, 0x00000000ec007000, 0x00000000ec8f7000)
 Metaspace       used 20906K, capacity 21630K, committed 21808K, reserved 1069056K
  class space    used 2414K, capacity 2664K, committed 2688K, reserved 1048576K

Card table byte_map: [0x00007fcad4b34000,0x00007fcad4c2f000] _byte_map_base: 0x00007fcad442e000

Polling page: 0x00007fcad8b0f000

Metaspace:

Usage:
  Non-class:     18.52 MB capacity,    18.06 MB ( 98%) used,   436.59 KB (  2%) free+waste,    37.31 KB ( <1%) overhead. 
      Class:      2.60 MB capacity,     2.36 MB ( 91%) used,   231.22 KB (  9%) free+waste,    18.00 KB ( <1%) overhead. 
       Both:     21.12 MB capacity,    20.42 MB ( 97%) used,   667.81 KB (  3%) free+waste,    55.31 KB ( <1%) overhead. 

Virtual space:
  Non-class space:       20.00 MB reserved,      18.67 MB ( 93%) committed 
      Class space:        1.00 GB reserved,       2.62 MB ( <1%) committed 
             Both:        1.02 GB reserved,      21.30 MB (  2%) committed 

Chunk freelists:
   Non-Class:  46.00 KB
       Class:  0 bytes
        Both:  46.00 KB

MaxMetaspaceSize: unlimited
CompressedClassSpaceSize: 1.00 GB

CodeHeap 'non-profiled nmethods': size=120036Kb used=1544Kb max_used=1544Kb free=118492Kb
 bounds [0x00007fcac03d7000, 0x00007fcac0647000, 0x00007fcac7910000]
CodeHeap 'profiled nmethods': size=120032Kb used=7983Kb max_used=7983Kb free=112048Kb
 bounds [0x00007fcab8e9f000, 0x00007fcab966f000, 0x00007fcac03d7000]
CodeHeap 'non-nmethods': size=5692Kb used=1147Kb max_used=1162Kb free=4544Kb
 bounds [0x00007fcab8910000, 0x00007fcab8b80000, 0x00007fcab8e9f000]
 total_blobs=5202 nmethods=4041 adapters=398
 compilation: enabled
              stopped_count=0, restarted_count=0
 full_count=0

Compilation events (20 events):
Event: 8.618 Thread 0x00007fcad005b800 4063   !   3       java.nio.charset.CharsetEncoder::encode (285 bytes)
Event: 8.621 Thread 0x00007fcad005b800 nmethod 4063 0x00007fcab9664110 code [0x00007fcab9664420, 0x00007fcab9665738]
Event: 8.785 Thread 0x00007fcad005b800 4064       3       java.lang.String::getChars (54 bytes)
Event: 8.785 Thread 0x00007fcad005b800 nmethod 4064 0x00007fcab9665d10 code [0x00007fcab9665f20, 0x00007fcab9666458]
Event: 8.788 Thread 0x00007fcad0059800 4065       4       java.nio.ByteBuffer::flip (7 bytes)
Event: 8.788 Thread 0x00007fcad0059800 nmethod 4065 0x00007fcac0558890 code [0x00007fcac0558a20, 0x00007fcac0558ab8]
Event: 8.797 Thread 0x00007fcad005b800 4066       3       java.util.regex.Matcher::end (22 bytes)
Event: 8.797 Thread 0x00007fcad005b800 nmethod 4066 0x00007fcab9666690 code [0x00007fcab9666860, 0x00007fcab9666b08]
Event: 8.798 Thread 0x00007fcad005b800 4067   !   3       java.io.BufferedWriter::write (117 bytes)
Event: 8.799 Thread 0x00007fcad005b800 nmethod 4067 0x00007fcab9666c10 code [0x00007fcab9666e20, 0x00007fcab9667588]
Event: 8.799 Thread 0x00007fcad005b800 4068       3       java.io.OutputStreamWriter::write (11 bytes)
Event: 8.799 Thread 0x00007fcad005b800 nmethod 4068 0x00007fcab9667910 code [0x00007fcab9667ae0, 0x00007fcab9667ca8]
Event: 8.799 Thread 0x00007fcad005b800 4069   !   3       java.io.PrintStream::write (69 bytes)
Event: 8.799 Thread 0x00007fcad005b800 nmethod 4069 0x00007fcab9667d90 code [0x00007fcab9667fc0, 0x00007fcab96687f8]
Event: 8.799 Thread 0x00007fcad005b800 4070       3       java.io.PrintStream::print (9 bytes)
Event: 8.800 Thread 0x00007fcad005b800 nmethod 4070 0x00007fcab9668b10 code [0x00007fcab9668ce0, 0x00007fcab9668eb8]
Event: 8.845 Thread 0x00007fcad005b800 4071       3       java.lang.AbstractStringBuilder::append (45 bytes)
Event: 8.846 Thread 0x00007fcad005b800 nmethod 4071 0x00007fcab9668f90 code [0x00007fcab96691c0, 0x00007fcab9669758]
Event: 8.967 Thread 0x00007fcad005b800 4072       3       java.util.regex.Matcher::getTextLength (10 bytes)
Event: 8.968 Thread 0x00007fcad005b800 nmethod 4072 0x00007fcab9669990 code [0x00007fcab9669b60, 0x00007fcab9669da8]

GC Heap History (20 events):
Event: 3.557 GC heap before
{Heap before GC invocations=12 (full 0):
 def new generation   total 9792K, used 9155K [0x00000000e0c00000, 0x00000000e16a0000, 0x00000000eb2a0000)
  eden space 8704K, 100% used [0x00000000e0c00000, 0x00000000e1480000, 0x00000000e1480000)
  from space 1088K,  41% used [0x00000000e1480000, 0x00000000e14f0e00, 0x00000000e1590000)
  to   space 1088K,   0% used [0x00000000e1590000, 0x00000000e1590000, 0x00000000e16a0000)
 tenured generation   total 21888K, used 7833K [0x00000000eb2a0000, 0x00000000ec800000, 0x0000000100000000)
   the space 21888K,  35% used [0x00000000eb2a0000, 0x00000000eba46608, 0x00000000eba46800, 0x00000000ec800000)
 Metaspace       used 13986K, capacity 15565K, committed 16000K, reserved 1062912K
  class space    used 1609K, capacity 1831K, committed 1920K, reserved 1048576K
}
Event: 3.559 GC heap after
{Heap after GC invocations=13 (full 0):
 def new generation   total 9792K, used 877K [0x00000000e0c00000, 0x00000000e16a0000, 0x00000000eb2a0000)
  eden space 8704K,   0% used [0x00000000e0c00000, 0x00000000e0c00000, 0x00000000e1480000)
  from space 1088K,  80% used [0x00000000e1590000, 0x00000000e166b5f8, 0x00000000e16a0000)
  to   space 1088K,   0% used [0x00000000e1480000, 0x00000000e1480000, 0x00000000e1590000)
 tenured generation   total 21888K, used 7833K [0x00000000eb2a0000, 0x00000000ec800000, 0x0000000100000000)
   the space 21888K,  35% used [0x00000000eb2a0000, 0x00000000eba46608, 0x00000000eba46800, 0x00000000ec800000)
 Metaspace       used 13986K, capacity 15565K, committed 16000K, reserved 1062912K
  class space    used 1609K, capacity 1831K, committed 1920K, reserved 1048576K
}
Event: 3.890 GC heap before
{Heap before GC invocations=13 (full 0):
 def new generation   total 9792K, used 9581K [0x00000000e0c00000, 0x00000000e16a0000, 0x00000000eb2a0000)
  eden space 8704K, 100% used [0x00000000e0c00000, 0x00000000e1480000, 0x00000000e1480000)
  from space 1088K,  80% used [0x00000000e1590000, 0x00000000e166b5f8, 0x00000000e16a0000)
  to   space 1088K,   0% used [0x00000000e1480000, 0x00000000e1480000, 0x00000000e1590000)
 tenured generation   total 21888K, used 7833K [0x00000000eb2a0000, 0x00000000ec800000, 0x0000000100000000)
   the space 21888K,  35% used [0x00000000eb2a0000, 0x00000000eba46608, 0x00000000eba46800, 0x00000000ec800000)
 Metaspace       used 14491K, capacity 15985K, committed 16256K, reserved 1062912K
  class space    used 1638K, capacity 1867K, committed 1920K, reserved 1048576K
}
Event: 3.894 GC heap after
{Heap after GC invocations=14 (full 0):
 def new generation   total 9792K, used 997K [0x00000000e0c00000, 0x00000000e16a0000, 0x00000000eb2a0000)
  eden space 8704K,   0% used [0x00000000e0c00000, 0x00000000e0c00000, 0x00000000e1480000)
  from space 1088K,  91% used [0x00000000e1480000, 0x00000000e1579420, 0x00000000e1590000)
  to   space 1088K,   0% used [0x00000000e1590000, 0x00000000e1590000, 0x00000000e16a0000)
 tenured generation   total 21888K, used 8237K [0x00000000eb2a0000, 0x00000000ec800000, 0x0000000100000000)
   the space 21888K,  37% used [0x00000000eb2a0000, 0x00000000ebaab498, 0x00000000ebaab600, 0x00000000ec800000)
 Metaspace       used 14491K, capacity 15985K, committed 16256K, reserved 1062912K
  class space    used 1638K, capacity 1867K, committed 1920K, reserved 1048576K
}
Event: 4.002 GC heap before
{Heap before GC invocations=14 (full 0):
 def new generation   total 9792K, used 9701K [0x00000000e0c00000, 0x00000000e16a0000, 0x00000000eb2a0000)
  eden space 8704K, 100% used [0x00000000e0c00000, 0x00000000e1480000, 0x00000000e1480000)
  from space 1088K,  91% used [0x00000000e1480000, 0x00000000e1579420, 0x00000000e1590000)
  to   space 1088K,   0% used [0x00000000e1590000, 0x00000000e1590000, 0x00000000e16a0000)
 tenured generation   total 21888K, used 8237K [0x00000000eb2a0000, 0x00000000ec800000, 0x0000000100000000)
   the space 21888K,  37% used [0x00000000eb2a0000, 0x00000000ebaab498, 0x00000000ebaab600, 0x00000000ec800000)
 Metaspace       used 14878K, capacity 16358K, committed 16768K, reserved 1064960K
  class space    used 1665K, capacity 1902K, committed 1920K, reserved 1048576K
}
Event: 4.007 GC heap after
{Heap after GC invocations=15 (full 0):
 def new generation   total 9792K, used 547K [0x00000000e0c00000, 0x00000000e16a0000, 0x00000000eb2a0000)
  eden space 8704K,   0% used [0x00000000e0c00000, 0x00000000e0c00000, 0x00000000e1480000)
  from space 1088K,  50% used [0x00000000e1590000, 0x00000000e1618da0, 0x00000000e16a0000)
  to   space 1088K,   0% used [0x00000000e1480000, 0x00000000e1480000, 0x00000000e1590000)
 tenured generation   total 21888K, used 9191K [0x00000000eb2a0000, 0x00000000ec800000, 0x0000000100000000)
   the space 21888K,  41% used [0x00000000eb2a0000, 0x00000000ebb99e90, 0x00000000ebb9a000, 0x00000000ec800000)
 Metaspace       used 14878K, capacity 16358K, committed 16768K, reserved 1064960K
  class space    used 1665K, capacity 1902K, committed 1920K, reserved 1048576K
}
Event: 4.143 GC heap before
{Heap before GC invocations=15 (full 0):
 def new generation   total 9792K, used 9251K [0x00000000e0c00000, 0x00000000e16a0000, 0x00000000eb2a0000)
  eden space 8704K, 100% used [0x00000000e0c00000, 0x00000000e1480000, 0x00000000e1480000)
  from space 1088K,  50% used [0x00000000e1590000, 0x00000000e1618da0, 0x00000000e16a0000)
  to   space 1088K,   0% used [0x00000000e1480000, 0x00000000e1480000, 0x00000000e1590000)
 tenured generation   total 21888K, used 9191K [0x00000000eb2a0000, 0x00000000ec800000, 0x0000000100000000)
   the space 21888K,  41% used [0x00000000eb2a0000, 0x00000000ebb99e90, 0x00000000ebb9a000, 0x00000000ec800000)
 Metaspace       used 15526K, capacity 17138K, committed 17536K, reserved 1064960K
  class space    used 1785K, capacity 2078K, committed 2176K, reserved 1048576K
}
Event: 4.146 GC heap after
{Heap after GC invocations=16 (full 0):
 def new generation   total 9792K, used 481K [0x00000000e0c00000, 0x00000000e16a0000, 0x00000000eb2a0000)
  eden space 8704K,   0% used [0x00000000e0c00000, 0x00000000e0c00000, 0x00000000e1480000)
  from space 1088K,  44% used [0x00000000e1480000, 0x00000000e14f8478, 0x00000000e1590000)
  to   space 1088K,   0% used [0x00000000e1590000, 0x00000000e1590000, 0x00000000e16a0000)
 tenured generation   total 21888K, used 9686K [0x00000000eb2a0000, 0x00000000ec800000, 0x0000000100000000)
   the space 21888K,  44% used [0x00000000eb2a0000, 0x00000000ebc15bf0, 0x00000000ebc15c00, 0x00000000ec800000)
 Metaspace       used 15526K, capacity 17138K, committed 17536K, reserved 1064960K
  class space    used 1785K, capacity 2078K, committed 2176K, reserved 1048576K
}
Event: 4.584 GC heap before
{Heap before GC invocations=16 (full 0):
 def new generation   total 9792K, used 9185K [0x00000000e0c00000, 0x00000000e16a0000, 0x00000000eb2a0000)
  eden space 8704K, 100% used [0x00000000e0c00000, 0x00000000e1480000, 0x00000000e1480000)
  from space 1088K,  44% used [0x00000000e1480000, 0x00000000e14f8478, 0x00000000e1590000)
  to   space 1088K,   0% used [0x00000000e1590000, 0x00000000e1590000, 0x00000000e16a0000)
 tenured generation   total 21888K, used 9686K [0x00000000eb2a0000, 0x00000000ec800000, 0x0000000100000000)
   the space 21888K,  44% used [0x00000000eb2a0000, 0x00000000ebc15bf0, 0x00000000ebc15c00, 0x00000000ec800000)
 Metaspace       used 17347K, capacity 18321K, committed 18432K, reserved 1064960K
  class space    used 2002K, capacity 2261K, committed 2304K, reserved 1048576K
}
Event: 4.588 GC heap after
{Heap after GC invocations=17 (full 0):
 def new generation   total 9792K, used 1087K [0x00000000e0c00000, 0x00000000e16a0000, 0x00000000eb2a0000)
  eden space 8704K,   0% used [0x00000000e0c00000, 0x00000000e0c00000, 0x00000000e1480000)
  from space 1088K,  99% used [0x00000000e1590000, 0x00000000e169fff8, 0x00000000e16a0000)
  to   space 1088K,   0% used [0x00000000e1480000, 0x00000000e1480000, 0x00000000e1590000)
 tenured generation   total 21888K, used 9691K [0x00000000eb2a0000, 0x00000000ec800000, 0x0000000100000000)
   the space 21888K,  44% used [0x00000000eb2a0000, 0x00000000ebc16dd0, 0x00000000ebc16e00, 0x00000000ec800000)
 Metaspace       used 17347K, capacity 18321K, committed 18432K, reserved 1064960K
  class space    used 2002K, capacity 2261K, committed 2304K, reserved 1048576K
}
Event: 4.920 GC heap before
{Heap before GC invocations=17 (full 0):
 def new generation   total 9792K, used 9791K [0x00000000e0c00000, 0x00000000e16a0000, 0x00000000eb2a0000)
  eden space 8704K, 100% used [0x00000000e0c00000, 0x00000000e1480000, 0x00000000e1480000)
  from space 1088K,  99% used [0x00000000e1590000, 0x00000000e169fff8, 0x00000000e16a0000)
  to   space 1088K,   0% used [0x00000000e1480000, 0x00000000e1480000, 0x00000000e1590000)
 tenured generation   total 21888K, used 9691K [0x00000000eb2a0000, 0x00000000ec800000, 0x0000000100000000)
   the space 21888K,  44% used [0x00000000eb2a0000, 0x00000000ebc16dd0, 0x00000000ebc16e00, 0x00000000ec800000)
 Metaspace       used 17648K, capacity 18483K, committed 18688K, reserved 1064960K
  class space    used 2027K, capacity 2271K, committed 2304K, reserved 1048576K
}
Event: 4.925 GC heap after
{Heap after GC invocations=18 (full 0):
 def new generation   total 9792K, used 951K [0x00000000e0c00000, 0x00000000e16a0000, 0x00000000eb2a0000)
  eden space 8704K,   0% used [0x00000000e0c00000, 0x00000000e0c00000, 0x00000000e1480000)
  from space 1088K,  87% used [0x00000000e1480000, 0x00000000e156dfb0, 0x00000000e1590000)
  to   space 1088K,   0% used [0x00000000e1590000, 0x00000000e1590000, 0x00000000e16a0000)
 tenured generation   total 21888K, used 10748K [0x00000000eb2a0000, 0x00000000ec800000, 0x0000000100000000)
   the space 21888K,  49% used [0x00000000eb2a0000, 0x00000000ebd1f0b0, 0x00000000ebd1f200, 0x00000000ec800000)
 Metaspace       used 17648K, capacity 18483K, committed 18688K, reserved 1064960K
  class space    used 2027K, capacity 2271K, committed 2304K, reserved 1048576K
}
Event: 5.121 GC heap before
{Heap before GC invocations=18 (full 0):
 def new generation   total 9792K, used 9655K [0x00000000e0c00000, 0x00000000e16a0000, 0x00000000eb2a0000)
  eden space 8704K, 100% used [0x00000000e0c00000, 0x00000000e1480000, 0x00000000e1480000)
  from space 1088K,  87% used [0x00000000e1480000, 0x00000000e156dfb0, 0x00000000e1590000)
  to   space 1088K,   0% used [0x00000000e1590000, 0x00000000e1590000, 0x00000000e16a0000)
 tenured generation   total 21888K, used 10748K [0x00000000eb2a0000, 0x00000000ec800000, 0x0000000100000000)
   the space 21888K,  49% used [0x00000000eb2a0000, 0x00000000ebd1f0b0, 0x00000000ebd1f200, 0x00000000ec800000)
 Metaspace       used 17743K, capacity 18554K, committed 18688K, reserved 1064960K
  class space    used 2029K, capacity 2273K, committed 2304K, reserved 1048576K
}
Event: 5.130 GC heap after
{Heap after GC invocations=19 (full 0):
 def new generation   total 9792K, used 542K [0x00000000e0c00000, 0x00000000e16a0000, 0x00000000eb2a0000)
  eden space 8704K,   0% used [0x00000000e0c00000, 0x00000000e0c00000, 0x00000000e1480000)
  from space 1088K,  49% used [0x00000000e1590000, 0x00000000e1617830, 0x00000000e16a0000)
  to   space 1088K,   0% used [0x00000000e1480000, 0x00000000e1480000, 0x00000000e1590000)
 tenured generation   total 21888K, used 11532K [0x00000000eb2a0000, 0x00000000ec800000, 0x0000000100000000)
   the space 21888K,  52% used [0x00000000eb2a0000, 0x00000000ebde3300, 0x00000000ebde3400, 0x00000000ec800000)
 Metaspace       used 17743K, capacity 18554K, committed 18688K, reserved 1064960K
  class space    used 2029K, capacity 2273K, committed 2304K, reserved 1048576K
}
Event: 5.281 GC heap before
{Heap before GC invocations=19 (full 0):
 def new generation   total 9792K, used 9246K [0x00000000e0c00000, 0x00000000e16a0000, 0x00000000eb2a0000)
  eden space 8704K, 100% used [0x00000000e0c00000, 0x00000000e1480000, 0x00000000e1480000)
  from space 1088K,  49% used [0x00000000e1590000, 0x00000000e1617830, 0x00000000e16a0000)
  to   space 1088K,   0% used [0x00000000e1480000, 0x00000000e1480000, 0x00000000e1590000)
 tenured generation   total 21888K, used 11532K [0x00000000eb2a0000, 0x00000000ec800000, 0x0000000100000000)
   the space 21888K,  52% used [0x00000000eb2a0000, 0x00000000ebde3300, 0x00000000ebde3400, 0x00000000ec800000)
 Metaspace       used 17882K, capacity 18770K, committed 18944K, reserved 1067008K
  class space    used 2037K, capacity 2281K, committed 2304K, reserved 1048576K
}
Event: 5.289 GC heap after
{Heap after GC invocations=20 (full 0):
 def new generation   total 9792K, used 926K [0x00000000e0c00000, 0x00000000e16a0000, 0x00000000eb2a0000)
  eden space 8704K,   0% used [0x00000000e0c00000, 0x00000000e0c00000, 0x00000000e1480000)
  from space 1088K,  85% used [0x00000000e1480000, 0x00000000e1567af8, 0x00000000e1590000)
  to   space 1088K,   0% used [0x00000000e1590000, 0x00000000e1590000, 0x00000000e16a0000)
 tenured generation   total 21888K, used 11532K [0x00000000eb2a0000, 0x00000000ec800000, 0x0000000100000000)
   the space 21888K,  52% used [0x00000000eb2a0000, 0x00000000ebde3300, 0x00000000ebde3400, 0x00000000ec800000)
 Metaspace       used 17882K, capacity 18770K, committed 18944K, reserved 1067008K
  class space    used 2037K, capacity 2281K, committed 2304K, reserved 1048576K
}
Event: 6.144 GC heap before
{Heap before GC invocations=20 (full 0):
 def new generation   total 9792K, used 9630K [0x00000000e0c00000, 0x00000000e16a0000, 0x00000000eb2a0000)
  eden space 8704K, 100% used [0x00000000e0c00000, 0x00000000e1480000, 0x00000000e1480000)
  from space 1088K,  85% used [0x00000000e1480000, 0x00000000e1567af8, 0x00000000e1590000)
  to   space 1088K,   0% used [0x00000000e1590000, 0x00000000e1590000, 0x00000000e16a0000)
 tenured generation   total 21888K, used 11532K [0x00000000eb2a0000, 0x00000000ec800000, 0x0000000100000000)
   the space 21888K,  52% used [0x00000000eb2a0000, 0x00000000ebde3300, 0x00000000ebde3400, 0x00000000ec800000)
 Metaspace       used 18947K, capacity 19602K, committed 19840K, reserved 1067008K
  class space    used 2189K, capacity 2429K, committed 2432K, reserved 1048576K
}
Event: 6.149 GC heap after
{Heap after GC invocations=21 (full 0):
 def new generation   total 9792K, used 1088K [0x00000000e0c00000, 0x00000000e16a0000, 0x00000000eb2a0000)
  eden space 8704K,   0% used [0x00000000e0c00000, 0x00000000e0c00000, 0x00000000e1480000)
  from space 1088K, 100% used [0x00000000e1590000, 0x00000000e16a0000, 0x00000000e16a0000)
  to   space 1088K,   0% used [0x00000000e1480000, 0x00000000e1480000, 0x00000000e1590000)
 tenured generation   total 21888K, used 12314K [0x00000000eb2a0000, 0x00000000ec800000, 0x0000000100000000)
   the space 21888K,  56% used [0x00000000eb2a0000, 0x00000000ebea6a50, 0x00000000ebea6c00, 0x00000000ec800000)
 Metaspace       used 18947K, capacity 19602K, committed 19840K, reserved 1067008K
  class space    used 2189K, capacity 2429K, committed 2432K, reserved 1048576K
}
Event: 6.821 GC heap before
{Heap before GC invocations=21 (full 0):
 def new generation   total 9792K, used 3756K [0x00000000e0c00000, 0x00000000e16a0000, 0x00000000eb2a0000)
  eden space 8704K,  30% used [0x00000000e0c00000, 0x00000000e0e9b150, 0x00000000e1480000)
  from space 1088K, 100% used [0x00000000e1590000, 0x00000000e16a0000, 0x00000000e16a0000)
  to   space 1088K,   0% used [0x00000000e1480000, 0x00000000e1480000, 0x00000000e1590000)
 tenured generation   total 21888K, used 12314K [0x00000000eb2a0000, 0x00000000ec800000, 0x0000000100000000)
   the space 21888K,  56% used [0x00000000eb2a0000, 0x00000000ebea6a50, 0x00000000ebea6c00, 0x00000000ec800000)
 Metaspace       used 20485K, capacity 21129K, committed 21296K, reserved 1069056K
  class space    used 2357K, capacity 2602K, committed 2688K, reserved 1048576K
}
Event: 6.864 GC heap after
{Heap after GC invocations=22 (full 1):
 def new generation   total 10368K, used 0K [0x00000000e0c00000, 0x00000000e1730000, 0x00000000eb2a0000)
  eden space 9280K,   0% used [0x00000000e0c00000, 0x00000000e0c00000, 0x00000000e1510000)
  from space 1088K,   0% used [0x00000000e1510000, 0x00000000e1510000, 0x00000000e1620000)
  to   space 1088K,   0% used [0x00000000e1620000, 0x00000000e1620000, 0x00000000e1730000)
 tenured generation   total 22876K, used 13723K [0x00000000eb2a0000, 0x00000000ec8f7000, 0x0000000100000000)
   the space 22876K,  59% used [0x00000000eb2a0000, 0x00000000ec006e68, 0x00000000ec007000, 0x00000000ec8f7000)
 Metaspace       used 20485K, capacity 21129K, committed 21296K, reserved 1069056K
  class space    used 2357K, capacity 2602K, committed 2688K, reserved 1048576K
}

Deoptimization events (20 events):
Event: 6.914 Thread 0x00007fcad0014000 Uncommon trap: trap_request=0xffffff4d fr.pc=0x00007fcac047d3e4 relative=0x0000000000000324
Event: 6.914 Thread 0x00007fcad0014000 Uncommon trap: reason=unstable_if action=reinterpret pc=0x00007fcac047d3e4 method=java.lang.StringBuilder.toString()Ljava/lang/String; @ 4 c2
Event: 6.914 Thread 0x00007fcad0014000 DEOPT PACKING pc=0x00007fcac047d3e4 sp=0x00007fcad8aff410
Event: 6.914 Thread 0x00007fcad0014000 DEOPT UNPACKING pc=0x00007fcab89383a5 sp=0x00007fcad8aff3f0 mode 2
Event: 7.283 Thread 0x00007fcad102b000 Uncommon trap: trap_request=0xffffffc6 fr.pc=0x00007fcac0508bf0 relative=0x0000000000000210
Event: 7.283 Thread 0x00007fcad102b000 Uncommon trap: reason=bimorphic_or_optimized_type_check action=maybe_recompile pc=0x00007fcac0508bf0 method=java.util.regex.Pattern$BmpCharProperty.match(Ljava/util/regex/Matcher;ILjava/lang/CharSequence;)Z @ 14 c2
Event: 7.283 Thread 0x00007fcad102b000 DEOPT PACKING pc=0x00007fcac0508bf0 sp=0x00007fca92bce520
Event: 7.283 Thread 0x00007fcad102b000 DEOPT UNPACKING pc=0x00007fcab89383a5 sp=0x00007fca92bce4d0 mode 2
Event: 7.285 Thread 0x00007fcad102b000 Uncommon trap: trap_request=0xffffffc6 fr.pc=0x00007fcac0508bf0 relative=0x0000000000000210
Event: 7.285 Thread 0x00007fcad102b000 Uncommon trap: reason=bimorphic_or_optimized_type_check action=maybe_recompile pc=0x00007fcac0508bf0 method=java.util.regex.Pattern$BmpCharProperty.match(Ljava/util/regex/Matcher;ILjava/lang/CharSequence;)Z @ 14 c2
Event: 7.285 Thread 0x00007fcad102b000 DEOPT PACKING pc=0x00007fcac0508bf0 sp=0x00007fca92bce520
Event: 7.285 Thread 0x00007fcad102b000 DEOPT UNPACKING pc=0x00007fcab89383a5 sp=0x00007fca92bce4d0 mode 2
Event: 7.295 Thread 0x00007fcad102b000 Uncommon trap: trap_request=0xffffffc6 fr.pc=0x00007fcac0508bf0 relative=0x0000000000000210
Event: 7.295 Thread 0x00007fcad102b000 Uncommon trap: reason=bimorphic_or_optimized_type_check action=maybe_recompile pc=0x00007fcac0508bf0 method=java.util.regex.Pattern$BmpCharProperty.match(Ljava/util/regex/Matcher;ILjava/lang/CharSequence;)Z @ 14 c2
Event: 7.295 Thread 0x00007fcad102b000 DEOPT PACKING pc=0x00007fcac0508bf0 sp=0x00007fca92bce520
Event: 7.295 Thread 0x00007fcad102b000 DEOPT UNPACKING pc=0x00007fcab89383a5 sp=0x00007fca92bce4d0 mode 2
Event: 7.297 Thread 0x00007fcad102b000 Uncommon trap: trap_request=0xffffffc6 fr.pc=0x00007fcac0508bf0 relative=0x0000000000000210
Event: 7.297 Thread 0x00007fcad102b000 Uncommon trap: reason=bimorphic_or_optimized_type_check action=maybe_recompile pc=0x00007fcac0508bf0 method=java.util.regex.Pattern$BmpCharProperty.match(Ljava/util/regex/Matcher;ILjava/lang/CharSequence;)Z @ 14 c2
Event: 7.297 Thread 0x00007fcad102b000 DEOPT PACKING pc=0x00007fcac0508bf0 sp=0x00007fca92bce520
Event: 7.297 Thread 0x00007fcad102b000 DEOPT UNPACKING pc=0x00007fcab89383a5 sp=0x00007fca92bce4d0 mode 2

Classes redefined (0 events):
No events

Internal exceptions (17 events):
Event: 0.181 Thread 0x00007fcad0014000 Exception <a 'java/lang/NoSuchMethodError'{0x00000000e0f1db18}: 'int java.lang.invoke.DirectMethodHandle$Holder.invokeSpecialIFC(java.lang.Object, java.lang.Object, int)'> (0x00000000e0f1db18) thrown at [/build/openjdk-11-11.0.6+10/src/hotspot/share/inter
Event: 2.057 Thread 0x00007fcad0014000 Exception <a 'java/lang/NoClassDefFoundError'{0x00000000e0fb0398}: com/google/inject/servlet/ServletModuleTargetVisitor> (0x00000000e0fb0398) thrown at [/build/openjdk-11-11.0.6+10/src/hotspot/share/classfile/systemDictionary.cpp, line 220]
Event: 2.057 Thread 0x00007fcad0014000 Exception <a 'java/lang/NoClassDefFoundError'{0x00000000e0fb0398}> (0x00000000e0fb0398) thrown at [/build/openjdk-11-11.0.6+10/src/hotspot/share/prims/jvm.cpp, line 1301]
Event: 2.058 Thread 0x00007fcad0014000 Exception <a 'java/lang/NoClassDefFoundError'{0x00000000e0fb2fa0}: javax/annotation/Priority> (0x00000000e0fb2fa0) thrown at [/build/openjdk-11-11.0.6+10/src/hotspot/share/classfile/systemDictionary.cpp, line 220]
Event: 2.759 Thread 0x00007fcad0014000 Implicit null exception at 0x00007fcac0441d05 to 0x00007fcac0441eca
Event: 4.234 Thread 0x00007fcad0014000 Exception <a 'java/lang/NoSuchMethodError'{0x00000000e0d5ff50}: 'java.lang.Object java.lang.invoke.DirectMethodHandle$Holder.invokeStatic(java.lang.Object, java.lang.Object, java.lang.Object, java.lang.Object, java.lang.Object, java.lang.Object, java.lang
Event: 4.239 Thread 0x00007fcad0014000 Exception <a 'java/lang/NoSuchMethodError'{0x00000000e0d6df90}: 'java.lang.Object java.lang.invoke.DirectMethodHandle$Holder.invokeStatic(java.lang.Object, java.lang.Object, java.lang.Object, java.lang.Object, java.lang.Object, java.lang.Object, java.lang
Event: 4.243 Thread 0x00007fcad0014000 Exception <a 'java/lang/NoSuchMethodError'{0x00000000e0d7c0e8}: 'java.lang.Object java.lang.invoke.DirectMethodHandle$Holder.invokeSpecial(java.lang.Object, java.lang.Object, int, int, java.lang.Object, java.lang.Object, java.lang.Object)'> (0x00000000e0d
Event: 4.243 Thread 0x00007fcad0014000 Exception <a 'java/lang/NoSuchMethodError'{0x00000000e0d7f920}: 'java.lang.Object java.lang.invoke.DelegatingMethodHandle$Holder.reinvoke_L(java.lang.Object, int, int, java.lang.Object, java.lang.Object, java.lang.Object)'> (0x00000000e0d7f920) thrown at 
Event: 4.245 Thread 0x00007fcad0014000 Exception <a 'java/lang/NoSuchMethodError'{0x00000000e0d83f50}: 'java.lang.Object java.lang.invoke.DirectMethodHandle$Holder.invokeStatic(java.lang.Object, java.lang.Object, java.lang.Object, java.lang.Object, int)'> (0x00000000e0d83f50) thrown at [/build
Event: 4.628 Thread 0x00007fcad0014000 Exception <a 'java/lang/NoSuchMethodError'{0x00000000e0cc3528}: 'java.lang.Object java.lang.invoke.DirectMethodHandle$Holder.invokeStatic(java.lang.Object, int, java.lang.Object)'> (0x00000000e0cc3528) thrown at [/build/openjdk-11-11.0.6+10/src/hotspot/sh
Event: 5.545 Thread 0x00007fcad0014000 Exception <a 'java/lang/NoSuchMethodError'{0x00000000e11da110}: 'java.lang.Object java.lang.invoke.DirectMethodHandle$Holder.invokeStaticInit(java.lang.Object, java.lang.Object, long, java.lang.Object)'> (0x00000000e11da110) thrown at [/build/openjdk-11-1
Event: 5.546 Thread 0x00007fcad0014000 Exception <a 'java/lang/NoSuchMethodError'{0x00000000e11e6270}: 'java.lang.Object java.lang.invoke.Invokers$Holder.linkToTargetMethod(java.lang.Object, long, java.lang.Object)'> (0x00000000e11e6270) thrown at [/build/openjdk-11-11.0.6+10/src/hotspot/share
Event: 5.556 Thread 0x00007fcad0014000 Exception <a 'java/lang/NoSuchMethodError'{0x00000000e11ecfc0}: 'java.lang.Object java.lang.invoke.DirectMethodHandle$Holder.invokeStatic(java.lang.Object, java.lang.Object, java.lang.Object, int)'> (0x00000000e11ecfc0) thrown at [/build/openjdk-11-11.0.6
Event: 5.556 Thread 0x00007fcad0014000 Exception <a 'java/lang/NoSuchMethodError'{0x00000000e11f0988}: 'java.lang.Object java.lang.invoke.DirectMethodHandle$Holder.invokeSpecial(java.lang.Object, java.lang.Object, java.lang.Object, java.lang.Object, int)'> (0x00000000e11f0988) thrown at [/buil
Event: 5.557 Thread 0x00007fcad0014000 Exception <a 'java/lang/NoSuchMethodError'{0x00000000e11f39f0}: 'java.lang.Object java.lang.invoke.Invokers$Holder.linkToTargetMethod(java.lang.Object, java.lang.Object, int, java.lang.Object)'> (0x00000000e11f39f0) thrown at [/build/openjdk-11-11.0.6+10/
Event: 6.898 Thread 0x00007fcad0014000 Exception <a 'java/lang/ClassNotFoundException'{0x00000000e0d2ff98}: sun/util/logging/resources/spi/loggingProvider> (0x00000000e0d2ff98) thrown at [/build/openjdk-11-11.0.6+10/src/hotspot/share/classfile/systemDictionary.cpp, line 231]

Events (20 events):
Event: 6.899 loading class sun/util/logging/resources/logging_en
Event: 6.899 loading class sun/util/logging/resources/logging_en done
Event: 6.900 loading class sun/util/logging/resources/logging_en_US
Event: 6.900 loading class sun/util/logging/resources/logging_en_US done
Event: 6.900 loading class sun/util/logging/resources/logging_en_US
Event: 6.900 loading class sun/util/logging/resources/logging_en_US done
Event: 6.910 loading class java/util/Scanner
Event: 6.911 loading class java/util/Scanner done
Event: 6.914 loading class java/util/Scanner$PatternLRUCache
Event: 6.914 loading class java/util/Scanner$PatternLRUCache done
Event: 6.924 Thread 0x00007fcad1029800 Thread added: 0x00007fcad1029800
Event: 6.925 Protecting memory [0x00007fca92bd0000,0x00007fca92bd4000] with protection modes 0
Event: 6.936 Thread 0x00007fcad102b000 Thread added: 0x00007fcad102b000
Event: 6.937 Protecting memory [0x00007fca92acf000,0x00007fca92ad3000] with protection modes 0
Event: 7.284 loading class java/util/regex/Matcher$ImmutableMatchResult
Event: 7.284 loading class java/util/regex/Matcher$ImmutableMatchResult done
Event: 7.284 loading class org/apache/maven/plugin/logging/Log
Event: 7.284 loading class org/apache/maven/plugin/logging/Log done
Event: 7.284 loading class org/apache/maven/plugin/logging/Log
Event: 7.284 loading class org/apache/maven/plugin/logging/Log done


Dynamic libraries:
e0c00000-e1730000 rw-p 00000000 00:00 0 
e1730000-eb2a0000 ---p 00000000 00:00 0 
eb2a0000-ec8f7000 rw-p 00000000 00:00 0 
ec8f7000-100000000 ---p 00000000 00:00 0 
800000000-800002000 rwxp 00001000 08:01 2118409                          /usr/lib/jvm/java-11-openjdk-amd64/lib/server/classes.jsa
800002000-8003b7000 rw-p 00003000 08:01 2118409                          /usr/lib/jvm/java-11-openjdk-amd64/lib/server/classes.jsa
8003b7000-800a8a000 r--p 003b8000 08:01 2118409                          /usr/lib/jvm/java-11-openjdk-amd64/lib/server/classes.jsa
800a8a000-800a8b000 rw-p 00a8b000 08:01 2118409                          /usr/lib/jvm/java-11-openjdk-amd64/lib/server/classes.jsa
800a8b000-801095000 r--p 00a8c000 08:01 2118409                          /usr/lib/jvm/java-11-openjdk-amd64/lib/server/classes.jsa
840000000-8402a0000 rw-p 00000000 00:00 0 
8402a0000-880000000 ---p 00000000 00:00 0 
563cd61f3000-563cd61f4000 r-xp 00000000 08:01 2118040                    /usr/lib/jvm/java-11-openjdk-amd64/bin/java
563cd63f4000-563cd63f5000 r--p 00001000 08:01 2118040                    /usr/lib/jvm/java-11-openjdk-amd64/bin/java
563cd63f5000-563cd63f6000 rw-p 00002000 08:01 2118040                    /usr/lib/jvm/java-11-openjdk-amd64/bin/java
563cd7f09000-563cd7f4b000 rw-p 00000000 00:00 0                          [heap]
7fca7c000000-7fca7c021000 rw-p 00000000 00:00 0 
7fca7c021000-7fca80000000 ---p 00000000 00:00 0 
7fca84000000-7fca84021000 rw-p 00000000 00:00 0 
7fca84021000-7fca88000000 ---p 00000000 00:00 0 
7fca88000000-7fca88021000 rw-p 00000000 00:00 0 
7fca88021000-7fca8c000000 ---p 00000000 00:00 0 
7fca8c000000-7fca8c021000 rw-p 00000000 00:00 0 
7fca8c021000-7fca90000000 ---p 00000000 00:00 0 
7fca928cf000-7fca9297b000 rw-p 00000000 00:00 0 
7fca9297b000-7fca92acf000 ---p 00000000 00:00 0 
7fca92acf000-7fca92ad3000 ---p 00000000 00:00 0 
7fca92ad3000-7fca92bd0000 rw-p 00000000 00:00 0 
7fca92bd0000-7fca92bd4000 ---p 00000000 00:00 0 
7fca92bd4000-7fca92ed1000 rw-p 00000000 00:00 0 
7fca92ed1000-7fca930d1000 rw-p 00000000 00:00 0 
7fca930d1000-7fca932d1000 rw-p 00000000 00:00 0 
7fca932d1000-7fca934d1000 rw-p 00000000 00:00 0 
7fca934d1000-7fca936d1000 rw-p 00000000 00:00 0 
7fca936d1000-7fca936d3000 r-xp 00000000 08:01 1843038                    /lib/x86_64-linux-gnu/libutil-2.24.so
7fca936d3000-7fca938d2000 ---p 00002000 08:01 1843038                    /lib/x86_64-linux-gnu/libutil-2.24.so
7fca938d2000-7fca938d3000 r--p 00001000 08:01 1843038                    /lib/x86_64-linux-gnu/libutil-2.24.so
7fca938d3000-7fca938d4000 rw-p 00002000 08:01 1843038                    /lib/x86_64-linux-gnu/libutil-2.24.so
7fca938d4000-7fca938d7000 r-xp 00000000 08:01 1993728                    /opt/maven/lib/jansi-native/linux64/libjansi.so
7fca938d7000-7fca93ad6000 ---p 00003000 08:01 1993728                    /opt/maven/lib/jansi-native/linux64/libjansi.so
7fca93ad6000-7fca93ad7000 rw-p 00002000 08:01 1993728                    /opt/maven/lib/jansi-native/linux64/libjansi.so
7fca93ad7000-7fca93aed000 r-xp 00000000 08:01 2118388                    /usr/lib/jvm/java-11-openjdk-amd64/lib/libnet.so
7fca93aed000-7fca93cec000 ---p 00016000 08:01 2118388                    /usr/lib/jvm/java-11-openjdk-amd64/lib/libnet.so
7fca93cec000-7fca93ced000 r--p 00015000 08:01 2118388                    /usr/lib/jvm/java-11-openjdk-amd64/lib/libnet.so
7fca93ced000-7fca93cee000 rw-p 00016000 08:01 2118388                    /usr/lib/jvm/java-11-openjdk-amd64/lib/libnet.so
7fca93cee000-7fca93cfe000 r-xp 00000000 08:01 2118389                    /usr/lib/jvm/java-11-openjdk-amd64/lib/libnio.so
7fca93cfe000-7fca93efd000 ---p 00010000 08:01 2118389                    /usr/lib/jvm/java-11-openjdk-amd64/lib/libnio.so
7fca93efd000-7fca93efe000 r--p 0000f000 08:01 2118389                    /usr/lib/jvm/java-11-openjdk-amd64/lib/libnio.so
7fca93efe000-7fca93eff000 rw-p 00010000 08:01 2118389                    /usr/lib/jvm/java-11-openjdk-amd64/lib/libnio.so
7fca93eff000-7fca93f03000 ---p 00000000 00:00 0 
7fca93f03000-7fca94000000 rw-p 00000000 00:00 0 
7fca94000000-7fca94021000 rw-p 00000000 00:00 0 
7fca94021000-7fca98000000 ---p 00000000 00:00 0 
7fca98000000-7fca98021000 rw-p 00000000 00:00 0 
7fca98021000-7fca9c000000 ---p 00000000 00:00 0 
7fca9c000000-7fca9c652000 rw-p 00000000 00:00 0 
7fca9c652000-7fcaa0000000 ---p 00000000 00:00 0 
7fcaa0000000-7fcaa0021000 rw-p 00000000 00:00 0 
7fcaa0021000-7fcaa4000000 ---p 00000000 00:00 0 
7fcaa4000000-7fcaa4021000 rw-p 00000000 00:00 0 
7fcaa4021000-7fcaa8000000 ---p 00000000 00:00 0 
7fcaa8000000-7fcaa8b2f000 rw-p 00000000 00:00 0 
7fcaa8b2f000-7fcaac000000 ---p 00000000 00:00 0 
7fcaac000000-7fcaac021000 rw-p 00000000 00:00 0 
7fcaac021000-7fcab0000000 ---p 00000000 00:00 0 
7fcab0000000-7fcab0021000 rw-p 00000000 00:00 0 
7fcab0021000-7fcab4000000 ---p 00000000 00:00 0 
7fcab4000000-7fcab4028000 rw-p 00000000 00:00 0 
7fcab4028000-7fcab8000000 ---p 00000000 00:00 0 
7fcab801a000-7fcab801e000 ---p 00000000 00:00 0 
7fcab801e000-7fcab806d000 rw-p 00000000 00:00 0 
7fcab806d000-7fcab806e000 ---p 00000000 00:00 0 
7fcab806e000-7fcab816f000 rw-p 00000000 00:00 0 
7fcab816f000-7fcab8173000 ---p 00000000 00:00 0 
7fcab8173000-7fcab8270000 rw-p 00000000 00:00 0 
7fcab8270000-7fcab8274000 ---p 00000000 00:00 0 
7fcab8274000-7fcab8371000 rw-p 00000000 00:00 0 
7fcab8371000-7fcab8375000 ---p 00000000 00:00 0 
7fcab8375000-7fcab8472000 rw-p 00000000 00:00 0 
7fcab8472000-7fcab8476000 ---p 00000000 00:00 0 
7fcab8476000-7fcab8573000 rw-p 00000000 00:00 0 
7fcab8573000-7fcab8577000 ---p 00000000 00:00 0 
7fcab8577000-7fcab8674000 rw-p 00000000 00:00 0 
7fcab8674000-7fcab880f000 r--p 00000000 08:01 1850658                    /usr/lib/locale/locale-archive
7fcab880f000-7fcab8813000 ---p 00000000 00:00 0 
7fcab8813000-7fcab8910000 rw-p 00000000 00:00 0 
7fcab8910000-7fcab8b80000 rwxp 00000000 00:00 0 
7fcab8b80000-7fcab8e9f000 ---p 00000000 00:00 0 
7fcab8e9f000-7fcab966f000 rwxp 00000000 00:00 0 
7fcab966f000-7fcac03d7000 ---p 00000000 00:00 0 
7fcac03d7000-7fcac0647000 rwxp 00000000 00:00 0 
7fcac0647000-7fcac7910000 ---p 00000000 00:00 0 
7fcac7910000-7fcad0000000 r--s 00000000 08:01 2118399                    /usr/lib/jvm/java-11-openjdk-amd64/lib/modules
7fcad0000000-7fcad105d000 rw-p 00000000 00:00 0 
7fcad105d000-7fcad4000000 ---p 00000000 00:00 0 
7fcad400c000-7fcad4010000 ---p 00000000 00:00 0 
7fcad4010000-7fcad410d000 rw-p 00000000 00:00 0 
7fcad410d000-7fcad410e000 ---p 00000000 00:00 0 
7fcad410e000-7fcad4b13000 rw-p 00000000 00:00 0 
7fcad4b13000-7fcad4b3a000 rw-p 00000000 00:00 0 
7fcad4b3a000-7fcad4b87000 ---p 00000000 00:00 0 
7fcad4b87000-7fcad4b93000 rw-p 00000000 00:00 0 
7fcad4b93000-7fcad4c2e000 ---p 00000000 00:00 0 
7fcad4c2e000-7fcad4c34000 rw-p 00000000 00:00 0 
7fcad4c34000-7fcad4d1a000 ---p 00000000 00:00 0 
7fcad4d1a000-7fcad4d2a000 rw-p 00000000 00:00 0 
7fcad4d2a000-7fcad4e05000 ---p 00000000 00:00 0 
7fcad4e05000-7fcad4e0a000 r-xp 00000000 08:01 2118380                    /usr/lib/jvm/java-11-openjdk-amd64/lib/libjimage.so
7fcad4e0a000-7fcad5009000 ---p 00005000 08:01 2118380                    /usr/lib/jvm/java-11-openjdk-amd64/lib/libjimage.so
7fcad5009000-7fcad500a000 r--p 00004000 08:01 2118380                    /usr/lib/jvm/java-11-openjdk-amd64/lib/libjimage.so
7fcad500a000-7fcad500b000 rw-p 00005000 08:01 2118380                    /usr/lib/jvm/java-11-openjdk-amd64/lib/libjimage.so
7fcad500b000-7fcad5012000 r-xp 00000000 08:01 2118398                    /usr/lib/jvm/java-11-openjdk-amd64/lib/libzip.so
7fcad5012000-7fcad5211000 ---p 00007000 08:01 2118398                    /usr/lib/jvm/java-11-openjdk-amd64/lib/libzip.so
7fcad5211000-7fcad5212000 r--p 00006000 08:01 2118398                    /usr/lib/jvm/java-11-openjdk-amd64/lib/libzip.so
7fcad5212000-7fcad5213000 rw-p 00007000 08:01 2118398                    /usr/lib/jvm/java-11-openjdk-amd64/lib/libzip.so
7fcad5213000-7fcad521d000 r-xp 00000000 08:01 1843001                    /lib/x86_64-linux-gnu/libnss_files-2.24.so
7fcad521d000-7fcad541d000 ---p 0000a000 08:01 1843001                    /lib/x86_64-linux-gnu/libnss_files-2.24.so
7fcad541d000-7fcad541e000 r--p 0000a000 08:01 1843001                    /lib/x86_64-linux-gnu/libnss_files-2.24.so
7fcad541e000-7fcad541f000 rw-p 0000b000 08:01 1843001                    /lib/x86_64-linux-gnu/libnss_files-2.24.so
7fcad541f000-7fcad5425000 rw-p 00000000 00:00 0 
7fcad5425000-7fcad5430000 r-xp 00000000 08:01 1843005                    /lib/x86_64-linux-gnu/libnss_nis-2.24.so
7fcad5430000-7fcad562f000 ---p 0000b000 08:01 1843005                    /lib/x86_64-linux-gnu/libnss_nis-2.24.so
7fcad562f000-7fcad5630000 r--p 0000a000 08:01 1843005                    /lib/x86_64-linux-gnu/libnss_nis-2.24.so
7fcad5630000-7fcad5631000 rw-p 0000b000 08:01 1843005                    /lib/x86_64-linux-gnu/libnss_nis-2.24.so
7fcad5631000-7fcad5645000 r-xp 00000000 08:01 1842995                    /lib/x86_64-linux-gnu/libnsl-2.24.so
7fcad5645000-7fcad5845000 ---p 00014000 08:01 1842995                    /lib/x86_64-linux-gnu/libnsl-2.24.so
7fcad5845000-7fcad5846000 r--p 00014000 08:01 1842995                    /lib/x86_64-linux-gnu/libnsl-2.24.so
7fcad5846000-7fcad5847000 rw-p 00015000 08:01 1842995                    /lib/x86_64-linux-gnu/libnsl-2.24.so
7fcad5847000-7fcad5849000 rw-p 00000000 00:00 0 
7fcad5849000-7fcad5850000 r-xp 00000000 08:01 1842997                    /lib/x86_64-linux-gnu/libnss_compat-2.24.so
7fcad5850000-7fcad5a4f000 ---p 00007000 08:01 1842997                    /lib/x86_64-linux-gnu/libnss_compat-2.24.so
7fcad5a4f000-7fcad5a50000 r--p 00006000 08:01 1842997                    /lib/x86_64-linux-gnu/libnss_compat-2.24.so
7fcad5a50000-7fcad5a51000 rw-p 00007000 08:01 1842997                    /lib/x86_64-linux-gnu/libnss_compat-2.24.so
7fcad5a51000-7fcad5a7a000 r-xp 00000000 08:01 2118376                    /usr/lib/jvm/java-11-openjdk-amd64/lib/libjava.so
7fcad5a7a000-7fcad5c79000 ---p 00029000 08:01 2118376                    /usr/lib/jvm/java-11-openjdk-amd64/lib/libjava.so
7fcad5c79000-7fcad5c7a000 r--p 00028000 08:01 2118376                    /usr/lib/jvm/java-11-openjdk-amd64/lib/libjava.so
7fcad5c7a000-7fcad5c7c000 rw-p 00029000 08:01 2118376                    /usr/lib/jvm/java-11-openjdk-amd64/lib/libjava.so
7fcad5c7c000-7fcad5c89000 r-xp 00000000 08:01 2118397                    /usr/lib/jvm/java-11-openjdk-amd64/lib/libverify.so
7fcad5c89000-7fcad5e88000 ---p 0000d000 08:01 2118397                    /usr/lib/jvm/java-11-openjdk-amd64/lib/libverify.so
7fcad5e88000-7fcad5e8a000 r--p 0000c000 08:01 2118397                    /usr/lib/jvm/java-11-openjdk-amd64/lib/libverify.so
7fcad5e8a000-7fcad5e8b000 rw-p 0000e000 08:01 2118397                    /usr/lib/jvm/java-11-openjdk-amd64/lib/libverify.so
7fcad5e8b000-7fcad5e92000 r-xp 00000000 08:01 1843022                    /lib/x86_64-linux-gnu/librt-2.24.so
7fcad5e92000-7fcad6091000 ---p 00007000 08:01 1843022                    /lib/x86_64-linux-gnu/librt-2.24.so
7fcad6091000-7fcad6092000 r--p 00006000 08:01 1843022                    /lib/x86_64-linux-gnu/librt-2.24.so
7fcad6092000-7fcad6093000 rw-p 00007000 08:01 1843022                    /lib/x86_64-linux-gnu/librt-2.24.so
7fcad6093000-7fcad60a9000 r-xp 00000000 08:01 1842975                    /lib/x86_64-linux-gnu/libgcc_s.so.1
7fcad60a9000-7fcad62a8000 ---p 00016000 08:01 1842975                    /lib/x86_64-linux-gnu/libgcc_s.so.1
7fcad62a8000-7fcad62a9000 r--p 00015000 08:01 1842975                    /lib/x86_64-linux-gnu/libgcc_s.so.1
7fcad62a9000-7fcad62aa000 rw-p 00016000 08:01 1842975                    /lib/x86_64-linux-gnu/libgcc_s.so.1
7fcad62aa000-7fcad63ad000 r-xp 00000000 08:01 1842984                    /lib/x86_64-linux-gnu/libm-2.24.so
7fcad63ad000-7fcad65ac000 ---p 00103000 08:01 1842984                    /lib/x86_64-linux-gnu/libm-2.24.so
7fcad65ac000-7fcad65ad000 r--p 00102000 08:01 1842984                    /lib/x86_64-linux-gnu/libm-2.24.so
7fcad65ad000-7fcad65ae000 rw-p 00103000 08:01 1842984                    /lib/x86_64-linux-gnu/libm-2.24.so
7fcad65ae000-7fcad6720000 r-xp 00000000 08:01 1843740                    /usr/lib/x86_64-linux-gnu/libstdc++.so.6.0.22
7fcad6720000-7fcad6920000 ---p 00172000 08:01 1843740                    /usr/lib/x86_64-linux-gnu/libstdc++.so.6.0.22
7fcad6920000-7fcad692a000 r--p 00172000 08:01 1843740                    /usr/lib/x86_64-linux-gnu/libstdc++.so.6.0.22
7fcad692a000-7fcad692c000 rw-p 0017c000 08:01 1843740                    /usr/lib/x86_64-linux-gnu/libstdc++.so.6.0.22
7fcad692c000-7fcad6930000 rw-p 00000000 00:00 0 
7fcad6930000-7fcad79b8000 r-xp 00000000 08:01 2118411                    /usr/lib/jvm/java-11-openjdk-amd64/lib/server/libjvm.so
7fcad79b8000-7fcad7bb7000 ---p 01088000 08:01 2118411                    /usr/lib/jvm/java-11-openjdk-amd64/lib/server/libjvm.so
7fcad7bb7000-7fcad7c74000 r--p 01087000 08:01 2118411                    /usr/lib/jvm/java-11-openjdk-amd64/lib/server/libjvm.so
7fcad7c74000-7fcad7cae000 rw-p 01144000 08:01 2118411                    /usr/lib/jvm/java-11-openjdk-amd64/lib/server/libjvm.so
7fcad7cae000-7fcad7d04000 rw-p 00000000 00:00 0 
7fcad7d04000-7fcad7e99000 r-xp 00000000 08:01 1842955                    /lib/x86_64-linux-gnu/libc-2.24.so
7fcad7e99000-7fcad8099000 ---p 00195000 08:01 1842955                    /lib/x86_64-linux-gnu/libc-2.24.so
7fcad8099000-7fcad809d000 r--p 00195000 08:01 1842955                    /lib/x86_64-linux-gnu/libc-2.24.so
7fcad809d000-7fcad809f000 rw-p 00199000 08:01 1842955                    /lib/x86_64-linux-gnu/libc-2.24.so
7fcad809f000-7fcad80a3000 rw-p 00000000 00:00 0 
7fcad80a3000-7fcad80a6000 r-xp 00000000 08:01 1842967                    /lib/x86_64-linux-gnu/libdl-2.24.so
7fcad80a6000-7fcad82a5000 ---p 00003000 08:01 1842967                    /lib/x86_64-linux-gnu/libdl-2.24.so
7fcad82a5000-7fcad82a6000 r--p 00002000 08:01 1842967                    /lib/x86_64-linux-gnu/libdl-2.24.so
7fcad82a6000-7fcad82a7000 rw-p 00003000 08:01 1842967                    /lib/x86_64-linux-gnu/libdl-2.24.so
7fcad82a7000-7fcad82b6000 r-xp 00000000 08:01 2118358                    /usr/lib/jvm/java-11-openjdk-amd64/lib/jli/libjli.so
7fcad82b6000-7fcad84b5000 ---p 0000f000 08:01 2118358                    /usr/lib/jvm/java-11-openjdk-amd64/lib/jli/libjli.so
7fcad84b5000-7fcad84b6000 r--p 0000e000 08:01 2118358                    /usr/lib/jvm/java-11-openjdk-amd64/lib/jli/libjli.so
7fcad84b6000-7fcad84b7000 rw-p 0000f000 08:01 2118358                    /usr/lib/jvm/java-11-openjdk-amd64/lib/jli/libjli.so
7fcad84b7000-7fcad84cf000 r-xp 00000000 08:01 1843018                    /lib/x86_64-linux-gnu/libpthread-2.24.so
7fcad84cf000-7fcad86ce000 ---p 00018000 08:01 1843018                    /lib/x86_64-linux-gnu/libpthread-2.24.so
7fcad86ce000-7fcad86cf000 r--p 00017000 08:01 1843018                    /lib/x86_64-linux-gnu/libpthread-2.24.so
7fcad86cf000-7fcad86d0000 rw-p 00018000 08:01 1843018                    /lib/x86_64-linux-gnu/libpthread-2.24.so
7fcad86d0000-7fcad86d4000 rw-p 00000000 00:00 0 
7fcad86d4000-7fcad86ed000 r-xp 00000000 08:01 1843043                    /lib/x86_64-linux-gnu/libz.so.1.2.8
7fcad86ed000-7fcad88ec000 ---p 00019000 08:01 1843043                    /lib/x86_64-linux-gnu/libz.so.1.2.8
7fcad88ec000-7fcad88ed000 r--p 00018000 08:01 1843043                    /lib/x86_64-linux-gnu/libz.so.1.2.8
7fcad88ed000-7fcad88ee000 rw-p 00019000 08:01 1843043                    /lib/x86_64-linux-gnu/libz.so.1.2.8
7fcad88ee000-7fcad8911000 r-xp 00000000 08:01 1842937                    /lib/x86_64-linux-gnu/ld-2.24.so
7fcad892b000-7fcad8958000 rw-p 00000000 00:00 0 
7fcad8958000-7fcad89f3000 ---p 00000000 00:00 0 
7fcad89f3000-7fcad89f8000 rw-p 00000000 00:00 0 
7fcad89f8000-7fcad89ff000 ---p 00000000 00:00 0 
7fcad89ff000-7fcad8a01000 r--s 00007000 08:01 2379129                    /usr/share/java/java-atk-wrapper.jar
7fcad8a01000-7fcad8a05000 ---p 00000000 00:00 0 
7fcad8a05000-7fcad8b06000 rw-p 00000000 00:00 0 
7fcad8b07000-7fcad8b0f000 rw-s 00000000 08:01 411604                     /tmp/hsperfdata_tanzachary/4968
7fcad8b0f000-7fcad8b10000 ---p 00000000 00:00 0 
7fcad8b10000-7fcad8b11000 r--p 00000000 00:00 0 
7fcad8b11000-7fcad8b12000 r--p 00023000 08:01 1842937                    /lib/x86_64-linux-gnu/ld-2.24.so
7fcad8b12000-7fcad8b13000 rw-p 00024000 08:01 1842937                    /lib/x86_64-linux-gnu/ld-2.24.so
7fcad8b13000-7fcad8b14000 rw-p 00000000 00:00 0 
7ffc3bfab000-7ffc3bfcc000 rw-p 00000000 00:00 0                          [stack]
7ffc3bfce000-7ffc3bfd1000 r--p 00000000 00:00 0                          [vvar]
7ffc3bfd1000-7ffc3bfd3000 r-xp 00000000 00:00 0                          [vdso]
ffffffffff600000-ffffffffff601000 r-xp 00000000 00:00 0                  [vsyscall]


VM Arguments:
jvm_args: -Dclassworlds.conf=/opt/maven/bin/m2.conf -Dmaven.home=/opt/maven -Dlibrary.jansi.path=/opt/maven/lib/jansi-native -Dmaven.multiModuleProjectDirectory=/home/tanzachary/step/portfolio 
java_command: org.codehaus.plexus.classworlds.launcher.Launcher package appengine:run
java_class_path (initial): /opt/maven/boot/plexus-classworlds-2.6.0.jar
Launcher Type: SUN_STANDARD

[Global flags]
     intx CICompilerCount                          = 2                                         {product} {ergonomic}
   size_t InitialHeapSize                          = 33554432                                  {product} {ergonomic}
   size_t MaxHeapSize                              = 524288000                                 {product} {ergonomic}
   size_t MaxNewSize                               = 174718976                                 {product} {ergonomic}
   size_t MinHeapDeltaBytes                        = 196608                                    {product} {ergonomic}
   size_t NewSize                                  = 11141120                                  {product} {ergonomic}
    uintx NonNMethodCodeHeapSize                   = 5825164                                {pd product} {ergonomic}
    uintx NonProfiledCodeHeapSize                  = 122916538                              {pd product} {ergonomic}
   size_t OldSize                                  = 22413312                                  {product} {ergonomic}
    uintx ProfiledCodeHeapSize                     = 122916538                              {pd product} {ergonomic}
    uintx ReservedCodeCacheSize                    = 251658240                              {pd product} {ergonomic}
     bool SegmentedCodeCache                       = true                                      {product} {ergonomic}
     bool UseCompressedClassPointers               = true                                 {lp64_product} {ergonomic}
     bool UseCompressedOops                        = true                                 {lp64_product} {ergonomic}
     bool UseSerialGC                              = true                                      {product} {ergonomic}

Logging:
Log output configuration:
 #0: stdout all=warning uptime,level,tags
 #1: stderr all=off uptime,level,tags

Environment Variables:
JAVA_HOME=/usr/lib/jvm/java-11-openjdk-amd64
PATH=/home/tanzachary/step/portfolio/node_modules/.bin:/home/tanzachary/gopath/bin:/google/gopath/bin:/home/tanzachary/.gems/bin:/usr/local/go/bin:/opt/gradle/bin:/opt/maven/bin:/usr/local/sbin:/usr/local/bin:/usr/sbin:/usr/bin:/sbin:/bin:/usr/local/nvm/versions/node/v10.14.2/bin:/google/go_appengine:/google/google_appengine:/google/migrate/anthos/
SHELL=/bin/bash

Signal Handlers:
SIGSEGV: [libjvm.so+0xd9bff0], sa_mask[0]=11111111011111111101111111111110, sa_flags=SA_RESTART|SA_SIGINFO
SIGBUS: [libjvm.so+0xd9bff0], sa_mask[0]=11111111011111111101111111111110, sa_flags=SA_RESTART|SA_SIGINFO
SIGFPE: [libjvm.so+0xd9bff0], sa_mask[0]=11111111011111111101111111111110, sa_flags=SA_RESTART|SA_SIGINFO
SIGPIPE: [libjvm.so+0xb8fcf0], sa_mask[0]=11111111011111111101111111111110, sa_flags=SA_RESTART|SA_SIGINFO
SIGXFSZ: [libjvm.so+0xb8fcf0], sa_mask[0]=11111111011111111101111111111110, sa_flags=SA_RESTART|SA_SIGINFO
SIGILL: [libjvm.so+0xd9bff0], sa_mask[0]=11111111011111111101111111111110, sa_flags=SA_RESTART|SA_SIGINFO
SIGUSR2: [libjvm.so+0xb8fb90], sa_mask[0]=00000000000000000000000000000000, sa_flags=SA_RESTART|SA_SIGINFO
SIGHUP: [libjvm.so+0xb8fef0], sa_mask[0]=11111111011111111101111111111110, sa_flags=SA_RESTART|SA_SIGINFO
SIGINT: [libjvm.so+0xb8fef0], sa_mask[0]=11111111011111111101111111111110, sa_flags=SA_RESTART|SA_SIGINFO
SIGTERM: [libjvm.so+0xb8fef0], sa_mask[0]=11111111011111111101111111111110, sa_flags=SA_RESTART|SA_SIGINFO
SIGQUIT: [libjvm.so+0xb8fef0], sa_mask[0]=11111111011111111101111111111110, sa_flags=SA_RESTART|SA_SIGINFO


---------------  S Y S T E M  ---------------

OS:PRETTY_NAME="Debian GNU/Linux 9 (stretch)"
NAME="Debian GNU/Linux"
VERSION_ID="9"
VERSION="9 (stretch)"
VERSION_CODENAME=stretch
ID=debian
HOME_URL="https://www.debian.org/"
SUPPORT_URL="https://www.debian.org/support"
BUG_REPORT_URL="https://bugs.debian.org/"
uname:Linux 4.19.112+ #1 SMP Wed May 6 00:27:44 PDT 2020 x86_64
libc:glibc 2.24 NPTL 2.24 
rlimit: STACK 8192k, CORE infinity, NPROC infinity, NOFILE 1048576, AS infinity, DATA infinity, FSIZE infinity
load average:1.34 1.33 0.95

/proc/meminfo:
MemTotal:        2043884 kB
MemFree:           96216 kB
MemAvailable:     808044 kB
Buffers:           73808 kB
Cached:           657096 kB
SwapCached:          740 kB
Active:           897664 kB
Inactive:         734060 kB
Active(anon):     469776 kB
Inactive(anon):   408604 kB
Active(file):     427888 kB
Inactive(file):   325456 kB
Unevictable:           0 kB
Mlocked:               0 kB
SwapTotal:        786428 kB
SwapFree:         699644 kB
Dirty:              1576 kB
Writeback:             0 kB
AnonPages:        900156 kB
Mapped:           394432 kB
Shmem:               820 kB
Slab:             197404 kB
SReclaimable:     146120 kB
SUnreclaim:        51284 kB
KernelStack:        8384 kB
PageTables:        13720 kB
NFS_Unstable:          0 kB
Bounce:                0 kB
WritebackTmp:          0 kB
CommitLimit:     1808368 kB
Committed_AS:    5138568 kB
VmallocTotal:   34359738367 kB
VmallocUsed:           0 kB
VmallocChunk:          0 kB
Percpu:              968 kB
AnonHugePages:      2048 kB
ShmemHugePages:        0 kB
ShmemPmdMapped:        0 kB
HugePages_Total:       0
HugePages_Free:        0
HugePages_Rsvd:        0
HugePages_Surp:        0
Hugepagesize:       2048 kB
Hugetlb:               0 kB
DirectMap4k:       85180 kB
DirectMap2M:     2011136 kB
DirectMap1G:           0 kB


/proc/sys/kernel/threads-max (system-wide limit on the number of threads):
15631


/proc/sys/vm/max_map_count (maximum number of memory map areas a process may have):
65530


/proc/sys/kernel/pid_max (system-wide limit on number of process identifiers):
4194304



container (cgroup) information:
container_type: cgroupv1
cpu_cpuset_cpus: 0-1
cpu_memory_nodes: 0
active_processor_count: 1
cpu_quota: -1
cpu_period: 100000
cpu_shares: 2
memory_limit_in_bytes: -1
memory_and_swap_limit_in_bytes: -1
memory_soft_limit_in_bytes: -1
memory_usage_in_bytes: 625790976
memory_max_usage_in_bytes: 684109824

KVM virtualization detected
Steal ticks since vm start: 3
Steal ticks percentage since vm start:  0.000

CPU:total 2 (initial active 1) (1 cores per cpu, 2 threads per core) family 6 model 63 stepping 0, cmov, cx8, fxsr, mmx, sse, sse2, sse3, ssse3, sse4.1, sse4.2, popcnt, avx, avx2, aes, clmul, erms, lzcnt, ht, tsc, tscinvbit, bmi1, bmi2, fma
CPU Model and flags from /proc/cpuinfo:
model name	: Intel(R) Xeon(R) CPU @ 2.30GHz
flags		: fpu vme de pse tsc msr pae mce cx8 apic sep mtrr pge mca cmov pat pse36 clflush mmx fxsr sse sse2 ss ht syscall nx pdpe1gb rdtscp lm constant_tsc rep_good nopl xtopology nonstop_tsc cpuid tsc_known_freq pni pclmulqdq ssse3 fma cx16 pcid sse4_1 sse4_2 x2apic movbe popcnt aes xsave avx f16c rdrand hypervisor lahf_lm abm invpcid_single pti ssbd ibrs ibpb stibp fsgsbase tsc_adjust bmi1 avx2 smep bmi2 erms invpcid xsaveopt arat md_clear arch_capabilities

Memory: 4k page, physical 2043884k(96216k free), swap 786428k(699644k free)

vm_info: OpenJDK 64-Bit Server VM (11.0.6+10-post-Debian-1bpo91) for linux-amd64 JRE (11.0.6+10-post-Debian-1bpo91), built on Feb  1 2020 09:07:43 by "unknown" with gcc 6.3.0 20170516

END.
