#
# A fatal error has been detected by the Java Runtime Environment:
#
#  SIGSEGV (0xb) at pc=0x00007fae70d45bc0, pid=4923, tid=4923
#
# JRE version: OpenJDK Runtime Environment (11.0.6+10) (build 11.0.6+10-post-Debian-1bpo91)
# Java VM: OpenJDK 64-Bit Server VM (11.0.6+10-post-Debian-1bpo91, mixed mode, sharing, tiered, compressed oops, serial gc, linux-amd64)
# Problematic frame:
# V  [libjvm.so+0xb8fbc0]
#
# Core dump will be written. Default location: Core dumps may be processed with "/sbin/crash_reporter --user=%P:%s:%u:%g:%e" (or dumping to /home/tanzachary/step/portfolio/core.4923)
#
# If you would like to submit a bug report, please visit:
#   https://bugs.debian.org/openjdk-11
#

---------------  S U M M A R Y ------------

Command Line: -Dclassworlds.conf=/opt/maven/bin/m2.conf -Dmaven.home=/opt/maven -Dlibrary.jansi.path=/opt/maven/lib/jansi-native -Dmaven.multiModuleProjectDirectory=/home/tanzachary/step/portfolio org.codehaus.plexus.classworlds.launcher.Launcher package appengine:run

Host: Intel(R) Xeon(R) CPU @ 2.30GHz, 2 cores, 1G, Debian GNU/Linux 9 (stretch)
Time: Thu May 28 17:46:37 2020 EDT elapsed time: 5 seconds (0d 0h 0m 5s)

---------------  T H R E A D  ---------------

Current thread is native thread

Stack: [0x00007ffde0a4c000,0x00007ffde124b000],  sp=0x00007ffde1246300,  free space=8168k
Native frames: (J=compiled Java code, A=aot compiled Java code, j=interpreted, Vv=VM code, C=native code)
V  [libjvm.so+0xb8fbc0]
C  [libpthread.so.0+0x110e0]


siginfo: si_signo: 11 (SIGSEGV), si_code: 1 (SEGV_MAPERR), si_addr: 0x00000000000000d0

Register to memory mapping:

RAX=0x0 is NULL
RBX=
[error occurred during error reporting (printing register info), id 0xb, SIGSEGV (0xb) at pc=0x00007fae70eec9e7]

Registers:
RAX=0x0000000000000000, RBX=0x00007fae72388e18, RCX=0x00007fae71d456dd, RDX=0x0000000000000000
RSP=0x00007ffde1246300, RBP=0x00007ffde12463b0, RSI=0x00007ffde12464f0, RDI=0x0000000000000001
R8 =0x00000000000000ca, R9 =0x00007fae723879d0, R10=0x0000000000000000, R11=0x0000000000000246
R12=0x0000000000000000, R13=0x00007ffde12464f0, R14=0x00007ffde12463c0, R15=0x00007fae72387d28
RIP=0x00007fae70d45bc0, EFLAGS=0x0000000000010246, CSGSFS=0x002b000000000033, ERR=0x0000000000000004
  TRAPNO=0x000000000000000e

Top of Stack: (sp=0x00007ffde1246300)
0x00007ffde1246300:   0000000001e5cb59 00007fae7159b038
0x00007ffde1246310:   00007ffde1246430 00007fae7158dd90
0x00007ffde1246320:   00007ffde1246354 00007ffde1246420
0x00007ffde1246330:   000055cc69da1c70 000000000000000b 

Instructions: (pc=0x00007fae70d45bc0)
0x00007fae70d45ac0:   c0 74 03 c6 00 00 4c 89 f7 4c 89 fa 48 89 de e8
0x00007fae70d45ad0:   dc db 6d ff 4c 89 e7 e8 24 df 6d ff 48 81 c4 08
0x00007fae70d45ae0:   01 00 00 5b 41 5c 41 5d 41 5e 41 5f 5d c3 4c 89
0x00007fae70d45af0:   e2 be 00 01 00 00 48 89 df e8 92 e1 6d ff 48 85
0x00007fae70d45b00:   c0 74 ae 48 8d 35 b1 46 2f 00 48 89 df e8 5e df
0x00007fae70d45b10:   6d ff 48 85 c0 74 41 66 0f 1f 84 00 00 00 00 00
0x00007fae70d45b20:   be 22 00 00 00 48 89 df e8 d3 df 6d ff 48 85 c0
0x00007fae70d45b30:   74 46 48 8d 58 01 be 22 00 00 00 48 89 df e8 bd
0x00007fae70d45b40:   df 6d ff 48 85 c0 0f 85 77 ff ff ff e9 75 ff ff
0x00007fae70d45b50:   ff 0f 1f 80 00 00 00 00 48 8d 35 71 46 2f 00 48
0x00007fae70d45b60:   89 df e8 09 df 6d ff 48 85 c0 0f 84 41 ff ff ff
0x00007fae70d45b70:   eb ae 66 0f 1f 44 00 00 48 89 df be 3d 00 00 00
0x00007fae70d45b80:   e8 7b df 6d ff 48 8d 58 01 e9 23 ff ff ff 66 90
0x00007fae70d45b90:   55 48 89 e5 41 57 41 56 41 55 41 54 49 89 d6 53
0x00007fae70d45ba0:   49 89 f5 48 81 ec 88 00 00 00 e8 81 e6 6d ff 48
0x00007fae70d45bb0:   89 c3 44 8b 20 e8 26 58 1a 00 31 d2 84 c0 75 38
0x00007fae70d45bc0:   48 83 ba d0 00 00 00 00 74 16 4c 8b ba 68 02 00
0x00007fae70d45bd0:   00 41 8b 87 a8 00 00 00 83 f8 01 74 2b 44 89 23
0x00007fae70d45be0:   48 81 c4 88 00 00 00 5b 41 5c 41 5d 41 5e 41 5f
0x00007fae70d45bf0:   5d c3 66 0f 1f 44 00 00 e8 f3 57 1a 00 48 89 c2
0x00007fae70d45c00:   eb be 66 0f 1f 44 00 00 4d 89 af b0 00 00 00 4d
0x00007fae70d45c10:   8d af a8 00 00 00 4d 89 b7 b8 00 00 00 ba 02 00
0x00007fae70d45c20:   00 00 be 01 00 00 00 4c 89 ef e8 01 cb ff ff 83
0x00007fae70d45c30:   f8 02 74 3c 85 c0 75 18 49 c7 87 b8 00 00 00 00
0x00007fae70d45c40:   00 00 00 49 c7 87 b0 00 00 00 00 00 00 00 eb 8d
0x00007fae70d45c50:   48 8d 05 51 96 7b 00 48 8d 3d 7a 4e 2f 00 be 64
0x00007fae70d45c60:   11 00 00 48 8b 00 c6 00 58 e8 22 16 ab ff eb c8
0x00007fae70d45c70:   4c 8d b5 50 ff ff ff 4c 89 f7 e8 11 e2 6d ff 4c
0x00007fae70d45c80:   89 f2 31 f6 31 ff e8 15 e3 6d ff 8b 35 ff 37 7d
0x00007fae70d45c90:   00 4c 89 f7 e8 c7 de 6d ff 48 8d 3d 60 73 81 00
0x00007fae70d45ca0:   be 01 00 00 00 e8 a6 bc 0c 00 66 0f 1f 44 00 00
0x00007fae70d45cb0:   4c 89 f7 e8 d8 e5 6d ff 31 d2 be 03 00 00 00 4c 


Stack slot to memory mapping:
stack at sp + 0 slots: 
[error occurred during error reporting (inspecting top of stack), id 0xb, SIGSEGV (0xb) at pc=0x00007fae70eec9e7]


---------------  P R O C E S S  ---------------

VM state:not at safepoint (normal execution)

VM Mutex/Monitor currently owned by a thread: None

Heap address: 0x00000000e0c00000, size: 500 MB, Compressed Oops mode: 32-bit
Narrow klass base: 0x0000000800000000, Narrow klass shift: 3
Compressed class space size: 1073741824 Address: 0x0000000840000000

Heap:
 def new generation   total 9792K, used 6731K [0x00000000e0c00000, 0x00000000e16a0000, 0x00000000eb2a0000)
  eden space 8704K,  71% used [0x00000000e0c00000, 0x00000000e121b7e0, 0x00000000e1480000)
  from space 1088K,  43% used [0x00000000e1480000, 0x00000000e14f76c8, 0x00000000e1590000)
  to   space 1088K,   0% used [0x00000000e1590000, 0x00000000e1590000, 0x00000000e16a0000)
 tenured generation   total 21888K, used 11922K [0x00000000eb2a0000, 0x00000000ec800000, 0x0000000100000000)
   the space 21888K,  54% used [0x00000000eb2a0000, 0x00000000ebe44938, 0x00000000ebe44a00, 0x00000000ec800000)
 Metaspace       used 18534K, capacity 19154K, committed 19328K, reserved 1067008K
  class space    used 2138K, capacity 2365K, committed 2432K, reserved 1048576K

Card table byte_map: [0x00007fae6e3ba000,0x00007fae6e4b5000] _byte_map_base: 0x00007fae6dcb4000

Polling page: 0x00007fae72395000

Metaspace:

Usage:
  Non-class:     16.40 MB capacity,    16.01 MB ( 98%) used,   361.32 KB (  2%) free+waste,    31.19 KB ( <1%) overhead. 
      Class:      2.31 MB capacity,     2.09 MB ( 90%) used,   211.49 KB (  9%) free+waste,    15.06 KB ( <1%) overhead. 
       Both:     18.71 MB capacity,    18.10 MB ( 97%) used,   572.81 KB (  3%) free+waste,    46.25 KB ( <1%) overhead. 

Virtual space:
  Non-class space:       18.00 MB reserved,      16.50 MB ( 92%) committed 
      Class space:        1.00 GB reserved,       2.38 MB ( <1%) committed 
             Both:        1.02 GB reserved,      18.88 MB (  2%) committed 

Chunk freelists:
   Non-Class:  19.00 KB
       Class:  3.00 KB
        Both:  22.00 KB

MaxMetaspaceSize: unlimited
CompressedClassSpaceSize: 1.00 GB

CodeHeap 'non-profiled nmethods': size=120036Kb used=1423Kb max_used=1423Kb free=118612Kb
 bounds [0x00007fae583d7000, 0x00007fae58647000, 0x00007fae5f910000]
CodeHeap 'profiled nmethods': size=120032Kb used=7683Kb max_used=7683Kb free=112348Kb
 bounds [0x00007fae50e9f000, 0x00007fae5162f000, 0x00007fae583d7000]
CodeHeap 'non-nmethods': size=5692Kb used=1137Kb max_used=1192Kb free=4554Kb
 bounds [0x00007fae50910000, 0x00007fae50b80000, 0x00007fae50e9f000]
 total_blobs=4995 nmethods=3900 adapters=382
 compilation: enabled
              stopped_count=0, restarted_count=0
 full_count=0

Compilation events (20 events):
Event: 5.353 Thread 0x00007fae6805b800 nmethod 3906 0x00007fae5161c310 code [0x00007fae5161c4c0, 0x00007fae5161c630]
Event: 5.368 Thread 0x00007fae6805b800 3911       2       java.lang.invoke.LambdaForm::normalize (322 bytes)
Event: 5.373 Thread 0x00007fae6805b800 nmethod 3911 0x00007fae5161c710 code [0x00007fae5161c960, 0x00007fae5161d2d8]
Event: 5.375 Thread 0x00007fae6805b800 3913       2       jdk.internal.org.objectweb.asm.Frame::pop (53 bytes)
Event: 5.377 Thread 0x00007fae6805b800 nmethod 3913 0x00007fae5161d810 code [0x00007fae5161da20, 0x00007fae5161ddf8]
Event: 5.383 Thread 0x00007fae6805b800 3914       2       sun.invoke.util.Wrapper::isSubwordOrInt (20 bytes)
Event: 5.384 Thread 0x00007fae6805b800 nmethod 3914 0x00007fae5161e090 code [0x00007fae5161e240, 0x00007fae5161e450]
Event: 5.384 Thread 0x00007fae6805b800 3915       2       sun.invoke.util.Wrapper::isIntegral (23 bytes)
Event: 5.384 Thread 0x00007fae6805b800 nmethod 3915 0x00007fae5161e510 code [0x00007fae5161e6c0, 0x00007fae5161e870]
Event: 5.384 Thread 0x00007fae6805b800 3916       2       sun.invoke.util.Wrapper::isNumeric (16 bytes)
Event: 5.384 Thread 0x00007fae6805b800 nmethod 3916 0x00007fae5161e910 code [0x00007fae5161eac0, 0x00007fae5161ec50]
Event: 5.385 Thread 0x00007fae6805b800 3918       2       sun.invoke.util.VerifyAccess::isClassAccessible (182 bytes)
Event: 5.387 Thread 0x00007fae6805b800 nmethod 3918 0x00007fae5161ed10 code [0x00007fae5161efe0, 0x00007fae5161f8b8]
Event: 5.555 Thread 0x00007fae68059800 nmethod 3257 0x00007fae58520b90 code [0x00007fae58521560, 0x00007fae5852c168]
Event: 5.556 Thread 0x00007fae68059800 3433  s!   4       jdk.internal.loader.URLClassPath::getLoader (194 bytes)
Event: 5.572 Thread 0x00007fae68059800 nmethod 3433 0x00007fae58536810 code [0x00007fae58536a40, 0x00007fae58537640]
Event: 5.572 Thread 0x00007fae68059800 3786       4       java.lang.String::trim (35 bytes)
Event: 5.583 Thread 0x00007fae68059800 nmethod 3786 0x00007fae58537c90 code [0x00007fae58537e40, 0x00007fae58538338]
Event: 5.583 Thread 0x00007fae68059800 3541       4       org.apache.maven.model.io.xpp3.MavenXpp3Reader::checkFieldWithDuplicate (75 bytes)
Event: 5.645 Thread 0x00007fae68059800 nmethod 3541 0x00007fae58538590 code [0x00007fae58538820, 0x00007fae5853a160]

GC Heap History (20 events):
Event: 3.232 GC heap before
{Heap before GC invocations=10 (full 0):
 def new generation   total 9792K, used 9162K [0x00000000e0c00000, 0x00000000e16a0000, 0x00000000eb2a0000)
  eden space 8704K, 100% used [0x00000000e0c00000, 0x00000000e1480000, 0x00000000e1480000)
  from space 1088K,  42% used [0x00000000e1480000, 0x00000000e14f2a38, 0x00000000e1590000)
  to   space 1088K,   0% used [0x00000000e1590000, 0x00000000e1590000, 0x00000000e16a0000)
 tenured generation   total 21888K, used 6996K [0x00000000eb2a0000, 0x00000000ec800000, 0x0000000100000000)
   the space 21888K,  31% used [0x00000000eb2a0000, 0x00000000eb975030, 0x00000000eb975200, 0x00000000ec800000)
 Metaspace       used 13754K, capacity 15361K, committed 15744K, reserved 1062912K
  class space    used 1605K, capacity 1827K, committed 1920K, reserved 1048576K
}
Event: 3.235 GC heap after
{Heap after GC invocations=11 (full 0):
 def new generation   total 9792K, used 894K [0x00000000e0c00000, 0x00000000e16a0000, 0x00000000eb2a0000)
  eden space 8704K,   0% used [0x00000000e0c00000, 0x00000000e0c00000, 0x00000000e1480000)
  from space 1088K,  82% used [0x00000000e1590000, 0x00000000e166fb70, 0x00000000e16a0000)
  to   space 1088K,   0% used [0x00000000e1480000, 0x00000000e1480000, 0x00000000e1590000)
 tenured generation   total 21888K, used 6996K [0x00000000eb2a0000, 0x00000000ec800000, 0x0000000100000000)
   the space 21888K,  31% used [0x00000000eb2a0000, 0x00000000eb975030, 0x00000000eb975200, 0x00000000ec800000)
 Metaspace       used 13754K, capacity 15361K, committed 15744K, reserved 1062912K
  class space    used 1605K, capacity 1827K, committed 1920K, reserved 1048576K
}
Event: 3.408 GC heap before
{Heap before GC invocations=11 (full 0):
 def new generation   total 9792K, used 9598K [0x00000000e0c00000, 0x00000000e16a0000, 0x00000000eb2a0000)
  eden space 8704K, 100% used [0x00000000e0c00000, 0x00000000e1480000, 0x00000000e1480000)
  from space 1088K,  82% used [0x00000000e1590000, 0x00000000e166fb70, 0x00000000e16a0000)
  to   space 1088K,   0% used [0x00000000e1480000, 0x00000000e1480000, 0x00000000e1590000)
 tenured generation   total 21888K, used 6996K [0x00000000eb2a0000, 0x00000000ec800000, 0x0000000100000000)
   the space 21888K,  31% used [0x00000000eb2a0000, 0x00000000eb975030, 0x00000000eb975200, 0x00000000ec800000)
 Metaspace       used 13810K, capacity 15361K, committed 15744K, reserved 1062912K
  class space    used 1605K, capacity 1827K, committed 1920K, reserved 1048576K
}
Event: 3.413 GC heap after
{Heap after GC invocations=12 (full 0):
 def new generation   total 9792K, used 916K [0x00000000e0c00000, 0x00000000e16a0000, 0x00000000eb2a0000)
  eden space 8704K,   0% used [0x00000000e0c00000, 0x00000000e0c00000, 0x00000000e1480000)
  from space 1088K,  84% used [0x00000000e1480000, 0x00000000e15652c8, 0x00000000e1590000)
  to   space 1088K,   0% used [0x00000000e1590000, 0x00000000e1590000, 0x00000000e16a0000)
 tenured generation   total 21888K, used 7383K [0x00000000eb2a0000, 0x00000000ec800000, 0x0000000100000000)
   the space 21888K,  33% used [0x00000000eb2a0000, 0x00000000eb9d5e00, 0x00000000eb9d5e00, 0x00000000ec800000)
 Metaspace       used 13810K, capacity 15361K, committed 15744K, reserved 1062912K
  class space    used 1605K, capacity 1827K, committed 1920K, reserved 1048576K
}
Event: 3.527 GC heap before
{Heap before GC invocations=12 (full 0):
 def new generation   total 9792K, used 9576K [0x00000000e0c00000, 0x00000000e16a0000, 0x00000000eb2a0000)
  eden space 8704K,  99% used [0x00000000e0c00000, 0x00000000e1475060, 0x00000000e1480000)
  from space 1088K,  84% used [0x00000000e1480000, 0x00000000e15652c8, 0x00000000e1590000)
  to   space 1088K,   0% used [0x00000000e1590000, 0x00000000e1590000, 0x00000000e16a0000)
 tenured generation   total 21888K, used 7383K [0x00000000eb2a0000, 0x00000000ec800000, 0x0000000100000000)
   the space 21888K,  33% used [0x00000000eb2a0000, 0x00000000eb9d5e00, 0x00000000eb9d5e00, 0x00000000ec800000)
 Metaspace       used 13921K, capacity 15503K, committed 15744K, reserved 1062912K
  class space    used 1611K, capacity 1833K, committed 1920K, reserved 1048576K
}
Event: 3.531 GC heap after
{Heap after GC invocations=13 (full 0):
 def new generation   total 9792K, used 853K [0x00000000e0c00000, 0x00000000e16a0000, 0x00000000eb2a0000)
  eden space 8704K,   0% used [0x00000000e0c00000, 0x00000000e0c00000, 0x00000000e1480000)
  from space 1088K,  78% used [0x00000000e1590000, 0x00000000e1665460, 0x00000000e16a0000)
  to   space 1088K,   0% used [0x00000000e1480000, 0x00000000e1480000, 0x00000000e1590000)
 tenured generation   total 21888K, used 7811K [0x00000000eb2a0000, 0x00000000ec800000, 0x0000000100000000)
   the space 21888K,  35% used [0x00000000eb2a0000, 0x00000000eba40d20, 0x00000000eba40e00, 0x00000000ec800000)
 Metaspace       used 13921K, capacity 15503K, committed 15744K, reserved 1062912K
  class space    used 1611K, capacity 1833K, committed 1920K, reserved 1048576K
}
Event: 3.716 GC heap before
{Heap before GC invocations=13 (full 0):
 def new generation   total 9792K, used 9557K [0x00000000e0c00000, 0x00000000e16a0000, 0x00000000eb2a0000)
  eden space 8704K, 100% used [0x00000000e0c00000, 0x00000000e1480000, 0x00000000e1480000)
  from space 1088K,  78% used [0x00000000e1590000, 0x00000000e1665460, 0x00000000e16a0000)
  to   space 1088K,   0% used [0x00000000e1480000, 0x00000000e1480000, 0x00000000e1590000)
 tenured generation   total 21888K, used 7811K [0x00000000eb2a0000, 0x00000000ec800000, 0x0000000100000000)
   the space 21888K,  35% used [0x00000000eb2a0000, 0x00000000eba40d20, 0x00000000eba40e00, 0x00000000ec800000)
 Metaspace       used 14376K, capacity 15931K, committed 16256K, reserved 1062912K
  class space    used 1639K, capacity 1869K, committed 1920K, reserved 1048576K
}
Event: 3.720 GC heap after
{Heap after GC invocations=14 (full 0):
 def new generation   total 9792K, used 974K [0x00000000e0c00000, 0x00000000e16a0000, 0x00000000eb2a0000)
  eden space 8704K,   0% used [0x00000000e0c00000, 0x00000000e0c00000, 0x00000000e1480000)
  from space 1088K,  89% used [0x00000000e1480000, 0x00000000e1573858, 0x00000000e1590000)
  to   space 1088K,   0% used [0x00000000e1590000, 0x00000000e1590000, 0x00000000e16a0000)
 tenured generation   total 21888K, used 8190K [0x00000000eb2a0000, 0x00000000ec800000, 0x0000000100000000)
   the space 21888K,  37% used [0x00000000eb2a0000, 0x00000000eba9fb78, 0x00000000eba9fc00, 0x00000000ec800000)
 Metaspace       used 14376K, capacity 15931K, committed 16256K, reserved 1062912K
  class space    used 1639K, capacity 1869K, committed 1920K, reserved 1048576K
}
Event: 3.830 GC heap before
{Heap before GC invocations=14 (full 0):
 def new generation   total 9792K, used 9678K [0x00000000e0c00000, 0x00000000e16a0000, 0x00000000eb2a0000)
  eden space 8704K, 100% used [0x00000000e0c00000, 0x00000000e1480000, 0x00000000e1480000)
  from space 1088K,  89% used [0x00000000e1480000, 0x00000000e1573858, 0x00000000e1590000)
  to   space 1088K,   0% used [0x00000000e1590000, 0x00000000e1590000, 0x00000000e16a0000)
 tenured generation   total 21888K, used 8190K [0x00000000eb2a0000, 0x00000000ec800000, 0x0000000100000000)
   the space 21888K,  37% used [0x00000000eb2a0000, 0x00000000eba9fb78, 0x00000000eba9fc00, 0x00000000ec800000)
 Metaspace       used 14752K, capacity 16294K, committed 16512K, reserved 1064960K
  class space    used 1665K, capacity 1902K, committed 1920K, reserved 1048576K
}
Event: 3.835 GC heap after
{Heap after GC invocations=15 (full 0):
 def new generation   total 9792K, used 1009K [0x00000000e0c00000, 0x00000000e16a0000, 0x00000000eb2a0000)
  eden space 8704K,   0% used [0x00000000e0c00000, 0x00000000e0c00000, 0x00000000e1480000)
  from space 1088K,  92% used [0x00000000e1590000, 0x00000000e168c600, 0x00000000e16a0000)
  to   space 1088K,   0% used [0x00000000e1480000, 0x00000000e1480000, 0x00000000e1590000)
 tenured generation   total 21888K, used 8643K [0x00000000eb2a0000, 0x00000000ec800000, 0x0000000100000000)
   the space 21888K,  39% used [0x00000000eb2a0000, 0x00000000ebb10d90, 0x00000000ebb10e00, 0x00000000ec800000)
 Metaspace       used 14752K, capacity 16294K, committed 16512K, reserved 1064960K
  class space    used 1665K, capacity 1902K, committed 1920K, reserved 1048576K
}
Event: 4.067 GC heap before
{Heap before GC invocations=15 (full 0):
 def new generation   total 9792K, used 9713K [0x00000000e0c00000, 0x00000000e16a0000, 0x00000000eb2a0000)
  eden space 8704K, 100% used [0x00000000e0c00000, 0x00000000e1480000, 0x00000000e1480000)
  from space 1088K,  92% used [0x00000000e1590000, 0x00000000e168c600, 0x00000000e16a0000)
  to   space 1088K,   0% used [0x00000000e1480000, 0x00000000e1480000, 0x00000000e1590000)
 tenured generation   total 21888K, used 8643K [0x00000000eb2a0000, 0x00000000ec800000, 0x0000000100000000)
   the space 21888K,  39% used [0x00000000eb2a0000, 0x00000000ebb10d90, 0x00000000ebb10e00, 0x00000000ec800000)
 Metaspace       used 15444K, capacity 17010K, committed 17280K, reserved 1064960K
  class space    used 1787K, capacity 2078K, committed 2176K, reserved 1048576K
}
Event: 4.072 GC heap after
{Heap after GC invocations=16 (full 0):
 def new generation   total 9792K, used 997K [0x00000000e0c00000, 0x00000000e16a0000, 0x00000000eb2a0000)
  eden space 8704K,   0% used [0x00000000e0c00000, 0x00000000e0c00000, 0x00000000e1480000)
  from space 1088K,  91% used [0x00000000e1480000, 0x00000000e15795a8, 0x00000000e1590000)
  to   space 1088K,   0% used [0x00000000e1590000, 0x00000000e1590000, 0x00000000e16a0000)
 tenured generation   total 21888K, used 9140K [0x00000000eb2a0000, 0x00000000ec800000, 0x0000000100000000)
   the space 21888K,  41% used [0x00000000eb2a0000, 0x00000000ebb8d090, 0x00000000ebb8d200, 0x00000000ec800000)
 Metaspace       used 15444K, capacity 17010K, committed 17280K, reserved 1064960K
  class space    used 1787K, capacity 2078K, committed 2176K, reserved 1048576K
}
Event: 4.488 GC heap before
{Heap before GC invocations=16 (full 0):
 def new generation   total 9792K, used 9701K [0x00000000e0c00000, 0x00000000e16a0000, 0x00000000eb2a0000)
  eden space 8704K, 100% used [0x00000000e0c00000, 0x00000000e1480000, 0x00000000e1480000)
  from space 1088K,  91% used [0x00000000e1480000, 0x00000000e15795a8, 0x00000000e1590000)
  to   space 1088K,   0% used [0x00000000e1590000, 0x00000000e1590000, 0x00000000e16a0000)
 tenured generation   total 21888K, used 9140K [0x00000000eb2a0000, 0x00000000ec800000, 0x0000000100000000)
   the space 21888K,  41% used [0x00000000eb2a0000, 0x00000000ebb8d090, 0x00000000ebb8d200, 0x00000000ec800000)
 Metaspace       used 17247K, capacity 18278K, committed 18432K, reserved 1064960K
  class space    used 2007K, capacity 2268K, committed 2304K, reserved 1048576K
}
Event: 4.495 GC heap after
{Heap after GC invocations=17 (full 0):
 def new generation   total 9792K, used 1088K [0x00000000e0c00000, 0x00000000e16a0000, 0x00000000eb2a0000)
  eden space 8704K,   0% used [0x00000000e0c00000, 0x00000000e0c00000, 0x00000000e1480000)
  from space 1088K, 100% used [0x00000000e1590000, 0x00000000e16a0000, 0x00000000e16a0000)
  to   space 1088K,   0% used [0x00000000e1480000, 0x00000000e1480000, 0x00000000e1590000)
 tenured generation   total 21888K, used 9629K [0x00000000eb2a0000, 0x00000000ec800000, 0x0000000100000000)
   the space 21888K,  43% used [0x00000000eb2a0000, 0x00000000ebc076f0, 0x00000000ebc07800, 0x00000000ec800000)
 Metaspace       used 17247K, capacity 18278K, committed 18432K, reserved 1064960K
  class space    used 2007K, capacity 2268K, committed 2304K, reserved 1048576K
}
Event: 4.948 GC heap before
{Heap before GC invocations=17 (full 0):
 def new generation   total 9792K, used 9792K [0x00000000e0c00000, 0x00000000e16a0000, 0x00000000eb2a0000)
  eden space 8704K, 100% used [0x00000000e0c00000, 0x00000000e1480000, 0x00000000e1480000)
  from space 1088K, 100% used [0x00000000e1590000, 0x00000000e16a0000, 0x00000000e16a0000)
  to   space 1088K,   0% used [0x00000000e1480000, 0x00000000e1480000, 0x00000000e1590000)
 tenured generation   total 21888K, used 9629K [0x00000000eb2a0000, 0x00000000ec800000, 0x0000000100000000)
   the space 21888K,  43% used [0x00000000eb2a0000, 0x00000000ebc076f0, 0x00000000ebc07800, 0x00000000ec800000)
 Metaspace       used 17650K, capacity 18547K, committed 18688K, reserved 1064960K
  class space    used 2028K, capacity 2271K, committed 2304K, reserved 1048576K
}
Event: 4.960 GC heap after
{Heap after GC invocations=18 (full 0):
 def new generation   total 9792K, used 842K [0x00000000e0c00000, 0x00000000e16a0000, 0x00000000eb2a0000)
  eden space 8704K,   0% used [0x00000000e0c00000, 0x00000000e0c00000, 0x00000000e1480000)
  from space 1088K,  77% used [0x00000000e1480000, 0x00000000e1552978, 0x00000000e1590000)
  to   space 1088K,   0% used [0x00000000e1590000, 0x00000000e1590000, 0x00000000e16a0000)
 tenured generation   total 21888K, used 10675K [0x00000000eb2a0000, 0x00000000ec800000, 0x0000000100000000)
   the space 21888K,  48% used [0x00000000eb2a0000, 0x00000000ebd0cd90, 0x00000000ebd0ce00, 0x00000000ec800000)
 Metaspace       used 17650K, capacity 18547K, committed 18688K, reserved 1064960K
  class space    used 2028K, capacity 2271K, committed 2304K, reserved 1048576K
}
Event: 5.052 GC heap before
{Heap before GC invocations=18 (full 0):
 def new generation   total 9792K, used 9546K [0x00000000e0c00000, 0x00000000e16a0000, 0x00000000eb2a0000)
  eden space 8704K, 100% used [0x00000000e0c00000, 0x00000000e1480000, 0x00000000e1480000)
  from space 1088K,  77% used [0x00000000e1480000, 0x00000000e1552978, 0x00000000e1590000)
  to   space 1088K,   0% used [0x00000000e1590000, 0x00000000e1590000, 0x00000000e16a0000)
 tenured generation   total 21888K, used 10675K [0x00000000eb2a0000, 0x00000000ec800000, 0x0000000100000000)
   the space 21888K,  48% used [0x00000000eb2a0000, 0x00000000ebd0cd90, 0x00000000ebd0ce00, 0x00000000ec800000)
 Metaspace       used 17718K, capacity 18554K, committed 18688K, reserved 1064960K
  class space    used 2029K, capacity 2273K, committed 2304K, reserved 1048576K
}
Event: 5.057 GC heap after
{Heap after GC invocations=19 (full 0):
 def new generation   total 9792K, used 592K [0x00000000e0c00000, 0x00000000e16a0000, 0x00000000eb2a0000)
  eden space 8704K,   0% used [0x00000000e0c00000, 0x00000000e0c00000, 0x00000000e1480000)
  from space 1088K,  54% used [0x00000000e1590000, 0x00000000e16240f8, 0x00000000e16a0000)
  to   space 1088K,   0% used [0x00000000e1480000, 0x00000000e1480000, 0x00000000e1590000)
 tenured generation   total 21888K, used 11478K [0x00000000eb2a0000, 0x00000000ec800000, 0x0000000100000000)
   the space 21888K,  52% used [0x00000000eb2a0000, 0x00000000ebdd5938, 0x00000000ebdd5a00, 0x00000000ec800000)
 Metaspace       used 17718K, capacity 18554K, committed 18688K, reserved 1064960K
  class space    used 2029K, capacity 2273K, committed 2304K, reserved 1048576K
}
Event: 5.186 GC heap before
{Heap before GC invocations=19 (full 0):
 def new generation   total 9792K, used 9296K [0x00000000e0c00000, 0x00000000e16a0000, 0x00000000eb2a0000)
  eden space 8704K, 100% used [0x00000000e0c00000, 0x00000000e1480000, 0x00000000e1480000)
  from space 1088K,  54% used [0x00000000e1590000, 0x00000000e16240f8, 0x00000000e16a0000)
  to   space 1088K,   0% used [0x00000000e1480000, 0x00000000e1480000, 0x00000000e1590000)
 tenured generation   total 21888K, used 11478K [0x00000000eb2a0000, 0x00000000ec800000, 0x0000000100000000)
   the space 21888K,  52% used [0x00000000eb2a0000, 0x00000000ebdd5938, 0x00000000ebdd5a00, 0x00000000ec800000)
 Metaspace       used 17845K, capacity 18738K, committed 19072K, reserved 1067008K
  class space    used 2045K, capacity 2313K, committed 2432K, reserved 1048576K
}
Event: 5.190 GC heap after
{Heap after GC invocations=20 (full 0):
 def new generation   total 9792K, used 477K [0x00000000e0c00000, 0x00000000e16a0000, 0x00000000eb2a0000)
  eden space 8704K,   0% used [0x00000000e0c00000, 0x00000000e0c00000, 0x00000000e1480000)
  from space 1088K,  43% used [0x00000000e1480000, 0x00000000e14f76c8, 0x00000000e1590000)
  to   space 1088K,   0% used [0x00000000e1590000, 0x00000000e1590000, 0x00000000e16a0000)
 tenured generation   total 21888K, used 11922K [0x00000000eb2a0000, 0x00000000ec800000, 0x0000000100000000)
   the space 21888K,  54% used [0x00000000eb2a0000, 0x00000000ebe44938, 0x00000000ebe44a00, 0x00000000ec800000)
 Metaspace       used 17845K, capacity 18738K, committed 19072K, reserved 1067008K
  class space    used 2045K, capacity 2313K, committed 2432K, reserved 1048576K
}

Deoptimization events (20 events):
Event: 5.083 Thread 0x00007fae68014000 DEOPT PACKING pc=0x00007fae512b3d0e sp=0x00007fae72383e50
Event: 5.083 Thread 0x00007fae68014000 DEOPT UNPACKING pc=0x00007fae509381ba sp=0x00007fae723833c0 mode 0
Event: 5.091 Thread 0x00007fae68014000 DEOPT PACKING pc=0x00007fae51211eb0 sp=0x00007fae72384550
Event: 5.091 Thread 0x00007fae68014000 DEOPT UNPACKING pc=0x00007fae509381ba sp=0x00007fae72383a88 mode 0
Event: 5.115 Thread 0x00007fae68014000 DEOPT PACKING pc=0x00007fae512b3d0e sp=0x00007fae72384170
Event: 5.115 Thread 0x00007fae68014000 DEOPT UNPACKING pc=0x00007fae509381ba sp=0x00007fae723836e0 mode 0
Event: 5.126 Thread 0x00007fae68014000 DEOPT PACKING pc=0x00007fae512b3d0e sp=0x00007fae72383c80
Event: 5.126 Thread 0x00007fae68014000 DEOPT UNPACKING pc=0x00007fae509381ba sp=0x00007fae723831f0 mode 0
Event: 5.128 Thread 0x00007fae68014000 DEOPT PACKING pc=0x00007fae512b3d0e sp=0x00007fae72383f90
Event: 5.128 Thread 0x00007fae68014000 DEOPT UNPACKING pc=0x00007fae509381ba sp=0x00007fae72383500 mode 0
Event: 5.205 Thread 0x00007fae68014000 DEOPT PACKING pc=0x00007fae515f0494 sp=0x00007fae72384590
Event: 5.205 Thread 0x00007fae68014000 DEOPT UNPACKING pc=0x00007fae509381ba sp=0x00007fae72383b98 mode 0
Event: 5.210 Thread 0x00007fae68014000 DEOPT PACKING pc=0x00007fae51211eb0 sp=0x00007fae723847d0
Event: 5.210 Thread 0x00007fae68014000 DEOPT UNPACKING pc=0x00007fae509381ba sp=0x00007fae72383d08 mode 0
Event: 5.226 Thread 0x00007fae68014000 DEOPT PACKING pc=0x00007fae51211eb0 sp=0x00007fae72384800
Event: 5.226 Thread 0x00007fae68014000 DEOPT UNPACKING pc=0x00007fae509381ba sp=0x00007fae72383d38 mode 0
Event: 5.237 Thread 0x00007fae68014000 DEOPT PACKING pc=0x00007fae51211eb0 sp=0x00007fae723844c0
Event: 5.238 Thread 0x00007fae68014000 DEOPT UNPACKING pc=0x00007fae509381ba sp=0x00007fae723839f8 mode 0
Event: 5.274 Thread 0x00007fae68014000 DEOPT PACKING pc=0x00007fae51078b02 sp=0x00007fae72384710
Event: 5.274 Thread 0x00007fae68014000 DEOPT UNPACKING pc=0x00007fae509381ba sp=0x00007fae72383c28 mode 0

Classes redefined (0 events):
No events

Internal exceptions (17 events):
Event: 0.186 Thread 0x00007fae68014000 Exception <a 'java/lang/NoSuchMethodError'{0x00000000e0f1db30}: 'int java.lang.invoke.DirectMethodHandle$Holder.invokeSpecialIFC(java.lang.Object, java.lang.Object, int)'> (0x00000000e0f1db30) thrown at [/build/openjdk-11-11.0.6+10/src/hotspot/share/inter
Event: 1.957 Thread 0x00007fae68014000 Exception <a 'java/lang/NoClassDefFoundError'{0x00000000e0f77298}: com/google/inject/servlet/ServletModuleTargetVisitor> (0x00000000e0f77298) thrown at [/build/openjdk-11-11.0.6+10/src/hotspot/share/classfile/systemDictionary.cpp, line 220]
Event: 1.957 Thread 0x00007fae68014000 Exception <a 'java/lang/NoClassDefFoundError'{0x00000000e0f77298}> (0x00000000e0f77298) thrown at [/build/openjdk-11-11.0.6+10/src/hotspot/share/prims/jvm.cpp, line 1301]
Event: 1.957 Thread 0x00007fae68014000 Exception <a 'java/lang/NoClassDefFoundError'{0x00000000e0f79b28}: javax/annotation/Priority> (0x00000000e0f79b28) thrown at [/build/openjdk-11-11.0.6+10/src/hotspot/share/classfile/systemDictionary.cpp, line 220]
Event: 2.699 Thread 0x00007fae68014000 Implicit null exception at 0x00007fae5842cc05 to 0x00007fae5842cdde
Event: 2.699 Thread 0x00007fae68014000 Implicit null exception at 0x00007fae58463dcb to 0x00007fae58464276
Event: 4.144 Thread 0x00007fae68014000 Exception <a 'java/lang/NoSuchMethodError'{0x00000000e0d0c410}: 'java.lang.Object java.lang.invoke.DirectMethodHandle$Holder.invokeStatic(java.lang.Object, java.lang.Object, java.lang.Object, java.lang.Object, java.lang.Object, java.lang.Object, java.lang
Event: 4.145 Thread 0x00007fae68014000 Exception <a 'java/lang/NoSuchMethodError'{0x00000000e0d1a698}: 'java.lang.Object java.lang.invoke.DirectMethodHandle$Holder.invokeStatic(java.lang.Object, java.lang.Object, java.lang.Object, java.lang.Object, java.lang.Object, java.lang.Object, java.lang
Event: 4.147 Thread 0x00007fae68014000 Exception <a 'java/lang/NoSuchMethodError'{0x00000000e0d285b0}: 'java.lang.Object java.lang.invoke.DirectMethodHandle$Holder.invokeSpecial(java.lang.Object, java.lang.Object, int, int, java.lang.Object, java.lang.Object, java.lang.Object)'> (0x00000000e0d
Event: 4.148 Thread 0x00007fae68014000 Exception <a 'java/lang/NoSuchMethodError'{0x00000000e0d2bde8}: 'java.lang.Object java.lang.invoke.DelegatingMethodHandle$Holder.reinvoke_L(java.lang.Object, int, int, java.lang.Object, java.lang.Object, java.lang.Object)'> (0x00000000e0d2bde8) thrown at 
Event: 4.148 Thread 0x00007fae68014000 Exception <a 'java/lang/NoSuchMethodError'{0x00000000e0d30418}: 'java.lang.Object java.lang.invoke.DirectMethodHandle$Holder.invokeStatic(java.lang.Object, java.lang.Object, java.lang.Object, java.lang.Object, int)'> (0x00000000e0d30418) thrown at [/build
Event: 4.510 Thread 0x00007fae68014000 Exception <a 'java/lang/NoSuchMethodError'{0x00000000e0c671e8}: 'java.lang.Object java.lang.invoke.DirectMethodHandle$Holder.invokeStatic(java.lang.Object, int, java.lang.Object)'> (0x00000000e0c671e8) thrown at [/build/openjdk-11-11.0.6+10/src/hotspot/sh
Event: 5.352 Thread 0x00007fae68014000 Exception <a 'java/lang/NoSuchMethodError'{0x00000000e1174428}: 'java.lang.Object java.lang.invoke.DirectMethodHandle$Holder.invokeStaticInit(java.lang.Object, java.lang.Object, long, java.lang.Object)'> (0x00000000e1174428) thrown at [/build/openjdk-11-1
Event: 5.354 Thread 0x00007fae68014000 Exception <a 'java/lang/NoSuchMethodError'{0x00000000e1180588}: 'java.lang.Object java.lang.invoke.Invokers$Holder.linkToTargetMethod(java.lang.Object, long, java.lang.Object)'> (0x00000000e1180588) thrown at [/build/openjdk-11-11.0.6+10/src/hotspot/share
Event: 5.374 Thread 0x00007fae68014000 Exception <a 'java/lang/NoSuchMethodError'{0x00000000e11872d8}: 'java.lang.Object java.lang.invoke.DirectMethodHandle$Holder.invokeStatic(java.lang.Object, java.lang.Object, java.lang.Object, int)'> (0x00000000e11872d8) thrown at [/build/openjdk-11-11.0.6
Event: 5.375 Thread 0x00007fae68014000 Exception <a 'java/lang/NoSuchMethodError'{0x00000000e118aca0}: 'java.lang.Object java.lang.invoke.DirectMethodHandle$Holder.invokeSpecial(java.lang.Object, java.lang.Object, java.lang.Object, java.lang.Object, int)'> (0x00000000e118aca0) thrown at [/buil
Event: 5.377 Thread 0x00007fae68014000 Exception <a 'java/lang/NoSuchMethodError'{0x00000000e118dd08}: 'java.lang.Object java.lang.invoke.Invokers$Holder.linkToTargetMethod(java.lang.Object, java.lang.Object, int, java.lang.Object)'> (0x00000000e118dd08) thrown at [/build/openjdk-11-11.0.6+10/

Events (20 events):
Event: 5.396 loading class com/google/common/util/concurrent/TrustedListenableFutureTask$TrustedFutureInterruptibleAsyncTask
Event: 5.396 loading class com/google/common/util/concurrent/TrustedListenableFutureTask$TrustedFutureInterruptibleAsyncTask done
Event: 5.396 loading class com/google/common/util/concurrent/TrustedListenableFutureTask$TrustedFutureInterruptibleAsyncTask
Event: 5.396 loading class com/google/common/util/concurrent/TrustedListenableFutureTask$TrustedFutureInterruptibleAsyncTask done
Event: 5.397 loading class com/google/common/util/concurrent/InterruptibleTask$DoNothingRunnable
Event: 5.397 loading class com/google/common/util/concurrent/InterruptibleTask$DoNothingRunnable done
Event: 5.397 loading class com/google/common/util/concurrent/InterruptibleTask$DoNothingRunnable
Event: 5.397 loading class com/google/common/util/concurrent/InterruptibleTask$DoNothingRunnable done
Event: 5.407 Thread 0x00007fae69098000 Thread added: 0x00007fae69098000
Event: 5.407 loading class com/google/common/util/concurrent/AbstractFuture$SetFuture
Event: 5.407 loading class com/google/common/util/concurrent/AbstractFuture$SetFuture done
Event: 5.407 Protecting memory [0x00007fae503ff000,0x00007fae50403000] with protection modes 0
Event: 5.407 loading class com/google/common/util/concurrent/AbstractFuture$SetFuture
Event: 5.407 loading class com/google/common/util/concurrent/AbstractFuture$SetFuture done
Event: 5.408 loading class com/google/common/util/concurrent/DirectExecutor
Event: 5.408 loading class com/google/common/util/concurrent/DirectExecutor done
Event: 5.408 loading class com/google/common/util/concurrent/DirectExecutor
Event: 5.408 loading class com/google/common/util/concurrent/DirectExecutor done
Event: 5.430 Thread 0x00007fae6909c000 Thread added: 0x00007fae6909c000
Event: 5.430 Protecting memory [0x00007fae502fe000,0x00007fae50302000] with protection modes 0


Dynamic libraries:
e0c00000-e16a0000 rw-p 00000000 00:00 0 
e16a0000-eb2a0000 ---p 00000000 00:00 0 
eb2a0000-ec800000 rw-p 00000000 00:00 0 
ec800000-100000000 ---p 00000000 00:00 0 
800000000-800002000 rwxp 00001000 08:01 2118409                          /usr/lib/jvm/java-11-openjdk-amd64/lib/server/classes.jsa
800002000-8003b7000 rw-p 00003000 08:01 2118409                          /usr/lib/jvm/java-11-openjdk-amd64/lib/server/classes.jsa
8003b7000-800a8a000 r--p 003b8000 08:01 2118409                          /usr/lib/jvm/java-11-openjdk-amd64/lib/server/classes.jsa
800a8a000-800a8b000 rw-p 00a8b000 08:01 2118409                          /usr/lib/jvm/java-11-openjdk-amd64/lib/server/classes.jsa
800a8b000-801095000 r--p 00a8c000 08:01 2118409                          /usr/lib/jvm/java-11-openjdk-amd64/lib/server/classes.jsa
840000000-840260000 rw-p 00000000 00:00 0 
840260000-880000000 ---p 00000000 00:00 0 
55cc67f78000-55cc67f79000 r-xp 00000000 08:01 2118040                    /usr/lib/jvm/java-11-openjdk-amd64/bin/java
55cc68179000-55cc6817a000 r--p 00001000 08:01 2118040                    /usr/lib/jvm/java-11-openjdk-amd64/bin/java
55cc6817a000-55cc6817b000 rw-p 00002000 08:01 2118040                    /usr/lib/jvm/java-11-openjdk-amd64/bin/java
55cc69d8a000-55cc69dcc000 rw-p 00000000 00:00 0                          [heap]
7fae18000000-7fae18021000 rw-p 00000000 00:00 0 
7fae18021000-7fae1c000000 ---p 00000000 00:00 0 
7fae1c000000-7fae1c021000 rw-p 00000000 00:00 0 
7fae1c021000-7fae20000000 ---p 00000000 00:00 0 
7fae20000000-7fae20021000 rw-p 00000000 00:00 0 
7fae20021000-7fae24000000 ---p 00000000 00:00 0 
7fae24000000-7fae24021000 rw-p 00000000 00:00 0 
7fae24021000-7fae28000000 ---p 00000000 00:00 0 
7fae2c000000-7fae2c021000 rw-p 00000000 00:00 0 
7fae2c021000-7fae30000000 ---p 00000000 00:00 0 
7fae30000000-7fae30021000 rw-p 00000000 00:00 0 
7fae30021000-7fae34000000 ---p 00000000 00:00 0 
7fae34000000-7fae34afb000 rw-p 00000000 00:00 0 
7fae34afb000-7fae38000000 ---p 00000000 00:00 0 
7fae38000000-7fae38021000 rw-p 00000000 00:00 0 
7fae38021000-7fae3c000000 ---p 00000000 00:00 0 
7fae3c000000-7fae3c021000 rw-p 00000000 00:00 0 
7fae3c021000-7fae40000000 ---p 00000000 00:00 0 
7fae40000000-7fae413a9000 rw-p 00000000 00:00 0 
7fae413a9000-7fae44000000 ---p 00000000 00:00 0 
7fae44000000-7fae44021000 rw-p 00000000 00:00 0 
7fae44021000-7fae48000000 ---p 00000000 00:00 0 
7fae48000000-7fae48021000 rw-p 00000000 00:00 0 
7fae48021000-7fae4c000000 ---p 00000000 00:00 0 
7fae4c000000-7fae4c021000 rw-p 00000000 00:00 0 
7fae4c021000-7fae50000000 ---p 00000000 00:00 0 
7fae500f6000-7fae50176000 rw-p 00000000 00:00 0 
7fae50176000-7fae502f6000 ---p 00000000 00:00 0 
7fae502fe000-7fae50302000 ---p 00000000 00:00 0 
7fae50302000-7fae503ff000 rw-p 00000000 00:00 0 
7fae503ff000-7fae50403000 ---p 00000000 00:00 0 
7fae50403000-7fae50500000 rw-p 00000000 00:00 0 
7fae50710000-7fae50910000 rw-p 00000000 00:00 0 
7fae50910000-7fae50b80000 rwxp 00000000 00:00 0 
7fae50b80000-7fae50e9f000 ---p 00000000 00:00 0 
7fae50e9f000-7fae5162f000 rwxp 00000000 00:00 0 
7fae5162f000-7fae583d7000 ---p 00000000 00:00 0 
7fae583d7000-7fae58647000 rwxp 00000000 00:00 0 
7fae58647000-7fae5f910000 ---p 00000000 00:00 0 
7fae5f910000-7fae68000000 r--s 00000000 08:01 2118399                    /usr/lib/jvm/java-11-openjdk-amd64/lib/modules
7fae68000000-7fae690a6000 rw-p 00000000 00:00 0 
7fae690a6000-7fae6c000000 ---p 00000000 00:00 0 
7fae6c06d000-7fae6c071000 ---p 00000000 00:00 0 
7fae6c071000-7fae6c28f000 rw-p 00000000 00:00 0 
7fae6c28f000-7fae6c48f000 rw-p 00000000 00:00 0 
7fae6c48f000-7fae6c68f000 rw-p 00000000 00:00 0 
7fae6c68f000-7fae6c691000 r-xp 00000000 08:01 1843038                    /lib/x86_64-linux-gnu/libutil-2.24.so
7fae6c691000-7fae6c890000 ---p 00002000 08:01 1843038                    /lib/x86_64-linux-gnu/libutil-2.24.so
7fae6c890000-7fae6c891000 r--p 00001000 08:01 1843038                    /lib/x86_64-linux-gnu/libutil-2.24.so
7fae6c891000-7fae6c892000 rw-p 00002000 08:01 1843038                    /lib/x86_64-linux-gnu/libutil-2.24.so
7fae6c892000-7fae6c895000 r-xp 00000000 08:01 1993728                    /opt/maven/lib/jansi-native/linux64/libjansi.so
7fae6c895000-7fae6ca94000 ---p 00003000 08:01 1993728                    /opt/maven/lib/jansi-native/linux64/libjansi.so
7fae6ca94000-7fae6ca95000 rw-p 00002000 08:01 1993728                    /opt/maven/lib/jansi-native/linux64/libjansi.so
7fae6ca95000-7fae6cac6000 rw-p 00000000 00:00 0 
7fae6cac6000-7fae6cadc000 r-xp 00000000 08:01 2118388                    /usr/lib/jvm/java-11-openjdk-amd64/lib/libnet.so
7fae6cadc000-7fae6ccdb000 ---p 00016000 08:01 2118388                    /usr/lib/jvm/java-11-openjdk-amd64/lib/libnet.so
7fae6ccdb000-7fae6ccdc000 r--p 00015000 08:01 2118388                    /usr/lib/jvm/java-11-openjdk-amd64/lib/libnet.so
7fae6ccdc000-7fae6ccdd000 rw-p 00016000 08:01 2118388                    /usr/lib/jvm/java-11-openjdk-amd64/lib/libnet.so
7fae6ccdd000-7fae6cced000 r-xp 00000000 08:01 2118389                    /usr/lib/jvm/java-11-openjdk-amd64/lib/libnio.so
7fae6cced000-7fae6ceec000 ---p 00010000 08:01 2118389                    /usr/lib/jvm/java-11-openjdk-amd64/lib/libnio.so
7fae6ceec000-7fae6ceed000 r--p 0000f000 08:01 2118389                    /usr/lib/jvm/java-11-openjdk-amd64/lib/libnio.so
7fae6ceed000-7fae6ceee000 rw-p 00010000 08:01 2118389                    /usr/lib/jvm/java-11-openjdk-amd64/lib/libnio.so
7fae6ceee000-7fae6cef2000 ---p 00000000 00:00 0 
7fae6cef2000-7fae6cfef000 rw-p 00000000 00:00 0 
7fae6cfef000-7fae6cff0000 ---p 00000000 00:00 0 
7fae6cff0000-7fae6d0f1000 rw-p 00000000 00:00 0 
7fae6d0f1000-7fae6d0f5000 ---p 00000000 00:00 0 
7fae6d0f5000-7fae6d1f2000 rw-p 00000000 00:00 0 
7fae6d1f2000-7fae6d1f6000 ---p 00000000 00:00 0 
7fae6d1f6000-7fae6d2f3000 rw-p 00000000 00:00 0 
7fae6d2f3000-7fae6d2f7000 ---p 00000000 00:00 0 
7fae6d2f7000-7fae6d3f4000 rw-p 00000000 00:00 0 
7fae6d3f4000-7fae6d3f8000 ---p 00000000 00:00 0 
7fae6d3f8000-7fae6d4f5000 rw-p 00000000 00:00 0 
7fae6d4f5000-7fae6d4f9000 ---p 00000000 00:00 0 
7fae6d4f9000-7fae6d5f6000 rw-p 00000000 00:00 0 
7fae6d5f6000-7fae6d791000 r--p 00000000 08:01 1850658                    /usr/lib/locale/locale-archive
7fae6d791000-7fae6d795000 ---p 00000000 00:00 0 
7fae6d795000-7fae6d892000 rw-p 00000000 00:00 0 
7fae6d892000-7fae6d896000 ---p 00000000 00:00 0 
7fae6d896000-7fae6d993000 rw-p 00000000 00:00 0 
7fae6d993000-7fae6d994000 ---p 00000000 00:00 0 
7fae6d994000-7fae6e399000 rw-p 00000000 00:00 0 
7fae6e399000-7fae6e3c0000 rw-p 00000000 00:00 0 
7fae6e3c0000-7fae6e40d000 ---p 00000000 00:00 0 
7fae6e40d000-7fae6e418000 rw-p 00000000 00:00 0 
7fae6e418000-7fae6e4b4000 ---p 00000000 00:00 0 
7fae6e4b4000-7fae6e4ba000 rw-p 00000000 00:00 0 
7fae6e4ba000-7fae6e5a0000 ---p 00000000 00:00 0 
7fae6e5a0000-7fae6e5b0000 rw-p 00000000 00:00 0 
7fae6e5b0000-7fae6e68b000 ---p 00000000 00:00 0 
7fae6e68b000-7fae6e690000 r-xp 00000000 08:01 2118380                    /usr/lib/jvm/java-11-openjdk-amd64/lib/libjimage.so
7fae6e690000-7fae6e88f000 ---p 00005000 08:01 2118380                    /usr/lib/jvm/java-11-openjdk-amd64/lib/libjimage.so
7fae6e88f000-7fae6e890000 r--p 00004000 08:01 2118380                    /usr/lib/jvm/java-11-openjdk-amd64/lib/libjimage.so
7fae6e890000-7fae6e891000 rw-p 00005000 08:01 2118380                    /usr/lib/jvm/java-11-openjdk-amd64/lib/libjimage.so
7fae6e891000-7fae6e898000 r-xp 00000000 08:01 2118398                    /usr/lib/jvm/java-11-openjdk-amd64/lib/libzip.so
7fae6e898000-7fae6ea97000 ---p 00007000 08:01 2118398                    /usr/lib/jvm/java-11-openjdk-amd64/lib/libzip.so
7fae6ea97000-7fae6ea98000 r--p 00006000 08:01 2118398                    /usr/lib/jvm/java-11-openjdk-amd64/lib/libzip.so
7fae6ea98000-7fae6ea99000 rw-p 00007000 08:01 2118398                    /usr/lib/jvm/java-11-openjdk-amd64/lib/libzip.so
7fae6ea99000-7fae6eaa3000 r-xp 00000000 08:01 1843001                    /lib/x86_64-linux-gnu/libnss_files-2.24.so
7fae6eaa3000-7fae6eca3000 ---p 0000a000 08:01 1843001                    /lib/x86_64-linux-gnu/libnss_files-2.24.so
7fae6eca3000-7fae6eca4000 r--p 0000a000 08:01 1843001                    /lib/x86_64-linux-gnu/libnss_files-2.24.so
7fae6eca4000-7fae6eca5000 rw-p 0000b000 08:01 1843001                    /lib/x86_64-linux-gnu/libnss_files-2.24.so
7fae6eca5000-7fae6ecab000 rw-p 00000000 00:00 0 
7fae6ecab000-7fae6ecb6000 r-xp 00000000 08:01 1843005                    /lib/x86_64-linux-gnu/libnss_nis-2.24.so
7fae6ecb6000-7fae6eeb5000 ---p 0000b000 08:01 1843005                    /lib/x86_64-linux-gnu/libnss_nis-2.24.so
7fae6eeb5000-7fae6eeb6000 r--p 0000a000 08:01 1843005                    /lib/x86_64-linux-gnu/libnss_nis-2.24.so
7fae6eeb6000-7fae6eeb7000 rw-p 0000b000 08:01 1843005                    /lib/x86_64-linux-gnu/libnss_nis-2.24.so
7fae6eeb7000-7fae6eecb000 r-xp 00000000 08:01 1842995                    /lib/x86_64-linux-gnu/libnsl-2.24.so
7fae6eecb000-7fae6f0cb000 ---p 00014000 08:01 1842995                    /lib/x86_64-linux-gnu/libnsl-2.24.so
7fae6f0cb000-7fae6f0cc000 r--p 00014000 08:01 1842995                    /lib/x86_64-linux-gnu/libnsl-2.24.so
7fae6f0cc000-7fae6f0cd000 rw-p 00015000 08:01 1842995                    /lib/x86_64-linux-gnu/libnsl-2.24.so
7fae6f0cd000-7fae6f0cf000 rw-p 00000000 00:00 0 
7fae6f0cf000-7fae6f0d6000 r-xp 00000000 08:01 1842997                    /lib/x86_64-linux-gnu/libnss_compat-2.24.so
7fae6f0d6000-7fae6f2d5000 ---p 00007000 08:01 1842997                    /lib/x86_64-linux-gnu/libnss_compat-2.24.so
7fae6f2d5000-7fae6f2d6000 r--p 00006000 08:01 1842997                    /lib/x86_64-linux-gnu/libnss_compat-2.24.so
7fae6f2d6000-7fae6f2d7000 rw-p 00007000 08:01 1842997                    /lib/x86_64-linux-gnu/libnss_compat-2.24.so
7fae6f2d7000-7fae6f300000 r-xp 00000000 08:01 2118376                    /usr/lib/jvm/java-11-openjdk-amd64/lib/libjava.so
7fae6f300000-7fae6f4ff000 ---p 00029000 08:01 2118376                    /usr/lib/jvm/java-11-openjdk-amd64/lib/libjava.so
7fae6f4ff000-7fae6f500000 r--p 00028000 08:01 2118376                    /usr/lib/jvm/java-11-openjdk-amd64/lib/libjava.so
7fae6f500000-7fae6f502000 rw-p 00029000 08:01 2118376                    /usr/lib/jvm/java-11-openjdk-amd64/lib/libjava.so
7fae6f502000-7fae6f50f000 r-xp 00000000 08:01 2118397                    /usr/lib/jvm/java-11-openjdk-amd64/lib/libverify.so
7fae6f50f000-7fae6f70e000 ---p 0000d000 08:01 2118397                    /usr/lib/jvm/java-11-openjdk-amd64/lib/libverify.so
7fae6f70e000-7fae6f710000 r--p 0000c000 08:01 2118397                    /usr/lib/jvm/java-11-openjdk-amd64/lib/libverify.so
7fae6f710000-7fae6f711000 rw-p 0000e000 08:01 2118397                    /usr/lib/jvm/java-11-openjdk-amd64/lib/libverify.so
7fae6f711000-7fae6f718000 r-xp 00000000 08:01 1843022                    /lib/x86_64-linux-gnu/librt-2.24.so
7fae6f718000-7fae6f917000 ---p 00007000 08:01 1843022                    /lib/x86_64-linux-gnu/librt-2.24.so
7fae6f917000-7fae6f918000 r--p 00006000 08:01 1843022                    /lib/x86_64-linux-gnu/librt-2.24.so
7fae6f918000-7fae6f919000 rw-p 00007000 08:01 1843022                    /lib/x86_64-linux-gnu/librt-2.24.so
7fae6f919000-7fae6f92f000 r-xp 00000000 08:01 1842975                    /lib/x86_64-linux-gnu/libgcc_s.so.1
7fae6f92f000-7fae6fb2e000 ---p 00016000 08:01 1842975                    /lib/x86_64-linux-gnu/libgcc_s.so.1
7fae6fb2e000-7fae6fb2f000 r--p 00015000 08:01 1842975                    /lib/x86_64-linux-gnu/libgcc_s.so.1
7fae6fb2f000-7fae6fb30000 rw-p 00016000 08:01 1842975                    /lib/x86_64-linux-gnu/libgcc_s.so.1
7fae6fb30000-7fae6fc33000 r-xp 00000000 08:01 1842984                    /lib/x86_64-linux-gnu/libm-2.24.so
7fae6fc33000-7fae6fe32000 ---p 00103000 08:01 1842984                    /lib/x86_64-linux-gnu/libm-2.24.so
7fae6fe32000-7fae6fe33000 r--p 00102000 08:01 1842984                    /lib/x86_64-linux-gnu/libm-2.24.so
7fae6fe33000-7fae6fe34000 rw-p 00103000 08:01 1842984                    /lib/x86_64-linux-gnu/libm-2.24.so
7fae6fe34000-7fae6ffa6000 r-xp 00000000 08:01 1843740                    /usr/lib/x86_64-linux-gnu/libstdc++.so.6.0.22
7fae6ffa6000-7fae701a6000 ---p 00172000 08:01 1843740                    /usr/lib/x86_64-linux-gnu/libstdc++.so.6.0.22
7fae701a6000-7fae701b0000 r--p 00172000 08:01 1843740                    /usr/lib/x86_64-linux-gnu/libstdc++.so.6.0.22
7fae701b0000-7fae701b2000 rw-p 0017c000 08:01 1843740                    /usr/lib/x86_64-linux-gnu/libstdc++.so.6.0.22
7fae701b2000-7fae701b6000 rw-p 00000000 00:00 0 
7fae701b6000-7fae7123e000 r-xp 00000000 08:01 2118411                    /usr/lib/jvm/java-11-openjdk-amd64/lib/server/libjvm.so
7fae7123e000-7fae7143d000 ---p 01088000 08:01 2118411                    /usr/lib/jvm/java-11-openjdk-amd64/lib/server/libjvm.so
7fae7143d000-7fae714fa000 r--p 01087000 08:01 2118411                    /usr/lib/jvm/java-11-openjdk-amd64/lib/server/libjvm.so
7fae714fa000-7fae71534000 rw-p 01144000 08:01 2118411                    /usr/lib/jvm/java-11-openjdk-amd64/lib/server/libjvm.so
7fae71534000-7fae7158a000 rw-p 00000000 00:00 0 
7fae7158a000-7fae7171f000 r-xp 00000000 08:01 1842955                    /lib/x86_64-linux-gnu/libc-2.24.so
7fae7171f000-7fae7191f000 ---p 00195000 08:01 1842955                    /lib/x86_64-linux-gnu/libc-2.24.so
7fae7191f000-7fae71923000 r--p 00195000 08:01 1842955                    /lib/x86_64-linux-gnu/libc-2.24.so
7fae71923000-7fae71925000 rw-p 00199000 08:01 1842955                    /lib/x86_64-linux-gnu/libc-2.24.so
7fae71925000-7fae71929000 rw-p 00000000 00:00 0 
7fae71929000-7fae7192c000 r-xp 00000000 08:01 1842967                    /lib/x86_64-linux-gnu/libdl-2.24.so
7fae7192c000-7fae71b2b000 ---p 00003000 08:01 1842967                    /lib/x86_64-linux-gnu/libdl-2.24.so
7fae71b2b000-7fae71b2c000 r--p 00002000 08:01 1842967                    /lib/x86_64-linux-gnu/libdl-2.24.so
7fae71b2c000-7fae71b2d000 rw-p 00003000 08:01 1842967                    /lib/x86_64-linux-gnu/libdl-2.24.so
7fae71b2d000-7fae71b3c000 r-xp 00000000 08:01 2118358                    /usr/lib/jvm/java-11-openjdk-amd64/lib/jli/libjli.so
7fae71b3c000-7fae71d3b000 ---p 0000f000 08:01 2118358                    /usr/lib/jvm/java-11-openjdk-amd64/lib/jli/libjli.so
7fae71d3b000-7fae71d3c000 r--p 0000e000 08:01 2118358                    /usr/lib/jvm/java-11-openjdk-amd64/lib/jli/libjli.so
7fae71d3c000-7fae71d3d000 rw-p 0000f000 08:01 2118358                    /usr/lib/jvm/java-11-openjdk-amd64/lib/jli/libjli.so
7fae71d3d000-7fae71d55000 r-xp 00000000 08:01 1843018                    /lib/x86_64-linux-gnu/libpthread-2.24.so
7fae71d55000-7fae71f54000 ---p 00018000 08:01 1843018                    /lib/x86_64-linux-gnu/libpthread-2.24.so
7fae71f54000-7fae71f55000 r--p 00017000 08:01 1843018                    /lib/x86_64-linux-gnu/libpthread-2.24.so
7fae71f55000-7fae71f56000 rw-p 00018000 08:01 1843018                    /lib/x86_64-linux-gnu/libpthread-2.24.so
7fae71f56000-7fae71f5a000 rw-p 00000000 00:00 0 
7fae71f5a000-7fae71f73000 r-xp 00000000 08:01 1843043                    /lib/x86_64-linux-gnu/libz.so.1.2.8
7fae71f73000-7fae72172000 ---p 00019000 08:01 1843043                    /lib/x86_64-linux-gnu/libz.so.1.2.8
7fae72172000-7fae72173000 r--p 00018000 08:01 1843043                    /lib/x86_64-linux-gnu/libz.so.1.2.8
7fae72173000-7fae72174000 rw-p 00019000 08:01 1843043                    /lib/x86_64-linux-gnu/libz.so.1.2.8
7fae72174000-7fae72197000 r-xp 00000000 08:01 1842937                    /lib/x86_64-linux-gnu/ld-2.24.so
7fae721b1000-7fae721dd000 rw-p 00000000 00:00 0 
7fae721dd000-7fae72279000 ---p 00000000 00:00 0 
7fae72279000-7fae7227e000 rw-p 00000000 00:00 0 
7fae7227e000-7fae72285000 ---p 00000000 00:00 0 
7fae72285000-7fae72287000 r--s 00007000 08:01 2379129                    /usr/share/java/java-atk-wrapper.jar
7fae72287000-7fae7228b000 ---p 00000000 00:00 0 
7fae7228b000-7fae7238c000 rw-p 00000000 00:00 0 
7fae7238d000-7fae72395000 rw-s 00000000 08:01 411604                     /tmp/hsperfdata_tanzachary/4923
7fae72395000-7fae72396000 ---p 00000000 00:00 0 
7fae72396000-7fae72397000 r--p 00000000 00:00 0 
7fae72397000-7fae72398000 r--p 00023000 08:01 1842937                    /lib/x86_64-linux-gnu/ld-2.24.so
7fae72398000-7fae72399000 rw-p 00024000 08:01 1842937                    /lib/x86_64-linux-gnu/ld-2.24.so
7fae72399000-7fae7239a000 rw-p 00000000 00:00 0 
7ffde122b000-7ffde124c000 rw-p 00000000 00:00 0                          [stack]
7ffde12d9000-7ffde12dc000 r--p 00000000 00:00 0                          [vvar]
7ffde12dc000-7ffde12de000 r-xp 00000000 00:00 0                          [vdso]
ffffffffff600000-ffffffffff601000 r-xp 00000000 00:00 0                  [vsyscall]


VM Arguments:
jvm_args: -Dclassworlds.conf=/opt/maven/bin/m2.conf -Dmaven.home=/opt/maven -Dlibrary.jansi.path=/opt/maven/lib/jansi-native -Dmaven.multiModuleProjectDirectory=/home/tanzachary/step/portfolio 
java_command: org.codehaus.plexus.classworlds.launcher.Launcher package appengine:run
java_class_path (initial): /opt/maven/boot/plexus-classworlds-2.6.0.jar
Launcher Type: SUN_STANDARD

[Global flags]
     intx CICompilerCount                          = 2                                         {product} {ergonomic}
   size_t InitialHeapSize                          = 33554432                                  {product} {ergonomic}
   size_t MaxHeapSize                              = 524288000                                 {product} {ergonomic}
   size_t MaxNewSize                               = 174718976                                 {product} {ergonomic}
   size_t MinHeapDeltaBytes                        = 196608                                    {product} {ergonomic}
   size_t NewSize                                  = 11141120                                  {product} {ergonomic}
    uintx NonNMethodCodeHeapSize                   = 5825164                                {pd product} {ergonomic}
    uintx NonProfiledCodeHeapSize                  = 122916538                              {pd product} {ergonomic}
   size_t OldSize                                  = 22413312                                  {product} {ergonomic}
    uintx ProfiledCodeHeapSize                     = 122916538                              {pd product} {ergonomic}
    uintx ReservedCodeCacheSize                    = 251658240                              {pd product} {ergonomic}
     bool SegmentedCodeCache                       = true                                      {product} {ergonomic}
     bool UseCompressedClassPointers               = true                                 {lp64_product} {ergonomic}
     bool UseCompressedOops                        = true                                 {lp64_product} {ergonomic}
     bool UseSerialGC                              = true                                      {product} {ergonomic}

Logging:
Log output configuration:
 #0: stdout all=warning uptime,level,tags
 #1: stderr all=off uptime,level,tags

Environment Variables:
JAVA_HOME=/usr/lib/jvm/java-11-openjdk-amd64
PATH=/home/tanzachary/step/portfolio/node_modules/.bin:/home/tanzachary/gopath/bin:/google/gopath/bin:/home/tanzachary/.gems/bin:/usr/local/go/bin:/opt/gradle/bin:/opt/maven/bin:/usr/local/sbin:/usr/local/bin:/usr/sbin:/usr/bin:/sbin:/bin:/usr/local/nvm/versions/node/v10.14.2/bin:/google/go_appengine:/google/google_appengine:/google/migrate/anthos/
SHELL=/bin/bash

Signal Handlers:
SIGSEGV: [libjvm.so+0xd9bff0], sa_mask[0]=11111111011111111101111111111110, sa_flags=SA_RESTART|SA_SIGINFO
SIGBUS: [libjvm.so+0xd9bff0], sa_mask[0]=11111111011111111101111111111110, sa_flags=SA_RESTART|SA_SIGINFO
SIGFPE: [libjvm.so+0xd9bff0], sa_mask[0]=11111111011111111101111111111110, sa_flags=SA_RESTART|SA_SIGINFO
SIGPIPE: [libjvm.so+0xb8fcf0], sa_mask[0]=11111111011111111101111111111110, sa_flags=SA_RESTART|SA_SIGINFO
SIGXFSZ: [libjvm.so+0xb8fcf0], sa_mask[0]=11111111011111111101111111111110, sa_flags=SA_RESTART|SA_SIGINFO
SIGILL: [libjvm.so+0xd9bff0], sa_mask[0]=11111111011111111101111111111110, sa_flags=SA_RESTART|SA_SIGINFO
SIGUSR2: [libjvm.so+0xb8fb90], sa_mask[0]=00000000000000000000000000000000, sa_flags=SA_RESTART|SA_SIGINFO
SIGHUP: [libjvm.so+0xb8fef0], sa_mask[0]=11111111011111111101111111111110, sa_flags=SA_RESTART|SA_SIGINFO
SIGINT: [libjvm.so+0xb8fef0], sa_mask[0]=11111111011111111101111111111110, sa_flags=SA_RESTART|SA_SIGINFO
SIGTERM: [libjvm.so+0xb8fef0], sa_mask[0]=11111111011111111101111111111110, sa_flags=SA_RESTART|SA_SIGINFO
SIGQUIT: [libjvm.so+0xb8fef0], sa_mask[0]=11111111011111111101111111111110, sa_flags=SA_RESTART|SA_SIGINFO


---------------  S Y S T E M  ---------------

OS:PRETTY_NAME="Debian GNU/Linux 9 (stretch)"
NAME="Debian GNU/Linux"
VERSION_ID="9"
VERSION="9 (stretch)"
VERSION_CODENAME=stretch
ID=debian
HOME_URL="https://www.debian.org/"
SUPPORT_URL="https://www.debian.org/support"
BUG_REPORT_URL="https://bugs.debian.org/"
uname:Linux 4.19.112+ #1 SMP Wed May 6 00:27:44 PDT 2020 x86_64
libc:glibc 2.24 NPTL 2.24 
rlimit: STACK 8192k, CORE infinity, NPROC infinity, NOFILE 1048576, AS infinity, DATA infinity, FSIZE infinity
load average:2.91 1.55 1.00

/proc/meminfo:
MemTotal:        2043884 kB
MemFree:          147740 kB
MemAvailable:     858468 kB
Buffers:           73780 kB
Cached:           656140 kB
SwapCached:          740 kB
Active:           849952 kB
Inactive:         732564 kB
Active(anon):     421640 kB
Inactive(anon):   408524 kB
Active(file):     428312 kB
Inactive(file):   324040 kB
Unevictable:           0 kB
Mlocked:               0 kB
SwapTotal:        786428 kB
SwapFree:         699388 kB
Dirty:               944 kB
Writeback:             0 kB
AnonPages:        851904 kB
Mapped:           392340 kB
Shmem:               820 kB
Slab:             197292 kB
SReclaimable:     146016 kB
SUnreclaim:        51276 kB
KernelStack:        8048 kB
PageTables:        13492 kB
NFS_Unstable:          0 kB
Bounce:                0 kB
WritebackTmp:          0 kB
CommitLimit:     1808368 kB
Committed_AS:    5122988 kB
VmallocTotal:   34359738367 kB
VmallocUsed:           0 kB
VmallocChunk:          0 kB
Percpu:              968 kB
AnonHugePages:      2048 kB
ShmemHugePages:        0 kB
ShmemPmdMapped:        0 kB
HugePages_Total:       0
HugePages_Free:        0
HugePages_Rsvd:        0
HugePages_Surp:        0
Hugepagesize:       2048 kB
Hugetlb:               0 kB
DirectMap4k:       85180 kB
DirectMap2M:     2011136 kB
DirectMap1G:           0 kB


/proc/sys/kernel/threads-max (system-wide limit on the number of threads):
15631


/proc/sys/vm/max_map_count (maximum number of memory map areas a process may have):
65530


/proc/sys/kernel/pid_max (system-wide limit on number of process identifiers):
4194304



container (cgroup) information:
container_type: cgroupv1
cpu_cpuset_cpus: 0-1
cpu_memory_nodes: 0
active_processor_count: 1
cpu_quota: -1
cpu_period: 100000
cpu_shares: 2
memory_limit_in_bytes: -1
memory_and_swap_limit_in_bytes: -1
memory_soft_limit_in_bytes: -1
memory_usage_in_bytes: 578158592
memory_max_usage_in_bytes: 684109824

KVM virtualization detected
Steal ticks since vm start: 0
Steal ticks percentage since vm start:  0.000

CPU:total 2 (initial active 1) (1 cores per cpu, 2 threads per core) family 6 model 63 stepping 0, cmov, cx8, fxsr, mmx, sse, sse2, sse3, ssse3, sse4.1, sse4.2, popcnt, avx, avx2, aes, clmul, erms, lzcnt, ht, tsc, tscinvbit, bmi1, bmi2, fma
CPU Model and flags from /proc/cpuinfo:
model name	: Intel(R) Xeon(R) CPU @ 2.30GHz
flags		: fpu vme de pse tsc msr pae mce cx8 apic sep mtrr pge mca cmov pat pse36 clflush mmx fxsr sse sse2 ss ht syscall nx pdpe1gb rdtscp lm constant_tsc rep_good nopl xtopology nonstop_tsc cpuid tsc_known_freq pni pclmulqdq ssse3 fma cx16 pcid sse4_1 sse4_2 x2apic movbe popcnt aes xsave avx f16c rdrand hypervisor lahf_lm abm invpcid_single pti ssbd ibrs ibpb stibp fsgsbase tsc_adjust bmi1 avx2 smep bmi2 erms invpcid xsaveopt arat md_clear arch_capabilities

Memory: 4k page, physical 2043884k(148496k free), swap 786428k(699388k free)

vm_info: OpenJDK 64-Bit Server VM (11.0.6+10-post-Debian-1bpo91) for linux-amd64 JRE (11.0.6+10-post-Debian-1bpo91), built on Feb  1 2020 09:07:43 by "unknown" with gcc 6.3.0 20170516

END.
