#
# A fatal error has been detected by the Java Runtime Environment:
#
#  SIGSEGV (0xb) at pc=0x00007f30f4847bc0, pid=4099, tid=4099
#
# JRE version: OpenJDK Runtime Environment (11.0.6+10) (build 11.0.6+10-post-Debian-1bpo91)
# Java VM: OpenJDK 64-Bit Server VM (11.0.6+10-post-Debian-1bpo91, mixed mode, sharing, tiered, compressed oops, serial gc, linux-amd64)
# Problematic frame:
# V  [libjvm.so+0xb8fbc0]
#
# Core dump will be written. Default location: Core dumps may be processed with "/sbin/crash_reporter --user=%P:%s:%u:%g:%e" (or dumping to /home/tanzachary/step/portfolio/core.4099)
#
# If you would like to submit a bug report, please visit:
#   https://bugs.debian.org/openjdk-11
#

---------------  S U M M A R Y ------------

Command Line: -Dclassworlds.conf=/opt/maven/bin/m2.conf -Dmaven.home=/opt/maven -Dlibrary.jansi.path=/opt/maven/lib/jansi-native -Dmaven.multiModuleProjectDirectory=/home/tanzachary/step/portfolio org.codehaus.plexus.classworlds.launcher.Launcher package appengine:run

Host: Intel(R) Xeon(R) CPU @ 2.30GHz, 2 cores, 1G, Debian GNU/Linux 9 (stretch)
Time: Thu May 28 17:41:47 2020 EDT elapsed time: 78 seconds (0d 0h 1m 18s)

---------------  T H R E A D  ---------------

Current thread is native thread

Stack: [0x00007fff963b1000,0x00007fff96baf000],  sp=0x00007fff96ba9e00,  free space=8163k
Native frames: (J=compiled Java code, A=aot compiled Java code, j=interpreted, Vv=VM code, C=native code)
V  [libjvm.so+0xb8fbc0]
C  [libpthread.so.0+0x110e0]


siginfo: si_signo: 11 (SIGSEGV), si_code: 1 (SEGV_MAPERR), si_addr: 0x00000000000000d0

Register to memory mapping:

RAX=0x0 is NULL
RBX=
[error occurred during error reporting (printing register info), id 0xb, SIGSEGV (0xb) at pc=0x00007f30f49ee9e7]

Registers:
RAX=0x0000000000000000, RBX=0x00007f30f5e8ae18, RCX=0x00007f30f58476dd, RDX=0x0000000000000000
RSP=0x00007fff96ba9e00, RBP=0x00007fff96ba9eb0, RSI=0x00007fff96ba9ff0, RDI=0x0000000000000001
R8 =0x00000000000000ca, R9 =0x00007f30f5e899d0, R10=0x0000000000000000, R11=0x0000000000000246
R12=0x0000000000000000, R13=0x00007fff96ba9ff0, R14=0x00007fff96ba9ec0, R15=0x00007f30f5e89d28
RIP=0x00007f30f4847bc0, EFLAGS=0x0000000000010246, CSGSFS=0x002b000000000033, ERR=0x0000000000000004
  TRAPNO=0x000000000000000e

Top of Stack: (sp=0x00007fff96ba9e00)
0x00007fff96ba9e00:   0000000001e5cb59 00007f30f509d038
0x00007fff96ba9e10:   00007fff96ba9f30 00007f30f508fd90
0x00007fff96ba9e20:   00007fff96ba9e54 00007fff96ba9f20
0x00007fff96ba9e30:   0000564373455c70 000000000000000b 

Instructions: (pc=0x00007f30f4847bc0)
0x00007f30f4847ac0:   c0 74 03 c6 00 00 4c 89 f7 4c 89 fa 48 89 de e8
0x00007f30f4847ad0:   dc db 6d ff 4c 89 e7 e8 24 df 6d ff 48 81 c4 08
0x00007f30f4847ae0:   01 00 00 5b 41 5c 41 5d 41 5e 41 5f 5d c3 4c 89
0x00007f30f4847af0:   e2 be 00 01 00 00 48 89 df e8 92 e1 6d ff 48 85
0x00007f30f4847b00:   c0 74 ae 48 8d 35 b1 46 2f 00 48 89 df e8 5e df
0x00007f30f4847b10:   6d ff 48 85 c0 74 41 66 0f 1f 84 00 00 00 00 00
0x00007f30f4847b20:   be 22 00 00 00 48 89 df e8 d3 df 6d ff 48 85 c0
0x00007f30f4847b30:   74 46 48 8d 58 01 be 22 00 00 00 48 89 df e8 bd
0x00007f30f4847b40:   df 6d ff 48 85 c0 0f 85 77 ff ff ff e9 75 ff ff
0x00007f30f4847b50:   ff 0f 1f 80 00 00 00 00 48 8d 35 71 46 2f 00 48
0x00007f30f4847b60:   89 df e8 09 df 6d ff 48 85 c0 0f 84 41 ff ff ff
0x00007f30f4847b70:   eb ae 66 0f 1f 44 00 00 48 89 df be 3d 00 00 00
0x00007f30f4847b80:   e8 7b df 6d ff 48 8d 58 01 e9 23 ff ff ff 66 90
0x00007f30f4847b90:   55 48 89 e5 41 57 41 56 41 55 41 54 49 89 d6 53
0x00007f30f4847ba0:   49 89 f5 48 81 ec 88 00 00 00 e8 81 e6 6d ff 48
0x00007f30f4847bb0:   89 c3 44 8b 20 e8 26 58 1a 00 31 d2 84 c0 75 38
0x00007f30f4847bc0:   48 83 ba d0 00 00 00 00 74 16 4c 8b ba 68 02 00
0x00007f30f4847bd0:   00 41 8b 87 a8 00 00 00 83 f8 01 74 2b 44 89 23
0x00007f30f4847be0:   48 81 c4 88 00 00 00 5b 41 5c 41 5d 41 5e 41 5f
0x00007f30f4847bf0:   5d c3 66 0f 1f 44 00 00 e8 f3 57 1a 00 48 89 c2
0x00007f30f4847c00:   eb be 66 0f 1f 44 00 00 4d 89 af b0 00 00 00 4d
0x00007f30f4847c10:   8d af a8 00 00 00 4d 89 b7 b8 00 00 00 ba 02 00
0x00007f30f4847c20:   00 00 be 01 00 00 00 4c 89 ef e8 01 cb ff ff 83
0x00007f30f4847c30:   f8 02 74 3c 85 c0 75 18 49 c7 87 b8 00 00 00 00
0x00007f30f4847c40:   00 00 00 49 c7 87 b0 00 00 00 00 00 00 00 eb 8d
0x00007f30f4847c50:   48 8d 05 51 96 7b 00 48 8d 3d 7a 4e 2f 00 be 64
0x00007f30f4847c60:   11 00 00 48 8b 00 c6 00 58 e8 22 16 ab ff eb c8
0x00007f30f4847c70:   4c 8d b5 50 ff ff ff 4c 89 f7 e8 11 e2 6d ff 4c
0x00007f30f4847c80:   89 f2 31 f6 31 ff e8 15 e3 6d ff 8b 35 ff 37 7d
0x00007f30f4847c90:   00 4c 89 f7 e8 c7 de 6d ff 48 8d 3d 60 73 81 00
0x00007f30f4847ca0:   be 01 00 00 00 e8 a6 bc 0c 00 66 0f 1f 44 00 00
0x00007f30f4847cb0:   4c 89 f7 e8 d8 e5 6d ff 31 d2 be 03 00 00 00 4c 


Stack slot to memory mapping:
stack at sp + 0 slots: 
[error occurred during error reporting (inspecting top of stack), id 0xb, SIGSEGV (0xb) at pc=0x00007f30f49ee9e7]


---------------  P R O C E S S  ---------------

VM state:not at safepoint (normal execution)

VM Mutex/Monitor currently owned by a thread: None

Heap address: 0x00000000e0c00000, size: 500 MB, Compressed Oops mode: 32-bit
Narrow klass base: 0x0000000800000000, Narrow klass shift: 3
Compressed class space size: 1073741824 Address: 0x0000000840000000

Heap:
 def new generation   total 10304K, used 2212K [0x00000000e0c00000, 0x00000000e1720000, 0x00000000eb2a0000)
  eden space 9216K,  24% used [0x00000000e0c00000, 0x00000000e0e29228, 0x00000000e1500000)
  from space 1088K,   0% used [0x00000000e1500000, 0x00000000e1500000, 0x00000000e1610000)
  to   space 1088K,   0% used [0x00000000e1610000, 0x00000000e1610000, 0x00000000e1720000)
 tenured generation   total 22764K, used 13657K [0x00000000eb2a0000, 0x00000000ec8db000, 0x0000000100000000)
   the space 22764K,  59% used [0x00000000eb2a0000, 0x00000000ebff6720, 0x00000000ebff6800, 0x00000000ec8db000)
 Metaspace       used 20915K, capacity 21630K, committed 21808K, reserved 1069056K
  class space    used 2414K, capacity 2664K, committed 2688K, reserved 1048576K

Card table byte_map: [0x00007f30f1ebc000,0x00007f30f1fb7000] _byte_map_base: 0x00007f30f17b6000

Polling page: 0x00007f30f5e97000

Metaspace:

Usage:
  Non-class:     18.52 MB capacity,    18.07 MB ( 98%) used,   427.56 KB (  2%) free+waste,    37.31 KB ( <1%) overhead. 
      Class:      2.60 MB capacity,     2.36 MB ( 91%) used,   231.22 KB (  9%) free+waste,    18.00 KB ( <1%) overhead. 
       Both:     21.12 MB capacity,    20.43 MB ( 97%) used,   658.78 KB (  3%) free+waste,    55.31 KB ( <1%) overhead. 

Virtual space:
  Non-class space:       20.00 MB reserved,      18.67 MB ( 93%) committed 
      Class space:        1.00 GB reserved,       2.62 MB ( <1%) committed 
             Both:        1.02 GB reserved,      21.30 MB (  2%) committed 

Chunk freelists:
   Non-Class:  42.00 KB
       Class:  0 bytes
        Both:  42.00 KB

MaxMetaspaceSize: unlimited
CompressedClassSpaceSize: 1.00 GB

CodeHeap 'non-profiled nmethods': size=120036Kb used=1570Kb max_used=1570Kb free=118465Kb
 bounds [0x00007f30dc3d7000, 0x00007f30dc647000, 0x00007f30e3910000]
CodeHeap 'profiled nmethods': size=120032Kb used=8369Kb max_used=8369Kb free=111662Kb
 bounds [0x00007f30d4e9f000, 0x00007f30d56cf000, 0x00007f30dc3d7000]
CodeHeap 'non-nmethods': size=5692Kb used=1147Kb max_used=1181Kb free=4544Kb
 bounds [0x00007f30d4910000, 0x00007f30d4b80000, 0x00007f30d4e9f000]
 total_blobs=5236 nmethods=4030 adapters=398
 compilation: enabled
              stopped_count=0, restarted_count=0
 full_count=0

Compilation events (20 events):
Event: 11.638 Thread 0x00007f30ec059800 4041       4       java.nio.CharBuffer::charAt (16 bytes)
Event: 11.640 Thread 0x00007f30ec05b800 4043       3       java.lang.String::getBytes (44 bytes)
Event: 11.640 Thread 0x00007f30ec05b800 nmethod 4043 0x00007f30d56c8010 code [0x00007f30d56c8200, 0x00007f30d56c8598]
Event: 11.640 Thread 0x00007f30ec05b800 4039       3       java.lang.AbstractStringBuilder::append (45 bytes)
Event: 11.642 Thread 0x00007f30ec05b800 nmethod 4039 0x00007f30d56c8710 code [0x00007f30d56c8940, 0x00007f30d56c8ed8]
Event: 11.642 Thread 0x00007f30ec05b800 4042       3       java.util.regex.Pattern$$Lambda$2/0x0000000840065c40::is (9 bytes)
Event: 11.642 Thread 0x00007f30ec05b800 nmethod 4042 0x00007f30d56c9110 code [0x00007f30d56c92e0, 0x00007f30d56c9590]
Event: 11.642 Thread 0x00007f30ec05b800 4040       3       java.lang.String::getChars (54 bytes)
Event: 11.643 Thread 0x00007f30ec05b800 nmethod 4040 0x00007f30d56c9690 code [0x00007f30d56c98a0, 0x00007f30d56c9dd8]
Event: 11.644 Thread 0x00007f30ec059800 nmethod 4041 0x00007f30dc55d890 code [0x00007f30dc55da20, 0x00007f30dc55db58]
Event: 11.644 Thread 0x00007f30ec059800 4044       4       java.nio.ByteBuffer::flip (7 bytes)
Event: 11.644 Thread 0x00007f30ec059800 nmethod 4044 0x00007f30dc55dd10 code [0x00007f30dc55dea0, 0x00007f30dc55df38]
Event: 11.861 Thread 0x00007f30ec05b800 4045       3       java.util.regex.Matcher::end (22 bytes)
Event: 11.861 Thread 0x00007f30ec05b800 nmethod 4045 0x00007f30d56ca010 code [0x00007f30d56ca1e0, 0x00007f30d56ca488]
Event: 12.847 Thread 0x00007f30ec059800 4046   !   4       java.nio.charset.CharsetEncoder::encode (285 bytes)
Event: 12.858 Thread 0x00007f30ec059800 nmethod 4046 0x00007f30dc55df90 code [0x00007f30dc55e160, 0x00007f30dc55e488]
Event: 12.858 Thread 0x00007f30ec059800 4048       4       java.io.PrintStream::ensureOpen (18 bytes)
Event: 12.858 Thread 0x00007f30ec059800 nmethod 4048 0x00007f30dc55e890 code [0x00007f30dc55ea20, 0x00007f30dc55eab8]
Event: 12.858 Thread 0x00007f30ec059800 4047       4       sun.nio.cs.UTF_8$Encoder::encodeLoop (28 bytes)
Event: 12.860 Thread 0x00007f30ec059800 nmethod 4047 0x00007f30dc55eb90 code [0x00007f30dc55ed40, 0x00007f30dc55ee88]

GC Heap History (20 events):
Event: 3.463 GC heap before
{Heap before GC invocations=12 (full 0):
 def new generation   total 9792K, used 9591K [0x00000000e0c00000, 0x00000000e16a0000, 0x00000000eb2a0000)
  eden space 8704K, 100% used [0x00000000e0c00000, 0x00000000e1480000, 0x00000000e1480000)
  from space 1088K,  81% used [0x00000000e1480000, 0x00000000e155dc08, 0x00000000e1590000)
  to   space 1088K,   0% used [0x00000000e1590000, 0x00000000e1590000, 0x00000000e16a0000)
 tenured generation   total 21888K, used 7405K [0x00000000eb2a0000, 0x00000000ec800000, 0x0000000100000000)
   the space 21888K,  33% used [0x00000000eb2a0000, 0x00000000eb9db600, 0x00000000eb9db600, 0x00000000ec800000)
 Metaspace       used 14033K, capacity 15569K, committed 15744K, reserved 1062912K
  class space    used 1613K, capacity 1835K, committed 1920K, reserved 1048576K
}
Event: 3.467 GC heap after
{Heap after GC invocations=13 (full 0):
 def new generation   total 9792K, used 919K [0x00000000e0c00000, 0x00000000e16a0000, 0x00000000eb2a0000)
  eden space 8704K,   0% used [0x00000000e0c00000, 0x00000000e0c00000, 0x00000000e1480000)
  from space 1088K,  84% used [0x00000000e1590000, 0x00000000e1675e08, 0x00000000e16a0000)
  to   space 1088K,   0% used [0x00000000e1480000, 0x00000000e1480000, 0x00000000e1590000)
 tenured generation   total 21888K, used 7824K [0x00000000eb2a0000, 0x00000000ec800000, 0x0000000100000000)
   the space 21888K,  35% used [0x00000000eb2a0000, 0x00000000eba440b0, 0x00000000eba44200, 0x00000000ec800000)
 Metaspace       used 14033K, capacity 15569K, committed 15744K, reserved 1062912K
  class space    used 1613K, capacity 1835K, committed 1920K, reserved 1048576K
}
Event: 3.706 GC heap before
{Heap before GC invocations=13 (full 0):
 def new generation   total 9792K, used 9623K [0x00000000e0c00000, 0x00000000e16a0000, 0x00000000eb2a0000)
  eden space 8704K, 100% used [0x00000000e0c00000, 0x00000000e1480000, 0x00000000e1480000)
  from space 1088K,  84% used [0x00000000e1590000, 0x00000000e1675e08, 0x00000000e16a0000)
  to   space 1088K,   0% used [0x00000000e1480000, 0x00000000e1480000, 0x00000000e1590000)
 tenured generation   total 21888K, used 7824K [0x00000000eb2a0000, 0x00000000ec800000, 0x0000000100000000)
   the space 21888K,  35% used [0x00000000eb2a0000, 0x00000000eba440b0, 0x00000000eba44200, 0x00000000ec800000)
 Metaspace       used 14512K, capacity 16099K, committed 16256K, reserved 1062912K
  class space    used 1645K, capacity 1901K, committed 1920K, reserved 1048576K
}
Event: 3.712 GC heap after
{Heap after GC invocations=14 (full 0):
 def new generation   total 9792K, used 1011K [0x00000000e0c00000, 0x00000000e16a0000, 0x00000000eb2a0000)
  eden space 8704K,   0% used [0x00000000e0c00000, 0x00000000e0c00000, 0x00000000e1480000)
  from space 1088K,  93% used [0x00000000e1480000, 0x00000000e157cfe0, 0x00000000e1590000)
  to   space 1088K,   0% used [0x00000000e1590000, 0x00000000e1590000, 0x00000000e16a0000)
 tenured generation   total 21888K, used 8205K [0x00000000eb2a0000, 0x00000000ec800000, 0x0000000100000000)
   the space 21888K,  37% used [0x00000000eb2a0000, 0x00000000ebaa36a8, 0x00000000ebaa3800, 0x00000000ec800000)
 Metaspace       used 14512K, capacity 16099K, committed 16256K, reserved 1062912K
  class space    used 1645K, capacity 1901K, committed 1920K, reserved 1048576K
}
Event: 3.888 GC heap before
{Heap before GC invocations=14 (full 0):
 def new generation   total 9792K, used 9715K [0x00000000e0c00000, 0x00000000e16a0000, 0x00000000eb2a0000)
  eden space 8704K, 100% used [0x00000000e0c00000, 0x00000000e1480000, 0x00000000e1480000)
  from space 1088K,  93% used [0x00000000e1480000, 0x00000000e157cfe0, 0x00000000e1590000)
  to   space 1088K,   0% used [0x00000000e1590000, 0x00000000e1590000, 0x00000000e16a0000)
 tenured generation   total 21888K, used 8205K [0x00000000eb2a0000, 0x00000000ec800000, 0x0000000100000000)
   the space 21888K,  37% used [0x00000000eb2a0000, 0x00000000ebaa36a8, 0x00000000ebaa3800, 0x00000000ec800000)
 Metaspace       used 14845K, capacity 16372K, committed 16512K, reserved 1064960K
  class space    used 1665K, capacity 1904K, committed 1920K, reserved 1048576K
}
Event: 3.893 GC heap after
{Heap after GC invocations=15 (full 0):
 def new generation   total 9792K, used 950K [0x00000000e0c00000, 0x00000000e16a0000, 0x00000000eb2a0000)
  eden space 8704K,   0% used [0x00000000e0c00000, 0x00000000e0c00000, 0x00000000e1480000)
  from space 1088K,  87% used [0x00000000e1590000, 0x00000000e167daf0, 0x00000000e16a0000)
  to   space 1088K,   0% used [0x00000000e1480000, 0x00000000e1480000, 0x00000000e1590000)
 tenured generation   total 21888K, used 8721K [0x00000000eb2a0000, 0x00000000ec800000, 0x0000000100000000)
   the space 21888K,  39% used [0x00000000eb2a0000, 0x00000000ebb245c0, 0x00000000ebb24600, 0x00000000ec800000)
 Metaspace       used 14845K, capacity 16372K, committed 16512K, reserved 1064960K
  class space    used 1665K, capacity 1904K, committed 1920K, reserved 1048576K
}
Event: 4.107 GC heap before
{Heap before GC invocations=15 (full 0):
 def new generation   total 9792K, used 9654K [0x00000000e0c00000, 0x00000000e16a0000, 0x00000000eb2a0000)
  eden space 8704K, 100% used [0x00000000e0c00000, 0x00000000e1480000, 0x00000000e1480000)
  from space 1088K,  87% used [0x00000000e1590000, 0x00000000e167daf0, 0x00000000e16a0000)
  to   space 1088K,   0% used [0x00000000e1480000, 0x00000000e1480000, 0x00000000e1590000)
 tenured generation   total 21888K, used 8721K [0x00000000eb2a0000, 0x00000000ec800000, 0x0000000100000000)
   the space 21888K,  39% used [0x00000000eb2a0000, 0x00000000ebb245c0, 0x00000000ebb24600, 0x00000000ec800000)
 Metaspace       used 15653K, capacity 17170K, committed 17280K, reserved 1064960K
  class space    used 1803K, capacity 2110K, committed 2176K, reserved 1048576K
}
Event: 4.111 GC heap after
{Heap after GC invocations=16 (full 0):
 def new generation   total 9792K, used 904K [0x00000000e0c00000, 0x00000000e16a0000, 0x00000000eb2a0000)
  eden space 8704K,   0% used [0x00000000e0c00000, 0x00000000e0c00000, 0x00000000e1480000)
  from space 1088K,  83% used [0x00000000e1480000, 0x00000000e1562270, 0x00000000e1590000)
  to   space 1088K,   0% used [0x00000000e1590000, 0x00000000e1590000, 0x00000000e16a0000)
 tenured generation   total 21888K, used 9186K [0x00000000eb2a0000, 0x00000000ec800000, 0x0000000100000000)
   the space 21888K,  41% used [0x00000000eb2a0000, 0x00000000ebb98950, 0x00000000ebb98a00, 0x00000000ec800000)
 Metaspace       used 15653K, capacity 17170K, committed 17280K, reserved 1064960K
  class space    used 1803K, capacity 2110K, committed 2176K, reserved 1048576K
}
Event: 4.776 GC heap before
{Heap before GC invocations=16 (full 0):
 def new generation   total 9792K, used 9608K [0x00000000e0c00000, 0x00000000e16a0000, 0x00000000eb2a0000)
  eden space 8704K, 100% used [0x00000000e0c00000, 0x00000000e1480000, 0x00000000e1480000)
  from space 1088K,  83% used [0x00000000e1480000, 0x00000000e1562270, 0x00000000e1590000)
  to   space 1088K,   0% used [0x00000000e1590000, 0x00000000e1590000, 0x00000000e16a0000)
 tenured generation   total 21888K, used 9186K [0x00000000eb2a0000, 0x00000000ec800000, 0x0000000100000000)
   the space 21888K,  41% used [0x00000000eb2a0000, 0x00000000ebb98950, 0x00000000ebb98a00, 0x00000000ec800000)
 Metaspace       used 17503K, capacity 18417K, committed 18688K, reserved 1064960K
  class space    used 2024K, capacity 2271K, committed 2304K, reserved 1048576K
}
Event: 4.784 GC heap after
{Heap after GC invocations=17 (full 0):
 def new generation   total 9792K, used 1088K [0x00000000e0c00000, 0x00000000e16a0000, 0x00000000eb2a0000)
  eden space 8704K,   0% used [0x00000000e0c00000, 0x00000000e0c00000, 0x00000000e1480000)
  from space 1088K, 100% used [0x00000000e1590000, 0x00000000e16a0000, 0x00000000e16a0000)
  to   space 1088K,   0% used [0x00000000e1480000, 0x00000000e1480000, 0x00000000e1590000)
 tenured generation   total 21888K, used 9876K [0x00000000eb2a0000, 0x00000000ec800000, 0x0000000100000000)
   the space 21888K,  45% used [0x00000000eb2a0000, 0x00000000ebc45300, 0x00000000ebc45400, 0x00000000ec800000)
 Metaspace       used 17503K, capacity 18417K, committed 18688K, reserved 1064960K
  class space    used 2024K, capacity 2271K, committed 2304K, reserved 1048576K
}
Event: 5.064 GC heap before
{Heap before GC invocations=17 (full 0):
 def new generation   total 9792K, used 9792K [0x00000000e0c00000, 0x00000000e16a0000, 0x00000000eb2a0000)
  eden space 8704K, 100% used [0x00000000e0c00000, 0x00000000e1480000, 0x00000000e1480000)
  from space 1088K, 100% used [0x00000000e1590000, 0x00000000e16a0000, 0x00000000e16a0000)
  to   space 1088K,   0% used [0x00000000e1480000, 0x00000000e1480000, 0x00000000e1590000)
 tenured generation   total 21888K, used 9876K [0x00000000eb2a0000, 0x00000000ec800000, 0x0000000100000000)
   the space 21888K,  45% used [0x00000000eb2a0000, 0x00000000ebc45300, 0x00000000ebc45400, 0x00000000ec800000)
 Metaspace       used 17738K, capacity 18547K, committed 18688K, reserved 1064960K
  class space    used 2028K, capacity 2271K, committed 2304K, reserved 1048576K
}
Event: 5.070 GC heap after
{Heap after GC invocations=18 (full 0):
 def new generation   total 9792K, used 728K [0x00000000e0c00000, 0x00000000e16a0000, 0x00000000eb2a0000)
  eden space 8704K,   0% used [0x00000000e0c00000, 0x00000000e0c00000, 0x00000000e1480000)
  from space 1088K,  66% used [0x00000000e1480000, 0x00000000e15363b8, 0x00000000e1590000)
  to   space 1088K,   0% used [0x00000000e1590000, 0x00000000e1590000, 0x00000000e16a0000)
 tenured generation   total 21888K, used 10936K [0x00000000eb2a0000, 0x00000000ec800000, 0x0000000100000000)
   the space 21888K,  49% used [0x00000000eb2a0000, 0x00000000ebd4e2b8, 0x00000000ebd4e400, 0x00000000ec800000)
 Metaspace       used 17738K, capacity 18547K, committed 18688K, reserved 1064960K
  class space    used 2028K, capacity 2271K, committed 2304K, reserved 1048576K
}
Event: 5.135 GC heap before
{Heap before GC invocations=18 (full 0):
 def new generation   total 9792K, used 9432K [0x00000000e0c00000, 0x00000000e16a0000, 0x00000000eb2a0000)
  eden space 8704K, 100% used [0x00000000e0c00000, 0x00000000e1480000, 0x00000000e1480000)
  from space 1088K,  66% used [0x00000000e1480000, 0x00000000e15363b8, 0x00000000e1590000)
  to   space 1088K,   0% used [0x00000000e1590000, 0x00000000e1590000, 0x00000000e16a0000)
 tenured generation   total 21888K, used 10936K [0x00000000eb2a0000, 0x00000000ec800000, 0x0000000100000000)
   the space 21888K,  49% used [0x00000000eb2a0000, 0x00000000ebd4e2b8, 0x00000000ebd4e400, 0x00000000ec800000)
 Metaspace       used 17788K, capacity 18618K, committed 18688K, reserved 1064960K
  class space    used 2029K, capacity 2273K, committed 2304K, reserved 1048576K
}
Event: 5.138 GC heap after
{Heap after GC invocations=19 (full 0):
 def new generation   total 9792K, used 482K [0x00000000e0c00000, 0x00000000e16a0000, 0x00000000eb2a0000)
  eden space 8704K,   0% used [0x00000000e0c00000, 0x00000000e0c00000, 0x00000000e1480000)
  from space 1088K,  44% used [0x00000000e1590000, 0x00000000e1608ad8, 0x00000000e16a0000)
  to   space 1088K,   0% used [0x00000000e1480000, 0x00000000e1480000, 0x00000000e1590000)
 tenured generation   total 21888K, used 11511K [0x00000000eb2a0000, 0x00000000ec800000, 0x0000000100000000)
   the space 21888K,  52% used [0x00000000eb2a0000, 0x00000000ebdddea0, 0x00000000ebdde000, 0x00000000ec800000)
 Metaspace       used 17788K, capacity 18618K, committed 18688K, reserved 1064960K
  class space    used 2029K, capacity 2273K, committed 2304K, reserved 1048576K
}
Event: 5.299 GC heap before
{Heap before GC invocations=19 (full 0):
 def new generation   total 9792K, used 9010K [0x00000000e0c00000, 0x00000000e16a0000, 0x00000000eb2a0000)
  eden space 8704K,  97% used [0x00000000e0c00000, 0x00000000e14540d0, 0x00000000e1480000)
  from space 1088K,  44% used [0x00000000e1590000, 0x00000000e1608ad8, 0x00000000e16a0000)
  to   space 1088K,   0% used [0x00000000e1480000, 0x00000000e1480000, 0x00000000e1590000)
 tenured generation   total 21888K, used 11511K [0x00000000eb2a0000, 0x00000000ec800000, 0x0000000100000000)
   the space 21888K,  52% used [0x00000000eb2a0000, 0x00000000ebdddea0, 0x00000000ebdde000, 0x00000000ec800000)
 Metaspace       used 17941K, capacity 18802K, committed 19072K, reserved 1067008K
  class space    used 2045K, capacity 2313K, committed 2432K, reserved 1048576K
}
Event: 5.301 GC heap after
{Heap after GC invocations=20 (full 0):
 def new generation   total 9792K, used 908K [0x00000000e0c00000, 0x00000000e16a0000, 0x00000000eb2a0000)
  eden space 8704K,   0% used [0x00000000e0c00000, 0x00000000e0c00000, 0x00000000e1480000)
  from space 1088K,  83% used [0x00000000e1480000, 0x00000000e1563278, 0x00000000e1590000)
  to   space 1088K,   0% used [0x00000000e1590000, 0x00000000e1590000, 0x00000000e16a0000)
 tenured generation   total 21888K, used 11511K [0x00000000eb2a0000, 0x00000000ec800000, 0x0000000100000000)
   the space 21888K,  52% used [0x00000000eb2a0000, 0x00000000ebdddea0, 0x00000000ebdde000, 0x00000000ec800000)
 Metaspace       used 17941K, capacity 18802K, committed 19072K, reserved 1067008K
  class space    used 2045K, capacity 2313K, committed 2432K, reserved 1048576K
}
Event: 6.166 GC heap before
{Heap before GC invocations=20 (full 0):
 def new generation   total 9792K, used 9612K [0x00000000e0c00000, 0x00000000e16a0000, 0x00000000eb2a0000)
  eden space 8704K, 100% used [0x00000000e0c00000, 0x00000000e1480000, 0x00000000e1480000)
  from space 1088K,  83% used [0x00000000e1480000, 0x00000000e1563278, 0x00000000e1590000)
  to   space 1088K,   0% used [0x00000000e1590000, 0x00000000e1590000, 0x00000000e16a0000)
 tenured generation   total 21888K, used 11511K [0x00000000eb2a0000, 0x00000000ec800000, 0x0000000100000000)
   the space 21888K,  52% used [0x00000000eb2a0000, 0x00000000ebdddea0, 0x00000000ebdde000, 0x00000000ec800000)
 Metaspace       used 19138K, capacity 19838K, committed 19968K, reserved 1067008K
  class space    used 2215K, capacity 2465K, committed 2560K, reserved 1048576K
}
Event: 6.171 GC heap after
{Heap after GC invocations=21 (full 0):
 def new generation   total 9792K, used 1088K [0x00000000e0c00000, 0x00000000e16a0000, 0x00000000eb2a0000)
  eden space 8704K,   0% used [0x00000000e0c00000, 0x00000000e0c00000, 0x00000000e1480000)
  from space 1088K, 100% used [0x00000000e1590000, 0x00000000e16a0000, 0x00000000e16a0000)
  to   space 1088K,   0% used [0x00000000e1480000, 0x00000000e1480000, 0x00000000e1590000)
 tenured generation   total 21888K, used 12318K [0x00000000eb2a0000, 0x00000000ec800000, 0x0000000100000000)
   the space 21888K,  56% used [0x00000000eb2a0000, 0x00000000ebea7910, 0x00000000ebea7a00, 0x00000000ec800000)
 Metaspace       used 19138K, capacity 19838K, committed 19968K, reserved 1067008K
  class space    used 2215K, capacity 2465K, committed 2560K, reserved 1048576K
}
Event: 6.839 GC heap before
{Heap before GC invocations=21 (full 0):
 def new generation   total 9792K, used 2687K [0x00000000e0c00000, 0x00000000e16a0000, 0x00000000eb2a0000)
  eden space 8704K,  18% used [0x00000000e0c00000, 0x00000000e0d8fed0, 0x00000000e1480000)
  from space 1088K, 100% used [0x00000000e1590000, 0x00000000e16a0000, 0x00000000e16a0000)
  to   space 1088K,   0% used [0x00000000e1480000, 0x00000000e1480000, 0x00000000e1590000)
 tenured generation   total 21888K, used 12318K [0x00000000eb2a0000, 0x00000000ec800000, 0x0000000100000000)
   the space 21888K,  56% used [0x00000000eb2a0000, 0x00000000ebea7910, 0x00000000ebea7a00, 0x00000000ec800000)
 Metaspace       used 20495K, capacity 21129K, committed 21296K, reserved 1069056K
  class space    used 2357K, capacity 2602K, committed 2688K, reserved 1048576K
}
Event: 6.881 GC heap after
{Heap after GC invocations=22 (full 1):
 def new generation   total 10304K, used 0K [0x00000000e0c00000, 0x00000000e1720000, 0x00000000eb2a0000)
  eden space 9216K,   0% used [0x00000000e0c00000, 0x00000000e0c00000, 0x00000000e1500000)
  from space 1088K,   0% used [0x00000000e1500000, 0x00000000e1500000, 0x00000000e1610000)
  to   space 1088K,   0% used [0x00000000e1610000, 0x00000000e1610000, 0x00000000e1720000)
 tenured generation   total 22764K, used 13657K [0x00000000eb2a0000, 0x00000000ec8db000, 0x0000000100000000)
   the space 22764K,  59% used [0x00000000eb2a0000, 0x00000000ebff6720, 0x00000000ebff6800, 0x00000000ec8db000)
 Metaspace       used 20495K, capacity 21129K, committed 21296K, reserved 1069056K
  class space    used 2357K, capacity 2602K, committed 2688K, reserved 1048576K
}

Deoptimization events (20 events):
Event: 7.278 Thread 0x00007f30ecece800 Uncommon trap: trap_request=0xffffffc6 fr.pc=0x00007f30dc4e1470 relative=0x0000000000000210
Event: 7.278 Thread 0x00007f30ecece800 Uncommon trap: reason=bimorphic_or_optimized_type_check action=maybe_recompile pc=0x00007f30dc4e1470 method=java.util.regex.Pattern$BmpCharProperty.match(Ljava/util/regex/Matcher;ILjava/lang/CharSequence;)Z @ 14 c2
Event: 7.278 Thread 0x00007f30ecece800 DEOPT PACKING pc=0x00007f30dc4e1470 sp=0x00007f30f016d520
Event: 7.278 Thread 0x00007f30ecece800 DEOPT UNPACKING pc=0x00007f30d49383a5 sp=0x00007f30f016d4d0 mode 2
Event: 7.282 Thread 0x00007f30ecece800 Uncommon trap: trap_request=0xffffffc6 fr.pc=0x00007f30dc53f60c relative=0x00000000000000cc
Event: 7.282 Thread 0x00007f30ecece800 Uncommon trap: reason=bimorphic_or_optimized_type_check action=maybe_recompile pc=0x00007f30dc53f60c method=java.lang.Character.codePointBefore(Ljava/lang/CharSequence;I)I @ 5 c2
Event: 7.282 Thread 0x00007f30ecece800 DEOPT PACKING pc=0x00007f30dc53f60c sp=0x00007f30f016d5e0
Event: 7.282 Thread 0x00007f30ecece800 DEOPT UNPACKING pc=0x00007f30d49383a5 sp=0x00007f30f016d598 mode 2
Event: 7.282 Thread 0x00007f30ecece800 Uncommon trap: trap_request=0xffffffc6 fr.pc=0x00007f30dc53f60c relative=0x00000000000000cc
Event: 7.282 Thread 0x00007f30ecece800 Uncommon trap: reason=bimorphic_or_optimized_type_check action=maybe_recompile pc=0x00007f30dc53f60c method=java.lang.Character.codePointBefore(Ljava/lang/CharSequence;I)I @ 5 c2
Event: 7.282 Thread 0x00007f30ecece800 DEOPT PACKING pc=0x00007f30dc53f60c sp=0x00007f30f016d5e0
Event: 7.282 Thread 0x00007f30ecece800 DEOPT UNPACKING pc=0x00007f30d49383a5 sp=0x00007f30f016d598 mode 2
Event: 7.282 Thread 0x00007f30ecece800 Uncommon trap: trap_request=0xffffffc6 fr.pc=0x00007f30dc53f60c relative=0x00000000000000cc
Event: 7.282 Thread 0x00007f30ecece800 Uncommon trap: reason=bimorphic_or_optimized_type_check action=maybe_recompile pc=0x00007f30dc53f60c method=java.lang.Character.codePointBefore(Ljava/lang/CharSequence;I)I @ 5 c2
Event: 7.282 Thread 0x00007f30ecece800 DEOPT PACKING pc=0x00007f30dc53f60c sp=0x00007f30f016d5e0
Event: 7.282 Thread 0x00007f30ecece800 DEOPT UNPACKING pc=0x00007f30d49383a5 sp=0x00007f30f016d598 mode 2
Event: 7.282 Thread 0x00007f30ecece800 Uncommon trap: trap_request=0xffffffc6 fr.pc=0x00007f30dc53f60c relative=0x00000000000000cc
Event: 7.282 Thread 0x00007f30ecece800 Uncommon trap: reason=bimorphic_or_optimized_type_check action=maybe_recompile pc=0x00007f30dc53f60c method=java.lang.Character.codePointBefore(Ljava/lang/CharSequence;I)I @ 5 c2
Event: 7.282 Thread 0x00007f30ecece800 DEOPT PACKING pc=0x00007f30dc53f60c sp=0x00007f30f016d5e0
Event: 7.282 Thread 0x00007f30ecece800 DEOPT UNPACKING pc=0x00007f30d49383a5 sp=0x00007f30f016d598 mode 2

Classes redefined (0 events):
No events

Internal exceptions (18 events):
Event: 0.161 Thread 0x00007f30ec014000 Exception <a 'java/lang/NoSuchMethodError'{0x00000000e0ef2068}: 'int java.lang.invoke.DirectMethodHandle$Holder.invokeSpecialIFC(java.lang.Object, java.lang.Object, int)'> (0x00000000e0ef2068) thrown at [/build/openjdk-11-11.0.6+10/src/hotspot/share/inter
Event: 1.968 Thread 0x00007f30ec014000 Exception <a 'java/lang/NoClassDefFoundError'{0x00000000e0f3a880}: com/google/inject/servlet/ServletModuleTargetVisitor> (0x00000000e0f3a880) thrown at [/build/openjdk-11-11.0.6+10/src/hotspot/share/classfile/systemDictionary.cpp, line 220]
Event: 1.968 Thread 0x00007f30ec014000 Exception <a 'java/lang/NoClassDefFoundError'{0x00000000e0f3a880}> (0x00000000e0f3a880) thrown at [/build/openjdk-11-11.0.6+10/src/hotspot/share/prims/jvm.cpp, line 1301]
Event: 1.968 Thread 0x00007f30ec014000 Exception <a 'java/lang/NoClassDefFoundError'{0x00000000e0f3d338}: javax/annotation/Priority> (0x00000000e0f3d338) thrown at [/build/openjdk-11-11.0.6+10/src/hotspot/share/classfile/systemDictionary.cpp, line 220]
Event: 2.586 Thread 0x00007f30ec014000 Implicit null exception at 0x00007f30dc42ad85 to 0x00007f30dc42af62
Event: 2.586 Thread 0x00007f30ec014000 Implicit null exception at 0x00007f30dc43954b to 0x00007f30dc4399d2
Event: 4.192 Thread 0x00007f30ec014000 Exception <a 'java/lang/NoSuchMethodError'{0x00000000e0ca2a58}: 'java.lang.Object java.lang.invoke.DirectMethodHandle$Holder.invokeStatic(java.lang.Object, java.lang.Object, java.lang.Object, java.lang.Object, java.lang.Object, java.lang.Object, java.lang
Event: 4.197 Thread 0x00007f30ec014000 Exception <a 'java/lang/NoSuchMethodError'{0x00000000e0cb0ce8}: 'java.lang.Object java.lang.invoke.DirectMethodHandle$Holder.invokeStatic(java.lang.Object, java.lang.Object, java.lang.Object, java.lang.Object, java.lang.Object, java.lang.Object, java.lang
Event: 4.200 Thread 0x00007f30ec014000 Exception <a 'java/lang/NoSuchMethodError'{0x00000000e0cbec00}: 'java.lang.Object java.lang.invoke.DirectMethodHandle$Holder.invokeSpecial(java.lang.Object, java.lang.Object, int, int, java.lang.Object, java.lang.Object, java.lang.Object)'> (0x00000000e0c
Event: 4.201 Thread 0x00007f30ec014000 Exception <a 'java/lang/NoSuchMethodError'{0x00000000e0cc2438}: 'java.lang.Object java.lang.invoke.DelegatingMethodHandle$Holder.reinvoke_L(java.lang.Object, int, int, java.lang.Object, java.lang.Object, java.lang.Object)'> (0x00000000e0cc2438) thrown at 
Event: 4.202 Thread 0x00007f30ec014000 Exception <a 'java/lang/NoSuchMethodError'{0x00000000e0cc6a68}: 'java.lang.Object java.lang.invoke.DirectMethodHandle$Holder.invokeStatic(java.lang.Object, java.lang.Object, java.lang.Object, java.lang.Object, int)'> (0x00000000e0cc6a68) thrown at [/build
Event: 4.574 Thread 0x00007f30ec014000 Exception <a 'java/lang/NoSuchMethodError'{0x00000000e14499d8}: 'java.lang.Object java.lang.invoke.DirectMethodHandle$Holder.invokeStatic(java.lang.Object, int, java.lang.Object)'> (0x00000000e14499d8) thrown at [/build/openjdk-11-11.0.6+10/src/hotspot/sh
Event: 5.440 Thread 0x00007f30ec014000 Exception <a 'java/lang/NoSuchMethodError'{0x00000000e10ec600}: 'java.lang.Object java.lang.invoke.DirectMethodHandle$Holder.invokeStaticInit(java.lang.Object, java.lang.Object, long, java.lang.Object)'> (0x00000000e10ec600) thrown at [/build/openjdk-11-1
Event: 5.441 Thread 0x00007f30ec014000 Exception <a 'java/lang/NoSuchMethodError'{0x00000000e10f8760}: 'java.lang.Object java.lang.invoke.Invokers$Holder.linkToTargetMethod(java.lang.Object, long, java.lang.Object)'> (0x00000000e10f8760) thrown at [/build/openjdk-11-11.0.6+10/src/hotspot/share
Event: 5.448 Thread 0x00007f30ec014000 Exception <a 'java/lang/NoSuchMethodError'{0x00000000e10ff4b0}: 'java.lang.Object java.lang.invoke.DirectMethodHandle$Holder.invokeStatic(java.lang.Object, java.lang.Object, java.lang.Object, int)'> (0x00000000e10ff4b0) thrown at [/build/openjdk-11-11.0.6
Event: 5.448 Thread 0x00007f30ec014000 Exception <a 'java/lang/NoSuchMethodError'{0x00000000e1102e78}: 'java.lang.Object java.lang.invoke.DirectMethodHandle$Holder.invokeSpecial(java.lang.Object, java.lang.Object, java.lang.Object, java.lang.Object, int)'> (0x00000000e1102e78) thrown at [/buil
Event: 5.449 Thread 0x00007f30ec014000 Exception <a 'java/lang/NoSuchMethodError'{0x00000000e1105ee0}: 'java.lang.Object java.lang.invoke.Invokers$Holder.linkToTargetMethod(java.lang.Object, java.lang.Object, int, java.lang.Object)'> (0x00000000e1105ee0) thrown at [/build/openjdk-11-11.0.6+10/
Event: 6.908 Thread 0x00007f30ec014000 Exception <a 'java/lang/ClassNotFoundException'{0x00000000e0d70d90}: sun/util/logging/resources/spi/loggingProvider> (0x00000000e0d70d90) thrown at [/build/openjdk-11-11.0.6+10/src/hotspot/share/classfile/systemDictionary.cpp, line 231]

Events (20 events):
Event: 6.908 loading class sun/util/logging/resources/logging_en
Event: 6.908 loading class sun/util/logging/resources/logging_en done
Event: 6.909 loading class sun/util/logging/resources/logging_en_US
Event: 6.909 loading class sun/util/logging/resources/logging_en_US done
Event: 6.909 loading class sun/util/logging/resources/logging_en_US
Event: 6.909 loading class sun/util/logging/resources/logging_en_US done
Event: 6.935 loading class java/util/Scanner
Event: 6.936 loading class java/util/Scanner done
Event: 6.939 loading class java/util/Scanner$PatternLRUCache
Event: 6.939 loading class java/util/Scanner$PatternLRUCache done
Event: 6.947 Thread 0x00007f30eceda800 Thread added: 0x00007f30eceda800
Event: 6.947 Protecting memory [0x00007f30d400f000,0x00007f30d4013000] with protection modes 0
Event: 6.948 Thread 0x00007f30ecece800 Thread added: 0x00007f30ecece800
Event: 6.948 Protecting memory [0x00007f30f006e000,0x00007f30f0072000] with protection modes 0
Event: 7.268 loading class java/util/regex/Matcher$ImmutableMatchResult
Event: 7.268 loading class java/util/regex/Matcher$ImmutableMatchResult done
Event: 7.268 loading class org/apache/maven/plugin/logging/Log
Event: 7.268 loading class org/apache/maven/plugin/logging/Log done
Event: 7.268 loading class org/apache/maven/plugin/logging/Log
Event: 7.268 loading class org/apache/maven/plugin/logging/Log done


Dynamic libraries:
e0c00000-e1720000 rw-p 00000000 00:00 0 
e1720000-eb2a0000 ---p 00000000 00:00 0 
eb2a0000-ec8db000 rw-p 00000000 00:00 0 
ec8db000-100000000 ---p 00000000 00:00 0 
800000000-800002000 rwxp 00001000 08:01 2118409                          /usr/lib/jvm/java-11-openjdk-amd64/lib/server/classes.jsa
800002000-8003b7000 rw-p 00003000 08:01 2118409                          /usr/lib/jvm/java-11-openjdk-amd64/lib/server/classes.jsa
8003b7000-800a8a000 r--p 003b8000 08:01 2118409                          /usr/lib/jvm/java-11-openjdk-amd64/lib/server/classes.jsa
800a8a000-800a8b000 rw-p 00a8b000 08:01 2118409                          /usr/lib/jvm/java-11-openjdk-amd64/lib/server/classes.jsa
800a8b000-801095000 r--p 00a8c000 08:01 2118409                          /usr/lib/jvm/java-11-openjdk-amd64/lib/server/classes.jsa
840000000-8402a0000 rw-p 00000000 00:00 0 
8402a0000-880000000 ---p 00000000 00:00 0 
564372c58000-564372c59000 r-xp 00000000 08:01 2118040                    /usr/lib/jvm/java-11-openjdk-amd64/bin/java
564372e59000-564372e5a000 r--p 00001000 08:01 2118040                    /usr/lib/jvm/java-11-openjdk-amd64/bin/java
564372e5a000-564372e5b000 rw-p 00002000 08:01 2118040                    /usr/lib/jvm/java-11-openjdk-amd64/bin/java
56437343e000-564373480000 rw-p 00000000 00:00 0                          [heap]
7f309c000000-7f309c021000 rw-p 00000000 00:00 0 
7f309c021000-7f30a0000000 ---p 00000000 00:00 0 
7f30a0000000-7f30a0021000 rw-p 00000000 00:00 0 
7f30a0021000-7f30a4000000 ---p 00000000 00:00 0 
7f30a4000000-7f30a4021000 rw-p 00000000 00:00 0 
7f30a4021000-7f30a8000000 ---p 00000000 00:00 0 
7f30a8000000-7f30a8021000 rw-p 00000000 00:00 0 
7f30a8021000-7f30ac000000 ---p 00000000 00:00 0 
7f30afc00000-7f30afcac000 rw-p 00000000 00:00 0 
7f30afcac000-7f30afe00000 ---p 00000000 00:00 0 
7f30afe00000-7f30b0000000 rw-p 00000000 00:00 0 
7f30b0000000-7f30b0021000 rw-p 00000000 00:00 0 
7f30b0021000-7f30b4000000 ---p 00000000 00:00 0 
7f30b4000000-7f30b4021000 rw-p 00000000 00:00 0 
7f30b4021000-7f30b8000000 ---p 00000000 00:00 0 
7f30b8000000-7f30b8b3b000 rw-p 00000000 00:00 0 
7f30b8b3b000-7f30bc000000 ---p 00000000 00:00 0 
7f30bc000000-7f30bc021000 rw-p 00000000 00:00 0 
7f30bc021000-7f30c0000000 ---p 00000000 00:00 0 
7f30c0000000-7f30c0021000 rw-p 00000000 00:00 0 
7f30c0021000-7f30c4000000 ---p 00000000 00:00 0 
7f30c4000000-7f30c52d2000 rw-p 00000000 00:00 0 
7f30c52d2000-7f30c8000000 ---p 00000000 00:00 0 
7f30c8000000-7f30c8021000 rw-p 00000000 00:00 0 
7f30c8021000-7f30cc000000 ---p 00000000 00:00 0 
7f30cc000000-7f30cc021000 rw-p 00000000 00:00 0 
7f30cc021000-7f30d0000000 ---p 00000000 00:00 0 
7f30d0000000-7f30d002a000 rw-p 00000000 00:00 0 
7f30d002a000-7f30d4000000 ---p 00000000 00:00 0 
7f30d400f000-7f30d4013000 ---p 00000000 00:00 0 
7f30d4013000-7f30d4310000 rw-p 00000000 00:00 0 
7f30d4310000-7f30d4510000 rw-p 00000000 00:00 0 
7f30d4510000-7f30d4710000 rw-p 00000000 00:00 0 
7f30d4710000-7f30d4910000 rw-p 00000000 00:00 0 
7f30d4910000-7f30d4b80000 rwxp 00000000 00:00 0 
7f30d4b80000-7f30d4e9f000 ---p 00000000 00:00 0 
7f30d4e9f000-7f30d56cf000 rwxp 00000000 00:00 0 
7f30d56cf000-7f30dc3d7000 ---p 00000000 00:00 0 
7f30dc3d7000-7f30dc647000 rwxp 00000000 00:00 0 
7f30dc647000-7f30e3910000 ---p 00000000 00:00 0 
7f30e3910000-7f30ec000000 r--s 00000000 08:01 2118399                    /usr/lib/jvm/java-11-openjdk-amd64/lib/modules
7f30ec000000-7f30ed16e000 rw-p 00000000 00:00 0 
7f30ed16e000-7f30f0000000 ---p 00000000 00:00 0 
7f30f006e000-7f30f0072000 ---p 00000000 00:00 0 
7f30f0072000-7f30f016f000 rw-p 00000000 00:00 0 
7f30f016f000-7f30f0173000 ---p 00000000 00:00 0 
7f30f0173000-7f30f0191000 rw-p 00000000 00:00 0 
7f30f0191000-7f30f0193000 r-xp 00000000 08:01 1843038                    /lib/x86_64-linux-gnu/libutil-2.24.so
7f30f0193000-7f30f0392000 ---p 00002000 08:01 1843038                    /lib/x86_64-linux-gnu/libutil-2.24.so
7f30f0392000-7f30f0393000 r--p 00001000 08:01 1843038                    /lib/x86_64-linux-gnu/libutil-2.24.so
7f30f0393000-7f30f0394000 rw-p 00002000 08:01 1843038                    /lib/x86_64-linux-gnu/libutil-2.24.so
7f30f0394000-7f30f0397000 r-xp 00000000 08:01 1993728                    /opt/maven/lib/jansi-native/linux64/libjansi.so
7f30f0397000-7f30f0596000 ---p 00003000 08:01 1993728                    /opt/maven/lib/jansi-native/linux64/libjansi.so
7f30f0596000-7f30f0597000 rw-p 00002000 08:01 1993728                    /opt/maven/lib/jansi-native/linux64/libjansi.so
7f30f0597000-7f30f05c8000 rw-p 00000000 00:00 0 
7f30f05c8000-7f30f05de000 r-xp 00000000 08:01 2118388                    /usr/lib/jvm/java-11-openjdk-amd64/lib/libnet.so
7f30f05de000-7f30f07dd000 ---p 00016000 08:01 2118388                    /usr/lib/jvm/java-11-openjdk-amd64/lib/libnet.so
7f30f07dd000-7f30f07de000 r--p 00015000 08:01 2118388                    /usr/lib/jvm/java-11-openjdk-amd64/lib/libnet.so
7f30f07de000-7f30f07df000 rw-p 00016000 08:01 2118388                    /usr/lib/jvm/java-11-openjdk-amd64/lib/libnet.so
7f30f07df000-7f30f07ef000 r-xp 00000000 08:01 2118389                    /usr/lib/jvm/java-11-openjdk-amd64/lib/libnio.so
7f30f07ef000-7f30f09ee000 ---p 00010000 08:01 2118389                    /usr/lib/jvm/java-11-openjdk-amd64/lib/libnio.so
7f30f09ee000-7f30f09ef000 r--p 0000f000 08:01 2118389                    /usr/lib/jvm/java-11-openjdk-amd64/lib/libnio.so
7f30f09ef000-7f30f09f0000 rw-p 00010000 08:01 2118389                    /usr/lib/jvm/java-11-openjdk-amd64/lib/libnio.so
7f30f09f0000-7f30f09f4000 ---p 00000000 00:00 0 
7f30f09f4000-7f30f0af1000 rw-p 00000000 00:00 0 
7f30f0af1000-7f30f0af2000 ---p 00000000 00:00 0 
7f30f0af2000-7f30f0bf3000 rw-p 00000000 00:00 0 
7f30f0bf3000-7f30f0bf7000 ---p 00000000 00:00 0 
7f30f0bf7000-7f30f0cf4000 rw-p 00000000 00:00 0 
7f30f0cf4000-7f30f0cf8000 ---p 00000000 00:00 0 
7f30f0cf8000-7f30f0df5000 rw-p 00000000 00:00 0 
7f30f0df5000-7f30f0df9000 ---p 00000000 00:00 0 
7f30f0df9000-7f30f0ef6000 rw-p 00000000 00:00 0 
7f30f0ef6000-7f30f0efa000 ---p 00000000 00:00 0 
7f30f0efa000-7f30f0ff7000 rw-p 00000000 00:00 0 
7f30f0ff7000-7f30f0ffb000 ---p 00000000 00:00 0 
7f30f0ffb000-7f30f10f8000 rw-p 00000000 00:00 0 
7f30f10f8000-7f30f1293000 r--p 00000000 08:01 1850658                    /usr/lib/locale/locale-archive
7f30f1293000-7f30f1297000 ---p 00000000 00:00 0 
7f30f1297000-7f30f1394000 rw-p 00000000 00:00 0 
7f30f1394000-7f30f1398000 ---p 00000000 00:00 0 
7f30f1398000-7f30f1495000 rw-p 00000000 00:00 0 
7f30f1495000-7f30f1496000 ---p 00000000 00:00 0 
7f30f1496000-7f30f1e9b000 rw-p 00000000 00:00 0 
7f30f1e9b000-7f30f1ec2000 rw-p 00000000 00:00 0 
7f30f1ec2000-7f30f1f0f000 ---p 00000000 00:00 0 
7f30f1f0f000-7f30f1f1b000 rw-p 00000000 00:00 0 
7f30f1f1b000-7f30f1fb6000 ---p 00000000 00:00 0 
7f30f1fb6000-7f30f1fbc000 rw-p 00000000 00:00 0 
7f30f1fbc000-7f30f20a2000 ---p 00000000 00:00 0 
7f30f20a2000-7f30f20b3000 rw-p 00000000 00:00 0 
7f30f20b3000-7f30f218d000 ---p 00000000 00:00 0 
7f30f218d000-7f30f2192000 r-xp 00000000 08:01 2118380                    /usr/lib/jvm/java-11-openjdk-amd64/lib/libjimage.so
7f30f2192000-7f30f2391000 ---p 00005000 08:01 2118380                    /usr/lib/jvm/java-11-openjdk-amd64/lib/libjimage.so
7f30f2391000-7f30f2392000 r--p 00004000 08:01 2118380                    /usr/lib/jvm/java-11-openjdk-amd64/lib/libjimage.so
7f30f2392000-7f30f2393000 rw-p 00005000 08:01 2118380                    /usr/lib/jvm/java-11-openjdk-amd64/lib/libjimage.so
7f30f2393000-7f30f239a000 r-xp 00000000 08:01 2118398                    /usr/lib/jvm/java-11-openjdk-amd64/lib/libzip.so
7f30f239a000-7f30f2599000 ---p 00007000 08:01 2118398                    /usr/lib/jvm/java-11-openjdk-amd64/lib/libzip.so
7f30f2599000-7f30f259a000 r--p 00006000 08:01 2118398                    /usr/lib/jvm/java-11-openjdk-amd64/lib/libzip.so
7f30f259a000-7f30f259b000 rw-p 00007000 08:01 2118398                    /usr/lib/jvm/java-11-openjdk-amd64/lib/libzip.so
7f30f259b000-7f30f25a5000 r-xp 00000000 08:01 1843001                    /lib/x86_64-linux-gnu/libnss_files-2.24.so
7f30f25a5000-7f30f27a5000 ---p 0000a000 08:01 1843001                    /lib/x86_64-linux-gnu/libnss_files-2.24.so
7f30f27a5000-7f30f27a6000 r--p 0000a000 08:01 1843001                    /lib/x86_64-linux-gnu/libnss_files-2.24.so
7f30f27a6000-7f30f27a7000 rw-p 0000b000 08:01 1843001                    /lib/x86_64-linux-gnu/libnss_files-2.24.so
7f30f27a7000-7f30f27ad000 rw-p 00000000 00:00 0 
7f30f27ad000-7f30f27b8000 r-xp 00000000 08:01 1843005                    /lib/x86_64-linux-gnu/libnss_nis-2.24.so
7f30f27b8000-7f30f29b7000 ---p 0000b000 08:01 1843005                    /lib/x86_64-linux-gnu/libnss_nis-2.24.so
7f30f29b7000-7f30f29b8000 r--p 0000a000 08:01 1843005                    /lib/x86_64-linux-gnu/libnss_nis-2.24.so
7f30f29b8000-7f30f29b9000 rw-p 0000b000 08:01 1843005                    /lib/x86_64-linux-gnu/libnss_nis-2.24.so
7f30f29b9000-7f30f29cd000 r-xp 00000000 08:01 1842995                    /lib/x86_64-linux-gnu/libnsl-2.24.so
7f30f29cd000-7f30f2bcd000 ---p 00014000 08:01 1842995                    /lib/x86_64-linux-gnu/libnsl-2.24.so
7f30f2bcd000-7f30f2bce000 r--p 00014000 08:01 1842995                    /lib/x86_64-linux-gnu/libnsl-2.24.so
7f30f2bce000-7f30f2bcf000 rw-p 00015000 08:01 1842995                    /lib/x86_64-linux-gnu/libnsl-2.24.so
7f30f2bcf000-7f30f2bd1000 rw-p 00000000 00:00 0 
7f30f2bd1000-7f30f2bd8000 r-xp 00000000 08:01 1842997                    /lib/x86_64-linux-gnu/libnss_compat-2.24.so
7f30f2bd8000-7f30f2dd7000 ---p 00007000 08:01 1842997                    /lib/x86_64-linux-gnu/libnss_compat-2.24.so
7f30f2dd7000-7f30f2dd8000 r--p 00006000 08:01 1842997                    /lib/x86_64-linux-gnu/libnss_compat-2.24.so
7f30f2dd8000-7f30f2dd9000 rw-p 00007000 08:01 1842997                    /lib/x86_64-linux-gnu/libnss_compat-2.24.so
7f30f2dd9000-7f30f2e02000 r-xp 00000000 08:01 2118376                    /usr/lib/jvm/java-11-openjdk-amd64/lib/libjava.so
7f30f2e02000-7f30f3001000 ---p 00029000 08:01 2118376                    /usr/lib/jvm/java-11-openjdk-amd64/lib/libjava.so
7f30f3001000-7f30f3002000 r--p 00028000 08:01 2118376                    /usr/lib/jvm/java-11-openjdk-amd64/lib/libjava.so
7f30f3002000-7f30f3004000 rw-p 00029000 08:01 2118376                    /usr/lib/jvm/java-11-openjdk-amd64/lib/libjava.so
7f30f3004000-7f30f3011000 r-xp 00000000 08:01 2118397                    /usr/lib/jvm/java-11-openjdk-amd64/lib/libverify.so
7f30f3011000-7f30f3210000 ---p 0000d000 08:01 2118397                    /usr/lib/jvm/java-11-openjdk-amd64/lib/libverify.so
7f30f3210000-7f30f3212000 r--p 0000c000 08:01 2118397                    /usr/lib/jvm/java-11-openjdk-amd64/lib/libverify.so
7f30f3212000-7f30f3213000 rw-p 0000e000 08:01 2118397                    /usr/lib/jvm/java-11-openjdk-amd64/lib/libverify.so
7f30f3213000-7f30f321a000 r-xp 00000000 08:01 1843022                    /lib/x86_64-linux-gnu/librt-2.24.so
7f30f321a000-7f30f3419000 ---p 00007000 08:01 1843022                    /lib/x86_64-linux-gnu/librt-2.24.so
7f30f3419000-7f30f341a000 r--p 00006000 08:01 1843022                    /lib/x86_64-linux-gnu/librt-2.24.so
7f30f341a000-7f30f341b000 rw-p 00007000 08:01 1843022                    /lib/x86_64-linux-gnu/librt-2.24.so
7f30f341b000-7f30f3431000 r-xp 00000000 08:01 1842975                    /lib/x86_64-linux-gnu/libgcc_s.so.1
7f30f3431000-7f30f3630000 ---p 00016000 08:01 1842975                    /lib/x86_64-linux-gnu/libgcc_s.so.1
7f30f3630000-7f30f3631000 r--p 00015000 08:01 1842975                    /lib/x86_64-linux-gnu/libgcc_s.so.1
7f30f3631000-7f30f3632000 rw-p 00016000 08:01 1842975                    /lib/x86_64-linux-gnu/libgcc_s.so.1
7f30f3632000-7f30f3735000 r-xp 00000000 08:01 1842984                    /lib/x86_64-linux-gnu/libm-2.24.so
7f30f3735000-7f30f3934000 ---p 00103000 08:01 1842984                    /lib/x86_64-linux-gnu/libm-2.24.so
7f30f3934000-7f30f3935000 r--p 00102000 08:01 1842984                    /lib/x86_64-linux-gnu/libm-2.24.so
7f30f3935000-7f30f3936000 rw-p 00103000 08:01 1842984                    /lib/x86_64-linux-gnu/libm-2.24.so
7f30f3936000-7f30f3aa8000 r-xp 00000000 08:01 1843740                    /usr/lib/x86_64-linux-gnu/libstdc++.so.6.0.22
7f30f3aa8000-7f30f3ca8000 ---p 00172000 08:01 1843740                    /usr/lib/x86_64-linux-gnu/libstdc++.so.6.0.22
7f30f3ca8000-7f30f3cb2000 r--p 00172000 08:01 1843740                    /usr/lib/x86_64-linux-gnu/libstdc++.so.6.0.22
7f30f3cb2000-7f30f3cb4000 rw-p 0017c000 08:01 1843740                    /usr/lib/x86_64-linux-gnu/libstdc++.so.6.0.22
7f30f3cb4000-7f30f3cb8000 rw-p 00000000 00:00 0 
7f30f3cb8000-7f30f4d40000 r-xp 00000000 08:01 2118411                    /usr/lib/jvm/java-11-openjdk-amd64/lib/server/libjvm.so
7f30f4d40000-7f30f4f3f000 ---p 01088000 08:01 2118411                    /usr/lib/jvm/java-11-openjdk-amd64/lib/server/libjvm.so
7f30f4f3f000-7f30f4ffc000 r--p 01087000 08:01 2118411                    /usr/lib/jvm/java-11-openjdk-amd64/lib/server/libjvm.so
7f30f4ffc000-7f30f5036000 rw-p 01144000 08:01 2118411                    /usr/lib/jvm/java-11-openjdk-amd64/lib/server/libjvm.so
7f30f5036000-7f30f508c000 rw-p 00000000 00:00 0 
7f30f508c000-7f30f5221000 r-xp 00000000 08:01 1842955                    /lib/x86_64-linux-gnu/libc-2.24.so
7f30f5221000-7f30f5421000 ---p 00195000 08:01 1842955                    /lib/x86_64-linux-gnu/libc-2.24.so
7f30f5421000-7f30f5425000 r--p 00195000 08:01 1842955                    /lib/x86_64-linux-gnu/libc-2.24.so
7f30f5425000-7f30f5427000 rw-p 00199000 08:01 1842955                    /lib/x86_64-linux-gnu/libc-2.24.so
7f30f5427000-7f30f542b000 rw-p 00000000 00:00 0 
7f30f542b000-7f30f542e000 r-xp 00000000 08:01 1842967                    /lib/x86_64-linux-gnu/libdl-2.24.so
7f30f542e000-7f30f562d000 ---p 00003000 08:01 1842967                    /lib/x86_64-linux-gnu/libdl-2.24.so
7f30f562d000-7f30f562e000 r--p 00002000 08:01 1842967                    /lib/x86_64-linux-gnu/libdl-2.24.so
7f30f562e000-7f30f562f000 rw-p 00003000 08:01 1842967                    /lib/x86_64-linux-gnu/libdl-2.24.so
7f30f562f000-7f30f563e000 r-xp 00000000 08:01 2118358                    /usr/lib/jvm/java-11-openjdk-amd64/lib/jli/libjli.so
7f30f563e000-7f30f583d000 ---p 0000f000 08:01 2118358                    /usr/lib/jvm/java-11-openjdk-amd64/lib/jli/libjli.so
7f30f583d000-7f30f583e000 r--p 0000e000 08:01 2118358                    /usr/lib/jvm/java-11-openjdk-amd64/lib/jli/libjli.so
7f30f583e000-7f30f583f000 rw-p 0000f000 08:01 2118358                    /usr/lib/jvm/java-11-openjdk-amd64/lib/jli/libjli.so
7f30f583f000-7f30f5857000 r-xp 00000000 08:01 1843018                    /lib/x86_64-linux-gnu/libpthread-2.24.so
7f30f5857000-7f30f5a56000 ---p 00018000 08:01 1843018                    /lib/x86_64-linux-gnu/libpthread-2.24.so
7f30f5a56000-7f30f5a57000 r--p 00017000 08:01 1843018                    /lib/x86_64-linux-gnu/libpthread-2.24.so
7f30f5a57000-7f30f5a58000 rw-p 00018000 08:01 1843018                    /lib/x86_64-linux-gnu/libpthread-2.24.so
7f30f5a58000-7f30f5a5c000 rw-p 00000000 00:00 0 
7f30f5a5c000-7f30f5a75000 r-xp 00000000 08:01 1843043                    /lib/x86_64-linux-gnu/libz.so.1.2.8
7f30f5a75000-7f30f5c74000 ---p 00019000 08:01 1843043                    /lib/x86_64-linux-gnu/libz.so.1.2.8
7f30f5c74000-7f30f5c75000 r--p 00018000 08:01 1843043                    /lib/x86_64-linux-gnu/libz.so.1.2.8
7f30f5c75000-7f30f5c76000 rw-p 00019000 08:01 1843043                    /lib/x86_64-linux-gnu/libz.so.1.2.8
7f30f5c76000-7f30f5c99000 r-xp 00000000 08:01 1842937                    /lib/x86_64-linux-gnu/ld-2.24.so
7f30f5cb3000-7f30f5ce0000 rw-p 00000000 00:00 0 
7f30f5ce0000-7f30f5d7b000 ---p 00000000 00:00 0 
7f30f5d7b000-7f30f5d80000 rw-p 00000000 00:00 0 
7f30f5d80000-7f30f5d87000 ---p 00000000 00:00 0 
7f30f5d87000-7f30f5d89000 r--s 00007000 08:01 2379129                    /usr/share/java/java-atk-wrapper.jar
7f30f5d89000-7f30f5d8d000 ---p 00000000 00:00 0 
7f30f5d8d000-7f30f5e8e000 rw-p 00000000 00:00 0 
7f30f5e8f000-7f30f5e97000 rw-s 00000000 08:01 411604                     /tmp/hsperfdata_tanzachary/4099
7f30f5e97000-7f30f5e98000 ---p 00000000 00:00 0 
7f30f5e98000-7f30f5e99000 r--p 00000000 00:00 0 
7f30f5e99000-7f30f5e9a000 r--p 00023000 08:01 1842937                    /lib/x86_64-linux-gnu/ld-2.24.so
7f30f5e9a000-7f30f5e9b000 rw-p 00024000 08:01 1842937                    /lib/x86_64-linux-gnu/ld-2.24.so
7f30f5e9b000-7f30f5e9c000 rw-p 00000000 00:00 0 
7fff96b90000-7fff96bb1000 rw-p 00000000 00:00 0                          [stack]
7fff96bc1000-7fff96bc4000 r--p 00000000 00:00 0                          [vvar]
7fff96bc4000-7fff96bc6000 r-xp 00000000 00:00 0                          [vdso]
ffffffffff600000-ffffffffff601000 r-xp 00000000 00:00 0                  [vsyscall]


VM Arguments:
jvm_args: -Dclassworlds.conf=/opt/maven/bin/m2.conf -Dmaven.home=/opt/maven -Dlibrary.jansi.path=/opt/maven/lib/jansi-native -Dmaven.multiModuleProjectDirectory=/home/tanzachary/step/portfolio 
java_command: org.codehaus.plexus.classworlds.launcher.Launcher package appengine:run
java_class_path (initial): /opt/maven/boot/plexus-classworlds-2.6.0.jar
Launcher Type: SUN_STANDARD

[Global flags]
     intx CICompilerCount                          = 2                                         {product} {ergonomic}
   size_t InitialHeapSize                          = 33554432                                  {product} {ergonomic}
   size_t MaxHeapSize                              = 524288000                                 {product} {ergonomic}
   size_t MaxNewSize                               = 174718976                                 {product} {ergonomic}
   size_t MinHeapDeltaBytes                        = 196608                                    {product} {ergonomic}
   size_t NewSize                                  = 11141120                                  {product} {ergonomic}
    uintx NonNMethodCodeHeapSize                   = 5825164                                {pd product} {ergonomic}
    uintx NonProfiledCodeHeapSize                  = 122916538                              {pd product} {ergonomic}
   size_t OldSize                                  = 22413312                                  {product} {ergonomic}
    uintx ProfiledCodeHeapSize                     = 122916538                              {pd product} {ergonomic}
    uintx ReservedCodeCacheSize                    = 251658240                              {pd product} {ergonomic}
     bool SegmentedCodeCache                       = true                                      {product} {ergonomic}
     bool UseCompressedClassPointers               = true                                 {lp64_product} {ergonomic}
     bool UseCompressedOops                        = true                                 {lp64_product} {ergonomic}
     bool UseSerialGC                              = true                                      {product} {ergonomic}

Logging:
Log output configuration:
 #0: stdout all=warning uptime,level,tags
 #1: stderr all=off uptime,level,tags

Environment Variables:
JAVA_HOME=/usr/lib/jvm/java-11-openjdk-amd64
PATH=/home/tanzachary/step/portfolio/node_modules/.bin:/home/tanzachary/gopath/bin:/google/gopath/bin:/home/tanzachary/.gems/bin:/usr/local/go/bin:/opt/gradle/bin:/opt/maven/bin:/usr/local/sbin:/usr/local/bin:/usr/sbin:/usr/bin:/sbin:/bin:/usr/local/nvm/versions/node/v10.14.2/bin:/google/go_appengine:/google/google_appengine:/google/migrate/anthos/
SHELL=/bin/bash

Signal Handlers:
SIGSEGV: [libjvm.so+0xd9bff0], sa_mask[0]=11111111011111111101111111111110, sa_flags=SA_RESTART|SA_SIGINFO
SIGBUS: [libjvm.so+0xd9bff0], sa_mask[0]=11111111011111111101111111111110, sa_flags=SA_RESTART|SA_SIGINFO
SIGFPE: [libjvm.so+0xd9bff0], sa_mask[0]=11111111011111111101111111111110, sa_flags=SA_RESTART|SA_SIGINFO
SIGPIPE: [libjvm.so+0xb8fcf0], sa_mask[0]=11111111011111111101111111111110, sa_flags=SA_RESTART|SA_SIGINFO
SIGXFSZ: [libjvm.so+0xb8fcf0], sa_mask[0]=11111111011111111101111111111110, sa_flags=SA_RESTART|SA_SIGINFO
SIGILL: [libjvm.so+0xd9bff0], sa_mask[0]=11111111011111111101111111111110, sa_flags=SA_RESTART|SA_SIGINFO
SIGUSR2: [libjvm.so+0xb8fb90], sa_mask[0]=00000000000000000000000000000000, sa_flags=SA_RESTART|SA_SIGINFO
SIGHUP: [libjvm.so+0xb8fef0], sa_mask[0]=11111111011111111101111111111110, sa_flags=SA_RESTART|SA_SIGINFO
SIGINT: [libjvm.so+0xb8fef0], sa_mask[0]=11111111011111111101111111111110, sa_flags=SA_RESTART|SA_SIGINFO
SIGTERM: [libjvm.so+0xb8fef0], sa_mask[0]=11111111011111111101111111111110, sa_flags=SA_RESTART|SA_SIGINFO
SIGQUIT: [libjvm.so+0xb8fef0], sa_mask[0]=11111111011111111101111111111110, sa_flags=SA_RESTART|SA_SIGINFO


---------------  S Y S T E M  ---------------

OS:PRETTY_NAME="Debian GNU/Linux 9 (stretch)"
NAME="Debian GNU/Linux"
VERSION_ID="9"
VERSION="9 (stretch)"
VERSION_CODENAME=stretch
ID=debian
HOME_URL="https://www.debian.org/"
SUPPORT_URL="https://www.debian.org/support"
BUG_REPORT_URL="https://bugs.debian.org/"
uname:Linux 4.19.112+ #1 SMP Wed May 6 00:27:44 PDT 2020 x86_64
libc:glibc 2.24 NPTL 2.24 
rlimit: STACK 8192k, CORE infinity, NPROC infinity, NOFILE 1048576, AS infinity, DATA infinity, FSIZE infinity
load average:1.33 1.09 0.72

/proc/meminfo:
MemTotal:        2043884 kB
MemFree:           93336 kB
MemAvailable:     791468 kB
Buffers:           72968 kB
Cached:           645624 kB
SwapCached:          740 kB
Active:           910520 kB
Inactive:         722392 kB
Active(anon):     483892 kB
Inactive(anon):   409144 kB
Active(file):     426628 kB
Inactive(file):   313248 kB
Unevictable:           0 kB
Mlocked:               0 kB
SwapTotal:        786428 kB
SwapFree:         700668 kB
Dirty:               336 kB
Writeback:            40 kB
AnonPages:        913580 kB
Mapped:           384456 kB
Shmem:               820 kB
Slab:             197000 kB
SReclaimable:     145908 kB
SUnreclaim:        51092 kB
KernelStack:        8440 kB
PageTables:        13968 kB
NFS_Unstable:          0 kB
Bounce:                0 kB
WritebackTmp:          0 kB
CommitLimit:     1808368 kB
Committed_AS:    5220484 kB
VmallocTotal:   34359738367 kB
VmallocUsed:           0 kB
VmallocChunk:          0 kB
Percpu:              968 kB
AnonHugePages:      2048 kB
ShmemHugePages:        0 kB
ShmemPmdMapped:        0 kB
HugePages_Total:       0
HugePages_Free:        0
HugePages_Rsvd:        0
HugePages_Surp:        0
Hugepagesize:       2048 kB
Hugetlb:               0 kB
DirectMap4k:       85180 kB
DirectMap2M:     2011136 kB
DirectMap1G:           0 kB


/proc/sys/kernel/threads-max (system-wide limit on the number of threads):
15631


/proc/sys/vm/max_map_count (maximum number of memory map areas a process may have):
65530


/proc/sys/kernel/pid_max (system-wide limit on number of process identifiers):
4194304



container (cgroup) information:
container_type: cgroupv1
cpu_cpuset_cpus: 0-1
cpu_memory_nodes: 0
active_processor_count: 1
cpu_quota: -1
cpu_period: 100000
cpu_shares: 2
memory_limit_in_bytes: -1
memory_and_swap_limit_in_bytes: -1
memory_soft_limit_in_bytes: -1
memory_usage_in_bytes: 641978368
memory_max_usage_in_bytes: 684109824

KVM virtualization detected
Steal ticks since vm start: 718
Steal ticks percentage since vm start:  0.046

CPU:total 2 (initial active 1) (1 cores per cpu, 2 threads per core) family 6 model 63 stepping 0, cmov, cx8, fxsr, mmx, sse, sse2, sse3, ssse3, sse4.1, sse4.2, popcnt, avx, avx2, aes, clmul, erms, lzcnt, ht, tsc, tscinvbit, bmi1, bmi2, fma
CPU Model and flags from /proc/cpuinfo:
model name	: Intel(R) Xeon(R) CPU @ 2.30GHz
flags		: fpu vme de pse tsc msr pae mce cx8 apic sep mtrr pge mca cmov pat pse36 clflush mmx fxsr sse sse2 ss ht syscall nx pdpe1gb rdtscp lm constant_tsc rep_good nopl xtopology nonstop_tsc cpuid tsc_known_freq pni pclmulqdq ssse3 fma cx16 pcid sse4_1 sse4_2 x2apic movbe popcnt aes xsave avx f16c rdrand hypervisor lahf_lm abm invpcid_single pti ssbd ibrs ibpb stibp fsgsbase tsc_adjust bmi1 avx2 smep bmi2 erms invpcid xsaveopt arat md_clear arch_capabilities

Memory: 4k page, physical 2043884k(93108k free), swap 786428k(700668k free)

vm_info: OpenJDK 64-Bit Server VM (11.0.6+10-post-Debian-1bpo91) for linux-amd64 JRE (11.0.6+10-post-Debian-1bpo91), built on Feb  1 2020 09:07:43 by "unknown" with gcc 6.3.0 20170516

END.
