#
# A fatal error has been detected by the Java Runtime Environment:
#
#  SIGSEGV (0xb) at pc=0x00007fccfafd8bc0, pid=4186, tid=4186
#
# JRE version: OpenJDK Runtime Environment (11.0.6+10) (build 11.0.6+10-post-Debian-1bpo91)
# Java VM: OpenJDK 64-Bit Server VM (11.0.6+10-post-Debian-1bpo91, mixed mode, sharing, tiered, compressed oops, serial gc, linux-amd64)
# Problematic frame:
# V  [libjvm.so+0xb8fbc0]
#
# Core dump will be written. Default location: Core dumps may be processed with "/sbin/crash_reporter --user=%P:%s:%u:%g:%e" (or dumping to /home/tanzachary/step/portfolio/core.4186)
#
# If you would like to submit a bug report, please visit:
#   https://bugs.debian.org/openjdk-11
#

---------------  S U M M A R Y ------------

Command Line: -Dclassworlds.conf=/opt/maven/bin/m2.conf -Dmaven.home=/opt/maven -Dlibrary.jansi.path=/opt/maven/lib/jansi-native -Dmaven.multiModuleProjectDirectory=/home/tanzachary/step/portfolio org.codehaus.plexus.classworlds.launcher.Launcher package appengine:run

Host: Intel(R) Xeon(R) CPU @ 2.30GHz, 2 cores, 1G, Debian GNU/Linux 9 (stretch)
Time: Thu May 28 17:43:27 2020 EDT elapsed time: 99 seconds (0d 0h 1m 39s)

---------------  T H R E A D  ---------------

Current thread is native thread

Stack: [0x00007fffe3dd1000,0x00007fffe45d0000],  sp=0x00007fffe45ca840,  free space=8166k
Native frames: (J=compiled Java code, A=aot compiled Java code, j=interpreted, Vv=VM code, C=native code)
V  [libjvm.so+0xb8fbc0]
C  [libpthread.so.0+0x110e0]


siginfo: si_signo: 11 (SIGSEGV), si_code: 1 (SEGV_MAPERR), si_addr: 0x00000000000000d0

Register to memory mapping:

RAX=0x0 is NULL
RBX=
[error occurred during error reporting (printing register info), id 0xb, SIGSEGV (0xb) at pc=0x00007fccfb17f9e7]

Registers:
RAX=0x0000000000000000, RBX=0x00007fccfc61be18, RCX=0x00007fccfbfd86dd, RDX=0x0000000000000000
RSP=0x00007fffe45ca840, RBP=0x00007fffe45ca8f0, RSI=0x00007fffe45caa30, RDI=0x0000000000000001
R8 =0x00000000000000ca, R9 =0x00007fccfc61a9d0, R10=0x0000000000000000, R11=0x0000000000000246
R12=0x0000000000000000, R13=0x00007fffe45caa30, R14=0x00007fffe45ca900, R15=0x00007fccfc61ad28
RIP=0x00007fccfafd8bc0, EFLAGS=0x0000000000010246, CSGSFS=0x002b000000000033, ERR=0x0000000000000004
  TRAPNO=0x000000000000000e

Top of Stack: (sp=0x00007fffe45ca840)
0x00007fffe45ca840:   0000000001e5cb59 00007fccfb82e038
0x00007fffe45ca850:   00007fffe45ca970 00007fccfb820d90
0x00007fffe45ca860:   00007fffe45ca894 00007fffe45ca960
0x00007fffe45ca870:   0000560cbed91c70 000000000000000b 

Instructions: (pc=0x00007fccfafd8bc0)
0x00007fccfafd8ac0:   c0 74 03 c6 00 00 4c 89 f7 4c 89 fa 48 89 de e8
0x00007fccfafd8ad0:   dc db 6d ff 4c 89 e7 e8 24 df 6d ff 48 81 c4 08
0x00007fccfafd8ae0:   01 00 00 5b 41 5c 41 5d 41 5e 41 5f 5d c3 4c 89
0x00007fccfafd8af0:   e2 be 00 01 00 00 48 89 df e8 92 e1 6d ff 48 85
0x00007fccfafd8b00:   c0 74 ae 48 8d 35 b1 46 2f 00 48 89 df e8 5e df
0x00007fccfafd8b10:   6d ff 48 85 c0 74 41 66 0f 1f 84 00 00 00 00 00
0x00007fccfafd8b20:   be 22 00 00 00 48 89 df e8 d3 df 6d ff 48 85 c0
0x00007fccfafd8b30:   74 46 48 8d 58 01 be 22 00 00 00 48 89 df e8 bd
0x00007fccfafd8b40:   df 6d ff 48 85 c0 0f 85 77 ff ff ff e9 75 ff ff
0x00007fccfafd8b50:   ff 0f 1f 80 00 00 00 00 48 8d 35 71 46 2f 00 48
0x00007fccfafd8b60:   89 df e8 09 df 6d ff 48 85 c0 0f 84 41 ff ff ff
0x00007fccfafd8b70:   eb ae 66 0f 1f 44 00 00 48 89 df be 3d 00 00 00
0x00007fccfafd8b80:   e8 7b df 6d ff 48 8d 58 01 e9 23 ff ff ff 66 90
0x00007fccfafd8b90:   55 48 89 e5 41 57 41 56 41 55 41 54 49 89 d6 53
0x00007fccfafd8ba0:   49 89 f5 48 81 ec 88 00 00 00 e8 81 e6 6d ff 48
0x00007fccfafd8bb0:   89 c3 44 8b 20 e8 26 58 1a 00 31 d2 84 c0 75 38
0x00007fccfafd8bc0:   48 83 ba d0 00 00 00 00 74 16 4c 8b ba 68 02 00
0x00007fccfafd8bd0:   00 41 8b 87 a8 00 00 00 83 f8 01 74 2b 44 89 23
0x00007fccfafd8be0:   48 81 c4 88 00 00 00 5b 41 5c 41 5d 41 5e 41 5f
0x00007fccfafd8bf0:   5d c3 66 0f 1f 44 00 00 e8 f3 57 1a 00 48 89 c2
0x00007fccfafd8c00:   eb be 66 0f 1f 44 00 00 4d 89 af b0 00 00 00 4d
0x00007fccfafd8c10:   8d af a8 00 00 00 4d 89 b7 b8 00 00 00 ba 02 00
0x00007fccfafd8c20:   00 00 be 01 00 00 00 4c 89 ef e8 01 cb ff ff 83
0x00007fccfafd8c30:   f8 02 74 3c 85 c0 75 18 49 c7 87 b8 00 00 00 00
0x00007fccfafd8c40:   00 00 00 49 c7 87 b0 00 00 00 00 00 00 00 eb 8d
0x00007fccfafd8c50:   48 8d 05 51 96 7b 00 48 8d 3d 7a 4e 2f 00 be 64
0x00007fccfafd8c60:   11 00 00 48 8b 00 c6 00 58 e8 22 16 ab ff eb c8
0x00007fccfafd8c70:   4c 8d b5 50 ff ff ff 4c 89 f7 e8 11 e2 6d ff 4c
0x00007fccfafd8c80:   89 f2 31 f6 31 ff e8 15 e3 6d ff 8b 35 ff 37 7d
0x00007fccfafd8c90:   00 4c 89 f7 e8 c7 de 6d ff 48 8d 3d 60 73 81 00
0x00007fccfafd8ca0:   be 01 00 00 00 e8 a6 bc 0c 00 66 0f 1f 44 00 00
0x00007fccfafd8cb0:   4c 89 f7 e8 d8 e5 6d ff 31 d2 be 03 00 00 00 4c 


Stack slot to memory mapping:
stack at sp + 0 slots: 
[error occurred during error reporting (inspecting top of stack), id 0xb, SIGSEGV (0xb) at pc=0x00007fccfb17f9e7]


---------------  P R O C E S S  ---------------

VM state:not at safepoint (normal execution)

VM Mutex/Monitor currently owned by a thread: None

Heap address: 0x00000000e0c00000, size: 500 MB, Compressed Oops mode: 32-bit
Narrow klass base: 0x0000000800000000, Narrow klass shift: 3
Compressed class space size: 1073741824 Address: 0x0000000840000000

Heap:
 def new generation   total 10240K, used 2211K [0x00000000e0c00000, 0x00000000e1710000, 0x00000000eb2a0000)
  eden space 9152K,  24% used [0x00000000e0c00000, 0x00000000e0e28d68, 0x00000000e14f0000)
  from space 1088K,   0% used [0x00000000e14f0000, 0x00000000e14f0000, 0x00000000e1600000)
  to   space 1088K,   0% used [0x00000000e1600000, 0x00000000e1600000, 0x00000000e1710000)
 tenured generation   total 22592K, used 13553K [0x00000000eb2a0000, 0x00000000ec8b0000, 0x0000000100000000)
   the space 22592K,  59% used [0x00000000eb2a0000, 0x00000000ebfdc788, 0x00000000ebfdc800, 0x00000000ec8b0000)
 Metaspace       used 21063K, capacity 21822K, committed 22144K, reserved 1069056K
  class space    used 2414K, capacity 2664K, committed 2688K, reserved 1048576K

Card table byte_map: [0x00007fccf864d000,0x00007fccf8748000] _byte_map_base: 0x00007fccf7f47000

Polling page: 0x00007fccfc628000

Metaspace:

Usage:
  Non-class:     18.71 MB capacity,    18.21 MB ( 97%) used,   471.67 KB (  2%) free+waste,    37.50 KB ( <1%) overhead. 
      Class:      2.60 MB capacity,     2.36 MB ( 91%) used,   231.16 KB (  9%) free+waste,    18.00 KB ( <1%) overhead. 
       Both:     21.31 MB capacity,    20.57 MB ( 97%) used,   702.84 KB (  3%) free+waste,    55.50 KB ( <1%) overhead. 

Virtual space:
  Non-class space:       20.00 MB reserved,      19.00 MB ( 95%) committed 
      Class space:        1.00 GB reserved,       2.62 MB ( <1%) committed 
             Both:        1.02 GB reserved,      21.62 MB (  2%) committed 

Chunk freelists:
   Non-Class:  70.00 KB
       Class:  0 bytes
        Both:  70.00 KB

MaxMetaspaceSize: unlimited
CompressedClassSpaceSize: 1.00 GB

CodeHeap 'non-profiled nmethods': size=120036Kb used=1586Kb max_used=1586Kb free=118449Kb
 bounds [0x00007fcce43d7000, 0x00007fcce4647000, 0x00007fcceb910000]
CodeHeap 'profiled nmethods': size=120032Kb used=8866Kb max_used=8866Kb free=111165Kb
 bounds [0x00007fccdce9f000, 0x00007fccdd74f000, 0x00007fcce43d7000]
CodeHeap 'non-nmethods': size=5692Kb used=1147Kb max_used=1186Kb free=4544Kb
 bounds [0x00007fccdc910000, 0x00007fccdcb80000, 0x00007fccdce9f000]
 total_blobs=5406 nmethods=4184 adapters=398
 compilation: enabled
              stopped_count=0, restarted_count=0
 full_count=0

Compilation events (20 events):
Event: 8.877 Thread 0x00007fccf405b800 4191   !   3       java.io.PrintStream::write (69 bytes)
Event: 8.879 Thread 0x00007fccf405b800 nmethod 4191 0x00007fccdd743610 code [0x00007fccdd743840, 0x00007fccdd744078]
Event: 8.879 Thread 0x00007fccf405b800 4192       3       java.io.PrintStream::print (9 bytes)
Event: 8.879 Thread 0x00007fccf405b800 nmethod 4192 0x00007fccdd744390 code [0x00007fccdd744560, 0x00007fccdd744738]
Event: 8.879 Thread 0x00007fccf405b800 4193       3       sun.nio.cs.StreamEncoder::implWrite (137 bytes)
Event: 8.882 Thread 0x00007fccf405b800 nmethod 4193 0x00007fccdd744810 code [0x00007fccdd744a60, 0x00007fccdd7452c8]
Event: 8.882 Thread 0x00007fccf405b800 4195       3       java.util.regex.Pattern$BmpCharPredicate$$Lambda$4/0x0000000840064840::is (13 bytes)
Event: 8.882 Thread 0x00007fccf405b800 nmethod 4195 0x00007fccdd745510 code [0x00007fccdd745700, 0x00007fccdd745b98]
Event: 8.882 Thread 0x00007fccf405b800 4194   !   3       java.io.BufferedWriter::flushBuffer (53 bytes)
Event: 8.883 Thread 0x00007fccf405b800 nmethod 4194 0x00007fccdd745d10 code [0x00007fccdd745f00, 0x00007fccdd746558]
Event: 8.899 Thread 0x00007fccf4059800 4196       4       java.util.regex.Pattern$Slice::match (79 bytes)
Event: 8.902 Thread 0x00007fccf405b800 4197       3       java.lang.String::getBytes (44 bytes)
Event: 8.902 Thread 0x00007fccf405b800 nmethod 4197 0x00007fccdd746790 code [0x00007fccdd746980, 0x00007fccdd746d18]
Event: 8.902 Thread 0x00007fccf405b800 4198       3       java.lang.AbstractStringBuilder::append (45 bytes)
Event: 8.903 Thread 0x00007fccf405b800 nmethod 4198 0x00007fccdd746e90 code [0x00007fccdd7470c0, 0x00007fccdd747658]
Event: 8.903 Thread 0x00007fccf4059800 nmethod 4196 0x00007fcce4562790 code [0x00007fcce4562940, 0x00007fcce4562b18]
Event: 8.976 Thread 0x00007fccf4059800 4199   !   4       java.nio.charset.CharsetEncoder::encode (285 bytes)
Event: 8.982 Thread 0x00007fccf4059800 nmethod 4199 0x00007fcce4562c90 code [0x00007fcce4562e60, 0x00007fcce4563188]
Event: 8.982 Thread 0x00007fccf4059800 4200       4       sun.nio.cs.UTF_8$Encoder::encodeLoop (28 bytes)
Event: 8.984 Thread 0x00007fccf4059800 nmethod 4200 0x00007fcce4563590 code [0x00007fcce4563740, 0x00007fcce4563888]

GC Heap History (20 events):
Event: 3.510 GC heap before
{Heap before GC invocations=12 (full 0):
 def new generation   total 9792K, used 9204K [0x00000000e0c00000, 0x00000000e16a0000, 0x00000000eb2a0000)
  eden space 8704K, 100% used [0x00000000e0c00000, 0x00000000e1480000, 0x00000000e1480000)
  from space 1088K,  45% used [0x00000000e1480000, 0x00000000e14fd088, 0x00000000e1590000)
  to   space 1088K,   0% used [0x00000000e1590000, 0x00000000e1590000, 0x00000000e16a0000)
 tenured generation   total 21888K, used 7831K [0x00000000eb2a0000, 0x00000000ec800000, 0x0000000100000000)
   the space 21888K,  35% used [0x00000000eb2a0000, 0x00000000eba45fe8, 0x00000000eba46000, 0x00000000ec800000)
 Metaspace       used 14034K, capacity 15630K, committed 16000K, reserved 1062912K
  class space    used 1610K, capacity 1831K, committed 1920K, reserved 1048576K
}
Event: 3.513 GC heap after
{Heap after GC invocations=13 (full 0):
 def new generation   total 9792K, used 890K [0x00000000e0c00000, 0x00000000e16a0000, 0x00000000eb2a0000)
  eden space 8704K,   0% used [0x00000000e0c00000, 0x00000000e0c00000, 0x00000000e1480000)
  from space 1088K,  81% used [0x00000000e1590000, 0x00000000e166e8c8, 0x00000000e16a0000)
  to   space 1088K,   0% used [0x00000000e1480000, 0x00000000e1480000, 0x00000000e1590000)
 tenured generation   total 21888K, used 7831K [0x00000000eb2a0000, 0x00000000ec800000, 0x0000000100000000)
   the space 21888K,  35% used [0x00000000eb2a0000, 0x00000000eba45fe8, 0x00000000eba46000, 0x00000000ec800000)
 Metaspace       used 14034K, capacity 15630K, committed 16000K, reserved 1062912K
  class space    used 1610K, capacity 1831K, committed 1920K, reserved 1048576K
}
Event: 3.800 GC heap before
{Heap before GC invocations=13 (full 0):
 def new generation   total 9792K, used 9594K [0x00000000e0c00000, 0x00000000e16a0000, 0x00000000eb2a0000)
  eden space 8704K, 100% used [0x00000000e0c00000, 0x00000000e1480000, 0x00000000e1480000)
  from space 1088K,  81% used [0x00000000e1590000, 0x00000000e166e8c8, 0x00000000e16a0000)
  to   space 1088K,   0% used [0x00000000e1480000, 0x00000000e1480000, 0x00000000e1590000)
 tenured generation   total 21888K, used 7831K [0x00000000eb2a0000, 0x00000000ec800000, 0x0000000100000000)
   the space 21888K,  35% used [0x00000000eb2a0000, 0x00000000eba45fe8, 0x00000000eba46000, 0x00000000ec800000)
 Metaspace       used 14510K, capacity 16050K, committed 16256K, reserved 1062912K
  class space    used 1639K, capacity 1867K, committed 1920K, reserved 1048576K
}
Event: 3.803 GC heap after
{Heap after GC invocations=14 (full 0):
 def new generation   total 9792K, used 997K [0x00000000e0c00000, 0x00000000e16a0000, 0x00000000eb2a0000)
  eden space 8704K,   0% used [0x00000000e0c00000, 0x00000000e0c00000, 0x00000000e1480000)
  from space 1088K,  91% used [0x00000000e1480000, 0x00000000e15794f0, 0x00000000e1590000)
  to   space 1088K,   0% used [0x00000000e1590000, 0x00000000e1590000, 0x00000000e16a0000)
 tenured generation   total 21888K, used 8236K [0x00000000eb2a0000, 0x00000000ec800000, 0x0000000100000000)
   the space 21888K,  37% used [0x00000000eb2a0000, 0x00000000ebaab2d0, 0x00000000ebaab400, 0x00000000ec800000)
 Metaspace       used 14510K, capacity 16050K, committed 16256K, reserved 1062912K
  class space    used 1639K, capacity 1867K, committed 1920K, reserved 1048576K
}
Event: 3.965 GC heap before
{Heap before GC invocations=14 (full 0):
 def new generation   total 9792K, used 9701K [0x00000000e0c00000, 0x00000000e16a0000, 0x00000000eb2a0000)
  eden space 8704K, 100% used [0x00000000e0c00000, 0x00000000e1480000, 0x00000000e1480000)
  from space 1088K,  91% used [0x00000000e1480000, 0x00000000e15794f0, 0x00000000e1590000)
  to   space 1088K,   0% used [0x00000000e1590000, 0x00000000e1590000, 0x00000000e16a0000)
 tenured generation   total 21888K, used 8236K [0x00000000eb2a0000, 0x00000000ec800000, 0x0000000100000000)
   the space 21888K,  37% used [0x00000000eb2a0000, 0x00000000ebaab2d0, 0x00000000ebaab400, 0x00000000ec800000)
 Metaspace       used 14921K, capacity 16455K, committed 16896K, reserved 1064960K
  class space    used 1667K, capacity 1934K, committed 2048K, reserved 1048576K
}
Event: 3.970 GC heap after
{Heap after GC invocations=15 (full 0):
 def new generation   total 9792K, used 528K [0x00000000e0c00000, 0x00000000e16a0000, 0x00000000eb2a0000)
  eden space 8704K,   0% used [0x00000000e0c00000, 0x00000000e0c00000, 0x00000000e1480000)
  from space 1088K,  48% used [0x00000000e1590000, 0x00000000e1614200, 0x00000000e16a0000)
  to   space 1088K,   0% used [0x00000000e1480000, 0x00000000e1480000, 0x00000000e1590000)
 tenured generation   total 21888K, used 9192K [0x00000000eb2a0000, 0x00000000ec800000, 0x0000000100000000)
   the space 21888K,  42% used [0x00000000eb2a0000, 0x00000000ebb9a3e8, 0x00000000ebb9a400, 0x00000000ec800000)
 Metaspace       used 14921K, capacity 16455K, committed 16896K, reserved 1064960K
  class space    used 1667K, capacity 1934K, committed 2048K, reserved 1048576K
}
Event: 4.190 GC heap before
{Heap before GC invocations=15 (full 0):
 def new generation   total 9792K, used 9232K [0x00000000e0c00000, 0x00000000e16a0000, 0x00000000eb2a0000)
  eden space 8704K, 100% used [0x00000000e0c00000, 0x00000000e1480000, 0x00000000e1480000)
  from space 1088K,  48% used [0x00000000e1590000, 0x00000000e1614200, 0x00000000e16a0000)
  to   space 1088K,   0% used [0x00000000e1480000, 0x00000000e1480000, 0x00000000e1590000)
 tenured generation   total 21888K, used 9192K [0x00000000eb2a0000, 0x00000000ec800000, 0x0000000100000000)
   the space 21888K,  42% used [0x00000000eb2a0000, 0x00000000ebb9a3e8, 0x00000000ebb9a400, 0x00000000ec800000)
 Metaspace       used 15748K, capacity 17267K, committed 17536K, reserved 1064960K
  class space    used 1802K, capacity 2078K, committed 2176K, reserved 1048576K
}
Event: 4.193 GC heap after
{Heap after GC invocations=16 (full 0):
 def new generation   total 9792K, used 969K [0x00000000e0c00000, 0x00000000e16a0000, 0x00000000eb2a0000)
  eden space 8704K,   0% used [0x00000000e0c00000, 0x00000000e0c00000, 0x00000000e1480000)
  from space 1088K,  89% used [0x00000000e1480000, 0x00000000e1572778, 0x00000000e1590000)
  to   space 1088K,   0% used [0x00000000e1590000, 0x00000000e1590000, 0x00000000e16a0000)
 tenured generation   total 21888K, used 9192K [0x00000000eb2a0000, 0x00000000ec800000, 0x0000000100000000)
   the space 21888K,  42% used [0x00000000eb2a0000, 0x00000000ebb9a3e8, 0x00000000ebb9a400, 0x00000000ec800000)
 Metaspace       used 15748K, capacity 17267K, committed 17536K, reserved 1064960K
  class space    used 1802K, capacity 2078K, committed 2176K, reserved 1048576K
}
Event: 4.677 GC heap before
{Heap before GC invocations=16 (full 0):
 def new generation   total 9792K, used 9673K [0x00000000e0c00000, 0x00000000e16a0000, 0x00000000eb2a0000)
  eden space 8704K, 100% used [0x00000000e0c00000, 0x00000000e1480000, 0x00000000e1480000)
  from space 1088K,  89% used [0x00000000e1480000, 0x00000000e1572778, 0x00000000e1590000)
  to   space 1088K,   0% used [0x00000000e1590000, 0x00000000e1590000, 0x00000000e16a0000)
 tenured generation   total 21888K, used 9192K [0x00000000eb2a0000, 0x00000000ec800000, 0x0000000100000000)
   the space 21888K,  42% used [0x00000000eb2a0000, 0x00000000ebb9a3e8, 0x00000000ebb9a400, 0x00000000ec800000)
 Metaspace       used 17575K, capacity 18476K, committed 18688K, reserved 1064960K
  class space    used 2024K, capacity 2270K, committed 2304K, reserved 1048576K
}
Event: 4.685 GC heap after
{Heap after GC invocations=17 (full 0):
 def new generation   total 9792K, used 1088K [0x00000000e0c00000, 0x00000000e16a0000, 0x00000000eb2a0000)
  eden space 8704K,   0% used [0x00000000e0c00000, 0x00000000e0c00000, 0x00000000e1480000)
  from space 1088K, 100% used [0x00000000e1590000, 0x00000000e16a0000, 0x00000000e16a0000)
  to   space 1088K,   0% used [0x00000000e1480000, 0x00000000e1480000, 0x00000000e1590000)
 tenured generation   total 21888K, used 9946K [0x00000000eb2a0000, 0x00000000ec800000, 0x0000000100000000)
   the space 21888K,  45% used [0x00000000eb2a0000, 0x00000000ebc56868, 0x00000000ebc56a00, 0x00000000ec800000)
 Metaspace       used 17575K, capacity 18476K, committed 18688K, reserved 1064960K
  class space    used 2024K, capacity 2270K, committed 2304K, reserved 1048576K
}
Event: 5.093 GC heap before
{Heap before GC invocations=17 (full 0):
 def new generation   total 9792K, used 9791K [0x00000000e0c00000, 0x00000000e16a0000, 0x00000000eb2a0000)
  eden space 8704K,  99% used [0x00000000e0c00000, 0x00000000e147fff0, 0x00000000e1480000)
  from space 1088K, 100% used [0x00000000e1590000, 0x00000000e16a0000, 0x00000000e16a0000)
  to   space 1088K,   0% used [0x00000000e1480000, 0x00000000e1480000, 0x00000000e1590000)
 tenured generation   total 21888K, used 9946K [0x00000000eb2a0000, 0x00000000ec800000, 0x0000000100000000)
   the space 21888K,  45% used [0x00000000eb2a0000, 0x00000000ebc56868, 0x00000000ebc56a00, 0x00000000ec800000)
 Metaspace       used 17795K, capacity 18611K, committed 18688K, reserved 1064960K
  class space    used 2028K, capacity 2271K, committed 2304K, reserved 1048576K
}
Event: 5.099 GC heap after
{Heap after GC invocations=18 (full 0):
 def new generation   total 9792K, used 662K [0x00000000e0c00000, 0x00000000e16a0000, 0x00000000eb2a0000)
  eden space 8704K,   0% used [0x00000000e0c00000, 0x00000000e0c00000, 0x00000000e1480000)
  from space 1088K,  60% used [0x00000000e1480000, 0x00000000e1525af8, 0x00000000e1590000)
  to   space 1088K,   0% used [0x00000000e1590000, 0x00000000e1590000, 0x00000000e16a0000)
 tenured generation   total 21888K, used 11008K [0x00000000eb2a0000, 0x00000000ec800000, 0x0000000100000000)
   the space 21888K,  50% used [0x00000000eb2a0000, 0x00000000ebd603f0, 0x00000000ebd60400, 0x00000000ec800000)
 Metaspace       used 17795K, capacity 18611K, committed 18688K, reserved 1064960K
  class space    used 2028K, capacity 2271K, committed 2304K, reserved 1048576K
}
Event: 5.215 GC heap before
{Heap before GC invocations=18 (full 0):
 def new generation   total 9792K, used 9366K [0x00000000e0c00000, 0x00000000e16a0000, 0x00000000eb2a0000)
  eden space 8704K, 100% used [0x00000000e0c00000, 0x00000000e1480000, 0x00000000e1480000)
  from space 1088K,  60% used [0x00000000e1480000, 0x00000000e1525af8, 0x00000000e1590000)
  to   space 1088K,   0% used [0x00000000e1590000, 0x00000000e1590000, 0x00000000e16a0000)
 tenured generation   total 21888K, used 11008K [0x00000000eb2a0000, 0x00000000ec800000, 0x0000000100000000)
   the space 21888K,  50% used [0x00000000eb2a0000, 0x00000000ebd603f0, 0x00000000ebd60400, 0x00000000ec800000)
 Metaspace       used 17858K, capacity 18682K, committed 18944K, reserved 1067008K
  class space    used 2029K, capacity 2273K, committed 2304K, reserved 1048576K
}
Event: 5.219 GC heap after
{Heap after GC invocations=19 (full 0):
 def new generation   total 9792K, used 547K [0x00000000e0c00000, 0x00000000e16a0000, 0x00000000eb2a0000)
  eden space 8704K,   0% used [0x00000000e0c00000, 0x00000000e0c00000, 0x00000000e1480000)
  from space 1088K,  50% used [0x00000000e1590000, 0x00000000e1618c08, 0x00000000e16a0000)
  to   space 1088K,   0% used [0x00000000e1480000, 0x00000000e1480000, 0x00000000e1590000)
 tenured generation   total 21888K, used 11585K [0x00000000eb2a0000, 0x00000000ec800000, 0x0000000100000000)
   the space 21888K,  52% used [0x00000000eb2a0000, 0x00000000ebdf06e8, 0x00000000ebdf0800, 0x00000000ec800000)
 Metaspace       used 17858K, capacity 18682K, committed 18944K, reserved 1067008K
  class space    used 2029K, capacity 2273K, committed 2304K, reserved 1048576K
}
Event: 5.420 GC heap before
{Heap before GC invocations=19 (full 0):
 def new generation   total 9792K, used 9191K [0x00000000e0c00000, 0x00000000e16a0000, 0x00000000eb2a0000)
  eden space 8704K,  99% used [0x00000000e0c00000, 0x00000000e1471250, 0x00000000e1480000)
  from space 1088K,  50% used [0x00000000e1590000, 0x00000000e1618c08, 0x00000000e16a0000)
  to   space 1088K,   0% used [0x00000000e1480000, 0x00000000e1480000, 0x00000000e1590000)
 tenured generation   total 21888K, used 11585K [0x00000000eb2a0000, 0x00000000ec800000, 0x0000000100000000)
   the space 21888K,  52% used [0x00000000eb2a0000, 0x00000000ebdf06e8, 0x00000000ebdf0800, 0x00000000ec800000)
 Metaspace       used 18026K, capacity 18866K, committed 19072K, reserved 1067008K
  class space    used 2045K, capacity 2313K, committed 2432K, reserved 1048576K
}
Event: 5.424 GC heap after
{Heap after GC invocations=20 (full 0):
 def new generation   total 9792K, used 449K [0x00000000e0c00000, 0x00000000e16a0000, 0x00000000eb2a0000)
  eden space 8704K,   0% used [0x00000000e0c00000, 0x00000000e0c00000, 0x00000000e1480000)
  from space 1088K,  41% used [0x00000000e1480000, 0x00000000e14f05c8, 0x00000000e1590000)
  to   space 1088K,   0% used [0x00000000e1590000, 0x00000000e1590000, 0x00000000e16a0000)
 tenured generation   total 21888K, used 12044K [0x00000000eb2a0000, 0x00000000ec800000, 0x0000000100000000)
   the space 21888K,  55% used [0x00000000eb2a0000, 0x00000000ebe63258, 0x00000000ebe63400, 0x00000000ec800000)
 Metaspace       used 18026K, capacity 18866K, committed 19072K, reserved 1067008K
  class space    used 2045K, capacity 2313K, committed 2432K, reserved 1048576K
}
Event: 6.189 GC heap before
{Heap before GC invocations=20 (full 0):
 def new generation   total 9792K, used 9153K [0x00000000e0c00000, 0x00000000e16a0000, 0x00000000eb2a0000)
  eden space 8704K, 100% used [0x00000000e0c00000, 0x00000000e1480000, 0x00000000e1480000)
  from space 1088K,  41% used [0x00000000e1480000, 0x00000000e14f05c8, 0x00000000e1590000)
  to   space 1088K,   0% used [0x00000000e1590000, 0x00000000e1590000, 0x00000000e16a0000)
 tenured generation   total 21888K, used 12044K [0x00000000eb2a0000, 0x00000000ec800000, 0x0000000100000000)
   the space 21888K,  55% used [0x00000000eb2a0000, 0x00000000ebe63258, 0x00000000ebe63400, 0x00000000ec800000)
 Metaspace       used 19273K, capacity 20030K, committed 20224K, reserved 1067008K
  class space    used 2213K, capacity 2465K, committed 2560K, reserved 1048576K
}
Event: 6.193 GC heap after
{Heap after GC invocations=21 (full 0):
 def new generation   total 9792K, used 1087K [0x00000000e0c00000, 0x00000000e16a0000, 0x00000000eb2a0000)
  eden space 8704K,   0% used [0x00000000e0c00000, 0x00000000e0c00000, 0x00000000e1480000)
  from space 1088K,  99% used [0x00000000e1590000, 0x00000000e169fff8, 0x00000000e16a0000)
  to   space 1088K,   0% used [0x00000000e1480000, 0x00000000e1480000, 0x00000000e1590000)
 tenured generation   total 21888K, used 12375K [0x00000000eb2a0000, 0x00000000ec800000, 0x0000000100000000)
   the space 21888K,  56% used [0x00000000eb2a0000, 0x00000000ebeb5dd0, 0x00000000ebeb5e00, 0x00000000ec800000)
 Metaspace       used 19273K, capacity 20030K, committed 20224K, reserved 1067008K
  class space    used 2213K, capacity 2465K, committed 2560K, reserved 1048576K
}
Event: 6.879 GC heap before
{Heap before GC invocations=21 (full 0):
 def new generation   total 9792K, used 2598K [0x00000000e0c00000, 0x00000000e16a0000, 0x00000000eb2a0000)
  eden space 8704K,  17% used [0x00000000e0c00000, 0x00000000e0d79a38, 0x00000000e1480000)
  from space 1088K,  99% used [0x00000000e1590000, 0x00000000e169fff8, 0x00000000e16a0000)
  to   space 1088K,   0% used [0x00000000e1480000, 0x00000000e1480000, 0x00000000e1590000)
 tenured generation   total 21888K, used 12375K [0x00000000eb2a0000, 0x00000000ec800000, 0x0000000100000000)
   the space 21888K,  56% used [0x00000000eb2a0000, 0x00000000ebeb5dd0, 0x00000000ebeb5e00, 0x00000000ec800000)
 Metaspace       used 20251K, capacity 20937K, committed 21248K, reserved 1069056K
  class space    used 2317K, capacity 2538K, committed 2560K, reserved 1048576K
}
Event: 6.920 GC heap after
{Heap after GC invocations=22 (full 1):
 def new generation   total 10240K, used 0K [0x00000000e0c00000, 0x00000000e1710000, 0x00000000eb2a0000)
  eden space 9152K,   0% used [0x00000000e0c00000, 0x00000000e0c00000, 0x00000000e14f0000)
  from space 1088K,   0% used [0x00000000e14f0000, 0x00000000e14f0000, 0x00000000e1600000)
  to   space 1088K,   0% used [0x00000000e1600000, 0x00000000e1600000, 0x00000000e1710000)
 tenured generation   total 22592K, used 13553K [0x00000000eb2a0000, 0x00000000ec8b0000, 0x0000000100000000)
   the space 22592K,  59% used [0x00000000eb2a0000, 0x00000000ebfdc788, 0x00000000ebfdc800, 0x00000000ec8b0000)
 Metaspace       used 20251K, capacity 20937K, committed 21248K, reserved 1069056K
  class space    used 2317K, capacity 2538K, committed 2560K, reserved 1048576K
}

Deoptimization events (20 events):
Event: 7.415 Thread 0x00007fccf50d8800 Uncommon trap: trap_request=0xffffffc6 fr.pc=0x00007fcce44e5d70 relative=0x0000000000000210
Event: 7.415 Thread 0x00007fccf50d8800 Uncommon trap: reason=bimorphic_or_optimized_type_check action=maybe_recompile pc=0x00007fcce44e5d70 method=java.util.regex.Pattern$BmpCharProperty.match(Ljava/util/regex/Matcher;ILjava/lang/CharSequence;)Z @ 14 c2
Event: 7.415 Thread 0x00007fccf50d8800 DEOPT PACKING pc=0x00007fcce44e5d70 sp=0x00007fccce7f0550
Event: 7.415 Thread 0x00007fccf50d8800 DEOPT UNPACKING pc=0x00007fccdc9383a5 sp=0x00007fccce7f0500 mode 2
Event: 7.415 Thread 0x00007fccf50d8800 Uncommon trap: trap_request=0xffffffc6 fr.pc=0x00007fcce44f358c relative=0x00000000000000cc
Event: 7.416 Thread 0x00007fccf50d8800 Uncommon trap: reason=bimorphic_or_optimized_type_check action=maybe_recompile pc=0x00007fcce44f358c method=java.lang.Character.codePointBefore(Ljava/lang/CharSequence;I)I @ 5 c2
Event: 7.416 Thread 0x00007fccf50d8800 DEOPT PACKING pc=0x00007fcce44f358c sp=0x00007fccce7f0600
Event: 7.416 Thread 0x00007fccf50d8800 DEOPT UNPACKING pc=0x00007fccdc9383a5 sp=0x00007fccce7f05a8 mode 2
Event: 7.416 Thread 0x00007fccf50d8800 Uncommon trap: trap_request=0xffffffc6 fr.pc=0x00007fcce44f358c relative=0x00000000000000cc
Event: 7.416 Thread 0x00007fccf50d8800 Uncommon trap: reason=bimorphic_or_optimized_type_check action=maybe_recompile pc=0x00007fcce44f358c method=java.lang.Character.codePointBefore(Ljava/lang/CharSequence;I)I @ 5 c2
Event: 7.416 Thread 0x00007fccf50d8800 DEOPT PACKING pc=0x00007fcce44f358c sp=0x00007fccce7f0600
Event: 7.416 Thread 0x00007fccf50d8800 DEOPT UNPACKING pc=0x00007fccdc9383a5 sp=0x00007fccce7f05a8 mode 2
Event: 7.416 Thread 0x00007fccf50d8800 Uncommon trap: trap_request=0xffffffc6 fr.pc=0x00007fcce44f358c relative=0x00000000000000cc
Event: 7.416 Thread 0x00007fccf50d8800 Uncommon trap: reason=bimorphic_or_optimized_type_check action=maybe_recompile pc=0x00007fcce44f358c method=java.lang.Character.codePointBefore(Ljava/lang/CharSequence;I)I @ 5 c2
Event: 7.416 Thread 0x00007fccf50d8800 DEOPT PACKING pc=0x00007fcce44f358c sp=0x00007fccce7f0600
Event: 7.416 Thread 0x00007fccf50d8800 DEOPT UNPACKING pc=0x00007fccdc9383a5 sp=0x00007fccce7f05a8 mode 2
Event: 7.416 Thread 0x00007fccf50d8800 Uncommon trap: trap_request=0xffffffc6 fr.pc=0x00007fcce44f358c relative=0x00000000000000cc
Event: 7.416 Thread 0x00007fccf50d8800 Uncommon trap: reason=bimorphic_or_optimized_type_check action=maybe_recompile pc=0x00007fcce44f358c method=java.lang.Character.codePointBefore(Ljava/lang/CharSequence;I)I @ 5 c2
Event: 7.416 Thread 0x00007fccf50d8800 DEOPT PACKING pc=0x00007fcce44f358c sp=0x00007fccce7f0600
Event: 7.416 Thread 0x00007fccf50d8800 DEOPT UNPACKING pc=0x00007fccdc9383a5 sp=0x00007fccce7f05a8 mode 2

Classes redefined (0 events):
No events

Internal exceptions (17 events):
Event: 0.162 Thread 0x00007fccf4014000 Exception <a 'java/lang/NoSuchMethodError'{0x00000000e0f1db00}: 'int java.lang.invoke.DirectMethodHandle$Holder.invokeSpecialIFC(java.lang.Object, java.lang.Object, int)'> (0x00000000e0f1db00) thrown at [/build/openjdk-11-11.0.6+10/src/hotspot/share/inter
Event: 1.999 Thread 0x00007fccf4014000 Exception <a 'java/lang/NoClassDefFoundError'{0x00000000e0fcd460}: com/google/inject/servlet/ServletModuleTargetVisitor> (0x00000000e0fcd460) thrown at [/build/openjdk-11-11.0.6+10/src/hotspot/share/classfile/systemDictionary.cpp, line 220]
Event: 1.999 Thread 0x00007fccf4014000 Exception <a 'java/lang/NoClassDefFoundError'{0x00000000e0fcd460}> (0x00000000e0fcd460) thrown at [/build/openjdk-11-11.0.6+10/src/hotspot/share/prims/jvm.cpp, line 1301]
Event: 1.999 Thread 0x00007fccf4014000 Exception <a 'java/lang/NoClassDefFoundError'{0x00000000e0fcff88}: javax/annotation/Priority> (0x00000000e0fcff88) thrown at [/build/openjdk-11-11.0.6+10/src/hotspot/share/classfile/systemDictionary.cpp, line 220]
Event: 2.684 Thread 0x00007fccf4014000 Implicit null exception at 0x00007fcce442e685 to 0x00007fcce442e862
Event: 4.276 Thread 0x00007fccf4014000 Exception <a 'java/lang/NoSuchMethodError'{0x00000000e0cb5ba0}: 'java.lang.Object java.lang.invoke.DirectMethodHandle$Holder.invokeStatic(java.lang.Object, java.lang.Object, java.lang.Object, java.lang.Object, java.lang.Object, java.lang.Object, java.lang
Event: 4.281 Thread 0x00007fccf4014000 Exception <a 'java/lang/NoSuchMethodError'{0x00000000e0cc3be0}: 'java.lang.Object java.lang.invoke.DirectMethodHandle$Holder.invokeStatic(java.lang.Object, java.lang.Object, java.lang.Object, java.lang.Object, java.lang.Object, java.lang.Object, java.lang
Event: 4.285 Thread 0x00007fccf4014000 Exception <a 'java/lang/NoSuchMethodError'{0x00000000e0cd1af8}: 'java.lang.Object java.lang.invoke.DirectMethodHandle$Holder.invokeSpecial(java.lang.Object, java.lang.Object, int, int, java.lang.Object, java.lang.Object, java.lang.Object)'> (0x00000000e0c
Event: 4.286 Thread 0x00007fccf4014000 Exception <a 'java/lang/NoSuchMethodError'{0x00000000e0cd5330}: 'java.lang.Object java.lang.invoke.DelegatingMethodHandle$Holder.reinvoke_L(java.lang.Object, int, int, java.lang.Object, java.lang.Object, java.lang.Object)'> (0x00000000e0cd5330) thrown at 
Event: 4.288 Thread 0x00007fccf4014000 Exception <a 'java/lang/NoSuchMethodError'{0x00000000e0cd9bd0}: 'java.lang.Object java.lang.invoke.DirectMethodHandle$Holder.invokeStatic(java.lang.Object, java.lang.Object, java.lang.Object, java.lang.Object, int)'> (0x00000000e0cd9bd0) thrown at [/build
Event: 4.672 Thread 0x00007fccf4014000 Exception <a 'java/lang/NoSuchMethodError'{0x00000000e146a988}: 'java.lang.Object java.lang.invoke.DirectMethodHandle$Holder.invokeStatic(java.lang.Object, int, java.lang.Object)'> (0x00000000e146a988) thrown at [/build/openjdk-11-11.0.6+10/src/hotspot/sh
Event: 5.573 Thread 0x00007fccf4014000 Exception <a 'java/lang/NoSuchMethodError'{0x00000000e10e9ee8}: 'java.lang.Object java.lang.invoke.DirectMethodHandle$Holder.invokeStaticInit(java.lang.Object, java.lang.Object, long, java.lang.Object)'> (0x00000000e10e9ee8) thrown at [/build/openjdk-11-1
Event: 5.574 Thread 0x00007fccf4014000 Exception <a 'java/lang/NoSuchMethodError'{0x00000000e10f6048}: 'java.lang.Object java.lang.invoke.Invokers$Holder.linkToTargetMethod(java.lang.Object, long, java.lang.Object)'> (0x00000000e10f6048) thrown at [/build/openjdk-11-11.0.6+10/src/hotspot/share
Event: 5.578 Thread 0x00007fccf4014000 Exception <a 'java/lang/NoSuchMethodError'{0x00000000e10fcd98}: 'java.lang.Object java.lang.invoke.DirectMethodHandle$Holder.invokeStatic(java.lang.Object, java.lang.Object, java.lang.Object, int)'> (0x00000000e10fcd98) thrown at [/build/openjdk-11-11.0.6
Event: 5.578 Thread 0x00007fccf4014000 Exception <a 'java/lang/NoSuchMethodError'{0x00000000e1100760}: 'java.lang.Object java.lang.invoke.DirectMethodHandle$Holder.invokeSpecial(java.lang.Object, java.lang.Object, java.lang.Object, java.lang.Object, int)'> (0x00000000e1100760) thrown at [/buil
Event: 5.578 Thread 0x00007fccf4014000 Exception <a 'java/lang/NoSuchMethodError'{0x00000000e11037c8}: 'java.lang.Object java.lang.invoke.Invokers$Holder.linkToTargetMethod(java.lang.Object, java.lang.Object, int, java.lang.Object)'> (0x00000000e11037c8) thrown at [/build/openjdk-11-11.0.6+10/
Event: 6.980 Thread 0x00007fccf4014000 Exception <a 'java/lang/ClassNotFoundException'{0x00000000e0d932b8}: sun/util/logging/resources/spi/loggingProvider> (0x00000000e0d932b8) thrown at [/build/openjdk-11-11.0.6+10/src/hotspot/share/classfile/systemDictionary.cpp, line 231]

Events (20 events):
Event: 6.980 loading class sun/util/logging/resources/logging_en
Event: 6.980 loading class sun/util/logging/resources/logging_en done
Event: 6.981 loading class sun/util/logging/resources/logging_en_US
Event: 6.981 loading class sun/util/logging/resources/logging_en_US done
Event: 6.981 loading class sun/util/logging/resources/logging_en_US
Event: 6.981 loading class sun/util/logging/resources/logging_en_US done
Event: 6.989 loading class java/util/Scanner
Event: 6.990 loading class java/util/Scanner done
Event: 6.997 loading class java/util/Scanner$PatternLRUCache
Event: 6.997 loading class java/util/Scanner$PatternLRUCache done
Event: 7.000 Thread 0x00007fccf50de000 Thread added: 0x00007fccf50de000
Event: 7.000 Protecting memory [0x00007fccce7f2000,0x00007fccce7f6000] with protection modes 0
Event: 7.007 Thread 0x00007fccf50d8800 Thread added: 0x00007fccf50d8800
Event: 7.008 Protecting memory [0x00007fccce6f1000,0x00007fccce6f5000] with protection modes 0
Event: 7.396 loading class java/util/regex/Matcher$ImmutableMatchResult
Event: 7.396 loading class java/util/regex/Matcher$ImmutableMatchResult done
Event: 7.396 loading class org/apache/maven/plugin/logging/Log
Event: 7.396 loading class org/apache/maven/plugin/logging/Log done
Event: 7.396 loading class org/apache/maven/plugin/logging/Log
Event: 7.396 loading class org/apache/maven/plugin/logging/Log done


Dynamic libraries:
e0c00000-e1710000 rw-p 00000000 00:00 0 
e1710000-eb2a0000 ---p 00000000 00:00 0 
eb2a0000-ec8b0000 rw-p 00000000 00:00 0 
ec8b0000-100000000 ---p 00000000 00:00 0 
800000000-800002000 rwxp 00001000 08:01 2118409                          /usr/lib/jvm/java-11-openjdk-amd64/lib/server/classes.jsa
800002000-8003b7000 rw-p 00003000 08:01 2118409                          /usr/lib/jvm/java-11-openjdk-amd64/lib/server/classes.jsa
8003b7000-800a8a000 r--p 003b8000 08:01 2118409                          /usr/lib/jvm/java-11-openjdk-amd64/lib/server/classes.jsa
800a8a000-800a8b000 rw-p 00a8b000 08:01 2118409                          /usr/lib/jvm/java-11-openjdk-amd64/lib/server/classes.jsa
800a8b000-801095000 r--p 00a8c000 08:01 2118409                          /usr/lib/jvm/java-11-openjdk-amd64/lib/server/classes.jsa
840000000-8402a0000 rw-p 00000000 00:00 0 
8402a0000-880000000 ---p 00000000 00:00 0 
560cbd5b4000-560cbd5b5000 r-xp 00000000 08:01 2118040                    /usr/lib/jvm/java-11-openjdk-amd64/bin/java
560cbd7b5000-560cbd7b6000 r--p 00001000 08:01 2118040                    /usr/lib/jvm/java-11-openjdk-amd64/bin/java
560cbd7b6000-560cbd7b7000 rw-p 00002000 08:01 2118040                    /usr/lib/jvm/java-11-openjdk-amd64/bin/java
560cbed7a000-560cbedbc000 rw-p 00000000 00:00 0                          [heap]
7fcca4000000-7fcca4021000 rw-p 00000000 00:00 0 
7fcca4021000-7fcca8000000 ---p 00000000 00:00 0 
7fcca8000000-7fcca8021000 rw-p 00000000 00:00 0 
7fcca8021000-7fccac000000 ---p 00000000 00:00 0 
7fccac000000-7fccac021000 rw-p 00000000 00:00 0 
7fccac021000-7fccb0000000 ---p 00000000 00:00 0 
7fccb0000000-7fccb0021000 rw-p 00000000 00:00 0 
7fccb0021000-7fccb4000000 ---p 00000000 00:00 0 
7fccb4000000-7fccb4021000 rw-p 00000000 00:00 0 
7fccb4021000-7fccb8000000 ---p 00000000 00:00 0 
7fccb8000000-7fccb8021000 rw-p 00000000 00:00 0 
7fccb8021000-7fccbc000000 ---p 00000000 00:00 0 
7fccbc000000-7fccbd105000 rw-p 00000000 00:00 0 
7fccbd105000-7fccc0000000 ---p 00000000 00:00 0 
7fccc0000000-7fccc0021000 rw-p 00000000 00:00 0 
7fccc0021000-7fccc4000000 ---p 00000000 00:00 0 
7fccc4000000-7fccc5173000 rw-p 00000000 00:00 0 
7fccc5173000-7fccc8000000 ---p 00000000 00:00 0 
7fccc8000000-7fccc8021000 rw-p 00000000 00:00 0 
7fccc8021000-7fcccc000000 ---p 00000000 00:00 0 
7fccce109000-7fccce209000 rw-p 00000000 00:00 0 
7fccce209000-7fccce309000 ---p 00000000 00:00 0 
7fccce309000-7fccce509000 rw-p 00000000 00:00 0 
7fccce6f1000-7fccce6f5000 ---p 00000000 00:00 0 
7fccce6f5000-7fccce7f2000 rw-p 00000000 00:00 0 
7fccce7f2000-7fccce7f6000 ---p 00000000 00:00 0 
7fccce7f6000-7fccceaf3000 rw-p 00000000 00:00 0 
7fccceaf3000-7fcccecf3000 rw-p 00000000 00:00 0 
7fcccecf3000-7fccceef3000 rw-p 00000000 00:00 0 
7fcccefcb000-7fcccf1cb000 rw-p 00000000 00:00 0 
7fcccf1cb000-7fcccf1cd000 r-xp 00000000 08:01 1843038                    /lib/x86_64-linux-gnu/libutil-2.24.so
7fcccf1cd000-7fcccf3cc000 ---p 00002000 08:01 1843038                    /lib/x86_64-linux-gnu/libutil-2.24.so
7fcccf3cc000-7fcccf3cd000 r--p 00001000 08:01 1843038                    /lib/x86_64-linux-gnu/libutil-2.24.so
7fcccf3cd000-7fcccf3ce000 rw-p 00002000 08:01 1843038                    /lib/x86_64-linux-gnu/libutil-2.24.so
7fcccf3ce000-7fcccf3d1000 r-xp 00000000 08:01 1993728                    /opt/maven/lib/jansi-native/linux64/libjansi.so
7fcccf3d1000-7fcccf5d0000 ---p 00003000 08:01 1993728                    /opt/maven/lib/jansi-native/linux64/libjansi.so
7fcccf5d0000-7fcccf5d1000 rw-p 00002000 08:01 1993728                    /opt/maven/lib/jansi-native/linux64/libjansi.so
7fcccf5d1000-7fcccf5e7000 r-xp 00000000 08:01 2118388                    /usr/lib/jvm/java-11-openjdk-amd64/lib/libnet.so
7fcccf5e7000-7fcccf7e6000 ---p 00016000 08:01 2118388                    /usr/lib/jvm/java-11-openjdk-amd64/lib/libnet.so
7fcccf7e6000-7fcccf7e7000 r--p 00015000 08:01 2118388                    /usr/lib/jvm/java-11-openjdk-amd64/lib/libnet.so
7fcccf7e7000-7fcccf7e8000 rw-p 00016000 08:01 2118388                    /usr/lib/jvm/java-11-openjdk-amd64/lib/libnet.so
7fcccf7e8000-7fcccf7f8000 r-xp 00000000 08:01 2118389                    /usr/lib/jvm/java-11-openjdk-amd64/lib/libnio.so
7fcccf7f8000-7fcccf9f7000 ---p 00010000 08:01 2118389                    /usr/lib/jvm/java-11-openjdk-amd64/lib/libnio.so
7fcccf9f7000-7fcccf9f8000 r--p 0000f000 08:01 2118389                    /usr/lib/jvm/java-11-openjdk-amd64/lib/libnio.so
7fcccf9f8000-7fcccf9f9000 rw-p 00010000 08:01 2118389                    /usr/lib/jvm/java-11-openjdk-amd64/lib/libnio.so
7fcccf9f9000-7fcccf9fd000 ---p 00000000 00:00 0 
7fcccf9fd000-7fcccfafa000 rw-p 00000000 00:00 0 
7fcccfafa000-7fcccfafb000 ---p 00000000 00:00 0 
7fcccfafb000-7fcccfbfc000 rw-p 00000000 00:00 0 
7fcccfbfc000-7fcccfc00000 ---p 00000000 00:00 0 
7fcccfc00000-7fcccfcfd000 rw-p 00000000 00:00 0 
7fcccfcfd000-7fcccfd01000 ---p 00000000 00:00 0 
7fcccfd01000-7fcccfdfe000 rw-p 00000000 00:00 0 
7fcccfdfe000-7fcccfe02000 ---p 00000000 00:00 0 
7fcccfe02000-7fcccfeff000 rw-p 00000000 00:00 0 
7fcccfeff000-7fcccff03000 ---p 00000000 00:00 0 
7fcccff03000-7fccd0000000 rw-p 00000000 00:00 0 
7fccd0000000-7fccd0021000 rw-p 00000000 00:00 0 
7fccd0021000-7fccd4000000 ---p 00000000 00:00 0 
7fccd4000000-7fccd4021000 rw-p 00000000 00:00 0 
7fccd4021000-7fccd8000000 ---p 00000000 00:00 0 
7fccd8000000-7fccd8061000 rw-p 00000000 00:00 0 
7fccd8061000-7fccdc000000 ---p 00000000 00:00 0 
7fccdc00f000-7fccdc013000 ---p 00000000 00:00 0 
7fccdc013000-7fccdc910000 rw-p 00000000 00:00 0 
7fccdc910000-7fccdcb80000 rwxp 00000000 00:00 0 
7fccdcb80000-7fccdce9f000 ---p 00000000 00:00 0 
7fccdce9f000-7fccdd74f000 rwxp 00000000 00:00 0 
7fccdd74f000-7fcce43d7000 ---p 00000000 00:00 0 
7fcce43d7000-7fcce4647000 rwxp 00000000 00:00 0 
7fcce4647000-7fcceb910000 ---p 00000000 00:00 0 
7fcceb910000-7fccf4000000 r--s 00000000 08:01 2118399                    /usr/lib/jvm/java-11-openjdk-amd64/lib/modules
7fccf4000000-7fccf5104000 rw-p 00000000 00:00 0 
7fccf5104000-7fccf8000000 ---p 00000000 00:00 0 
7fccf8036000-7fccf803a000 ---p 00000000 00:00 0 
7fccf803a000-7fccf8089000 rw-p 00000000 00:00 0 
7fccf8089000-7fccf8224000 r--p 00000000 08:01 1850658                    /usr/lib/locale/locale-archive
7fccf8224000-7fccf8228000 ---p 00000000 00:00 0 
7fccf8228000-7fccf8325000 rw-p 00000000 00:00 0 
7fccf8325000-7fccf8329000 ---p 00000000 00:00 0 
7fccf8329000-7fccf8426000 rw-p 00000000 00:00 0 
7fccf8426000-7fccf8427000 ---p 00000000 00:00 0 
7fccf8427000-7fccf8653000 rw-p 00000000 00:00 0 
7fccf8653000-7fccf86a0000 ---p 00000000 00:00 0 
7fccf86a0000-7fccf86ac000 rw-p 00000000 00:00 0 
7fccf86ac000-7fccf8747000 ---p 00000000 00:00 0 
7fccf8747000-7fccf874d000 rw-p 00000000 00:00 0 
7fccf874d000-7fccf8833000 ---p 00000000 00:00 0 
7fccf8833000-7fccf8845000 rw-p 00000000 00:00 0 
7fccf8845000-7fccf891e000 ---p 00000000 00:00 0 
7fccf891e000-7fccf8923000 r-xp 00000000 08:01 2118380                    /usr/lib/jvm/java-11-openjdk-amd64/lib/libjimage.so
7fccf8923000-7fccf8b22000 ---p 00005000 08:01 2118380                    /usr/lib/jvm/java-11-openjdk-amd64/lib/libjimage.so
7fccf8b22000-7fccf8b23000 r--p 00004000 08:01 2118380                    /usr/lib/jvm/java-11-openjdk-amd64/lib/libjimage.so
7fccf8b23000-7fccf8b24000 rw-p 00005000 08:01 2118380                    /usr/lib/jvm/java-11-openjdk-amd64/lib/libjimage.so
7fccf8b24000-7fccf8b2b000 r-xp 00000000 08:01 2118398                    /usr/lib/jvm/java-11-openjdk-amd64/lib/libzip.so
7fccf8b2b000-7fccf8d2a000 ---p 00007000 08:01 2118398                    /usr/lib/jvm/java-11-openjdk-amd64/lib/libzip.so
7fccf8d2a000-7fccf8d2b000 r--p 00006000 08:01 2118398                    /usr/lib/jvm/java-11-openjdk-amd64/lib/libzip.so
7fccf8d2b000-7fccf8d2c000 rw-p 00007000 08:01 2118398                    /usr/lib/jvm/java-11-openjdk-amd64/lib/libzip.so
7fccf8d2c000-7fccf8d36000 r-xp 00000000 08:01 1843001                    /lib/x86_64-linux-gnu/libnss_files-2.24.so
7fccf8d36000-7fccf8f36000 ---p 0000a000 08:01 1843001                    /lib/x86_64-linux-gnu/libnss_files-2.24.so
7fccf8f36000-7fccf8f37000 r--p 0000a000 08:01 1843001                    /lib/x86_64-linux-gnu/libnss_files-2.24.so
7fccf8f37000-7fccf8f38000 rw-p 0000b000 08:01 1843001                    /lib/x86_64-linux-gnu/libnss_files-2.24.so
7fccf8f38000-7fccf8f3e000 rw-p 00000000 00:00 0 
7fccf8f3e000-7fccf8f49000 r-xp 00000000 08:01 1843005                    /lib/x86_64-linux-gnu/libnss_nis-2.24.so
7fccf8f49000-7fccf9148000 ---p 0000b000 08:01 1843005                    /lib/x86_64-linux-gnu/libnss_nis-2.24.so
7fccf9148000-7fccf9149000 r--p 0000a000 08:01 1843005                    /lib/x86_64-linux-gnu/libnss_nis-2.24.so
7fccf9149000-7fccf914a000 rw-p 0000b000 08:01 1843005                    /lib/x86_64-linux-gnu/libnss_nis-2.24.so
7fccf914a000-7fccf915e000 r-xp 00000000 08:01 1842995                    /lib/x86_64-linux-gnu/libnsl-2.24.so
7fccf915e000-7fccf935e000 ---p 00014000 08:01 1842995                    /lib/x86_64-linux-gnu/libnsl-2.24.so
7fccf935e000-7fccf935f000 r--p 00014000 08:01 1842995                    /lib/x86_64-linux-gnu/libnsl-2.24.so
7fccf935f000-7fccf9360000 rw-p 00015000 08:01 1842995                    /lib/x86_64-linux-gnu/libnsl-2.24.so
7fccf9360000-7fccf9362000 rw-p 00000000 00:00 0 
7fccf9362000-7fccf9369000 r-xp 00000000 08:01 1842997                    /lib/x86_64-linux-gnu/libnss_compat-2.24.so
7fccf9369000-7fccf9568000 ---p 00007000 08:01 1842997                    /lib/x86_64-linux-gnu/libnss_compat-2.24.so
7fccf9568000-7fccf9569000 r--p 00006000 08:01 1842997                    /lib/x86_64-linux-gnu/libnss_compat-2.24.so
7fccf9569000-7fccf956a000 rw-p 00007000 08:01 1842997                    /lib/x86_64-linux-gnu/libnss_compat-2.24.so
7fccf956a000-7fccf9593000 r-xp 00000000 08:01 2118376                    /usr/lib/jvm/java-11-openjdk-amd64/lib/libjava.so
7fccf9593000-7fccf9792000 ---p 00029000 08:01 2118376                    /usr/lib/jvm/java-11-openjdk-amd64/lib/libjava.so
7fccf9792000-7fccf9793000 r--p 00028000 08:01 2118376                    /usr/lib/jvm/java-11-openjdk-amd64/lib/libjava.so
7fccf9793000-7fccf9795000 rw-p 00029000 08:01 2118376                    /usr/lib/jvm/java-11-openjdk-amd64/lib/libjava.so
7fccf9795000-7fccf97a2000 r-xp 00000000 08:01 2118397                    /usr/lib/jvm/java-11-openjdk-amd64/lib/libverify.so
7fccf97a2000-7fccf99a1000 ---p 0000d000 08:01 2118397                    /usr/lib/jvm/java-11-openjdk-amd64/lib/libverify.so
7fccf99a1000-7fccf99a3000 r--p 0000c000 08:01 2118397                    /usr/lib/jvm/java-11-openjdk-amd64/lib/libverify.so
7fccf99a3000-7fccf99a4000 rw-p 0000e000 08:01 2118397                    /usr/lib/jvm/java-11-openjdk-amd64/lib/libverify.so
7fccf99a4000-7fccf99ab000 r-xp 00000000 08:01 1843022                    /lib/x86_64-linux-gnu/librt-2.24.so
7fccf99ab000-7fccf9baa000 ---p 00007000 08:01 1843022                    /lib/x86_64-linux-gnu/librt-2.24.so
7fccf9baa000-7fccf9bab000 r--p 00006000 08:01 1843022                    /lib/x86_64-linux-gnu/librt-2.24.so
7fccf9bab000-7fccf9bac000 rw-p 00007000 08:01 1843022                    /lib/x86_64-linux-gnu/librt-2.24.so
7fccf9bac000-7fccf9bc2000 r-xp 00000000 08:01 1842975                    /lib/x86_64-linux-gnu/libgcc_s.so.1
7fccf9bc2000-7fccf9dc1000 ---p 00016000 08:01 1842975                    /lib/x86_64-linux-gnu/libgcc_s.so.1
7fccf9dc1000-7fccf9dc2000 r--p 00015000 08:01 1842975                    /lib/x86_64-linux-gnu/libgcc_s.so.1
7fccf9dc2000-7fccf9dc3000 rw-p 00016000 08:01 1842975                    /lib/x86_64-linux-gnu/libgcc_s.so.1
7fccf9dc3000-7fccf9ec6000 r-xp 00000000 08:01 1842984                    /lib/x86_64-linux-gnu/libm-2.24.so
7fccf9ec6000-7fccfa0c5000 ---p 00103000 08:01 1842984                    /lib/x86_64-linux-gnu/libm-2.24.so
7fccfa0c5000-7fccfa0c6000 r--p 00102000 08:01 1842984                    /lib/x86_64-linux-gnu/libm-2.24.so
7fccfa0c6000-7fccfa0c7000 rw-p 00103000 08:01 1842984                    /lib/x86_64-linux-gnu/libm-2.24.so
7fccfa0c7000-7fccfa239000 r-xp 00000000 08:01 1843740                    /usr/lib/x86_64-linux-gnu/libstdc++.so.6.0.22
7fccfa239000-7fccfa439000 ---p 00172000 08:01 1843740                    /usr/lib/x86_64-linux-gnu/libstdc++.so.6.0.22
7fccfa439000-7fccfa443000 r--p 00172000 08:01 1843740                    /usr/lib/x86_64-linux-gnu/libstdc++.so.6.0.22
7fccfa443000-7fccfa445000 rw-p 0017c000 08:01 1843740                    /usr/lib/x86_64-linux-gnu/libstdc++.so.6.0.22
7fccfa445000-7fccfa449000 rw-p 00000000 00:00 0 
7fccfa449000-7fccfb4d1000 r-xp 00000000 08:01 2118411                    /usr/lib/jvm/java-11-openjdk-amd64/lib/server/libjvm.so
7fccfb4d1000-7fccfb6d0000 ---p 01088000 08:01 2118411                    /usr/lib/jvm/java-11-openjdk-amd64/lib/server/libjvm.so
7fccfb6d0000-7fccfb78d000 r--p 01087000 08:01 2118411                    /usr/lib/jvm/java-11-openjdk-amd64/lib/server/libjvm.so
7fccfb78d000-7fccfb7c7000 rw-p 01144000 08:01 2118411                    /usr/lib/jvm/java-11-openjdk-amd64/lib/server/libjvm.so
7fccfb7c7000-7fccfb81d000 rw-p 00000000 00:00 0 
7fccfb81d000-7fccfb9b2000 r-xp 00000000 08:01 1842955                    /lib/x86_64-linux-gnu/libc-2.24.so
7fccfb9b2000-7fccfbbb2000 ---p 00195000 08:01 1842955                    /lib/x86_64-linux-gnu/libc-2.24.so
7fccfbbb2000-7fccfbbb6000 r--p 00195000 08:01 1842955                    /lib/x86_64-linux-gnu/libc-2.24.so
7fccfbbb6000-7fccfbbb8000 rw-p 00199000 08:01 1842955                    /lib/x86_64-linux-gnu/libc-2.24.so
7fccfbbb8000-7fccfbbbc000 rw-p 00000000 00:00 0 
7fccfbbbc000-7fccfbbbf000 r-xp 00000000 08:01 1842967                    /lib/x86_64-linux-gnu/libdl-2.24.so
7fccfbbbf000-7fccfbdbe000 ---p 00003000 08:01 1842967                    /lib/x86_64-linux-gnu/libdl-2.24.so
7fccfbdbe000-7fccfbdbf000 r--p 00002000 08:01 1842967                    /lib/x86_64-linux-gnu/libdl-2.24.so
7fccfbdbf000-7fccfbdc0000 rw-p 00003000 08:01 1842967                    /lib/x86_64-linux-gnu/libdl-2.24.so
7fccfbdc0000-7fccfbdcf000 r-xp 00000000 08:01 2118358                    /usr/lib/jvm/java-11-openjdk-amd64/lib/jli/libjli.so
7fccfbdcf000-7fccfbfce000 ---p 0000f000 08:01 2118358                    /usr/lib/jvm/java-11-openjdk-amd64/lib/jli/libjli.so
7fccfbfce000-7fccfbfcf000 r--p 0000e000 08:01 2118358                    /usr/lib/jvm/java-11-openjdk-amd64/lib/jli/libjli.so
7fccfbfcf000-7fccfbfd0000 rw-p 0000f000 08:01 2118358                    /usr/lib/jvm/java-11-openjdk-amd64/lib/jli/libjli.so
7fccfbfd0000-7fccfbfe8000 r-xp 00000000 08:01 1843018                    /lib/x86_64-linux-gnu/libpthread-2.24.so
7fccfbfe8000-7fccfc1e7000 ---p 00018000 08:01 1843018                    /lib/x86_64-linux-gnu/libpthread-2.24.so
7fccfc1e7000-7fccfc1e8000 r--p 00017000 08:01 1843018                    /lib/x86_64-linux-gnu/libpthread-2.24.so
7fccfc1e8000-7fccfc1e9000 rw-p 00018000 08:01 1843018                    /lib/x86_64-linux-gnu/libpthread-2.24.so
7fccfc1e9000-7fccfc1ed000 rw-p 00000000 00:00 0 
7fccfc1ed000-7fccfc206000 r-xp 00000000 08:01 1843043                    /lib/x86_64-linux-gnu/libz.so.1.2.8
7fccfc206000-7fccfc405000 ---p 00019000 08:01 1843043                    /lib/x86_64-linux-gnu/libz.so.1.2.8
7fccfc405000-7fccfc406000 r--p 00018000 08:01 1843043                    /lib/x86_64-linux-gnu/libz.so.1.2.8
7fccfc406000-7fccfc407000 rw-p 00019000 08:01 1843043                    /lib/x86_64-linux-gnu/libz.so.1.2.8
7fccfc407000-7fccfc42a000 r-xp 00000000 08:01 1842937                    /lib/x86_64-linux-gnu/ld-2.24.so
7fccfc444000-7fccfc471000 rw-p 00000000 00:00 0 
7fccfc471000-7fccfc50c000 ---p 00000000 00:00 0 
7fccfc50c000-7fccfc511000 rw-p 00000000 00:00 0 
7fccfc511000-7fccfc518000 ---p 00000000 00:00 0 
7fccfc518000-7fccfc51a000 r--s 00007000 08:01 2379129                    /usr/share/java/java-atk-wrapper.jar
7fccfc51a000-7fccfc51e000 ---p 00000000 00:00 0 
7fccfc51e000-7fccfc61f000 rw-p 00000000 00:00 0 
7fccfc620000-7fccfc628000 rw-s 00000000 08:01 411604                     /tmp/hsperfdata_tanzachary/4186
7fccfc628000-7fccfc629000 ---p 00000000 00:00 0 
7fccfc629000-7fccfc62a000 r--p 00000000 00:00 0 
7fccfc62a000-7fccfc62b000 r--p 00023000 08:01 1842937                    /lib/x86_64-linux-gnu/ld-2.24.so
7fccfc62b000-7fccfc62c000 rw-p 00024000 08:01 1842937                    /lib/x86_64-linux-gnu/ld-2.24.so
7fccfc62c000-7fccfc62d000 rw-p 00000000 00:00 0 
7fffe45b0000-7fffe45d1000 rw-p 00000000 00:00 0                          [stack]
7fffe45e6000-7fffe45e9000 r--p 00000000 00:00 0                          [vvar]
7fffe45e9000-7fffe45eb000 r-xp 00000000 00:00 0                          [vdso]
ffffffffff600000-ffffffffff601000 r-xp 00000000 00:00 0                  [vsyscall]


VM Arguments:
jvm_args: -Dclassworlds.conf=/opt/maven/bin/m2.conf -Dmaven.home=/opt/maven -Dlibrary.jansi.path=/opt/maven/lib/jansi-native -Dmaven.multiModuleProjectDirectory=/home/tanzachary/step/portfolio 
java_command: org.codehaus.plexus.classworlds.launcher.Launcher package appengine:run
java_class_path (initial): /opt/maven/boot/plexus-classworlds-2.6.0.jar
Launcher Type: SUN_STANDARD

[Global flags]
     intx CICompilerCount                          = 2                                         {product} {ergonomic}
   size_t InitialHeapSize                          = 33554432                                  {product} {ergonomic}
   size_t MaxHeapSize                              = 524288000                                 {product} {ergonomic}
   size_t MaxNewSize                               = 174718976                                 {product} {ergonomic}
   size_t MinHeapDeltaBytes                        = 196608                                    {product} {ergonomic}
   size_t NewSize                                  = 11141120                                  {product} {ergonomic}
    uintx NonNMethodCodeHeapSize                   = 5825164                                {pd product} {ergonomic}
    uintx NonProfiledCodeHeapSize                  = 122916538                              {pd product} {ergonomic}
   size_t OldSize                                  = 22413312                                  {product} {ergonomic}
    uintx ProfiledCodeHeapSize                     = 122916538                              {pd product} {ergonomic}
    uintx ReservedCodeCacheSize                    = 251658240                              {pd product} {ergonomic}
     bool SegmentedCodeCache                       = true                                      {product} {ergonomic}
     bool UseCompressedClassPointers               = true                                 {lp64_product} {ergonomic}
     bool UseCompressedOops                        = true                                 {lp64_product} {ergonomic}
     bool UseSerialGC                              = true                                      {product} {ergonomic}

Logging:
Log output configuration:
 #0: stdout all=warning uptime,level,tags
 #1: stderr all=off uptime,level,tags

Environment Variables:
JAVA_HOME=/usr/lib/jvm/java-11-openjdk-amd64
PATH=/home/tanzachary/step/portfolio/node_modules/.bin:/home/tanzachary/gopath/bin:/google/gopath/bin:/home/tanzachary/.gems/bin:/usr/local/go/bin:/opt/gradle/bin:/opt/maven/bin:/usr/local/sbin:/usr/local/bin:/usr/sbin:/usr/bin:/sbin:/bin:/usr/local/nvm/versions/node/v10.14.2/bin:/google/go_appengine:/google/google_appengine:/google/migrate/anthos/
SHELL=/bin/bash

Signal Handlers:
SIGSEGV: [libjvm.so+0xd9bff0], sa_mask[0]=11111111011111111101111111111110, sa_flags=SA_RESTART|SA_SIGINFO
SIGBUS: [libjvm.so+0xd9bff0], sa_mask[0]=11111111011111111101111111111110, sa_flags=SA_RESTART|SA_SIGINFO
SIGFPE: [libjvm.so+0xd9bff0], sa_mask[0]=11111111011111111101111111111110, sa_flags=SA_RESTART|SA_SIGINFO
SIGPIPE: [libjvm.so+0xb8fcf0], sa_mask[0]=11111111011111111101111111111110, sa_flags=SA_RESTART|SA_SIGINFO
SIGXFSZ: [libjvm.so+0xb8fcf0], sa_mask[0]=11111111011111111101111111111110, sa_flags=SA_RESTART|SA_SIGINFO
SIGILL: [libjvm.so+0xd9bff0], sa_mask[0]=11111111011111111101111111111110, sa_flags=SA_RESTART|SA_SIGINFO
SIGUSR2: [libjvm.so+0xb8fb90], sa_mask[0]=00000000000000000000000000000000, sa_flags=SA_RESTART|SA_SIGINFO
SIGHUP: [libjvm.so+0xb8fef0], sa_mask[0]=11111111011111111101111111111110, sa_flags=SA_RESTART|SA_SIGINFO
SIGINT: [libjvm.so+0xb8fef0], sa_mask[0]=11111111011111111101111111111110, sa_flags=SA_RESTART|SA_SIGINFO
SIGTERM: [libjvm.so+0xb8fef0], sa_mask[0]=11111111011111111101111111111110, sa_flags=SA_RESTART|SA_SIGINFO
SIGQUIT: [libjvm.so+0xb8fef0], sa_mask[0]=11111111011111111101111111111110, sa_flags=SA_RESTART|SA_SIGINFO


---------------  S Y S T E M  ---------------

OS:PRETTY_NAME="Debian GNU/Linux 9 (stretch)"
NAME="Debian GNU/Linux"
VERSION_ID="9"
VERSION="9 (stretch)"
VERSION_CODENAME=stretch
ID=debian
HOME_URL="https://www.debian.org/"
SUPPORT_URL="https://www.debian.org/support"
BUG_REPORT_URL="https://bugs.debian.org/"
uname:Linux 4.19.112+ #1 SMP Wed May 6 00:27:44 PDT 2020 x86_64
libc:glibc 2.24 NPTL 2.24 
rlimit: STACK 8192k, CORE infinity, NPROC infinity, NOFILE 1048576, AS infinity, DATA infinity, FSIZE infinity
load average:1.57 1.26 0.83

/proc/meminfo:
MemTotal:        2043884 kB
MemFree:           86604 kB
MemAvailable:     789164 kB
Buffers:           73004 kB
Cached:           648876 kB
SwapCached:          740 kB
Active:           914688 kB
Inactive:         727096 kB
Active(anon):     488624 kB
Inactive(anon):   408936 kB
Active(file):     426064 kB
Inactive(file):   318160 kB
Unevictable:           0 kB
Mlocked:               0 kB
SwapTotal:        786428 kB
SwapFree:         700412 kB
Dirty:              2956 kB
Writeback:             0 kB
AnonPages:        919204 kB
Mapped:           385888 kB
Shmem:               820 kB
Slab:             197196 kB
SReclaimable:     145988 kB
SUnreclaim:        51208 kB
KernelStack:        8408 kB
PageTables:        13968 kB
NFS_Unstable:          0 kB
Bounce:                0 kB
WritebackTmp:          0 kB
CommitLimit:     1808368 kB
Committed_AS:    5217252 kB
VmallocTotal:   34359738367 kB
VmallocUsed:           0 kB
VmallocChunk:          0 kB
Percpu:              968 kB
AnonHugePages:      2048 kB
ShmemHugePages:        0 kB
ShmemPmdMapped:        0 kB
HugePages_Total:       0
HugePages_Free:        0
HugePages_Rsvd:        0
HugePages_Surp:        0
Hugepagesize:       2048 kB
Hugetlb:               0 kB
DirectMap4k:       85180 kB
DirectMap2M:     2011136 kB
DirectMap1G:           0 kB


/proc/sys/kernel/threads-max (system-wide limit on the number of threads):
15631


/proc/sys/vm/max_map_count (maximum number of memory map areas a process may have):
65530


/proc/sys/kernel/pid_max (system-wide limit on number of process identifiers):
4194304



container (cgroup) information:
container_type: cgroupv1
cpu_cpuset_cpus: 0-1
cpu_memory_nodes: 0
active_processor_count: 1
cpu_quota: -1
cpu_period: 100000
cpu_shares: 2
memory_limit_in_bytes: -1
memory_and_swap_limit_in_bytes: -1
memory_soft_limit_in_bytes: -1
memory_usage_in_bytes: 648912896
memory_max_usage_in_bytes: 684109824

KVM virtualization detected
Steal ticks since vm start: 5
Steal ticks percentage since vm start:  0.000

CPU:total 2 (initial active 1) (1 cores per cpu, 2 threads per core) family 6 model 63 stepping 0, cmov, cx8, fxsr, mmx, sse, sse2, sse3, ssse3, sse4.1, sse4.2, popcnt, avx, avx2, aes, clmul, erms, lzcnt, ht, tsc, tscinvbit, bmi1, bmi2, fma
CPU Model and flags from /proc/cpuinfo:
model name	: Intel(R) Xeon(R) CPU @ 2.30GHz
flags		: fpu vme de pse tsc msr pae mce cx8 apic sep mtrr pge mca cmov pat pse36 clflush mmx fxsr sse sse2 ss ht syscall nx pdpe1gb rdtscp lm constant_tsc rep_good nopl xtopology nonstop_tsc cpuid tsc_known_freq pni pclmulqdq ssse3 fma cx16 pcid sse4_1 sse4_2 x2apic movbe popcnt aes xsave avx f16c rdrand hypervisor lahf_lm abm invpcid_single pti ssbd ibrs ibpb stibp fsgsbase tsc_adjust bmi1 avx2 smep bmi2 erms invpcid xsaveopt arat md_clear arch_capabilities

Memory: 4k page, physical 2043884k(86604k free), swap 786428k(700412k free)

vm_info: OpenJDK 64-Bit Server VM (11.0.6+10-post-Debian-1bpo91) for linux-amd64 JRE (11.0.6+10-post-Debian-1bpo91), built on Feb  1 2020 09:07:43 by "unknown" with gcc 6.3.0 20170516

END.
