#
# A fatal error has been detected by the Java Runtime Environment:
#
#  SIGSEGV (0xb) at pc=0x00007f0ce17b0bc0, pid=3872, tid=3872
#
# JRE version: OpenJDK Runtime Environment (11.0.6+10) (build 11.0.6+10-post-Debian-1bpo91)
# Java VM: OpenJDK 64-Bit Server VM (11.0.6+10-post-Debian-1bpo91, mixed mode, sharing, tiered, compressed oops, serial gc, linux-amd64)
# Problematic frame:
# V  [libjvm.so+0xb8fbc0]
#
# Core dump will be written. Default location: Core dumps may be processed with "/sbin/crash_reporter --user=%P:%s:%u:%g:%e" (or dumping to /home/tanzachary/step/portfolio/core.3872)
#
# If you would like to submit a bug report, please visit:
#   https://bugs.debian.org/openjdk-11
#

---------------  S U M M A R Y ------------

Command Line: -Dclassworlds.conf=/opt/maven/bin/m2.conf -Dmaven.home=/opt/maven -Dlibrary.jansi.path=/opt/maven/lib/jansi-native -Dmaven.multiModuleProjectDirectory=/home/tanzachary/step/portfolio org.codehaus.plexus.classworlds.launcher.Launcher package appengine:run

Host: Intel(R) Xeon(R) CPU @ 2.30GHz, 2 cores, 1G, Debian GNU/Linux 9 (stretch)
Time: Thu May 28 17:40:09 2020 EDT elapsed time: 10 seconds (0d 0h 0m 10s)

---------------  T H R E A D  ---------------

Current thread is native thread

Stack: [0x00007ffd8af1e000,0x00007ffd8b71c000],  sp=0x00007ffd8b716a00,  free space=8162k
Native frames: (J=compiled Java code, A=aot compiled Java code, j=interpreted, Vv=VM code, C=native code)
V  [libjvm.so+0xb8fbc0]
C  [libpthread.so.0+0x110e0]


siginfo: si_signo: 11 (SIGSEGV), si_code: 1 (SEGV_MAPERR), si_addr: 0x00000000000000d0

Register to memory mapping:

RAX=0x0 is NULL
RBX=
[error occurred during error reporting (printing register info), id 0xb, SIGSEGV (0xb) at pc=0x00007f0ce19579e7]

Registers:
RAX=0x0000000000000000, RBX=0x00007f0ce2df3e18, RCX=0x00007f0ce27b06dd, RDX=0x0000000000000000
RSP=0x00007ffd8b716a00, RBP=0x00007ffd8b716ab0, RSI=0x00007ffd8b716bf0, RDI=0x0000000000000001
R8 =0x00000000000000ca, R9 =0x00007f0ce2df29d0, R10=0x0000000000000000, R11=0x0000000000000246
R12=0x0000000000000000, R13=0x00007ffd8b716bf0, R14=0x00007ffd8b716ac0, R15=0x00007f0ce2df2d28
RIP=0x00007f0ce17b0bc0, EFLAGS=0x0000000000010246, CSGSFS=0x002b000000000033, ERR=0x0000000000000004
  TRAPNO=0x000000000000000e

Top of Stack: (sp=0x00007ffd8b716a00)
0x00007ffd8b716a00:   0000000001e5cb59 00007f0ce2006038
0x00007ffd8b716a10:   00007ffd8b716b30 00007f0ce1ff8d90
0x00007ffd8b716a20:   00007ffd8b716a54 00007ffd8b716b20
0x00007ffd8b716a30:   000055ee81148c70 000000000000000b 

Instructions: (pc=0x00007f0ce17b0bc0)
0x00007f0ce17b0ac0:   c0 74 03 c6 00 00 4c 89 f7 4c 89 fa 48 89 de e8
0x00007f0ce17b0ad0:   dc db 6d ff 4c 89 e7 e8 24 df 6d ff 48 81 c4 08
0x00007f0ce17b0ae0:   01 00 00 5b 41 5c 41 5d 41 5e 41 5f 5d c3 4c 89
0x00007f0ce17b0af0:   e2 be 00 01 00 00 48 89 df e8 92 e1 6d ff 48 85
0x00007f0ce17b0b00:   c0 74 ae 48 8d 35 b1 46 2f 00 48 89 df e8 5e df
0x00007f0ce17b0b10:   6d ff 48 85 c0 74 41 66 0f 1f 84 00 00 00 00 00
0x00007f0ce17b0b20:   be 22 00 00 00 48 89 df e8 d3 df 6d ff 48 85 c0
0x00007f0ce17b0b30:   74 46 48 8d 58 01 be 22 00 00 00 48 89 df e8 bd
0x00007f0ce17b0b40:   df 6d ff 48 85 c0 0f 85 77 ff ff ff e9 75 ff ff
0x00007f0ce17b0b50:   ff 0f 1f 80 00 00 00 00 48 8d 35 71 46 2f 00 48
0x00007f0ce17b0b60:   89 df e8 09 df 6d ff 48 85 c0 0f 84 41 ff ff ff
0x00007f0ce17b0b70:   eb ae 66 0f 1f 44 00 00 48 89 df be 3d 00 00 00
0x00007f0ce17b0b80:   e8 7b df 6d ff 48 8d 58 01 e9 23 ff ff ff 66 90
0x00007f0ce17b0b90:   55 48 89 e5 41 57 41 56 41 55 41 54 49 89 d6 53
0x00007f0ce17b0ba0:   49 89 f5 48 81 ec 88 00 00 00 e8 81 e6 6d ff 48
0x00007f0ce17b0bb0:   89 c3 44 8b 20 e8 26 58 1a 00 31 d2 84 c0 75 38
0x00007f0ce17b0bc0:   48 83 ba d0 00 00 00 00 74 16 4c 8b ba 68 02 00
0x00007f0ce17b0bd0:   00 41 8b 87 a8 00 00 00 83 f8 01 74 2b 44 89 23
0x00007f0ce17b0be0:   48 81 c4 88 00 00 00 5b 41 5c 41 5d 41 5e 41 5f
0x00007f0ce17b0bf0:   5d c3 66 0f 1f 44 00 00 e8 f3 57 1a 00 48 89 c2
0x00007f0ce17b0c00:   eb be 66 0f 1f 44 00 00 4d 89 af b0 00 00 00 4d
0x00007f0ce17b0c10:   8d af a8 00 00 00 4d 89 b7 b8 00 00 00 ba 02 00
0x00007f0ce17b0c20:   00 00 be 01 00 00 00 4c 89 ef e8 01 cb ff ff 83
0x00007f0ce17b0c30:   f8 02 74 3c 85 c0 75 18 49 c7 87 b8 00 00 00 00
0x00007f0ce17b0c40:   00 00 00 49 c7 87 b0 00 00 00 00 00 00 00 eb 8d
0x00007f0ce17b0c50:   48 8d 05 51 96 7b 00 48 8d 3d 7a 4e 2f 00 be 64
0x00007f0ce17b0c60:   11 00 00 48 8b 00 c6 00 58 e8 22 16 ab ff eb c8
0x00007f0ce17b0c70:   4c 8d b5 50 ff ff ff 4c 89 f7 e8 11 e2 6d ff 4c
0x00007f0ce17b0c80:   89 f2 31 f6 31 ff e8 15 e3 6d ff 8b 35 ff 37 7d
0x00007f0ce17b0c90:   00 4c 89 f7 e8 c7 de 6d ff 48 8d 3d 60 73 81 00
0x00007f0ce17b0ca0:   be 01 00 00 00 e8 a6 bc 0c 00 66 0f 1f 44 00 00
0x00007f0ce17b0cb0:   4c 89 f7 e8 d8 e5 6d ff 31 d2 be 03 00 00 00 4c 


Stack slot to memory mapping:
stack at sp + 0 slots: 
[error occurred during error reporting (inspecting top of stack), id 0xb, SIGSEGV (0xb) at pc=0x00007f0ce19579e7]


---------------  P R O C E S S  ---------------

VM state:not at safepoint (normal execution)

VM Mutex/Monitor currently owned by a thread: None

Heap address: 0x00000000e0c00000, size: 500 MB, Compressed Oops mode: 32-bit
Narrow klass base: 0x0000000800000000, Narrow klass shift: 3
Compressed class space size: 1073741824 Address: 0x0000000840000000

Heap:
 def new generation   total 10368K, used 2094K [0x00000000e0c00000, 0x00000000e1730000, 0x00000000eb2a0000)
  eden space 9280K,  22% used [0x00000000e0c00000, 0x00000000e0e0bbc8, 0x00000000e1510000)
  from space 1088K,   0% used [0x00000000e1510000, 0x00000000e1510000, 0x00000000e1620000)
  to   space 1088K,   0% used [0x00000000e1620000, 0x00000000e1620000, 0x00000000e1730000)
 tenured generation   total 22852K, used 13709K [0x00000000eb2a0000, 0x00000000ec8f1000, 0x0000000100000000)
   the space 22852K,  59% used [0x00000000eb2a0000, 0x00000000ec003798, 0x00000000ec003800, 0x00000000ec8f1000)
 Metaspace       used 20839K, capacity 21566K, committed 21808K, reserved 1069056K
  class space    used 2414K, capacity 2664K, committed 2688K, reserved 1048576K

Card table byte_map: [0x00007f0cc36a4000,0x00007f0cc379f000] _byte_map_base: 0x00007f0cc2f9e000

Polling page: 0x00007f0ce2e00000

Metaspace:

Usage:
  Non-class:     18.46 MB capacity,    17.99 MB ( 97%) used,   439.96 KB (  2%) free+waste,    37.25 KB ( <1%) overhead. 
      Class:      2.60 MB capacity,     2.36 MB ( 91%) used,   231.22 KB (  9%) free+waste,    18.00 KB ( <1%) overhead. 
       Both:     21.06 MB capacity,    20.35 MB ( 97%) used,   671.18 KB (  3%) free+waste,    55.25 KB ( <1%) overhead. 

Virtual space:
  Non-class space:       20.00 MB reserved,      18.67 MB ( 93%) committed 
      Class space:        1.00 GB reserved,       2.62 MB ( <1%) committed 
             Both:        1.02 GB reserved,      21.30 MB (  2%) committed 

Chunk freelists:
   Non-Class:  46.00 KB
       Class:  0 bytes
        Both:  46.00 KB

MaxMetaspaceSize: unlimited
CompressedClassSpaceSize: 1.00 GB

CodeHeap 'non-profiled nmethods': size=120036Kb used=1506Kb max_used=1506Kb free=118529Kb
 bounds [0x00007f0ccb351000, 0x00007f0ccb5c1000, 0x00007f0cd288a000]
CodeHeap 'profiled nmethods': size=120032Kb used=8131Kb max_used=8131Kb free=111900Kb
 bounds [0x00007f0cc3e19000, 0x00007f0cc4619000, 0x00007f0ccb351000]
CodeHeap 'non-nmethods': size=5692Kb used=1148Kb max_used=1163Kb free=4543Kb
 bounds [0x00007f0cc388a000, 0x00007f0cc3afa000, 0x00007f0cc3e19000]
 total_blobs=5219 nmethods=4006 adapters=398
 compilation: enabled
              stopped_count=0, restarted_count=0
 full_count=0

Compilation events (20 events):
Event: 8.100 Thread 0x00007f0cdc05b800 nmethod 4021 0x00007f0cc4604790 code [0x00007f0cc4604980, 0x00007f0cc4604e18]
Event: 8.102 Thread 0x00007f0cdc059800 nmethod 4022 0x00007f0ccb4c9210 code [0x00007f0ccb4c93c0, 0x00007f0ccb4c9598]
Event: 8.104 Thread 0x00007f0cdc05b800 4023       3       sun.nio.cs.UTF_8$Encoder::encodeLoop (28 bytes)
Event: 8.105 Thread 0x00007f0cdc05b800 nmethod 4023 0x00007f0cc4604f90 code [0x00007f0cc4605180, 0x00007f0cc46055d8]
Event: 8.269 Thread 0x00007f0cdc05b800 4024   !   3       java.nio.charset.CharsetEncoder::encode (285 bytes)
Event: 8.274 Thread 0x00007f0cdc05b800 nmethod 4024 0x00007f0cc4605710 code [0x00007f0cc4605a20, 0x00007f0cc4606d38]
Event: 8.274 Thread 0x00007f0cdc05b800 4025       3       java.lang.String::valueOf (39 bytes)
Event: 8.274 Thread 0x00007f0cdc05b800 nmethod 4025 0x00007f0cc4607310 code [0x00007f0cc4607500, 0x00007f0cc4607bf0]
Event: 8.456 Thread 0x00007f0cdc05b800 4028       3       java.lang.StringBuilder::toString (35 bytes)
Event: 8.456 Thread 0x00007f0cdc059800 4027       4       java.nio.CharBuffer::charAt (16 bytes)
Event: 8.456 Thread 0x00007f0cdc05b800 nmethod 4028 0x00007f0cc4607e10 code [0x00007f0cc4608000, 0x00007f0cc46084d8]
Event: 8.456 Thread 0x00007f0cdc05b800 4026       3       java.lang.String::getChars (54 bytes)
Event: 8.458 Thread 0x00007f0cdc059800 nmethod 4027 0x00007f0ccb4c9710 code [0x00007f0ccb4c98a0, 0x00007f0ccb4c99d8]
Event: 8.472 Thread 0x00007f0cdc05b800 nmethod 4026 0x00007f0cc4608690 code [0x00007f0cc46088a0, 0x00007f0cc4608dd8]
Event: 8.475 Thread 0x00007f0cdc05b800 4029       3       java.io.FileInputStream::available (5 bytes)
Event: 8.477 Thread 0x00007f0cdc05b800 nmethod 4029 0x00007f0cc4609010 code [0x00007f0cc46091c0, 0x00007f0cc4609368]
Event: 8.477 Thread 0x00007f0cdc05b800 4030       3       java.util.regex.Matcher::end (22 bytes)
Event: 8.477 Thread 0x00007f0cdc05b800 nmethod 4030 0x00007f0cc4609410 code [0x00007f0cc46095e0, 0x00007f0cc4609888]
Event: 8.482 Thread 0x00007f0cdc05b800 4031       3       java.io.FileInputStream::read (8 bytes)
Event: 8.482 Thread 0x00007f0cdc05b800 nmethod 4031 0x00007f0cc4609990 code [0x00007f0cc4609b40, 0x00007f0cc4609ce8]

GC Heap History (20 events):
Event: 3.282 GC heap before
{Heap before GC invocations=12 (full 0):
 def new generation   total 9792K, used 9231K [0x00000000e0c00000, 0x00000000e16a0000, 0x00000000eb2a0000)
  eden space 8704K,  99% used [0x00000000e0c00000, 0x00000000e147ea58, 0x00000000e1480000)
  from space 1088K,  48% used [0x00000000e1480000, 0x00000000e1505448, 0x00000000e1590000)
  to   space 1088K,   0% used [0x00000000e1590000, 0x00000000e1590000, 0x00000000e16a0000)
 tenured generation   total 21888K, used 7832K [0x00000000eb2a0000, 0x00000000ec800000, 0x0000000100000000)
   the space 21888K,  35% used [0x00000000eb2a0000, 0x00000000eba46350, 0x00000000eba46400, 0x00000000ec800000)
 Metaspace       used 13970K, capacity 15568K, committed 16000K, reserved 1062912K
  class space    used 1610K, capacity 1833K, committed 1920K, reserved 1048576K
}
Event: 3.284 GC heap after
{Heap after GC invocations=13 (full 0):
 def new generation   total 9792K, used 884K [0x00000000e0c00000, 0x00000000e16a0000, 0x00000000eb2a0000)
  eden space 8704K,   0% used [0x00000000e0c00000, 0x00000000e0c00000, 0x00000000e1480000)
  from space 1088K,  81% used [0x00000000e1590000, 0x00000000e166d338, 0x00000000e16a0000)
  to   space 1088K,   0% used [0x00000000e1480000, 0x00000000e1480000, 0x00000000e1590000)
 tenured generation   total 21888K, used 7832K [0x00000000eb2a0000, 0x00000000ec800000, 0x0000000100000000)
   the space 21888K,  35% used [0x00000000eb2a0000, 0x00000000eba46350, 0x00000000eba46400, 0x00000000ec800000)
 Metaspace       used 13970K, capacity 15568K, committed 16000K, reserved 1062912K
  class space    used 1610K, capacity 1833K, committed 1920K, reserved 1048576K
}
Event: 3.510 GC heap before
{Heap before GC invocations=13 (full 0):
 def new generation   total 9792K, used 9588K [0x00000000e0c00000, 0x00000000e16a0000, 0x00000000eb2a0000)
  eden space 8704K, 100% used [0x00000000e0c00000, 0x00000000e1480000, 0x00000000e1480000)
  from space 1088K,  81% used [0x00000000e1590000, 0x00000000e166d338, 0x00000000e16a0000)
  to   space 1088K,   0% used [0x00000000e1480000, 0x00000000e1480000, 0x00000000e1590000)
 tenured generation   total 21888K, used 7832K [0x00000000eb2a0000, 0x00000000ec800000, 0x0000000100000000)
   the space 21888K,  35% used [0x00000000eb2a0000, 0x00000000eba46350, 0x00000000eba46400, 0x00000000ec800000)
 Metaspace       used 14411K, capacity 15922K, committed 16256K, reserved 1062912K
  class space    used 1638K, capacity 1867K, committed 1920K, reserved 1048576K
}
Event: 3.514 GC heap after
{Heap after GC invocations=14 (full 0):
 def new generation   total 9792K, used 997K [0x00000000e0c00000, 0x00000000e16a0000, 0x00000000eb2a0000)
  eden space 8704K,   0% used [0x00000000e0c00000, 0x00000000e0c00000, 0x00000000e1480000)
  from space 1088K,  91% used [0x00000000e1480000, 0x00000000e15796d8, 0x00000000e1590000)
  to   space 1088K,   0% used [0x00000000e1590000, 0x00000000e1590000, 0x00000000e16a0000)
 tenured generation   total 21888K, used 8236K [0x00000000eb2a0000, 0x00000000ec800000, 0x0000000100000000)
   the space 21888K,  37% used [0x00000000eb2a0000, 0x00000000ebaab3c0, 0x00000000ebaab400, 0x00000000ec800000)
 Metaspace       used 14411K, capacity 15922K, committed 16256K, reserved 1062912K
  class space    used 1638K, capacity 1867K, committed 1920K, reserved 1048576K
}
Event: 3.810 GC heap before
{Heap before GC invocations=14 (full 0):
 def new generation   total 9792K, used 9701K [0x00000000e0c00000, 0x00000000e16a0000, 0x00000000eb2a0000)
  eden space 8704K, 100% used [0x00000000e0c00000, 0x00000000e1480000, 0x00000000e1480000)
  from space 1088K,  91% used [0x00000000e1480000, 0x00000000e15796d8, 0x00000000e1590000)
  to   space 1088K,   0% used [0x00000000e1590000, 0x00000000e1590000, 0x00000000e16a0000)
 tenured generation   total 21888K, used 8236K [0x00000000eb2a0000, 0x00000000ec800000, 0x0000000100000000)
   the space 21888K,  37% used [0x00000000eb2a0000, 0x00000000ebaab3c0, 0x00000000ebaab400, 0x00000000ec800000)
 Metaspace       used 14861K, capacity 16359K, committed 16768K, reserved 1064960K
  class space    used 1665K, capacity 1902K, committed 1920K, reserved 1048576K
}
Event: 3.820 GC heap after
{Heap after GC invocations=15 (full 0):
 def new generation   total 9792K, used 520K [0x00000000e0c00000, 0x00000000e16a0000, 0x00000000eb2a0000)
  eden space 8704K,   0% used [0x00000000e0c00000, 0x00000000e0c00000, 0x00000000e1480000)
  from space 1088K,  47% used [0x00000000e1590000, 0x00000000e1612210, 0x00000000e16a0000)
  to   space 1088K,   0% used [0x00000000e1480000, 0x00000000e1480000, 0x00000000e1590000)
 tenured generation   total 21888K, used 9199K [0x00000000eb2a0000, 0x00000000ec800000, 0x0000000100000000)
   the space 21888K,  42% used [0x00000000eb2a0000, 0x00000000ebb9bd88, 0x00000000ebb9be00, 0x00000000ec800000)
 Metaspace       used 14861K, capacity 16359K, committed 16768K, reserved 1064960K
  class space    used 1665K, capacity 1902K, committed 1920K, reserved 1048576K
}
Event: 3.971 GC heap before
{Heap before GC invocations=15 (full 0):
 def new generation   total 9792K, used 9224K [0x00000000e0c00000, 0x00000000e16a0000, 0x00000000eb2a0000)
  eden space 8704K, 100% used [0x00000000e0c00000, 0x00000000e1480000, 0x00000000e1480000)
  from space 1088K,  47% used [0x00000000e1590000, 0x00000000e1612210, 0x00000000e16a0000)
  to   space 1088K,   0% used [0x00000000e1480000, 0x00000000e1480000, 0x00000000e1590000)
 tenured generation   total 21888K, used 9199K [0x00000000eb2a0000, 0x00000000ec800000, 0x0000000100000000)
   the space 21888K,  42% used [0x00000000eb2a0000, 0x00000000ebb9bd88, 0x00000000ebb9be00, 0x00000000ec800000)
 Metaspace       used 15529K, capacity 17139K, committed 17536K, reserved 1064960K
  class space    used 1785K, capacity 2078K, committed 2176K, reserved 1048576K
}
Event: 3.974 GC heap after
{Heap after GC invocations=16 (full 0):
 def new generation   total 9792K, used 951K [0x00000000e0c00000, 0x00000000e16a0000, 0x00000000eb2a0000)
  eden space 8704K,   0% used [0x00000000e0c00000, 0x00000000e0c00000, 0x00000000e1480000)
  from space 1088K,  87% used [0x00000000e1480000, 0x00000000e156dc68, 0x00000000e1590000)
  to   space 1088K,   0% used [0x00000000e1590000, 0x00000000e1590000, 0x00000000e16a0000)
 tenured generation   total 21888K, used 9199K [0x00000000eb2a0000, 0x00000000ec800000, 0x0000000100000000)
   the space 21888K,  42% used [0x00000000eb2a0000, 0x00000000ebb9bd88, 0x00000000ebb9be00, 0x00000000ec800000)
 Metaspace       used 15529K, capacity 17139K, committed 17536K, reserved 1064960K
  class space    used 1785K, capacity 2078K, committed 2176K, reserved 1048576K
}
Event: 4.310 GC heap before
{Heap before GC invocations=16 (full 0):
 def new generation   total 9792K, used 9655K [0x00000000e0c00000, 0x00000000e16a0000, 0x00000000eb2a0000)
  eden space 8704K, 100% used [0x00000000e0c00000, 0x00000000e1480000, 0x00000000e1480000)
  from space 1088K,  87% used [0x00000000e1480000, 0x00000000e156dc68, 0x00000000e1590000)
  to   space 1088K,   0% used [0x00000000e1590000, 0x00000000e1590000, 0x00000000e16a0000)
 tenured generation   total 21888K, used 9199K [0x00000000eb2a0000, 0x00000000ec800000, 0x0000000100000000)
   the space 21888K,  42% used [0x00000000eb2a0000, 0x00000000ebb9bd88, 0x00000000ebb9be00, 0x00000000ec800000)
 Metaspace       used 17369K, capacity 18407K, committed 18688K, reserved 1064960K
  class space    used 2009K, capacity 2268K, committed 2304K, reserved 1048576K
}
Event: 4.316 GC heap after
{Heap after GC invocations=17 (full 0):
 def new generation   total 9792K, used 1087K [0x00000000e0c00000, 0x00000000e16a0000, 0x00000000eb2a0000)
  eden space 8704K,   0% used [0x00000000e0c00000, 0x00000000e0c00000, 0x00000000e1480000)
  from space 1088K,  99% used [0x00000000e1590000, 0x00000000e169fff8, 0x00000000e16a0000)
  to   space 1088K,   0% used [0x00000000e1480000, 0x00000000e1480000, 0x00000000e1590000)
 tenured generation   total 21888K, used 9696K [0x00000000eb2a0000, 0x00000000ec800000, 0x0000000100000000)
   the space 21888K,  44% used [0x00000000eb2a0000, 0x00000000ebc18398, 0x00000000ebc18400, 0x00000000ec800000)
 Metaspace       used 17369K, capacity 18407K, committed 18688K, reserved 1064960K
  class space    used 2009K, capacity 2268K, committed 2304K, reserved 1048576K
}
Event: 4.619 GC heap before
{Heap before GC invocations=17 (full 0):
 def new generation   total 9792K, used 9791K [0x00000000e0c00000, 0x00000000e16a0000, 0x00000000eb2a0000)
  eden space 8704K, 100% used [0x00000000e0c00000, 0x00000000e1480000, 0x00000000e1480000)
  from space 1088K,  99% used [0x00000000e1590000, 0x00000000e169fff8, 0x00000000e16a0000)
  to   space 1088K,   0% used [0x00000000e1480000, 0x00000000e1480000, 0x00000000e1590000)
 tenured generation   total 21888K, used 9696K [0x00000000eb2a0000, 0x00000000ec800000, 0x0000000100000000)
   the space 21888K,  44% used [0x00000000eb2a0000, 0x00000000ebc18398, 0x00000000ebc18400, 0x00000000ec800000)
 Metaspace       used 17588K, capacity 18482K, committed 18688K, reserved 1064960K
  class space    used 2027K, capacity 2271K, committed 2304K, reserved 1048576K
}
Event: 4.625 GC heap after
{Heap after GC invocations=18 (full 0):
 def new generation   total 9792K, used 951K [0x00000000e0c00000, 0x00000000e16a0000, 0x00000000eb2a0000)
  eden space 8704K,   0% used [0x00000000e0c00000, 0x00000000e0c00000, 0x00000000e1480000)
  from space 1088K,  87% used [0x00000000e1480000, 0x00000000e156de18, 0x00000000e1590000)
  to   space 1088K,   0% used [0x00000000e1590000, 0x00000000e1590000, 0x00000000e16a0000)
 tenured generation   total 21888K, used 10746K [0x00000000eb2a0000, 0x00000000ec800000, 0x0000000100000000)
   the space 21888K,  49% used [0x00000000eb2a0000, 0x00000000ebd1e860, 0x00000000ebd1ea00, 0x00000000ec800000)
 Metaspace       used 17588K, capacity 18482K, committed 18688K, reserved 1064960K
  class space    used 2027K, capacity 2271K, committed 2304K, reserved 1048576K
}
Event: 4.842 GC heap before
{Heap before GC invocations=18 (full 0):
 def new generation   total 9792K, used 9655K [0x00000000e0c00000, 0x00000000e16a0000, 0x00000000eb2a0000)
  eden space 8704K, 100% used [0x00000000e0c00000, 0x00000000e1480000, 0x00000000e1480000)
  from space 1088K,  87% used [0x00000000e1480000, 0x00000000e156de18, 0x00000000e1590000)
  to   space 1088K,   0% used [0x00000000e1590000, 0x00000000e1590000, 0x00000000e16a0000)
 tenured generation   total 21888K, used 10746K [0x00000000eb2a0000, 0x00000000ec800000, 0x0000000100000000)
   the space 21888K,  49% used [0x00000000eb2a0000, 0x00000000ebd1e860, 0x00000000ebd1ea00, 0x00000000ec800000)
 Metaspace       used 17718K, capacity 18618K, committed 18688K, reserved 1064960K
  class space    used 2029K, capacity 2273K, committed 2304K, reserved 1048576K
}
Event: 4.858 GC heap after
{Heap after GC invocations=19 (full 0):
 def new generation   total 9792K, used 515K [0x00000000e0c00000, 0x00000000e16a0000, 0x00000000eb2a0000)
  eden space 8704K,   0% used [0x00000000e0c00000, 0x00000000e0c00000, 0x00000000e1480000)
  from space 1088K,  47% used [0x00000000e1590000, 0x00000000e1610f68, 0x00000000e16a0000)
  to   space 1088K,   0% used [0x00000000e1480000, 0x00000000e1480000, 0x00000000e1590000)
 tenured generation   total 21888K, used 11546K [0x00000000eb2a0000, 0x00000000ec800000, 0x0000000100000000)
   the space 21888K,  52% used [0x00000000eb2a0000, 0x00000000ebde6b90, 0x00000000ebde6c00, 0x00000000ec800000)
 Metaspace       used 17718K, capacity 18618K, committed 18688K, reserved 1064960K
  class space    used 2029K, capacity 2273K, committed 2304K, reserved 1048576K
}
Event: 5.074 GC heap before
{Heap before GC invocations=19 (full 0):
 def new generation   total 9792K, used 9219K [0x00000000e0c00000, 0x00000000e16a0000, 0x00000000eb2a0000)
  eden space 8704K, 100% used [0x00000000e0c00000, 0x00000000e1480000, 0x00000000e1480000)
  from space 1088K,  47% used [0x00000000e1590000, 0x00000000e1610f68, 0x00000000e16a0000)
  to   space 1088K,   0% used [0x00000000e1480000, 0x00000000e1480000, 0x00000000e1590000)
 tenured generation   total 21888K, used 11546K [0x00000000eb2a0000, 0x00000000ec800000, 0x0000000100000000)
   the space 21888K,  52% used [0x00000000eb2a0000, 0x00000000ebde6b90, 0x00000000ebde6c00, 0x00000000ec800000)
 Metaspace       used 17861K, capacity 18802K, committed 19072K, reserved 1067008K
  class space    used 2045K, capacity 2313K, committed 2432K, reserved 1048576K
}
Event: 5.078 GC heap after
{Heap after GC invocations=20 (full 0):
 def new generation   total 9792K, used 929K [0x00000000e0c00000, 0x00000000e16a0000, 0x00000000eb2a0000)
  eden space 8704K,   0% used [0x00000000e0c00000, 0x00000000e0c00000, 0x00000000e1480000)
  from space 1088K,  85% used [0x00000000e1480000, 0x00000000e1568748, 0x00000000e1590000)
  to   space 1088K,   0% used [0x00000000e1590000, 0x00000000e1590000, 0x00000000e16a0000)
 tenured generation   total 21888K, used 11546K [0x00000000eb2a0000, 0x00000000ec800000, 0x0000000100000000)
   the space 21888K,  52% used [0x00000000eb2a0000, 0x00000000ebde6b90, 0x00000000ebde6c00, 0x00000000ec800000)
 Metaspace       used 17861K, capacity 18802K, committed 19072K, reserved 1067008K
  class space    used 2045K, capacity 2313K, committed 2432K, reserved 1048576K
}
Event: 5.837 GC heap before
{Heap before GC invocations=20 (full 0):
 def new generation   total 9792K, used 9633K [0x00000000e0c00000, 0x00000000e16a0000, 0x00000000eb2a0000)
  eden space 8704K, 100% used [0x00000000e0c00000, 0x00000000e1480000, 0x00000000e1480000)
  from space 1088K,  85% used [0x00000000e1480000, 0x00000000e1568748, 0x00000000e1590000)
  to   space 1088K,   0% used [0x00000000e1590000, 0x00000000e1590000, 0x00000000e16a0000)
 tenured generation   total 21888K, used 11546K [0x00000000eb2a0000, 0x00000000ec800000, 0x0000000100000000)
   the space 21888K,  52% used [0x00000000eb2a0000, 0x00000000ebde6b90, 0x00000000ebde6c00, 0x00000000ec800000)
 Metaspace       used 18978K, capacity 19730K, committed 19840K, reserved 1067008K
  class space    used 2204K, capacity 2429K, committed 2432K, reserved 1048576K
}
Event: 5.842 GC heap after
{Heap after GC invocations=21 (full 0):
 def new generation   total 9792K, used 1088K [0x00000000e0c00000, 0x00000000e16a0000, 0x00000000eb2a0000)
  eden space 8704K,   0% used [0x00000000e0c00000, 0x00000000e0c00000, 0x00000000e1480000)
  from space 1088K, 100% used [0x00000000e1590000, 0x00000000e16a0000, 0x00000000e16a0000)
  to   space 1088K,   0% used [0x00000000e1480000, 0x00000000e1480000, 0x00000000e1590000)
 tenured generation   total 21888K, used 12323K [0x00000000eb2a0000, 0x00000000ec800000, 0x0000000100000000)
   the space 21888K,  56% used [0x00000000eb2a0000, 0x00000000ebea8f20, 0x00000000ebea9000, 0x00000000ec800000)
 Metaspace       used 18978K, capacity 19730K, committed 19840K, reserved 1067008K
  class space    used 2204K, capacity 2429K, committed 2432K, reserved 1048576K
}
Event: 6.463 GC heap before
{Heap before GC invocations=21 (full 0):
 def new generation   total 9792K, used 3105K [0x00000000e0c00000, 0x00000000e16a0000, 0x00000000eb2a0000)
  eden space 8704K,  23% used [0x00000000e0c00000, 0x00000000e0df8798, 0x00000000e1480000)
  from space 1088K, 100% used [0x00000000e1590000, 0x00000000e16a0000, 0x00000000e16a0000)
  to   space 1088K,   0% used [0x00000000e1480000, 0x00000000e1480000, 0x00000000e1590000)
 tenured generation   total 21888K, used 12323K [0x00000000eb2a0000, 0x00000000ec800000, 0x0000000100000000)
   the space 21888K,  56% used [0x00000000eb2a0000, 0x00000000ebea8f20, 0x00000000ebea9000, 0x00000000ec800000)
 Metaspace       used 20473K, capacity 21129K, committed 21296K, reserved 1069056K
  class space    used 2364K, capacity 2602K, committed 2688K, reserved 1048576K
}
Event: 6.501 GC heap after
{Heap after GC invocations=22 (full 1):
 def new generation   total 10368K, used 0K [0x00000000e0c00000, 0x00000000e1730000, 0x00000000eb2a0000)
  eden space 9280K,   0% used [0x00000000e0c00000, 0x00000000e0c00000, 0x00000000e1510000)
  from space 1088K,   0% used [0x00000000e1510000, 0x00000000e1510000, 0x00000000e1620000)
  to   space 1088K,   0% used [0x00000000e1620000, 0x00000000e1620000, 0x00000000e1730000)
 tenured generation   total 22852K, used 13709K [0x00000000eb2a0000, 0x00000000ec8f1000, 0x0000000100000000)
   the space 22852K,  59% used [0x00000000eb2a0000, 0x00000000ec003798, 0x00000000ec003800, 0x00000000ec8f1000)
 Metaspace       used 20473K, capacity 21129K, committed 21296K, reserved 1069056K
  class space    used 2364K, capacity 2602K, committed 2688K, reserved 1048576K
}

Deoptimization events (20 events):
Event: 7.000 Thread 0x00007f0cdcde4000 Uncommon trap: trap_request=0xffffffc6 fr.pc=0x00007f0ccb46cd70 relative=0x0000000000000210
Event: 7.000 Thread 0x00007f0cdcde4000 Uncommon trap: reason=bimorphic_or_optimized_type_check action=maybe_recompile pc=0x00007f0ccb46cd70 method=java.util.regex.Pattern$BmpCharProperty.match(Ljava/util/regex/Matcher;ILjava/lang/CharSequence;)Z @ 14 c2
Event: 7.000 Thread 0x00007f0cdcde4000 DEOPT PACKING pc=0x00007f0ccb46cd70 sp=0x00007f0cc0ece520
Event: 7.000 Thread 0x00007f0cdcde4000 DEOPT UNPACKING pc=0x00007f0cc38b23a5 sp=0x00007f0cc0ece4d0 mode 2
Event: 7.005 Thread 0x00007f0cdcde4000 Uncommon trap: trap_request=0xffffffc6 fr.pc=0x00007f0ccb474a8c relative=0x00000000000000cc
Event: 7.005 Thread 0x00007f0cdcde4000 Uncommon trap: reason=bimorphic_or_optimized_type_check action=maybe_recompile pc=0x00007f0ccb474a8c method=java.lang.Character.codePointBefore(Ljava/lang/CharSequence;I)I @ 5 c2
Event: 7.005 Thread 0x00007f0cdcde4000 DEOPT PACKING pc=0x00007f0ccb474a8c sp=0x00007f0cc0ece5e0
Event: 7.005 Thread 0x00007f0cdcde4000 DEOPT UNPACKING pc=0x00007f0cc38b23a5 sp=0x00007f0cc0ece598 mode 2
Event: 7.005 Thread 0x00007f0cdcde4000 Uncommon trap: trap_request=0xffffffc6 fr.pc=0x00007f0ccb474a8c relative=0x00000000000000cc
Event: 7.005 Thread 0x00007f0cdcde4000 Uncommon trap: reason=bimorphic_or_optimized_type_check action=maybe_recompile pc=0x00007f0ccb474a8c method=java.lang.Character.codePointBefore(Ljava/lang/CharSequence;I)I @ 5 c2
Event: 7.005 Thread 0x00007f0cdcde4000 DEOPT PACKING pc=0x00007f0ccb474a8c sp=0x00007f0cc0ece5e0
Event: 7.005 Thread 0x00007f0cdcde4000 DEOPT UNPACKING pc=0x00007f0cc38b23a5 sp=0x00007f0cc0ece598 mode 2
Event: 7.005 Thread 0x00007f0cdcde4000 Uncommon trap: trap_request=0xffffffc6 fr.pc=0x00007f0ccb474a8c relative=0x00000000000000cc
Event: 7.005 Thread 0x00007f0cdcde4000 Uncommon trap: reason=bimorphic_or_optimized_type_check action=maybe_recompile pc=0x00007f0ccb474a8c method=java.lang.Character.codePointBefore(Ljava/lang/CharSequence;I)I @ 5 c2
Event: 7.005 Thread 0x00007f0cdcde4000 DEOPT PACKING pc=0x00007f0ccb474a8c sp=0x00007f0cc0ece5e0
Event: 7.005 Thread 0x00007f0cdcde4000 DEOPT UNPACKING pc=0x00007f0cc38b23a5 sp=0x00007f0cc0ece598 mode 2
Event: 7.005 Thread 0x00007f0cdcde4000 Uncommon trap: trap_request=0xffffffc6 fr.pc=0x00007f0ccb474a8c relative=0x00000000000000cc
Event: 7.005 Thread 0x00007f0cdcde4000 Uncommon trap: reason=bimorphic_or_optimized_type_check action=maybe_recompile pc=0x00007f0ccb474a8c method=java.lang.Character.codePointBefore(Ljava/lang/CharSequence;I)I @ 5 c2
Event: 7.005 Thread 0x00007f0cdcde4000 DEOPT PACKING pc=0x00007f0ccb474a8c sp=0x00007f0cc0ece5e0
Event: 7.005 Thread 0x00007f0cdcde4000 DEOPT UNPACKING pc=0x00007f0cc38b23a5 sp=0x00007f0cc0ece598 mode 2

Classes redefined (0 events):
No events

Internal exceptions (18 events):
Event: 0.162 Thread 0x00007f0cdc014000 Exception <a 'java/lang/NoSuchMethodError'{0x00000000e0ef21f0}: 'int java.lang.invoke.DirectMethodHandle$Holder.invokeSpecialIFC(java.lang.Object, java.lang.Object, int)'> (0x00000000e0ef21f0) thrown at [/build/openjdk-11-11.0.6+10/src/hotspot/share/inter
Event: 1.852 Thread 0x00007f0cdc014000 Exception <a 'java/lang/NoClassDefFoundError'{0x00000000e0f7fa98}: com/google/inject/servlet/ServletModuleTargetVisitor> (0x00000000e0f7fa98) thrown at [/build/openjdk-11-11.0.6+10/src/hotspot/share/classfile/systemDictionary.cpp, line 220]
Event: 1.852 Thread 0x00007f0cdc014000 Exception <a 'java/lang/NoClassDefFoundError'{0x00000000e0f7fa98}> (0x00000000e0f7fa98) thrown at [/build/openjdk-11-11.0.6+10/src/hotspot/share/prims/jvm.cpp, line 1301]
Event: 1.853 Thread 0x00007f0cdc014000 Exception <a 'java/lang/NoClassDefFoundError'{0x00000000e0f826a0}: javax/annotation/Priority> (0x00000000e0f826a0) thrown at [/build/openjdk-11-11.0.6+10/src/hotspot/share/classfile/systemDictionary.cpp, line 220]
Event: 2.425 Thread 0x00007f0cdc014000 Implicit null exception at 0x00007f0ccb3b0b85 to 0x00007f0ccb3b0d5e
Event: 2.425 Thread 0x00007f0cdc014000 Implicit null exception at 0x00007f0ccb3c99cb to 0x00007f0ccb3c9e76
Event: 4.010 Thread 0x00007f0cdc014000 Exception <a 'java/lang/NoSuchMethodError'{0x00000000e0d30dc8}: 'java.lang.Object java.lang.invoke.DirectMethodHandle$Holder.invokeStatic(java.lang.Object, java.lang.Object, java.lang.Object, java.lang.Object, java.lang.Object, java.lang.Object, java.lang
Event: 4.012 Thread 0x00007f0cdc014000 Exception <a 'java/lang/NoSuchMethodError'{0x00000000e0d3f010}: 'java.lang.Object java.lang.invoke.DirectMethodHandle$Holder.invokeStatic(java.lang.Object, java.lang.Object, java.lang.Object, java.lang.Object, java.lang.Object, java.lang.Object, java.lang
Event: 4.014 Thread 0x00007f0cdc014000 Exception <a 'java/lang/NoSuchMethodError'{0x00000000e0d4cf28}: 'java.lang.Object java.lang.invoke.DirectMethodHandle$Holder.invokeSpecial(java.lang.Object, java.lang.Object, int, int, java.lang.Object, java.lang.Object, java.lang.Object)'> (0x00000000e0d
Event: 4.014 Thread 0x00007f0cdc014000 Exception <a 'java/lang/NoSuchMethodError'{0x00000000e0d50760}: 'java.lang.Object java.lang.invoke.DelegatingMethodHandle$Holder.reinvoke_L(java.lang.Object, int, int, java.lang.Object, java.lang.Object, java.lang.Object)'> (0x00000000e0d50760) thrown at 
Event: 4.015 Thread 0x00007f0cdc014000 Exception <a 'java/lang/NoSuchMethodError'{0x00000000e0d54d90}: 'java.lang.Object java.lang.invoke.DirectMethodHandle$Holder.invokeStatic(java.lang.Object, java.lang.Object, java.lang.Object, java.lang.Object, int)'> (0x00000000e0d54d90) thrown at [/build
Event: 4.332 Thread 0x00007f0cdc014000 Exception <a 'java/lang/NoSuchMethodError'{0x00000000e0c56b48}: 'java.lang.Object java.lang.invoke.DirectMethodHandle$Holder.invokeStatic(java.lang.Object, int, java.lang.Object)'> (0x00000000e0c56b48) thrown at [/build/openjdk-11-11.0.6+10/src/hotspot/sh
Event: 5.211 Thread 0x00007f0cdc014000 Exception <a 'java/lang/NoSuchMethodError'{0x00000000e1123a98}: 'java.lang.Object java.lang.invoke.DirectMethodHandle$Holder.invokeStaticInit(java.lang.Object, java.lang.Object, long, java.lang.Object)'> (0x00000000e1123a98) thrown at [/build/openjdk-11-1
Event: 5.212 Thread 0x00007f0cdc014000 Exception <a 'java/lang/NoSuchMethodError'{0x00000000e112fbf8}: 'java.lang.Object java.lang.invoke.Invokers$Holder.linkToTargetMethod(java.lang.Object, long, java.lang.Object)'> (0x00000000e112fbf8) thrown at [/build/openjdk-11-11.0.6+10/src/hotspot/share
Event: 5.216 Thread 0x00007f0cdc014000 Exception <a 'java/lang/NoSuchMethodError'{0x00000000e11369e8}: 'java.lang.Object java.lang.invoke.DirectMethodHandle$Holder.invokeStatic(java.lang.Object, java.lang.Object, java.lang.Object, int)'> (0x00000000e11369e8) thrown at [/build/openjdk-11-11.0.6
Event: 5.218 Thread 0x00007f0cdc014000 Exception <a 'java/lang/NoSuchMethodError'{0x00000000e113a3b0}: 'java.lang.Object java.lang.invoke.DirectMethodHandle$Holder.invokeSpecial(java.lang.Object, java.lang.Object, java.lang.Object, java.lang.Object, int)'> (0x00000000e113a3b0) thrown at [/buil
Event: 5.218 Thread 0x00007f0cdc014000 Exception <a 'java/lang/NoSuchMethodError'{0x00000000e113d418}: 'java.lang.Object java.lang.invoke.Invokers$Holder.linkToTargetMethod(java.lang.Object, java.lang.Object, int, java.lang.Object)'> (0x00000000e113d418) thrown at [/build/openjdk-11-11.0.6+10/
Event: 6.536 Thread 0x00007f0cdc014000 Exception <a 'java/lang/ClassNotFoundException'{0x00000000e0d76468}: sun/util/logging/resources/spi/loggingProvider> (0x00000000e0d76468) thrown at [/build/openjdk-11-11.0.6+10/src/hotspot/share/classfile/systemDictionary.cpp, line 231]

Events (20 events):
Event: 6.536 loading class sun/util/logging/resources/logging_en
Event: 6.536 loading class sun/util/logging/resources/logging_en done
Event: 6.537 loading class sun/util/logging/resources/logging_en_US
Event: 6.537 loading class sun/util/logging/resources/logging_en_US done
Event: 6.537 loading class sun/util/logging/resources/logging_en_US
Event: 6.537 loading class sun/util/logging/resources/logging_en_US done
Event: 6.547 loading class java/util/Scanner
Event: 6.547 loading class java/util/Scanner done
Event: 6.550 loading class java/util/Scanner$PatternLRUCache
Event: 6.550 loading class java/util/Scanner$PatternLRUCache done
Event: 6.558 Thread 0x00007f0cdd036800 Thread added: 0x00007f0cdd036800
Event: 6.558 Protecting memory [0x00007f0cc0ed0000,0x00007f0cc0ed4000] with protection modes 0
Event: 6.566 Thread 0x00007f0cdcde4000 Thread added: 0x00007f0cdcde4000
Event: 6.567 Protecting memory [0x00007f0cc0dcf000,0x00007f0cc0dd3000] with protection modes 0
Event: 6.970 loading class java/util/regex/Matcher$ImmutableMatchResult
Event: 6.970 loading class java/util/regex/Matcher$ImmutableMatchResult done
Event: 6.970 loading class org/apache/maven/plugin/logging/Log
Event: 6.970 loading class org/apache/maven/plugin/logging/Log done
Event: 6.970 loading class org/apache/maven/plugin/logging/Log
Event: 6.970 loading class org/apache/maven/plugin/logging/Log done


Dynamic libraries:
e0c00000-e1730000 rw-p 00000000 00:00 0 
e1730000-eb2a0000 ---p 00000000 00:00 0 
eb2a0000-ec8f1000 rw-p 00000000 00:00 0 
ec8f1000-100000000 ---p 00000000 00:00 0 
800000000-800002000 rwxp 00001000 08:01 2118409                          /usr/lib/jvm/java-11-openjdk-amd64/lib/server/classes.jsa
800002000-8003b7000 rw-p 00003000 08:01 2118409                          /usr/lib/jvm/java-11-openjdk-amd64/lib/server/classes.jsa
8003b7000-800a8a000 r--p 003b8000 08:01 2118409                          /usr/lib/jvm/java-11-openjdk-amd64/lib/server/classes.jsa
800a8a000-800a8b000 rw-p 00a8b000 08:01 2118409                          /usr/lib/jvm/java-11-openjdk-amd64/lib/server/classes.jsa
800a8b000-801095000 r--p 00a8c000 08:01 2118409                          /usr/lib/jvm/java-11-openjdk-amd64/lib/server/classes.jsa
840000000-8402a0000 rw-p 00000000 00:00 0 
8402a0000-880000000 ---p 00000000 00:00 0 
55ee8002d000-55ee8002e000 r-xp 00000000 08:01 2118040                    /usr/lib/jvm/java-11-openjdk-amd64/bin/java
55ee8022e000-55ee8022f000 r--p 00001000 08:01 2118040                    /usr/lib/jvm/java-11-openjdk-amd64/bin/java
55ee8022f000-55ee80230000 rw-p 00002000 08:01 2118040                    /usr/lib/jvm/java-11-openjdk-amd64/bin/java
55ee81131000-55ee81173000 rw-p 00000000 00:00 0                          [heap]
7f0c8c000000-7f0c8c021000 rw-p 00000000 00:00 0 
7f0c8c021000-7f0c90000000 ---p 00000000 00:00 0 
7f0c90000000-7f0c90021000 rw-p 00000000 00:00 0 
7f0c90021000-7f0c94000000 ---p 00000000 00:00 0 
7f0c94000000-7f0c94021000 rw-p 00000000 00:00 0 
7f0c94021000-7f0c98000000 ---p 00000000 00:00 0 
7f0c98000000-7f0c98021000 rw-p 00000000 00:00 0 
7f0c98021000-7f0c9c000000 ---p 00000000 00:00 0 
7f0c9c000000-7f0c9c021000 rw-p 00000000 00:00 0 
7f0c9c021000-7f0ca0000000 ---p 00000000 00:00 0 
7f0ca0000000-7f0ca0021000 rw-p 00000000 00:00 0 
7f0ca0021000-7f0ca4000000 ---p 00000000 00:00 0 
7f0ca4000000-7f0ca4467000 rw-p 00000000 00:00 0 
7f0ca4467000-7f0ca8000000 ---p 00000000 00:00 0 
7f0ca8000000-7f0ca8021000 rw-p 00000000 00:00 0 
7f0ca8021000-7f0cac000000 ---p 00000000 00:00 0 
7f0cac000000-7f0cac021000 rw-p 00000000 00:00 0 
7f0cac021000-7f0cb0000000 ---p 00000000 00:00 0 
7f0cb0000000-7f0cb046f000 rw-p 00000000 00:00 0 
7f0cb046f000-7f0cb4000000 ---p 00000000 00:00 0 
7f0cb4000000-7f0cb4021000 rw-p 00000000 00:00 0 
7f0cb4021000-7f0cb8000000 ---p 00000000 00:00 0 
7f0cb8000000-7f0cb8021000 rw-p 00000000 00:00 0 
7f0cb8021000-7f0cbc000000 ---p 00000000 00:00 0 
7f0cbc000000-7f0cbc02b000 rw-p 00000000 00:00 0 
7f0cbc02b000-7f0cc0000000 ---p 00000000 00:00 0 
7f0cc0bcf000-7f0cc0c7b000 rw-p 00000000 00:00 0 
7f0cc0c7b000-7f0cc0dcf000 ---p 00000000 00:00 0 
7f0cc0dcf000-7f0cc0dd3000 ---p 00000000 00:00 0 
7f0cc0dd3000-7f0cc0ed0000 rw-p 00000000 00:00 0 
7f0cc0ed0000-7f0cc0ed4000 ---p 00000000 00:00 0 
7f0cc0ed4000-7f0cc0fd1000 rw-p 00000000 00:00 0 
7f0cc0fd1000-7f0cc0fd5000 ---p 00000000 00:00 0 
7f0cc0fd5000-7f0cc11f3000 rw-p 00000000 00:00 0 
7f0cc11f3000-7f0cc13f3000 rw-p 00000000 00:00 0 
7f0cc13f3000-7f0cc15f3000 rw-p 00000000 00:00 0 
7f0cc15f3000-7f0cc17f3000 rw-p 00000000 00:00 0 
7f0cc17f3000-7f0cc19f3000 rw-p 00000000 00:00 0 
7f0cc19f3000-7f0cc19f5000 r-xp 00000000 08:01 1843038                    /lib/x86_64-linux-gnu/libutil-2.24.so
7f0cc19f5000-7f0cc1bf4000 ---p 00002000 08:01 1843038                    /lib/x86_64-linux-gnu/libutil-2.24.so
7f0cc1bf4000-7f0cc1bf5000 r--p 00001000 08:01 1843038                    /lib/x86_64-linux-gnu/libutil-2.24.so
7f0cc1bf5000-7f0cc1bf6000 rw-p 00002000 08:01 1843038                    /lib/x86_64-linux-gnu/libutil-2.24.so
7f0cc1bf6000-7f0cc1bf9000 r-xp 00000000 08:01 1993728                    /opt/maven/lib/jansi-native/linux64/libjansi.so
7f0cc1bf9000-7f0cc1df8000 ---p 00003000 08:01 1993728                    /opt/maven/lib/jansi-native/linux64/libjansi.so
7f0cc1df8000-7f0cc1df9000 rw-p 00002000 08:01 1993728                    /opt/maven/lib/jansi-native/linux64/libjansi.so
7f0cc1df9000-7f0cc1e0f000 r-xp 00000000 08:01 2118388                    /usr/lib/jvm/java-11-openjdk-amd64/lib/libnet.so
7f0cc1e0f000-7f0cc200e000 ---p 00016000 08:01 2118388                    /usr/lib/jvm/java-11-openjdk-amd64/lib/libnet.so
7f0cc200e000-7f0cc200f000 r--p 00015000 08:01 2118388                    /usr/lib/jvm/java-11-openjdk-amd64/lib/libnet.so
7f0cc200f000-7f0cc2010000 rw-p 00016000 08:01 2118388                    /usr/lib/jvm/java-11-openjdk-amd64/lib/libnet.so
7f0cc2010000-7f0cc2020000 r-xp 00000000 08:01 2118389                    /usr/lib/jvm/java-11-openjdk-amd64/lib/libnio.so
7f0cc2020000-7f0cc221f000 ---p 00010000 08:01 2118389                    /usr/lib/jvm/java-11-openjdk-amd64/lib/libnio.so
7f0cc221f000-7f0cc2220000 r--p 0000f000 08:01 2118389                    /usr/lib/jvm/java-11-openjdk-amd64/lib/libnio.so
7f0cc2220000-7f0cc2221000 rw-p 00010000 08:01 2118389                    /usr/lib/jvm/java-11-openjdk-amd64/lib/libnio.so
7f0cc2221000-7f0cc2225000 ---p 00000000 00:00 0 
7f0cc2225000-7f0cc2322000 rw-p 00000000 00:00 0 
7f0cc2322000-7f0cc2323000 ---p 00000000 00:00 0 
7f0cc2323000-7f0cc2424000 rw-p 00000000 00:00 0 
7f0cc2424000-7f0cc2428000 ---p 00000000 00:00 0 
7f0cc2428000-7f0cc2525000 rw-p 00000000 00:00 0 
7f0cc2525000-7f0cc2529000 ---p 00000000 00:00 0 
7f0cc2529000-7f0cc2626000 rw-p 00000000 00:00 0 
7f0cc2626000-7f0cc262a000 ---p 00000000 00:00 0 
7f0cc262a000-7f0cc2727000 rw-p 00000000 00:00 0 
7f0cc2727000-7f0cc272b000 ---p 00000000 00:00 0 
7f0cc272b000-7f0cc2828000 rw-p 00000000 00:00 0 
7f0cc2828000-7f0cc282c000 ---p 00000000 00:00 0 
7f0cc282c000-7f0cc2929000 rw-p 00000000 00:00 0 
7f0cc2929000-7f0cc2ac4000 r--p 00000000 08:01 1850658                    /usr/lib/locale/locale-archive
7f0cc2ac4000-7f0cc2ac8000 ---p 00000000 00:00 0 
7f0cc2ac8000-7f0cc2bc5000 rw-p 00000000 00:00 0 
7f0cc2bc5000-7f0cc2bc9000 ---p 00000000 00:00 0 
7f0cc2bc9000-7f0cc2cc6000 rw-p 00000000 00:00 0 
7f0cc2cc6000-7f0cc2cc7000 ---p 00000000 00:00 0 
7f0cc2cc7000-7f0cc36a4000 rw-p 00000000 00:00 0 
7f0cc36a4000-7f0cc36aa000 rw-p 00000000 00:00 0 
7f0cc36aa000-7f0cc36f7000 ---p 00000000 00:00 0 
7f0cc36f7000-7f0cc3703000 rw-p 00000000 00:00 0 
7f0cc3703000-7f0cc379e000 ---p 00000000 00:00 0 
7f0cc379e000-7f0cc37a4000 rw-p 00000000 00:00 0 
7f0cc37a4000-7f0cc388a000 ---p 00000000 00:00 0 
7f0cc388a000-7f0cc3afa000 rwxp 00000000 00:00 0 
7f0cc3afa000-7f0cc3e19000 ---p 00000000 00:00 0 
7f0cc3e19000-7f0cc4619000 rwxp 00000000 00:00 0 
7f0cc4619000-7f0ccb351000 ---p 00000000 00:00 0 
7f0ccb351000-7f0ccb5c1000 rwxp 00000000 00:00 0 
7f0ccb5c1000-7f0cd288a000 ---p 00000000 00:00 0 
7f0cd288a000-7f0cdaf7a000 r--s 00000000 08:01 2118399                    /usr/lib/jvm/java-11-openjdk-amd64/lib/modules
7f0cdaf7a000-7f0cdaf7f000 r-xp 00000000 08:01 2118380                    /usr/lib/jvm/java-11-openjdk-amd64/lib/libjimage.so
7f0cdaf7f000-7f0cdb17e000 ---p 00005000 08:01 2118380                    /usr/lib/jvm/java-11-openjdk-amd64/lib/libjimage.so
7f0cdb17e000-7f0cdb17f000 r--p 00004000 08:01 2118380                    /usr/lib/jvm/java-11-openjdk-amd64/lib/libjimage.so
7f0cdb17f000-7f0cdb180000 rw-p 00005000 08:01 2118380                    /usr/lib/jvm/java-11-openjdk-amd64/lib/libjimage.so
7f0cdb180000-7f0cdb187000 r-xp 00000000 08:01 2118398                    /usr/lib/jvm/java-11-openjdk-amd64/lib/libzip.so
7f0cdb187000-7f0cdb386000 ---p 00007000 08:01 2118398                    /usr/lib/jvm/java-11-openjdk-amd64/lib/libzip.so
7f0cdb386000-7f0cdb387000 r--p 00006000 08:01 2118398                    /usr/lib/jvm/java-11-openjdk-amd64/lib/libzip.so
7f0cdb387000-7f0cdb388000 rw-p 00007000 08:01 2118398                    /usr/lib/jvm/java-11-openjdk-amd64/lib/libzip.so
7f0cdb388000-7f0cdb392000 r-xp 00000000 08:01 1843001                    /lib/x86_64-linux-gnu/libnss_files-2.24.so
7f0cdb392000-7f0cdb592000 ---p 0000a000 08:01 1843001                    /lib/x86_64-linux-gnu/libnss_files-2.24.so
7f0cdb592000-7f0cdb593000 r--p 0000a000 08:01 1843001                    /lib/x86_64-linux-gnu/libnss_files-2.24.so
7f0cdb593000-7f0cdb594000 rw-p 0000b000 08:01 1843001                    /lib/x86_64-linux-gnu/libnss_files-2.24.so
7f0cdb594000-7f0cdb59a000 rw-p 00000000 00:00 0 
7f0cdb59a000-7f0cdb5a5000 r-xp 00000000 08:01 1843005                    /lib/x86_64-linux-gnu/libnss_nis-2.24.so
7f0cdb5a5000-7f0cdb7a4000 ---p 0000b000 08:01 1843005                    /lib/x86_64-linux-gnu/libnss_nis-2.24.so
7f0cdb7a4000-7f0cdb7a5000 r--p 0000a000 08:01 1843005                    /lib/x86_64-linux-gnu/libnss_nis-2.24.so
7f0cdb7a5000-7f0cdb7a6000 rw-p 0000b000 08:01 1843005                    /lib/x86_64-linux-gnu/libnss_nis-2.24.so
7f0cdb7a6000-7f0cdb7ba000 r-xp 00000000 08:01 1842995                    /lib/x86_64-linux-gnu/libnsl-2.24.so
7f0cdb7ba000-7f0cdb9ba000 ---p 00014000 08:01 1842995                    /lib/x86_64-linux-gnu/libnsl-2.24.so
7f0cdb9ba000-7f0cdb9bb000 r--p 00014000 08:01 1842995                    /lib/x86_64-linux-gnu/libnsl-2.24.so
7f0cdb9bb000-7f0cdb9bc000 rw-p 00015000 08:01 1842995                    /lib/x86_64-linux-gnu/libnsl-2.24.so
7f0cdb9bc000-7f0cdb9be000 rw-p 00000000 00:00 0 
7f0cdb9be000-7f0cdb9c5000 r-xp 00000000 08:01 1842997                    /lib/x86_64-linux-gnu/libnss_compat-2.24.so
7f0cdb9c5000-7f0cdbbc4000 ---p 00007000 08:01 1842997                    /lib/x86_64-linux-gnu/libnss_compat-2.24.so
7f0cdbbc4000-7f0cdbbc5000 r--p 00006000 08:01 1842997                    /lib/x86_64-linux-gnu/libnss_compat-2.24.so
7f0cdbbc5000-7f0cdbbc6000 rw-p 00007000 08:01 1842997                    /lib/x86_64-linux-gnu/libnss_compat-2.24.so
7f0cdbbc6000-7f0cdbbef000 r-xp 00000000 08:01 2118376                    /usr/lib/jvm/java-11-openjdk-amd64/lib/libjava.so
7f0cdbbef000-7f0cdbdee000 ---p 00029000 08:01 2118376                    /usr/lib/jvm/java-11-openjdk-amd64/lib/libjava.so
7f0cdbdee000-7f0cdbdef000 r--p 00028000 08:01 2118376                    /usr/lib/jvm/java-11-openjdk-amd64/lib/libjava.so
7f0cdbdef000-7f0cdbdf1000 rw-p 00029000 08:01 2118376                    /usr/lib/jvm/java-11-openjdk-amd64/lib/libjava.so
7f0cdbdf1000-7f0cdbdfe000 r-xp 00000000 08:01 2118397                    /usr/lib/jvm/java-11-openjdk-amd64/lib/libverify.so
7f0cdbdfe000-7f0cdbffd000 ---p 0000d000 08:01 2118397                    /usr/lib/jvm/java-11-openjdk-amd64/lib/libverify.so
7f0cdbffd000-7f0cdbfff000 r--p 0000c000 08:01 2118397                    /usr/lib/jvm/java-11-openjdk-amd64/lib/libverify.so
7f0cdbfff000-7f0cdc000000 rw-p 0000e000 08:01 2118397                    /usr/lib/jvm/java-11-openjdk-amd64/lib/libverify.so
7f0cdc000000-7f0cdd06f000 rw-p 00000000 00:00 0 
7f0cdd06f000-7f0ce0000000 ---p 00000000 00:00 0 
7f0ce0017000-7f0ce00a1000 rw-p 00000000 00:00 0 
7f0ce00a1000-7f0ce017c000 ---p 00000000 00:00 0 
7f0ce017c000-7f0ce0183000 r-xp 00000000 08:01 1843022                    /lib/x86_64-linux-gnu/librt-2.24.so
7f0ce0183000-7f0ce0382000 ---p 00007000 08:01 1843022                    /lib/x86_64-linux-gnu/librt-2.24.so
7f0ce0382000-7f0ce0383000 r--p 00006000 08:01 1843022                    /lib/x86_64-linux-gnu/librt-2.24.so
7f0ce0383000-7f0ce0384000 rw-p 00007000 08:01 1843022                    /lib/x86_64-linux-gnu/librt-2.24.so
7f0ce0384000-7f0ce039a000 r-xp 00000000 08:01 1842975                    /lib/x86_64-linux-gnu/libgcc_s.so.1
7f0ce039a000-7f0ce0599000 ---p 00016000 08:01 1842975                    /lib/x86_64-linux-gnu/libgcc_s.so.1
7f0ce0599000-7f0ce059a000 r--p 00015000 08:01 1842975                    /lib/x86_64-linux-gnu/libgcc_s.so.1
7f0ce059a000-7f0ce059b000 rw-p 00016000 08:01 1842975                    /lib/x86_64-linux-gnu/libgcc_s.so.1
7f0ce059b000-7f0ce069e000 r-xp 00000000 08:01 1842984                    /lib/x86_64-linux-gnu/libm-2.24.so
7f0ce069e000-7f0ce089d000 ---p 00103000 08:01 1842984                    /lib/x86_64-linux-gnu/libm-2.24.so
7f0ce089d000-7f0ce089e000 r--p 00102000 08:01 1842984                    /lib/x86_64-linux-gnu/libm-2.24.so
7f0ce089e000-7f0ce089f000 rw-p 00103000 08:01 1842984                    /lib/x86_64-linux-gnu/libm-2.24.so
7f0ce089f000-7f0ce0a11000 r-xp 00000000 08:01 1843740                    /usr/lib/x86_64-linux-gnu/libstdc++.so.6.0.22
7f0ce0a11000-7f0ce0c11000 ---p 00172000 08:01 1843740                    /usr/lib/x86_64-linux-gnu/libstdc++.so.6.0.22
7f0ce0c11000-7f0ce0c1b000 r--p 00172000 08:01 1843740                    /usr/lib/x86_64-linux-gnu/libstdc++.so.6.0.22
7f0ce0c1b000-7f0ce0c1d000 rw-p 0017c000 08:01 1843740                    /usr/lib/x86_64-linux-gnu/libstdc++.so.6.0.22
7f0ce0c1d000-7f0ce0c21000 rw-p 00000000 00:00 0 
7f0ce0c21000-7f0ce1ca9000 r-xp 00000000 08:01 2118411                    /usr/lib/jvm/java-11-openjdk-amd64/lib/server/libjvm.so
7f0ce1ca9000-7f0ce1ea8000 ---p 01088000 08:01 2118411                    /usr/lib/jvm/java-11-openjdk-amd64/lib/server/libjvm.so
7f0ce1ea8000-7f0ce1f65000 r--p 01087000 08:01 2118411                    /usr/lib/jvm/java-11-openjdk-amd64/lib/server/libjvm.so
7f0ce1f65000-7f0ce1f9f000 rw-p 01144000 08:01 2118411                    /usr/lib/jvm/java-11-openjdk-amd64/lib/server/libjvm.so
7f0ce1f9f000-7f0ce1ff5000 rw-p 00000000 00:00 0 
7f0ce1ff5000-7f0ce218a000 r-xp 00000000 08:01 1842955                    /lib/x86_64-linux-gnu/libc-2.24.so
7f0ce218a000-7f0ce238a000 ---p 00195000 08:01 1842955                    /lib/x86_64-linux-gnu/libc-2.24.so
7f0ce238a000-7f0ce238e000 r--p 00195000 08:01 1842955                    /lib/x86_64-linux-gnu/libc-2.24.so
7f0ce238e000-7f0ce2390000 rw-p 00199000 08:01 1842955                    /lib/x86_64-linux-gnu/libc-2.24.so
7f0ce2390000-7f0ce2394000 rw-p 00000000 00:00 0 
7f0ce2394000-7f0ce2397000 r-xp 00000000 08:01 1842967                    /lib/x86_64-linux-gnu/libdl-2.24.so
7f0ce2397000-7f0ce2596000 ---p 00003000 08:01 1842967                    /lib/x86_64-linux-gnu/libdl-2.24.so
7f0ce2596000-7f0ce2597000 r--p 00002000 08:01 1842967                    /lib/x86_64-linux-gnu/libdl-2.24.so
7f0ce2597000-7f0ce2598000 rw-p 00003000 08:01 1842967                    /lib/x86_64-linux-gnu/libdl-2.24.so
7f0ce2598000-7f0ce25a7000 r-xp 00000000 08:01 2118358                    /usr/lib/jvm/java-11-openjdk-amd64/lib/jli/libjli.so
7f0ce25a7000-7f0ce27a6000 ---p 0000f000 08:01 2118358                    /usr/lib/jvm/java-11-openjdk-amd64/lib/jli/libjli.so
7f0ce27a6000-7f0ce27a7000 r--p 0000e000 08:01 2118358                    /usr/lib/jvm/java-11-openjdk-amd64/lib/jli/libjli.so
7f0ce27a7000-7f0ce27a8000 rw-p 0000f000 08:01 2118358                    /usr/lib/jvm/java-11-openjdk-amd64/lib/jli/libjli.so
7f0ce27a8000-7f0ce27c0000 r-xp 00000000 08:01 1843018                    /lib/x86_64-linux-gnu/libpthread-2.24.so
7f0ce27c0000-7f0ce29bf000 ---p 00018000 08:01 1843018                    /lib/x86_64-linux-gnu/libpthread-2.24.so
7f0ce29bf000-7f0ce29c0000 r--p 00017000 08:01 1843018                    /lib/x86_64-linux-gnu/libpthread-2.24.so
7f0ce29c0000-7f0ce29c1000 rw-p 00018000 08:01 1843018                    /lib/x86_64-linux-gnu/libpthread-2.24.so
7f0ce29c1000-7f0ce29c5000 rw-p 00000000 00:00 0 
7f0ce29c5000-7f0ce29de000 r-xp 00000000 08:01 1843043                    /lib/x86_64-linux-gnu/libz.so.1.2.8
7f0ce29de000-7f0ce2bdd000 ---p 00019000 08:01 1843043                    /lib/x86_64-linux-gnu/libz.so.1.2.8
7f0ce2bdd000-7f0ce2bde000 r--p 00018000 08:01 1843043                    /lib/x86_64-linux-gnu/libz.so.1.2.8
7f0ce2bde000-7f0ce2bdf000 rw-p 00019000 08:01 1843043                    /lib/x86_64-linux-gnu/libz.so.1.2.8
7f0ce2bdf000-7f0ce2c02000 r-xp 00000000 08:01 1842937                    /lib/x86_64-linux-gnu/ld-2.24.so
7f0ce2c1c000-7f0ce2c49000 rw-p 00000000 00:00 0 
7f0ce2c49000-7f0ce2ce4000 ---p 00000000 00:00 0 
7f0ce2ce4000-7f0ce2ce9000 rw-p 00000000 00:00 0 
7f0ce2ce9000-7f0ce2cf0000 ---p 00000000 00:00 0 
7f0ce2cf0000-7f0ce2cf2000 r--s 00007000 08:01 2379129                    /usr/share/java/java-atk-wrapper.jar
7f0ce2cf2000-7f0ce2cf6000 ---p 00000000 00:00 0 
7f0ce2cf6000-7f0ce2df7000 rw-p 00000000 00:00 0 
7f0ce2df8000-7f0ce2e00000 rw-s 00000000 08:01 411604                     /tmp/hsperfdata_tanzachary/3872
7f0ce2e00000-7f0ce2e01000 ---p 00000000 00:00 0 
7f0ce2e01000-7f0ce2e02000 r--p 00000000 00:00 0 
7f0ce2e02000-7f0ce2e03000 r--p 00023000 08:01 1842937                    /lib/x86_64-linux-gnu/ld-2.24.so
7f0ce2e03000-7f0ce2e04000 rw-p 00024000 08:01 1842937                    /lib/x86_64-linux-gnu/ld-2.24.so
7f0ce2e04000-7f0ce2e05000 rw-p 00000000 00:00 0 
7ffd8b6fd000-7ffd8b71e000 rw-p 00000000 00:00 0                          [stack]
7ffd8b72b000-7ffd8b72e000 r--p 00000000 00:00 0                          [vvar]
7ffd8b72e000-7ffd8b730000 r-xp 00000000 00:00 0                          [vdso]
ffffffffff600000-ffffffffff601000 r-xp 00000000 00:00 0                  [vsyscall]


VM Arguments:
jvm_args: -Dclassworlds.conf=/opt/maven/bin/m2.conf -Dmaven.home=/opt/maven -Dlibrary.jansi.path=/opt/maven/lib/jansi-native -Dmaven.multiModuleProjectDirectory=/home/tanzachary/step/portfolio 
java_command: org.codehaus.plexus.classworlds.launcher.Launcher package appengine:run
java_class_path (initial): /opt/maven/boot/plexus-classworlds-2.6.0.jar
Launcher Type: SUN_STANDARD

[Global flags]
     intx CICompilerCount                          = 2                                         {product} {ergonomic}
   size_t InitialHeapSize                          = 33554432                                  {product} {ergonomic}
   size_t MaxHeapSize                              = 524288000                                 {product} {ergonomic}
   size_t MaxNewSize                               = 174718976                                 {product} {ergonomic}
   size_t MinHeapDeltaBytes                        = 196608                                    {product} {ergonomic}
   size_t NewSize                                  = 11141120                                  {product} {ergonomic}
    uintx NonNMethodCodeHeapSize                   = 5825164                                {pd product} {ergonomic}
    uintx NonProfiledCodeHeapSize                  = 122916538                              {pd product} {ergonomic}
   size_t OldSize                                  = 22413312                                  {product} {ergonomic}
    uintx ProfiledCodeHeapSize                     = 122916538                              {pd product} {ergonomic}
    uintx ReservedCodeCacheSize                    = 251658240                              {pd product} {ergonomic}
     bool SegmentedCodeCache                       = true                                      {product} {ergonomic}
     bool UseCompressedClassPointers               = true                                 {lp64_product} {ergonomic}
     bool UseCompressedOops                        = true                                 {lp64_product} {ergonomic}
     bool UseSerialGC                              = true                                      {product} {ergonomic}

Logging:
Log output configuration:
 #0: stdout all=warning uptime,level,tags
 #1: stderr all=off uptime,level,tags

Environment Variables:
JAVA_HOME=/usr/lib/jvm/java-11-openjdk-amd64
PATH=/home/tanzachary/step/portfolio/node_modules/.bin:/home/tanzachary/gopath/bin:/google/gopath/bin:/home/tanzachary/.gems/bin:/usr/local/go/bin:/opt/gradle/bin:/opt/maven/bin:/usr/local/sbin:/usr/local/bin:/usr/sbin:/usr/bin:/sbin:/bin:/usr/local/nvm/versions/node/v10.14.2/bin:/google/go_appengine:/google/google_appengine:/google/migrate/anthos/
SHELL=/bin/bash

Signal Handlers:
SIGSEGV: [libjvm.so+0xd9bff0], sa_mask[0]=11111111011111111101111111111110, sa_flags=SA_RESTART|SA_SIGINFO
SIGBUS: [libjvm.so+0xd9bff0], sa_mask[0]=11111111011111111101111111111110, sa_flags=SA_RESTART|SA_SIGINFO
SIGFPE: [libjvm.so+0xd9bff0], sa_mask[0]=11111111011111111101111111111110, sa_flags=SA_RESTART|SA_SIGINFO
SIGPIPE: [libjvm.so+0xb8fcf0], sa_mask[0]=11111111011111111101111111111110, sa_flags=SA_RESTART|SA_SIGINFO
SIGXFSZ: [libjvm.so+0xb8fcf0], sa_mask[0]=11111111011111111101111111111110, sa_flags=SA_RESTART|SA_SIGINFO
SIGILL: [libjvm.so+0xd9bff0], sa_mask[0]=11111111011111111101111111111110, sa_flags=SA_RESTART|SA_SIGINFO
SIGUSR2: [libjvm.so+0xb8fb90], sa_mask[0]=00000000000000000000000000000000, sa_flags=SA_RESTART|SA_SIGINFO
SIGHUP: [libjvm.so+0xb8fef0], sa_mask[0]=11111111011111111101111111111110, sa_flags=SA_RESTART|SA_SIGINFO
SIGINT: [libjvm.so+0xb8fef0], sa_mask[0]=11111111011111111101111111111110, sa_flags=SA_RESTART|SA_SIGINFO
SIGTERM: [libjvm.so+0xb8fef0], sa_mask[0]=11111111011111111101111111111110, sa_flags=SA_RESTART|SA_SIGINFO
SIGQUIT: [libjvm.so+0xb8fef0], sa_mask[0]=11111111011111111101111111111110, sa_flags=SA_RESTART|SA_SIGINFO


---------------  S Y S T E M  ---------------

OS:PRETTY_NAME="Debian GNU/Linux 9 (stretch)"
NAME="Debian GNU/Linux"
VERSION_ID="9"
VERSION="9 (stretch)"
VERSION_CODENAME=stretch
ID=debian
HOME_URL="https://www.debian.org/"
SUPPORT_URL="https://www.debian.org/support"
BUG_REPORT_URL="https://bugs.debian.org/"
uname:Linux 4.19.112+ #1 SMP Wed May 6 00:27:44 PDT 2020 x86_64
libc:glibc 2.24 NPTL 2.24 
rlimit: STACK 8192k, CORE infinity, NPROC infinity, NOFILE 1048576, AS infinity, DATA infinity, FSIZE infinity
load average:2.83 1.02 0.66

/proc/meminfo:
MemTotal:        2043884 kB
MemFree:          113580 kB
MemAvailable:     810928 kB
Buffers:           74436 kB
Cached:           644944 kB
SwapCached:          740 kB
Active:           896168 kB
Inactive:         717228 kB
Active(anon):     468780 kB
Inactive(anon):   405620 kB
Active(file):     427388 kB
Inactive(file):   311608 kB
Unevictable:           0 kB
Mlocked:               0 kB
SwapTotal:        786428 kB
SwapFree:         700668 kB
Dirty:              1028 kB
Writeback:             0 kB
AnonPages:        893312 kB
Mapped:           380332 kB
Shmem:               820 kB
Slab:             196976 kB
SReclaimable:     145988 kB
SUnreclaim:        50988 kB
KernelStack:        8408 kB
PageTables:        13884 kB
NFS_Unstable:          0 kB
Bounce:                0 kB
WritebackTmp:          0 kB
CommitLimit:     1808368 kB
Committed_AS:    5215420 kB
VmallocTotal:   34359738367 kB
VmallocUsed:           0 kB
VmallocChunk:          0 kB
Percpu:              968 kB
AnonHugePages:      2048 kB
ShmemHugePages:        0 kB
ShmemPmdMapped:        0 kB
HugePages_Total:       0
HugePages_Free:        0
HugePages_Rsvd:        0
HugePages_Surp:        0
Hugepagesize:       2048 kB
Hugetlb:               0 kB
DirectMap4k:       85180 kB
DirectMap2M:     2011136 kB
DirectMap1G:           0 kB


/proc/sys/kernel/threads-max (system-wide limit on the number of threads):
15631


/proc/sys/vm/max_map_count (maximum number of memory map areas a process may have):
65530


/proc/sys/kernel/pid_max (system-wide limit on number of process identifiers):
4194304



container (cgroup) information:
container_type: cgroupv1
cpu_cpuset_cpus: 0-1
cpu_memory_nodes: 0
active_processor_count: 1
cpu_quota: -1
cpu_period: 100000
cpu_shares: 2
memory_limit_in_bytes: -1
memory_and_swap_limit_in_bytes: -1
memory_soft_limit_in_bytes: -1
memory_usage_in_bytes: 623247360
memory_max_usage_in_bytes: 684109824

KVM virtualization detected
Steal ticks since vm start: 1
Steal ticks percentage since vm start:  0.000

CPU:total 2 (initial active 1) (1 cores per cpu, 2 threads per core) family 6 model 63 stepping 0, cmov, cx8, fxsr, mmx, sse, sse2, sse3, ssse3, sse4.1, sse4.2, popcnt, avx, avx2, aes, clmul, erms, lzcnt, ht, tsc, tscinvbit, bmi1, bmi2, fma
CPU Model and flags from /proc/cpuinfo:
model name	: Intel(R) Xeon(R) CPU @ 2.30GHz
flags		: fpu vme de pse tsc msr pae mce cx8 apic sep mtrr pge mca cmov pat pse36 clflush mmx fxsr sse sse2 ss ht syscall nx pdpe1gb rdtscp lm constant_tsc rep_good nopl xtopology nonstop_tsc cpuid tsc_known_freq pni pclmulqdq ssse3 fma cx16 pcid sse4_1 sse4_2 x2apic movbe popcnt aes xsave avx f16c rdrand hypervisor lahf_lm abm invpcid_single pti ssbd ibrs ibpb stibp fsgsbase tsc_adjust bmi1 avx2 smep bmi2 erms invpcid xsaveopt arat md_clear arch_capabilities

Memory: 4k page, physical 2043884k(113580k free), swap 786428k(700668k free)

vm_info: OpenJDK 64-Bit Server VM (11.0.6+10-post-Debian-1bpo91) for linux-amd64 JRE (11.0.6+10-post-Debian-1bpo91), built on Feb  1 2020 09:07:43 by "unknown" with gcc 6.3.0 20170516

END.
