#
# A fatal error has been detected by the Java Runtime Environment:
#
#  SIGSEGV (0xb) at pc=0x00007f3d4584cbc0, pid=5705, tid=5705
#
# JRE version: OpenJDK Runtime Environment (11.0.6+10) (build 11.0.6+10-post-Debian-1bpo91)
# Java VM: OpenJDK 64-Bit Server VM (11.0.6+10-post-Debian-1bpo91, mixed mode, sharing, tiered, compressed oops, serial gc, linux-amd64)
# Problematic frame:
# V  [libjvm.so+0xb8fbc0]
#
# Core dump will be written. Default location: Core dumps may be processed with "/sbin/crash_reporter --user=%P:%s:%u:%g:%e" (or dumping to /home/tanzachary/step/portfolio/core.5705)
#
# If you would like to submit a bug report, please visit:
#   https://bugs.debian.org/openjdk-11
#

---------------  S U M M A R Y ------------

Command Line: -Dclassworlds.conf=/opt/maven/bin/m2.conf -Dmaven.home=/opt/maven -Dlibrary.jansi.path=/opt/maven/lib/jansi-native -Dmaven.multiModuleProjectDirectory=/home/tanzachary/step/portfolio org.codehaus.plexus.classworlds.launcher.Launcher package appengine:run

Host: Intel(R) Xeon(R) CPU @ 2.30GHz, 2 cores, 1G, Debian GNU/Linux 9 (stretch)
Time: Thu May 28 17:56:48 2020 EDT elapsed time: 32 seconds (0d 0h 0m 32s)

---------------  T H R E A D  ---------------

Current thread is native thread

Stack: [0x00007ffcf549e000,0x00007ffcf5c9c000],  sp=0x00007ffcf5c970c0,  free space=8164k
Native frames: (J=compiled Java code, A=aot compiled Java code, j=interpreted, Vv=VM code, C=native code)
V  [libjvm.so+0xb8fbc0]
C  [libpthread.so.0+0x110e0]


siginfo: si_signo: 11 (SIGSEGV), si_code: 1 (SEGV_MAPERR), si_addr: 0x00000000000000d0

Register to memory mapping:

RAX=0x0 is NULL
RBX=
[error occurred during error reporting (printing register info), id 0xb, SIGSEGV (0xb) at pc=0x00007f3d459f39e7]

Registers:
RAX=0x0000000000000000, RBX=0x00007f3d46e8fe18, RCX=0x00007f3d4684c6dd, RDX=0x0000000000000000
RSP=0x00007ffcf5c970c0, RBP=0x00007ffcf5c97170, RSI=0x00007ffcf5c972b0, RDI=0x0000000000000001
R8 =0x00000000000000ca, R9 =0x00007f3d46e8e9d0, R10=0x0000000000000000, R11=0x0000000000000246
R12=0x0000000000000000, R13=0x00007ffcf5c972b0, R14=0x00007ffcf5c97180, R15=0x00007f3d46e8ed28
RIP=0x00007f3d4584cbc0, EFLAGS=0x0000000000010246, CSGSFS=0x002b000000000033, ERR=0x0000000000000004
  TRAPNO=0x000000000000000e

Top of Stack: (sp=0x00007ffcf5c970c0)
0x00007ffcf5c970c0:   0000000001e5cb59 00007f3d460a2038
0x00007ffcf5c970d0:   00007ffcf5c971f0 00007f3d46094d90
0x00007ffcf5c970e0:   00007ffcf5c97114 00007ffcf5c971e0
0x00007ffcf5c970f0:   000055c7037dec70 000000000000000b 

Instructions: (pc=0x00007f3d4584cbc0)
0x00007f3d4584cac0:   c0 74 03 c6 00 00 4c 89 f7 4c 89 fa 48 89 de e8
0x00007f3d4584cad0:   dc db 6d ff 4c 89 e7 e8 24 df 6d ff 48 81 c4 08
0x00007f3d4584cae0:   01 00 00 5b 41 5c 41 5d 41 5e 41 5f 5d c3 4c 89
0x00007f3d4584caf0:   e2 be 00 01 00 00 48 89 df e8 92 e1 6d ff 48 85
0x00007f3d4584cb00:   c0 74 ae 48 8d 35 b1 46 2f 00 48 89 df e8 5e df
0x00007f3d4584cb10:   6d ff 48 85 c0 74 41 66 0f 1f 84 00 00 00 00 00
0x00007f3d4584cb20:   be 22 00 00 00 48 89 df e8 d3 df 6d ff 48 85 c0
0x00007f3d4584cb30:   74 46 48 8d 58 01 be 22 00 00 00 48 89 df e8 bd
0x00007f3d4584cb40:   df 6d ff 48 85 c0 0f 85 77 ff ff ff e9 75 ff ff
0x00007f3d4584cb50:   ff 0f 1f 80 00 00 00 00 48 8d 35 71 46 2f 00 48
0x00007f3d4584cb60:   89 df e8 09 df 6d ff 48 85 c0 0f 84 41 ff ff ff
0x00007f3d4584cb70:   eb ae 66 0f 1f 44 00 00 48 89 df be 3d 00 00 00
0x00007f3d4584cb80:   e8 7b df 6d ff 48 8d 58 01 e9 23 ff ff ff 66 90
0x00007f3d4584cb90:   55 48 89 e5 41 57 41 56 41 55 41 54 49 89 d6 53
0x00007f3d4584cba0:   49 89 f5 48 81 ec 88 00 00 00 e8 81 e6 6d ff 48
0x00007f3d4584cbb0:   89 c3 44 8b 20 e8 26 58 1a 00 31 d2 84 c0 75 38
0x00007f3d4584cbc0:   48 83 ba d0 00 00 00 00 74 16 4c 8b ba 68 02 00
0x00007f3d4584cbd0:   00 41 8b 87 a8 00 00 00 83 f8 01 74 2b 44 89 23
0x00007f3d4584cbe0:   48 81 c4 88 00 00 00 5b 41 5c 41 5d 41 5e 41 5f
0x00007f3d4584cbf0:   5d c3 66 0f 1f 44 00 00 e8 f3 57 1a 00 48 89 c2
0x00007f3d4584cc00:   eb be 66 0f 1f 44 00 00 4d 89 af b0 00 00 00 4d
0x00007f3d4584cc10:   8d af a8 00 00 00 4d 89 b7 b8 00 00 00 ba 02 00
0x00007f3d4584cc20:   00 00 be 01 00 00 00 4c 89 ef e8 01 cb ff ff 83
0x00007f3d4584cc30:   f8 02 74 3c 85 c0 75 18 49 c7 87 b8 00 00 00 00
0x00007f3d4584cc40:   00 00 00 49 c7 87 b0 00 00 00 00 00 00 00 eb 8d
0x00007f3d4584cc50:   48 8d 05 51 96 7b 00 48 8d 3d 7a 4e 2f 00 be 64
0x00007f3d4584cc60:   11 00 00 48 8b 00 c6 00 58 e8 22 16 ab ff eb c8
0x00007f3d4584cc70:   4c 8d b5 50 ff ff ff 4c 89 f7 e8 11 e2 6d ff 4c
0x00007f3d4584cc80:   89 f2 31 f6 31 ff e8 15 e3 6d ff 8b 35 ff 37 7d
0x00007f3d4584cc90:   00 4c 89 f7 e8 c7 de 6d ff 48 8d 3d 60 73 81 00
0x00007f3d4584cca0:   be 01 00 00 00 e8 a6 bc 0c 00 66 0f 1f 44 00 00
0x00007f3d4584ccb0:   4c 89 f7 e8 d8 e5 6d ff 31 d2 be 03 00 00 00 4c 


Stack slot to memory mapping:
stack at sp + 0 slots: 
[error occurred during error reporting (inspecting top of stack), id 0xb, SIGSEGV (0xb) at pc=0x00007f3d459f39e7]


---------------  P R O C E S S  ---------------

VM state:not at safepoint (normal execution)

VM Mutex/Monitor currently owned by a thread: None

Heap address: 0x00000000e0c00000, size: 500 MB, Compressed Oops mode: 32-bit
Narrow klass base: 0x0000000800000000, Narrow klass shift: 3
Compressed class space size: 1073741824 Address: 0x0000000840000000

Heap:
 def new generation   total 10368K, used 1949K [0x00000000e0c00000, 0x00000000e1730000, 0x00000000eb2a0000)
  eden space 9280K,  21% used [0x00000000e0c00000, 0x00000000e0de7598, 0x00000000e1510000)
  from space 1088K,   0% used [0x00000000e1510000, 0x00000000e1510000, 0x00000000e1620000)
  to   space 1088K,   0% used [0x00000000e1620000, 0x00000000e1620000, 0x00000000e1730000)
 tenured generation   total 22852K, used 13710K [0x00000000eb2a0000, 0x00000000ec8f1000, 0x0000000100000000)
   the space 22852K,  59% used [0x00000000eb2a0000, 0x00000000ec003808, 0x00000000ec003a00, 0x00000000ec8f1000)
 Metaspace       used 20865K, capacity 21566K, committed 21808K, reserved 1069056K
  class space    used 2415K, capacity 2664K, committed 2688K, reserved 1048576K

Card table byte_map: [0x00007f3d277c8000,0x00007f3d278c3000] _byte_map_base: 0x00007f3d270c2000

Polling page: 0x00007f3d46e9c000

Metaspace:

Usage:
  Non-class:     18.46 MB capacity,    18.02 MB ( 98%) used,   415.62 KB (  2%) free+waste,    37.25 KB ( <1%) overhead. 
      Class:      2.60 MB capacity,     2.36 MB ( 91%) used,   230.05 KB (  9%) free+waste,    18.00 KB ( <1%) overhead. 
       Both:     21.06 MB capacity,    20.38 MB ( 97%) used,   645.66 KB (  3%) free+waste,    55.25 KB ( <1%) overhead. 

Virtual space:
  Non-class space:       20.00 MB reserved,      18.67 MB ( 93%) committed 
      Class space:        1.00 GB reserved,       2.62 MB ( <1%) committed 
             Both:        1.02 GB reserved,      21.30 MB (  2%) committed 

Chunk freelists:
   Non-Class:  70.00 KB
       Class:  0 bytes
        Both:  70.00 KB

MaxMetaspaceSize: unlimited
CompressedClassSpaceSize: 1.00 GB

CodeHeap 'non-profiled nmethods': size=120036Kb used=1561Kb max_used=1561Kb free=118474Kb
 bounds [0x00007f3d2f560000, 0x00007f3d2f7d0000, 0x00007f3d36a99000]
CodeHeap 'profiled nmethods': size=120032Kb used=7898Kb max_used=7898Kb free=112133Kb
 bounds [0x00007f3d28028000, 0x00007f3d287e8000, 0x00007f3d2f560000]
CodeHeap 'non-nmethods': size=5692Kb used=1146Kb max_used=1161Kb free=4545Kb
 bounds [0x00007f3d27a99000, 0x00007f3d27d09000, 0x00007f3d28028000]
 total_blobs=5224 nmethods=4045 adapters=398
 compilation: enabled
              stopped_count=0, restarted_count=0
 full_count=0

Compilation events (20 events):
Event: 8.640 Thread 0x00007f3d40059800 4073       4       java.io.OutputStream::flush (1 bytes)
Event: 8.640 Thread 0x00007f3d40059800 nmethod 4073 0x00007f3d2f6e4b10 code [0x00007f3d2f6e4ca0, 0x00007f3d2f6e4d18]
Event: 8.657 Thread 0x00007f3d40059800 4074       4       java.nio.CharBuffer::charAt (16 bytes)
Event: 8.657 Thread 0x00007f3d4005b800 4075       3       java.util.regex.Matcher::end (22 bytes)
Event: 8.657 Thread 0x00007f3d4005b800 nmethod 4075 0x00007f3d287dc290 code [0x00007f3d287dc460, 0x00007f3d287dc708]
Event: 8.658 Thread 0x00007f3d4005b800 4076   !   3       java.io.BufferedWriter::write (117 bytes)
Event: 8.660 Thread 0x00007f3d40059800 nmethod 4074 0x00007f3d2f6e4d90 code [0x00007f3d2f6e4f20, 0x00007f3d2f6e5058]
Event: 8.665 Thread 0x00007f3d4005b800 nmethod 4076 0x00007f3d287dc810 code [0x00007f3d287dca20, 0x00007f3d287dd188]
Event: 8.665 Thread 0x00007f3d4005b800 4077       3       java.io.OutputStreamWriter::write (11 bytes)
Event: 8.665 Thread 0x00007f3d4005b800 nmethod 4077 0x00007f3d287dd510 code [0x00007f3d287dd6e0, 0x00007f3d287dd8a8]
Event: 8.665 Thread 0x00007f3d4005b800 4078   !   3       java.io.PrintStream::write (69 bytes)
Event: 8.666 Thread 0x00007f3d4005b800 nmethod 4078 0x00007f3d287dd990 code [0x00007f3d287ddbc0, 0x00007f3d287de3f8]
Event: 8.666 Thread 0x00007f3d4005b800 4079       3       java.io.PrintStream::print (9 bytes)
Event: 8.666 Thread 0x00007f3d4005b800 nmethod 4079 0x00007f3d287de710 code [0x00007f3d287de8e0, 0x00007f3d287deab8]
Event: 8.775 Thread 0x00007f3d40059800 4080   !   4       java.nio.charset.CharsetEncoder::encode (285 bytes)
Event: 8.781 Thread 0x00007f3d40059800 nmethod 4080 0x00007f3d2f6e5210 code [0x00007f3d2f6e53e0, 0x00007f3d2f6e5708]
Event: 8.781 Thread 0x00007f3d40059800 4081       4       sun.nio.cs.UTF_8$Encoder::encodeLoop (28 bytes)
Event: 8.783 Thread 0x00007f3d40059800 nmethod 4081 0x00007f3d2f6e5b10 code [0x00007f3d2f6e5cc0, 0x00007f3d2f6e5e08]
Event: 8.783 Thread 0x00007f3d40059800 4082 %     4       java.util.regex.Matcher::reset @ 17 (128 bytes)
Event: 8.789 Thread 0x00007f3d40059800 nmethod 4082% 0x00007f3d2f6e5f90 code [0x00007f3d2f6e6160, 0x00007f3d2f6e63f8]

GC Heap History (20 events):
Event: 3.403 GC heap before
{Heap before GC invocations=12 (full 0):
 def new generation   total 9792K, used 9219K [0x00000000e0c00000, 0x00000000e16a0000, 0x00000000eb2a0000)
  eden space 8704K, 100% used [0x00000000e0c00000, 0x00000000e1480000, 0x00000000e1480000)
  from space 1088K,  47% used [0x00000000e1480000, 0x00000000e1500e60, 0x00000000e1590000)
  to   space 1088K,   0% used [0x00000000e1590000, 0x00000000e1590000, 0x00000000e16a0000)
 tenured generation   total 21888K, used 7832K [0x00000000eb2a0000, 0x00000000ec800000, 0x0000000100000000)
   the space 21888K,  35% used [0x00000000eb2a0000, 0x00000000eba461b8, 0x00000000eba46200, 0x00000000ec800000)
 Metaspace       used 14066K, capacity 15633K, committed 16000K, reserved 1062912K
  class space    used 1611K, capacity 1833K, committed 1920K, reserved 1048576K
}
Event: 3.405 GC heap after
{Heap after GC invocations=13 (full 0):
 def new generation   total 9792K, used 864K [0x00000000e0c00000, 0x00000000e16a0000, 0x00000000eb2a0000)
  eden space 8704K,   0% used [0x00000000e0c00000, 0x00000000e0c00000, 0x00000000e1480000)
  from space 1088K,  79% used [0x00000000e1590000, 0x00000000e1668220, 0x00000000e16a0000)
  to   space 1088K,   0% used [0x00000000e1480000, 0x00000000e1480000, 0x00000000e1590000)
 tenured generation   total 21888K, used 7832K [0x00000000eb2a0000, 0x00000000ec800000, 0x0000000100000000)
   the space 21888K,  35% used [0x00000000eb2a0000, 0x00000000eba461b8, 0x00000000eba46200, 0x00000000ec800000)
 Metaspace       used 14066K, capacity 15633K, committed 16000K, reserved 1062912K
  class space    used 1611K, capacity 1833K, committed 1920K, reserved 1048576K
}
Event: 3.701 GC heap before
{Heap before GC invocations=13 (full 0):
 def new generation   total 9792K, used 9568K [0x00000000e0c00000, 0x00000000e16a0000, 0x00000000eb2a0000)
  eden space 8704K, 100% used [0x00000000e0c00000, 0x00000000e1480000, 0x00000000e1480000)
  from space 1088K,  79% used [0x00000000e1590000, 0x00000000e1668220, 0x00000000e16a0000)
  to   space 1088K,   0% used [0x00000000e1480000, 0x00000000e1480000, 0x00000000e1590000)
 tenured generation   total 21888K, used 7832K [0x00000000eb2a0000, 0x00000000ec800000, 0x0000000100000000)
   the space 21888K,  35% used [0x00000000eb2a0000, 0x00000000eba461b8, 0x00000000eba46200, 0x00000000ec800000)
 Metaspace       used 14518K, capacity 16051K, committed 16256K, reserved 1062912K
  class space    used 1639K, capacity 1867K, committed 1920K, reserved 1048576K
}
Event: 3.706 GC heap after
{Heap after GC invocations=14 (full 0):
 def new generation   total 9792K, used 988K [0x00000000e0c00000, 0x00000000e16a0000, 0x00000000eb2a0000)
  eden space 8704K,   0% used [0x00000000e0c00000, 0x00000000e0c00000, 0x00000000e1480000)
  from space 1088K,  90% used [0x00000000e1480000, 0x00000000e15772e8, 0x00000000e1590000)
  to   space 1088K,   0% used [0x00000000e1590000, 0x00000000e1590000, 0x00000000e16a0000)
 tenured generation   total 21888K, used 8236K [0x00000000eb2a0000, 0x00000000ec800000, 0x0000000100000000)
   the space 21888K,  37% used [0x00000000eb2a0000, 0x00000000ebaab150, 0x00000000ebaab200, 0x00000000ec800000)
 Metaspace       used 14518K, capacity 16051K, committed 16256K, reserved 1062912K
  class space    used 1639K, capacity 1867K, committed 1920K, reserved 1048576K
}
Event: 3.983 GC heap before
{Heap before GC invocations=14 (full 0):
 def new generation   total 9792K, used 9692K [0x00000000e0c00000, 0x00000000e16a0000, 0x00000000eb2a0000)
  eden space 8704K, 100% used [0x00000000e0c00000, 0x00000000e1480000, 0x00000000e1480000)
  from space 1088K,  90% used [0x00000000e1480000, 0x00000000e15772e8, 0x00000000e1590000)
  to   space 1088K,   0% used [0x00000000e1590000, 0x00000000e1590000, 0x00000000e16a0000)
 tenured generation   total 21888K, used 8236K [0x00000000eb2a0000, 0x00000000ec800000, 0x0000000100000000)
   the space 21888K,  37% used [0x00000000eb2a0000, 0x00000000ebaab150, 0x00000000ebaab200, 0x00000000ec800000)
 Metaspace       used 14989K, capacity 16456K, committed 16896K, reserved 1064960K
  class space    used 1667K, capacity 1934K, committed 2048K, reserved 1048576K
}
Event: 3.988 GC heap after
{Heap after GC invocations=15 (full 0):
 def new generation   total 9792K, used 523K [0x00000000e0c00000, 0x00000000e16a0000, 0x00000000eb2a0000)
  eden space 8704K,   0% used [0x00000000e0c00000, 0x00000000e0c00000, 0x00000000e1480000)
  from space 1088K,  48% used [0x00000000e1590000, 0x00000000e1612d68, 0x00000000e16a0000)
  to   space 1088K,   0% used [0x00000000e1480000, 0x00000000e1480000, 0x00000000e1590000)
 tenured generation   total 21888K, used 9198K [0x00000000eb2a0000, 0x00000000ec800000, 0x0000000100000000)
   the space 21888K,  42% used [0x00000000eb2a0000, 0x00000000ebb9b890, 0x00000000ebb9ba00, 0x00000000ec800000)
 Metaspace       used 14989K, capacity 16456K, committed 16896K, reserved 1064960K
  class space    used 1667K, capacity 1934K, committed 2048K, reserved 1048576K
}
Event: 4.110 GC heap before
{Heap before GC invocations=15 (full 0):
 def new generation   total 9792K, used 9227K [0x00000000e0c00000, 0x00000000e16a0000, 0x00000000eb2a0000)
  eden space 8704K, 100% used [0x00000000e0c00000, 0x00000000e1480000, 0x00000000e1480000)
  from space 1088K,  48% used [0x00000000e1590000, 0x00000000e1612d68, 0x00000000e16a0000)
  to   space 1088K,   0% used [0x00000000e1480000, 0x00000000e1480000, 0x00000000e1590000)
 tenured generation   total 21888K, used 9198K [0x00000000eb2a0000, 0x00000000ec800000, 0x0000000100000000)
   the space 21888K,  42% used [0x00000000eb2a0000, 0x00000000ebb9b890, 0x00000000ebb9ba00, 0x00000000ec800000)
 Metaspace       used 15649K, capacity 17204K, committed 17536K, reserved 1064960K
  class space    used 1786K, capacity 2078K, committed 2176K, reserved 1048576K
}
Event: 4.114 GC heap after
{Heap after GC invocations=16 (full 0):
 def new generation   total 9792K, used 950K [0x00000000e0c00000, 0x00000000e16a0000, 0x00000000eb2a0000)
  eden space 8704K,   0% used [0x00000000e0c00000, 0x00000000e0c00000, 0x00000000e1480000)
  from space 1088K,  87% used [0x00000000e1480000, 0x00000000e156d950, 0x00000000e1590000)
  to   space 1088K,   0% used [0x00000000e1590000, 0x00000000e1590000, 0x00000000e16a0000)
 tenured generation   total 21888K, used 9198K [0x00000000eb2a0000, 0x00000000ec800000, 0x0000000100000000)
   the space 21888K,  42% used [0x00000000eb2a0000, 0x00000000ebb9b890, 0x00000000ebb9ba00, 0x00000000ec800000)
 Metaspace       used 15649K, capacity 17204K, committed 17536K, reserved 1064960K
  class space    used 1786K, capacity 2078K, committed 2176K, reserved 1048576K
}
Event: 4.425 GC heap before
{Heap before GC invocations=16 (full 0):
 def new generation   total 9792K, used 9654K [0x00000000e0c00000, 0x00000000e16a0000, 0x00000000eb2a0000)
  eden space 8704K, 100% used [0x00000000e0c00000, 0x00000000e1480000, 0x00000000e1480000)
  from space 1088K,  87% used [0x00000000e1480000, 0x00000000e156d950, 0x00000000e1590000)
  to   space 1088K,   0% used [0x00000000e1590000, 0x00000000e1590000, 0x00000000e16a0000)
 tenured generation   total 21888K, used 9198K [0x00000000eb2a0000, 0x00000000ec800000, 0x0000000100000000)
   the space 21888K,  42% used [0x00000000eb2a0000, 0x00000000ebb9b890, 0x00000000ebb9ba00, 0x00000000ec800000)
 Metaspace       used 17439K, capacity 18387K, committed 18688K, reserved 1064960K
  class space    used 2004K, capacity 2261K, committed 2304K, reserved 1048576K
}
Event: 4.432 GC heap after
{Heap after GC invocations=17 (full 0):
 def new generation   total 9792K, used 1087K [0x00000000e0c00000, 0x00000000e16a0000, 0x00000000eb2a0000)
  eden space 8704K,   0% used [0x00000000e0c00000, 0x00000000e0c00000, 0x00000000e1480000)
  from space 1088K,  99% used [0x00000000e1590000, 0x00000000e169fff8, 0x00000000e16a0000)
  to   space 1088K,   0% used [0x00000000e1480000, 0x00000000e1480000, 0x00000000e1590000)
 tenured generation   total 21888K, used 9680K [0x00000000eb2a0000, 0x00000000ec800000, 0x0000000100000000)
   the space 21888K,  44% used [0x00000000eb2a0000, 0x00000000ebc141e0, 0x00000000ebc14200, 0x00000000ec800000)
 Metaspace       used 17439K, capacity 18387K, committed 18688K, reserved 1064960K
  class space    used 2004K, capacity 2261K, committed 2304K, reserved 1048576K
}
Event: 4.883 GC heap before
{Heap before GC invocations=17 (full 0):
 def new generation   total 9792K, used 9791K [0x00000000e0c00000, 0x00000000e16a0000, 0x00000000eb2a0000)
  eden space 8704K, 100% used [0x00000000e0c00000, 0x00000000e1480000, 0x00000000e1480000)
  from space 1088K,  99% used [0x00000000e1590000, 0x00000000e169fff8, 0x00000000e16a0000)
  to   space 1088K,   0% used [0x00000000e1480000, 0x00000000e1480000, 0x00000000e1590000)
 tenured generation   total 21888K, used 9680K [0x00000000eb2a0000, 0x00000000ec800000, 0x0000000100000000)
   the space 21888K,  44% used [0x00000000eb2a0000, 0x00000000ebc141e0, 0x00000000ebc14200, 0x00000000ec800000)
 Metaspace       used 17750K, capacity 18611K, committed 18944K, reserved 1067008K
  class space    used 2029K, capacity 2271K, committed 2304K, reserved 1048576K
}
Event: 4.890 GC heap after
{Heap after GC invocations=18 (full 0):
 def new generation   total 9792K, used 887K [0x00000000e0c00000, 0x00000000e16a0000, 0x00000000eb2a0000)
  eden space 8704K,   0% used [0x00000000e0c00000, 0x00000000e0c00000, 0x00000000e1480000)
  from space 1088K,  81% used [0x00000000e1480000, 0x00000000e155dc58, 0x00000000e1590000)
  to   space 1088K,   0% used [0x00000000e1590000, 0x00000000e1590000, 0x00000000e16a0000)
 tenured generation   total 21888K, used 10736K [0x00000000eb2a0000, 0x00000000ec800000, 0x0000000100000000)
   the space 21888K,  49% used [0x00000000eb2a0000, 0x00000000ebd1c080, 0x00000000ebd1c200, 0x00000000ec800000)
 Metaspace       used 17750K, capacity 18611K, committed 18944K, reserved 1067008K
  class space    used 2029K, capacity 2271K, committed 2304K, reserved 1048576K
}
Event: 5.071 GC heap before
{Heap before GC invocations=18 (full 0):
 def new generation   total 9792K, used 9591K [0x00000000e0c00000, 0x00000000e16a0000, 0x00000000eb2a0000)
  eden space 8704K, 100% used [0x00000000e0c00000, 0x00000000e1480000, 0x00000000e1480000)
  from space 1088K,  81% used [0x00000000e1480000, 0x00000000e155dc58, 0x00000000e1590000)
  to   space 1088K,   0% used [0x00000000e1590000, 0x00000000e1590000, 0x00000000e16a0000)
 tenured generation   total 21888K, used 10736K [0x00000000eb2a0000, 0x00000000ec800000, 0x0000000100000000)
   the space 21888K,  49% used [0x00000000eb2a0000, 0x00000000ebd1c080, 0x00000000ebd1c200, 0x00000000ec800000)
 Metaspace       used 17830K, capacity 18682K, committed 18944K, reserved 1067008K
  class space    used 2030K, capacity 2273K, committed 2304K, reserved 1048576K
}
Event: 5.076 GC heap after
{Heap after GC invocations=19 (full 0):
 def new generation   total 9792K, used 490K [0x00000000e0c00000, 0x00000000e16a0000, 0x00000000eb2a0000)
  eden space 8704K,   0% used [0x00000000e0c00000, 0x00000000e0c00000, 0x00000000e1480000)
  from space 1088K,  45% used [0x00000000e1590000, 0x00000000e160aae0, 0x00000000e16a0000)
  to   space 1088K,   0% used [0x00000000e1480000, 0x00000000e1480000, 0x00000000e1590000)
 tenured generation   total 21888K, used 11522K [0x00000000eb2a0000, 0x00000000ec800000, 0x0000000100000000)
   the space 21888K,  52% used [0x00000000eb2a0000, 0x00000000ebde0978, 0x00000000ebde0a00, 0x00000000ec800000)
 Metaspace       used 17830K, capacity 18682K, committed 18944K, reserved 1067008K
  class space    used 2030K, capacity 2273K, committed 2304K, reserved 1048576K
}
Event: 5.172 GC heap before
{Heap before GC invocations=19 (full 0):
 def new generation   total 9792K, used 9194K [0x00000000e0c00000, 0x00000000e16a0000, 0x00000000eb2a0000)
  eden space 8704K, 100% used [0x00000000e0c00000, 0x00000000e1480000, 0x00000000e1480000)
  from space 1088K,  45% used [0x00000000e1590000, 0x00000000e160aae0, 0x00000000e16a0000)
  to   space 1088K,   0% used [0x00000000e1480000, 0x00000000e1480000, 0x00000000e1590000)
 tenured generation   total 21888K, used 11522K [0x00000000eb2a0000, 0x00000000ec800000, 0x0000000100000000)
   the space 21888K,  52% used [0x00000000eb2a0000, 0x00000000ebde0978, 0x00000000ebde0a00, 0x00000000ec800000)
 Metaspace       used 17886K, capacity 18692K, committed 18944K, reserved 1067008K
  class space    used 2032K, capacity 2275K, committed 2304K, reserved 1048576K
}
Event: 5.175 GC heap after
{Heap after GC invocations=20 (full 0):
 def new generation   total 9792K, used 921K [0x00000000e0c00000, 0x00000000e16a0000, 0x00000000eb2a0000)
  eden space 8704K,   0% used [0x00000000e0c00000, 0x00000000e0c00000, 0x00000000e1480000)
  from space 1088K,  84% used [0x00000000e1480000, 0x00000000e15667c8, 0x00000000e1590000)
  to   space 1088K,   0% used [0x00000000e1590000, 0x00000000e1590000, 0x00000000e16a0000)
 tenured generation   total 21888K, used 11522K [0x00000000eb2a0000, 0x00000000ec800000, 0x0000000100000000)
   the space 21888K,  52% used [0x00000000eb2a0000, 0x00000000ebde0978, 0x00000000ebde0a00, 0x00000000ec800000)
 Metaspace       used 17886K, capacity 18692K, committed 18944K, reserved 1067008K
  class space    used 2032K, capacity 2275K, committed 2304K, reserved 1048576K
}
Event: 5.898 GC heap before
{Heap before GC invocations=20 (full 0):
 def new generation   total 9792K, used 9625K [0x00000000e0c00000, 0x00000000e16a0000, 0x00000000eb2a0000)
  eden space 8704K, 100% used [0x00000000e0c00000, 0x00000000e1480000, 0x00000000e1480000)
  from space 1088K,  84% used [0x00000000e1480000, 0x00000000e15667c8, 0x00000000e1590000)
  to   space 1088K,   0% used [0x00000000e1590000, 0x00000000e1590000, 0x00000000e16a0000)
 tenured generation   total 21888K, used 11522K [0x00000000eb2a0000, 0x00000000ec800000, 0x0000000100000000)
   the space 21888K,  52% used [0x00000000eb2a0000, 0x00000000ebde0978, 0x00000000ebde0a00, 0x00000000ec800000)
 Metaspace       used 18905K, capacity 19602K, committed 19840K, reserved 1067008K
  class space    used 2186K, capacity 2429K, committed 2432K, reserved 1048576K
}
Event: 5.903 GC heap after
{Heap after GC invocations=21 (full 0):
 def new generation   total 9792K, used 949K [0x00000000e0c00000, 0x00000000e16a0000, 0x00000000eb2a0000)
  eden space 8704K,   0% used [0x00000000e0c00000, 0x00000000e0c00000, 0x00000000e1480000)
  from space 1088K,  87% used [0x00000000e1590000, 0x00000000e167d648, 0x00000000e16a0000)
  to   space 1088K,   0% used [0x00000000e1480000, 0x00000000e1480000, 0x00000000e1590000)
 tenured generation   total 21888K, used 12433K [0x00000000eb2a0000, 0x00000000ec800000, 0x0000000100000000)
   the space 21888K,  56% used [0x00000000eb2a0000, 0x00000000ebec4660, 0x00000000ebec4800, 0x00000000ec800000)
 Metaspace       used 18905K, capacity 19602K, committed 19840K, reserved 1067008K
  class space    used 2186K, capacity 2429K, committed 2432K, reserved 1048576K
}
Event: 6.600 GC heap before
{Heap before GC invocations=21 (full 0):
 def new generation   total 9792K, used 3651K [0x00000000e0c00000, 0x00000000e16a0000, 0x00000000eb2a0000)
  eden space 8704K,  31% used [0x00000000e0c00000, 0x00000000e0ea3668, 0x00000000e1480000)
  from space 1088K,  87% used [0x00000000e1590000, 0x00000000e167d648, 0x00000000e16a0000)
  to   space 1088K,   0% used [0x00000000e1480000, 0x00000000e1480000, 0x00000000e1590000)
 tenured generation   total 21888K, used 12433K [0x00000000eb2a0000, 0x00000000ec800000, 0x0000000100000000)
   the space 21888K,  56% used [0x00000000eb2a0000, 0x00000000ebec4660, 0x00000000ebec4800, 0x00000000ec800000)
 Metaspace       used 20398K, capacity 21065K, committed 21296K, reserved 1069056K
  class space    used 2355K, capacity 2602K, committed 2688K, reserved 1048576K
}
Event: 6.641 GC heap after
{Heap after GC invocations=22 (full 1):
 def new generation   total 10368K, used 0K [0x00000000e0c00000, 0x00000000e1730000, 0x00000000eb2a0000)
  eden space 9280K,   0% used [0x00000000e0c00000, 0x00000000e0c00000, 0x00000000e1510000)
  from space 1088K,   0% used [0x00000000e1510000, 0x00000000e1510000, 0x00000000e1620000)
  to   space 1088K,   0% used [0x00000000e1620000, 0x00000000e1620000, 0x00000000e1730000)
 tenured generation   total 22852K, used 13710K [0x00000000eb2a0000, 0x00000000ec8f1000, 0x0000000100000000)
   the space 22852K,  59% used [0x00000000eb2a0000, 0x00000000ec003808, 0x00000000ec003a00, 0x00000000ec8f1000)
 Metaspace       used 20398K, capacity 21065K, committed 21296K, reserved 1069056K
  class space    used 2355K, capacity 2602K, committed 2688K, reserved 1048576K
}

Deoptimization events (20 events):
Event: 7.088 Thread 0x00007f3d40fb9000 Uncommon trap: trap_request=0xffffffc6 fr.pc=0x00007f3d2f67ac70 relative=0x0000000000000210
Event: 7.088 Thread 0x00007f3d40fb9000 Uncommon trap: reason=bimorphic_or_optimized_type_check action=maybe_recompile pc=0x00007f3d2f67ac70 method=java.util.regex.Pattern$BmpCharProperty.match(Ljava/util/regex/Matcher;ILjava/lang/CharSequence;)Z @ 14 c2
Event: 7.088 Thread 0x00007f3d40fb9000 DEOPT PACKING pc=0x00007f3d2f67ac70 sp=0x00007f3d24f78520
Event: 7.088 Thread 0x00007f3d40fb9000 DEOPT UNPACKING pc=0x00007f3d27ac13a5 sp=0x00007f3d24f784d0 mode 2
Event: 7.710 Thread 0x00007f3d40fb9000 Uncommon trap: trap_request=0xffffffc6 fr.pc=0x00007f3d2f67b90c relative=0x00000000000000cc
Event: 7.710 Thread 0x00007f3d40fb9000 Uncommon trap: reason=bimorphic_or_optimized_type_check action=maybe_recompile pc=0x00007f3d2f67b90c method=java.lang.Character.codePointBefore(Ljava/lang/CharSequence;I)I @ 5 c2
Event: 7.710 Thread 0x00007f3d40fb9000 DEOPT PACKING pc=0x00007f3d2f67b90c sp=0x00007f3d24f785d0
Event: 7.710 Thread 0x00007f3d40fb9000 DEOPT UNPACKING pc=0x00007f3d27ac13a5 sp=0x00007f3d24f78578 mode 2
Event: 7.710 Thread 0x00007f3d40fb9000 Uncommon trap: trap_request=0xffffffc6 fr.pc=0x00007f3d2f67b90c relative=0x00000000000000cc
Event: 7.710 Thread 0x00007f3d40fb9000 Uncommon trap: reason=bimorphic_or_optimized_type_check action=maybe_recompile pc=0x00007f3d2f67b90c method=java.lang.Character.codePointBefore(Ljava/lang/CharSequence;I)I @ 5 c2
Event: 7.710 Thread 0x00007f3d40fb9000 DEOPT PACKING pc=0x00007f3d2f67b90c sp=0x00007f3d24f785d0
Event: 7.710 Thread 0x00007f3d40fb9000 DEOPT UNPACKING pc=0x00007f3d27ac13a5 sp=0x00007f3d24f78578 mode 2
Event: 7.710 Thread 0x00007f3d40fb9000 Uncommon trap: trap_request=0xffffffc6 fr.pc=0x00007f3d2f67b90c relative=0x00000000000000cc
Event: 7.710 Thread 0x00007f3d40fb9000 Uncommon trap: reason=bimorphic_or_optimized_type_check action=maybe_recompile pc=0x00007f3d2f67b90c method=java.lang.Character.codePointBefore(Ljava/lang/CharSequence;I)I @ 5 c2
Event: 7.710 Thread 0x00007f3d40fb9000 DEOPT PACKING pc=0x00007f3d2f67b90c sp=0x00007f3d24f785d0
Event: 7.710 Thread 0x00007f3d40fb9000 DEOPT UNPACKING pc=0x00007f3d27ac13a5 sp=0x00007f3d24f78578 mode 2
Event: 7.710 Thread 0x00007f3d40fb9000 Uncommon trap: trap_request=0xffffffc6 fr.pc=0x00007f3d2f67b90c relative=0x00000000000000cc
Event: 7.710 Thread 0x00007f3d40fb9000 Uncommon trap: reason=bimorphic_or_optimized_type_check action=maybe_recompile pc=0x00007f3d2f67b90c method=java.lang.Character.codePointBefore(Ljava/lang/CharSequence;I)I @ 5 c2
Event: 7.710 Thread 0x00007f3d40fb9000 DEOPT PACKING pc=0x00007f3d2f67b90c sp=0x00007f3d24f785d0
Event: 7.710 Thread 0x00007f3d40fb9000 DEOPT UNPACKING pc=0x00007f3d27ac13a5 sp=0x00007f3d24f78578 mode 2

Classes redefined (0 events):
No events

Internal exceptions (18 events):
Event: 0.198 Thread 0x00007f3d40014000 Exception <a 'java/lang/NoSuchMethodError'{0x00000000e0ef21a0}: 'int java.lang.invoke.DirectMethodHandle$Holder.invokeSpecialIFC(java.lang.Object, java.lang.Object, int)'> (0x00000000e0ef21a0) thrown at [/build/openjdk-11-11.0.6+10/src/hotspot/share/inter
Event: 1.879 Thread 0x00007f3d40014000 Exception <a 'java/lang/NoClassDefFoundError'{0x00000000e0fa61c8}: com/google/inject/servlet/ServletModuleTargetVisitor> (0x00000000e0fa61c8) thrown at [/build/openjdk-11-11.0.6+10/src/hotspot/share/classfile/systemDictionary.cpp, line 220]
Event: 1.879 Thread 0x00007f3d40014000 Exception <a 'java/lang/NoClassDefFoundError'{0x00000000e0fa61c8}> (0x00000000e0fa61c8) thrown at [/build/openjdk-11-11.0.6+10/src/hotspot/share/prims/jvm.cpp, line 1301]
Event: 1.879 Thread 0x00007f3d40014000 Exception <a 'java/lang/NoClassDefFoundError'{0x00000000e0fa8d08}: javax/annotation/Priority> (0x00000000e0fa8d08) thrown at [/build/openjdk-11-11.0.6+10/src/hotspot/share/classfile/systemDictionary.cpp, line 220]
Event: 2.595 Thread 0x00007f3d40014000 Implicit null exception at 0x00007f3d2f5caa85 to 0x00007f3d2f5cac62
Event: 2.595 Thread 0x00007f3d40014000 Implicit null exception at 0x00007f3d2f5d1d4b to 0x00007f3d2f5d21f6
Event: 4.163 Thread 0x00007f3d40014000 Exception <a 'java/lang/NoSuchMethodError'{0x00000000e0d3aec8}: 'java.lang.Object java.lang.invoke.DirectMethodHandle$Holder.invokeStatic(java.lang.Object, java.lang.Object, java.lang.Object, java.lang.Object, java.lang.Object, java.lang.Object, java.lang
Event: 4.165 Thread 0x00007f3d40014000 Exception <a 'java/lang/NoSuchMethodError'{0x00000000e0d49340}: 'java.lang.Object java.lang.invoke.DirectMethodHandle$Holder.invokeStatic(java.lang.Object, java.lang.Object, java.lang.Object, java.lang.Object, java.lang.Object, java.lang.Object, java.lang
Event: 4.167 Thread 0x00007f3d40014000 Exception <a 'java/lang/NoSuchMethodError'{0x00000000e0d57258}: 'java.lang.Object java.lang.invoke.DirectMethodHandle$Holder.invokeSpecial(java.lang.Object, java.lang.Object, int, int, java.lang.Object, java.lang.Object, java.lang.Object)'> (0x00000000e0d
Event: 4.167 Thread 0x00007f3d40014000 Exception <a 'java/lang/NoSuchMethodError'{0x00000000e0d5aa90}: 'java.lang.Object java.lang.invoke.DelegatingMethodHandle$Holder.reinvoke_L(java.lang.Object, int, int, java.lang.Object, java.lang.Object, java.lang.Object)'> (0x00000000e0d5aa90) thrown at 
Event: 4.168 Thread 0x00007f3d40014000 Exception <a 'java/lang/NoSuchMethodError'{0x00000000e0d5f0c0}: 'java.lang.Object java.lang.invoke.DirectMethodHandle$Holder.invokeStatic(java.lang.Object, java.lang.Object, java.lang.Object, java.lang.Object, int)'> (0x00000000e0d5f0c0) thrown at [/build
Event: 4.465 Thread 0x00007f3d40014000 Exception <a 'java/lang/NoSuchMethodError'{0x00000000e0ccbc70}: 'java.lang.Object java.lang.invoke.DirectMethodHandle$Holder.invokeStatic(java.lang.Object, int, java.lang.Object)'> (0x00000000e0ccbc70) thrown at [/build/openjdk-11-11.0.6+10/src/hotspot/sh
Event: 5.282 Thread 0x00007f3d40014000 Exception <a 'java/lang/NoSuchMethodError'{0x00000000e11fa2a8}: 'java.lang.Object java.lang.invoke.DirectMethodHandle$Holder.invokeStaticInit(java.lang.Object, java.lang.Object, long, java.lang.Object)'> (0x00000000e11fa2a8) thrown at [/build/openjdk-11-1
Event: 5.285 Thread 0x00007f3d40014000 Exception <a 'java/lang/NoSuchMethodError'{0x00000000e1206408}: 'java.lang.Object java.lang.invoke.Invokers$Holder.linkToTargetMethod(java.lang.Object, long, java.lang.Object)'> (0x00000000e1206408) thrown at [/build/openjdk-11-11.0.6+10/src/hotspot/share
Event: 5.287 Thread 0x00007f3d40014000 Exception <a 'java/lang/NoSuchMethodError'{0x00000000e120d158}: 'java.lang.Object java.lang.invoke.DirectMethodHandle$Holder.invokeStatic(java.lang.Object, java.lang.Object, java.lang.Object, int)'> (0x00000000e120d158) thrown at [/build/openjdk-11-11.0.6
Event: 5.287 Thread 0x00007f3d40014000 Exception <a 'java/lang/NoSuchMethodError'{0x00000000e1210b20}: 'java.lang.Object java.lang.invoke.DirectMethodHandle$Holder.invokeSpecial(java.lang.Object, java.lang.Object, java.lang.Object, java.lang.Object, int)'> (0x00000000e1210b20) thrown at [/buil
Event: 5.288 Thread 0x00007f3d40014000 Exception <a 'java/lang/NoSuchMethodError'{0x00000000e1213b88}: 'java.lang.Object java.lang.invoke.Invokers$Holder.linkToTargetMethod(java.lang.Object, java.lang.Object, int, java.lang.Object)'> (0x00000000e1213b88) thrown at [/build/openjdk-11-11.0.6+10/
Event: 6.675 Thread 0x00007f3d40014000 Exception <a 'java/lang/ClassNotFoundException'{0x00000000e0d4dc58}: sun/util/logging/resources/spi/loggingProvider> (0x00000000e0d4dc58) thrown at [/build/openjdk-11-11.0.6+10/src/hotspot/share/classfile/systemDictionary.cpp, line 231]

Events (20 events):
Event: 6.676 loading class sun/util/logging/resources/logging_en
Event: 6.676 loading class sun/util/logging/resources/logging_en done
Event: 6.677 loading class sun/util/logging/resources/logging_en_US
Event: 6.677 loading class sun/util/logging/resources/logging_en_US done
Event: 6.677 loading class sun/util/logging/resources/logging_en_US
Event: 6.677 loading class sun/util/logging/resources/logging_en_US done
Event: 6.682 loading class java/util/Scanner
Event: 6.683 loading class java/util/Scanner done
Event: 6.685 loading class java/util/Scanner$PatternLRUCache
Event: 6.685 loading class java/util/Scanner$PatternLRUCache done
Event: 6.716 Thread 0x00007f3d40f8c000 Thread added: 0x00007f3d40f8c000
Event: 6.717 Protecting memory [0x00007f3d24f7a000,0x00007f3d24f7e000] with protection modes 0
Event: 6.722 Thread 0x00007f3d40fb9000 Thread added: 0x00007f3d40fb9000
Event: 6.723 Protecting memory [0x00007f3d24e79000,0x00007f3d24e7d000] with protection modes 0
Event: 7.068 loading class java/util/regex/Matcher$ImmutableMatchResult
Event: 7.068 loading class java/util/regex/Matcher$ImmutableMatchResult done
Event: 7.068 loading class org/apache/maven/plugin/logging/Log
Event: 7.068 loading class org/apache/maven/plugin/logging/Log done
Event: 7.068 loading class org/apache/maven/plugin/logging/Log
Event: 7.068 loading class org/apache/maven/plugin/logging/Log done


Dynamic libraries:
e0c00000-e1730000 rw-p 00000000 00:00 0 
e1730000-eb2a0000 ---p 00000000 00:00 0 
eb2a0000-ec8f1000 rw-p 00000000 00:00 0 
ec8f1000-100000000 ---p 00000000 00:00 0 
800000000-800002000 rwxp 00001000 08:01 2118409                          /usr/lib/jvm/java-11-openjdk-amd64/lib/server/classes.jsa
800002000-8003b7000 rw-p 00003000 08:01 2118409                          /usr/lib/jvm/java-11-openjdk-amd64/lib/server/classes.jsa
8003b7000-800a8a000 r--p 003b8000 08:01 2118409                          /usr/lib/jvm/java-11-openjdk-amd64/lib/server/classes.jsa
800a8a000-800a8b000 rw-p 00a8b000 08:01 2118409                          /usr/lib/jvm/java-11-openjdk-amd64/lib/server/classes.jsa
800a8b000-801095000 r--p 00a8c000 08:01 2118409                          /usr/lib/jvm/java-11-openjdk-amd64/lib/server/classes.jsa
840000000-8402a0000 rw-p 00000000 00:00 0 
8402a0000-880000000 ---p 00000000 00:00 0 
55c7026f3000-55c7026f4000 r-xp 00000000 08:01 2118040                    /usr/lib/jvm/java-11-openjdk-amd64/bin/java
55c7028f4000-55c7028f5000 r--p 00001000 08:01 2118040                    /usr/lib/jvm/java-11-openjdk-amd64/bin/java
55c7028f5000-55c7028f6000 rw-p 00002000 08:01 2118040                    /usr/lib/jvm/java-11-openjdk-amd64/bin/java
55c7037c7000-55c703809000 rw-p 00000000 00:00 0                          [heap]
7f3cf0000000-7f3cf0021000 rw-p 00000000 00:00 0 
7f3cf0021000-7f3cf4000000 ---p 00000000 00:00 0 
7f3cf4000000-7f3cf4021000 rw-p 00000000 00:00 0 
7f3cf4021000-7f3cf8000000 ---p 00000000 00:00 0 
7f3cf8000000-7f3cf8021000 rw-p 00000000 00:00 0 
7f3cf8021000-7f3cfc000000 ---p 00000000 00:00 0 
7f3cfc000000-7f3cfc021000 rw-p 00000000 00:00 0 
7f3cfc021000-7f3d00000000 ---p 00000000 00:00 0 
7f3d00000000-7f3d00021000 rw-p 00000000 00:00 0 
7f3d00021000-7f3d04000000 ---p 00000000 00:00 0 
7f3d04000000-7f3d04021000 rw-p 00000000 00:00 0 
7f3d04021000-7f3d08000000 ---p 00000000 00:00 0 
7f3d08000000-7f3d08512000 rw-p 00000000 00:00 0 
7f3d08512000-7f3d0c000000 ---p 00000000 00:00 0 
7f3d0c000000-7f3d0c021000 rw-p 00000000 00:00 0 
7f3d0c021000-7f3d10000000 ---p 00000000 00:00 0 
7f3d10000000-7f3d10021000 rw-p 00000000 00:00 0 
7f3d10021000-7f3d14000000 ---p 00000000 00:00 0 
7f3d14000000-7f3d144e7000 rw-p 00000000 00:00 0 
7f3d144e7000-7f3d18000000 ---p 00000000 00:00 0 
7f3d18000000-7f3d18021000 rw-p 00000000 00:00 0 
7f3d18021000-7f3d1c000000 ---p 00000000 00:00 0 
7f3d1c000000-7f3d1c021000 rw-p 00000000 00:00 0 
7f3d1c021000-7f3d20000000 ---p 00000000 00:00 0 
7f3d20000000-7f3d20029000 rw-p 00000000 00:00 0 
7f3d20029000-7f3d24000000 ---p 00000000 00:00 0 
7f3d24c79000-7f3d24d25000 rw-p 00000000 00:00 0 
7f3d24d25000-7f3d24e79000 ---p 00000000 00:00 0 
7f3d24e79000-7f3d24e7d000 ---p 00000000 00:00 0 
7f3d24e7d000-7f3d24f7a000 rw-p 00000000 00:00 0 
7f3d24f7a000-7f3d24f7e000 ---p 00000000 00:00 0 
7f3d24f7e000-7f3d2507b000 rw-p 00000000 00:00 0 
7f3d2507b000-7f3d2507f000 ---p 00000000 00:00 0 
7f3d2507f000-7f3d2529d000 rw-p 00000000 00:00 0 
7f3d2529d000-7f3d2549d000 rw-p 00000000 00:00 0 
7f3d2549d000-7f3d2569d000 rw-p 00000000 00:00 0 
7f3d2569d000-7f3d2589d000 rw-p 00000000 00:00 0 
7f3d2589d000-7f3d25a9d000 rw-p 00000000 00:00 0 
7f3d25a9d000-7f3d25a9f000 r-xp 00000000 08:01 1843038                    /lib/x86_64-linux-gnu/libutil-2.24.so
7f3d25a9f000-7f3d25c9e000 ---p 00002000 08:01 1843038                    /lib/x86_64-linux-gnu/libutil-2.24.so
7f3d25c9e000-7f3d25c9f000 r--p 00001000 08:01 1843038                    /lib/x86_64-linux-gnu/libutil-2.24.so
7f3d25c9f000-7f3d25ca0000 rw-p 00002000 08:01 1843038                    /lib/x86_64-linux-gnu/libutil-2.24.so
7f3d25ca0000-7f3d25ca3000 r-xp 00000000 08:01 1993728                    /opt/maven/lib/jansi-native/linux64/libjansi.so
7f3d25ca3000-7f3d25ea2000 ---p 00003000 08:01 1993728                    /opt/maven/lib/jansi-native/linux64/libjansi.so
7f3d25ea2000-7f3d25ea3000 rw-p 00002000 08:01 1993728                    /opt/maven/lib/jansi-native/linux64/libjansi.so
7f3d25ea3000-7f3d25ed4000 rw-p 00000000 00:00 0 
7f3d25ed4000-7f3d25eea000 r-xp 00000000 08:01 2118388                    /usr/lib/jvm/java-11-openjdk-amd64/lib/libnet.so
7f3d25eea000-7f3d260e9000 ---p 00016000 08:01 2118388                    /usr/lib/jvm/java-11-openjdk-amd64/lib/libnet.so
7f3d260e9000-7f3d260ea000 r--p 00015000 08:01 2118388                    /usr/lib/jvm/java-11-openjdk-amd64/lib/libnet.so
7f3d260ea000-7f3d260eb000 rw-p 00016000 08:01 2118388                    /usr/lib/jvm/java-11-openjdk-amd64/lib/libnet.so
7f3d260eb000-7f3d260fb000 r-xp 00000000 08:01 2118389                    /usr/lib/jvm/java-11-openjdk-amd64/lib/libnio.so
7f3d260fb000-7f3d262fa000 ---p 00010000 08:01 2118389                    /usr/lib/jvm/java-11-openjdk-amd64/lib/libnio.so
7f3d262fa000-7f3d262fb000 r--p 0000f000 08:01 2118389                    /usr/lib/jvm/java-11-openjdk-amd64/lib/libnio.so
7f3d262fb000-7f3d262fc000 rw-p 00010000 08:01 2118389                    /usr/lib/jvm/java-11-openjdk-amd64/lib/libnio.so
7f3d262fc000-7f3d26300000 ---p 00000000 00:00 0 
7f3d26300000-7f3d263fd000 rw-p 00000000 00:00 0 
7f3d263fd000-7f3d263fe000 ---p 00000000 00:00 0 
7f3d263fe000-7f3d264ff000 rw-p 00000000 00:00 0 
7f3d264ff000-7f3d26503000 ---p 00000000 00:00 0 
7f3d26503000-7f3d26600000 rw-p 00000000 00:00 0 
7f3d26600000-7f3d26604000 ---p 00000000 00:00 0 
7f3d26604000-7f3d26701000 rw-p 00000000 00:00 0 
7f3d26701000-7f3d26705000 ---p 00000000 00:00 0 
7f3d26705000-7f3d26802000 rw-p 00000000 00:00 0 
7f3d26802000-7f3d26806000 ---p 00000000 00:00 0 
7f3d26806000-7f3d26903000 rw-p 00000000 00:00 0 
7f3d26903000-7f3d26907000 ---p 00000000 00:00 0 
7f3d26907000-7f3d26a04000 rw-p 00000000 00:00 0 
7f3d26a04000-7f3d26b9f000 r--p 00000000 08:01 1850658                    /usr/lib/locale/locale-archive
7f3d26b9f000-7f3d26ba3000 ---p 00000000 00:00 0 
7f3d26ba3000-7f3d26ca0000 rw-p 00000000 00:00 0 
7f3d26ca0000-7f3d26ca4000 ---p 00000000 00:00 0 
7f3d26ca4000-7f3d26da1000 rw-p 00000000 00:00 0 
7f3d26da1000-7f3d26da2000 ---p 00000000 00:00 0 
7f3d26da2000-7f3d277a7000 rw-p 00000000 00:00 0 
7f3d277a7000-7f3d277ce000 rw-p 00000000 00:00 0 
7f3d277ce000-7f3d2781b000 ---p 00000000 00:00 0 
7f3d2781b000-7f3d27827000 rw-p 00000000 00:00 0 
7f3d27827000-7f3d278c2000 ---p 00000000 00:00 0 
7f3d278c2000-7f3d278c8000 rw-p 00000000 00:00 0 
7f3d278c8000-7f3d279ae000 ---p 00000000 00:00 0 
7f3d279ae000-7f3d279be000 rw-p 00000000 00:00 0 
7f3d279be000-7f3d27a99000 ---p 00000000 00:00 0 
7f3d27a99000-7f3d27d09000 rwxp 00000000 00:00 0 
7f3d27d09000-7f3d28028000 ---p 00000000 00:00 0 
7f3d28028000-7f3d287e8000 rwxp 00000000 00:00 0 
7f3d287e8000-7f3d2f560000 ---p 00000000 00:00 0 
7f3d2f560000-7f3d2f7d0000 rwxp 00000000 00:00 0 
7f3d2f7d0000-7f3d36a99000 ---p 00000000 00:00 0 
7f3d36a99000-7f3d3f189000 r--s 00000000 08:01 2118399                    /usr/lib/jvm/java-11-openjdk-amd64/lib/modules
7f3d3f189000-7f3d3f18e000 r-xp 00000000 08:01 2118380                    /usr/lib/jvm/java-11-openjdk-amd64/lib/libjimage.so
7f3d3f18e000-7f3d3f38d000 ---p 00005000 08:01 2118380                    /usr/lib/jvm/java-11-openjdk-amd64/lib/libjimage.so
7f3d3f38d000-7f3d3f38e000 r--p 00004000 08:01 2118380                    /usr/lib/jvm/java-11-openjdk-amd64/lib/libjimage.so
7f3d3f38e000-7f3d3f38f000 rw-p 00005000 08:01 2118380                    /usr/lib/jvm/java-11-openjdk-amd64/lib/libjimage.so
7f3d3f38f000-7f3d3f396000 r-xp 00000000 08:01 2118398                    /usr/lib/jvm/java-11-openjdk-amd64/lib/libzip.so
7f3d3f396000-7f3d3f595000 ---p 00007000 08:01 2118398                    /usr/lib/jvm/java-11-openjdk-amd64/lib/libzip.so
7f3d3f595000-7f3d3f596000 r--p 00006000 08:01 2118398                    /usr/lib/jvm/java-11-openjdk-amd64/lib/libzip.so
7f3d3f596000-7f3d3f597000 rw-p 00007000 08:01 2118398                    /usr/lib/jvm/java-11-openjdk-amd64/lib/libzip.so
7f3d3f597000-7f3d3f5a1000 r-xp 00000000 08:01 1843001                    /lib/x86_64-linux-gnu/libnss_files-2.24.so
7f3d3f5a1000-7f3d3f7a1000 ---p 0000a000 08:01 1843001                    /lib/x86_64-linux-gnu/libnss_files-2.24.so
7f3d3f7a1000-7f3d3f7a2000 r--p 0000a000 08:01 1843001                    /lib/x86_64-linux-gnu/libnss_files-2.24.so
7f3d3f7a2000-7f3d3f7a3000 rw-p 0000b000 08:01 1843001                    /lib/x86_64-linux-gnu/libnss_files-2.24.so
7f3d3f7a3000-7f3d3f7a9000 rw-p 00000000 00:00 0 
7f3d3f7a9000-7f3d3f7b4000 r-xp 00000000 08:01 1843005                    /lib/x86_64-linux-gnu/libnss_nis-2.24.so
7f3d3f7b4000-7f3d3f9b3000 ---p 0000b000 08:01 1843005                    /lib/x86_64-linux-gnu/libnss_nis-2.24.so
7f3d3f9b3000-7f3d3f9b4000 r--p 0000a000 08:01 1843005                    /lib/x86_64-linux-gnu/libnss_nis-2.24.so
7f3d3f9b4000-7f3d3f9b5000 rw-p 0000b000 08:01 1843005                    /lib/x86_64-linux-gnu/libnss_nis-2.24.so
7f3d3f9b5000-7f3d3f9c9000 r-xp 00000000 08:01 1842995                    /lib/x86_64-linux-gnu/libnsl-2.24.so
7f3d3f9c9000-7f3d3fbc9000 ---p 00014000 08:01 1842995                    /lib/x86_64-linux-gnu/libnsl-2.24.so
7f3d3fbc9000-7f3d3fbca000 r--p 00014000 08:01 1842995                    /lib/x86_64-linux-gnu/libnsl-2.24.so
7f3d3fbca000-7f3d3fbcb000 rw-p 00015000 08:01 1842995                    /lib/x86_64-linux-gnu/libnsl-2.24.so
7f3d3fbcb000-7f3d3fbcd000 rw-p 00000000 00:00 0 
7f3d3fbcd000-7f3d3fbd4000 r-xp 00000000 08:01 1842997                    /lib/x86_64-linux-gnu/libnss_compat-2.24.so
7f3d3fbd4000-7f3d3fdd3000 ---p 00007000 08:01 1842997                    /lib/x86_64-linux-gnu/libnss_compat-2.24.so
7f3d3fdd3000-7f3d3fdd4000 r--p 00006000 08:01 1842997                    /lib/x86_64-linux-gnu/libnss_compat-2.24.so
7f3d3fdd4000-7f3d3fdd5000 rw-p 00007000 08:01 1842997                    /lib/x86_64-linux-gnu/libnss_compat-2.24.so
7f3d3fdd5000-7f3d3fdfe000 r-xp 00000000 08:01 2118376                    /usr/lib/jvm/java-11-openjdk-amd64/lib/libjava.so
7f3d3fdfe000-7f3d3fffd000 ---p 00029000 08:01 2118376                    /usr/lib/jvm/java-11-openjdk-amd64/lib/libjava.so
7f3d3fffd000-7f3d3fffe000 r--p 00028000 08:01 2118376                    /usr/lib/jvm/java-11-openjdk-amd64/lib/libjava.so
7f3d3fffe000-7f3d40000000 rw-p 00029000 08:01 2118376                    /usr/lib/jvm/java-11-openjdk-amd64/lib/libjava.so
7f3d40000000-7f3d40fd4000 rw-p 00000000 00:00 0 
7f3d40fd4000-7f3d44000000 ---p 00000000 00:00 0 
7f3d44009000-7f3d44016000 r-xp 00000000 08:01 2118397                    /usr/lib/jvm/java-11-openjdk-amd64/lib/libverify.so
7f3d44016000-7f3d44215000 ---p 0000d000 08:01 2118397                    /usr/lib/jvm/java-11-openjdk-amd64/lib/libverify.so
7f3d44215000-7f3d44217000 r--p 0000c000 08:01 2118397                    /usr/lib/jvm/java-11-openjdk-amd64/lib/libverify.so
7f3d44217000-7f3d44218000 rw-p 0000e000 08:01 2118397                    /usr/lib/jvm/java-11-openjdk-amd64/lib/libverify.so
7f3d44218000-7f3d4421f000 r-xp 00000000 08:01 1843022                    /lib/x86_64-linux-gnu/librt-2.24.so
7f3d4421f000-7f3d4441e000 ---p 00007000 08:01 1843022                    /lib/x86_64-linux-gnu/librt-2.24.so
7f3d4441e000-7f3d4441f000 r--p 00006000 08:01 1843022                    /lib/x86_64-linux-gnu/librt-2.24.so
7f3d4441f000-7f3d44420000 rw-p 00007000 08:01 1843022                    /lib/x86_64-linux-gnu/librt-2.24.so
7f3d44420000-7f3d44436000 r-xp 00000000 08:01 1842975                    /lib/x86_64-linux-gnu/libgcc_s.so.1
7f3d44436000-7f3d44635000 ---p 00016000 08:01 1842975                    /lib/x86_64-linux-gnu/libgcc_s.so.1
7f3d44635000-7f3d44636000 r--p 00015000 08:01 1842975                    /lib/x86_64-linux-gnu/libgcc_s.so.1
7f3d44636000-7f3d44637000 rw-p 00016000 08:01 1842975                    /lib/x86_64-linux-gnu/libgcc_s.so.1
7f3d44637000-7f3d4473a000 r-xp 00000000 08:01 1842984                    /lib/x86_64-linux-gnu/libm-2.24.so
7f3d4473a000-7f3d44939000 ---p 00103000 08:01 1842984                    /lib/x86_64-linux-gnu/libm-2.24.so
7f3d44939000-7f3d4493a000 r--p 00102000 08:01 1842984                    /lib/x86_64-linux-gnu/libm-2.24.so
7f3d4493a000-7f3d4493b000 rw-p 00103000 08:01 1842984                    /lib/x86_64-linux-gnu/libm-2.24.so
7f3d4493b000-7f3d44aad000 r-xp 00000000 08:01 1843740                    /usr/lib/x86_64-linux-gnu/libstdc++.so.6.0.22
7f3d44aad000-7f3d44cad000 ---p 00172000 08:01 1843740                    /usr/lib/x86_64-linux-gnu/libstdc++.so.6.0.22
7f3d44cad000-7f3d44cb7000 r--p 00172000 08:01 1843740                    /usr/lib/x86_64-linux-gnu/libstdc++.so.6.0.22
7f3d44cb7000-7f3d44cb9000 rw-p 0017c000 08:01 1843740                    /usr/lib/x86_64-linux-gnu/libstdc++.so.6.0.22
7f3d44cb9000-7f3d44cbd000 rw-p 00000000 00:00 0 
7f3d44cbd000-7f3d45d45000 r-xp 00000000 08:01 2118411                    /usr/lib/jvm/java-11-openjdk-amd64/lib/server/libjvm.so
7f3d45d45000-7f3d45f44000 ---p 01088000 08:01 2118411                    /usr/lib/jvm/java-11-openjdk-amd64/lib/server/libjvm.so
7f3d45f44000-7f3d46001000 r--p 01087000 08:01 2118411                    /usr/lib/jvm/java-11-openjdk-amd64/lib/server/libjvm.so
7f3d46001000-7f3d4603b000 rw-p 01144000 08:01 2118411                    /usr/lib/jvm/java-11-openjdk-amd64/lib/server/libjvm.so
7f3d4603b000-7f3d46091000 rw-p 00000000 00:00 0 
7f3d46091000-7f3d46226000 r-xp 00000000 08:01 1842955                    /lib/x86_64-linux-gnu/libc-2.24.so
7f3d46226000-7f3d46426000 ---p 00195000 08:01 1842955                    /lib/x86_64-linux-gnu/libc-2.24.so
7f3d46426000-7f3d4642a000 r--p 00195000 08:01 1842955                    /lib/x86_64-linux-gnu/libc-2.24.so
7f3d4642a000-7f3d4642c000 rw-p 00199000 08:01 1842955                    /lib/x86_64-linux-gnu/libc-2.24.so
7f3d4642c000-7f3d46430000 rw-p 00000000 00:00 0 
7f3d46430000-7f3d46433000 r-xp 00000000 08:01 1842967                    /lib/x86_64-linux-gnu/libdl-2.24.so
7f3d46433000-7f3d46632000 ---p 00003000 08:01 1842967                    /lib/x86_64-linux-gnu/libdl-2.24.so
7f3d46632000-7f3d46633000 r--p 00002000 08:01 1842967                    /lib/x86_64-linux-gnu/libdl-2.24.so
7f3d46633000-7f3d46634000 rw-p 00003000 08:01 1842967                    /lib/x86_64-linux-gnu/libdl-2.24.so
7f3d46634000-7f3d46643000 r-xp 00000000 08:01 2118358                    /usr/lib/jvm/java-11-openjdk-amd64/lib/jli/libjli.so
7f3d46643000-7f3d46842000 ---p 0000f000 08:01 2118358                    /usr/lib/jvm/java-11-openjdk-amd64/lib/jli/libjli.so
7f3d46842000-7f3d46843000 r--p 0000e000 08:01 2118358                    /usr/lib/jvm/java-11-openjdk-amd64/lib/jli/libjli.so
7f3d46843000-7f3d46844000 rw-p 0000f000 08:01 2118358                    /usr/lib/jvm/java-11-openjdk-amd64/lib/jli/libjli.so
7f3d46844000-7f3d4685c000 r-xp 00000000 08:01 1843018                    /lib/x86_64-linux-gnu/libpthread-2.24.so
7f3d4685c000-7f3d46a5b000 ---p 00018000 08:01 1843018                    /lib/x86_64-linux-gnu/libpthread-2.24.so
7f3d46a5b000-7f3d46a5c000 r--p 00017000 08:01 1843018                    /lib/x86_64-linux-gnu/libpthread-2.24.so
7f3d46a5c000-7f3d46a5d000 rw-p 00018000 08:01 1843018                    /lib/x86_64-linux-gnu/libpthread-2.24.so
7f3d46a5d000-7f3d46a61000 rw-p 00000000 00:00 0 
7f3d46a61000-7f3d46a7a000 r-xp 00000000 08:01 1843043                    /lib/x86_64-linux-gnu/libz.so.1.2.8
7f3d46a7a000-7f3d46c79000 ---p 00019000 08:01 1843043                    /lib/x86_64-linux-gnu/libz.so.1.2.8
7f3d46c79000-7f3d46c7a000 r--p 00018000 08:01 1843043                    /lib/x86_64-linux-gnu/libz.so.1.2.8
7f3d46c7a000-7f3d46c7b000 rw-p 00019000 08:01 1843043                    /lib/x86_64-linux-gnu/libz.so.1.2.8
7f3d46c7b000-7f3d46c9e000 r-xp 00000000 08:01 1842937                    /lib/x86_64-linux-gnu/ld-2.24.so
7f3d46cb8000-7f3d46ce5000 rw-p 00000000 00:00 0 
7f3d46ce5000-7f3d46d80000 ---p 00000000 00:00 0 
7f3d46d80000-7f3d46d85000 rw-p 00000000 00:00 0 
7f3d46d85000-7f3d46d8c000 ---p 00000000 00:00 0 
7f3d46d8c000-7f3d46d8e000 r--s 00007000 08:01 2379129                    /usr/share/java/java-atk-wrapper.jar
7f3d46d8e000-7f3d46d92000 ---p 00000000 00:00 0 
7f3d46d92000-7f3d46e93000 rw-p 00000000 00:00 0 
7f3d46e94000-7f3d46e9c000 rw-s 00000000 08:01 411604                     /tmp/hsperfdata_tanzachary/5705
7f3d46e9c000-7f3d46e9d000 ---p 00000000 00:00 0 
7f3d46e9d000-7f3d46e9e000 r--p 00000000 00:00 0 
7f3d46e9e000-7f3d46e9f000 r--p 00023000 08:01 1842937                    /lib/x86_64-linux-gnu/ld-2.24.so
7f3d46e9f000-7f3d46ea0000 rw-p 00024000 08:01 1842937                    /lib/x86_64-linux-gnu/ld-2.24.so
7f3d46ea0000-7f3d46ea1000 rw-p 00000000 00:00 0 
7ffcf5c7d000-7ffcf5c9e000 rw-p 00000000 00:00 0                          [stack]
7ffcf5da8000-7ffcf5dab000 r--p 00000000 00:00 0                          [vvar]
7ffcf5dab000-7ffcf5dad000 r-xp 00000000 00:00 0                          [vdso]
ffffffffff600000-ffffffffff601000 r-xp 00000000 00:00 0                  [vsyscall]


VM Arguments:
jvm_args: -Dclassworlds.conf=/opt/maven/bin/m2.conf -Dmaven.home=/opt/maven -Dlibrary.jansi.path=/opt/maven/lib/jansi-native -Dmaven.multiModuleProjectDirectory=/home/tanzachary/step/portfolio 
java_command: org.codehaus.plexus.classworlds.launcher.Launcher package appengine:run
java_class_path (initial): /opt/maven/boot/plexus-classworlds-2.6.0.jar
Launcher Type: SUN_STANDARD

[Global flags]
     intx CICompilerCount                          = 2                                         {product} {ergonomic}
   size_t InitialHeapSize                          = 33554432                                  {product} {ergonomic}
   size_t MaxHeapSize                              = 524288000                                 {product} {ergonomic}
   size_t MaxNewSize                               = 174718976                                 {product} {ergonomic}
   size_t MinHeapDeltaBytes                        = 196608                                    {product} {ergonomic}
   size_t NewSize                                  = 11141120                                  {product} {ergonomic}
    uintx NonNMethodCodeHeapSize                   = 5825164                                {pd product} {ergonomic}
    uintx NonProfiledCodeHeapSize                  = 122916538                              {pd product} {ergonomic}
   size_t OldSize                                  = 22413312                                  {product} {ergonomic}
    uintx ProfiledCodeHeapSize                     = 122916538                              {pd product} {ergonomic}
    uintx ReservedCodeCacheSize                    = 251658240                              {pd product} {ergonomic}
     bool SegmentedCodeCache                       = true                                      {product} {ergonomic}
     bool UseCompressedClassPointers               = true                                 {lp64_product} {ergonomic}
     bool UseCompressedOops                        = true                                 {lp64_product} {ergonomic}
     bool UseSerialGC                              = true                                      {product} {ergonomic}

Logging:
Log output configuration:
 #0: stdout all=warning uptime,level,tags
 #1: stderr all=off uptime,level,tags

Environment Variables:
JAVA_HOME=/usr/lib/jvm/java-11-openjdk-amd64
PATH=/home/tanzachary/step/portfolio/node_modules/.bin:/home/tanzachary/gopath/bin:/google/gopath/bin:/home/tanzachary/.gems/bin:/usr/local/go/bin:/opt/gradle/bin:/opt/maven/bin:/usr/local/sbin:/usr/local/bin:/usr/sbin:/usr/bin:/sbin:/bin:/usr/local/nvm/versions/node/v10.14.2/bin:/google/go_appengine:/google/google_appengine:/google/migrate/anthos/
SHELL=/bin/bash

Signal Handlers:
SIGSEGV: [libjvm.so+0xd9bff0], sa_mask[0]=11111111011111111101111111111110, sa_flags=SA_RESTART|SA_SIGINFO
SIGBUS: [libjvm.so+0xd9bff0], sa_mask[0]=11111111011111111101111111111110, sa_flags=SA_RESTART|SA_SIGINFO
SIGFPE: [libjvm.so+0xd9bff0], sa_mask[0]=11111111011111111101111111111110, sa_flags=SA_RESTART|SA_SIGINFO
SIGPIPE: [libjvm.so+0xb8fcf0], sa_mask[0]=11111111011111111101111111111110, sa_flags=SA_RESTART|SA_SIGINFO
SIGXFSZ: [libjvm.so+0xb8fcf0], sa_mask[0]=11111111011111111101111111111110, sa_flags=SA_RESTART|SA_SIGINFO
SIGILL: [libjvm.so+0xd9bff0], sa_mask[0]=11111111011111111101111111111110, sa_flags=SA_RESTART|SA_SIGINFO
SIGUSR2: [libjvm.so+0xb8fb90], sa_mask[0]=00000000000000000000000000000000, sa_flags=SA_RESTART|SA_SIGINFO
SIGHUP: [libjvm.so+0xb8fef0], sa_mask[0]=11111111011111111101111111111110, sa_flags=SA_RESTART|SA_SIGINFO
SIGINT: [libjvm.so+0xb8fef0], sa_mask[0]=11111111011111111101111111111110, sa_flags=SA_RESTART|SA_SIGINFO
SIGTERM: [libjvm.so+0xb8fef0], sa_mask[0]=11111111011111111101111111111110, sa_flags=SA_RESTART|SA_SIGINFO
SIGQUIT: [libjvm.so+0xb8fef0], sa_mask[0]=11111111011111111101111111111110, sa_flags=SA_RESTART|SA_SIGINFO


---------------  S Y S T E M  ---------------

OS:PRETTY_NAME="Debian GNU/Linux 9 (stretch)"
NAME="Debian GNU/Linux"
VERSION_ID="9"
VERSION="9 (stretch)"
VERSION_CODENAME=stretch
ID=debian
HOME_URL="https://www.debian.org/"
SUPPORT_URL="https://www.debian.org/support"
BUG_REPORT_URL="https://bugs.debian.org/"
uname:Linux 4.19.112+ #1 SMP Wed May 6 00:27:44 PDT 2020 x86_64
libc:glibc 2.24 NPTL 2.24 
rlimit: STACK 8192k, CORE infinity, NPROC infinity, NOFILE 1048576, AS infinity, DATA infinity, FSIZE infinity
load average:0.39 0.68 0.79

/proc/meminfo:
MemTotal:        2043884 kB
MemFree:          103340 kB
MemAvailable:     807024 kB
Buffers:           63776 kB
Cached:           658716 kB
SwapCached:          740 kB
Active:           871676 kB
Inactive:         755592 kB
Active(anon):     455688 kB
Inactive(anon):   423564 kB
Active(file):     415988 kB
Inactive(file):   332028 kB
Unevictable:           0 kB
Mlocked:               0 kB
SwapTotal:        786428 kB
SwapFree:         703740 kB
Dirty:              1584 kB
Writeback:             0 kB
AnonPages:        904116 kB
Mapped:           409688 kB
Shmem:               820 kB
Slab:             194588 kB
SReclaimable:     143296 kB
SUnreclaim:        51292 kB
KernelStack:        8408 kB
PageTables:        14156 kB
NFS_Unstable:          0 kB
Bounce:                0 kB
WritebackTmp:          0 kB
CommitLimit:     1808368 kB
Committed_AS:    5232132 kB
VmallocTotal:   34359738367 kB
VmallocUsed:           0 kB
VmallocChunk:          0 kB
Percpu:              968 kB
AnonHugePages:      2048 kB
ShmemHugePages:        0 kB
ShmemPmdMapped:        0 kB
HugePages_Total:       0
HugePages_Free:        0
HugePages_Rsvd:        0
HugePages_Surp:        0
Hugepagesize:       2048 kB
Hugetlb:               0 kB
DirectMap4k:       85180 kB
DirectMap2M:     2011136 kB
DirectMap1G:           0 kB


/proc/sys/kernel/threads-max (system-wide limit on the number of threads):
15631


/proc/sys/vm/max_map_count (maximum number of memory map areas a process may have):
65530


/proc/sys/kernel/pid_max (system-wide limit on number of process identifiers):
4194304



container (cgroup) information:
container_type: cgroupv1
cpu_cpuset_cpus: 0-1
cpu_memory_nodes: 0
active_processor_count: 1
cpu_quota: -1
cpu_period: 100000
cpu_shares: 2
memory_limit_in_bytes: -1
memory_and_swap_limit_in_bytes: -1
memory_soft_limit_in_bytes: -1
memory_usage_in_bytes: 616456192
memory_max_usage_in_bytes: 684109824

KVM virtualization detected
Steal ticks since vm start: 1
Steal ticks percentage since vm start:  0.000

CPU:total 2 (initial active 1) (1 cores per cpu, 2 threads per core) family 6 model 63 stepping 0, cmov, cx8, fxsr, mmx, sse, sse2, sse3, ssse3, sse4.1, sse4.2, popcnt, avx, avx2, aes, clmul, erms, lzcnt, ht, tsc, tscinvbit, bmi1, bmi2, fma
CPU Model and flags from /proc/cpuinfo:
model name	: Intel(R) Xeon(R) CPU @ 2.30GHz
flags		: fpu vme de pse tsc msr pae mce cx8 apic sep mtrr pge mca cmov pat pse36 clflush mmx fxsr sse sse2 ss ht syscall nx pdpe1gb rdtscp lm constant_tsc rep_good nopl xtopology nonstop_tsc cpuid tsc_known_freq pni pclmulqdq ssse3 fma cx16 pcid sse4_1 sse4_2 x2apic movbe popcnt aes xsave avx f16c rdrand hypervisor lahf_lm abm invpcid_single pti ssbd ibrs ibpb stibp fsgsbase tsc_adjust bmi1 avx2 smep bmi2 erms invpcid xsaveopt arat md_clear arch_capabilities

Memory: 4k page, physical 2043884k(103340k free), swap 786428k(703740k free)

vm_info: OpenJDK 64-Bit Server VM (11.0.6+10-post-Debian-1bpo91) for linux-amd64 JRE (11.0.6+10-post-Debian-1bpo91), built on Feb  1 2020 09:07:43 by "unknown" with gcc 6.3.0 20170516

END.
