#
# A fatal error has been detected by the Java Runtime Environment:
#
#  SIGSEGV (0xb) at pc=0x00007f9782a56bc0, pid=3985, tid=3985
#
# JRE version: OpenJDK Runtime Environment (11.0.6+10) (build 11.0.6+10-post-Debian-1bpo91)
# Java VM: OpenJDK 64-Bit Server VM (11.0.6+10-post-Debian-1bpo91, mixed mode, sharing, tiered, compressed oops, serial gc, linux-amd64)
# Problematic frame:
# V  [libjvm.so+0xb8fbc0]
#
# Core dump will be written. Default location: Core dumps may be processed with "/sbin/crash_reporter --user=%P:%s:%u:%g:%e" (or dumping to /home/tanzachary/step/portfolio/core.3985)
#
# If you would like to submit a bug report, please visit:
#   https://bugs.debian.org/openjdk-11
#

---------------  S U M M A R Y ------------

Command Line: -Dclassworlds.conf=/opt/maven/bin/m2.conf -Dmaven.home=/opt/maven -Dlibrary.jansi.path=/opt/maven/lib/jansi-native -Dmaven.multiModuleProjectDirectory=/home/tanzachary/step/portfolio org.codehaus.plexus.classworlds.launcher.Launcher package appengine:run

Host: Intel(R) Xeon(R) CPU @ 2.30GHz, 2 cores, 1G, Debian GNU/Linux 9 (stretch)
Time: Thu May 28 17:40:18 2020 EDT elapsed time: 3 seconds (0d 0h 0m 3s)

---------------  T H R E A D  ---------------

Current thread is native thread

Stack: [0x00007ffe3b904000,0x00007ffe3c103000],  sp=0x00007ffe3c0fd5c0,  free space=8165k
Native frames: (J=compiled Java code, A=aot compiled Java code, j=interpreted, Vv=VM code, C=native code)
V  [libjvm.so+0xb8fbc0]
C  [libpthread.so.0+0x110e0]


siginfo: si_signo: 11 (SIGSEGV), si_code: 1 (SEGV_MAPERR), si_addr: 0x00000000000000d0

Register to memory mapping:

RAX=0x0 is NULL
RBX=
[error occurred during error reporting (printing register info), id 0xb, SIGSEGV (0xb) at pc=0x00007f9782bfd9e7]

Registers:
RAX=0x0000000000000000, RBX=0x00007f9784099e18, RCX=0x00007f9783a566dd, RDX=0x0000000000000000
RSP=0x00007ffe3c0fd5c0, RBP=0x00007ffe3c0fd670, RSI=0x00007ffe3c0fd7b0, RDI=0x0000000000000001
R8 =0x00000000000000ca, R9 =0x00007f97840989d0, R10=0x0000000000000000, R11=0x0000000000000246
R12=0x0000000000000000, R13=0x00007ffe3c0fd7b0, R14=0x00007ffe3c0fd680, R15=0x00007f9784098d28
RIP=0x00007f9782a56bc0, EFLAGS=0x0000000000010246, CSGSFS=0x002b000000000033, ERR=0x0000000000000004
  TRAPNO=0x000000000000000e

Top of Stack: (sp=0x00007ffe3c0fd5c0)
0x00007ffe3c0fd5c0:   0000000001e5cb59 00007f97832ac038
0x00007ffe3c0fd5d0:   00007ffe3c0fd6f0 00007f978329ed90
0x00007ffe3c0fd5e0:   00007ffe3c0fd614 00007ffe3c0fd6e0
0x00007ffe3c0fd5f0:   000055ab9be16c70 000000000000000b 

Instructions: (pc=0x00007f9782a56bc0)
0x00007f9782a56ac0:   c0 74 03 c6 00 00 4c 89 f7 4c 89 fa 48 89 de e8
0x00007f9782a56ad0:   dc db 6d ff 4c 89 e7 e8 24 df 6d ff 48 81 c4 08
0x00007f9782a56ae0:   01 00 00 5b 41 5c 41 5d 41 5e 41 5f 5d c3 4c 89
0x00007f9782a56af0:   e2 be 00 01 00 00 48 89 df e8 92 e1 6d ff 48 85
0x00007f9782a56b00:   c0 74 ae 48 8d 35 b1 46 2f 00 48 89 df e8 5e df
0x00007f9782a56b10:   6d ff 48 85 c0 74 41 66 0f 1f 84 00 00 00 00 00
0x00007f9782a56b20:   be 22 00 00 00 48 89 df e8 d3 df 6d ff 48 85 c0
0x00007f9782a56b30:   74 46 48 8d 58 01 be 22 00 00 00 48 89 df e8 bd
0x00007f9782a56b40:   df 6d ff 48 85 c0 0f 85 77 ff ff ff e9 75 ff ff
0x00007f9782a56b50:   ff 0f 1f 80 00 00 00 00 48 8d 35 71 46 2f 00 48
0x00007f9782a56b60:   89 df e8 09 df 6d ff 48 85 c0 0f 84 41 ff ff ff
0x00007f9782a56b70:   eb ae 66 0f 1f 44 00 00 48 89 df be 3d 00 00 00
0x00007f9782a56b80:   e8 7b df 6d ff 48 8d 58 01 e9 23 ff ff ff 66 90
0x00007f9782a56b90:   55 48 89 e5 41 57 41 56 41 55 41 54 49 89 d6 53
0x00007f9782a56ba0:   49 89 f5 48 81 ec 88 00 00 00 e8 81 e6 6d ff 48
0x00007f9782a56bb0:   89 c3 44 8b 20 e8 26 58 1a 00 31 d2 84 c0 75 38
0x00007f9782a56bc0:   48 83 ba d0 00 00 00 00 74 16 4c 8b ba 68 02 00
0x00007f9782a56bd0:   00 41 8b 87 a8 00 00 00 83 f8 01 74 2b 44 89 23
0x00007f9782a56be0:   48 81 c4 88 00 00 00 5b 41 5c 41 5d 41 5e 41 5f
0x00007f9782a56bf0:   5d c3 66 0f 1f 44 00 00 e8 f3 57 1a 00 48 89 c2
0x00007f9782a56c00:   eb be 66 0f 1f 44 00 00 4d 89 af b0 00 00 00 4d
0x00007f9782a56c10:   8d af a8 00 00 00 4d 89 b7 b8 00 00 00 ba 02 00
0x00007f9782a56c20:   00 00 be 01 00 00 00 4c 89 ef e8 01 cb ff ff 83
0x00007f9782a56c30:   f8 02 74 3c 85 c0 75 18 49 c7 87 b8 00 00 00 00
0x00007f9782a56c40:   00 00 00 49 c7 87 b0 00 00 00 00 00 00 00 eb 8d
0x00007f9782a56c50:   48 8d 05 51 96 7b 00 48 8d 3d 7a 4e 2f 00 be 64
0x00007f9782a56c60:   11 00 00 48 8b 00 c6 00 58 e8 22 16 ab ff eb c8
0x00007f9782a56c70:   4c 8d b5 50 ff ff ff 4c 89 f7 e8 11 e2 6d ff 4c
0x00007f9782a56c80:   89 f2 31 f6 31 ff e8 15 e3 6d ff 8b 35 ff 37 7d
0x00007f9782a56c90:   00 4c 89 f7 e8 c7 de 6d ff 48 8d 3d 60 73 81 00
0x00007f9782a56ca0:   be 01 00 00 00 e8 a6 bc 0c 00 66 0f 1f 44 00 00
0x00007f9782a56cb0:   4c 89 f7 e8 d8 e5 6d ff 31 d2 be 03 00 00 00 4c 


Stack slot to memory mapping:
stack at sp + 0 slots: 
[error occurred during error reporting (inspecting top of stack), id 0xb, SIGSEGV (0xb) at pc=0x00007f9782bfd9e7]


---------------  P R O C E S S  ---------------

VM state:not at safepoint (normal execution)

VM Mutex/Monitor currently owned by a thread: None

Heap address: 0x00000000e0c00000, size: 500 MB, Compressed Oops mode: 32-bit
Narrow klass base: 0x0000000800000000, Narrow klass shift: 3
Compressed class space size: 1073741824 Address: 0x0000000840000000

Heap:
 def new generation   total 9792K, used 7916K [0x00000000e0c00000, 0x00000000e16a0000, 0x00000000eb2a0000)
  eden space 8704K,  79% used [0x00000000e0c00000, 0x00000000e12c8698, 0x00000000e1480000)
  from space 1088K,  89% used [0x00000000e1480000, 0x00000000e1572c68, 0x00000000e1590000)
  to   space 1088K,   0% used [0x00000000e1590000, 0x00000000e1590000, 0x00000000e16a0000)
 tenured generation   total 21888K, used 7421K [0x00000000eb2a0000, 0x00000000ec800000, 0x0000000100000000)
   the space 21888K,  33% used [0x00000000eb2a0000, 0x00000000eb9df518, 0x00000000eb9df600, 0x00000000ec800000)
 Metaspace       used 13971K, capacity 15563K, committed 15744K, reserved 1062912K
  class space    used 1606K, capacity 1829K, committed 1920K, reserved 1048576K

Card table byte_map: [0x00007f97800cb000,0x00007f97801c6000] _byte_map_base: 0x00007f977f9c5000

Polling page: 0x00007f97840a6000

Metaspace:

Usage:
  Non-class:     13.41 MB capacity,    12.08 MB ( 90%) used,     1.32 MB ( 10%) free+waste,    17.81 KB ( <1%) overhead. 
      Class:      1.79 MB capacity,     1.57 MB ( 88%) used,   214.84 KB ( 12%) free+waste,     7.88 KB ( <1%) overhead. 
       Both:     15.20 MB capacity,    13.64 MB ( 90%) used,     1.53 MB ( 10%) free+waste,    25.69 KB ( <1%) overhead. 

Virtual space:
  Non-class space:       14.00 MB reserved,      13.50 MB ( 96%) committed 
      Class space:        1.00 GB reserved,       1.88 MB ( <1%) committed 
             Both:        1.01 GB reserved,      15.38 MB (  1%) committed 

Chunk freelists:
   Non-Class:  54.00 KB
       Class:  27.00 KB
        Both:  81.00 KB

MaxMetaspaceSize: unlimited
CompressedClassSpaceSize: 1.00 GB

CodeHeap 'non-profiled nmethods': size=120036Kb used=1064Kb max_used=1064Kb free=118971Kb
 bounds [0x00007f976c3d7000, 0x00007f976c647000, 0x00007f9773910000]
CodeHeap 'profiled nmethods': size=120032Kb used=5375Kb max_used=5375Kb free=114656Kb
 bounds [0x00007f9764e9f000, 0x00007f97653df000, 0x00007f976c3d7000]
CodeHeap 'non-nmethods': size=5692Kb used=1115Kb max_used=1145Kb free=4576Kb
 bounds [0x00007f9764910000, 0x00007f9764b80000, 0x00007f9764e9f000]
 total_blobs=3771 nmethods=2870 adapters=350
 compilation: enabled
              stopped_count=0, restarted_count=0
 full_count=0

Compilation events (20 events):
Event: 3.409 Thread 0x00007f977c059800 nmethod 2839 0x00007f976c4db090 code [0x00007f976c4db240, 0x00007f976c4db738]
Event: 3.409 Thread 0x00007f977c059800 2843       4       sun.nio.cs.StreamDecoder::implRead (243 bytes)
Event: 3.423 Thread 0x00007f977c05b800 nmethod 2858 0x00007f97653d2510 code [0x00007f97653d3080, 0x00007f97653da478]
Event: 3.423 Thread 0x00007f977c05b800 2875       2       java.util.IdentityHashMap::closeDeletion (107 bytes)
Event: 3.424 Thread 0x00007f977c05b800 nmethod 2875 0x00007f97653dcf10 code [0x00007f97653dd0e0, 0x00007f97653dd5a8]
Event: 3.424 Thread 0x00007f977c05b800 2871       1       org.eclipse.aether.graph.DefaultDependencyNode::getRelocations (5 bytes)
Event: 3.424 Thread 0x00007f977c05b800 nmethod 2871 0x00007f976c4db990 code [0x00007f976c4dbb40, 0x00007f976c4dbc70]
Event: 3.424 Thread 0x00007f977c05b800 2872       1       org.eclipse.aether.graph.DefaultDependencyNode::getAliases (5 bytes)
Event: 3.424 Thread 0x00007f977c05b800 nmethod 2872 0x00007f976c4dbd10 code [0x00007f976c4dbec0, 0x00007f976c4dbff0]
Event: 3.424 Thread 0x00007f977c05b800 2873       1       org.eclipse.aether.util.graph.transformer.ConflictResolver$ConflictContext::getItems (5 bytes)
Event: 3.424 Thread 0x00007f977c05b800 nmethod 2873 0x00007f976c4dc090 code [0x00007f976c4dc240, 0x00007f976c4dc370]
Event: 3.424 Thread 0x00007f977c05b800 2878       1       org.eclipse.aether.util.graph.transformer.ConflictResolver$ConflictItem::getNode (5 bytes)
Event: 3.425 Thread 0x00007f977c05b800 nmethod 2878 0x00007f976c4dc410 code [0x00007f976c4dc5c0, 0x00007f976c4dc6f0]
Event: 3.425 Thread 0x00007f977c05b800 2879       1       org.eclipse.aether.graph.DefaultDependencyNode::getVersionConstraint (5 bytes)
Event: 3.425 Thread 0x00007f977c05b800 nmethod 2879 0x00007f976c4dc790 code [0x00007f976c4dc940, 0x00007f976c4dca70]
Event: 3.425 Thread 0x00007f977c05b800 2880       1       org.eclipse.aether.graph.DefaultDependencyNode::getVersion (5 bytes)
Event: 3.425 Thread 0x00007f977c05b800 nmethod 2880 0x00007f976c4dcb10 code [0x00007f976c4dccc0, 0x00007f976c4dcdf0]
Event: 3.425 Thread 0x00007f977c05b800 2861       2       org.apache.maven.model.ReportPlugin::getReportSets (23 bytes)
Event: 3.425 Thread 0x00007f977c05b800 nmethod 2861 0x00007f97653dd790 code [0x00007f97653dd940, 0x00007f97653ddb50]
Event: 3.425 Thread 0x00007f977c05b800 2862       2       java.util.concurrent.ConcurrentHashMap$KeySetView::iterator (34 bytes)

GC Heap History (20 events):
Event: 1.126 GC heap before
{Heap before GC invocations=2 (full 0):
 def new generation   total 9792K, used 9184K [0x00000000e0c00000, 0x00000000e16a0000, 0x00000000eb2a0000)
  eden space 8704K, 100% used [0x00000000e0c00000, 0x00000000e1480000, 0x00000000e1480000)
  from space 1088K,  44% used [0x00000000e1480000, 0x00000000e14f8140, 0x00000000e1590000)
  to   space 1088K,   0% used [0x00000000e1590000, 0x00000000e1590000, 0x00000000e16a0000)
 tenured generation   total 21888K, used 2701K [0x00000000eb2a0000, 0x00000000ec800000, 0x0000000100000000)
   the space 21888K,  12% used [0x00000000eb2a0000, 0x00000000eb543700, 0x00000000eb543800, 0x00000000ec800000)
 Metaspace       used 5433K, capacity 7997K, committed 8192K, reserved 1056768K
  class space    used 641K, capacity 924K, committed 1024K, reserved 1048576K
}
Event: 1.128 GC heap after
{Heap after GC invocations=3 (full 0):
 def new generation   total 9792K, used 725K [0x00000000e0c00000, 0x00000000e16a0000, 0x00000000eb2a0000)
  eden space 8704K,   0% used [0x00000000e0c00000, 0x00000000e0c00000, 0x00000000e1480000)
  from space 1088K,  66% used [0x00000000e1590000, 0x00000000e1645750, 0x00000000e16a0000)
  to   space 1088K,   0% used [0x00000000e1480000, 0x00000000e1480000, 0x00000000e1590000)
 tenured generation   total 21888K, used 2701K [0x00000000eb2a0000, 0x00000000ec800000, 0x0000000100000000)
   the space 21888K,  12% used [0x00000000eb2a0000, 0x00000000eb543700, 0x00000000eb543800, 0x00000000ec800000)
 Metaspace       used 5433K, capacity 7997K, committed 8192K, reserved 1056768K
  class space    used 641K, capacity 924K, committed 1024K, reserved 1048576K
}
Event: 1.314 GC heap before
{Heap before GC invocations=3 (full 0):
 def new generation   total 9792K, used 9429K [0x00000000e0c00000, 0x00000000e16a0000, 0x00000000eb2a0000)
  eden space 8704K, 100% used [0x00000000e0c00000, 0x00000000e1480000, 0x00000000e1480000)
  from space 1088K,  66% used [0x00000000e1590000, 0x00000000e1645750, 0x00000000e16a0000)
  to   space 1088K,   0% used [0x00000000e1480000, 0x00000000e1480000, 0x00000000e1590000)
 tenured generation   total 21888K, used 2701K [0x00000000eb2a0000, 0x00000000ec800000, 0x0000000100000000)
   the space 21888K,  12% used [0x00000000eb2a0000, 0x00000000eb543700, 0x00000000eb543800, 0x00000000ec800000)
 Metaspace       used 6466K, capacity 8813K, committed 8960K, reserved 1056768K
  class space    used 756K, capacity 1023K, committed 1024K, reserved 1048576K
}
Event: 1.318 GC heap after
{Heap after GC invocations=4 (full 0):
 def new generation   total 9792K, used 568K [0x00000000e0c00000, 0x00000000e16a0000, 0x00000000eb2a0000)
  eden space 8704K,   0% used [0x00000000e0c00000, 0x00000000e0c00000, 0x00000000e1480000)
  from space 1088K,  52% used [0x00000000e1480000, 0x00000000e150e380, 0x00000000e1590000)
  to   space 1088K,   0% used [0x00000000e1590000, 0x00000000e1590000, 0x00000000e16a0000)
 tenured generation   total 21888K, used 3144K [0x00000000eb2a0000, 0x00000000ec800000, 0x0000000100000000)
   the space 21888K,  14% used [0x00000000eb2a0000, 0x00000000eb5b2320, 0x00000000eb5b2400, 0x00000000ec800000)
 Metaspace       used 6466K, capacity 8813K, committed 8960K, reserved 1056768K
  class space    used 756K, capacity 1023K, committed 1024K, reserved 1048576K
}
Event: 1.521 GC heap before
{Heap before GC invocations=4 (full 0):
 def new generation   total 9792K, used 9272K [0x00000000e0c00000, 0x00000000e16a0000, 0x00000000eb2a0000)
  eden space 8704K, 100% used [0x00000000e0c00000, 0x00000000e1480000, 0x00000000e1480000)
  from space 1088K,  52% used [0x00000000e1480000, 0x00000000e150e380, 0x00000000e1590000)
  to   space 1088K,   0% used [0x00000000e1590000, 0x00000000e1590000, 0x00000000e16a0000)
 tenured generation   total 21888K, used 3144K [0x00000000eb2a0000, 0x00000000ec800000, 0x0000000100000000)
   the space 21888K,  14% used [0x00000000eb2a0000, 0x00000000eb5b2320, 0x00000000eb5b2400, 0x00000000ec800000)
 Metaspace       used 8145K, capacity 10441K, committed 10624K, reserved 1058816K
  class space    used 985K, capacity 1289K, committed 1408K, reserved 1048576K
}
Event: 1.525 GC heap after
{Heap after GC invocations=5 (full 0):
 def new generation   total 9792K, used 767K [0x00000000e0c00000, 0x00000000e16a0000, 0x00000000eb2a0000)
  eden space 8704K,   0% used [0x00000000e0c00000, 0x00000000e0c00000, 0x00000000e1480000)
  from space 1088K,  70% used [0x00000000e1590000, 0x00000000e164ffe0, 0x00000000e16a0000)
  to   space 1088K,   0% used [0x00000000e1480000, 0x00000000e1480000, 0x00000000e1590000)
 tenured generation   total 21888K, used 3398K [0x00000000eb2a0000, 0x00000000ec800000, 0x0000000100000000)
   the space 21888K,  15% used [0x00000000eb2a0000, 0x00000000eb5f1bd0, 0x00000000eb5f1c00, 0x00000000ec800000)
 Metaspace       used 8145K, capacity 10441K, committed 10624K, reserved 1058816K
  class space    used 985K, capacity 1289K, committed 1408K, reserved 1048576K
}
Event: 1.802 GC heap before
{Heap before GC invocations=5 (full 0):
 def new generation   total 9792K, used 9471K [0x00000000e0c00000, 0x00000000e16a0000, 0x00000000eb2a0000)
  eden space 8704K, 100% used [0x00000000e0c00000, 0x00000000e1480000, 0x00000000e1480000)
  from space 1088K,  70% used [0x00000000e1590000, 0x00000000e164ffe0, 0x00000000e16a0000)
  to   space 1088K,   0% used [0x00000000e1480000, 0x00000000e1480000, 0x00000000e1590000)
 tenured generation   total 21888K, used 3398K [0x00000000eb2a0000, 0x00000000ec800000, 0x0000000100000000)
   the space 21888K,  15% used [0x00000000eb2a0000, 0x00000000eb5f1bd0, 0x00000000eb5f1c00, 0x00000000ec800000)
 Metaspace       used 9671K, capacity 11930K, committed 12288K, reserved 1060864K
  class space    used 1191K, capacity 1483K, committed 1536K, reserved 1048576K
}
Event: 1.809 GC heap after
{Heap after GC invocations=6 (full 0):
 def new generation   total 9792K, used 1088K [0x00000000e0c00000, 0x00000000e16a0000, 0x00000000eb2a0000)
  eden space 8704K,   0% used [0x00000000e0c00000, 0x00000000e0c00000, 0x00000000e1480000)
  from space 1088K, 100% used [0x00000000e1480000, 0x00000000e1590000, 0x00000000e1590000)
  to   space 1088K,   0% used [0x00000000e1590000, 0x00000000e1590000, 0x00000000e16a0000)
 tenured generation   total 21888K, used 3846K [0x00000000eb2a0000, 0x00000000ec800000, 0x0000000100000000)
   the space 21888K,  17% used [0x00000000eb2a0000, 0x00000000eb661b68, 0x00000000eb661c00, 0x00000000ec800000)
 Metaspace       used 9671K, capacity 11930K, committed 12288K, reserved 1060864K
  class space    used 1191K, capacity 1483K, committed 1536K, reserved 1048576K
}
Event: 2.178 GC heap before
{Heap before GC invocations=6 (full 0):
 def new generation   total 9792K, used 9792K [0x00000000e0c00000, 0x00000000e16a0000, 0x00000000eb2a0000)
  eden space 8704K, 100% used [0x00000000e0c00000, 0x00000000e1480000, 0x00000000e1480000)
  from space 1088K, 100% used [0x00000000e1480000, 0x00000000e1590000, 0x00000000e1590000)
  to   space 1088K,   0% used [0x00000000e1590000, 0x00000000e1590000, 0x00000000e16a0000)
 tenured generation   total 21888K, used 3846K [0x00000000eb2a0000, 0x00000000ec800000, 0x0000000100000000)
   the space 21888K,  17% used [0x00000000eb2a0000, 0x00000000eb661b68, 0x00000000eb661c00, 0x00000000ec800000)
 Metaspace       used 11643K, capacity 13561K, committed 13696K, reserved 1060864K
  class space    used 1413K, capacity 1654K, committed 1664K, reserved 1048576K
}
Event: 2.190 GC heap after
{Heap after GC invocations=7 (full 0):
 def new generation   total 9792K, used 751K [0x00000000e0c00000, 0x00000000e16a0000, 0x00000000eb2a0000)
  eden space 8704K,   0% used [0x00000000e0c00000, 0x00000000e0c00000, 0x00000000e1480000)
  from space 1088K,  69% used [0x00000000e1590000, 0x00000000e164bd60, 0x00000000e16a0000)
  to   space 1088K,   0% used [0x00000000e1480000, 0x00000000e1480000, 0x00000000e1590000)
 tenured generation   total 21888K, used 4921K [0x00000000eb2a0000, 0x00000000ec800000, 0x0000000100000000)
   the space 21888K,  22% used [0x00000000eb2a0000, 0x00000000eb76e748, 0x00000000eb76e800, 0x00000000ec800000)
 Metaspace       used 11643K, capacity 13561K, committed 13696K, reserved 1060864K
  class space    used 1413K, capacity 1654K, committed 1664K, reserved 1048576K
}
Event: 2.524 GC heap before
{Heap before GC invocations=7 (full 0):
 def new generation   total 9792K, used 9455K [0x00000000e0c00000, 0x00000000e16a0000, 0x00000000eb2a0000)
  eden space 8704K, 100% used [0x00000000e0c00000, 0x00000000e1480000, 0x00000000e1480000)
  from space 1088K,  69% used [0x00000000e1590000, 0x00000000e164bd60, 0x00000000e16a0000)
  to   space 1088K,   0% used [0x00000000e1480000, 0x00000000e1480000, 0x00000000e1590000)
 tenured generation   total 21888K, used 4921K [0x00000000eb2a0000, 0x00000000ec800000, 0x0000000100000000)
   the space 21888K,  22% used [0x00000000eb2a0000, 0x00000000eb76e748, 0x00000000eb76e800, 0x00000000ec800000)
 Metaspace       used 12660K, capacity 14402K, committed 14592K, reserved 1062912K
  class space    used 1503K, capacity 1721K, committed 1792K, reserved 1048576K
}
Event: 2.532 GC heap after
{Heap after GC invocations=8 (full 0):
 def new generation   total 9792K, used 1028K [0x00000000e0c00000, 0x00000000e16a0000, 0x00000000eb2a0000)
  eden space 8704K,   0% used [0x00000000e0c00000, 0x00000000e0c00000, 0x00000000e1480000)
  from space 1088K,  94% used [0x00000000e1480000, 0x00000000e1581218, 0x00000000e1590000)
  to   space 1088K,   0% used [0x00000000e1590000, 0x00000000e1590000, 0x00000000e16a0000)
 tenured generation   total 21888K, used 5635K [0x00000000eb2a0000, 0x00000000ec800000, 0x0000000100000000)
   the space 21888K,  25% used [0x00000000eb2a0000, 0x00000000eb820c00, 0x00000000eb820c00, 0x00000000ec800000)
 Metaspace       used 12660K, capacity 14402K, committed 14592K, reserved 1062912K
  class space    used 1503K, capacity 1721K, committed 1792K, reserved 1048576K
}
Event: 2.814 GC heap before
{Heap before GC invocations=8 (full 0):
 def new generation   total 9792K, used 9732K [0x00000000e0c00000, 0x00000000e16a0000, 0x00000000eb2a0000)
  eden space 8704K, 100% used [0x00000000e0c00000, 0x00000000e1480000, 0x00000000e1480000)
  from space 1088K,  94% used [0x00000000e1480000, 0x00000000e1581218, 0x00000000e1590000)
  to   space 1088K,   0% used [0x00000000e1590000, 0x00000000e1590000, 0x00000000e16a0000)
 tenured generation   total 21888K, used 5635K [0x00000000eb2a0000, 0x00000000ec800000, 0x0000000100000000)
   the space 21888K,  25% used [0x00000000eb2a0000, 0x00000000eb820c00, 0x00000000eb820c00, 0x00000000ec800000)
 Metaspace       used 13041K, capacity 14696K, committed 14848K, reserved 1062912K
  class space    used 1529K, capacity 1755K, committed 1792K, reserved 1048576K
}
Event: 2.820 GC heap after
{Heap after GC invocations=9 (full 0):
 def new generation   total 9792K, used 598K [0x00000000e0c00000, 0x00000000e16a0000, 0x00000000eb2a0000)
  eden space 8704K,   0% used [0x00000000e0c00000, 0x00000000e0c00000, 0x00000000e1480000)
  from space 1088K,  55% used [0x00000000e1590000, 0x00000000e1625b80, 0x00000000e16a0000)
  to   space 1088K,   0% used [0x00000000e1480000, 0x00000000e1480000, 0x00000000e1590000)
 tenured generation   total 21888K, used 6458K [0x00000000eb2a0000, 0x00000000ec800000, 0x0000000100000000)
   the space 21888K,  29% used [0x00000000eb2a0000, 0x00000000eb8eeaa0, 0x00000000eb8eec00, 0x00000000ec800000)
 Metaspace       used 13041K, capacity 14696K, committed 14848K, reserved 1062912K
  class space    used 1529K, capacity 1755K, committed 1792K, reserved 1048576K
}
Event: 3.088 GC heap before
{Heap before GC invocations=9 (full 0):
 def new generation   total 9792K, used 9302K [0x00000000e0c00000, 0x00000000e16a0000, 0x00000000eb2a0000)
  eden space 8704K, 100% used [0x00000000e0c00000, 0x00000000e1480000, 0x00000000e1480000)
  from space 1088K,  55% used [0x00000000e1590000, 0x00000000e1625b80, 0x00000000e16a0000)
  to   space 1088K,   0% used [0x00000000e1480000, 0x00000000e1480000, 0x00000000e1590000)
 tenured generation   total 21888K, used 6458K [0x00000000eb2a0000, 0x00000000ec800000, 0x0000000100000000)
   the space 21888K,  29% used [0x00000000eb2a0000, 0x00000000eb8eeaa0, 0x00000000eb8eec00, 0x00000000ec800000)
 Metaspace       used 13375K, capacity 15009K, committed 15232K, reserved 1062912K
  class space    used 1552K, capacity 1795K, committed 1920K, reserved 1048576K
}
Event: 3.091 GC heap after
{Heap after GC invocations=10 (full 0):
 def new generation   total 9792K, used 436K [0x00000000e0c00000, 0x00000000e16a0000, 0x00000000eb2a0000)
  eden space 8704K,   0% used [0x00000000e0c00000, 0x00000000e0c00000, 0x00000000e1480000)
  from space 1088K,  40% used [0x00000000e1480000, 0x00000000e14ed2e0, 0x00000000e1590000)
  to   space 1088K,   0% used [0x00000000e1590000, 0x00000000e1590000, 0x00000000e16a0000)
 tenured generation   total 21888K, used 7018K [0x00000000eb2a0000, 0x00000000ec800000, 0x0000000100000000)
   the space 21888K,  32% used [0x00000000eb2a0000, 0x00000000eb97aa70, 0x00000000eb97ac00, 0x00000000ec800000)
 Metaspace       used 13375K, capacity 15009K, committed 15232K, reserved 1062912K
  class space    used 1552K, capacity 1795K, committed 1920K, reserved 1048576K
}
Event: 3.240 GC heap before
{Heap before GC invocations=10 (full 0):
 def new generation   total 9792K, used 9140K [0x00000000e0c00000, 0x00000000e16a0000, 0x00000000eb2a0000)
  eden space 8704K, 100% used [0x00000000e0c00000, 0x00000000e1480000, 0x00000000e1480000)
  from space 1088K,  40% used [0x00000000e1480000, 0x00000000e14ed2e0, 0x00000000e1590000)
  to   space 1088K,   0% used [0x00000000e1590000, 0x00000000e1590000, 0x00000000e16a0000)
 tenured generation   total 21888K, used 7018K [0x00000000eb2a0000, 0x00000000ec800000, 0x0000000100000000)
   the space 21888K,  32% used [0x00000000eb2a0000, 0x00000000eb97aa70, 0x00000000eb97ac00, 0x00000000ec800000)
 Metaspace       used 13848K, capacity 15425K, committed 15744K, reserved 1062912K
  class space    used 1605K, capacity 1827K, committed 1920K, reserved 1048576K
}
Event: 3.244 GC heap after
{Heap after GC invocations=11 (full 0):
 def new generation   total 9792K, used 869K [0x00000000e0c00000, 0x00000000e16a0000, 0x00000000eb2a0000)
  eden space 8704K,   0% used [0x00000000e0c00000, 0x00000000e0c00000, 0x00000000e1480000)
  from space 1088K,  79% used [0x00000000e1590000, 0x00000000e1669620, 0x00000000e16a0000)
  to   space 1088K,   0% used [0x00000000e1480000, 0x00000000e1480000, 0x00000000e1590000)
 tenured generation   total 21888K, used 7018K [0x00000000eb2a0000, 0x00000000ec800000, 0x0000000100000000)
   the space 21888K,  32% used [0x00000000eb2a0000, 0x00000000eb97aa70, 0x00000000eb97ac00, 0x00000000ec800000)
 Metaspace       used 13848K, capacity 15425K, committed 15744K, reserved 1062912K
  class space    used 1605K, capacity 1827K, committed 1920K, reserved 1048576K
}
Event: 3.352 GC heap before
{Heap before GC invocations=11 (full 0):
 def new generation   total 9792K, used 9573K [0x00000000e0c00000, 0x00000000e16a0000, 0x00000000eb2a0000)
  eden space 8704K, 100% used [0x00000000e0c00000, 0x00000000e1480000, 0x00000000e1480000)
  from space 1088K,  79% used [0x00000000e1590000, 0x00000000e1669620, 0x00000000e16a0000)
  to   space 1088K,   0% used [0x00000000e1480000, 0x00000000e1480000, 0x00000000e1590000)
 tenured generation   total 21888K, used 7018K [0x00000000eb2a0000, 0x00000000ec800000, 0x0000000100000000)
   the space 21888K,  32% used [0x00000000eb2a0000, 0x00000000eb97aa70, 0x00000000eb97ac00, 0x00000000ec800000)
 Metaspace       used 13935K, capacity 15489K, committed 15744K, reserved 1062912K
  class space    used 1605K, capacity 1827K, committed 1920K, reserved 1048576K
}
Event: 3.357 GC heap after
{Heap after GC invocations=12 (full 0):
 def new generation   total 9792K, used 971K [0x00000000e0c00000, 0x00000000e16a0000, 0x00000000eb2a0000)
  eden space 8704K,   0% used [0x00000000e0c00000, 0x00000000e0c00000, 0x00000000e1480000)
  from space 1088K,  89% used [0x00000000e1480000, 0x00000000e1572c68, 0x00000000e1590000)
  to   space 1088K,   0% used [0x00000000e1590000, 0x00000000e1590000, 0x00000000e16a0000)
 tenured generation   total 21888K, used 7421K [0x00000000eb2a0000, 0x00000000ec800000, 0x0000000100000000)
   the space 21888K,  33% used [0x00000000eb2a0000, 0x00000000eb9df518, 0x00000000eb9df600, 0x00000000ec800000)
 Metaspace       used 13935K, capacity 15489K, committed 15744K, reserved 1062912K
  class space    used 1605K, capacity 1827K, committed 1920K, reserved 1048576K
}

Deoptimization events (20 events):
Event: 3.209 Thread 0x00007f977c014000 DEOPT PACKING pc=0x00007f976522f4ef sp=0x00007f9784095380
Event: 3.209 Thread 0x00007f977c014000 DEOPT UNPACKING pc=0x00007f97649381ba sp=0x00007f9784094828 mode 0
Event: 3.214 Thread 0x00007f977c014000 DEOPT PACKING pc=0x00007f97652816c8 sp=0x00007f9784095850
Event: 3.214 Thread 0x00007f977c014000 DEOPT UNPACKING pc=0x00007f97649381ba sp=0x00007f9784094d90 mode 0
Event: 3.232 Thread 0x00007f977c014000 DEOPT PACKING pc=0x00007f97652816a7 sp=0x00007f9784095850
Event: 3.232 Thread 0x00007f977c014000 DEOPT UNPACKING pc=0x00007f97649381ba sp=0x00007f9784094d90 mode 0
Event: 3.266 Thread 0x00007f977c014000 DEOPT PACKING pc=0x00007f97652816a7 sp=0x00007f9784095850
Event: 3.266 Thread 0x00007f977c014000 DEOPT UNPACKING pc=0x00007f97649381ba sp=0x00007f9784094d90 mode 0
Event: 3.284 Thread 0x00007f977c014000 DEOPT PACKING pc=0x00007f97652816a7 sp=0x00007f97840954d0
Event: 3.284 Thread 0x00007f977c014000 DEOPT UNPACKING pc=0x00007f97649381ba sp=0x00007f9784094a10 mode 0
Event: 3.294 Thread 0x00007f977c014000 DEOPT PACKING pc=0x00007f97652816c8 sp=0x00007f97840954d0
Event: 3.294 Thread 0x00007f977c014000 DEOPT UNPACKING pc=0x00007f97649381ba sp=0x00007f9784094a10 mode 0
Event: 3.305 Thread 0x00007f977c014000 DEOPT PACKING pc=0x00007f97652816a7 sp=0x00007f97840954d0
Event: 3.305 Thread 0x00007f977c014000 DEOPT UNPACKING pc=0x00007f97649381ba sp=0x00007f9784094a10 mode 0
Event: 3.324 Thread 0x00007f977c014000 DEOPT PACKING pc=0x00007f97652816c8 sp=0x00007f9784095150
Event: 3.324 Thread 0x00007f977c014000 DEOPT UNPACKING pc=0x00007f97649381ba sp=0x00007f9784094690 mode 0
Event: 3.343 Thread 0x00007f977c014000 DEOPT PACKING pc=0x00007f97652816a7 sp=0x00007f9784095480
Event: 3.343 Thread 0x00007f977c014000 DEOPT UNPACKING pc=0x00007f97649381ba sp=0x00007f97840949c0 mode 0
Event: 3.398 Thread 0x00007f977c014000 DEOPT PACKING pc=0x00007f97652534ad sp=0x00007f9784095580
Event: 3.398 Thread 0x00007f977c014000 DEOPT UNPACKING pc=0x00007f97649381ba sp=0x00007f9784094d08 mode 0

Classes redefined (0 events):
No events

Internal exceptions (6 events):
Event: 0.204 Thread 0x00007f977c014000 Exception <a 'java/lang/NoSuchMethodError'{0x00000000e0ef25a8}: 'int java.lang.invoke.DirectMethodHandle$Holder.invokeSpecialIFC(java.lang.Object, java.lang.Object, int)'> (0x00000000e0ef25a8) thrown at [/build/openjdk-11-11.0.6+10/src/hotspot/share/inter
Event: 1.913 Thread 0x00007f977c014000 Exception <a 'java/lang/NoClassDefFoundError'{0x00000000e0f082e8}: com/google/inject/servlet/ServletModuleTargetVisitor> (0x00000000e0f082e8) thrown at [/build/openjdk-11-11.0.6+10/src/hotspot/share/classfile/systemDictionary.cpp, line 220]
Event: 1.913 Thread 0x00007f977c014000 Exception <a 'java/lang/NoClassDefFoundError'{0x00000000e0f082e8}> (0x00000000e0f082e8) thrown at [/build/openjdk-11-11.0.6+10/src/hotspot/share/prims/jvm.cpp, line 1301]
Event: 1.914 Thread 0x00007f977c014000 Exception <a 'java/lang/NoClassDefFoundError'{0x00000000e0f0ab78}: javax/annotation/Priority> (0x00000000e0f0ab78) thrown at [/build/openjdk-11-11.0.6+10/src/hotspot/share/classfile/systemDictionary.cpp, line 220]
Event: 2.612 Thread 0x00007f977c014000 Implicit null exception at 0x00007f976c42ca85 to 0x00007f976c42cc5e
Event: 2.613 Thread 0x00007f977c014000 Implicit null exception at 0x00007f976c4521cb to 0x00007f976c452676

Events (20 events):
Event: 3.352 Executing VM operation: GenCollectForAllocation
Event: 3.357 Executing VM operation: GenCollectForAllocation done
Event: 3.378 loading class org/eclipse/aether/collection/DependencyManagement
Event: 3.378 loading class org/eclipse/aether/collection/DependencyManagement done
Event: 3.430 loading class org/apache/maven/plugin/Mojo
Event: 3.430 loading class org/apache/maven/plugin/Mojo done
Event: 3.430 loading class org/apache/maven/plugin/Mojo
Event: 3.430 loading class org/apache/maven/plugin/Mojo done
Event: 3.430 loading class org/apache/maven/plugin/compiler/TestCompilerMojo
Event: 3.430 loading class org/apache/maven/plugin/compiler/TestCompilerMojo done
Event: 3.430 loading class org/apache/maven/plugin/compiler/TestCompilerMojo
Event: 3.430 loading class org/apache/maven/plugin/compiler/TestCompilerMojo done
Event: 3.430 loading class org/apache/maven/plugin/compiler/TestCompilerMojo
Event: 3.430 loading class org/apache/maven/plugin/compiler/TestCompilerMojo done
Event: 3.432 loading class org/apache/maven/plugin/compiler/AbstractCompilerMojo
Event: 3.432 loading class org/apache/maven/plugin/compiler/AbstractCompilerMojo done
Event: 3.432 loading class org/apache/maven/plugin/compiler/AbstractCompilerMojo
Event: 3.432 loading class org/apache/maven/plugin/compiler/AbstractCompilerMojo done
Event: 3.432 loading class org/apache/maven/plugin/compiler/AbstractCompilerMojo
Event: 3.432 loading class org/apache/maven/plugin/compiler/AbstractCompilerMojo done


Dynamic libraries:
e0c00000-e16a0000 rw-p 00000000 00:00 0 
e16a0000-eb2a0000 ---p 00000000 00:00 0 
eb2a0000-ec800000 rw-p 00000000 00:00 0 
ec800000-100000000 ---p 00000000 00:00 0 
800000000-800002000 rwxp 00001000 08:01 2118409                          /usr/lib/jvm/java-11-openjdk-amd64/lib/server/classes.jsa
800002000-8003b7000 rw-p 00003000 08:01 2118409                          /usr/lib/jvm/java-11-openjdk-amd64/lib/server/classes.jsa
8003b7000-800a8a000 r--p 003b8000 08:01 2118409                          /usr/lib/jvm/java-11-openjdk-amd64/lib/server/classes.jsa
800a8a000-800a8b000 rw-p 00a8b000 08:01 2118409                          /usr/lib/jvm/java-11-openjdk-amd64/lib/server/classes.jsa
800a8b000-801095000 r--p 00a8c000 08:01 2118409                          /usr/lib/jvm/java-11-openjdk-amd64/lib/server/classes.jsa
840000000-8401e0000 rw-p 00000000 00:00 0 
8401e0000-880000000 ---p 00000000 00:00 0 
55ab9aa50000-55ab9aa51000 r-xp 00000000 08:01 2118040                    /usr/lib/jvm/java-11-openjdk-amd64/bin/java
55ab9ac51000-55ab9ac52000 r--p 00001000 08:01 2118040                    /usr/lib/jvm/java-11-openjdk-amd64/bin/java
55ab9ac52000-55ab9ac53000 rw-p 00002000 08:01 2118040                    /usr/lib/jvm/java-11-openjdk-amd64/bin/java
55ab9bdff000-55ab9be41000 rw-p 00000000 00:00 0                          [heap]
7f9734000000-7f9734021000 rw-p 00000000 00:00 0 
7f9734021000-7f9738000000 ---p 00000000 00:00 0 
7f973c000000-7f973c021000 rw-p 00000000 00:00 0 
7f973c021000-7f9740000000 ---p 00000000 00:00 0 
7f9740000000-7f9740021000 rw-p 00000000 00:00 0 
7f9740021000-7f9744000000 ---p 00000000 00:00 0 
7f9744000000-7f974452f000 rw-p 00000000 00:00 0 
7f974452f000-7f9748000000 ---p 00000000 00:00 0 
7f9748000000-7f9748021000 rw-p 00000000 00:00 0 
7f9748021000-7f974c000000 ---p 00000000 00:00 0 
7f974c000000-7f974c021000 rw-p 00000000 00:00 0 
7f974c021000-7f9750000000 ---p 00000000 00:00 0 
7f9750000000-7f9750b33000 rw-p 00000000 00:00 0 
7f9750b33000-7f9754000000 ---p 00000000 00:00 0 
7f9754000000-7f9754021000 rw-p 00000000 00:00 0 
7f9754021000-7f9758000000 ---p 00000000 00:00 0 
7f9758000000-7f9758021000 rw-p 00000000 00:00 0 
7f9758021000-7f975c000000 ---p 00000000 00:00 0 
7f975c000000-7f975c021000 rw-p 00000000 00:00 0 
7f975c021000-7f9760000000 ---p 00000000 00:00 0 
7f9762689000-7f9762809000 rw-p 00000000 00:00 0 
7f9762809000-7f9762889000 ---p 00000000 00:00 0 
7f9762889000-7f9762a89000 rw-p 00000000 00:00 0 
7f9762a89000-7f9762c89000 rw-p 00000000 00:00 0 
7f9762c89000-7f9762c8b000 r-xp 00000000 08:01 1843038                    /lib/x86_64-linux-gnu/libutil-2.24.so
7f9762c8b000-7f9762e8a000 ---p 00002000 08:01 1843038                    /lib/x86_64-linux-gnu/libutil-2.24.so
7f9762e8a000-7f9762e8b000 r--p 00001000 08:01 1843038                    /lib/x86_64-linux-gnu/libutil-2.24.so
7f9762e8b000-7f9762e8c000 rw-p 00002000 08:01 1843038                    /lib/x86_64-linux-gnu/libutil-2.24.so
7f9762e8c000-7f9762e8f000 r-xp 00000000 08:01 1993728                    /opt/maven/lib/jansi-native/linux64/libjansi.so
7f9762e8f000-7f976308e000 ---p 00003000 08:01 1993728                    /opt/maven/lib/jansi-native/linux64/libjansi.so
7f976308e000-7f976308f000 rw-p 00002000 08:01 1993728                    /opt/maven/lib/jansi-native/linux64/libjansi.so
7f976308f000-7f97630c0000 rw-p 00000000 00:00 0 
7f97630c0000-7f97630d6000 r-xp 00000000 08:01 2118388                    /usr/lib/jvm/java-11-openjdk-amd64/lib/libnet.so
7f97630d6000-7f97632d5000 ---p 00016000 08:01 2118388                    /usr/lib/jvm/java-11-openjdk-amd64/lib/libnet.so
7f97632d5000-7f97632d6000 r--p 00015000 08:01 2118388                    /usr/lib/jvm/java-11-openjdk-amd64/lib/libnet.so
7f97632d6000-7f97632d7000 rw-p 00016000 08:01 2118388                    /usr/lib/jvm/java-11-openjdk-amd64/lib/libnet.so
7f97632d7000-7f97632e7000 r-xp 00000000 08:01 2118389                    /usr/lib/jvm/java-11-openjdk-amd64/lib/libnio.so
7f97632e7000-7f97634e6000 ---p 00010000 08:01 2118389                    /usr/lib/jvm/java-11-openjdk-amd64/lib/libnio.so
7f97634e6000-7f97634e7000 r--p 0000f000 08:01 2118389                    /usr/lib/jvm/java-11-openjdk-amd64/lib/libnio.so
7f97634e7000-7f97634e8000 rw-p 00010000 08:01 2118389                    /usr/lib/jvm/java-11-openjdk-amd64/lib/libnio.so
7f97634e8000-7f97634ec000 ---p 00000000 00:00 0 
7f97634ec000-7f97635e9000 rw-p 00000000 00:00 0 
7f97635e9000-7f97635ea000 ---p 00000000 00:00 0 
7f97635ea000-7f97636eb000 rw-p 00000000 00:00 0 
7f97636eb000-7f97636ef000 ---p 00000000 00:00 0 
7f97636ef000-7f97637ec000 rw-p 00000000 00:00 0 
7f97637ec000-7f97637f0000 ---p 00000000 00:00 0 
7f97637f0000-7f97638ed000 rw-p 00000000 00:00 0 
7f97638ed000-7f97638f1000 ---p 00000000 00:00 0 
7f97638f1000-7f97639ee000 rw-p 00000000 00:00 0 
7f97639ee000-7f97639f2000 ---p 00000000 00:00 0 
7f97639f2000-7f9763aef000 rw-p 00000000 00:00 0 
7f9763aef000-7f9763af3000 ---p 00000000 00:00 0 
7f9763af3000-7f9763bf0000 rw-p 00000000 00:00 0 
7f9763bf0000-7f9763d8b000 r--p 00000000 08:01 1850658                    /usr/lib/locale/locale-archive
7f9763d8b000-7f9763d8f000 ---p 00000000 00:00 0 
7f9763d8f000-7f9763e8c000 rw-p 00000000 00:00 0 
7f9763e8c000-7f9763e90000 ---p 00000000 00:00 0 
7f9763e90000-7f9763f8d000 rw-p 00000000 00:00 0 
7f9763f8d000-7f9763f8e000 ---p 00000000 00:00 0 
7f9763f8e000-7f9764910000 rw-p 00000000 00:00 0 
7f9764910000-7f9764b80000 rwxp 00000000 00:00 0 
7f9764b80000-7f9764e9f000 ---p 00000000 00:00 0 
7f9764e9f000-7f97653df000 rwxp 00000000 00:00 0 
7f97653df000-7f976c3d7000 ---p 00000000 00:00 0 
7f976c3d7000-7f976c647000 rwxp 00000000 00:00 0 
7f976c647000-7f9773910000 ---p 00000000 00:00 0 
7f9773910000-7f977c000000 r--s 00000000 08:01 2118399                    /usr/lib/jvm/java-11-openjdk-amd64/lib/modules
7f977c000000-7f977cb6c000 rw-p 00000000 00:00 0 
7f977cb6c000-7f9780000000 ---p 00000000 00:00 0 
7f9780027000-7f97800d1000 rw-p 00000000 00:00 0 
7f97800d1000-7f978011e000 ---p 00000000 00:00 0 
7f978011e000-7f9780129000 rw-p 00000000 00:00 0 
7f9780129000-7f97801c5000 ---p 00000000 00:00 0 
7f97801c5000-7f97801cb000 rw-p 00000000 00:00 0 
7f97801cb000-7f97802b1000 ---p 00000000 00:00 0 
7f97802b1000-7f97802bc000 rw-p 00000000 00:00 0 
7f97802bc000-7f978039c000 ---p 00000000 00:00 0 
7f978039c000-7f97803a1000 r-xp 00000000 08:01 2118380                    /usr/lib/jvm/java-11-openjdk-amd64/lib/libjimage.so
7f97803a1000-7f97805a0000 ---p 00005000 08:01 2118380                    /usr/lib/jvm/java-11-openjdk-amd64/lib/libjimage.so
7f97805a0000-7f97805a1000 r--p 00004000 08:01 2118380                    /usr/lib/jvm/java-11-openjdk-amd64/lib/libjimage.so
7f97805a1000-7f97805a2000 rw-p 00005000 08:01 2118380                    /usr/lib/jvm/java-11-openjdk-amd64/lib/libjimage.so
7f97805a2000-7f97805a9000 r-xp 00000000 08:01 2118398                    /usr/lib/jvm/java-11-openjdk-amd64/lib/libzip.so
7f97805a9000-7f97807a8000 ---p 00007000 08:01 2118398                    /usr/lib/jvm/java-11-openjdk-amd64/lib/libzip.so
7f97807a8000-7f97807a9000 r--p 00006000 08:01 2118398                    /usr/lib/jvm/java-11-openjdk-amd64/lib/libzip.so
7f97807a9000-7f97807aa000 rw-p 00007000 08:01 2118398                    /usr/lib/jvm/java-11-openjdk-amd64/lib/libzip.so
7f97807aa000-7f97807b4000 r-xp 00000000 08:01 1843001                    /lib/x86_64-linux-gnu/libnss_files-2.24.so
7f97807b4000-7f97809b4000 ---p 0000a000 08:01 1843001                    /lib/x86_64-linux-gnu/libnss_files-2.24.so
7f97809b4000-7f97809b5000 r--p 0000a000 08:01 1843001                    /lib/x86_64-linux-gnu/libnss_files-2.24.so
7f97809b5000-7f97809b6000 rw-p 0000b000 08:01 1843001                    /lib/x86_64-linux-gnu/libnss_files-2.24.so
7f97809b6000-7f97809bc000 rw-p 00000000 00:00 0 
7f97809bc000-7f97809c7000 r-xp 00000000 08:01 1843005                    /lib/x86_64-linux-gnu/libnss_nis-2.24.so
7f97809c7000-7f9780bc6000 ---p 0000b000 08:01 1843005                    /lib/x86_64-linux-gnu/libnss_nis-2.24.so
7f9780bc6000-7f9780bc7000 r--p 0000a000 08:01 1843005                    /lib/x86_64-linux-gnu/libnss_nis-2.24.so
7f9780bc7000-7f9780bc8000 rw-p 0000b000 08:01 1843005                    /lib/x86_64-linux-gnu/libnss_nis-2.24.so
7f9780bc8000-7f9780bdc000 r-xp 00000000 08:01 1842995                    /lib/x86_64-linux-gnu/libnsl-2.24.so
7f9780bdc000-7f9780ddc000 ---p 00014000 08:01 1842995                    /lib/x86_64-linux-gnu/libnsl-2.24.so
7f9780ddc000-7f9780ddd000 r--p 00014000 08:01 1842995                    /lib/x86_64-linux-gnu/libnsl-2.24.so
7f9780ddd000-7f9780dde000 rw-p 00015000 08:01 1842995                    /lib/x86_64-linux-gnu/libnsl-2.24.so
7f9780dde000-7f9780de0000 rw-p 00000000 00:00 0 
7f9780de0000-7f9780de7000 r-xp 00000000 08:01 1842997                    /lib/x86_64-linux-gnu/libnss_compat-2.24.so
7f9780de7000-7f9780fe6000 ---p 00007000 08:01 1842997                    /lib/x86_64-linux-gnu/libnss_compat-2.24.so
7f9780fe6000-7f9780fe7000 r--p 00006000 08:01 1842997                    /lib/x86_64-linux-gnu/libnss_compat-2.24.so
7f9780fe7000-7f9780fe8000 rw-p 00007000 08:01 1842997                    /lib/x86_64-linux-gnu/libnss_compat-2.24.so
7f9780fe8000-7f9781011000 r-xp 00000000 08:01 2118376                    /usr/lib/jvm/java-11-openjdk-amd64/lib/libjava.so
7f9781011000-7f9781210000 ---p 00029000 08:01 2118376                    /usr/lib/jvm/java-11-openjdk-amd64/lib/libjava.so
7f9781210000-7f9781211000 r--p 00028000 08:01 2118376                    /usr/lib/jvm/java-11-openjdk-amd64/lib/libjava.so
7f9781211000-7f9781213000 rw-p 00029000 08:01 2118376                    /usr/lib/jvm/java-11-openjdk-amd64/lib/libjava.so
7f9781213000-7f9781220000 r-xp 00000000 08:01 2118397                    /usr/lib/jvm/java-11-openjdk-amd64/lib/libverify.so
7f9781220000-7f978141f000 ---p 0000d000 08:01 2118397                    /usr/lib/jvm/java-11-openjdk-amd64/lib/libverify.so
7f978141f000-7f9781421000 r--p 0000c000 08:01 2118397                    /usr/lib/jvm/java-11-openjdk-amd64/lib/libverify.so
7f9781421000-7f9781422000 rw-p 0000e000 08:01 2118397                    /usr/lib/jvm/java-11-openjdk-amd64/lib/libverify.so
7f9781422000-7f9781429000 r-xp 00000000 08:01 1843022                    /lib/x86_64-linux-gnu/librt-2.24.so
7f9781429000-7f9781628000 ---p 00007000 08:01 1843022                    /lib/x86_64-linux-gnu/librt-2.24.so
7f9781628000-7f9781629000 r--p 00006000 08:01 1843022                    /lib/x86_64-linux-gnu/librt-2.24.so
7f9781629000-7f978162a000 rw-p 00007000 08:01 1843022                    /lib/x86_64-linux-gnu/librt-2.24.so
7f978162a000-7f9781640000 r-xp 00000000 08:01 1842975                    /lib/x86_64-linux-gnu/libgcc_s.so.1
7f9781640000-7f978183f000 ---p 00016000 08:01 1842975                    /lib/x86_64-linux-gnu/libgcc_s.so.1
7f978183f000-7f9781840000 r--p 00015000 08:01 1842975                    /lib/x86_64-linux-gnu/libgcc_s.so.1
7f9781840000-7f9781841000 rw-p 00016000 08:01 1842975                    /lib/x86_64-linux-gnu/libgcc_s.so.1
7f9781841000-7f9781944000 r-xp 00000000 08:01 1842984                    /lib/x86_64-linux-gnu/libm-2.24.so
7f9781944000-7f9781b43000 ---p 00103000 08:01 1842984                    /lib/x86_64-linux-gnu/libm-2.24.so
7f9781b43000-7f9781b44000 r--p 00102000 08:01 1842984                    /lib/x86_64-linux-gnu/libm-2.24.so
7f9781b44000-7f9781b45000 rw-p 00103000 08:01 1842984                    /lib/x86_64-linux-gnu/libm-2.24.so
7f9781b45000-7f9781cb7000 r-xp 00000000 08:01 1843740                    /usr/lib/x86_64-linux-gnu/libstdc++.so.6.0.22
7f9781cb7000-7f9781eb7000 ---p 00172000 08:01 1843740                    /usr/lib/x86_64-linux-gnu/libstdc++.so.6.0.22
7f9781eb7000-7f9781ec1000 r--p 00172000 08:01 1843740                    /usr/lib/x86_64-linux-gnu/libstdc++.so.6.0.22
7f9781ec1000-7f9781ec3000 rw-p 0017c000 08:01 1843740                    /usr/lib/x86_64-linux-gnu/libstdc++.so.6.0.22
7f9781ec3000-7f9781ec7000 rw-p 00000000 00:00 0 
7f9781ec7000-7f9782f4f000 r-xp 00000000 08:01 2118411                    /usr/lib/jvm/java-11-openjdk-amd64/lib/server/libjvm.so
7f9782f4f000-7f978314e000 ---p 01088000 08:01 2118411                    /usr/lib/jvm/java-11-openjdk-amd64/lib/server/libjvm.so
7f978314e000-7f978320b000 r--p 01087000 08:01 2118411                    /usr/lib/jvm/java-11-openjdk-amd64/lib/server/libjvm.so
7f978320b000-7f9783245000 rw-p 01144000 08:01 2118411                    /usr/lib/jvm/java-11-openjdk-amd64/lib/server/libjvm.so
7f9783245000-7f978329b000 rw-p 00000000 00:00 0 
7f978329b000-7f9783430000 r-xp 00000000 08:01 1842955                    /lib/x86_64-linux-gnu/libc-2.24.so
7f9783430000-7f9783630000 ---p 00195000 08:01 1842955                    /lib/x86_64-linux-gnu/libc-2.24.so
7f9783630000-7f9783634000 r--p 00195000 08:01 1842955                    /lib/x86_64-linux-gnu/libc-2.24.so
7f9783634000-7f9783636000 rw-p 00199000 08:01 1842955                    /lib/x86_64-linux-gnu/libc-2.24.so
7f9783636000-7f978363a000 rw-p 00000000 00:00 0 
7f978363a000-7f978363d000 r-xp 00000000 08:01 1842967                    /lib/x86_64-linux-gnu/libdl-2.24.so
7f978363d000-7f978383c000 ---p 00003000 08:01 1842967                    /lib/x86_64-linux-gnu/libdl-2.24.so
7f978383c000-7f978383d000 r--p 00002000 08:01 1842967                    /lib/x86_64-linux-gnu/libdl-2.24.so
7f978383d000-7f978383e000 rw-p 00003000 08:01 1842967                    /lib/x86_64-linux-gnu/libdl-2.24.so
7f978383e000-7f978384d000 r-xp 00000000 08:01 2118358                    /usr/lib/jvm/java-11-openjdk-amd64/lib/jli/libjli.so
7f978384d000-7f9783a4c000 ---p 0000f000 08:01 2118358                    /usr/lib/jvm/java-11-openjdk-amd64/lib/jli/libjli.so
7f9783a4c000-7f9783a4d000 r--p 0000e000 08:01 2118358                    /usr/lib/jvm/java-11-openjdk-amd64/lib/jli/libjli.so
7f9783a4d000-7f9783a4e000 rw-p 0000f000 08:01 2118358                    /usr/lib/jvm/java-11-openjdk-amd64/lib/jli/libjli.so
7f9783a4e000-7f9783a66000 r-xp 00000000 08:01 1843018                    /lib/x86_64-linux-gnu/libpthread-2.24.so
7f9783a66000-7f9783c65000 ---p 00018000 08:01 1843018                    /lib/x86_64-linux-gnu/libpthread-2.24.so
7f9783c65000-7f9783c66000 r--p 00017000 08:01 1843018                    /lib/x86_64-linux-gnu/libpthread-2.24.so
7f9783c66000-7f9783c67000 rw-p 00018000 08:01 1843018                    /lib/x86_64-linux-gnu/libpthread-2.24.so
7f9783c67000-7f9783c6b000 rw-p 00000000 00:00 0 
7f9783c6b000-7f9783c84000 r-xp 00000000 08:01 1843043                    /lib/x86_64-linux-gnu/libz.so.1.2.8
7f9783c84000-7f9783e83000 ---p 00019000 08:01 1843043                    /lib/x86_64-linux-gnu/libz.so.1.2.8
7f9783e83000-7f9783e84000 r--p 00018000 08:01 1843043                    /lib/x86_64-linux-gnu/libz.so.1.2.8
7f9783e84000-7f9783e85000 rw-p 00019000 08:01 1843043                    /lib/x86_64-linux-gnu/libz.so.1.2.8
7f9783e85000-7f9783ea8000 r-xp 00000000 08:01 1842937                    /lib/x86_64-linux-gnu/ld-2.24.so
7f9783ec2000-7f9783eee000 rw-p 00000000 00:00 0 
7f9783eee000-7f9783f8a000 ---p 00000000 00:00 0 
7f9783f8a000-7f9783f8f000 rw-p 00000000 00:00 0 
7f9783f8f000-7f9783f96000 ---p 00000000 00:00 0 
7f9783f96000-7f9783f98000 r--s 00007000 08:01 2379129                    /usr/share/java/java-atk-wrapper.jar
7f9783f98000-7f9783f9c000 ---p 00000000 00:00 0 
7f9783f9c000-7f978409d000 rw-p 00000000 00:00 0 
7f978409e000-7f97840a6000 rw-s 00000000 08:01 411604                     /tmp/hsperfdata_tanzachary/3985
7f97840a6000-7f97840a7000 ---p 00000000 00:00 0 
7f97840a7000-7f97840a8000 r--p 00000000 00:00 0 
7f97840a8000-7f97840a9000 r--p 00023000 08:01 1842937                    /lib/x86_64-linux-gnu/ld-2.24.so
7f97840a9000-7f97840aa000 rw-p 00024000 08:01 1842937                    /lib/x86_64-linux-gnu/ld-2.24.so
7f97840aa000-7f97840ab000 rw-p 00000000 00:00 0 
7ffe3c0e3000-7ffe3c104000 rw-p 00000000 00:00 0                          [stack]
7ffe3c1e9000-7ffe3c1ec000 r--p 00000000 00:00 0                          [vvar]
7ffe3c1ec000-7ffe3c1ee000 r-xp 00000000 00:00 0                          [vdso]
ffffffffff600000-ffffffffff601000 r-xp 00000000 00:00 0                  [vsyscall]


VM Arguments:
jvm_args: -Dclassworlds.conf=/opt/maven/bin/m2.conf -Dmaven.home=/opt/maven -Dlibrary.jansi.path=/opt/maven/lib/jansi-native -Dmaven.multiModuleProjectDirectory=/home/tanzachary/step/portfolio 
java_command: org.codehaus.plexus.classworlds.launcher.Launcher package appengine:run
java_class_path (initial): /opt/maven/boot/plexus-classworlds-2.6.0.jar
Launcher Type: SUN_STANDARD

[Global flags]
     intx CICompilerCount                          = 2                                         {product} {ergonomic}
   size_t InitialHeapSize                          = 33554432                                  {product} {ergonomic}
   size_t MaxHeapSize                              = 524288000                                 {product} {ergonomic}
   size_t MaxNewSize                               = 174718976                                 {product} {ergonomic}
   size_t MinHeapDeltaBytes                        = 196608                                    {product} {ergonomic}
   size_t NewSize                                  = 11141120                                  {product} {ergonomic}
    uintx NonNMethodCodeHeapSize                   = 5825164                                {pd product} {ergonomic}
    uintx NonProfiledCodeHeapSize                  = 122916538                              {pd product} {ergonomic}
   size_t OldSize                                  = 22413312                                  {product} {ergonomic}
    uintx ProfiledCodeHeapSize                     = 122916538                              {pd product} {ergonomic}
    uintx ReservedCodeCacheSize                    = 251658240                              {pd product} {ergonomic}
     bool SegmentedCodeCache                       = true                                      {product} {ergonomic}
     bool UseCompressedClassPointers               = true                                 {lp64_product} {ergonomic}
     bool UseCompressedOops                        = true                                 {lp64_product} {ergonomic}
     bool UseSerialGC                              = true                                      {product} {ergonomic}

Logging:
Log output configuration:
 #0: stdout all=warning uptime,level,tags
 #1: stderr all=off uptime,level,tags

Environment Variables:
JAVA_HOME=/usr/lib/jvm/java-11-openjdk-amd64
PATH=/home/tanzachary/step/portfolio/node_modules/.bin:/home/tanzachary/gopath/bin:/google/gopath/bin:/home/tanzachary/.gems/bin:/usr/local/go/bin:/opt/gradle/bin:/opt/maven/bin:/usr/local/sbin:/usr/local/bin:/usr/sbin:/usr/bin:/sbin:/bin:/usr/local/nvm/versions/node/v10.14.2/bin:/google/go_appengine:/google/google_appengine:/google/migrate/anthos/
SHELL=/bin/bash

Signal Handlers:
SIGSEGV: [libjvm.so+0xd9bff0], sa_mask[0]=11111111011111111101111111111110, sa_flags=SA_RESTART|SA_SIGINFO
SIGBUS: [libjvm.so+0xd9bff0], sa_mask[0]=11111111011111111101111111111110, sa_flags=SA_RESTART|SA_SIGINFO
SIGFPE: [libjvm.so+0xd9bff0], sa_mask[0]=11111111011111111101111111111110, sa_flags=SA_RESTART|SA_SIGINFO
SIGPIPE: [libjvm.so+0xb8fcf0], sa_mask[0]=11111111011111111101111111111110, sa_flags=SA_RESTART|SA_SIGINFO
SIGXFSZ: [libjvm.so+0xb8fcf0], sa_mask[0]=11111111011111111101111111111110, sa_flags=SA_RESTART|SA_SIGINFO
SIGILL: [libjvm.so+0xd9bff0], sa_mask[0]=11111111011111111101111111111110, sa_flags=SA_RESTART|SA_SIGINFO
SIGUSR2: [libjvm.so+0xb8fb90], sa_mask[0]=00000000000000000000000000000000, sa_flags=SA_RESTART|SA_SIGINFO
SIGHUP: [libjvm.so+0xb8fef0], sa_mask[0]=11111111011111111101111111111110, sa_flags=SA_RESTART|SA_SIGINFO
SIGINT: [libjvm.so+0xb8fef0], sa_mask[0]=11111111011111111101111111111110, sa_flags=SA_RESTART|SA_SIGINFO
SIGTERM: [libjvm.so+0xb8fef0], sa_mask[0]=11111111011111111101111111111110, sa_flags=SA_RESTART|SA_SIGINFO
SIGQUIT: [libjvm.so+0xb8fef0], sa_mask[0]=11111111011111111101111111111110, sa_flags=SA_RESTART|SA_SIGINFO


---------------  S Y S T E M  ---------------

OS:PRETTY_NAME="Debian GNU/Linux 9 (stretch)"
NAME="Debian GNU/Linux"
VERSION_ID="9"
VERSION="9 (stretch)"
VERSION_CODENAME=stretch
ID=debian
HOME_URL="https://www.debian.org/"
SUPPORT_URL="https://www.debian.org/support"
BUG_REPORT_URL="https://bugs.debian.org/"
uname:Linux 4.19.112+ #1 SMP Wed May 6 00:27:44 PDT 2020 x86_64
libc:glibc 2.24 NPTL 2.24 
rlimit: STACK 8192k, CORE infinity, NPROC infinity, NOFILE 1048576, AS infinity, DATA infinity, FSIZE infinity
load average:2.78 1.07 0.68

/proc/meminfo:
MemTotal:        2043884 kB
MemFree:          183552 kB
MemAvailable:     879668 kB
Buffers:           74104 kB
Cached:           644140 kB
SwapCached:          740 kB
Active:           828208 kB
Inactive:         717532 kB
Active(anon):     401552 kB
Inactive(anon):   406328 kB
Active(file):     426656 kB
Inactive(file):   311204 kB
Unevictable:           0 kB
Mlocked:               0 kB
SwapTotal:        786428 kB
SwapFree:         702460 kB
Dirty:              1844 kB
Writeback:             0 kB
AnonPages:        826660 kB
Mapped:           379708 kB
Shmem:               820 kB
Slab:             196956 kB
SReclaimable:     145892 kB
SUnreclaim:        51064 kB
KernelStack:        7984 kB
PageTables:        13140 kB
NFS_Unstable:          0 kB
Bounce:                0 kB
WritebackTmp:          0 kB
CommitLimit:     1808368 kB
Committed_AS:    5038916 kB
VmallocTotal:   34359738367 kB
VmallocUsed:           0 kB
VmallocChunk:          0 kB
Percpu:              968 kB
AnonHugePages:      2048 kB
ShmemHugePages:        0 kB
ShmemPmdMapped:        0 kB
HugePages_Total:       0
HugePages_Free:        0
HugePages_Rsvd:        0
HugePages_Surp:        0
Hugepagesize:       2048 kB
Hugetlb:               0 kB
DirectMap4k:       85180 kB
DirectMap2M:     2011136 kB
DirectMap1G:           0 kB


/proc/sys/kernel/threads-max (system-wide limit on the number of threads):
15631


/proc/sys/vm/max_map_count (maximum number of memory map areas a process may have):
65530


/proc/sys/kernel/pid_max (system-wide limit on number of process identifiers):
4194304



container (cgroup) information:
container_type: cgroupv1
cpu_cpuset_cpus: 0-1
cpu_memory_nodes: 0
active_processor_count: 1
cpu_quota: -1
cpu_period: 100000
cpu_shares: 2
memory_limit_in_bytes: -1
memory_and_swap_limit_in_bytes: -1
memory_soft_limit_in_bytes: -1
memory_usage_in_bytes: 546709504
memory_max_usage_in_bytes: 684109824

KVM virtualization detected
Steal ticks since vm start: 0
Steal ticks percentage since vm start:  0.000

CPU:total 2 (initial active 1) (1 cores per cpu, 2 threads per core) family 6 model 63 stepping 0, cmov, cx8, fxsr, mmx, sse, sse2, sse3, ssse3, sse4.1, sse4.2, popcnt, avx, avx2, aes, clmul, erms, lzcnt, ht, tsc, tscinvbit, bmi1, bmi2, fma
CPU Model and flags from /proc/cpuinfo:
model name	: Intel(R) Xeon(R) CPU @ 2.30GHz
flags		: fpu vme de pse tsc msr pae mce cx8 apic sep mtrr pge mca cmov pat pse36 clflush mmx fxsr sse sse2 ss ht syscall nx pdpe1gb rdtscp lm constant_tsc rep_good nopl xtopology nonstop_tsc cpuid tsc_known_freq pni pclmulqdq ssse3 fma cx16 pcid sse4_1 sse4_2 x2apic movbe popcnt aes xsave avx f16c rdrand hypervisor lahf_lm abm invpcid_single pti ssbd ibrs ibpb stibp fsgsbase tsc_adjust bmi1 avx2 smep bmi2 erms invpcid xsaveopt arat md_clear arch_capabilities

Memory: 4k page, physical 2043884k(183552k free), swap 786428k(702460k free)

vm_info: OpenJDK 64-Bit Server VM (11.0.6+10-post-Debian-1bpo91) for linux-amd64 JRE (11.0.6+10-post-Debian-1bpo91), built on Feb  1 2020 09:07:43 by "unknown" with gcc 6.3.0 20170516

END.
