#
# A fatal error has been detected by the Java Runtime Environment:
#
#  SIGSEGV (0xb) at pc=0x00007f6ea2c04bc0, pid=3331, tid=3331
#
# JRE version: OpenJDK Runtime Environment (11.0.6+10) (build 11.0.6+10-post-Debian-1bpo91)
# Java VM: OpenJDK 64-Bit Server VM (11.0.6+10-post-Debian-1bpo91, mixed mode, sharing, tiered, compressed oops, serial gc, linux-amd64)
# Problematic frame:
# V  [libjvm.so+0xb8fbc0]
#
# Core dump will be written. Default location: Core dumps may be processed with "/sbin/crash_reporter --user=%P:%s:%u:%g:%e" (or dumping to /home/tanzachary/step/portfolio/core.3331)
#
# If you would like to submit a bug report, please visit:
#   https://bugs.debian.org/openjdk-11
#

---------------  S U M M A R Y ------------

Command Line: -Dclassworlds.conf=/opt/maven/bin/m2.conf -Dmaven.home=/opt/maven -Dlibrary.jansi.path=/opt/maven/lib/jansi-native -Dmaven.multiModuleProjectDirectory=/home/tanzachary/step/portfolio org.codehaus.plexus.classworlds.launcher.Launcher package appengine:run

Host: Intel(R) Xeon(R) CPU @ 2.30GHz, 2 cores, 1G, Debian GNU/Linux 9 (stretch)
Time: Thu May 28 17:39:17 2020 EDT elapsed time: 697 seconds (0d 0h 11m 37s)

---------------  T H R E A D  ---------------

Current thread is native thread

Stack: [0x00007fff29a2a000,0x00007fff2a229000],  sp=0x00007fff2a223ac0,  free space=8166k
Native frames: (J=compiled Java code, A=aot compiled Java code, j=interpreted, Vv=VM code, C=native code)
V  [libjvm.so+0xb8fbc0]
C  [libpthread.so.0+0x110e0]


siginfo: si_signo: 11 (SIGSEGV), si_code: 1 (SEGV_MAPERR), si_addr: 0x00000000000000d0

Register to memory mapping:

RAX=0x0 is NULL
RBX=
[error occurred during error reporting (printing register info), id 0xb, SIGSEGV (0xb) at pc=0x00007f6ea2dab9e7]

Registers:
RAX=0x0000000000000000, RBX=0x00007f6ea4247e18, RCX=0x00007f6ea3c046dd, RDX=0x0000000000000000
RSP=0x00007fff2a223ac0, RBP=0x00007fff2a223b70, RSI=0x00007fff2a223cb0, RDI=0x0000000000000001
R8 =0x00000000000000ca, R9 =0x00007f6ea42469d0, R10=0x0000000000000000, R11=0x0000000000000246
R12=0x0000000000000000, R13=0x00007fff2a223cb0, R14=0x00007fff2a223b80, R15=0x00007f6ea4246d28
RIP=0x00007f6ea2c04bc0, EFLAGS=0x0000000000010246, CSGSFS=0x002b000000000033, ERR=0x0000000000000004
  TRAPNO=0x000000000000000e

Top of Stack: (sp=0x00007fff2a223ac0)
0x00007fff2a223ac0:   0000000001e5cb59 00007f6ea345a038
0x00007fff2a223ad0:   00007fff2a223bf0 00007f6ea344cd90
0x00007fff2a223ae0:   00007fff2a223b14 00007fff2a223be0
0x00007fff2a223af0:   000055c79802bc70 000000000000000b 

Instructions: (pc=0x00007f6ea2c04bc0)
0x00007f6ea2c04ac0:   c0 74 03 c6 00 00 4c 89 f7 4c 89 fa 48 89 de e8
0x00007f6ea2c04ad0:   dc db 6d ff 4c 89 e7 e8 24 df 6d ff 48 81 c4 08
0x00007f6ea2c04ae0:   01 00 00 5b 41 5c 41 5d 41 5e 41 5f 5d c3 4c 89
0x00007f6ea2c04af0:   e2 be 00 01 00 00 48 89 df e8 92 e1 6d ff 48 85
0x00007f6ea2c04b00:   c0 74 ae 48 8d 35 b1 46 2f 00 48 89 df e8 5e df
0x00007f6ea2c04b10:   6d ff 48 85 c0 74 41 66 0f 1f 84 00 00 00 00 00
0x00007f6ea2c04b20:   be 22 00 00 00 48 89 df e8 d3 df 6d ff 48 85 c0
0x00007f6ea2c04b30:   74 46 48 8d 58 01 be 22 00 00 00 48 89 df e8 bd
0x00007f6ea2c04b40:   df 6d ff 48 85 c0 0f 85 77 ff ff ff e9 75 ff ff
0x00007f6ea2c04b50:   ff 0f 1f 80 00 00 00 00 48 8d 35 71 46 2f 00 48
0x00007f6ea2c04b60:   89 df e8 09 df 6d ff 48 85 c0 0f 84 41 ff ff ff
0x00007f6ea2c04b70:   eb ae 66 0f 1f 44 00 00 48 89 df be 3d 00 00 00
0x00007f6ea2c04b80:   e8 7b df 6d ff 48 8d 58 01 e9 23 ff ff ff 66 90
0x00007f6ea2c04b90:   55 48 89 e5 41 57 41 56 41 55 41 54 49 89 d6 53
0x00007f6ea2c04ba0:   49 89 f5 48 81 ec 88 00 00 00 e8 81 e6 6d ff 48
0x00007f6ea2c04bb0:   89 c3 44 8b 20 e8 26 58 1a 00 31 d2 84 c0 75 38
0x00007f6ea2c04bc0:   48 83 ba d0 00 00 00 00 74 16 4c 8b ba 68 02 00
0x00007f6ea2c04bd0:   00 41 8b 87 a8 00 00 00 83 f8 01 74 2b 44 89 23
0x00007f6ea2c04be0:   48 81 c4 88 00 00 00 5b 41 5c 41 5d 41 5e 41 5f
0x00007f6ea2c04bf0:   5d c3 66 0f 1f 44 00 00 e8 f3 57 1a 00 48 89 c2
0x00007f6ea2c04c00:   eb be 66 0f 1f 44 00 00 4d 89 af b0 00 00 00 4d
0x00007f6ea2c04c10:   8d af a8 00 00 00 4d 89 b7 b8 00 00 00 ba 02 00
0x00007f6ea2c04c20:   00 00 be 01 00 00 00 4c 89 ef e8 01 cb ff ff 83
0x00007f6ea2c04c30:   f8 02 74 3c 85 c0 75 18 49 c7 87 b8 00 00 00 00
0x00007f6ea2c04c40:   00 00 00 49 c7 87 b0 00 00 00 00 00 00 00 eb 8d
0x00007f6ea2c04c50:   48 8d 05 51 96 7b 00 48 8d 3d 7a 4e 2f 00 be 64
0x00007f6ea2c04c60:   11 00 00 48 8b 00 c6 00 58 e8 22 16 ab ff eb c8
0x00007f6ea2c04c70:   4c 8d b5 50 ff ff ff 4c 89 f7 e8 11 e2 6d ff 4c
0x00007f6ea2c04c80:   89 f2 31 f6 31 ff e8 15 e3 6d ff 8b 35 ff 37 7d
0x00007f6ea2c04c90:   00 4c 89 f7 e8 c7 de 6d ff 48 8d 3d 60 73 81 00
0x00007f6ea2c04ca0:   be 01 00 00 00 e8 a6 bc 0c 00 66 0f 1f 44 00 00
0x00007f6ea2c04cb0:   4c 89 f7 e8 d8 e5 6d ff 31 d2 be 03 00 00 00 4c 


Stack slot to memory mapping:
stack at sp + 0 slots: 
[error occurred during error reporting (inspecting top of stack), id 0xb, SIGSEGV (0xb) at pc=0x00007f6ea2dab9e7]


---------------  P R O C E S S  ---------------

VM state:not at safepoint (normal execution)

VM Mutex/Monitor currently owned by a thread: None

Heap address: 0x00000000e0c00000, size: 500 MB, Compressed Oops mode: 32-bit
Narrow klass base: 0x0000000800000000, Narrow klass shift: 3
Compressed class space size: 1073741824 Address: 0x0000000840000000

Heap:
 def new generation   total 10240K, used 2052K [0x00000000e0c00000, 0x00000000e1710000, 0x00000000eb2a0000)
  eden space 9152K,  22% used [0x00000000e0c00000, 0x00000000e0e01180, 0x00000000e14f0000)
  from space 1088K,   0% used [0x00000000e14f0000, 0x00000000e14f0000, 0x00000000e1600000)
  to   space 1088K,   0% used [0x00000000e1600000, 0x00000000e1600000, 0x00000000e1710000)
 tenured generation   total 22608K, used 13564K [0x00000000eb2a0000, 0x00000000ec8b4000, 0x0000000100000000)
   the space 22608K,  59% used [0x00000000eb2a0000, 0x00000000ebfdf0a8, 0x00000000ebfdf200, 0x00000000ec8b4000)
 Metaspace       used 20979K, capacity 21677K, committed 21808K, reserved 1069056K
  class space    used 2415K, capacity 2664K, committed 2688K, reserved 1048576K

Card table byte_map: [0x00007f6ea0279000,0x00007f6ea0374000] _byte_map_base: 0x00007f6e9fb73000

Polling page: 0x00007f6ea4254000

Metaspace:

Usage:
  Non-class:     18.57 MB capacity,    18.13 MB ( 98%) used,   412.38 KB (  2%) free+waste,    37.06 KB ( <1%) overhead. 
      Class:      2.60 MB capacity,     2.36 MB ( 91%) used,   230.05 KB (  9%) free+waste,    18.00 KB ( <1%) overhead. 
       Both:     21.17 MB capacity,    20.49 MB ( 97%) used,   642.43 KB (  3%) free+waste,    55.06 KB ( <1%) overhead. 

Virtual space:
  Non-class space:       20.00 MB reserved,      18.67 MB ( 93%) committed 
      Class space:        1.00 GB reserved,       2.62 MB ( <1%) committed 
             Both:        1.02 GB reserved,      21.30 MB (  2%) committed 

Chunk freelists:
   Non-Class:  83.00 KB
       Class:  0 bytes
        Both:  83.00 KB

MaxMetaspaceSize: unlimited
CompressedClassSpaceSize: 1.00 GB

CodeHeap 'non-profiled nmethods': size=120036Kb used=1562Kb max_used=1562Kb free=118473Kb
 bounds [0x00007f6e8c3d7000, 0x00007f6e8c647000, 0x00007f6e93910000]
CodeHeap 'profiled nmethods': size=120032Kb used=7979Kb max_used=7979Kb free=112052Kb
 bounds [0x00007f6e84e9f000, 0x00007f6e8566f000, 0x00007f6e8c3d7000]
CodeHeap 'non-nmethods': size=5692Kb used=1147Kb max_used=1173Kb free=4544Kb
 bounds [0x00007f6e84910000, 0x00007f6e84b80000, 0x00007f6e84e9f000]
 total_blobs=5253 nmethods=4057 adapters=398
 compilation: enabled
              stopped_count=0, restarted_count=0
 full_count=0

Compilation events (20 events):
Event: 8.729 Thread 0x00007f6e9c05b800 4078       3       java.util.regex.Pattern$$Lambda$2/0x0000000840065c40::is (9 bytes)
Event: 8.729 Thread 0x00007f6e9c05b800 nmethod 4078 0x00007f6e85665d10 code [0x00007f6e85665ee0, 0x00007f6e85666190]
Event: 8.730 Thread 0x00007f6e9c059800 4079       4       java.io.OutputStream::flush (1 bytes)
Event: 8.730 Thread 0x00007f6e9c059800 nmethod 4079 0x00007f6e8c55d810 code [0x00007f6e8c55d9a0, 0x00007f6e8c55da18]
Event: 8.744 Thread 0x00007f6e9c05b800 4081       3       java.lang.StringBuilder::append (8 bytes)
Event: 8.744 Thread 0x00007f6e9c05b800 nmethod 4081 0x00007f6e85666290 code [0x00007f6e85666440, 0x00007f6e85666608]
Event: 8.744 Thread 0x00007f6e9c05b800 4082   !   3       java.io.BufferedWriter::write (117 bytes)
Event: 8.745 Thread 0x00007f6e9c05b800 nmethod 4082 0x00007f6e85666690 code [0x00007f6e856668a0, 0x00007f6e85667008]
Event: 8.745 Thread 0x00007f6e9c05b800 4080       3       java.util.regex.Matcher::end (22 bytes)
Event: 8.745 Thread 0x00007f6e9c05b800 nmethod 4080 0x00007f6e85667390 code [0x00007f6e85667560, 0x00007f6e85667808]
Event: 8.747 Thread 0x00007f6e9c05b800 4083       3       java.io.OutputStreamWriter::write (11 bytes)
Event: 8.747 Thread 0x00007f6e9c05b800 nmethod 4083 0x00007f6e85667910 code [0x00007f6e85667ae0, 0x00007f6e85667ca8]
Event: 8.747 Thread 0x00007f6e9c05b800 4084   !   3       java.io.PrintStream::write (69 bytes)
Event: 8.747 Thread 0x00007f6e9c05b800 nmethod 4084 0x00007f6e85667d90 code [0x00007f6e85667fc0, 0x00007f6e856687f8]
Event: 8.747 Thread 0x00007f6e9c05b800 4085       3       java.io.PrintStream::print (9 bytes)
Event: 8.748 Thread 0x00007f6e9c05b800 nmethod 4085 0x00007f6e85668b10 code [0x00007f6e85668ce0, 0x00007f6e85668eb8]
Event: 8.766 Thread 0x00007f6e9c05b800 4087       3       java.lang.String::getBytes (44 bytes)
Event: 8.766 Thread 0x00007f6e9c05b800 nmethod 4087 0x00007f6e85668f90 code [0x00007f6e85669180, 0x00007f6e85669518]
Event: 8.766 Thread 0x00007f6e9c05b800 4086       3       java.lang.AbstractStringBuilder::append (45 bytes)
Event: 8.767 Thread 0x00007f6e9c05b800 nmethod 4086 0x00007f6e85669690 code [0x00007f6e856698c0, 0x00007f6e85669e58]

GC Heap History (20 events):
Event: 3.493 GC heap before
{Heap before GC invocations=12 (full 0):
 def new generation   total 9792K, used 9682K [0x00000000e0c00000, 0x00000000e16a0000, 0x00000000eb2a0000)
  eden space 8704K, 100% used [0x00000000e0c00000, 0x00000000e1480000, 0x00000000e1480000)
  from space 1088K,  89% used [0x00000000e1480000, 0x00000000e1574a28, 0x00000000e1590000)
  to   space 1088K,   0% used [0x00000000e1590000, 0x00000000e1590000, 0x00000000e16a0000)
 tenured generation   total 21888K, used 7340K [0x00000000eb2a0000, 0x00000000ec800000, 0x0000000100000000)
   the space 21888K,  33% used [0x00000000eb2a0000, 0x00000000eb9cb028, 0x00000000eb9cb200, 0x00000000ec800000)
 Metaspace       used 14095K, capacity 15694K, committed 16000K, reserved 1062912K
  class space    used 1610K, capacity 1831K, committed 1920K, reserved 1048576K
}
Event: 3.498 GC heap after
{Heap after GC invocations=13 (full 0):
 def new generation   total 9792K, used 843K [0x00000000e0c00000, 0x00000000e16a0000, 0x00000000eb2a0000)
  eden space 8704K,   0% used [0x00000000e0c00000, 0x00000000e0c00000, 0x00000000e1480000)
  from space 1088K,  77% used [0x00000000e1590000, 0x00000000e1662c38, 0x00000000e16a0000)
  to   space 1088K,   0% used [0x00000000e1480000, 0x00000000e1480000, 0x00000000e1590000)
 tenured generation   total 21888K, used 7800K [0x00000000eb2a0000, 0x00000000ec800000, 0x0000000100000000)
   the space 21888K,  35% used [0x00000000eb2a0000, 0x00000000eba3e2b0, 0x00000000eba3e400, 0x00000000ec800000)
 Metaspace       used 14095K, capacity 15694K, committed 16000K, reserved 1062912K
  class space    used 1610K, capacity 1831K, committed 1920K, reserved 1048576K
}
Event: 3.749 GC heap before
{Heap before GC invocations=13 (full 0):
 def new generation   total 9792K, used 9547K [0x00000000e0c00000, 0x00000000e16a0000, 0x00000000eb2a0000)
  eden space 8704K, 100% used [0x00000000e0c00000, 0x00000000e1480000, 0x00000000e1480000)
  from space 1088K,  77% used [0x00000000e1590000, 0x00000000e1662c38, 0x00000000e16a0000)
  to   space 1088K,   0% used [0x00000000e1480000, 0x00000000e1480000, 0x00000000e1590000)
 tenured generation   total 21888K, used 7800K [0x00000000eb2a0000, 0x00000000ec800000, 0x0000000100000000)
   the space 21888K,  35% used [0x00000000eb2a0000, 0x00000000eba3e2b0, 0x00000000eba3e400, 0x00000000ec800000)
 Metaspace       used 14512K, capacity 16050K, committed 16256K, reserved 1062912K
  class space    used 1639K, capacity 1867K, committed 1920K, reserved 1048576K
}
Event: 3.752 GC heap after
{Heap after GC invocations=14 (full 0):
 def new generation   total 9792K, used 987K [0x00000000e0c00000, 0x00000000e16a0000, 0x00000000eb2a0000)
  eden space 8704K,   0% used [0x00000000e0c00000, 0x00000000e0c00000, 0x00000000e1480000)
  from space 1088K,  90% used [0x00000000e1480000, 0x00000000e1576f50, 0x00000000e1590000)
  to   space 1088K,   0% used [0x00000000e1590000, 0x00000000e1590000, 0x00000000e16a0000)
 tenured generation   total 21888K, used 8175K [0x00000000eb2a0000, 0x00000000ec800000, 0x0000000100000000)
   the space 21888K,  37% used [0x00000000eb2a0000, 0x00000000eba9bf90, 0x00000000eba9c000, 0x00000000ec800000)
 Metaspace       used 14512K, capacity 16050K, committed 16256K, reserved 1062912K
  class space    used 1639K, capacity 1867K, committed 1920K, reserved 1048576K
}
Event: 3.914 GC heap before
{Heap before GC invocations=14 (full 0):
 def new generation   total 9792K, used 9691K [0x00000000e0c00000, 0x00000000e16a0000, 0x00000000eb2a0000)
  eden space 8704K, 100% used [0x00000000e0c00000, 0x00000000e1480000, 0x00000000e1480000)
  from space 1088K,  90% used [0x00000000e1480000, 0x00000000e1576f50, 0x00000000e1590000)
  to   space 1088K,   0% used [0x00000000e1590000, 0x00000000e1590000, 0x00000000e16a0000)
 tenured generation   total 21888K, used 8175K [0x00000000eb2a0000, 0x00000000ec800000, 0x0000000100000000)
   the space 21888K,  37% used [0x00000000eb2a0000, 0x00000000eba9bf90, 0x00000000eba9c000, 0x00000000ec800000)
 Metaspace       used 14892K, capacity 16455K, committed 16896K, reserved 1064960K
  class space    used 1667K, capacity 1934K, committed 2048K, reserved 1048576K
}
Event: 3.924 GC heap after
{Heap after GC invocations=15 (full 0):
 def new generation   total 9792K, used 525K [0x00000000e0c00000, 0x00000000e16a0000, 0x00000000eb2a0000)
  eden space 8704K,   0% used [0x00000000e0c00000, 0x00000000e0c00000, 0x00000000e1480000)
  from space 1088K,  48% used [0x00000000e1590000, 0x00000000e1613650, 0x00000000e16a0000)
  to   space 1088K,   0% used [0x00000000e1480000, 0x00000000e1480000, 0x00000000e1590000)
 tenured generation   total 21888K, used 9121K [0x00000000eb2a0000, 0x00000000ec800000, 0x0000000100000000)
   the space 21888K,  41% used [0x00000000eb2a0000, 0x00000000ebb88430, 0x00000000ebb88600, 0x00000000ec800000)
 Metaspace       used 14892K, capacity 16455K, committed 16896K, reserved 1064960K
  class space    used 1667K, capacity 1934K, committed 2048K, reserved 1048576K
}
Event: 4.097 GC heap before
{Heap before GC invocations=15 (full 0):
 def new generation   total 9792K, used 9229K [0x00000000e0c00000, 0x00000000e16a0000, 0x00000000eb2a0000)
  eden space 8704K, 100% used [0x00000000e0c00000, 0x00000000e1480000, 0x00000000e1480000)
  from space 1088K,  48% used [0x00000000e1590000, 0x00000000e1613650, 0x00000000e16a0000)
  to   space 1088K,   0% used [0x00000000e1480000, 0x00000000e1480000, 0x00000000e1590000)
 tenured generation   total 21888K, used 9121K [0x00000000eb2a0000, 0x00000000ec800000, 0x0000000100000000)
   the space 21888K,  41% used [0x00000000eb2a0000, 0x00000000ebb88430, 0x00000000ebb88600, 0x00000000ec800000)
 Metaspace       used 15538K, capacity 17139K, committed 17536K, reserved 1064960K
  class space    used 1786K, capacity 2078K, committed 2176K, reserved 1048576K
}
Event: 4.100 GC heap after
{Heap after GC invocations=16 (full 0):
 def new generation   total 9792K, used 954K [0x00000000e0c00000, 0x00000000e16a0000, 0x00000000eb2a0000)
  eden space 8704K,   0% used [0x00000000e0c00000, 0x00000000e0c00000, 0x00000000e1480000)
  from space 1088K,  87% used [0x00000000e1480000, 0x00000000e156e898, 0x00000000e1590000)
  to   space 1088K,   0% used [0x00000000e1590000, 0x00000000e1590000, 0x00000000e16a0000)
 tenured generation   total 21888K, used 9121K [0x00000000eb2a0000, 0x00000000ec800000, 0x0000000100000000)
   the space 21888K,  41% used [0x00000000eb2a0000, 0x00000000ebb88430, 0x00000000ebb88600, 0x00000000ec800000)
 Metaspace       used 15538K, capacity 17139K, committed 17536K, reserved 1064960K
  class space    used 1786K, capacity 2078K, committed 2176K, reserved 1048576K
}
Event: 4.472 GC heap before
{Heap before GC invocations=16 (full 0):
 def new generation   total 9792K, used 9658K [0x00000000e0c00000, 0x00000000e16a0000, 0x00000000eb2a0000)
  eden space 8704K, 100% used [0x00000000e0c00000, 0x00000000e1480000, 0x00000000e1480000)
  from space 1088K,  87% used [0x00000000e1480000, 0x00000000e156e898, 0x00000000e1590000)
  to   space 1088K,   0% used [0x00000000e1590000, 0x00000000e1590000, 0x00000000e16a0000)
 tenured generation   total 21888K, used 9121K [0x00000000eb2a0000, 0x00000000ec800000, 0x0000000100000000)
   the space 21888K,  41% used [0x00000000eb2a0000, 0x00000000ebb88430, 0x00000000ebb88600, 0x00000000ec800000)
 Metaspace       used 17369K, capacity 18322K, committed 18432K, reserved 1064960K
  class space    used 2004K, capacity 2261K, committed 2304K, reserved 1048576K
}
Event: 4.478 GC heap after
{Heap after GC invocations=17 (full 0):
 def new generation   total 9792K, used 1088K [0x00000000e0c00000, 0x00000000e16a0000, 0x00000000eb2a0000)
  eden space 8704K,   0% used [0x00000000e0c00000, 0x00000000e0c00000, 0x00000000e1480000)
  from space 1088K, 100% used [0x00000000e1590000, 0x00000000e16a0000, 0x00000000e16a0000)
  to   space 1088K,   0% used [0x00000000e1480000, 0x00000000e1480000, 0x00000000e1590000)
 tenured generation   total 21888K, used 9607K [0x00000000eb2a0000, 0x00000000ec800000, 0x0000000100000000)
   the space 21888K,  43% used [0x00000000eb2a0000, 0x00000000ebc01fd8, 0x00000000ebc02000, 0x00000000ec800000)
 Metaspace       used 17369K, capacity 18322K, committed 18432K, reserved 1064960K
  class space    used 2004K, capacity 2261K, committed 2304K, reserved 1048576K
}
Event: 4.927 GC heap before
{Heap before GC invocations=17 (full 0):
 def new generation   total 9792K, used 9792K [0x00000000e0c00000, 0x00000000e16a0000, 0x00000000eb2a0000)
  eden space 8704K, 100% used [0x00000000e0c00000, 0x00000000e1480000, 0x00000000e1480000)
  from space 1088K, 100% used [0x00000000e1590000, 0x00000000e16a0000, 0x00000000e16a0000)
  to   space 1088K,   0% used [0x00000000e1480000, 0x00000000e1480000, 0x00000000e1590000)
 tenured generation   total 21888K, used 9607K [0x00000000eb2a0000, 0x00000000ec800000, 0x0000000100000000)
   the space 21888K,  43% used [0x00000000eb2a0000, 0x00000000ebc01fd8, 0x00000000ebc02000, 0x00000000ec800000)
 Metaspace       used 17750K, capacity 18611K, committed 18944K, reserved 1067008K
  class space    used 2029K, capacity 2271K, committed 2304K, reserved 1048576K
}
Event: 4.934 GC heap after
{Heap after GC invocations=18 (full 0):
 def new generation   total 9792K, used 847K [0x00000000e0c00000, 0x00000000e16a0000, 0x00000000eb2a0000)
  eden space 8704K,   0% used [0x00000000e0c00000, 0x00000000e0c00000, 0x00000000e1480000)
  from space 1088K,  77% used [0x00000000e1480000, 0x00000000e1553db0, 0x00000000e1590000)
  to   space 1088K,   0% used [0x00000000e1590000, 0x00000000e1590000, 0x00000000e16a0000)
 tenured generation   total 21888K, used 10666K [0x00000000eb2a0000, 0x00000000ec800000, 0x0000000100000000)
   the space 21888K,  48% used [0x00000000eb2a0000, 0x00000000ebd0a828, 0x00000000ebd0aa00, 0x00000000ec800000)
 Metaspace       used 17750K, capacity 18611K, committed 18944K, reserved 1067008K
  class space    used 2029K, capacity 2271K, committed 2304K, reserved 1048576K
}
Event: 5.030 GC heap before
{Heap before GC invocations=18 (full 0):
 def new generation   total 9792K, used 9551K [0x00000000e0c00000, 0x00000000e16a0000, 0x00000000eb2a0000)
  eden space 8704K, 100% used [0x00000000e0c00000, 0x00000000e1480000, 0x00000000e1480000)
  from space 1088K,  77% used [0x00000000e1480000, 0x00000000e1553db0, 0x00000000e1590000)
  to   space 1088K,   0% used [0x00000000e1590000, 0x00000000e1590000, 0x00000000e16a0000)
 tenured generation   total 21888K, used 10666K [0x00000000eb2a0000, 0x00000000ec800000, 0x0000000100000000)
   the space 21888K,  48% used [0x00000000eb2a0000, 0x00000000ebd0a828, 0x00000000ebd0aa00, 0x00000000ec800000)
 Metaspace       used 17799K, capacity 18617K, committed 18944K, reserved 1067008K
  class space    used 2030K, capacity 2273K, committed 2304K, reserved 1048576K
}
Event: 5.034 GC heap after
{Heap after GC invocations=19 (full 0):
 def new generation   total 9792K, used 584K [0x00000000e0c00000, 0x00000000e16a0000, 0x00000000eb2a0000)
  eden space 8704K,   0% used [0x00000000e0c00000, 0x00000000e0c00000, 0x00000000e1480000)
  from space 1088K,  53% used [0x00000000e1590000, 0x00000000e16220a0, 0x00000000e16a0000)
  to   space 1088K,   0% used [0x00000000e1480000, 0x00000000e1480000, 0x00000000e1590000)
 tenured generation   total 21888K, used 11478K [0x00000000eb2a0000, 0x00000000ec800000, 0x0000000100000000)
   the space 21888K,  52% used [0x00000000eb2a0000, 0x00000000ebdd58c8, 0x00000000ebdd5a00, 0x00000000ec800000)
 Metaspace       used 17799K, capacity 18617K, committed 18944K, reserved 1067008K
  class space    used 2030K, capacity 2273K, committed 2304K, reserved 1048576K
}
Event: 5.219 GC heap before
{Heap before GC invocations=19 (full 0):
 def new generation   total 9792K, used 9288K [0x00000000e0c00000, 0x00000000e16a0000, 0x00000000eb2a0000)
  eden space 8704K, 100% used [0x00000000e0c00000, 0x00000000e1480000, 0x00000000e1480000)
  from space 1088K,  53% used [0x00000000e1590000, 0x00000000e16220a0, 0x00000000e16a0000)
  to   space 1088K,   0% used [0x00000000e1480000, 0x00000000e1480000, 0x00000000e1590000)
 tenured generation   total 21888K, used 11478K [0x00000000eb2a0000, 0x00000000ec800000, 0x0000000100000000)
   the space 21888K,  52% used [0x00000000eb2a0000, 0x00000000ebdd58c8, 0x00000000ebdd5a00, 0x00000000ec800000)
 Metaspace       used 17982K, capacity 18865K, committed 19328K, reserved 1067008K
  class space    used 2046K, capacity 2313K, committed 2432K, reserved 1048576K
}
Event: 5.222 GC heap after
{Heap after GC invocations=20 (full 0):
 def new generation   total 9792K, used 481K [0x00000000e0c00000, 0x00000000e16a0000, 0x00000000eb2a0000)
  eden space 8704K,   0% used [0x00000000e0c00000, 0x00000000e0c00000, 0x00000000e1480000)
  from space 1088K,  44% used [0x00000000e1480000, 0x00000000e14f8510, 0x00000000e1590000)
  to   space 1088K,   0% used [0x00000000e1590000, 0x00000000e1590000, 0x00000000e16a0000)
 tenured generation   total 21888K, used 11915K [0x00000000eb2a0000, 0x00000000ec800000, 0x0000000100000000)
   the space 21888K,  54% used [0x00000000eb2a0000, 0x00000000ebe42eb0, 0x00000000ebe43000, 0x00000000ec800000)
 Metaspace       used 17982K, capacity 18865K, committed 19328K, reserved 1067008K
  class space    used 2046K, capacity 2313K, committed 2432K, reserved 1048576K
}
Event: 5.942 GC heap before
{Heap before GC invocations=20 (full 0):
 def new generation   total 9792K, used 9185K [0x00000000e0c00000, 0x00000000e16a0000, 0x00000000eb2a0000)
  eden space 8704K, 100% used [0x00000000e0c00000, 0x00000000e1480000, 0x00000000e1480000)
  from space 1088K,  44% used [0x00000000e1480000, 0x00000000e14f8510, 0x00000000e1590000)
  to   space 1088K,   0% used [0x00000000e1590000, 0x00000000e1590000, 0x00000000e16a0000)
 tenured generation   total 21888K, used 11915K [0x00000000eb2a0000, 0x00000000ec800000, 0x0000000100000000)
   the space 21888K,  54% used [0x00000000eb2a0000, 0x00000000ebe42eb0, 0x00000000ebe43000, 0x00000000ec800000)
 Metaspace       used 19078K, capacity 19777K, committed 20096K, reserved 1067008K
  class space    used 2198K, capacity 2429K, committed 2432K, reserved 1048576K
}
Event: 5.947 GC heap after
{Heap after GC invocations=21 (full 0):
 def new generation   total 9792K, used 1087K [0x00000000e0c00000, 0x00000000e16a0000, 0x00000000eb2a0000)
  eden space 8704K,   0% used [0x00000000e0c00000, 0x00000000e0c00000, 0x00000000e1480000)
  from space 1088K,  99% used [0x00000000e1590000, 0x00000000e169fff8, 0x00000000e16a0000)
  to   space 1088K,   0% used [0x00000000e1480000, 0x00000000e1480000, 0x00000000e1590000)
 tenured generation   total 21888K, used 12247K [0x00000000eb2a0000, 0x00000000ec800000, 0x0000000100000000)
   the space 21888K,  55% used [0x00000000eb2a0000, 0x00000000ebe95f20, 0x00000000ebe96000, 0x00000000ec800000)
 Metaspace       used 19078K, capacity 19777K, committed 20096K, reserved 1067008K
  class space    used 2198K, capacity 2429K, committed 2432K, reserved 1048576K
}
Event: 6.632 GC heap before
{Heap before GC invocations=21 (full 0):
 def new generation   total 9792K, used 3238K [0x00000000e0c00000, 0x00000000e16a0000, 0x00000000eb2a0000)
  eden space 8704K,  24% used [0x00000000e0c00000, 0x00000000e0e19a90, 0x00000000e1480000)
  from space 1088K,  99% used [0x00000000e1590000, 0x00000000e169fff8, 0x00000000e16a0000)
  to   space 1088K,   0% used [0x00000000e1480000, 0x00000000e1480000, 0x00000000e1590000)
 tenured generation   total 21888K, used 12247K [0x00000000eb2a0000, 0x00000000ec800000, 0x0000000100000000)
   the space 21888K,  55% used [0x00000000eb2a0000, 0x00000000ebe95f20, 0x00000000ebe96000, 0x00000000ec800000)
 Metaspace       used 20366K, capacity 21016K, committed 21296K, reserved 1069056K
  class space    used 2334K, capacity 2570K, committed 2688K, reserved 1048576K
}
Event: 6.670 GC heap after
{Heap after GC invocations=22 (full 1):
 def new generation   total 10240K, used 0K [0x00000000e0c00000, 0x00000000e1710000, 0x00000000eb2a0000)
  eden space 9152K,   0% used [0x00000000e0c00000, 0x00000000e0c00000, 0x00000000e14f0000)
  from space 1088K,   0% used [0x00000000e14f0000, 0x00000000e14f0000, 0x00000000e1600000)
  to   space 1088K,   0% used [0x00000000e1600000, 0x00000000e1600000, 0x00000000e1710000)
 tenured generation   total 22608K, used 13564K [0x00000000eb2a0000, 0x00000000ec8b4000, 0x0000000100000000)
   the space 22608K,  59% used [0x00000000eb2a0000, 0x00000000ebfdf0a8, 0x00000000ebfdf200, 0x00000000ec8b4000)
 Metaspace       used 20366K, capacity 21016K, committed 21296K, reserved 1069056K
  class space    used 2334K, capacity 2570K, committed 2688K, reserved 1048576K
}

Deoptimization events (20 events):
Event: 7.224 Thread 0x00007f6e9cfe0000 Uncommon trap: trap_request=0xffffffc6 fr.pc=0x00007f6e8c50b600 relative=0x0000000000000220
Event: 7.224 Thread 0x00007f6e9cfe0000 Uncommon trap: reason=bimorphic_or_optimized_type_check action=maybe_recompile pc=0x00007f6e8c50b600 method=java.util.regex.Pattern$BmpCharProperty.match(Ljava/util/regex/Matcher;ILjava/lang/CharSequence;)Z @ 14 c2
Event: 7.224 Thread 0x00007f6e9cfe0000 DEOPT PACKING pc=0x00007f6e8c50b600 sp=0x00007f6e7e309510
Event: 7.224 Thread 0x00007f6e9cfe0000 DEOPT UNPACKING pc=0x00007f6e849383a5 sp=0x00007f6e7e3094d0 mode 2
Event: 7.232 Thread 0x00007f6e9cfe0000 Uncommon trap: trap_request=0xffffffc6 fr.pc=0x00007f6e8c50bd7c relative=0x000000000000013c
Event: 7.232 Thread 0x00007f6e9cfe0000 Uncommon trap: reason=bimorphic_or_optimized_type_check action=maybe_recompile pc=0x00007f6e8c50bd7c method=java.lang.Character.codePointBefore(Ljava/lang/CharSequence;I)I @ 5 c2
Event: 7.233 Thread 0x00007f6e9cfe0000 DEOPT PACKING pc=0x00007f6e8c50bd7c sp=0x00007f6e7e3095e0
Event: 7.233 Thread 0x00007f6e9cfe0000 DEOPT UNPACKING pc=0x00007f6e849383a5 sp=0x00007f6e7e309598 mode 2
Event: 7.233 Thread 0x00007f6e9cfe0000 Uncommon trap: trap_request=0xffffffc6 fr.pc=0x00007f6e8c50bd7c relative=0x000000000000013c
Event: 7.233 Thread 0x00007f6e9cfe0000 Uncommon trap: reason=bimorphic_or_optimized_type_check action=maybe_recompile pc=0x00007f6e8c50bd7c method=java.lang.Character.codePointBefore(Ljava/lang/CharSequence;I)I @ 5 c2
Event: 7.233 Thread 0x00007f6e9cfe0000 DEOPT PACKING pc=0x00007f6e8c50bd7c sp=0x00007f6e7e3095e0
Event: 7.233 Thread 0x00007f6e9cfe0000 DEOPT UNPACKING pc=0x00007f6e849383a5 sp=0x00007f6e7e309598 mode 2
Event: 7.233 Thread 0x00007f6e9cfe0000 Uncommon trap: trap_request=0xffffffc6 fr.pc=0x00007f6e8c50bd7c relative=0x000000000000013c
Event: 7.233 Thread 0x00007f6e9cfe0000 Uncommon trap: reason=bimorphic_or_optimized_type_check action=maybe_recompile pc=0x00007f6e8c50bd7c method=java.lang.Character.codePointBefore(Ljava/lang/CharSequence;I)I @ 5 c2
Event: 7.233 Thread 0x00007f6e9cfe0000 DEOPT PACKING pc=0x00007f6e8c50bd7c sp=0x00007f6e7e3095e0
Event: 7.233 Thread 0x00007f6e9cfe0000 DEOPT UNPACKING pc=0x00007f6e849383a5 sp=0x00007f6e7e309598 mode 2
Event: 7.233 Thread 0x00007f6e9cfe0000 Uncommon trap: trap_request=0xffffffc6 fr.pc=0x00007f6e8c50bd7c relative=0x000000000000013c
Event: 7.233 Thread 0x00007f6e9cfe0000 Uncommon trap: reason=bimorphic_or_optimized_type_check action=maybe_recompile pc=0x00007f6e8c50bd7c method=java.lang.Character.codePointBefore(Ljava/lang/CharSequence;I)I @ 5 c2
Event: 7.233 Thread 0x00007f6e9cfe0000 DEOPT PACKING pc=0x00007f6e8c50bd7c sp=0x00007f6e7e3095e0
Event: 7.233 Thread 0x00007f6e9cfe0000 DEOPT UNPACKING pc=0x00007f6e849383a5 sp=0x00007f6e7e309598 mode 2

Classes redefined (0 events):
No events

Internal exceptions (18 events):
Event: 0.207 Thread 0x00007f6e9c014000 Exception <a 'java/lang/NoSuchMethodError'{0x00000000e0f1db20}: 'int java.lang.invoke.DirectMethodHandle$Holder.invokeSpecialIFC(java.lang.Object, java.lang.Object, int)'> (0x00000000e0f1db20) thrown at [/build/openjdk-11-11.0.6+10/src/hotspot/share/inter
Event: 1.934 Thread 0x00007f6e9c014000 Exception <a 'java/lang/NoClassDefFoundError'{0x00000000e0fabc78}: com/google/inject/servlet/ServletModuleTargetVisitor> (0x00000000e0fabc78) thrown at [/build/openjdk-11-11.0.6+10/src/hotspot/share/classfile/systemDictionary.cpp, line 220]
Event: 1.934 Thread 0x00007f6e9c014000 Exception <a 'java/lang/NoClassDefFoundError'{0x00000000e0fabc78}> (0x00000000e0fabc78) thrown at [/build/openjdk-11-11.0.6+10/src/hotspot/share/prims/jvm.cpp, line 1301]
Event: 1.934 Thread 0x00007f6e9c014000 Exception <a 'java/lang/NoClassDefFoundError'{0x00000000e0fae880}: javax/annotation/Priority> (0x00000000e0fae880) thrown at [/build/openjdk-11-11.0.6+10/src/hotspot/share/classfile/systemDictionary.cpp, line 220]
Event: 2.686 Thread 0x00007f6e9c014000 Implicit null exception at 0x00007f6e8c43c605 to 0x00007f6e8c43c7e2
Event: 2.686 Thread 0x00007f6e9c014000 Implicit null exception at 0x00007f6e8c43d7cb to 0x00007f6e8c43dc52
Event: 4.189 Thread 0x00007f6e9c014000 Exception <a 'java/lang/NoSuchMethodError'{0x00000000e0d580d8}: 'java.lang.Object java.lang.invoke.DirectMethodHandle$Holder.invokeStatic(java.lang.Object, java.lang.Object, java.lang.Object, java.lang.Object, java.lang.Object, java.lang.Object, java.lang
Event: 4.206 Thread 0x00007f6e9c014000 Exception <a 'java/lang/NoSuchMethodError'{0x00000000e0d66118}: 'java.lang.Object java.lang.invoke.DirectMethodHandle$Holder.invokeStatic(java.lang.Object, java.lang.Object, java.lang.Object, java.lang.Object, java.lang.Object, java.lang.Object, java.lang
Event: 4.211 Thread 0x00007f6e9c014000 Exception <a 'java/lang/NoSuchMethodError'{0x00000000e0d9fb40}: 'java.lang.Object java.lang.invoke.DirectMethodHandle$Holder.invokeSpecial(java.lang.Object, java.lang.Object, int, int, java.lang.Object, java.lang.Object, java.lang.Object)'> (0x00000000e0d
Event: 4.212 Thread 0x00007f6e9c014000 Exception <a 'java/lang/NoSuchMethodError'{0x00000000e0da3378}: 'java.lang.Object java.lang.invoke.DelegatingMethodHandle$Holder.reinvoke_L(java.lang.Object, int, int, java.lang.Object, java.lang.Object, java.lang.Object)'> (0x00000000e0da3378) thrown at 
Event: 4.214 Thread 0x00007f6e9c014000 Exception <a 'java/lang/NoSuchMethodError'{0x00000000e0da79a8}: 'java.lang.Object java.lang.invoke.DirectMethodHandle$Holder.invokeStatic(java.lang.Object, java.lang.Object, java.lang.Object, java.lang.Object, int)'> (0x00000000e0da79a8) thrown at [/build
Event: 4.525 Thread 0x00007f6e9c014000 Exception <a 'java/lang/NoSuchMethodError'{0x00000000e0c93bb0}: 'java.lang.Object java.lang.invoke.DirectMethodHandle$Holder.invokeStatic(java.lang.Object, int, java.lang.Object)'> (0x00000000e0c93bb0) thrown at [/build/openjdk-11-11.0.6+10/src/hotspot/sh
Event: 5.356 Thread 0x00007f6e9c014000 Exception <a 'java/lang/NoSuchMethodError'{0x00000000e117ead0}: 'java.lang.Object java.lang.invoke.DirectMethodHandle$Holder.invokeStaticInit(java.lang.Object, java.lang.Object, long, java.lang.Object)'> (0x00000000e117ead0) thrown at [/build/openjdk-11-1
Event: 5.358 Thread 0x00007f6e9c014000 Exception <a 'java/lang/NoSuchMethodError'{0x00000000e118ac30}: 'java.lang.Object java.lang.invoke.Invokers$Holder.linkToTargetMethod(java.lang.Object, long, java.lang.Object)'> (0x00000000e118ac30) thrown at [/build/openjdk-11-11.0.6+10/src/hotspot/share
Event: 5.365 Thread 0x00007f6e9c014000 Exception <a 'java/lang/NoSuchMethodError'{0x00000000e1191980}: 'java.lang.Object java.lang.invoke.DirectMethodHandle$Holder.invokeStatic(java.lang.Object, java.lang.Object, java.lang.Object, int)'> (0x00000000e1191980) thrown at [/build/openjdk-11-11.0.6
Event: 5.365 Thread 0x00007f6e9c014000 Exception <a 'java/lang/NoSuchMethodError'{0x00000000e1195348}: 'java.lang.Object java.lang.invoke.DirectMethodHandle$Holder.invokeSpecial(java.lang.Object, java.lang.Object, java.lang.Object, java.lang.Object, int)'> (0x00000000e1195348) thrown at [/buil
Event: 5.365 Thread 0x00007f6e9c014000 Exception <a 'java/lang/NoSuchMethodError'{0x00000000e11983b0}: 'java.lang.Object java.lang.invoke.Invokers$Holder.linkToTargetMethod(java.lang.Object, java.lang.Object, int, java.lang.Object)'> (0x00000000e11983b0) thrown at [/build/openjdk-11-11.0.6+10/
Event: 6.727 Thread 0x00007f6e9c014000 Exception <a 'java/lang/ClassNotFoundException'{0x00000000e0d4a198}: sun/util/logging/resources/spi/loggingProvider> (0x00000000e0d4a198) thrown at [/build/openjdk-11-11.0.6+10/src/hotspot/share/classfile/systemDictionary.cpp, line 231]

Events (20 events):
Event: 6.727 loading class sun/util/logging/resources/logging_en
Event: 6.727 loading class sun/util/logging/resources/logging_en done
Event: 6.730 loading class sun/util/logging/resources/logging_en_US
Event: 6.730 loading class sun/util/logging/resources/logging_en_US done
Event: 6.730 loading class sun/util/logging/resources/logging_en_US
Event: 6.730 loading class sun/util/logging/resources/logging_en_US done
Event: 6.737 loading class java/util/Scanner
Event: 6.738 loading class java/util/Scanner done
Event: 6.740 loading class java/util/Scanner$PatternLRUCache
Event: 6.740 loading class java/util/Scanner$PatternLRUCache done
Event: 6.746 Thread 0x00007f6e9cfe3800 Thread added: 0x00007f6e9cfe3800
Event: 6.747 Protecting memory [0x00007f6e7e30b000,0x00007f6e7e30f000] with protection modes 0
Event: 6.751 Thread 0x00007f6e9cfe0000 Thread added: 0x00007f6e9cfe0000
Event: 6.752 Protecting memory [0x00007f6e7e20a000,0x00007f6e7e20e000] with protection modes 0
Event: 7.173 loading class java/util/regex/Matcher$ImmutableMatchResult
Event: 7.173 loading class java/util/regex/Matcher$ImmutableMatchResult done
Event: 7.173 loading class org/apache/maven/plugin/logging/Log
Event: 7.173 loading class org/apache/maven/plugin/logging/Log done
Event: 7.173 loading class org/apache/maven/plugin/logging/Log
Event: 7.173 loading class org/apache/maven/plugin/logging/Log done


Dynamic libraries:
e0c00000-e1710000 rw-p 00000000 00:00 0 
e1710000-eb2a0000 ---p 00000000 00:00 0 
eb2a0000-ec8b4000 rw-p 00000000 00:00 0 
ec8b4000-100000000 ---p 00000000 00:00 0 
800000000-800002000 rwxp 00001000 08:01 2118409                          /usr/lib/jvm/java-11-openjdk-amd64/lib/server/classes.jsa
800002000-8003b7000 rw-p 00003000 08:01 2118409                          /usr/lib/jvm/java-11-openjdk-amd64/lib/server/classes.jsa
8003b7000-800a8a000 r--p 003b8000 08:01 2118409                          /usr/lib/jvm/java-11-openjdk-amd64/lib/server/classes.jsa
800a8a000-800a8b000 rw-p 00a8b000 08:01 2118409                          /usr/lib/jvm/java-11-openjdk-amd64/lib/server/classes.jsa
800a8b000-801095000 r--p 00a8c000 08:01 2118409                          /usr/lib/jvm/java-11-openjdk-amd64/lib/server/classes.jsa
840000000-8402a0000 rw-p 00000000 00:00 0 
8402a0000-880000000 ---p 00000000 00:00 0 
55c797d5d000-55c797d5e000 r-xp 00000000 08:01 2118040                    /usr/lib/jvm/java-11-openjdk-amd64/bin/java
55c797f5e000-55c797f5f000 r--p 00001000 08:01 2118040                    /usr/lib/jvm/java-11-openjdk-amd64/bin/java
55c797f5f000-55c797f60000 rw-p 00002000 08:01 2118040                    /usr/lib/jvm/java-11-openjdk-amd64/bin/java
55c798014000-55c798056000 rw-p 00000000 00:00 0                          [heap]
7f6e4c000000-7f6e4c021000 rw-p 00000000 00:00 0 
7f6e4c021000-7f6e50000000 ---p 00000000 00:00 0 
7f6e50000000-7f6e50021000 rw-p 00000000 00:00 0 
7f6e50021000-7f6e54000000 ---p 00000000 00:00 0 
7f6e54000000-7f6e54021000 rw-p 00000000 00:00 0 
7f6e54021000-7f6e58000000 ---p 00000000 00:00 0 
7f6e58000000-7f6e58021000 rw-p 00000000 00:00 0 
7f6e58021000-7f6e5c000000 ---p 00000000 00:00 0 
7f6e5c000000-7f6e5c021000 rw-p 00000000 00:00 0 
7f6e5c021000-7f6e60000000 ---p 00000000 00:00 0 
7f6e60000000-7f6e60021000 rw-p 00000000 00:00 0 
7f6e60021000-7f6e64000000 ---p 00000000 00:00 0 
7f6e64000000-7f6e64787000 rw-p 00000000 00:00 0 
7f6e64787000-7f6e68000000 ---p 00000000 00:00 0 
7f6e68000000-7f6e68021000 rw-p 00000000 00:00 0 
7f6e68021000-7f6e6c000000 ---p 00000000 00:00 0 
7f6e6c000000-7f6e6c021000 rw-p 00000000 00:00 0 
7f6e6c021000-7f6e70000000 ---p 00000000 00:00 0 
7f6e70000000-7f6e70f42000 rw-p 00000000 00:00 0 
7f6e70f42000-7f6e74000000 ---p 00000000 00:00 0 
7f6e74000000-7f6e74021000 rw-p 00000000 00:00 0 
7f6e74021000-7f6e78000000 ---p 00000000 00:00 0 
7f6e78000000-7f6e78021000 rw-p 00000000 00:00 0 
7f6e78021000-7f6e7c000000 ---p 00000000 00:00 0 
7f6e7e00a000-7f6e7e0b6000 rw-p 00000000 00:00 0 
7f6e7e0b6000-7f6e7e20a000 ---p 00000000 00:00 0 
7f6e7e20a000-7f6e7e20e000 ---p 00000000 00:00 0 
7f6e7e20e000-7f6e7e30b000 rw-p 00000000 00:00 0 
7f6e7e30b000-7f6e7e30f000 ---p 00000000 00:00 0 
7f6e7e30f000-7f6e7e40c000 rw-p 00000000 00:00 0 
7f6e7e40c000-7f6e7e410000 ---p 00000000 00:00 0 
7f6e7e410000-7f6e7e62e000 rw-p 00000000 00:00 0 
7f6e7e62e000-7f6e7e82e000 rw-p 00000000 00:00 0 
7f6e7e82e000-7f6e7ea2e000 rw-p 00000000 00:00 0 
7f6e7ea2e000-7f6e7ec2e000 rw-p 00000000 00:00 0 
7f6e7ec2e000-7f6e7ee2e000 rw-p 00000000 00:00 0 
7f6e7ee2e000-7f6e7ee30000 r-xp 00000000 08:01 1843038                    /lib/x86_64-linux-gnu/libutil-2.24.so
7f6e7ee30000-7f6e7f02f000 ---p 00002000 08:01 1843038                    /lib/x86_64-linux-gnu/libutil-2.24.so
7f6e7f02f000-7f6e7f030000 r--p 00001000 08:01 1843038                    /lib/x86_64-linux-gnu/libutil-2.24.so
7f6e7f030000-7f6e7f031000 rw-p 00002000 08:01 1843038                    /lib/x86_64-linux-gnu/libutil-2.24.so
7f6e7f031000-7f6e7f034000 r-xp 00000000 08:01 1993728                    /opt/maven/lib/jansi-native/linux64/libjansi.so
7f6e7f034000-7f6e7f233000 ---p 00003000 08:01 1993728                    /opt/maven/lib/jansi-native/linux64/libjansi.so
7f6e7f233000-7f6e7f234000 rw-p 00002000 08:01 1993728                    /opt/maven/lib/jansi-native/linux64/libjansi.so
7f6e7f234000-7f6e7f24a000 r-xp 00000000 08:01 2118388                    /usr/lib/jvm/java-11-openjdk-amd64/lib/libnet.so
7f6e7f24a000-7f6e7f449000 ---p 00016000 08:01 2118388                    /usr/lib/jvm/java-11-openjdk-amd64/lib/libnet.so
7f6e7f449000-7f6e7f44a000 r--p 00015000 08:01 2118388                    /usr/lib/jvm/java-11-openjdk-amd64/lib/libnet.so
7f6e7f44a000-7f6e7f44b000 rw-p 00016000 08:01 2118388                    /usr/lib/jvm/java-11-openjdk-amd64/lib/libnet.so
7f6e7f44b000-7f6e7f45b000 r-xp 00000000 08:01 2118389                    /usr/lib/jvm/java-11-openjdk-amd64/lib/libnio.so
7f6e7f45b000-7f6e7f65a000 ---p 00010000 08:01 2118389                    /usr/lib/jvm/java-11-openjdk-amd64/lib/libnio.so
7f6e7f65a000-7f6e7f65b000 r--p 0000f000 08:01 2118389                    /usr/lib/jvm/java-11-openjdk-amd64/lib/libnio.so
7f6e7f65b000-7f6e7f65c000 rw-p 00010000 08:01 2118389                    /usr/lib/jvm/java-11-openjdk-amd64/lib/libnio.so
7f6e7f65c000-7f6e7f660000 ---p 00000000 00:00 0 
7f6e7f660000-7f6e7f75d000 rw-p 00000000 00:00 0 
7f6e7f75d000-7f6e7f75e000 ---p 00000000 00:00 0 
7f6e7f75e000-7f6e7f85f000 rw-p 00000000 00:00 0 
7f6e7f85f000-7f6e7f863000 ---p 00000000 00:00 0 
7f6e7f863000-7f6e7f960000 rw-p 00000000 00:00 0 
7f6e7f960000-7f6e7f964000 ---p 00000000 00:00 0 
7f6e7f964000-7f6e7fa61000 rw-p 00000000 00:00 0 
7f6e7fa61000-7f6e7fa65000 ---p 00000000 00:00 0 
7f6e7fa65000-7f6e7fb62000 rw-p 00000000 00:00 0 
7f6e7fb62000-7f6e7fb66000 ---p 00000000 00:00 0 
7f6e7fb66000-7f6e7fc63000 rw-p 00000000 00:00 0 
7f6e7fc63000-7f6e7fc67000 ---p 00000000 00:00 0 
7f6e7fc67000-7f6e7fd64000 rw-p 00000000 00:00 0 
7f6e7fd64000-7f6e7feff000 r--p 00000000 08:01 1850658                    /usr/lib/locale/locale-archive
7f6e7feff000-7f6e7ff03000 ---p 00000000 00:00 0 
7f6e7ff03000-7f6e80000000 rw-p 00000000 00:00 0 
7f6e80000000-7f6e80027000 rw-p 00000000 00:00 0 
7f6e80027000-7f6e84000000 ---p 00000000 00:00 0 
7f6e8400f000-7f6e84013000 ---p 00000000 00:00 0 
7f6e84013000-7f6e84910000 rw-p 00000000 00:00 0 
7f6e84910000-7f6e84b80000 rwxp 00000000 00:00 0 
7f6e84b80000-7f6e84e9f000 ---p 00000000 00:00 0 
7f6e84e9f000-7f6e8566f000 rwxp 00000000 00:00 0 
7f6e8566f000-7f6e8c3d7000 ---p 00000000 00:00 0 
7f6e8c3d7000-7f6e8c647000 rwxp 00000000 00:00 0 
7f6e8c647000-7f6e93910000 ---p 00000000 00:00 0 
7f6e93910000-7f6e9c000000 r--s 00000000 08:01 2118399                    /usr/lib/jvm/java-11-openjdk-amd64/lib/modules
7f6e9c000000-7f6e9d01b000 rw-p 00000000 00:00 0 
7f6e9d01b000-7f6ea0000000 ---p 00000000 00:00 0 
7f6ea0021000-7f6ea0052000 rw-p 00000000 00:00 0 
7f6ea0052000-7f6ea0053000 ---p 00000000 00:00 0 
7f6ea0053000-7f6ea027f000 rw-p 00000000 00:00 0 
7f6ea027f000-7f6ea02cc000 ---p 00000000 00:00 0 
7f6ea02cc000-7f6ea02d8000 rw-p 00000000 00:00 0 
7f6ea02d8000-7f6ea0373000 ---p 00000000 00:00 0 
7f6ea0373000-7f6ea0379000 rw-p 00000000 00:00 0 
7f6ea0379000-7f6ea045f000 ---p 00000000 00:00 0 
7f6ea045f000-7f6ea046f000 rw-p 00000000 00:00 0 
7f6ea046f000-7f6ea054a000 ---p 00000000 00:00 0 
7f6ea054a000-7f6ea054f000 r-xp 00000000 08:01 2118380                    /usr/lib/jvm/java-11-openjdk-amd64/lib/libjimage.so
7f6ea054f000-7f6ea074e000 ---p 00005000 08:01 2118380                    /usr/lib/jvm/java-11-openjdk-amd64/lib/libjimage.so
7f6ea074e000-7f6ea074f000 r--p 00004000 08:01 2118380                    /usr/lib/jvm/java-11-openjdk-amd64/lib/libjimage.so
7f6ea074f000-7f6ea0750000 rw-p 00005000 08:01 2118380                    /usr/lib/jvm/java-11-openjdk-amd64/lib/libjimage.so
7f6ea0750000-7f6ea0757000 r-xp 00000000 08:01 2118398                    /usr/lib/jvm/java-11-openjdk-amd64/lib/libzip.so
7f6ea0757000-7f6ea0956000 ---p 00007000 08:01 2118398                    /usr/lib/jvm/java-11-openjdk-amd64/lib/libzip.so
7f6ea0956000-7f6ea0957000 r--p 00006000 08:01 2118398                    /usr/lib/jvm/java-11-openjdk-amd64/lib/libzip.so
7f6ea0957000-7f6ea0958000 rw-p 00007000 08:01 2118398                    /usr/lib/jvm/java-11-openjdk-amd64/lib/libzip.so
7f6ea0958000-7f6ea0962000 r-xp 00000000 08:01 1843001                    /lib/x86_64-linux-gnu/libnss_files-2.24.so
7f6ea0962000-7f6ea0b62000 ---p 0000a000 08:01 1843001                    /lib/x86_64-linux-gnu/libnss_files-2.24.so
7f6ea0b62000-7f6ea0b63000 r--p 0000a000 08:01 1843001                    /lib/x86_64-linux-gnu/libnss_files-2.24.so
7f6ea0b63000-7f6ea0b64000 rw-p 0000b000 08:01 1843001                    /lib/x86_64-linux-gnu/libnss_files-2.24.so
7f6ea0b64000-7f6ea0b6a000 rw-p 00000000 00:00 0 
7f6ea0b6a000-7f6ea0b75000 r-xp 00000000 08:01 1843005                    /lib/x86_64-linux-gnu/libnss_nis-2.24.so
7f6ea0b75000-7f6ea0d74000 ---p 0000b000 08:01 1843005                    /lib/x86_64-linux-gnu/libnss_nis-2.24.so
7f6ea0d74000-7f6ea0d75000 r--p 0000a000 08:01 1843005                    /lib/x86_64-linux-gnu/libnss_nis-2.24.so
7f6ea0d75000-7f6ea0d76000 rw-p 0000b000 08:01 1843005                    /lib/x86_64-linux-gnu/libnss_nis-2.24.so
7f6ea0d76000-7f6ea0d8a000 r-xp 00000000 08:01 1842995                    /lib/x86_64-linux-gnu/libnsl-2.24.so
7f6ea0d8a000-7f6ea0f8a000 ---p 00014000 08:01 1842995                    /lib/x86_64-linux-gnu/libnsl-2.24.so
7f6ea0f8a000-7f6ea0f8b000 r--p 00014000 08:01 1842995                    /lib/x86_64-linux-gnu/libnsl-2.24.so
7f6ea0f8b000-7f6ea0f8c000 rw-p 00015000 08:01 1842995                    /lib/x86_64-linux-gnu/libnsl-2.24.so
7f6ea0f8c000-7f6ea0f8e000 rw-p 00000000 00:00 0 
7f6ea0f8e000-7f6ea0f95000 r-xp 00000000 08:01 1842997                    /lib/x86_64-linux-gnu/libnss_compat-2.24.so
7f6ea0f95000-7f6ea1194000 ---p 00007000 08:01 1842997                    /lib/x86_64-linux-gnu/libnss_compat-2.24.so
7f6ea1194000-7f6ea1195000 r--p 00006000 08:01 1842997                    /lib/x86_64-linux-gnu/libnss_compat-2.24.so
7f6ea1195000-7f6ea1196000 rw-p 00007000 08:01 1842997                    /lib/x86_64-linux-gnu/libnss_compat-2.24.so
7f6ea1196000-7f6ea11bf000 r-xp 00000000 08:01 2118376                    /usr/lib/jvm/java-11-openjdk-amd64/lib/libjava.so
7f6ea11bf000-7f6ea13be000 ---p 00029000 08:01 2118376                    /usr/lib/jvm/java-11-openjdk-amd64/lib/libjava.so
7f6ea13be000-7f6ea13bf000 r--p 00028000 08:01 2118376                    /usr/lib/jvm/java-11-openjdk-amd64/lib/libjava.so
7f6ea13bf000-7f6ea13c1000 rw-p 00029000 08:01 2118376                    /usr/lib/jvm/java-11-openjdk-amd64/lib/libjava.so
7f6ea13c1000-7f6ea13ce000 r-xp 00000000 08:01 2118397                    /usr/lib/jvm/java-11-openjdk-amd64/lib/libverify.so
7f6ea13ce000-7f6ea15cd000 ---p 0000d000 08:01 2118397                    /usr/lib/jvm/java-11-openjdk-amd64/lib/libverify.so
7f6ea15cd000-7f6ea15cf000 r--p 0000c000 08:01 2118397                    /usr/lib/jvm/java-11-openjdk-amd64/lib/libverify.so
7f6ea15cf000-7f6ea15d0000 rw-p 0000e000 08:01 2118397                    /usr/lib/jvm/java-11-openjdk-amd64/lib/libverify.so
7f6ea15d0000-7f6ea15d7000 r-xp 00000000 08:01 1843022                    /lib/x86_64-linux-gnu/librt-2.24.so
7f6ea15d7000-7f6ea17d6000 ---p 00007000 08:01 1843022                    /lib/x86_64-linux-gnu/librt-2.24.so
7f6ea17d6000-7f6ea17d7000 r--p 00006000 08:01 1843022                    /lib/x86_64-linux-gnu/librt-2.24.so
7f6ea17d7000-7f6ea17d8000 rw-p 00007000 08:01 1843022                    /lib/x86_64-linux-gnu/librt-2.24.so
7f6ea17d8000-7f6ea17ee000 r-xp 00000000 08:01 1842975                    /lib/x86_64-linux-gnu/libgcc_s.so.1
7f6ea17ee000-7f6ea19ed000 ---p 00016000 08:01 1842975                    /lib/x86_64-linux-gnu/libgcc_s.so.1
7f6ea19ed000-7f6ea19ee000 r--p 00015000 08:01 1842975                    /lib/x86_64-linux-gnu/libgcc_s.so.1
7f6ea19ee000-7f6ea19ef000 rw-p 00016000 08:01 1842975                    /lib/x86_64-linux-gnu/libgcc_s.so.1
7f6ea19ef000-7f6ea1af2000 r-xp 00000000 08:01 1842984                    /lib/x86_64-linux-gnu/libm-2.24.so
7f6ea1af2000-7f6ea1cf1000 ---p 00103000 08:01 1842984                    /lib/x86_64-linux-gnu/libm-2.24.so
7f6ea1cf1000-7f6ea1cf2000 r--p 00102000 08:01 1842984                    /lib/x86_64-linux-gnu/libm-2.24.so
7f6ea1cf2000-7f6ea1cf3000 rw-p 00103000 08:01 1842984                    /lib/x86_64-linux-gnu/libm-2.24.so
7f6ea1cf3000-7f6ea1e65000 r-xp 00000000 08:01 1843740                    /usr/lib/x86_64-linux-gnu/libstdc++.so.6.0.22
7f6ea1e65000-7f6ea2065000 ---p 00172000 08:01 1843740                    /usr/lib/x86_64-linux-gnu/libstdc++.so.6.0.22
7f6ea2065000-7f6ea206f000 r--p 00172000 08:01 1843740                    /usr/lib/x86_64-linux-gnu/libstdc++.so.6.0.22
7f6ea206f000-7f6ea2071000 rw-p 0017c000 08:01 1843740                    /usr/lib/x86_64-linux-gnu/libstdc++.so.6.0.22
7f6ea2071000-7f6ea2075000 rw-p 00000000 00:00 0 
7f6ea2075000-7f6ea30fd000 r-xp 00000000 08:01 2118411                    /usr/lib/jvm/java-11-openjdk-amd64/lib/server/libjvm.so
7f6ea30fd000-7f6ea32fc000 ---p 01088000 08:01 2118411                    /usr/lib/jvm/java-11-openjdk-amd64/lib/server/libjvm.so
7f6ea32fc000-7f6ea33b9000 r--p 01087000 08:01 2118411                    /usr/lib/jvm/java-11-openjdk-amd64/lib/server/libjvm.so
7f6ea33b9000-7f6ea33f3000 rw-p 01144000 08:01 2118411                    /usr/lib/jvm/java-11-openjdk-amd64/lib/server/libjvm.so
7f6ea33f3000-7f6ea3449000 rw-p 00000000 00:00 0 
7f6ea3449000-7f6ea35de000 r-xp 00000000 08:01 1842955                    /lib/x86_64-linux-gnu/libc-2.24.so
7f6ea35de000-7f6ea37de000 ---p 00195000 08:01 1842955                    /lib/x86_64-linux-gnu/libc-2.24.so
7f6ea37de000-7f6ea37e2000 r--p 00195000 08:01 1842955                    /lib/x86_64-linux-gnu/libc-2.24.so
7f6ea37e2000-7f6ea37e4000 rw-p 00199000 08:01 1842955                    /lib/x86_64-linux-gnu/libc-2.24.so
7f6ea37e4000-7f6ea37e8000 rw-p 00000000 00:00 0 
7f6ea37e8000-7f6ea37eb000 r-xp 00000000 08:01 1842967                    /lib/x86_64-linux-gnu/libdl-2.24.so
7f6ea37eb000-7f6ea39ea000 ---p 00003000 08:01 1842967                    /lib/x86_64-linux-gnu/libdl-2.24.so
7f6ea39ea000-7f6ea39eb000 r--p 00002000 08:01 1842967                    /lib/x86_64-linux-gnu/libdl-2.24.so
7f6ea39eb000-7f6ea39ec000 rw-p 00003000 08:01 1842967                    /lib/x86_64-linux-gnu/libdl-2.24.so
7f6ea39ec000-7f6ea39fb000 r-xp 00000000 08:01 2118358                    /usr/lib/jvm/java-11-openjdk-amd64/lib/jli/libjli.so
7f6ea39fb000-7f6ea3bfa000 ---p 0000f000 08:01 2118358                    /usr/lib/jvm/java-11-openjdk-amd64/lib/jli/libjli.so
7f6ea3bfa000-7f6ea3bfb000 r--p 0000e000 08:01 2118358                    /usr/lib/jvm/java-11-openjdk-amd64/lib/jli/libjli.so
7f6ea3bfb000-7f6ea3bfc000 rw-p 0000f000 08:01 2118358                    /usr/lib/jvm/java-11-openjdk-amd64/lib/jli/libjli.so
7f6ea3bfc000-7f6ea3c14000 r-xp 00000000 08:01 1843018                    /lib/x86_64-linux-gnu/libpthread-2.24.so
7f6ea3c14000-7f6ea3e13000 ---p 00018000 08:01 1843018                    /lib/x86_64-linux-gnu/libpthread-2.24.so
7f6ea3e13000-7f6ea3e14000 r--p 00017000 08:01 1843018                    /lib/x86_64-linux-gnu/libpthread-2.24.so
7f6ea3e14000-7f6ea3e15000 rw-p 00018000 08:01 1843018                    /lib/x86_64-linux-gnu/libpthread-2.24.so
7f6ea3e15000-7f6ea3e19000 rw-p 00000000 00:00 0 
7f6ea3e19000-7f6ea3e32000 r-xp 00000000 08:01 1843043                    /lib/x86_64-linux-gnu/libz.so.1.2.8
7f6ea3e32000-7f6ea4031000 ---p 00019000 08:01 1843043                    /lib/x86_64-linux-gnu/libz.so.1.2.8
7f6ea4031000-7f6ea4032000 r--p 00018000 08:01 1843043                    /lib/x86_64-linux-gnu/libz.so.1.2.8
7f6ea4032000-7f6ea4033000 rw-p 00019000 08:01 1843043                    /lib/x86_64-linux-gnu/libz.so.1.2.8
7f6ea4033000-7f6ea4056000 r-xp 00000000 08:01 1842937                    /lib/x86_64-linux-gnu/ld-2.24.so
7f6ea4070000-7f6ea409d000 rw-p 00000000 00:00 0 
7f6ea409d000-7f6ea4138000 ---p 00000000 00:00 0 
7f6ea4138000-7f6ea413d000 rw-p 00000000 00:00 0 
7f6ea413d000-7f6ea4144000 ---p 00000000 00:00 0 
7f6ea4144000-7f6ea4146000 r--s 00007000 08:01 2379129                    /usr/share/java/java-atk-wrapper.jar
7f6ea4146000-7f6ea414a000 ---p 00000000 00:00 0 
7f6ea414a000-7f6ea424b000 rw-p 00000000 00:00 0 
7f6ea424c000-7f6ea4254000 rw-s 00000000 08:01 411604                     /tmp/hsperfdata_tanzachary/3331
7f6ea4254000-7f6ea4255000 ---p 00000000 00:00 0 
7f6ea4255000-7f6ea4256000 r--p 00000000 00:00 0 
7f6ea4256000-7f6ea4257000 r--p 00023000 08:01 1842937                    /lib/x86_64-linux-gnu/ld-2.24.so
7f6ea4257000-7f6ea4258000 rw-p 00024000 08:01 1842937                    /lib/x86_64-linux-gnu/ld-2.24.so
7f6ea4258000-7f6ea4259000 rw-p 00000000 00:00 0 
7fff2a209000-7fff2a22a000 rw-p 00000000 00:00 0                          [stack]
7fff2a352000-7fff2a355000 r--p 00000000 00:00 0                          [vvar]
7fff2a355000-7fff2a357000 r-xp 00000000 00:00 0                          [vdso]
ffffffffff600000-ffffffffff601000 r-xp 00000000 00:00 0                  [vsyscall]


VM Arguments:
jvm_args: -Dclassworlds.conf=/opt/maven/bin/m2.conf -Dmaven.home=/opt/maven -Dlibrary.jansi.path=/opt/maven/lib/jansi-native -Dmaven.multiModuleProjectDirectory=/home/tanzachary/step/portfolio 
java_command: org.codehaus.plexus.classworlds.launcher.Launcher package appengine:run
java_class_path (initial): /opt/maven/boot/plexus-classworlds-2.6.0.jar
Launcher Type: SUN_STANDARD

[Global flags]
     intx CICompilerCount                          = 2                                         {product} {ergonomic}
   size_t InitialHeapSize                          = 33554432                                  {product} {ergonomic}
   size_t MaxHeapSize                              = 524288000                                 {product} {ergonomic}
   size_t MaxNewSize                               = 174718976                                 {product} {ergonomic}
   size_t MinHeapDeltaBytes                        = 196608                                    {product} {ergonomic}
   size_t NewSize                                  = 11141120                                  {product} {ergonomic}
    uintx NonNMethodCodeHeapSize                   = 5825164                                {pd product} {ergonomic}
    uintx NonProfiledCodeHeapSize                  = 122916538                              {pd product} {ergonomic}
   size_t OldSize                                  = 22413312                                  {product} {ergonomic}
    uintx ProfiledCodeHeapSize                     = 122916538                              {pd product} {ergonomic}
    uintx ReservedCodeCacheSize                    = 251658240                              {pd product} {ergonomic}
     bool SegmentedCodeCache                       = true                                      {product} {ergonomic}
     bool UseCompressedClassPointers               = true                                 {lp64_product} {ergonomic}
     bool UseCompressedOops                        = true                                 {lp64_product} {ergonomic}
     bool UseSerialGC                              = true                                      {product} {ergonomic}

Logging:
Log output configuration:
 #0: stdout all=warning uptime,level,tags
 #1: stderr all=off uptime,level,tags

Environment Variables:
JAVA_HOME=/usr/lib/jvm/java-11-openjdk-amd64
PATH=/home/tanzachary/step/portfolio/node_modules/.bin:/home/tanzachary/gopath/bin:/google/gopath/bin:/home/tanzachary/.gems/bin:/usr/local/go/bin:/opt/gradle/bin:/opt/maven/bin:/usr/local/sbin:/usr/local/bin:/usr/sbin:/usr/bin:/sbin:/bin:/usr/local/nvm/versions/node/v10.14.2/bin:/google/go_appengine:/google/google_appengine:/google/migrate/anthos/
SHELL=/bin/bash

Signal Handlers:
SIGSEGV: [libjvm.so+0xd9bff0], sa_mask[0]=11111111011111111101111111111110, sa_flags=SA_RESTART|SA_SIGINFO
SIGBUS: [libjvm.so+0xd9bff0], sa_mask[0]=11111111011111111101111111111110, sa_flags=SA_RESTART|SA_SIGINFO
SIGFPE: [libjvm.so+0xd9bff0], sa_mask[0]=11111111011111111101111111111110, sa_flags=SA_RESTART|SA_SIGINFO
SIGPIPE: [libjvm.so+0xb8fcf0], sa_mask[0]=11111111011111111101111111111110, sa_flags=SA_RESTART|SA_SIGINFO
SIGXFSZ: [libjvm.so+0xb8fcf0], sa_mask[0]=11111111011111111101111111111110, sa_flags=SA_RESTART|SA_SIGINFO
SIGILL: [libjvm.so+0xd9bff0], sa_mask[0]=11111111011111111101111111111110, sa_flags=SA_RESTART|SA_SIGINFO
SIGUSR2: [libjvm.so+0xb8fb90], sa_mask[0]=00000000000000000000000000000000, sa_flags=SA_RESTART|SA_SIGINFO
SIGHUP: [libjvm.so+0xb8fef0], sa_mask[0]=11111111011111111101111111111110, sa_flags=SA_RESTART|SA_SIGINFO
SIGINT: [libjvm.so+0xb8fef0], sa_mask[0]=11111111011111111101111111111110, sa_flags=SA_RESTART|SA_SIGINFO
SIGTERM: [libjvm.so+0xb8fef0], sa_mask[0]=11111111011111111101111111111110, sa_flags=SA_RESTART|SA_SIGINFO
SIGQUIT: [libjvm.so+0xb8fef0], sa_mask[0]=11111111011111111101111111111110, sa_flags=SA_RESTART|SA_SIGINFO


---------------  S Y S T E M  ---------------

OS:PRETTY_NAME="Debian GNU/Linux 9 (stretch)"
NAME="Debian GNU/Linux"
VERSION_ID="9"
VERSION="9 (stretch)"
VERSION_CODENAME=stretch
ID=debian
HOME_URL="https://www.debian.org/"
SUPPORT_URL="https://www.debian.org/support"
BUG_REPORT_URL="https://bugs.debian.org/"
uname:Linux 4.19.112+ #1 SMP Wed May 6 00:27:44 PDT 2020 x86_64
libc:glibc 2.24 NPTL 2.24 
rlimit: STACK 8192k, CORE infinity, NPROC infinity, NOFILE 1048576, AS infinity, DATA infinity, FSIZE infinity
load average:0.19 0.34 0.43

/proc/meminfo:
MemTotal:        2043884 kB
MemFree:          113996 kB
MemAvailable:     799688 kB
Buffers:           74620 kB
Cached:           634400 kB
SwapCached:          740 kB
Active:           887364 kB
Inactive:         726836 kB
Active(anon):     479844 kB
Inactive(anon):   406588 kB
Active(file):     407520 kB
Inactive(file):   320248 kB
Unevictable:           0 kB
Mlocked:               0 kB
SwapTotal:        786428 kB
SwapFree:         702460 kB
Dirty:              3044 kB
Writeback:             0 kB
AnonPages:        902956 kB
Mapped:           377028 kB
Shmem:               820 kB
Slab:             196616 kB
SReclaimable:     145564 kB
SUnreclaim:        51052 kB
KernelStack:        8376 kB
PageTables:        13660 kB
NFS_Unstable:          0 kB
Bounce:                0 kB
WritebackTmp:          0 kB
CommitLimit:     1808368 kB
Committed_AS:    5217368 kB
VmallocTotal:   34359738367 kB
VmallocUsed:           0 kB
VmallocChunk:          0 kB
Percpu:              968 kB
AnonHugePages:      2048 kB
ShmemHugePages:        0 kB
ShmemPmdMapped:        0 kB
HugePages_Total:       0
HugePages_Free:        0
HugePages_Rsvd:        0
HugePages_Surp:        0
Hugepagesize:       2048 kB
Hugetlb:               0 kB
DirectMap4k:       85180 kB
DirectMap2M:     2011136 kB
DirectMap1G:           0 kB


/proc/sys/kernel/threads-max (system-wide limit on the number of threads):
15631


/proc/sys/vm/max_map_count (maximum number of memory map areas a process may have):
65530


/proc/sys/kernel/pid_max (system-wide limit on number of process identifiers):
4194304



container (cgroup) information:
container_type: cgroupv1
cpu_cpuset_cpus: 0-1
cpu_memory_nodes: 0
active_processor_count: 1
cpu_quota: -1
cpu_period: 100000
cpu_shares: 2
memory_limit_in_bytes: -1
memory_and_swap_limit_in_bytes: -1
memory_soft_limit_in_bytes: -1
memory_usage_in_bytes: 629268480
memory_max_usage_in_bytes: 684109824

KVM virtualization detected
Steal ticks since vm start: 37
Steal ticks percentage since vm start:  0.000

CPU:total 2 (initial active 1) (1 cores per cpu, 2 threads per core) family 6 model 63 stepping 0, cmov, cx8, fxsr, mmx, sse, sse2, sse3, ssse3, sse4.1, sse4.2, popcnt, avx, avx2, aes, clmul, erms, lzcnt, ht, tsc, tscinvbit, bmi1, bmi2, fma
CPU Model and flags from /proc/cpuinfo:
model name	: Intel(R) Xeon(R) CPU @ 2.30GHz
flags		: fpu vme de pse tsc msr pae mce cx8 apic sep mtrr pge mca cmov pat pse36 clflush mmx fxsr sse sse2 ss ht syscall nx pdpe1gb rdtscp lm constant_tsc rep_good nopl xtopology nonstop_tsc cpuid tsc_known_freq pni pclmulqdq ssse3 fma cx16 pcid sse4_1 sse4_2 x2apic movbe popcnt aes xsave avx f16c rdrand hypervisor lahf_lm abm invpcid_single pti ssbd ibrs ibpb stibp fsgsbase tsc_adjust bmi1 avx2 smep bmi2 erms invpcid xsaveopt arat md_clear arch_capabilities

Memory: 4k page, physical 2043884k(116516k free), swap 786428k(702460k free)

vm_info: OpenJDK 64-Bit Server VM (11.0.6+10-post-Debian-1bpo91) for linux-amd64 JRE (11.0.6+10-post-Debian-1bpo91), built on Feb  1 2020 09:07:43 by "unknown" with gcc 6.3.0 20170516

END.
