#
# A fatal error has been detected by the Java Runtime Environment:
#
#  SIGSEGV (0xb) at pc=0x00007fa526d62bc0, pid=4435, tid=4435
#
# JRE version: OpenJDK Runtime Environment (11.0.6+10) (build 11.0.6+10-post-Debian-1bpo91)
# Java VM: OpenJDK 64-Bit Server VM (11.0.6+10-post-Debian-1bpo91, mixed mode, sharing, tiered, compressed oops, serial gc, linux-amd64)
# Problematic frame:
# V  [libjvm.so+0xb8fbc0]
#
# Core dump will be written. Default location: Core dumps may be processed with "/sbin/crash_reporter --user=%P:%s:%u:%g:%e" (or dumping to /home/tanzachary/step/portfolio/core.4435)
#
# If you would like to submit a bug report, please visit:
#   https://bugs.debian.org/openjdk-11
#

---------------  S U M M A R Y ------------

Command Line: -Dclassworlds.conf=/opt/maven/bin/m2.conf -Dmaven.home=/opt/maven -Dlibrary.jansi.path=/opt/maven/lib/jansi-native -Dmaven.multiModuleProjectDirectory=/home/tanzachary/step/portfolio org.codehaus.plexus.classworlds.launcher.Launcher package appengine:run

Host: Intel(R) Xeon(R) CPU @ 2.30GHz, 2 cores, 1G, Debian GNU/Linux 9 (stretch)
Time: Thu May 28 17:45:17 2020 EDT elapsed time: 88 seconds (0d 0h 1m 28s)

---------------  T H R E A D  ---------------

Current thread is native thread

Stack: [0x00007ffd95fcb000,0x00007ffd967c8000],  sp=0x00007ffd967c33c0,  free space=8160k
Native frames: (J=compiled Java code, A=aot compiled Java code, j=interpreted, Vv=VM code, C=native code)
V  [libjvm.so+0xb8fbc0]
C  [libpthread.so.0+0x110e0]


siginfo: si_signo: 11 (SIGSEGV), si_code: 1 (SEGV_MAPERR), si_addr: 0x00000000000000d0

Register to memory mapping:

RAX=0x0 is NULL
RBX=
[error occurred during error reporting (printing register info), id 0xb, SIGSEGV (0xb) at pc=0x00007fa526f099e7]

Registers:
RAX=0x0000000000000000, RBX=0x00007fa5283a5e18, RCX=0x00007fa527d626dd, RDX=0x0000000000000000
RSP=0x00007ffd967c33c0, RBP=0x00007ffd967c3470, RSI=0x00007ffd967c35b0, RDI=0x0000000000000001
R8 =0x00000000000000ca, R9 =0x00007fa5283a49d0, R10=0x0000000000000000, R11=0x0000000000000246
R12=0x0000000000000000, R13=0x00007ffd967c35b0, R14=0x00007ffd967c3480, R15=0x00007fa5283a4d28
RIP=0x00007fa526d62bc0, EFLAGS=0x0000000000010246, CSGSFS=0x002b000000000033, ERR=0x0000000000000004
  TRAPNO=0x000000000000000e

Top of Stack: (sp=0x00007ffd967c33c0)
0x00007ffd967c33c0:   0000000001e5cb59 00007fa5275b8038
0x00007ffd967c33d0:   00007ffd967c34f0 00007fa5275aad90
0x00007ffd967c33e0:   00007ffd967c3414 00007ffd967c34e0
0x00007ffd967c33f0:   000055bfb168ac70 000000000000000b 

Instructions: (pc=0x00007fa526d62bc0)
0x00007fa526d62ac0:   c0 74 03 c6 00 00 4c 89 f7 4c 89 fa 48 89 de e8
0x00007fa526d62ad0:   dc db 6d ff 4c 89 e7 e8 24 df 6d ff 48 81 c4 08
0x00007fa526d62ae0:   01 00 00 5b 41 5c 41 5d 41 5e 41 5f 5d c3 4c 89
0x00007fa526d62af0:   e2 be 00 01 00 00 48 89 df e8 92 e1 6d ff 48 85
0x00007fa526d62b00:   c0 74 ae 48 8d 35 b1 46 2f 00 48 89 df e8 5e df
0x00007fa526d62b10:   6d ff 48 85 c0 74 41 66 0f 1f 84 00 00 00 00 00
0x00007fa526d62b20:   be 22 00 00 00 48 89 df e8 d3 df 6d ff 48 85 c0
0x00007fa526d62b30:   74 46 48 8d 58 01 be 22 00 00 00 48 89 df e8 bd
0x00007fa526d62b40:   df 6d ff 48 85 c0 0f 85 77 ff ff ff e9 75 ff ff
0x00007fa526d62b50:   ff 0f 1f 80 00 00 00 00 48 8d 35 71 46 2f 00 48
0x00007fa526d62b60:   89 df e8 09 df 6d ff 48 85 c0 0f 84 41 ff ff ff
0x00007fa526d62b70:   eb ae 66 0f 1f 44 00 00 48 89 df be 3d 00 00 00
0x00007fa526d62b80:   e8 7b df 6d ff 48 8d 58 01 e9 23 ff ff ff 66 90
0x00007fa526d62b90:   55 48 89 e5 41 57 41 56 41 55 41 54 49 89 d6 53
0x00007fa526d62ba0:   49 89 f5 48 81 ec 88 00 00 00 e8 81 e6 6d ff 48
0x00007fa526d62bb0:   89 c3 44 8b 20 e8 26 58 1a 00 31 d2 84 c0 75 38
0x00007fa526d62bc0:   48 83 ba d0 00 00 00 00 74 16 4c 8b ba 68 02 00
0x00007fa526d62bd0:   00 41 8b 87 a8 00 00 00 83 f8 01 74 2b 44 89 23
0x00007fa526d62be0:   48 81 c4 88 00 00 00 5b 41 5c 41 5d 41 5e 41 5f
0x00007fa526d62bf0:   5d c3 66 0f 1f 44 00 00 e8 f3 57 1a 00 48 89 c2
0x00007fa526d62c00:   eb be 66 0f 1f 44 00 00 4d 89 af b0 00 00 00 4d
0x00007fa526d62c10:   8d af a8 00 00 00 4d 89 b7 b8 00 00 00 ba 02 00
0x00007fa526d62c20:   00 00 be 01 00 00 00 4c 89 ef e8 01 cb ff ff 83
0x00007fa526d62c30:   f8 02 74 3c 85 c0 75 18 49 c7 87 b8 00 00 00 00
0x00007fa526d62c40:   00 00 00 49 c7 87 b0 00 00 00 00 00 00 00 eb 8d
0x00007fa526d62c50:   48 8d 05 51 96 7b 00 48 8d 3d 7a 4e 2f 00 be 64
0x00007fa526d62c60:   11 00 00 48 8b 00 c6 00 58 e8 22 16 ab ff eb c8
0x00007fa526d62c70:   4c 8d b5 50 ff ff ff 4c 89 f7 e8 11 e2 6d ff 4c
0x00007fa526d62c80:   89 f2 31 f6 31 ff e8 15 e3 6d ff 8b 35 ff 37 7d
0x00007fa526d62c90:   00 4c 89 f7 e8 c7 de 6d ff 48 8d 3d 60 73 81 00
0x00007fa526d62ca0:   be 01 00 00 00 e8 a6 bc 0c 00 66 0f 1f 44 00 00
0x00007fa526d62cb0:   4c 89 f7 e8 d8 e5 6d ff 31 d2 be 03 00 00 00 4c 


Stack slot to memory mapping:
stack at sp + 0 slots: 
[error occurred during error reporting (inspecting top of stack), id 0xb, SIGSEGV (0xb) at pc=0x00007fa526f099e7]


---------------  P R O C E S S  ---------------

VM state:not at safepoint (normal execution)

VM Mutex/Monitor currently owned by a thread: None

Heap address: 0x00000000e0c00000, size: 500 MB, Compressed Oops mode: 32-bit
Narrow klass base: 0x0000000800000000, Narrow klass shift: 3
Compressed class space size: 1073741824 Address: 0x0000000840000000

Heap:
 def new generation   total 10240K, used 2193K [0x00000000e0c00000, 0x00000000e1710000, 0x00000000eb2a0000)
  eden space 9152K,  23% used [0x00000000e0c00000, 0x00000000e0e24600, 0x00000000e14f0000)
  from space 1088K,   0% used [0x00000000e14f0000, 0x00000000e14f0000, 0x00000000e1600000)
  to   space 1088K,   0% used [0x00000000e1600000, 0x00000000e1600000, 0x00000000e1710000)
 tenured generation   total 22616K, used 13567K [0x00000000eb2a0000, 0x00000000ec8b6000, 0x0000000100000000)
   the space 22616K,  59% used [0x00000000eb2a0000, 0x00000000ebfdfe88, 0x00000000ebfe0000, 0x00000000ec8b6000)
 Metaspace       used 20873K, capacity 21630K, committed 21808K, reserved 1069056K
  class space    used 2416K, capacity 2664K, committed 2688K, reserved 1048576K

Card table byte_map: [0x00007fa5243d7000,0x00007fa5244d2000] _byte_map_base: 0x00007fa523cd1000

Polling page: 0x00007fa5283b2000

Metaspace:

Usage:
  Non-class:     18.52 MB capacity,    18.02 MB ( 97%) used,   471.80 KB (  2%) free+waste,    37.31 KB ( <1%) overhead. 
      Class:      2.60 MB capacity,     2.36 MB ( 91%) used,   229.74 KB (  9%) free+waste,    18.00 KB ( <1%) overhead. 
       Both:     21.12 MB capacity,    20.38 MB ( 97%) used,   701.54 KB (  3%) free+waste,    55.31 KB ( <1%) overhead. 

Virtual space:
  Non-class space:       20.00 MB reserved,      18.67 MB ( 93%) committed 
      Class space:        1.00 GB reserved,       2.62 MB ( <1%) committed 
             Both:        1.02 GB reserved,      21.30 MB (  2%) committed 

Chunk freelists:
   Non-Class:  34.00 KB
       Class:  0 bytes
        Both:  34.00 KB

MaxMetaspaceSize: unlimited
CompressedClassSpaceSize: 1.00 GB

CodeHeap 'non-profiled nmethods': size=120036Kb used=1550Kb max_used=1550Kb free=118485Kb
 bounds [0x00007fa5103d7000, 0x00007fa510647000, 0x00007fa517910000]
CodeHeap 'profiled nmethods': size=120032Kb used=7911Kb max_used=7911Kb free=112120Kb
 bounds [0x00007fa508e9f000, 0x00007fa50965f000, 0x00007fa5103d7000]
CodeHeap 'non-nmethods': size=5692Kb used=1147Kb max_used=1161Kb free=4544Kb
 bounds [0x00007fa508910000, 0x00007fa508b80000, 0x00007fa508e9f000]
 total_blobs=5261 nmethods=4094 adapters=398
 compilation: enabled
              stopped_count=0, restarted_count=0
 full_count=0

Compilation events (20 events):
Event: 8.672 Thread 0x00007fa52005b800 nmethod 4093 0x00007fa509654810 code [0x00007fa509654a00, 0x00007fa509654e98]
Event: 8.676 Thread 0x00007fa520059800 nmethod 4092 0x00007fa51055a010 code [0x00007fa51055a1c0, 0x00007fa51055a398]
Event: 8.677 Thread 0x00007fa52005b800 4094       3       java.lang.AbstractStringBuilder::putStringAt (29 bytes)
Event: 8.677 Thread 0x00007fa52005b800 nmethod 4094 0x00007fa509655010 code [0x00007fa509655200, 0x00007fa509655578]
Event: 8.678 Thread 0x00007fa52005b800 4095       3       java.lang.AbstractStringBuilder::append (45 bytes)
Event: 8.679 Thread 0x00007fa52005b800 nmethod 4095 0x00007fa509655690 code [0x00007fa5096558c0, 0x00007fa509655e58]
Event: 8.692 Thread 0x00007fa520059800 4096       4       java.nio.CharBuffer::charAt (16 bytes)
Event: 8.692 Thread 0x00007fa52005b800 4097       3       java.util.regex.Pattern$$Lambda$2/0x0000000840065c40::is (9 bytes)
Event: 8.692 Thread 0x00007fa52005b800 nmethod 4097 0x00007fa509656090 code [0x00007fa509656260, 0x00007fa509656510]
Event: 8.694 Thread 0x00007fa52005b800 4099   !   3       java.io.BufferedWriter::write (117 bytes)
Event: 8.695 Thread 0x00007fa52005b800 nmethod 4099 0x00007fa509656610 code [0x00007fa509656820, 0x00007fa509656f88]
Event: 8.695 Thread 0x00007fa52005b800 4100       3       java.io.OutputStreamWriter::write (11 bytes)
Event: 8.695 Thread 0x00007fa52005b800 nmethod 4100 0x00007fa509657310 code [0x00007fa5096574e0, 0x00007fa5096576a8]
Event: 8.695 Thread 0x00007fa52005b800 4101   !   3       java.io.PrintStream::write (69 bytes)
Event: 8.696 Thread 0x00007fa52005b800 nmethod 4101 0x00007fa509657790 code [0x00007fa5096579c0, 0x00007fa5096581f8]
Event: 8.696 Thread 0x00007fa52005b800 4102       3       java.io.PrintStream::print (9 bytes)
Event: 8.696 Thread 0x00007fa52005b800 nmethod 4102 0x00007fa509658510 code [0x00007fa5096586e0, 0x00007fa5096588b8]
Event: 8.696 Thread 0x00007fa52005b800 4098       3       java.util.regex.Matcher::end (22 bytes)
Event: 8.696 Thread 0x00007fa52005b800 nmethod 4098 0x00007fa509658990 code [0x00007fa509658b60, 0x00007fa509658e08]
Event: 8.697 Thread 0x00007fa520059800 nmethod 4096 0x00007fa51055a510 code [0x00007fa51055a6a0, 0x00007fa51055a7d8]

GC Heap History (20 events):
Event: 3.680 GC heap before
{Heap before GC invocations=12 (full 0):
 def new generation   total 9792K, used 9591K [0x00000000e0c00000, 0x00000000e16a0000, 0x00000000eb2a0000)
  eden space 8704K, 100% used [0x00000000e0c00000, 0x00000000e1480000, 0x00000000e1480000)
  from space 1088K,  81% used [0x00000000e1480000, 0x00000000e155df08, 0x00000000e1590000)
  to   space 1088K,   0% used [0x00000000e1590000, 0x00000000e1590000, 0x00000000e16a0000)
 tenured generation   total 21888K, used 7381K [0x00000000eb2a0000, 0x00000000ec800000, 0x0000000100000000)
   the space 21888K,  33% used [0x00000000eb2a0000, 0x00000000eb9d56e0, 0x00000000eb9d5800, 0x00000000ec800000)
 Metaspace       used 14155K, capacity 15695K, committed 16000K, reserved 1062912K
  class space    used 1611K, capacity 1833K, committed 1920K, reserved 1048576K
}
Event: 3.683 GC heap after
{Heap after GC invocations=13 (full 0):
 def new generation   total 9792K, used 846K [0x00000000e0c00000, 0x00000000e16a0000, 0x00000000eb2a0000)
  eden space 8704K,   0% used [0x00000000e0c00000, 0x00000000e0c00000, 0x00000000e1480000)
  from space 1088K,  77% used [0x00000000e1590000, 0x00000000e1663af8, 0x00000000e16a0000)
  to   space 1088K,   0% used [0x00000000e1480000, 0x00000000e1480000, 0x00000000e1590000)
 tenured generation   total 21888K, used 7812K [0x00000000eb2a0000, 0x00000000ec800000, 0x0000000100000000)
   the space 21888K,  35% used [0x00000000eb2a0000, 0x00000000eba41220, 0x00000000eba41400, 0x00000000ec800000)
 Metaspace       used 14155K, capacity 15695K, committed 16000K, reserved 1062912K
  class space    used 1611K, capacity 1833K, committed 1920K, reserved 1048576K
}
Event: 3.875 GC heap before
{Heap before GC invocations=13 (full 0):
 def new generation   total 9792K, used 9550K [0x00000000e0c00000, 0x00000000e16a0000, 0x00000000eb2a0000)
  eden space 8704K, 100% used [0x00000000e0c00000, 0x00000000e1480000, 0x00000000e1480000)
  from space 1088K,  77% used [0x00000000e1590000, 0x00000000e1663af8, 0x00000000e16a0000)
  to   space 1088K,   0% used [0x00000000e1480000, 0x00000000e1480000, 0x00000000e1590000)
 tenured generation   total 21888K, used 7812K [0x00000000eb2a0000, 0x00000000ec800000, 0x0000000100000000)
   the space 21888K,  35% used [0x00000000eb2a0000, 0x00000000eba41220, 0x00000000eba41400, 0x00000000ec800000)
 Metaspace       used 14555K, capacity 16059K, committed 16256K, reserved 1062912K
  class space    used 1639K, capacity 1869K, committed 1920K, reserved 1048576K
}
Event: 3.879 GC heap after
{Heap after GC invocations=14 (full 0):
 def new generation   total 9792K, used 972K [0x00000000e0c00000, 0x00000000e16a0000, 0x00000000eb2a0000)
  eden space 8704K,   0% used [0x00000000e0c00000, 0x00000000e0c00000, 0x00000000e1480000)
  from space 1088K,  89% used [0x00000000e1480000, 0x00000000e1573370, 0x00000000e1590000)
  to   space 1088K,   0% used [0x00000000e1590000, 0x00000000e1590000, 0x00000000e16a0000)
 tenured generation   total 21888K, used 8190K [0x00000000eb2a0000, 0x00000000ec800000, 0x0000000100000000)
   the space 21888K,  37% used [0x00000000eb2a0000, 0x00000000eba9fb08, 0x00000000eba9fc00, 0x00000000ec800000)
 Metaspace       used 14555K, capacity 16059K, committed 16256K, reserved 1062912K
  class space    used 1639K, capacity 1869K, committed 1920K, reserved 1048576K
}
Event: 4.029 GC heap before
{Heap before GC invocations=14 (full 0):
 def new generation   total 9792K, used 9676K [0x00000000e0c00000, 0x00000000e16a0000, 0x00000000eb2a0000)
  eden space 8704K, 100% used [0x00000000e0c00000, 0x00000000e1480000, 0x00000000e1480000)
  from space 1088K,  89% used [0x00000000e1480000, 0x00000000e1573370, 0x00000000e1590000)
  to   space 1088K,   0% used [0x00000000e1590000, 0x00000000e1590000, 0x00000000e16a0000)
 tenured generation   total 21888K, used 8190K [0x00000000eb2a0000, 0x00000000ec800000, 0x0000000100000000)
   the space 21888K,  37% used [0x00000000eb2a0000, 0x00000000eba9fb08, 0x00000000eba9fc00, 0x00000000ec800000)
 Metaspace       used 14919K, capacity 16422K, committed 16768K, reserved 1064960K
  class space    used 1665K, capacity 1902K, committed 1920K, reserved 1048576K
}
Event: 4.033 GC heap after
{Heap after GC invocations=15 (full 0):
 def new generation   total 9792K, used 1014K [0x00000000e0c00000, 0x00000000e16a0000, 0x00000000eb2a0000)
  eden space 8704K,   0% used [0x00000000e0c00000, 0x00000000e0c00000, 0x00000000e1480000)
  from space 1088K,  93% used [0x00000000e1590000, 0x00000000e168da78, 0x00000000e16a0000)
  to   space 1088K,   0% used [0x00000000e1480000, 0x00000000e1480000, 0x00000000e1590000)
 tenured generation   total 21888K, used 8637K [0x00000000eb2a0000, 0x00000000ec800000, 0x0000000100000000)
   the space 21888K,  39% used [0x00000000eb2a0000, 0x00000000ebb0f7a0, 0x00000000ebb0f800, 0x00000000ec800000)
 Metaspace       used 14919K, capacity 16422K, committed 16768K, reserved 1064960K
  class space    used 1665K, capacity 1902K, committed 1920K, reserved 1048576K
}
Event: 4.284 GC heap before
{Heap before GC invocations=15 (full 0):
 def new generation   total 9792K, used 9689K [0x00000000e0c00000, 0x00000000e16a0000, 0x00000000eb2a0000)
  eden space 8704K,  99% used [0x00000000e0c00000, 0x00000000e1478d58, 0x00000000e1480000)
  from space 1088K,  93% used [0x00000000e1590000, 0x00000000e168da78, 0x00000000e16a0000)
  to   space 1088K,   0% used [0x00000000e1480000, 0x00000000e1480000, 0x00000000e1590000)
 tenured generation   total 21888K, used 8637K [0x00000000eb2a0000, 0x00000000ec800000, 0x0000000100000000)
   the space 21888K,  39% used [0x00000000eb2a0000, 0x00000000ebb0f7a0, 0x00000000ebb0f800, 0x00000000ec800000)
 Metaspace       used 15605K, capacity 17138K, committed 17536K, reserved 1064960K
  class space    used 1787K, capacity 2078K, committed 2176K, reserved 1048576K
}
Event: 4.288 GC heap after
{Heap after GC invocations=16 (full 0):
 def new generation   total 9792K, used 942K [0x00000000e0c00000, 0x00000000e16a0000, 0x00000000eb2a0000)
  eden space 8704K,   0% used [0x00000000e0c00000, 0x00000000e0c00000, 0x00000000e1480000)
  from space 1088K,  86% used [0x00000000e1480000, 0x00000000e156bba0, 0x00000000e1590000)
  to   space 1088K,   0% used [0x00000000e1590000, 0x00000000e1590000, 0x00000000e16a0000)
 tenured generation   total 21888K, used 9139K [0x00000000eb2a0000, 0x00000000ec800000, 0x0000000100000000)
   the space 21888K,  41% used [0x00000000eb2a0000, 0x00000000ebb8cef0, 0x00000000ebb8d000, 0x00000000ec800000)
 Metaspace       used 15605K, capacity 17138K, committed 17536K, reserved 1064960K
  class space    used 1787K, capacity 2078K, committed 2176K, reserved 1048576K
}
Event: 4.652 GC heap before
{Heap before GC invocations=16 (full 0):
 def new generation   total 9792K, used 9646K [0x00000000e0c00000, 0x00000000e16a0000, 0x00000000eb2a0000)
  eden space 8704K, 100% used [0x00000000e0c00000, 0x00000000e1480000, 0x00000000e1480000)
  from space 1088K,  86% used [0x00000000e1480000, 0x00000000e156bba0, 0x00000000e1590000)
  to   space 1088K,   0% used [0x00000000e1590000, 0x00000000e1590000, 0x00000000e16a0000)
 tenured generation   total 21888K, used 9139K [0x00000000eb2a0000, 0x00000000ec800000, 0x0000000100000000)
   the space 21888K,  41% used [0x00000000eb2a0000, 0x00000000ebb8cef0, 0x00000000ebb8d000, 0x00000000ec800000)
 Metaspace       used 17450K, capacity 18406K, committed 18688K, reserved 1064960K
  class space    used 2008K, capacity 2268K, committed 2304K, reserved 1048576K
}
Event: 4.658 GC heap after
{Heap after GC invocations=17 (full 0):
 def new generation   total 9792K, used 1087K [0x00000000e0c00000, 0x00000000e16a0000, 0x00000000eb2a0000)
  eden space 8704K,   0% used [0x00000000e0c00000, 0x00000000e0c00000, 0x00000000e1480000)
  from space 1088K,  99% used [0x00000000e1590000, 0x00000000e169fff8, 0x00000000e16a0000)
  to   space 1088K,   0% used [0x00000000e1480000, 0x00000000e1480000, 0x00000000e1590000)
 tenured generation   total 21888K, used 9629K [0x00000000eb2a0000, 0x00000000ec800000, 0x0000000100000000)
   the space 21888K,  43% used [0x00000000eb2a0000, 0x00000000ebc076d0, 0x00000000ebc07800, 0x00000000ec800000)
 Metaspace       used 17450K, capacity 18406K, committed 18688K, reserved 1064960K
  class space    used 2008K, capacity 2268K, committed 2304K, reserved 1048576K
}
Event: 4.947 GC heap before
{Heap before GC invocations=17 (full 0):
 def new generation   total 9792K, used 9791K [0x00000000e0c00000, 0x00000000e16a0000, 0x00000000eb2a0000)
  eden space 8704K, 100% used [0x00000000e0c00000, 0x00000000e1480000, 0x00000000e1480000)
  from space 1088K,  99% used [0x00000000e1590000, 0x00000000e169fff8, 0x00000000e16a0000)
  to   space 1088K,   0% used [0x00000000e1480000, 0x00000000e1480000, 0x00000000e1590000)
 tenured generation   total 21888K, used 9629K [0x00000000eb2a0000, 0x00000000ec800000, 0x0000000100000000)
   the space 21888K,  43% used [0x00000000eb2a0000, 0x00000000ebc076d0, 0x00000000ebc07800, 0x00000000ec800000)
 Metaspace       used 17673K, capacity 18482K, committed 18688K, reserved 1064960K
  class space    used 2027K, capacity 2271K, committed 2304K, reserved 1048576K
}
Event: 4.954 GC heap after
{Heap after GC invocations=18 (full 0):
 def new generation   total 9792K, used 891K [0x00000000e0c00000, 0x00000000e16a0000, 0x00000000eb2a0000)
  eden space 8704K,   0% used [0x00000000e0c00000, 0x00000000e0c00000, 0x00000000e1480000)
  from space 1088K,  81% used [0x00000000e1480000, 0x00000000e155ef18, 0x00000000e1590000)
  to   space 1088K,   0% used [0x00000000e1590000, 0x00000000e1590000, 0x00000000e16a0000)
 tenured generation   total 21888K, used 10676K [0x00000000eb2a0000, 0x00000000ec800000, 0x0000000100000000)
   the space 21888K,  48% used [0x00000000eb2a0000, 0x00000000ebd0d258, 0x00000000ebd0d400, 0x00000000ec800000)
 Metaspace       used 17673K, capacity 18482K, committed 18688K, reserved 1064960K
  class space    used 2027K, capacity 2271K, committed 2304K, reserved 1048576K
}
Event: 5.061 GC heap before
{Heap before GC invocations=18 (full 0):
 def new generation   total 9792K, used 9595K [0x00000000e0c00000, 0x00000000e16a0000, 0x00000000eb2a0000)
  eden space 8704K, 100% used [0x00000000e0c00000, 0x00000000e1480000, 0x00000000e1480000)
  from space 1088K,  81% used [0x00000000e1480000, 0x00000000e155ef18, 0x00000000e1590000)
  to   space 1088K,   0% used [0x00000000e1590000, 0x00000000e1590000, 0x00000000e16a0000)
 tenured generation   total 21888K, used 10676K [0x00000000eb2a0000, 0x00000000ec800000, 0x0000000100000000)
   the space 21888K,  48% used [0x00000000eb2a0000, 0x00000000ebd0d258, 0x00000000ebd0d400, 0x00000000ec800000)
 Metaspace       used 17712K, capacity 18553K, committed 18688K, reserved 1064960K
  class space    used 2029K, capacity 2273K, committed 2304K, reserved 1048576K
}
Event: 5.065 GC heap after
{Heap after GC invocations=19 (full 0):
 def new generation   total 9792K, used 452K [0x00000000e0c00000, 0x00000000e16a0000, 0x00000000eb2a0000)
  eden space 8704K,   0% used [0x00000000e0c00000, 0x00000000e0c00000, 0x00000000e1480000)
  from space 1088K,  41% used [0x00000000e1590000, 0x00000000e16012b8, 0x00000000e16a0000)
  to   space 1088K,   0% used [0x00000000e1480000, 0x00000000e1480000, 0x00000000e1590000)
 tenured generation   total 21888K, used 11477K [0x00000000eb2a0000, 0x00000000ec800000, 0x0000000100000000)
   the space 21888K,  52% used [0x00000000eb2a0000, 0x00000000ebdd54c0, 0x00000000ebdd5600, 0x00000000ec800000)
 Metaspace       used 17712K, capacity 18553K, committed 18688K, reserved 1064960K
  class space    used 2029K, capacity 2273K, committed 2304K, reserved 1048576K
}
Event: 5.160 GC heap before
{Heap before GC invocations=19 (full 0):
 def new generation   total 9792K, used 9156K [0x00000000e0c00000, 0x00000000e16a0000, 0x00000000eb2a0000)
  eden space 8704K, 100% used [0x00000000e0c00000, 0x00000000e1480000, 0x00000000e1480000)
  from space 1088K,  41% used [0x00000000e1590000, 0x00000000e16012b8, 0x00000000e16a0000)
  to   space 1088K,   0% used [0x00000000e1480000, 0x00000000e1480000, 0x00000000e1590000)
 tenured generation   total 21888K, used 11477K [0x00000000eb2a0000, 0x00000000ec800000, 0x0000000100000000)
   the space 21888K,  52% used [0x00000000eb2a0000, 0x00000000ebdd54c0, 0x00000000ebdd5600, 0x00000000ec800000)
 Metaspace       used 17835K, capacity 18674K, committed 18816K, reserved 1064960K
  class space    used 2045K, capacity 2313K, committed 2432K, reserved 1048576K
}
Event: 5.164 GC heap after
{Heap after GC invocations=20 (full 0):
 def new generation   total 9792K, used 924K [0x00000000e0c00000, 0x00000000e16a0000, 0x00000000eb2a0000)
  eden space 8704K,   0% used [0x00000000e0c00000, 0x00000000e0c00000, 0x00000000e1480000)
  from space 1088K,  84% used [0x00000000e1480000, 0x00000000e1567270, 0x00000000e1590000)
  to   space 1088K,   0% used [0x00000000e1590000, 0x00000000e1590000, 0x00000000e16a0000)
 tenured generation   total 21888K, used 11477K [0x00000000eb2a0000, 0x00000000ec800000, 0x0000000100000000)
   the space 21888K,  52% used [0x00000000eb2a0000, 0x00000000ebdd54c0, 0x00000000ebdd5600, 0x00000000ec800000)
 Metaspace       used 17835K, capacity 18674K, committed 18816K, reserved 1064960K
  class space    used 2045K, capacity 2313K, committed 2432K, reserved 1048576K
}
Event: 6.054 GC heap before
{Heap before GC invocations=20 (full 0):
 def new generation   total 9792K, used 9628K [0x00000000e0c00000, 0x00000000e16a0000, 0x00000000eb2a0000)
  eden space 8704K, 100% used [0x00000000e0c00000, 0x00000000e1480000, 0x00000000e1480000)
  from space 1088K,  84% used [0x00000000e1480000, 0x00000000e1567270, 0x00000000e1590000)
  to   space 1088K,   0% used [0x00000000e1590000, 0x00000000e1590000, 0x00000000e16a0000)
 tenured generation   total 21888K, used 11477K [0x00000000eb2a0000, 0x00000000ec800000, 0x0000000100000000)
   the space 21888K,  52% used [0x00000000eb2a0000, 0x00000000ebdd54c0, 0x00000000ebdd5600, 0x00000000ec800000)
 Metaspace       used 18991K, capacity 19666K, committed 19840K, reserved 1067008K
  class space    used 2201K, capacity 2429K, committed 2432K, reserved 1048576K
}
Event: 6.058 GC heap after
{Heap after GC invocations=21 (full 0):
 def new generation   total 9792K, used 1087K [0x00000000e0c00000, 0x00000000e16a0000, 0x00000000eb2a0000)
  eden space 8704K,   0% used [0x00000000e0c00000, 0x00000000e0c00000, 0x00000000e1480000)
  from space 1088K,  99% used [0x00000000e1590000, 0x00000000e169fff8, 0x00000000e16a0000)
  to   space 1088K,   0% used [0x00000000e1480000, 0x00000000e1480000, 0x00000000e1590000)
 tenured generation   total 21888K, used 12245K [0x00000000eb2a0000, 0x00000000ec800000, 0x0000000100000000)
   the space 21888K,  55% used [0x00000000eb2a0000, 0x00000000ebe95558, 0x00000000ebe95600, 0x00000000ec800000)
 Metaspace       used 18991K, capacity 19666K, committed 19840K, reserved 1067008K
  class space    used 2201K, capacity 2429K, committed 2432K, reserved 1048576K
}
Event: 6.733 GC heap before
{Heap before GC invocations=21 (full 0):
 def new generation   total 9792K, used 3045K [0x00000000e0c00000, 0x00000000e16a0000, 0x00000000eb2a0000)
  eden space 8704K,  22% used [0x00000000e0c00000, 0x00000000e0de9670, 0x00000000e1480000)
  from space 1088K,  99% used [0x00000000e1590000, 0x00000000e169fff8, 0x00000000e16a0000)
  to   space 1088K,   0% used [0x00000000e1480000, 0x00000000e1480000, 0x00000000e1590000)
 tenured generation   total 21888K, used 12245K [0x00000000eb2a0000, 0x00000000ec800000, 0x0000000100000000)
   the space 21888K,  55% used [0x00000000eb2a0000, 0x00000000ebe95558, 0x00000000ebe95600, 0x00000000ec800000)
 Metaspace       used 20388K, capacity 21065K, committed 21296K, reserved 1069056K
  class space    used 2351K, capacity 2602K, committed 2688K, reserved 1048576K
}
Event: 6.775 GC heap after
{Heap after GC invocations=22 (full 1):
 def new generation   total 10240K, used 0K [0x00000000e0c00000, 0x00000000e1710000, 0x00000000eb2a0000)
  eden space 9152K,   0% used [0x00000000e0c00000, 0x00000000e0c00000, 0x00000000e14f0000)
  from space 1088K,   0% used [0x00000000e14f0000, 0x00000000e14f0000, 0x00000000e1600000)
  to   space 1088K,   0% used [0x00000000e1600000, 0x00000000e1600000, 0x00000000e1710000)
 tenured generation   total 22616K, used 13567K [0x00000000eb2a0000, 0x00000000ec8b6000, 0x0000000100000000)
   the space 22616K,  59% used [0x00000000eb2a0000, 0x00000000ebfdfe88, 0x00000000ebfe0000, 0x00000000ec8b6000)
 Metaspace       used 20388K, capacity 21065K, committed 21296K, reserved 1069056K
  class space    used 2351K, capacity 2602K, committed 2688K, reserved 1048576K
}

Deoptimization events (20 events):
Event: 7.269 Thread 0x00007fa521085000 Uncommon trap: trap_request=0xffffffc6 fr.pc=0x00007fa5104feff0 relative=0x0000000000000210
Event: 7.269 Thread 0x00007fa521085000 Uncommon trap: reason=bimorphic_or_optimized_type_check action=maybe_recompile pc=0x00007fa5104feff0 method=java.util.regex.Pattern$BmpCharProperty.match(Ljava/util/regex/Matcher;ILjava/lang/CharSequence;)Z @ 14 c2
Event: 7.269 Thread 0x00007fa521085000 DEOPT PACKING pc=0x00007fa5104feff0 sp=0x00007fa4fa371520
Event: 7.269 Thread 0x00007fa521085000 DEOPT UNPACKING pc=0x00007fa5089383a5 sp=0x00007fa4fa3714d0 mode 2
Event: 7.273 Thread 0x00007fa521085000 Uncommon trap: trap_request=0xffffffc6 fr.pc=0x00007fa5104dfa8c relative=0x00000000000000cc
Event: 7.273 Thread 0x00007fa521085000 Uncommon trap: reason=bimorphic_or_optimized_type_check action=maybe_recompile pc=0x00007fa5104dfa8c method=java.lang.Character.codePointBefore(Ljava/lang/CharSequence;I)I @ 5 c2
Event: 7.273 Thread 0x00007fa521085000 DEOPT PACKING pc=0x00007fa5104dfa8c sp=0x00007fa4fa3715d0
Event: 7.273 Thread 0x00007fa521085000 DEOPT UNPACKING pc=0x00007fa5089383a5 sp=0x00007fa4fa371578 mode 2
Event: 7.273 Thread 0x00007fa521085000 Uncommon trap: trap_request=0xffffffc6 fr.pc=0x00007fa5104dfa8c relative=0x00000000000000cc
Event: 7.273 Thread 0x00007fa521085000 Uncommon trap: reason=bimorphic_or_optimized_type_check action=maybe_recompile pc=0x00007fa5104dfa8c method=java.lang.Character.codePointBefore(Ljava/lang/CharSequence;I)I @ 5 c2
Event: 7.273 Thread 0x00007fa521085000 DEOPT PACKING pc=0x00007fa5104dfa8c sp=0x00007fa4fa3715d0
Event: 7.273 Thread 0x00007fa521085000 DEOPT UNPACKING pc=0x00007fa5089383a5 sp=0x00007fa4fa371578 mode 2
Event: 7.273 Thread 0x00007fa521085000 Uncommon trap: trap_request=0xffffffc6 fr.pc=0x00007fa5104dfa8c relative=0x00000000000000cc
Event: 7.273 Thread 0x00007fa521085000 Uncommon trap: reason=bimorphic_or_optimized_type_check action=maybe_recompile pc=0x00007fa5104dfa8c method=java.lang.Character.codePointBefore(Ljava/lang/CharSequence;I)I @ 5 c2
Event: 7.273 Thread 0x00007fa521085000 DEOPT PACKING pc=0x00007fa5104dfa8c sp=0x00007fa4fa3715d0
Event: 7.273 Thread 0x00007fa521085000 DEOPT UNPACKING pc=0x00007fa5089383a5 sp=0x00007fa4fa371578 mode 2
Event: 7.273 Thread 0x00007fa521085000 Uncommon trap: trap_request=0xffffffc6 fr.pc=0x00007fa5104dfa8c relative=0x00000000000000cc
Event: 7.273 Thread 0x00007fa521085000 Uncommon trap: reason=bimorphic_or_optimized_type_check action=maybe_recompile pc=0x00007fa5104dfa8c method=java.lang.Character.codePointBefore(Ljava/lang/CharSequence;I)I @ 5 c2
Event: 7.273 Thread 0x00007fa521085000 DEOPT PACKING pc=0x00007fa5104dfa8c sp=0x00007fa4fa3715d0
Event: 7.273 Thread 0x00007fa521085000 DEOPT UNPACKING pc=0x00007fa5089383a5 sp=0x00007fa4fa371578 mode 2

Classes redefined (0 events):
No events

Internal exceptions (18 events):
Event: 0.180 Thread 0x00007fa520014000 Exception <a 'java/lang/NoSuchMethodError'{0x00000000e0ef2610}: 'int java.lang.invoke.DirectMethodHandle$Holder.invokeSpecialIFC(java.lang.Object, java.lang.Object, int)'> (0x00000000e0ef2610) thrown at [/build/openjdk-11-11.0.6+10/src/hotspot/share/inter
Event: 2.093 Thread 0x00007fa520014000 Exception <a 'java/lang/NoClassDefFoundError'{0x00000000e0f79978}: com/google/inject/servlet/ServletModuleTargetVisitor> (0x00000000e0f79978) thrown at [/build/openjdk-11-11.0.6+10/src/hotspot/share/classfile/systemDictionary.cpp, line 220]
Event: 2.093 Thread 0x00007fa520014000 Exception <a 'java/lang/NoClassDefFoundError'{0x00000000e0f79978}> (0x00000000e0f79978) thrown at [/build/openjdk-11-11.0.6+10/src/hotspot/share/prims/jvm.cpp, line 1301]
Event: 2.093 Thread 0x00007fa520014000 Exception <a 'java/lang/NoClassDefFoundError'{0x00000000e0f7c4b8}: javax/annotation/Priority> (0x00000000e0f7c4b8) thrown at [/build/openjdk-11-11.0.6+10/src/hotspot/share/classfile/systemDictionary.cpp, line 220]
Event: 2.722 Thread 0x00007fa520014000 Implicit null exception at 0x00007fa510448885 to 0x00007fa510448a62
Event: 2.722 Thread 0x00007fa520014000 Implicit null exception at 0x00007fa5104541cb to 0x00007fa510454676
Event: 4.352 Thread 0x00007fa520014000 Exception <a 'java/lang/NoSuchMethodError'{0x00000000e0d1cd10}: 'java.lang.Object java.lang.invoke.DirectMethodHandle$Holder.invokeStatic(java.lang.Object, java.lang.Object, java.lang.Object, java.lang.Object, java.lang.Object, java.lang.Object, java.lang
Event: 4.358 Thread 0x00007fa520014000 Exception <a 'java/lang/NoSuchMethodError'{0x00000000e0d2ad50}: 'java.lang.Object java.lang.invoke.DirectMethodHandle$Holder.invokeStatic(java.lang.Object, java.lang.Object, java.lang.Object, java.lang.Object, java.lang.Object, java.lang.Object, java.lang
Event: 4.362 Thread 0x00007fa520014000 Exception <a 'java/lang/NoSuchMethodError'{0x00000000e0d38eb0}: 'java.lang.Object java.lang.invoke.DirectMethodHandle$Holder.invokeSpecial(java.lang.Object, java.lang.Object, int, int, java.lang.Object, java.lang.Object, java.lang.Object)'> (0x00000000e0d
Event: 4.362 Thread 0x00007fa520014000 Exception <a 'java/lang/NoSuchMethodError'{0x00000000e0d3c6e8}: 'java.lang.Object java.lang.invoke.DelegatingMethodHandle$Holder.reinvoke_L(java.lang.Object, int, int, java.lang.Object, java.lang.Object, java.lang.Object)'> (0x00000000e0d3c6e8) thrown at 
Event: 4.364 Thread 0x00007fa520014000 Exception <a 'java/lang/NoSuchMethodError'{0x00000000e0d40d18}: 'java.lang.Object java.lang.invoke.DirectMethodHandle$Holder.invokeStatic(java.lang.Object, java.lang.Object, java.lang.Object, java.lang.Object, int)'> (0x00000000e0d40d18) thrown at [/build
Event: 4.669 Thread 0x00007fa520014000 Exception <a 'java/lang/NoSuchMethodError'{0x00000000e0c638c8}: 'java.lang.Object java.lang.invoke.DirectMethodHandle$Holder.invokeStatic(java.lang.Object, int, java.lang.Object)'> (0x00000000e0c638c8) thrown at [/build/openjdk-11-11.0.6+10/src/hotspot/sh
Event: 5.390 Thread 0x00007fa520014000 Exception <a 'java/lang/NoSuchMethodError'{0x00000000e1144d10}: 'java.lang.Object java.lang.invoke.DirectMethodHandle$Holder.invokeStaticInit(java.lang.Object, java.lang.Object, long, java.lang.Object)'> (0x00000000e1144d10) thrown at [/build/openjdk-11-1
Event: 5.392 Thread 0x00007fa520014000 Exception <a 'java/lang/NoSuchMethodError'{0x00000000e1150e70}: 'java.lang.Object java.lang.invoke.Invokers$Holder.linkToTargetMethod(java.lang.Object, long, java.lang.Object)'> (0x00000000e1150e70) thrown at [/build/openjdk-11-11.0.6+10/src/hotspot/share
Event: 5.399 Thread 0x00007fa520014000 Exception <a 'java/lang/NoSuchMethodError'{0x00000000e1157bc0}: 'java.lang.Object java.lang.invoke.DirectMethodHandle$Holder.invokeStatic(java.lang.Object, java.lang.Object, java.lang.Object, int)'> (0x00000000e1157bc0) thrown at [/build/openjdk-11-11.0.6
Event: 5.400 Thread 0x00007fa520014000 Exception <a 'java/lang/NoSuchMethodError'{0x00000000e115b588}: 'java.lang.Object java.lang.invoke.DirectMethodHandle$Holder.invokeSpecial(java.lang.Object, java.lang.Object, java.lang.Object, java.lang.Object, int)'> (0x00000000e115b588) thrown at [/buil
Event: 5.400 Thread 0x00007fa520014000 Exception <a 'java/lang/NoSuchMethodError'{0x00000000e115e5f0}: 'java.lang.Object java.lang.invoke.Invokers$Holder.linkToTargetMethod(java.lang.Object, java.lang.Object, int, java.lang.Object)'> (0x00000000e115e5f0) thrown at [/build/openjdk-11-11.0.6+10/
Event: 6.810 Thread 0x00007fa520014000 Exception <a 'java/lang/ClassNotFoundException'{0x00000000e0d8e368}: sun/util/logging/resources/spi/loggingProvider> (0x00000000e0d8e368) thrown at [/build/openjdk-11-11.0.6+10/src/hotspot/share/classfile/systemDictionary.cpp, line 231]

Events (20 events):
Event: 6.811 loading class sun/util/logging/resources/logging_en
Event: 6.811 loading class sun/util/logging/resources/logging_en done
Event: 6.812 loading class sun/util/logging/resources/logging_en_US
Event: 6.812 loading class sun/util/logging/resources/logging_en_US done
Event: 6.812 loading class sun/util/logging/resources/logging_en_US
Event: 6.812 loading class sun/util/logging/resources/logging_en_US done
Event: 6.832 loading class java/util/Scanner
Event: 6.832 loading class java/util/Scanner done
Event: 6.835 loading class java/util/Scanner$PatternLRUCache
Event: 6.835 loading class java/util/Scanner$PatternLRUCache done
Event: 6.835 Thread 0x00007fa521084000 Thread added: 0x00007fa521084000
Event: 6.836 Protecting memory [0x00007fa4fa373000,0x00007fa4fa377000] with protection modes 0
Event: 6.836 Thread 0x00007fa521085000 Thread added: 0x00007fa521085000
Event: 6.836 Protecting memory [0x00007fa4fa272000,0x00007fa4fa276000] with protection modes 0
Event: 7.233 loading class java/util/regex/Matcher$ImmutableMatchResult
Event: 7.233 loading class java/util/regex/Matcher$ImmutableMatchResult done
Event: 7.234 loading class org/apache/maven/plugin/logging/Log
Event: 7.234 loading class org/apache/maven/plugin/logging/Log done
Event: 7.234 loading class org/apache/maven/plugin/logging/Log
Event: 7.234 loading class org/apache/maven/plugin/logging/Log done


Dynamic libraries:
e0c00000-e1710000 rw-p 00000000 00:00 0 
e1710000-eb2a0000 ---p 00000000 00:00 0 
eb2a0000-ec8b6000 rw-p 00000000 00:00 0 
ec8b6000-100000000 ---p 00000000 00:00 0 
800000000-800002000 rwxp 00001000 08:01 2118409                          /usr/lib/jvm/java-11-openjdk-amd64/lib/server/classes.jsa
800002000-8003b7000 rw-p 00003000 08:01 2118409                          /usr/lib/jvm/java-11-openjdk-amd64/lib/server/classes.jsa
8003b7000-800a8a000 r--p 003b8000 08:01 2118409                          /usr/lib/jvm/java-11-openjdk-amd64/lib/server/classes.jsa
800a8a000-800a8b000 rw-p 00a8b000 08:01 2118409                          /usr/lib/jvm/java-11-openjdk-amd64/lib/server/classes.jsa
800a8b000-801095000 r--p 00a8c000 08:01 2118409                          /usr/lib/jvm/java-11-openjdk-amd64/lib/server/classes.jsa
840000000-8402a0000 rw-p 00000000 00:00 0 
8402a0000-880000000 ---p 00000000 00:00 0 
55bfb0ee2000-55bfb0ee3000 r-xp 00000000 08:01 2118040                    /usr/lib/jvm/java-11-openjdk-amd64/bin/java
55bfb10e3000-55bfb10e4000 r--p 00001000 08:01 2118040                    /usr/lib/jvm/java-11-openjdk-amd64/bin/java
55bfb10e4000-55bfb10e5000 rw-p 00002000 08:01 2118040                    /usr/lib/jvm/java-11-openjdk-amd64/bin/java
55bfb1673000-55bfb16b5000 rw-p 00000000 00:00 0                          [heap]
7fa4cc000000-7fa4cc021000 rw-p 00000000 00:00 0 
7fa4cc021000-7fa4d0000000 ---p 00000000 00:00 0 
7fa4d4000000-7fa4d4021000 rw-p 00000000 00:00 0 
7fa4d4021000-7fa4d8000000 ---p 00000000 00:00 0 
7fa4d8000000-7fa4d8021000 rw-p 00000000 00:00 0 
7fa4d8021000-7fa4dc000000 ---p 00000000 00:00 0 
7fa4dc000000-7fa4dc021000 rw-p 00000000 00:00 0 
7fa4dc021000-7fa4e0000000 ---p 00000000 00:00 0 
7fa4e0000000-7fa4e0021000 rw-p 00000000 00:00 0 
7fa4e0021000-7fa4e4000000 ---p 00000000 00:00 0 
7fa4e4000000-7fa4e4021000 rw-p 00000000 00:00 0 
7fa4e4021000-7fa4e8000000 ---p 00000000 00:00 0 
7fa4e8000000-7fa4e8021000 rw-p 00000000 00:00 0 
7fa4e8021000-7fa4ec000000 ---p 00000000 00:00 0 
7fa4ec000000-7fa4ecb90000 rw-p 00000000 00:00 0 
7fa4ecb90000-7fa4f0000000 ---p 00000000 00:00 0 
7fa4f0000000-7fa4f055a000 rw-p 00000000 00:00 0 
7fa4f055a000-7fa4f4000000 ---p 00000000 00:00 0 
7fa4f4000000-7fa4f4021000 rw-p 00000000 00:00 0 
7fa4f4021000-7fa4f8000000 ---p 00000000 00:00 0 
7fa4fa072000-7fa4fa11e000 rw-p 00000000 00:00 0 
7fa4fa11e000-7fa4fa272000 ---p 00000000 00:00 0 
7fa4fa272000-7fa4fa276000 ---p 00000000 00:00 0 
7fa4fa276000-7fa4fa373000 rw-p 00000000 00:00 0 
7fa4fa373000-7fa4fa377000 ---p 00000000 00:00 0 
7fa4fa377000-7fa4fa674000 rw-p 00000000 00:00 0 
7fa4fa674000-7fa4fa874000 rw-p 00000000 00:00 0 
7fa4fa874000-7fa4faa74000 rw-p 00000000 00:00 0 
7fa4fab2f000-7fa4fad2f000 rw-p 00000000 00:00 0 
7fa4fad2f000-7fa4faf2f000 rw-p 00000000 00:00 0 
7fa4faf2f000-7fa4faf31000 r-xp 00000000 08:01 1843038                    /lib/x86_64-linux-gnu/libutil-2.24.so
7fa4faf31000-7fa4fb130000 ---p 00002000 08:01 1843038                    /lib/x86_64-linux-gnu/libutil-2.24.so
7fa4fb130000-7fa4fb131000 r--p 00001000 08:01 1843038                    /lib/x86_64-linux-gnu/libutil-2.24.so
7fa4fb131000-7fa4fb132000 rw-p 00002000 08:01 1843038                    /lib/x86_64-linux-gnu/libutil-2.24.so
7fa4fb132000-7fa4fb135000 r-xp 00000000 08:01 1993728                    /opt/maven/lib/jansi-native/linux64/libjansi.so
7fa4fb135000-7fa4fb334000 ---p 00003000 08:01 1993728                    /opt/maven/lib/jansi-native/linux64/libjansi.so
7fa4fb334000-7fa4fb335000 rw-p 00002000 08:01 1993728                    /opt/maven/lib/jansi-native/linux64/libjansi.so
7fa4fb335000-7fa4fb34b000 r-xp 00000000 08:01 2118388                    /usr/lib/jvm/java-11-openjdk-amd64/lib/libnet.so
7fa4fb34b000-7fa4fb54a000 ---p 00016000 08:01 2118388                    /usr/lib/jvm/java-11-openjdk-amd64/lib/libnet.so
7fa4fb54a000-7fa4fb54b000 r--p 00015000 08:01 2118388                    /usr/lib/jvm/java-11-openjdk-amd64/lib/libnet.so
7fa4fb54b000-7fa4fb54c000 rw-p 00016000 08:01 2118388                    /usr/lib/jvm/java-11-openjdk-amd64/lib/libnet.so
7fa4fb54c000-7fa4fb55c000 r-xp 00000000 08:01 2118389                    /usr/lib/jvm/java-11-openjdk-amd64/lib/libnio.so
7fa4fb55c000-7fa4fb75b000 ---p 00010000 08:01 2118389                    /usr/lib/jvm/java-11-openjdk-amd64/lib/libnio.so
7fa4fb75b000-7fa4fb75c000 r--p 0000f000 08:01 2118389                    /usr/lib/jvm/java-11-openjdk-amd64/lib/libnio.so
7fa4fb75c000-7fa4fb75d000 rw-p 00010000 08:01 2118389                    /usr/lib/jvm/java-11-openjdk-amd64/lib/libnio.so
7fa4fb75d000-7fa4fb761000 ---p 00000000 00:00 0 
7fa4fb761000-7fa4fb85e000 rw-p 00000000 00:00 0 
7fa4fb85e000-7fa4fb85f000 ---p 00000000 00:00 0 
7fa4fb85f000-7fa4fb960000 rw-p 00000000 00:00 0 
7fa4fb960000-7fa4fb964000 ---p 00000000 00:00 0 
7fa4fb964000-7fa4fba61000 rw-p 00000000 00:00 0 
7fa4fba61000-7fa4fba65000 ---p 00000000 00:00 0 
7fa4fba65000-7fa4fbb62000 rw-p 00000000 00:00 0 
7fa4fbb62000-7fa4fbb66000 ---p 00000000 00:00 0 
7fa4fbb66000-7fa4fbc63000 rw-p 00000000 00:00 0 
7fa4fbc63000-7fa4fbc67000 ---p 00000000 00:00 0 
7fa4fbc67000-7fa4fbd64000 rw-p 00000000 00:00 0 
7fa4fbd64000-7fa4fbd68000 ---p 00000000 00:00 0 
7fa4fbd68000-7fa4fbe65000 rw-p 00000000 00:00 0 
7fa4fbe65000-7fa4fc000000 r--p 00000000 08:01 1850658                    /usr/lib/locale/locale-archive
7fa4fc000000-7fa4fc021000 rw-p 00000000 00:00 0 
7fa4fc021000-7fa500000000 ---p 00000000 00:00 0 
7fa500000000-7fa500021000 rw-p 00000000 00:00 0 
7fa500021000-7fa504000000 ---p 00000000 00:00 0 
7fa504000000-7fa50403a000 rw-p 00000000 00:00 0 
7fa50403a000-7fa508000000 ---p 00000000 00:00 0 
7fa50800f000-7fa508013000 ---p 00000000 00:00 0 
7fa508013000-7fa508910000 rw-p 00000000 00:00 0 
7fa508910000-7fa508b80000 rwxp 00000000 00:00 0 
7fa508b80000-7fa508e9f000 ---p 00000000 00:00 0 
7fa508e9f000-7fa50965f000 rwxp 00000000 00:00 0 
7fa50965f000-7fa5103d7000 ---p 00000000 00:00 0 
7fa5103d7000-7fa510647000 rwxp 00000000 00:00 0 
7fa510647000-7fa517910000 ---p 00000000 00:00 0 
7fa517910000-7fa520000000 r--s 00000000 08:01 2118399                    /usr/lib/jvm/java-11-openjdk-amd64/lib/modules
7fa520000000-7fa5210be000 rw-p 00000000 00:00 0 
7fa5210be000-7fa524000000 ---p 00000000 00:00 0 
7fa52405c000-7fa524060000 ---p 00000000 00:00 0 
7fa524060000-7fa5240af000 rw-p 00000000 00:00 0 
7fa5240af000-7fa5240b3000 ---p 00000000 00:00 0 
7fa5240b3000-7fa5241b0000 rw-p 00000000 00:00 0 
7fa5241b0000-7fa5241b1000 ---p 00000000 00:00 0 
7fa5241b1000-7fa5243dd000 rw-p 00000000 00:00 0 
7fa5243dd000-7fa52442a000 ---p 00000000 00:00 0 
7fa52442a000-7fa524436000 rw-p 00000000 00:00 0 
7fa524436000-7fa5244d1000 ---p 00000000 00:00 0 
7fa5244d1000-7fa5244d7000 rw-p 00000000 00:00 0 
7fa5244d7000-7fa5245bd000 ---p 00000000 00:00 0 
7fa5245bd000-7fa5245cd000 rw-p 00000000 00:00 0 
7fa5245cd000-7fa5246a8000 ---p 00000000 00:00 0 
7fa5246a8000-7fa5246ad000 r-xp 00000000 08:01 2118380                    /usr/lib/jvm/java-11-openjdk-amd64/lib/libjimage.so
7fa5246ad000-7fa5248ac000 ---p 00005000 08:01 2118380                    /usr/lib/jvm/java-11-openjdk-amd64/lib/libjimage.so
7fa5248ac000-7fa5248ad000 r--p 00004000 08:01 2118380                    /usr/lib/jvm/java-11-openjdk-amd64/lib/libjimage.so
7fa5248ad000-7fa5248ae000 rw-p 00005000 08:01 2118380                    /usr/lib/jvm/java-11-openjdk-amd64/lib/libjimage.so
7fa5248ae000-7fa5248b5000 r-xp 00000000 08:01 2118398                    /usr/lib/jvm/java-11-openjdk-amd64/lib/libzip.so
7fa5248b5000-7fa524ab4000 ---p 00007000 08:01 2118398                    /usr/lib/jvm/java-11-openjdk-amd64/lib/libzip.so
7fa524ab4000-7fa524ab5000 r--p 00006000 08:01 2118398                    /usr/lib/jvm/java-11-openjdk-amd64/lib/libzip.so
7fa524ab5000-7fa524ab6000 rw-p 00007000 08:01 2118398                    /usr/lib/jvm/java-11-openjdk-amd64/lib/libzip.so
7fa524ab6000-7fa524ac0000 r-xp 00000000 08:01 1843001                    /lib/x86_64-linux-gnu/libnss_files-2.24.so
7fa524ac0000-7fa524cc0000 ---p 0000a000 08:01 1843001                    /lib/x86_64-linux-gnu/libnss_files-2.24.so
7fa524cc0000-7fa524cc1000 r--p 0000a000 08:01 1843001                    /lib/x86_64-linux-gnu/libnss_files-2.24.so
7fa524cc1000-7fa524cc2000 rw-p 0000b000 08:01 1843001                    /lib/x86_64-linux-gnu/libnss_files-2.24.so
7fa524cc2000-7fa524cc8000 rw-p 00000000 00:00 0 
7fa524cc8000-7fa524cd3000 r-xp 00000000 08:01 1843005                    /lib/x86_64-linux-gnu/libnss_nis-2.24.so
7fa524cd3000-7fa524ed2000 ---p 0000b000 08:01 1843005                    /lib/x86_64-linux-gnu/libnss_nis-2.24.so
7fa524ed2000-7fa524ed3000 r--p 0000a000 08:01 1843005                    /lib/x86_64-linux-gnu/libnss_nis-2.24.so
7fa524ed3000-7fa524ed4000 rw-p 0000b000 08:01 1843005                    /lib/x86_64-linux-gnu/libnss_nis-2.24.so
7fa524ed4000-7fa524ee8000 r-xp 00000000 08:01 1842995                    /lib/x86_64-linux-gnu/libnsl-2.24.so
7fa524ee8000-7fa5250e8000 ---p 00014000 08:01 1842995                    /lib/x86_64-linux-gnu/libnsl-2.24.so
7fa5250e8000-7fa5250e9000 r--p 00014000 08:01 1842995                    /lib/x86_64-linux-gnu/libnsl-2.24.so
7fa5250e9000-7fa5250ea000 rw-p 00015000 08:01 1842995                    /lib/x86_64-linux-gnu/libnsl-2.24.so
7fa5250ea000-7fa5250ec000 rw-p 00000000 00:00 0 
7fa5250ec000-7fa5250f3000 r-xp 00000000 08:01 1842997                    /lib/x86_64-linux-gnu/libnss_compat-2.24.so
7fa5250f3000-7fa5252f2000 ---p 00007000 08:01 1842997                    /lib/x86_64-linux-gnu/libnss_compat-2.24.so
7fa5252f2000-7fa5252f3000 r--p 00006000 08:01 1842997                    /lib/x86_64-linux-gnu/libnss_compat-2.24.so
7fa5252f3000-7fa5252f4000 rw-p 00007000 08:01 1842997                    /lib/x86_64-linux-gnu/libnss_compat-2.24.so
7fa5252f4000-7fa52531d000 r-xp 00000000 08:01 2118376                    /usr/lib/jvm/java-11-openjdk-amd64/lib/libjava.so
7fa52531d000-7fa52551c000 ---p 00029000 08:01 2118376                    /usr/lib/jvm/java-11-openjdk-amd64/lib/libjava.so
7fa52551c000-7fa52551d000 r--p 00028000 08:01 2118376                    /usr/lib/jvm/java-11-openjdk-amd64/lib/libjava.so
7fa52551d000-7fa52551f000 rw-p 00029000 08:01 2118376                    /usr/lib/jvm/java-11-openjdk-amd64/lib/libjava.so
7fa52551f000-7fa52552c000 r-xp 00000000 08:01 2118397                    /usr/lib/jvm/java-11-openjdk-amd64/lib/libverify.so
7fa52552c000-7fa52572b000 ---p 0000d000 08:01 2118397                    /usr/lib/jvm/java-11-openjdk-amd64/lib/libverify.so
7fa52572b000-7fa52572d000 r--p 0000c000 08:01 2118397                    /usr/lib/jvm/java-11-openjdk-amd64/lib/libverify.so
7fa52572d000-7fa52572e000 rw-p 0000e000 08:01 2118397                    /usr/lib/jvm/java-11-openjdk-amd64/lib/libverify.so
7fa52572e000-7fa525735000 r-xp 00000000 08:01 1843022                    /lib/x86_64-linux-gnu/librt-2.24.so
7fa525735000-7fa525934000 ---p 00007000 08:01 1843022                    /lib/x86_64-linux-gnu/librt-2.24.so
7fa525934000-7fa525935000 r--p 00006000 08:01 1843022                    /lib/x86_64-linux-gnu/librt-2.24.so
7fa525935000-7fa525936000 rw-p 00007000 08:01 1843022                    /lib/x86_64-linux-gnu/librt-2.24.so
7fa525936000-7fa52594c000 r-xp 00000000 08:01 1842975                    /lib/x86_64-linux-gnu/libgcc_s.so.1
7fa52594c000-7fa525b4b000 ---p 00016000 08:01 1842975                    /lib/x86_64-linux-gnu/libgcc_s.so.1
7fa525b4b000-7fa525b4c000 r--p 00015000 08:01 1842975                    /lib/x86_64-linux-gnu/libgcc_s.so.1
7fa525b4c000-7fa525b4d000 rw-p 00016000 08:01 1842975                    /lib/x86_64-linux-gnu/libgcc_s.so.1
7fa525b4d000-7fa525c50000 r-xp 00000000 08:01 1842984                    /lib/x86_64-linux-gnu/libm-2.24.so
7fa525c50000-7fa525e4f000 ---p 00103000 08:01 1842984                    /lib/x86_64-linux-gnu/libm-2.24.so
7fa525e4f000-7fa525e50000 r--p 00102000 08:01 1842984                    /lib/x86_64-linux-gnu/libm-2.24.so
7fa525e50000-7fa525e51000 rw-p 00103000 08:01 1842984                    /lib/x86_64-linux-gnu/libm-2.24.so
7fa525e51000-7fa525fc3000 r-xp 00000000 08:01 1843740                    /usr/lib/x86_64-linux-gnu/libstdc++.so.6.0.22
7fa525fc3000-7fa5261c3000 ---p 00172000 08:01 1843740                    /usr/lib/x86_64-linux-gnu/libstdc++.so.6.0.22
7fa5261c3000-7fa5261cd000 r--p 00172000 08:01 1843740                    /usr/lib/x86_64-linux-gnu/libstdc++.so.6.0.22
7fa5261cd000-7fa5261cf000 rw-p 0017c000 08:01 1843740                    /usr/lib/x86_64-linux-gnu/libstdc++.so.6.0.22
7fa5261cf000-7fa5261d3000 rw-p 00000000 00:00 0 
7fa5261d3000-7fa52725b000 r-xp 00000000 08:01 2118411                    /usr/lib/jvm/java-11-openjdk-amd64/lib/server/libjvm.so
7fa52725b000-7fa52745a000 ---p 01088000 08:01 2118411                    /usr/lib/jvm/java-11-openjdk-amd64/lib/server/libjvm.so
7fa52745a000-7fa527517000 r--p 01087000 08:01 2118411                    /usr/lib/jvm/java-11-openjdk-amd64/lib/server/libjvm.so
7fa527517000-7fa527551000 rw-p 01144000 08:01 2118411                    /usr/lib/jvm/java-11-openjdk-amd64/lib/server/libjvm.so
7fa527551000-7fa5275a7000 rw-p 00000000 00:00 0 
7fa5275a7000-7fa52773c000 r-xp 00000000 08:01 1842955                    /lib/x86_64-linux-gnu/libc-2.24.so
7fa52773c000-7fa52793c000 ---p 00195000 08:01 1842955                    /lib/x86_64-linux-gnu/libc-2.24.so
7fa52793c000-7fa527940000 r--p 00195000 08:01 1842955                    /lib/x86_64-linux-gnu/libc-2.24.so
7fa527940000-7fa527942000 rw-p 00199000 08:01 1842955                    /lib/x86_64-linux-gnu/libc-2.24.so
7fa527942000-7fa527946000 rw-p 00000000 00:00 0 
7fa527946000-7fa527949000 r-xp 00000000 08:01 1842967                    /lib/x86_64-linux-gnu/libdl-2.24.so
7fa527949000-7fa527b48000 ---p 00003000 08:01 1842967                    /lib/x86_64-linux-gnu/libdl-2.24.so
7fa527b48000-7fa527b49000 r--p 00002000 08:01 1842967                    /lib/x86_64-linux-gnu/libdl-2.24.so
7fa527b49000-7fa527b4a000 rw-p 00003000 08:01 1842967                    /lib/x86_64-linux-gnu/libdl-2.24.so
7fa527b4a000-7fa527b59000 r-xp 00000000 08:01 2118358                    /usr/lib/jvm/java-11-openjdk-amd64/lib/jli/libjli.so
7fa527b59000-7fa527d58000 ---p 0000f000 08:01 2118358                    /usr/lib/jvm/java-11-openjdk-amd64/lib/jli/libjli.so
7fa527d58000-7fa527d59000 r--p 0000e000 08:01 2118358                    /usr/lib/jvm/java-11-openjdk-amd64/lib/jli/libjli.so
7fa527d59000-7fa527d5a000 rw-p 0000f000 08:01 2118358                    /usr/lib/jvm/java-11-openjdk-amd64/lib/jli/libjli.so
7fa527d5a000-7fa527d72000 r-xp 00000000 08:01 1843018                    /lib/x86_64-linux-gnu/libpthread-2.24.so
7fa527d72000-7fa527f71000 ---p 00018000 08:01 1843018                    /lib/x86_64-linux-gnu/libpthread-2.24.so
7fa527f71000-7fa527f72000 r--p 00017000 08:01 1843018                    /lib/x86_64-linux-gnu/libpthread-2.24.so
7fa527f72000-7fa527f73000 rw-p 00018000 08:01 1843018                    /lib/x86_64-linux-gnu/libpthread-2.24.so
7fa527f73000-7fa527f77000 rw-p 00000000 00:00 0 
7fa527f77000-7fa527f90000 r-xp 00000000 08:01 1843043                    /lib/x86_64-linux-gnu/libz.so.1.2.8
7fa527f90000-7fa52818f000 ---p 00019000 08:01 1843043                    /lib/x86_64-linux-gnu/libz.so.1.2.8
7fa52818f000-7fa528190000 r--p 00018000 08:01 1843043                    /lib/x86_64-linux-gnu/libz.so.1.2.8
7fa528190000-7fa528191000 rw-p 00019000 08:01 1843043                    /lib/x86_64-linux-gnu/libz.so.1.2.8
7fa528191000-7fa5281b4000 r-xp 00000000 08:01 1842937                    /lib/x86_64-linux-gnu/ld-2.24.so
7fa5281ce000-7fa5281fb000 rw-p 00000000 00:00 0 
7fa5281fb000-7fa528296000 ---p 00000000 00:00 0 
7fa528296000-7fa52829b000 rw-p 00000000 00:00 0 
7fa52829b000-7fa5282a2000 ---p 00000000 00:00 0 
7fa5282a2000-7fa5282a4000 r--s 00007000 08:01 2379129                    /usr/share/java/java-atk-wrapper.jar
7fa5282a4000-7fa5282a8000 ---p 00000000 00:00 0 
7fa5282a8000-7fa5283a9000 rw-p 00000000 00:00 0 
7fa5283aa000-7fa5283b2000 rw-s 00000000 08:01 411604                     /tmp/hsperfdata_tanzachary/4435
7fa5283b2000-7fa5283b3000 ---p 00000000 00:00 0 
7fa5283b3000-7fa5283b4000 r--p 00000000 00:00 0 
7fa5283b4000-7fa5283b5000 r--p 00023000 08:01 1842937                    /lib/x86_64-linux-gnu/ld-2.24.so
7fa5283b5000-7fa5283b6000 rw-p 00024000 08:01 1842937                    /lib/x86_64-linux-gnu/ld-2.24.so
7fa5283b6000-7fa5283b7000 rw-p 00000000 00:00 0 
7ffd967aa000-7ffd967cb000 rw-p 00000000 00:00 0                          [stack]
7ffd967ec000-7ffd967ef000 r--p 00000000 00:00 0                          [vvar]
7ffd967ef000-7ffd967f1000 r-xp 00000000 00:00 0                          [vdso]
ffffffffff600000-ffffffffff601000 r-xp 00000000 00:00 0                  [vsyscall]


VM Arguments:
jvm_args: -Dclassworlds.conf=/opt/maven/bin/m2.conf -Dmaven.home=/opt/maven -Dlibrary.jansi.path=/opt/maven/lib/jansi-native -Dmaven.multiModuleProjectDirectory=/home/tanzachary/step/portfolio 
java_command: org.codehaus.plexus.classworlds.launcher.Launcher package appengine:run
java_class_path (initial): /opt/maven/boot/plexus-classworlds-2.6.0.jar
Launcher Type: SUN_STANDARD

[Global flags]
     intx CICompilerCount                          = 2                                         {product} {ergonomic}
   size_t InitialHeapSize                          = 33554432                                  {product} {ergonomic}
   size_t MaxHeapSize                              = 524288000                                 {product} {ergonomic}
   size_t MaxNewSize                               = 174718976                                 {product} {ergonomic}
   size_t MinHeapDeltaBytes                        = 196608                                    {product} {ergonomic}
   size_t NewSize                                  = 11141120                                  {product} {ergonomic}
    uintx NonNMethodCodeHeapSize                   = 5825164                                {pd product} {ergonomic}
    uintx NonProfiledCodeHeapSize                  = 122916538                              {pd product} {ergonomic}
   size_t OldSize                                  = 22413312                                  {product} {ergonomic}
    uintx ProfiledCodeHeapSize                     = 122916538                              {pd product} {ergonomic}
    uintx ReservedCodeCacheSize                    = 251658240                              {pd product} {ergonomic}
     bool SegmentedCodeCache                       = true                                      {product} {ergonomic}
     bool UseCompressedClassPointers               = true                                 {lp64_product} {ergonomic}
     bool UseCompressedOops                        = true                                 {lp64_product} {ergonomic}
     bool UseSerialGC                              = true                                      {product} {ergonomic}

Logging:
Log output configuration:
 #0: stdout all=warning uptime,level,tags
 #1: stderr all=off uptime,level,tags

Environment Variables:
JAVA_HOME=/usr/lib/jvm/java-11-openjdk-amd64
PATH=/home/tanzachary/step/portfolio/node_modules/.bin:/home/tanzachary/gopath/bin:/google/gopath/bin:/home/tanzachary/.gems/bin:/usr/local/go/bin:/opt/gradle/bin:/opt/maven/bin:/usr/local/sbin:/usr/local/bin:/usr/sbin:/usr/bin:/sbin:/bin:/usr/local/nvm/versions/node/v10.14.2/bin:/google/go_appengine:/google/google_appengine:/google/migrate/anthos/
SHELL=/bin/bash

Signal Handlers:
SIGSEGV: [libjvm.so+0xd9bff0], sa_mask[0]=11111111011111111101111111111110, sa_flags=SA_RESTART|SA_SIGINFO
SIGBUS: [libjvm.so+0xd9bff0], sa_mask[0]=11111111011111111101111111111110, sa_flags=SA_RESTART|SA_SIGINFO
SIGFPE: [libjvm.so+0xd9bff0], sa_mask[0]=11111111011111111101111111111110, sa_flags=SA_RESTART|SA_SIGINFO
SIGPIPE: [libjvm.so+0xb8fcf0], sa_mask[0]=11111111011111111101111111111110, sa_flags=SA_RESTART|SA_SIGINFO
SIGXFSZ: [libjvm.so+0xb8fcf0], sa_mask[0]=11111111011111111101111111111110, sa_flags=SA_RESTART|SA_SIGINFO
SIGILL: [libjvm.so+0xd9bff0], sa_mask[0]=11111111011111111101111111111110, sa_flags=SA_RESTART|SA_SIGINFO
SIGUSR2: [libjvm.so+0xb8fb90], sa_mask[0]=00000000000000000000000000000000, sa_flags=SA_RESTART|SA_SIGINFO
SIGHUP: [libjvm.so+0xb8fef0], sa_mask[0]=11111111011111111101111111111110, sa_flags=SA_RESTART|SA_SIGINFO
SIGINT: [libjvm.so+0xb8fef0], sa_mask[0]=11111111011111111101111111111110, sa_flags=SA_RESTART|SA_SIGINFO
SIGTERM: [libjvm.so+0xb8fef0], sa_mask[0]=11111111011111111101111111111110, sa_flags=SA_RESTART|SA_SIGINFO
SIGQUIT: [libjvm.so+0xb8fef0], sa_mask[0]=11111111011111111101111111111110, sa_flags=SA_RESTART|SA_SIGINFO


---------------  S Y S T E M  ---------------

OS:PRETTY_NAME="Debian GNU/Linux 9 (stretch)"
NAME="Debian GNU/Linux"
VERSION_ID="9"
VERSION="9 (stretch)"
VERSION_CODENAME=stretch
ID=debian
HOME_URL="https://www.debian.org/"
SUPPORT_URL="https://www.debian.org/support"
BUG_REPORT_URL="https://bugs.debian.org/"
uname:Linux 4.19.112+ #1 SMP Wed May 6 00:27:44 PDT 2020 x86_64
libc:glibc 2.24 NPTL 2.24 
rlimit: STACK 8192k, CORE infinity, NPROC infinity, NOFILE 1048576, AS infinity, DATA infinity, FSIZE infinity
load average:0.54 1.09 0.82

/proc/meminfo:
MemTotal:        2043884 kB
MemFree:          104444 kB
MemAvailable:     810324 kB
Buffers:           73120 kB
Cached:           652052 kB
SwapCached:          740 kB
Active:           894220 kB
Inactive:         730068 kB
Active(anon):     467516 kB
Inactive(anon):   409216 kB
Active(file):     426704 kB
Inactive(file):   320852 kB
Unevictable:           0 kB
Mlocked:               0 kB
SwapTotal:        786428 kB
SwapFree:         700668 kB
Dirty:              2068 kB
Writeback:             0 kB
AnonPages:        898520 kB
Mapped:           389760 kB
Shmem:               820 kB
Slab:             197312 kB
SReclaimable:     145972 kB
SUnreclaim:        51340 kB
KernelStack:        8360 kB
PageTables:        13936 kB
NFS_Unstable:          0 kB
Bounce:                0 kB
WritebackTmp:          0 kB
CommitLimit:     1808368 kB
Committed_AS:    5216368 kB
VmallocTotal:   34359738367 kB
VmallocUsed:           0 kB
VmallocChunk:          0 kB
Percpu:              968 kB
AnonHugePages:      2048 kB
ShmemHugePages:        0 kB
ShmemPmdMapped:        0 kB
HugePages_Total:       0
HugePages_Free:        0
HugePages_Rsvd:        0
HugePages_Surp:        0
Hugepagesize:       2048 kB
Hugetlb:               0 kB
DirectMap4k:       85180 kB
DirectMap2M:     2011136 kB
DirectMap1G:           0 kB


/proc/sys/kernel/threads-max (system-wide limit on the number of threads):
15631


/proc/sys/vm/max_map_count (maximum number of memory map areas a process may have):
65530


/proc/sys/kernel/pid_max (system-wide limit on number of process identifiers):
4194304



container (cgroup) information:
container_type: cgroupv1
cpu_cpuset_cpus: 0-1
cpu_memory_nodes: 0
active_processor_count: 1
cpu_quota: -1
cpu_period: 100000
cpu_shares: 2
memory_limit_in_bytes: -1
memory_and_swap_limit_in_bytes: -1
memory_soft_limit_in_bytes: -1
memory_usage_in_bytes: 627863552
memory_max_usage_in_bytes: 684109824

KVM virtualization detected
Steal ticks since vm start: 5
Steal ticks percentage since vm start:  0.000

CPU:total 2 (initial active 1) (1 cores per cpu, 2 threads per core) family 6 model 63 stepping 0, cmov, cx8, fxsr, mmx, sse, sse2, sse3, ssse3, sse4.1, sse4.2, popcnt, avx, avx2, aes, clmul, erms, lzcnt, ht, tsc, tscinvbit, bmi1, bmi2, fma
CPU Model and flags from /proc/cpuinfo:
model name	: Intel(R) Xeon(R) CPU @ 2.30GHz
flags		: fpu vme de pse tsc msr pae mce cx8 apic sep mtrr pge mca cmov pat pse36 clflush mmx fxsr sse sse2 ss ht syscall nx pdpe1gb rdtscp lm constant_tsc rep_good nopl xtopology nonstop_tsc cpuid tsc_known_freq pni pclmulqdq ssse3 fma cx16 pcid sse4_1 sse4_2 x2apic movbe popcnt aes xsave avx f16c rdrand hypervisor lahf_lm abm invpcid_single pti ssbd ibrs ibpb stibp fsgsbase tsc_adjust bmi1 avx2 smep bmi2 erms invpcid xsaveopt arat md_clear arch_capabilities

Memory: 4k page, physical 2043884k(104444k free), swap 786428k(700668k free)

vm_info: OpenJDK 64-Bit Server VM (11.0.6+10-post-Debian-1bpo91) for linux-amd64 JRE (11.0.6+10-post-Debian-1bpo91), built on Feb  1 2020 09:07:43 by "unknown" with gcc 6.3.0 20170516

END.
