#
# A fatal error has been detected by the Java Runtime Environment:
#
#  SIGSEGV (0xb) at pc=0x00007f8dd67dfbc0, pid=5880, tid=5880
#
# JRE version: OpenJDK Runtime Environment (11.0.6+10) (build 11.0.6+10-post-Debian-1bpo91)
# Java VM: OpenJDK 64-Bit Server VM (11.0.6+10-post-Debian-1bpo91, mixed mode, sharing, tiered, compressed oops, serial gc, linux-amd64)
# Problematic frame:
# V  [libjvm.so+0xb8fbc0]
#
# Core dump will be written. Default location: Core dumps may be processed with "/sbin/crash_reporter --user=%P:%s:%u:%g:%e" (or dumping to /home/tanzachary/step/portfolio/core.5880)
#
# If you would like to submit a bug report, please visit:
#   https://bugs.debian.org/openjdk-11
#

---------------  S U M M A R Y ------------

Command Line: -Dclassworlds.conf=/opt/maven/bin/m2.conf -Dmaven.home=/opt/maven -Dlibrary.jansi.path=/opt/maven/lib/jansi-native -Dmaven.multiModuleProjectDirectory=/home/tanzachary/step/portfolio org.codehaus.plexus.classworlds.launcher.Launcher package appengine:run

Host: Intel(R) Xeon(R) CPU @ 2.30GHz, 2 cores, 1G, Debian GNU/Linux 9 (stretch)
Time: Thu May 28 17:58:16 2020 EDT elapsed time: 3 seconds (0d 0h 0m 3s)

---------------  T H R E A D  ---------------

Current thread is native thread

Stack: [0x00007ffe83e7c000,0x00007ffe8467b000],  sp=0x00007ffe84676280,  free space=8168k
Native frames: (J=compiled Java code, A=aot compiled Java code, j=interpreted, Vv=VM code, C=native code)
V  [libjvm.so+0xb8fbc0]
C  [libpthread.so.0+0x110e0]


siginfo: si_signo: 11 (SIGSEGV), si_code: 1 (SEGV_MAPERR), si_addr: 0x00000000000000d0

Register to memory mapping:

RAX=0x0 is NULL
RBX=
[error occurred during error reporting (printing register info), id 0xb, SIGSEGV (0xb) at pc=0x00007f8dd69869e7]

Registers:
RAX=0x0000000000000000, RBX=0x00007f8dd7e22e18, RCX=0x00007f8dd77df6dd, RDX=0x0000000000000000
RSP=0x00007ffe84676280, RBP=0x00007ffe84676330, RSI=0x00007ffe84676470, RDI=0x0000000000000001
R8 =0x00000000000000ca, R9 =0x00007f8dd7e219d0, R10=0x0000000000000000, R11=0x0000000000000246
R12=0x0000000000000000, R13=0x00007ffe84676470, R14=0x00007ffe84676340, R15=0x00007f8dd7e21d28
RIP=0x00007f8dd67dfbc0, EFLAGS=0x0000000000010246, CSGSFS=0x002b000000000033, ERR=0x0000000000000004
  TRAPNO=0x000000000000000e

Top of Stack: (sp=0x00007ffe84676280)
0x00007ffe84676280:   0000000001e5cb59 00007f8dd7035038
0x00007ffe84676290:   00007ffe846763b0 00007f8dd7027d90
0x00007ffe846762a0:   00007ffe846762d4 00007ffe846763a0
0x00007ffe846762b0:   000055e3dfff5c70 000000000000000b 

Instructions: (pc=0x00007f8dd67dfbc0)
0x00007f8dd67dfac0:   c0 74 03 c6 00 00 4c 89 f7 4c 89 fa 48 89 de e8
0x00007f8dd67dfad0:   dc db 6d ff 4c 89 e7 e8 24 df 6d ff 48 81 c4 08
0x00007f8dd67dfae0:   01 00 00 5b 41 5c 41 5d 41 5e 41 5f 5d c3 4c 89
0x00007f8dd67dfaf0:   e2 be 00 01 00 00 48 89 df e8 92 e1 6d ff 48 85
0x00007f8dd67dfb00:   c0 74 ae 48 8d 35 b1 46 2f 00 48 89 df e8 5e df
0x00007f8dd67dfb10:   6d ff 48 85 c0 74 41 66 0f 1f 84 00 00 00 00 00
0x00007f8dd67dfb20:   be 22 00 00 00 48 89 df e8 d3 df 6d ff 48 85 c0
0x00007f8dd67dfb30:   74 46 48 8d 58 01 be 22 00 00 00 48 89 df e8 bd
0x00007f8dd67dfb40:   df 6d ff 48 85 c0 0f 85 77 ff ff ff e9 75 ff ff
0x00007f8dd67dfb50:   ff 0f 1f 80 00 00 00 00 48 8d 35 71 46 2f 00 48
0x00007f8dd67dfb60:   89 df e8 09 df 6d ff 48 85 c0 0f 84 41 ff ff ff
0x00007f8dd67dfb70:   eb ae 66 0f 1f 44 00 00 48 89 df be 3d 00 00 00
0x00007f8dd67dfb80:   e8 7b df 6d ff 48 8d 58 01 e9 23 ff ff ff 66 90
0x00007f8dd67dfb90:   55 48 89 e5 41 57 41 56 41 55 41 54 49 89 d6 53
0x00007f8dd67dfba0:   49 89 f5 48 81 ec 88 00 00 00 e8 81 e6 6d ff 48
0x00007f8dd67dfbb0:   89 c3 44 8b 20 e8 26 58 1a 00 31 d2 84 c0 75 38
0x00007f8dd67dfbc0:   48 83 ba d0 00 00 00 00 74 16 4c 8b ba 68 02 00
0x00007f8dd67dfbd0:   00 41 8b 87 a8 00 00 00 83 f8 01 74 2b 44 89 23
0x00007f8dd67dfbe0:   48 81 c4 88 00 00 00 5b 41 5c 41 5d 41 5e 41 5f
0x00007f8dd67dfbf0:   5d c3 66 0f 1f 44 00 00 e8 f3 57 1a 00 48 89 c2
0x00007f8dd67dfc00:   eb be 66 0f 1f 44 00 00 4d 89 af b0 00 00 00 4d
0x00007f8dd67dfc10:   8d af a8 00 00 00 4d 89 b7 b8 00 00 00 ba 02 00
0x00007f8dd67dfc20:   00 00 be 01 00 00 00 4c 89 ef e8 01 cb ff ff 83
0x00007f8dd67dfc30:   f8 02 74 3c 85 c0 75 18 49 c7 87 b8 00 00 00 00
0x00007f8dd67dfc40:   00 00 00 49 c7 87 b0 00 00 00 00 00 00 00 eb 8d
0x00007f8dd67dfc50:   48 8d 05 51 96 7b 00 48 8d 3d 7a 4e 2f 00 be 64
0x00007f8dd67dfc60:   11 00 00 48 8b 00 c6 00 58 e8 22 16 ab ff eb c8
0x00007f8dd67dfc70:   4c 8d b5 50 ff ff ff 4c 89 f7 e8 11 e2 6d ff 4c
0x00007f8dd67dfc80:   89 f2 31 f6 31 ff e8 15 e3 6d ff 8b 35 ff 37 7d
0x00007f8dd67dfc90:   00 4c 89 f7 e8 c7 de 6d ff 48 8d 3d 60 73 81 00
0x00007f8dd67dfca0:   be 01 00 00 00 e8 a6 bc 0c 00 66 0f 1f 44 00 00
0x00007f8dd67dfcb0:   4c 89 f7 e8 d8 e5 6d ff 31 d2 be 03 00 00 00 4c 


Stack slot to memory mapping:
stack at sp + 0 slots: 
[error occurred during error reporting (inspecting top of stack), id 0xb, SIGSEGV (0xb) at pc=0x00007f8dd69869e7]


---------------  P R O C E S S  ---------------

VM state:not at safepoint (normal execution)

VM Mutex/Monitor currently owned by a thread: None

Heap address: 0x00000000e0c00000, size: 500 MB, Compressed Oops mode: 32-bit
Narrow klass base: 0x0000000800000000, Narrow klass shift: 3
Compressed class space size: 1073741824 Address: 0x0000000840000000

Heap:
 def new generation   total 9792K, used 8961K [0x00000000e0c00000, 0x00000000e16a0000, 0x00000000eb2a0000)
  eden space 8704K,  92% used [0x00000000e0c00000, 0x00000000e13db5f0, 0x00000000e1480000)
  from space 1088K,  84% used [0x00000000e1480000, 0x00000000e1564fe0, 0x00000000e1590000)
  to   space 1088K,   0% used [0x00000000e1590000, 0x00000000e1590000, 0x00000000e16a0000)
 tenured generation   total 21888K, used 7385K [0x00000000eb2a0000, 0x00000000ec800000, 0x0000000100000000)
   the space 21888K,  33% used [0x00000000eb2a0000, 0x00000000eb9d6410, 0x00000000eb9d6600, 0x00000000ec800000)
 Metaspace       used 14015K, capacity 15565K, committed 15744K, reserved 1062912K
  class space    used 1609K, capacity 1831K, committed 1920K, reserved 1048576K

Card table byte_map: [0x00007f8db872a000,0x00007f8db8825000] _byte_map_base: 0x00007f8db8024000

Polling page: 0x00007f8dd7e2f000

Metaspace:

Usage:
  Non-class:     13.41 MB capacity,    12.12 MB ( 90%) used,     1.28 MB ( 10%) free+waste,    17.81 KB ( <1%) overhead. 
      Class:      1.79 MB capacity,     1.57 MB ( 88%) used,   213.34 KB ( 12%) free+waste,     7.94 KB ( <1%) overhead. 
       Both:     15.20 MB capacity,    13.69 MB ( 90%) used,     1.49 MB ( 10%) free+waste,    25.75 KB ( <1%) overhead. 

Virtual space:
  Non-class space:       14.00 MB reserved,      13.50 MB ( 96%) committed 
      Class space:        1.00 GB reserved,       1.88 MB ( <1%) committed 
             Both:        1.01 GB reserved,      15.38 MB (  1%) committed 

Chunk freelists:
   Non-Class:  26.00 KB
       Class:  25.00 KB
        Both:  51.00 KB

MaxMetaspaceSize: unlimited
CompressedClassSpaceSize: 1.00 GB

CodeHeap 'non-profiled nmethods': size=120036Kb used=1115Kb max_used=1115Kb free=118920Kb
 bounds [0x00007f8dc03d7000, 0x00007f8dc0647000, 0x00007f8dc7910000]
CodeHeap 'profiled nmethods': size=120032Kb used=5630Kb max_used=5630Kb free=114401Kb
 bounds [0x00007f8db8e9f000, 0x00007f8db941f000, 0x00007f8dc03d7000]
CodeHeap 'non-nmethods': size=5692Kb used=1116Kb max_used=1146Kb free=4575Kb
 bounds [0x00007f8db8910000, 0x00007f8db8b80000, 0x00007f8db8e9f000]
 total_blobs=3934 nmethods=2961 adapters=350
 compilation: enabled
              stopped_count=0, restarted_count=0
 full_count=0

Compilation events (20 events):
Event: 3.545 Thread 0x00007f8dd005b800 2962       1       org.apache.maven.artifact.DefaultArtifact::getArtifactHandler (5 bytes)
Event: 3.545 Thread 0x00007f8dd005b800 nmethod 2962 0x00007f8dc04ed090 code [0x00007f8dc04ed240, 0x00007f8dc04ed370]
Event: 3.545 Thread 0x00007f8dd005b800 2958       1       org.apache.maven.artifact.DefaultArtifact::setDependencyTrail (6 bytes)
Event: 3.545 Thread 0x00007f8dd005b800 nmethod 2958 0x00007f8dc04ed410 code [0x00007f8dc04ed5c0, 0x00007f8dc04ed710]
Event: 3.545 Thread 0x00007f8dd005b800 2964       1       org.eclipse.sisu.inject.MildValues$Weak::key (5 bytes)
Event: 3.545 Thread 0x00007f8dd005b800 nmethod 2964 0x00007f8dc04ed790 code [0x00007f8dc04ed940, 0x00007f8dc04eda70]
Event: 3.545 Thread 0x00007f8dd005b800 2963       1       java.net.URI::getScheme (5 bytes)
Event: 3.545 Thread 0x00007f8dd005b800 nmethod 2963 0x00007f8dc04edb10 code [0x00007f8dc04edcc0, 0x00007f8dc04eddf0]
Event: 3.548 Thread 0x00007f8dd005b800 2970       3       java.util.zip.ZipFile$Source$Key::hashCode (29 bytes)
Event: 3.548 Thread 0x00007f8dd005b800 nmethod 2970 0x00007f8db941c790 code [0x00007f8db941c980, 0x00007f8db941cd88]
Event: 3.551 Thread 0x00007f8dd005b800 2971       3       sun.nio.fs.UnixPath::<init> (14 bytes)
Event: 3.551 Thread 0x00007f8dd005b800 nmethod 2971 0x00007f8db941cf90 code [0x00007f8db941d160, 0x00007f8db941d438]
Event: 3.551 Thread 0x00007f8dd005b800 2972       3       sun.nio.fs.UnixFileSystem::normalizeNativePath (2 bytes)
Event: 3.551 Thread 0x00007f8dd005b800 nmethod 2972 0x00007f8db941d590 code [0x00007f8db941d740, 0x00007f8db941d8b0]
Event: 3.551 Thread 0x00007f8dd005b800 2973       3       java.nio.charset.CharsetEncoder::reset (11 bytes)
Event: 3.551 Thread 0x00007f8dd005b800 nmethod 2973 0x00007f8db941d910 code [0x00007f8db941dac0, 0x00007f8db941dd30]
Event: 3.551 Thread 0x00007f8dd005b800 2974       3       java.nio.charset.CharsetEncoder::flush (49 bytes)
Event: 3.552 Thread 0x00007f8dd005b800 nmethod 2974 0x00007f8db941de10 code [0x00007f8db941e000, 0x00007f8db941e448]
Event: 3.552 Thread 0x00007f8dd005b800 2975       3       java.util.concurrent.TimeUnit::toMillis (69 bytes)
Event: 3.552 Thread 0x00007f8dd005b800 nmethod 2975 0x00007f8db941e590 code [0x00007f8db941e760, 0x00007f8db941ea90]

GC Heap History (20 events):
Event: 1.070 GC heap before
{Heap before GC invocations=2 (full 0):
 def new generation   total 9792K, used 9173K [0x00000000e0c00000, 0x00000000e16a0000, 0x00000000eb2a0000)
  eden space 8704K, 100% used [0x00000000e0c00000, 0x00000000e1480000, 0x00000000e1480000)
  from space 1088K,  43% used [0x00000000e1480000, 0x00000000e14f5798, 0x00000000e1590000)
  to   space 1088K,   0% used [0x00000000e1590000, 0x00000000e1590000, 0x00000000e16a0000)
 tenured generation   total 21888K, used 2684K [0x00000000eb2a0000, 0x00000000ec800000, 0x0000000100000000)
   the space 21888K,  12% used [0x00000000eb2a0000, 0x00000000eb53f378, 0x00000000eb53f400, 0x00000000ec800000)
 Metaspace       used 5376K, capacity 7933K, committed 8192K, reserved 1056768K
  class space    used 637K, capacity 924K, committed 1024K, reserved 1048576K
}
Event: 1.073 GC heap after
{Heap after GC invocations=3 (full 0):
 def new generation   total 9792K, used 726K [0x00000000e0c00000, 0x00000000e16a0000, 0x00000000eb2a0000)
  eden space 8704K,   0% used [0x00000000e0c00000, 0x00000000e0c00000, 0x00000000e1480000)
  from space 1088K,  66% used [0x00000000e1590000, 0x00000000e1645b20, 0x00000000e16a0000)
  to   space 1088K,   0% used [0x00000000e1480000, 0x00000000e1480000, 0x00000000e1590000)
 tenured generation   total 21888K, used 2684K [0x00000000eb2a0000, 0x00000000ec800000, 0x0000000100000000)
   the space 21888K,  12% used [0x00000000eb2a0000, 0x00000000eb53f378, 0x00000000eb53f400, 0x00000000ec800000)
 Metaspace       used 5376K, capacity 7933K, committed 8192K, reserved 1056768K
  class space    used 637K, capacity 924K, committed 1024K, reserved 1048576K
}
Event: 1.288 GC heap before
{Heap before GC invocations=3 (full 0):
 def new generation   total 9792K, used 9430K [0x00000000e0c00000, 0x00000000e16a0000, 0x00000000eb2a0000)
  eden space 8704K, 100% used [0x00000000e0c00000, 0x00000000e1480000, 0x00000000e1480000)
  from space 1088K,  66% used [0x00000000e1590000, 0x00000000e1645b20, 0x00000000e16a0000)
  to   space 1088K,   0% used [0x00000000e1480000, 0x00000000e1480000, 0x00000000e1590000)
 tenured generation   total 21888K, used 2684K [0x00000000eb2a0000, 0x00000000ec800000, 0x0000000100000000)
   the space 21888K,  12% used [0x00000000eb2a0000, 0x00000000eb53f378, 0x00000000eb53f400, 0x00000000ec800000)
 Metaspace       used 6431K, capacity 8813K, committed 8960K, reserved 1056768K
  class space    used 754K, capacity 1023K, committed 1024K, reserved 1048576K
}
Event: 1.292 GC heap after
{Heap after GC invocations=4 (full 0):
 def new generation   total 9792K, used 555K [0x00000000e0c00000, 0x00000000e16a0000, 0x00000000eb2a0000)
  eden space 8704K,   0% used [0x00000000e0c00000, 0x00000000e0c00000, 0x00000000e1480000)
  from space 1088K,  51% used [0x00000000e1480000, 0x00000000e150ae98, 0x00000000e1590000)
  to   space 1088K,   0% used [0x00000000e1590000, 0x00000000e1590000, 0x00000000e16a0000)
 tenured generation   total 21888K, used 3126K [0x00000000eb2a0000, 0x00000000ec800000, 0x0000000100000000)
   the space 21888K,  14% used [0x00000000eb2a0000, 0x00000000eb5ad8a0, 0x00000000eb5ada00, 0x00000000ec800000)
 Metaspace       used 6431K, capacity 8813K, committed 8960K, reserved 1056768K
  class space    used 754K, capacity 1023K, committed 1024K, reserved 1048576K
}
Event: 1.563 GC heap before
{Heap before GC invocations=4 (full 0):
 def new generation   total 9792K, used 9259K [0x00000000e0c00000, 0x00000000e16a0000, 0x00000000eb2a0000)
  eden space 8704K, 100% used [0x00000000e0c00000, 0x00000000e1480000, 0x00000000e1480000)
  from space 1088K,  51% used [0x00000000e1480000, 0x00000000e150ae98, 0x00000000e1590000)
  to   space 1088K,   0% used [0x00000000e1590000, 0x00000000e1590000, 0x00000000e16a0000)
 tenured generation   total 21888K, used 3126K [0x00000000eb2a0000, 0x00000000ec800000, 0x0000000100000000)
   the space 21888K,  14% used [0x00000000eb2a0000, 0x00000000eb5ad8a0, 0x00000000eb5ada00, 0x00000000ec800000)
 Metaspace       used 8122K, capacity 10410K, committed 10496K, reserved 1058816K
  class space    used 980K, capacity 1257K, committed 1280K, reserved 1048576K
}
Event: 1.566 GC heap after
{Heap after GC invocations=5 (full 0):
 def new generation   total 9792K, used 759K [0x00000000e0c00000, 0x00000000e16a0000, 0x00000000eb2a0000)
  eden space 8704K,   0% used [0x00000000e0c00000, 0x00000000e0c00000, 0x00000000e1480000)
  from space 1088K,  69% used [0x00000000e1590000, 0x00000000e164dd28, 0x00000000e16a0000)
  to   space 1088K,   0% used [0x00000000e1480000, 0x00000000e1480000, 0x00000000e1590000)
 tenured generation   total 21888K, used 3393K [0x00000000eb2a0000, 0x00000000ec800000, 0x0000000100000000)
   the space 21888K,  15% used [0x00000000eb2a0000, 0x00000000eb5f04d0, 0x00000000eb5f0600, 0x00000000ec800000)
 Metaspace       used 8122K, capacity 10410K, committed 10496K, reserved 1058816K
  class space    used 980K, capacity 1257K, committed 1280K, reserved 1048576K
}
Event: 1.773 GC heap before
{Heap before GC invocations=5 (full 0):
 def new generation   total 9792K, used 9463K [0x00000000e0c00000, 0x00000000e16a0000, 0x00000000eb2a0000)
  eden space 8704K, 100% used [0x00000000e0c00000, 0x00000000e1480000, 0x00000000e1480000)
  from space 1088K,  69% used [0x00000000e1590000, 0x00000000e164dd28, 0x00000000e16a0000)
  to   space 1088K,   0% used [0x00000000e1480000, 0x00000000e1480000, 0x00000000e1590000)
 tenured generation   total 21888K, used 3393K [0x00000000eb2a0000, 0x00000000ec800000, 0x0000000100000000)
   the space 21888K,  15% used [0x00000000eb2a0000, 0x00000000eb5f04d0, 0x00000000eb5f0600, 0x00000000ec800000)
 Metaspace       used 9655K, capacity 11930K, committed 12032K, reserved 1060864K
  class space    used 1187K, capacity 1483K, committed 1536K, reserved 1048576K
}
Event: 1.781 GC heap after
{Heap after GC invocations=6 (full 0):
 def new generation   total 9792K, used 1087K [0x00000000e0c00000, 0x00000000e16a0000, 0x00000000eb2a0000)
  eden space 8704K,   0% used [0x00000000e0c00000, 0x00000000e0c00000, 0x00000000e1480000)
  from space 1088K,  99% used [0x00000000e1480000, 0x00000000e158fff8, 0x00000000e1590000)
  to   space 1088K,   0% used [0x00000000e1590000, 0x00000000e1590000, 0x00000000e16a0000)
 tenured generation   total 21888K, used 3742K [0x00000000eb2a0000, 0x00000000ec800000, 0x0000000100000000)
   the space 21888K,  17% used [0x00000000eb2a0000, 0x00000000eb647bc0, 0x00000000eb647c00, 0x00000000ec800000)
 Metaspace       used 9655K, capacity 11930K, committed 12032K, reserved 1060864K
  class space    used 1187K, capacity 1483K, committed 1536K, reserved 1048576K
}
Event: 2.168 GC heap before
{Heap before GC invocations=6 (full 0):
 def new generation   total 9792K, used 9750K [0x00000000e0c00000, 0x00000000e16a0000, 0x00000000eb2a0000)
  eden space 8704K,  99% used [0x00000000e0c00000, 0x00000000e1475828, 0x00000000e1480000)
  from space 1088K,  99% used [0x00000000e1480000, 0x00000000e158fff8, 0x00000000e1590000)
  to   space 1088K,   0% used [0x00000000e1590000, 0x00000000e1590000, 0x00000000e16a0000)
 tenured generation   total 21888K, used 3742K [0x00000000eb2a0000, 0x00000000ec800000, 0x0000000100000000)
   the space 21888K,  17% used [0x00000000eb2a0000, 0x00000000eb647bc0, 0x00000000eb647c00, 0x00000000ec800000)
 Metaspace       used 11530K, capacity 13433K, committed 13696K, reserved 1060864K
  class space    used 1408K, capacity 1654K, committed 1664K, reserved 1048576K
}
Event: 2.175 GC heap after
{Heap after GC invocations=7 (full 0):
 def new generation   total 9792K, used 859K [0x00000000e0c00000, 0x00000000e16a0000, 0x00000000eb2a0000)
  eden space 8704K,   0% used [0x00000000e0c00000, 0x00000000e0c00000, 0x00000000e1480000)
  from space 1088K,  79% used [0x00000000e1590000, 0x00000000e1666f70, 0x00000000e16a0000)
  to   space 1088K,   0% used [0x00000000e1480000, 0x00000000e1480000, 0x00000000e1590000)
 tenured generation   total 21888K, used 4820K [0x00000000eb2a0000, 0x00000000ec800000, 0x0000000100000000)
   the space 21888K,  22% used [0x00000000eb2a0000, 0x00000000eb7551f8, 0x00000000eb755200, 0x00000000ec800000)
 Metaspace       used 11530K, capacity 13433K, committed 13696K, reserved 1060864K
  class space    used 1408K, capacity 1654K, committed 1664K, reserved 1048576K
}
Event: 2.597 GC heap before
{Heap before GC invocations=7 (full 0):
 def new generation   total 9792K, used 9563K [0x00000000e0c00000, 0x00000000e16a0000, 0x00000000eb2a0000)
  eden space 8704K, 100% used [0x00000000e0c00000, 0x00000000e1480000, 0x00000000e1480000)
  from space 1088K,  79% used [0x00000000e1590000, 0x00000000e1666f70, 0x00000000e16a0000)
  to   space 1088K,   0% used [0x00000000e1480000, 0x00000000e1480000, 0x00000000e1590000)
 tenured generation   total 21888K, used 4820K [0x00000000eb2a0000, 0x00000000ec800000, 0x0000000100000000)
   the space 21888K,  22% used [0x00000000eb2a0000, 0x00000000eb7551f8, 0x00000000eb755200, 0x00000000ec800000)
 Metaspace       used 12711K, capacity 14402K, committed 14592K, reserved 1062912K
  class space    used 1503K, capacity 1721K, committed 1792K, reserved 1048576K
}
Event: 2.606 GC heap after
{Heap after GC invocations=8 (full 0):
 def new generation   total 9792K, used 981K [0x00000000e0c00000, 0x00000000e16a0000, 0x00000000eb2a0000)
  eden space 8704K,   0% used [0x00000000e0c00000, 0x00000000e0c00000, 0x00000000e1480000)
  from space 1088K,  90% used [0x00000000e1480000, 0x00000000e1575790, 0x00000000e1590000)
  to   space 1088K,   0% used [0x00000000e1590000, 0x00000000e1590000, 0x00000000e16a0000)
 tenured generation   total 21888K, used 5603K [0x00000000eb2a0000, 0x00000000ec800000, 0x0000000100000000)
   the space 21888K,  25% used [0x00000000eb2a0000, 0x00000000eb818d40, 0x00000000eb818e00, 0x00000000ec800000)
 Metaspace       used 12711K, capacity 14402K, committed 14592K, reserved 1062912K
  class space    used 1503K, capacity 1721K, committed 1792K, reserved 1048576K
}
Event: 2.764 GC heap before
{Heap before GC invocations=8 (full 0):
 def new generation   total 9792K, used 9685K [0x00000000e0c00000, 0x00000000e16a0000, 0x00000000eb2a0000)
  eden space 8704K, 100% used [0x00000000e0c00000, 0x00000000e1480000, 0x00000000e1480000)
  from space 1088K,  90% used [0x00000000e1480000, 0x00000000e1575790, 0x00000000e1590000)
  to   space 1088K,   0% used [0x00000000e1590000, 0x00000000e1590000, 0x00000000e16a0000)
 tenured generation   total 21888K, used 5603K [0x00000000eb2a0000, 0x00000000ec800000, 0x0000000100000000)
   the space 21888K,  25% used [0x00000000eb2a0000, 0x00000000eb818d40, 0x00000000eb818e00, 0x00000000ec800000)
 Metaspace       used 13017K, capacity 14696K, committed 14848K, reserved 1062912K
  class space    used 1529K, capacity 1755K, committed 1792K, reserved 1048576K
}
Event: 2.771 GC heap after
{Heap after GC invocations=9 (full 0):
 def new generation   total 9792K, used 631K [0x00000000e0c00000, 0x00000000e16a0000, 0x00000000eb2a0000)
  eden space 8704K,   0% used [0x00000000e0c00000, 0x00000000e0c00000, 0x00000000e1480000)
  from space 1088K,  58% used [0x00000000e1590000, 0x00000000e162de68, 0x00000000e16a0000)
  to   space 1088K,   0% used [0x00000000e1480000, 0x00000000e1480000, 0x00000000e1590000)
 tenured generation   total 21888K, used 6411K [0x00000000eb2a0000, 0x00000000ec800000, 0x0000000100000000)
   the space 21888K,  29% used [0x00000000eb2a0000, 0x00000000eb8e2ea8, 0x00000000eb8e3000, 0x00000000ec800000)
 Metaspace       used 13017K, capacity 14696K, committed 14848K, reserved 1062912K
  class space    used 1529K, capacity 1755K, committed 1792K, reserved 1048576K
}
Event: 2.968 GC heap before
{Heap before GC invocations=9 (full 0):
 def new generation   total 9792K, used 9335K [0x00000000e0c00000, 0x00000000e16a0000, 0x00000000eb2a0000)
  eden space 8704K, 100% used [0x00000000e0c00000, 0x00000000e1480000, 0x00000000e1480000)
  from space 1088K,  58% used [0x00000000e1590000, 0x00000000e162de68, 0x00000000e16a0000)
  to   space 1088K,   0% used [0x00000000e1480000, 0x00000000e1480000, 0x00000000e1590000)
 tenured generation   total 21888K, used 6411K [0x00000000eb2a0000, 0x00000000ec800000, 0x0000000100000000)
   the space 21888K,  29% used [0x00000000eb2a0000, 0x00000000eb8e2ea8, 0x00000000eb8e3000, 0x00000000ec800000)
 Metaspace       used 13299K, capacity 14911K, committed 15104K, reserved 1062912K
  class space    used 1548K, capacity 1761K, committed 1792K, reserved 1048576K
}
Event: 2.972 GC heap after
{Heap after GC invocations=10 (full 0):
 def new generation   total 9792K, used 460K [0x00000000e0c00000, 0x00000000e16a0000, 0x00000000eb2a0000)
  eden space 8704K,   0% used [0x00000000e0c00000, 0x00000000e0c00000, 0x00000000e1480000)
  from space 1088K,  42% used [0x00000000e1480000, 0x00000000e14f3038, 0x00000000e1590000)
  to   space 1088K,   0% used [0x00000000e1590000, 0x00000000e1590000, 0x00000000e16a0000)
 tenured generation   total 21888K, used 6996K [0x00000000eb2a0000, 0x00000000ec800000, 0x0000000100000000)
   the space 21888K,  31% used [0x00000000eb2a0000, 0x00000000eb975040, 0x00000000eb975200, 0x00000000ec800000)
 Metaspace       used 13299K, capacity 14911K, committed 15104K, reserved 1062912K
  class space    used 1548K, capacity 1761K, committed 1792K, reserved 1048576K
}
Event: 3.221 GC heap before
{Heap before GC invocations=10 (full 0):
 def new generation   total 9792K, used 9164K [0x00000000e0c00000, 0x00000000e16a0000, 0x00000000eb2a0000)
  eden space 8704K, 100% used [0x00000000e0c00000, 0x00000000e1480000, 0x00000000e1480000)
  from space 1088K,  42% used [0x00000000e1480000, 0x00000000e14f3038, 0x00000000e1590000)
  to   space 1088K,   0% used [0x00000000e1590000, 0x00000000e1590000, 0x00000000e16a0000)
 tenured generation   total 21888K, used 6996K [0x00000000eb2a0000, 0x00000000ec800000, 0x0000000100000000)
   the space 21888K,  31% used [0x00000000eb2a0000, 0x00000000eb975040, 0x00000000eb975200, 0x00000000ec800000)
 Metaspace       used 13846K, capacity 15425K, committed 15744K, reserved 1062912K
  class space    used 1605K, capacity 1827K, committed 1920K, reserved 1048576K
}
Event: 3.233 GC heap after
{Heap after GC invocations=11 (full 0):
 def new generation   total 9792K, used 891K [0x00000000e0c00000, 0x00000000e16a0000, 0x00000000eb2a0000)
  eden space 8704K,   0% used [0x00000000e0c00000, 0x00000000e0c00000, 0x00000000e1480000)
  from space 1088K,  81% used [0x00000000e1590000, 0x00000000e166ec90, 0x00000000e16a0000)
  to   space 1088K,   0% used [0x00000000e1480000, 0x00000000e1480000, 0x00000000e1590000)
 tenured generation   total 21888K, used 6996K [0x00000000eb2a0000, 0x00000000ec800000, 0x0000000100000000)
   the space 21888K,  31% used [0x00000000eb2a0000, 0x00000000eb975040, 0x00000000eb975200, 0x00000000ec800000)
 Metaspace       used 13846K, capacity 15425K, committed 15744K, reserved 1062912K
  class space    used 1605K, capacity 1827K, committed 1920K, reserved 1048576K
}
Event: 3.340 GC heap before
{Heap before GC invocations=11 (full 0):
 def new generation   total 9792K, used 9595K [0x00000000e0c00000, 0x00000000e16a0000, 0x00000000eb2a0000)
  eden space 8704K, 100% used [0x00000000e0c00000, 0x00000000e1480000, 0x00000000e1480000)
  from space 1088K,  81% used [0x00000000e1590000, 0x00000000e166ec90, 0x00000000e16a0000)
  to   space 1088K,   0% used [0x00000000e1480000, 0x00000000e1480000, 0x00000000e1590000)
 tenured generation   total 21888K, used 6996K [0x00000000eb2a0000, 0x00000000ec800000, 0x0000000100000000)
   the space 21888K,  31% used [0x00000000eb2a0000, 0x00000000eb975040, 0x00000000eb975200, 0x00000000ec800000)
 Metaspace       used 13882K, capacity 15425K, committed 15744K, reserved 1062912K
  class space    used 1605K, capacity 1827K, committed 1920K, reserved 1048576K
}
Event: 3.346 GC heap after
{Heap after GC invocations=12 (full 0):
 def new generation   total 9792K, used 915K [0x00000000e0c00000, 0x00000000e16a0000, 0x00000000eb2a0000)
  eden space 8704K,   0% used [0x00000000e0c00000, 0x00000000e0c00000, 0x00000000e1480000)
  from space 1088K,  84% used [0x00000000e1480000, 0x00000000e1564fe0, 0x00000000e1590000)
  to   space 1088K,   0% used [0x00000000e1590000, 0x00000000e1590000, 0x00000000e16a0000)
 tenured generation   total 21888K, used 7385K [0x00000000eb2a0000, 0x00000000ec800000, 0x0000000100000000)
   the space 21888K,  33% used [0x00000000eb2a0000, 0x00000000eb9d6410, 0x00000000eb9d6600, 0x00000000ec800000)
 Metaspace       used 13882K, capacity 15425K, committed 15744K, reserved 1062912K
  class space    used 1605K, capacity 1827K, committed 1920K, reserved 1048576K
}

Deoptimization events (20 events):
Event: 3.297 Thread 0x00007f8dd0014000 DEOPT PACKING pc=0x00007f8db9261a7b sp=0x00007f8dd7e1e5c0
Event: 3.297 Thread 0x00007f8dd0014000 DEOPT UNPACKING pc=0x00007f8db89381ba sp=0x00007f8dd7e1dab8 mode 0
Event: 3.337 Thread 0x00007f8dd0014000 DEOPT PACKING pc=0x00007f8db931c48e sp=0x00007f8dd7e1de20
Event: 3.337 Thread 0x00007f8dd0014000 DEOPT UNPACKING pc=0x00007f8db89381ba sp=0x00007f8dd7e1d398 mode 0
Event: 3.351 Thread 0x00007f8dd0014000 Uncommon trap: trap_request=0xffffff4d fr.pc=0x00007f8dc04c05e0 relative=0x00000000000004a0
Event: 3.351 Thread 0x00007f8dd0014000 Uncommon trap: reason=unstable_if action=reinterpret pc=0x00007f8dc04c05e0 method=java.lang.StringLatin1.trim([B)Ljava/lang/String; @ 60 c2
Event: 3.351 Thread 0x00007f8dd0014000 DEOPT PACKING pc=0x00007f8dc04c05e0 sp=0x00007f8dd7e1e170
Event: 3.352 Thread 0x00007f8dd0014000 DEOPT UNPACKING pc=0x00007f8db89383a5 sp=0x00007f8dd7e1e0d8 mode 2
Event: 3.386 Thread 0x00007f8dd0014000 DEOPT PACKING pc=0x00007f8db92f40b0 sp=0x00007f8dd7e1e040
Event: 3.386 Thread 0x00007f8dd0014000 DEOPT UNPACKING pc=0x00007f8db89381ba sp=0x00007f8dd7e1d578 mode 0
Event: 3.425 Thread 0x00007f8dd0014000 Uncommon trap: trap_request=0xffffff4d fr.pc=0x00007f8dc04b923c relative=0x00000000000003fc
Event: 3.425 Thread 0x00007f8dd0014000 Uncommon trap: reason=unstable_if action=reinterpret pc=0x00007f8dc04b923c method=java.lang.StringLatin1.trim([B)Ljava/lang/String; @ 60 c2
Event: 3.425 Thread 0x00007f8dd0014000 DEOPT PACKING pc=0x00007f8dc04b923c sp=0x00007f8dd7e1e590
Event: 3.425 Thread 0x00007f8dd0014000 DEOPT UNPACKING pc=0x00007f8db89383a5 sp=0x00007f8dd7e1e550 mode 2
Event: 3.429 Thread 0x00007f8dd0014000 DEOPT PACKING pc=0x00007f8db931c48e sp=0x00007f8dd7e1e3a0
Event: 3.429 Thread 0x00007f8dd0014000 DEOPT UNPACKING pc=0x00007f8db89381ba sp=0x00007f8dd7e1d918 mode 0
Event: 3.529 Thread 0x00007f8dd0014000 Uncommon trap: trap_request=0xffffffcc fr.pc=0x00007f8dc04cf770 relative=0x00000000000001b0
Event: 3.529 Thread 0x00007f8dd0014000 Uncommon trap: reason=intrinsic_or_type_checked_inlining action=make_not_entrant pc=0x00007f8dc04cf770 method=java.util.Arrays.copyOf([Ljava/lang/Object;ILjava/lang/Class;)[Ljava/lang/Object; @ 35 c2
Event: 3.529 Thread 0x00007f8dd0014000 DEOPT PACKING pc=0x00007f8dc04cf770 sp=0x00007f8dd7e1ebc0
Event: 3.529 Thread 0x00007f8dd0014000 DEOPT UNPACKING pc=0x00007f8db89383a5 sp=0x00007f8dd7e1eb50 mode 2

Classes redefined (0 events):
No events

Internal exceptions (6 events):
Event: 0.164 Thread 0x00007f8dd0014000 Exception <a 'java/lang/NoSuchMethodError'{0x00000000e0f1db68}: 'int java.lang.invoke.DirectMethodHandle$Holder.invokeSpecialIFC(java.lang.Object, java.lang.Object, int)'> (0x00000000e0f1db68) thrown at [/build/openjdk-11-11.0.6+10/src/hotspot/share/inter
Event: 1.911 Thread 0x00007f8dd0014000 Exception <a 'java/lang/NoClassDefFoundError'{0x00000000e0f6ad10}: com/google/inject/servlet/ServletModuleTargetVisitor> (0x00000000e0f6ad10) thrown at [/build/openjdk-11-11.0.6+10/src/hotspot/share/classfile/systemDictionary.cpp, line 220]
Event: 1.911 Thread 0x00007f8dd0014000 Exception <a 'java/lang/NoClassDefFoundError'{0x00000000e0f6ad10}> (0x00000000e0f6ad10) thrown at [/build/openjdk-11-11.0.6+10/src/hotspot/share/prims/jvm.cpp, line 1301]
Event: 1.911 Thread 0x00007f8dd0014000 Exception <a 'java/lang/NoClassDefFoundError'{0x00000000e0f6d668}: javax/annotation/Priority> (0x00000000e0f6d668) thrown at [/build/openjdk-11-11.0.6+10/src/hotspot/share/classfile/systemDictionary.cpp, line 220]
Event: 2.666 Thread 0x00007f8dd0014000 Implicit null exception at 0x00007f8dc043a105 to 0x00007f8dc043a2de
Event: 2.666 Thread 0x00007f8dd0014000 Implicit null exception at 0x00007f8dc03f8eaf to 0x00007f8dc03f8f2d

Events (20 events):
Event: 3.508 loading class org/apache/maven/plugin/Mojo
Event: 3.508 loading class org/apache/maven/plugin/Mojo done
Event: 3.508 loading class org/apache/maven/plugin/Mojo
Event: 3.508 loading class org/apache/maven/plugin/Mojo done
Event: 3.508 loading class org/apache/maven/plugin/compiler/CompilerMojo
Event: 3.508 loading class org/apache/maven/plugin/compiler/CompilerMojo done
Event: 3.508 loading class org/apache/maven/plugin/compiler/CompilerMojo
Event: 3.508 loading class org/apache/maven/plugin/compiler/CompilerMojo done
Event: 3.508 loading class org/apache/maven/plugin/compiler/CompilerMojo
Event: 3.508 loading class org/apache/maven/plugin/compiler/CompilerMojo done
Event: 3.509 loading class org/apache/maven/plugin/Mojo
Event: 3.509 loading class org/apache/maven/plugin/Mojo done
Event: 3.509 loading class org/apache/maven/plugin/Mojo
Event: 3.509 loading class org/apache/maven/plugin/Mojo done
Event: 3.509 loading class org/apache/maven/plugin/compiler/HelpMojo
Event: 3.509 loading class org/apache/maven/plugin/compiler/HelpMojo done
Event: 3.509 loading class org/apache/maven/plugin/compiler/HelpMojo
Event: 3.509 loading class org/apache/maven/plugin/compiler/HelpMojo done
Event: 3.509 loading class org/apache/maven/plugin/compiler/HelpMojo
Event: 3.509 loading class org/apache/maven/plugin/compiler/HelpMojo done


Dynamic libraries:
e0c00000-e16a0000 rw-p 00000000 00:00 0 
e16a0000-eb2a0000 ---p 00000000 00:00 0 
eb2a0000-ec800000 rw-p 00000000 00:00 0 
ec800000-100000000 ---p 00000000 00:00 0 
800000000-800002000 rwxp 00001000 08:01 2118409                          /usr/lib/jvm/java-11-openjdk-amd64/lib/server/classes.jsa
800002000-8003b7000 rw-p 00003000 08:01 2118409                          /usr/lib/jvm/java-11-openjdk-amd64/lib/server/classes.jsa
8003b7000-800a8a000 r--p 003b8000 08:01 2118409                          /usr/lib/jvm/java-11-openjdk-amd64/lib/server/classes.jsa
800a8a000-800a8b000 rw-p 00a8b000 08:01 2118409                          /usr/lib/jvm/java-11-openjdk-amd64/lib/server/classes.jsa
800a8b000-801095000 r--p 00a8c000 08:01 2118409                          /usr/lib/jvm/java-11-openjdk-amd64/lib/server/classes.jsa
840000000-8401e0000 rw-p 00000000 00:00 0 
8401e0000-880000000 ---p 00000000 00:00 0 
55e3de664000-55e3de665000 r-xp 00000000 08:01 2118040                    /usr/lib/jvm/java-11-openjdk-amd64/bin/java
55e3de865000-55e3de866000 r--p 00001000 08:01 2118040                    /usr/lib/jvm/java-11-openjdk-amd64/bin/java
55e3de866000-55e3de867000 rw-p 00002000 08:01 2118040                    /usr/lib/jvm/java-11-openjdk-amd64/bin/java
55e3dffde000-55e3e0020000 rw-p 00000000 00:00 0                          [heap]
7f8d88000000-7f8d88021000 rw-p 00000000 00:00 0 
7f8d88021000-7f8d8c000000 ---p 00000000 00:00 0 
7f8d90000000-7f8d90021000 rw-p 00000000 00:00 0 
7f8d90021000-7f8d94000000 ---p 00000000 00:00 0 
7f8d94000000-7f8d94021000 rw-p 00000000 00:00 0 
7f8d94021000-7f8d98000000 ---p 00000000 00:00 0 
7f8d98000000-7f8d988ac000 rw-p 00000000 00:00 0 
7f8d988ac000-7f8d9c000000 ---p 00000000 00:00 0 
7f8d9c000000-7f8d9c021000 rw-p 00000000 00:00 0 
7f8d9c021000-7f8da0000000 ---p 00000000 00:00 0 
7f8da0000000-7f8da0021000 rw-p 00000000 00:00 0 
7f8da0021000-7f8da4000000 ---p 00000000 00:00 0 
7f8da4000000-7f8da497c000 rw-p 00000000 00:00 0 
7f8da497c000-7f8da8000000 ---p 00000000 00:00 0 
7f8da8000000-7f8da8021000 rw-p 00000000 00:00 0 
7f8da8021000-7f8dac000000 ---p 00000000 00:00 0 
7f8dac000000-7f8dac021000 rw-p 00000000 00:00 0 
7f8dac021000-7f8db0000000 ---p 00000000 00:00 0 
7f8db0000000-7f8db0021000 rw-p 00000000 00:00 0 
7f8db0021000-7f8db4000000 ---p 00000000 00:00 0 
7f8db6420000-7f8db65a0000 rw-p 00000000 00:00 0 
7f8db65a0000-7f8db6620000 ---p 00000000 00:00 0 
7f8db6620000-7f8db6820000 rw-p 00000000 00:00 0 
7f8db6820000-7f8db6a20000 rw-p 00000000 00:00 0 
7f8db6a20000-7f8db6a22000 r-xp 00000000 08:01 1843038                    /lib/x86_64-linux-gnu/libutil-2.24.so
7f8db6a22000-7f8db6c21000 ---p 00002000 08:01 1843038                    /lib/x86_64-linux-gnu/libutil-2.24.so
7f8db6c21000-7f8db6c22000 r--p 00001000 08:01 1843038                    /lib/x86_64-linux-gnu/libutil-2.24.so
7f8db6c22000-7f8db6c23000 rw-p 00002000 08:01 1843038                    /lib/x86_64-linux-gnu/libutil-2.24.so
7f8db6c23000-7f8db6c26000 r-xp 00000000 08:01 1993728                    /opt/maven/lib/jansi-native/linux64/libjansi.so
7f8db6c26000-7f8db6e25000 ---p 00003000 08:01 1993728                    /opt/maven/lib/jansi-native/linux64/libjansi.so
7f8db6e25000-7f8db6e26000 rw-p 00002000 08:01 1993728                    /opt/maven/lib/jansi-native/linux64/libjansi.so
7f8db6e26000-7f8db6e57000 rw-p 00000000 00:00 0 
7f8db6e57000-7f8db6e6d000 r-xp 00000000 08:01 2118388                    /usr/lib/jvm/java-11-openjdk-amd64/lib/libnet.so
7f8db6e6d000-7f8db706c000 ---p 00016000 08:01 2118388                    /usr/lib/jvm/java-11-openjdk-amd64/lib/libnet.so
7f8db706c000-7f8db706d000 r--p 00015000 08:01 2118388                    /usr/lib/jvm/java-11-openjdk-amd64/lib/libnet.so
7f8db706d000-7f8db706e000 rw-p 00016000 08:01 2118388                    /usr/lib/jvm/java-11-openjdk-amd64/lib/libnet.so
7f8db706e000-7f8db707e000 r-xp 00000000 08:01 2118389                    /usr/lib/jvm/java-11-openjdk-amd64/lib/libnio.so
7f8db707e000-7f8db727d000 ---p 00010000 08:01 2118389                    /usr/lib/jvm/java-11-openjdk-amd64/lib/libnio.so
7f8db727d000-7f8db727e000 r--p 0000f000 08:01 2118389                    /usr/lib/jvm/java-11-openjdk-amd64/lib/libnio.so
7f8db727e000-7f8db727f000 rw-p 00010000 08:01 2118389                    /usr/lib/jvm/java-11-openjdk-amd64/lib/libnio.so
7f8db727f000-7f8db7283000 ---p 00000000 00:00 0 
7f8db7283000-7f8db7380000 rw-p 00000000 00:00 0 
7f8db7380000-7f8db7381000 ---p 00000000 00:00 0 
7f8db7381000-7f8db7482000 rw-p 00000000 00:00 0 
7f8db7482000-7f8db7486000 ---p 00000000 00:00 0 
7f8db7486000-7f8db7583000 rw-p 00000000 00:00 0 
7f8db7583000-7f8db7587000 ---p 00000000 00:00 0 
7f8db7587000-7f8db7684000 rw-p 00000000 00:00 0 
7f8db7684000-7f8db7688000 ---p 00000000 00:00 0 
7f8db7688000-7f8db7785000 rw-p 00000000 00:00 0 
7f8db7785000-7f8db7789000 ---p 00000000 00:00 0 
7f8db7789000-7f8db7886000 rw-p 00000000 00:00 0 
7f8db7886000-7f8db788a000 ---p 00000000 00:00 0 
7f8db788a000-7f8db7987000 rw-p 00000000 00:00 0 
7f8db7987000-7f8db7b22000 r--p 00000000 08:01 1850658                    /usr/lib/locale/locale-archive
7f8db7b22000-7f8db7b26000 ---p 00000000 00:00 0 
7f8db7b26000-7f8db7c23000 rw-p 00000000 00:00 0 
7f8db7c23000-7f8db7c27000 ---p 00000000 00:00 0 
7f8db7c27000-7f8db7d24000 rw-p 00000000 00:00 0 
7f8db7d24000-7f8db7d25000 ---p 00000000 00:00 0 
7f8db7d25000-7f8db872a000 rw-p 00000000 00:00 0 
7f8db872a000-7f8db8730000 rw-p 00000000 00:00 0 
7f8db8730000-7f8db877d000 ---p 00000000 00:00 0 
7f8db877d000-7f8db8788000 rw-p 00000000 00:00 0 
7f8db8788000-7f8db8824000 ---p 00000000 00:00 0 
7f8db8824000-7f8db882a000 rw-p 00000000 00:00 0 
7f8db882a000-7f8db8910000 ---p 00000000 00:00 0 
7f8db8910000-7f8db8b80000 rwxp 00000000 00:00 0 
7f8db8b80000-7f8db8e9f000 ---p 00000000 00:00 0 
7f8db8e9f000-7f8db941f000 rwxp 00000000 00:00 0 
7f8db941f000-7f8dc03d7000 ---p 00000000 00:00 0 
7f8dc03d7000-7f8dc0647000 rwxp 00000000 00:00 0 
7f8dc0647000-7f8dc7910000 ---p 00000000 00:00 0 
7f8dc7910000-7f8dd0000000 r--s 00000000 08:01 2118399                    /usr/lib/jvm/java-11-openjdk-amd64/lib/modules
7f8dd0000000-7f8dd09e7000 rw-p 00000000 00:00 0 
7f8dd09e7000-7f8dd4000000 ---p 00000000 00:00 0 
7f8dd4019000-7f8dd4045000 rw-p 00000000 00:00 0 
7f8dd4045000-7f8dd4125000 ---p 00000000 00:00 0 
7f8dd4125000-7f8dd412a000 r-xp 00000000 08:01 2118380                    /usr/lib/jvm/java-11-openjdk-amd64/lib/libjimage.so
7f8dd412a000-7f8dd4329000 ---p 00005000 08:01 2118380                    /usr/lib/jvm/java-11-openjdk-amd64/lib/libjimage.so
7f8dd4329000-7f8dd432a000 r--p 00004000 08:01 2118380                    /usr/lib/jvm/java-11-openjdk-amd64/lib/libjimage.so
7f8dd432a000-7f8dd432b000 rw-p 00005000 08:01 2118380                    /usr/lib/jvm/java-11-openjdk-amd64/lib/libjimage.so
7f8dd432b000-7f8dd4332000 r-xp 00000000 08:01 2118398                    /usr/lib/jvm/java-11-openjdk-amd64/lib/libzip.so
7f8dd4332000-7f8dd4531000 ---p 00007000 08:01 2118398                    /usr/lib/jvm/java-11-openjdk-amd64/lib/libzip.so
7f8dd4531000-7f8dd4532000 r--p 00006000 08:01 2118398                    /usr/lib/jvm/java-11-openjdk-amd64/lib/libzip.so
7f8dd4532000-7f8dd4533000 rw-p 00007000 08:01 2118398                    /usr/lib/jvm/java-11-openjdk-amd64/lib/libzip.so
7f8dd4533000-7f8dd453d000 r-xp 00000000 08:01 1843001                    /lib/x86_64-linux-gnu/libnss_files-2.24.so
7f8dd453d000-7f8dd473d000 ---p 0000a000 08:01 1843001                    /lib/x86_64-linux-gnu/libnss_files-2.24.so
7f8dd473d000-7f8dd473e000 r--p 0000a000 08:01 1843001                    /lib/x86_64-linux-gnu/libnss_files-2.24.so
7f8dd473e000-7f8dd473f000 rw-p 0000b000 08:01 1843001                    /lib/x86_64-linux-gnu/libnss_files-2.24.so
7f8dd473f000-7f8dd4745000 rw-p 00000000 00:00 0 
7f8dd4745000-7f8dd4750000 r-xp 00000000 08:01 1843005                    /lib/x86_64-linux-gnu/libnss_nis-2.24.so
7f8dd4750000-7f8dd494f000 ---p 0000b000 08:01 1843005                    /lib/x86_64-linux-gnu/libnss_nis-2.24.so
7f8dd494f000-7f8dd4950000 r--p 0000a000 08:01 1843005                    /lib/x86_64-linux-gnu/libnss_nis-2.24.so
7f8dd4950000-7f8dd4951000 rw-p 0000b000 08:01 1843005                    /lib/x86_64-linux-gnu/libnss_nis-2.24.so
7f8dd4951000-7f8dd4965000 r-xp 00000000 08:01 1842995                    /lib/x86_64-linux-gnu/libnsl-2.24.so
7f8dd4965000-7f8dd4b65000 ---p 00014000 08:01 1842995                    /lib/x86_64-linux-gnu/libnsl-2.24.so
7f8dd4b65000-7f8dd4b66000 r--p 00014000 08:01 1842995                    /lib/x86_64-linux-gnu/libnsl-2.24.so
7f8dd4b66000-7f8dd4b67000 rw-p 00015000 08:01 1842995                    /lib/x86_64-linux-gnu/libnsl-2.24.so
7f8dd4b67000-7f8dd4b69000 rw-p 00000000 00:00 0 
7f8dd4b69000-7f8dd4b70000 r-xp 00000000 08:01 1842997                    /lib/x86_64-linux-gnu/libnss_compat-2.24.so
7f8dd4b70000-7f8dd4d6f000 ---p 00007000 08:01 1842997                    /lib/x86_64-linux-gnu/libnss_compat-2.24.so
7f8dd4d6f000-7f8dd4d70000 r--p 00006000 08:01 1842997                    /lib/x86_64-linux-gnu/libnss_compat-2.24.so
7f8dd4d70000-7f8dd4d71000 rw-p 00007000 08:01 1842997                    /lib/x86_64-linux-gnu/libnss_compat-2.24.so
7f8dd4d71000-7f8dd4d9a000 r-xp 00000000 08:01 2118376                    /usr/lib/jvm/java-11-openjdk-amd64/lib/libjava.so
7f8dd4d9a000-7f8dd4f99000 ---p 00029000 08:01 2118376                    /usr/lib/jvm/java-11-openjdk-amd64/lib/libjava.so
7f8dd4f99000-7f8dd4f9a000 r--p 00028000 08:01 2118376                    /usr/lib/jvm/java-11-openjdk-amd64/lib/libjava.so
7f8dd4f9a000-7f8dd4f9c000 rw-p 00029000 08:01 2118376                    /usr/lib/jvm/java-11-openjdk-amd64/lib/libjava.so
7f8dd4f9c000-7f8dd4fa9000 r-xp 00000000 08:01 2118397                    /usr/lib/jvm/java-11-openjdk-amd64/lib/libverify.so
7f8dd4fa9000-7f8dd51a8000 ---p 0000d000 08:01 2118397                    /usr/lib/jvm/java-11-openjdk-amd64/lib/libverify.so
7f8dd51a8000-7f8dd51aa000 r--p 0000c000 08:01 2118397                    /usr/lib/jvm/java-11-openjdk-amd64/lib/libverify.so
7f8dd51aa000-7f8dd51ab000 rw-p 0000e000 08:01 2118397                    /usr/lib/jvm/java-11-openjdk-amd64/lib/libverify.so
7f8dd51ab000-7f8dd51b2000 r-xp 00000000 08:01 1843022                    /lib/x86_64-linux-gnu/librt-2.24.so
7f8dd51b2000-7f8dd53b1000 ---p 00007000 08:01 1843022                    /lib/x86_64-linux-gnu/librt-2.24.so
7f8dd53b1000-7f8dd53b2000 r--p 00006000 08:01 1843022                    /lib/x86_64-linux-gnu/librt-2.24.so
7f8dd53b2000-7f8dd53b3000 rw-p 00007000 08:01 1843022                    /lib/x86_64-linux-gnu/librt-2.24.so
7f8dd53b3000-7f8dd53c9000 r-xp 00000000 08:01 1842975                    /lib/x86_64-linux-gnu/libgcc_s.so.1
7f8dd53c9000-7f8dd55c8000 ---p 00016000 08:01 1842975                    /lib/x86_64-linux-gnu/libgcc_s.so.1
7f8dd55c8000-7f8dd55c9000 r--p 00015000 08:01 1842975                    /lib/x86_64-linux-gnu/libgcc_s.so.1
7f8dd55c9000-7f8dd55ca000 rw-p 00016000 08:01 1842975                    /lib/x86_64-linux-gnu/libgcc_s.so.1
7f8dd55ca000-7f8dd56cd000 r-xp 00000000 08:01 1842984                    /lib/x86_64-linux-gnu/libm-2.24.so
7f8dd56cd000-7f8dd58cc000 ---p 00103000 08:01 1842984                    /lib/x86_64-linux-gnu/libm-2.24.so
7f8dd58cc000-7f8dd58cd000 r--p 00102000 08:01 1842984                    /lib/x86_64-linux-gnu/libm-2.24.so
7f8dd58cd000-7f8dd58ce000 rw-p 00103000 08:01 1842984                    /lib/x86_64-linux-gnu/libm-2.24.so
7f8dd58ce000-7f8dd5a40000 r-xp 00000000 08:01 1843740                    /usr/lib/x86_64-linux-gnu/libstdc++.so.6.0.22
7f8dd5a40000-7f8dd5c40000 ---p 00172000 08:01 1843740                    /usr/lib/x86_64-linux-gnu/libstdc++.so.6.0.22
7f8dd5c40000-7f8dd5c4a000 r--p 00172000 08:01 1843740                    /usr/lib/x86_64-linux-gnu/libstdc++.so.6.0.22
7f8dd5c4a000-7f8dd5c4c000 rw-p 0017c000 08:01 1843740                    /usr/lib/x86_64-linux-gnu/libstdc++.so.6.0.22
7f8dd5c4c000-7f8dd5c50000 rw-p 00000000 00:00 0 
7f8dd5c50000-7f8dd6cd8000 r-xp 00000000 08:01 2118411                    /usr/lib/jvm/java-11-openjdk-amd64/lib/server/libjvm.so
7f8dd6cd8000-7f8dd6ed7000 ---p 01088000 08:01 2118411                    /usr/lib/jvm/java-11-openjdk-amd64/lib/server/libjvm.so
7f8dd6ed7000-7f8dd6f94000 r--p 01087000 08:01 2118411                    /usr/lib/jvm/java-11-openjdk-amd64/lib/server/libjvm.so
7f8dd6f94000-7f8dd6fce000 rw-p 01144000 08:01 2118411                    /usr/lib/jvm/java-11-openjdk-amd64/lib/server/libjvm.so
7f8dd6fce000-7f8dd7024000 rw-p 00000000 00:00 0 
7f8dd7024000-7f8dd71b9000 r-xp 00000000 08:01 1842955                    /lib/x86_64-linux-gnu/libc-2.24.so
7f8dd71b9000-7f8dd73b9000 ---p 00195000 08:01 1842955                    /lib/x86_64-linux-gnu/libc-2.24.so
7f8dd73b9000-7f8dd73bd000 r--p 00195000 08:01 1842955                    /lib/x86_64-linux-gnu/libc-2.24.so
7f8dd73bd000-7f8dd73bf000 rw-p 00199000 08:01 1842955                    /lib/x86_64-linux-gnu/libc-2.24.so
7f8dd73bf000-7f8dd73c3000 rw-p 00000000 00:00 0 
7f8dd73c3000-7f8dd73c6000 r-xp 00000000 08:01 1842967                    /lib/x86_64-linux-gnu/libdl-2.24.so
7f8dd73c6000-7f8dd75c5000 ---p 00003000 08:01 1842967                    /lib/x86_64-linux-gnu/libdl-2.24.so
7f8dd75c5000-7f8dd75c6000 r--p 00002000 08:01 1842967                    /lib/x86_64-linux-gnu/libdl-2.24.so
7f8dd75c6000-7f8dd75c7000 rw-p 00003000 08:01 1842967                    /lib/x86_64-linux-gnu/libdl-2.24.so
7f8dd75c7000-7f8dd75d6000 r-xp 00000000 08:01 2118358                    /usr/lib/jvm/java-11-openjdk-amd64/lib/jli/libjli.so
7f8dd75d6000-7f8dd77d5000 ---p 0000f000 08:01 2118358                    /usr/lib/jvm/java-11-openjdk-amd64/lib/jli/libjli.so
7f8dd77d5000-7f8dd77d6000 r--p 0000e000 08:01 2118358                    /usr/lib/jvm/java-11-openjdk-amd64/lib/jli/libjli.so
7f8dd77d6000-7f8dd77d7000 rw-p 0000f000 08:01 2118358                    /usr/lib/jvm/java-11-openjdk-amd64/lib/jli/libjli.so
7f8dd77d7000-7f8dd77ef000 r-xp 00000000 08:01 1843018                    /lib/x86_64-linux-gnu/libpthread-2.24.so
7f8dd77ef000-7f8dd79ee000 ---p 00018000 08:01 1843018                    /lib/x86_64-linux-gnu/libpthread-2.24.so
7f8dd79ee000-7f8dd79ef000 r--p 00017000 08:01 1843018                    /lib/x86_64-linux-gnu/libpthread-2.24.so
7f8dd79ef000-7f8dd79f0000 rw-p 00018000 08:01 1843018                    /lib/x86_64-linux-gnu/libpthread-2.24.so
7f8dd79f0000-7f8dd79f4000 rw-p 00000000 00:00 0 
7f8dd79f4000-7f8dd7a0d000 r-xp 00000000 08:01 1843043                    /lib/x86_64-linux-gnu/libz.so.1.2.8
7f8dd7a0d000-7f8dd7c0c000 ---p 00019000 08:01 1843043                    /lib/x86_64-linux-gnu/libz.so.1.2.8
7f8dd7c0c000-7f8dd7c0d000 r--p 00018000 08:01 1843043                    /lib/x86_64-linux-gnu/libz.so.1.2.8
7f8dd7c0d000-7f8dd7c0e000 rw-p 00019000 08:01 1843043                    /lib/x86_64-linux-gnu/libz.so.1.2.8
7f8dd7c0e000-7f8dd7c31000 r-xp 00000000 08:01 1842937                    /lib/x86_64-linux-gnu/ld-2.24.so
7f8dd7c4b000-7f8dd7c77000 rw-p 00000000 00:00 0 
7f8dd7c77000-7f8dd7d13000 ---p 00000000 00:00 0 
7f8dd7d13000-7f8dd7d18000 rw-p 00000000 00:00 0 
7f8dd7d18000-7f8dd7d1f000 ---p 00000000 00:00 0 
7f8dd7d1f000-7f8dd7d21000 r--s 00007000 08:01 2379129                    /usr/share/java/java-atk-wrapper.jar
7f8dd7d21000-7f8dd7d25000 ---p 00000000 00:00 0 
7f8dd7d25000-7f8dd7e26000 rw-p 00000000 00:00 0 
7f8dd7e27000-7f8dd7e2f000 rw-s 00000000 08:01 411604                     /tmp/hsperfdata_tanzachary/5880
7f8dd7e2f000-7f8dd7e30000 ---p 00000000 00:00 0 
7f8dd7e30000-7f8dd7e31000 r--p 00000000 00:00 0 
7f8dd7e31000-7f8dd7e32000 r--p 00023000 08:01 1842937                    /lib/x86_64-linux-gnu/ld-2.24.so
7f8dd7e32000-7f8dd7e33000 rw-p 00024000 08:01 1842937                    /lib/x86_64-linux-gnu/ld-2.24.so
7f8dd7e33000-7f8dd7e34000 rw-p 00000000 00:00 0 
7ffe8465b000-7ffe8467c000 rw-p 00000000 00:00 0                          [stack]
7ffe84684000-7ffe84687000 r--p 00000000 00:00 0                          [vvar]
7ffe84687000-7ffe84689000 r-xp 00000000 00:00 0                          [vdso]
ffffffffff600000-ffffffffff601000 r-xp 00000000 00:00 0                  [vsyscall]


VM Arguments:
jvm_args: -Dclassworlds.conf=/opt/maven/bin/m2.conf -Dmaven.home=/opt/maven -Dlibrary.jansi.path=/opt/maven/lib/jansi-native -Dmaven.multiModuleProjectDirectory=/home/tanzachary/step/portfolio 
java_command: org.codehaus.plexus.classworlds.launcher.Launcher package appengine:run
java_class_path (initial): /opt/maven/boot/plexus-classworlds-2.6.0.jar
Launcher Type: SUN_STANDARD

[Global flags]
     intx CICompilerCount                          = 2                                         {product} {ergonomic}
   size_t InitialHeapSize                          = 33554432                                  {product} {ergonomic}
   size_t MaxHeapSize                              = 524288000                                 {product} {ergonomic}
   size_t MaxNewSize                               = 174718976                                 {product} {ergonomic}
   size_t MinHeapDeltaBytes                        = 196608                                    {product} {ergonomic}
   size_t NewSize                                  = 11141120                                  {product} {ergonomic}
    uintx NonNMethodCodeHeapSize                   = 5825164                                {pd product} {ergonomic}
    uintx NonProfiledCodeHeapSize                  = 122916538                              {pd product} {ergonomic}
   size_t OldSize                                  = 22413312                                  {product} {ergonomic}
    uintx ProfiledCodeHeapSize                     = 122916538                              {pd product} {ergonomic}
    uintx ReservedCodeCacheSize                    = 251658240                              {pd product} {ergonomic}
     bool SegmentedCodeCache                       = true                                      {product} {ergonomic}
     bool UseCompressedClassPointers               = true                                 {lp64_product} {ergonomic}
     bool UseCompressedOops                        = true                                 {lp64_product} {ergonomic}
     bool UseSerialGC                              = true                                      {product} {ergonomic}

Logging:
Log output configuration:
 #0: stdout all=warning uptime,level,tags
 #1: stderr all=off uptime,level,tags

Environment Variables:
JAVA_HOME=/usr/lib/jvm/java-11-openjdk-amd64
PATH=/home/tanzachary/step/portfolio/node_modules/.bin:/home/tanzachary/gopath/bin:/google/gopath/bin:/home/tanzachary/.gems/bin:/usr/local/go/bin:/opt/gradle/bin:/opt/maven/bin:/usr/local/sbin:/usr/local/bin:/usr/sbin:/usr/bin:/sbin:/bin:/usr/local/nvm/versions/node/v10.14.2/bin:/google/go_appengine:/google/google_appengine:/google/migrate/anthos/
SHELL=/bin/bash

Signal Handlers:
SIGSEGV: [libjvm.so+0xd9bff0], sa_mask[0]=11111111011111111101111111111110, sa_flags=SA_RESTART|SA_SIGINFO
SIGBUS: [libjvm.so+0xd9bff0], sa_mask[0]=11111111011111111101111111111110, sa_flags=SA_RESTART|SA_SIGINFO
SIGFPE: [libjvm.so+0xd9bff0], sa_mask[0]=11111111011111111101111111111110, sa_flags=SA_RESTART|SA_SIGINFO
SIGPIPE: [libjvm.so+0xb8fcf0], sa_mask[0]=11111111011111111101111111111110, sa_flags=SA_RESTART|SA_SIGINFO
SIGXFSZ: [libjvm.so+0xb8fcf0], sa_mask[0]=11111111011111111101111111111110, sa_flags=SA_RESTART|SA_SIGINFO
SIGILL: [libjvm.so+0xd9bff0], sa_mask[0]=11111111011111111101111111111110, sa_flags=SA_RESTART|SA_SIGINFO
SIGUSR2: [libjvm.so+0xb8fb90], sa_mask[0]=00000000000000000000000000000000, sa_flags=SA_RESTART|SA_SIGINFO
SIGHUP: [libjvm.so+0xb8fef0], sa_mask[0]=11111111011111111101111111111110, sa_flags=SA_RESTART|SA_SIGINFO
SIGINT: [libjvm.so+0xb8fef0], sa_mask[0]=11111111011111111101111111111110, sa_flags=SA_RESTART|SA_SIGINFO
SIGTERM: [libjvm.so+0xb8fef0], sa_mask[0]=11111111011111111101111111111110, sa_flags=SA_RESTART|SA_SIGINFO
SIGQUIT: [libjvm.so+0xb8fef0], sa_mask[0]=11111111011111111101111111111110, sa_flags=SA_RESTART|SA_SIGINFO


---------------  S Y S T E M  ---------------

OS:PRETTY_NAME="Debian GNU/Linux 9 (stretch)"
NAME="Debian GNU/Linux"
VERSION_ID="9"
VERSION="9 (stretch)"
VERSION_CODENAME=stretch
ID=debian
HOME_URL="https://www.debian.org/"
SUPPORT_URL="https://www.debian.org/support"
BUG_REPORT_URL="https://bugs.debian.org/"
uname:Linux 4.19.112+ #1 SMP Wed May 6 00:27:44 PDT 2020 x86_64
libc:glibc 2.24 NPTL 2.24 
rlimit: STACK 8192k, CORE infinity, NPROC infinity, NOFILE 1048576, AS infinity, DATA infinity, FSIZE infinity
load average:0.48 0.72 0.80

/proc/meminfo:
MemTotal:        2043884 kB
MemFree:          171680 kB
MemAvailable:     880776 kB
Buffers:           64000 kB
Cached:           663736 kB
SwapCached:          740 kB
Active:           801636 kB
Inactive:         758592 kB
Active(anon):     383436 kB
Inactive(anon):   423448 kB
Active(file):     418200 kB
Inactive(file):   335144 kB
Unevictable:           0 kB
Mlocked:               0 kB
SwapTotal:        786428 kB
SwapFree:         703740 kB
Dirty:              1872 kB
Writeback:             0 kB
AnonPages:        831736 kB
Mapped:           412012 kB
Shmem:               820 kB
Slab:             194800 kB
SReclaimable:     143376 kB
SUnreclaim:        51424 kB
KernelStack:        8008 kB
PageTables:        13684 kB
NFS_Unstable:          0 kB
Bounce:                0 kB
WritebackTmp:          0 kB
CommitLimit:     1808368 kB
Committed_AS:    5133048 kB
VmallocTotal:   34359738367 kB
VmallocUsed:           0 kB
VmallocChunk:          0 kB
Percpu:              968 kB
AnonHugePages:      2048 kB
ShmemHugePages:        0 kB
ShmemPmdMapped:        0 kB
HugePages_Total:       0
HugePages_Free:        0
HugePages_Rsvd:        0
HugePages_Surp:        0
Hugepagesize:       2048 kB
Hugetlb:               0 kB
DirectMap4k:       85180 kB
DirectMap2M:     2011136 kB
DirectMap1G:           0 kB


/proc/sys/kernel/threads-max (system-wide limit on the number of threads):
15631


/proc/sys/vm/max_map_count (maximum number of memory map areas a process may have):
65530


/proc/sys/kernel/pid_max (system-wide limit on number of process identifiers):
4194304



container (cgroup) information:
container_type: cgroupv1
cpu_cpuset_cpus: 0-1
cpu_memory_nodes: 0
active_processor_count: 1
cpu_quota: -1
cpu_period: 100000
cpu_shares: 2
memory_limit_in_bytes: -1
memory_and_swap_limit_in_bytes: -1
memory_soft_limit_in_bytes: -1
memory_usage_in_bytes: 543047680
memory_max_usage_in_bytes: 684109824

KVM virtualization detected
Steal ticks since vm start: 0
Steal ticks percentage since vm start:  0.000

CPU:total 2 (initial active 1) (1 cores per cpu, 2 threads per core) family 6 model 63 stepping 0, cmov, cx8, fxsr, mmx, sse, sse2, sse3, ssse3, sse4.1, sse4.2, popcnt, avx, avx2, aes, clmul, erms, lzcnt, ht, tsc, tscinvbit, bmi1, bmi2, fma
CPU Model and flags from /proc/cpuinfo:
model name	: Intel(R) Xeon(R) CPU @ 2.30GHz
flags		: fpu vme de pse tsc msr pae mce cx8 apic sep mtrr pge mca cmov pat pse36 clflush mmx fxsr sse sse2 ss ht syscall nx pdpe1gb rdtscp lm constant_tsc rep_good nopl xtopology nonstop_tsc cpuid tsc_known_freq pni pclmulqdq ssse3 fma cx16 pcid sse4_1 sse4_2 x2apic movbe popcnt aes xsave avx f16c rdrand hypervisor lahf_lm abm invpcid_single pti ssbd ibrs ibpb stibp fsgsbase tsc_adjust bmi1 avx2 smep bmi2 erms invpcid xsaveopt arat md_clear arch_capabilities

Memory: 4k page, physical 2043884k(171680k free), swap 786428k(703740k free)

vm_info: OpenJDK 64-Bit Server VM (11.0.6+10-post-Debian-1bpo91) for linux-amd64 JRE (11.0.6+10-post-Debian-1bpo91), built on Feb  1 2020 09:07:43 by "unknown" with gcc 6.3.0 20170516

END.
