#
# A fatal error has been detected by the Java Runtime Environment:
#
#  SIGSEGV (0xb) at pc=0x00007f98fad60bc0, pid=6202, tid=6202
#
# JRE version: OpenJDK Runtime Environment (11.0.6+10) (build 11.0.6+10-post-Debian-1bpo91)
# Java VM: OpenJDK 64-Bit Server VM (11.0.6+10-post-Debian-1bpo91, mixed mode, sharing, tiered, compressed oops, serial gc, linux-amd64)
# Problematic frame:
# V  [libjvm.so+0xb8fbc0]
#
# Core dump will be written. Default location: Core dumps may be processed with "/sbin/crash_reporter --user=%P:%s:%u:%g:%e" (or dumping to /home/tanzachary/step/portfolio/core.6202)
#
# If you would like to submit a bug report, please visit:
#   https://bugs.debian.org/openjdk-11
#

---------------  S U M M A R Y ------------

Command Line: -Dclassworlds.conf=/opt/maven/bin/m2.conf -Dmaven.home=/opt/maven -Dlibrary.jansi.path=/opt/maven/lib/jansi-native -Dmaven.multiModuleProjectDirectory=/home/tanzachary/step/portfolio org.codehaus.plexus.classworlds.launcher.Launcher package appengine:run

Host: Intel(R) Xeon(R) CPU @ 2.30GHz, 2 cores, 1G, Debian GNU/Linux 9 (stretch)
Time: Thu May 28 18:01:11 2020 EDT elapsed time: 30 seconds (0d 0h 0m 30s)

---------------  T H R E A D  ---------------

Current thread is native thread

Stack: [0x00007ffe29249000,0x00007ffe29a48000],  sp=0x00007ffe29a42700,  free space=8165k
Native frames: (J=compiled Java code, A=aot compiled Java code, j=interpreted, Vv=VM code, C=native code)
V  [libjvm.so+0xb8fbc0]
C  [libpthread.so.0+0x110e0]


siginfo: si_signo: 11 (SIGSEGV), si_code: 1 (SEGV_MAPERR), si_addr: 0x00000000000000d0

Register to memory mapping:

RAX=0x0 is NULL
RBX=
[error occurred during error reporting (printing register info), id 0xb, SIGSEGV (0xb) at pc=0x00007f98faf079e7]

Registers:
RAX=0x0000000000000000, RBX=0x00007f98fc3a3e18, RCX=0x00007f98fbd606dd, RDX=0x0000000000000000
RSP=0x00007ffe29a42700, RBP=0x00007ffe29a427b0, RSI=0x00007ffe29a428f0, RDI=0x0000000000000001
R8 =0x00000000000000ca, R9 =0x00007f98fc3a29d0, R10=0x0000000000000000, R11=0x0000000000000246
R12=0x0000000000000000, R13=0x00007ffe29a428f0, R14=0x00007ffe29a427c0, R15=0x00007f98fc3a2d28
RIP=0x00007f98fad60bc0, EFLAGS=0x0000000000010246, CSGSFS=0x002b000000000033, ERR=0x0000000000000004
  TRAPNO=0x000000000000000e

Top of Stack: (sp=0x00007ffe29a42700)
0x00007ffe29a42700:   0000000001e5cb59 00007f98fb5b6038
0x00007ffe29a42710:   00007ffe29a42830 00007f98fb5a8d90
0x00007ffe29a42720:   00007ffe29a42754 00007ffe29a42820
0x00007ffe29a42730:   000055cf914cdc70 000000000000000b 

Instructions: (pc=0x00007f98fad60bc0)
0x00007f98fad60ac0:   c0 74 03 c6 00 00 4c 89 f7 4c 89 fa 48 89 de e8
0x00007f98fad60ad0:   dc db 6d ff 4c 89 e7 e8 24 df 6d ff 48 81 c4 08
0x00007f98fad60ae0:   01 00 00 5b 41 5c 41 5d 41 5e 41 5f 5d c3 4c 89
0x00007f98fad60af0:   e2 be 00 01 00 00 48 89 df e8 92 e1 6d ff 48 85
0x00007f98fad60b00:   c0 74 ae 48 8d 35 b1 46 2f 00 48 89 df e8 5e df
0x00007f98fad60b10:   6d ff 48 85 c0 74 41 66 0f 1f 84 00 00 00 00 00
0x00007f98fad60b20:   be 22 00 00 00 48 89 df e8 d3 df 6d ff 48 85 c0
0x00007f98fad60b30:   74 46 48 8d 58 01 be 22 00 00 00 48 89 df e8 bd
0x00007f98fad60b40:   df 6d ff 48 85 c0 0f 85 77 ff ff ff e9 75 ff ff
0x00007f98fad60b50:   ff 0f 1f 80 00 00 00 00 48 8d 35 71 46 2f 00 48
0x00007f98fad60b60:   89 df e8 09 df 6d ff 48 85 c0 0f 84 41 ff ff ff
0x00007f98fad60b70:   eb ae 66 0f 1f 44 00 00 48 89 df be 3d 00 00 00
0x00007f98fad60b80:   e8 7b df 6d ff 48 8d 58 01 e9 23 ff ff ff 66 90
0x00007f98fad60b90:   55 48 89 e5 41 57 41 56 41 55 41 54 49 89 d6 53
0x00007f98fad60ba0:   49 89 f5 48 81 ec 88 00 00 00 e8 81 e6 6d ff 48
0x00007f98fad60bb0:   89 c3 44 8b 20 e8 26 58 1a 00 31 d2 84 c0 75 38
0x00007f98fad60bc0:   48 83 ba d0 00 00 00 00 74 16 4c 8b ba 68 02 00
0x00007f98fad60bd0:   00 41 8b 87 a8 00 00 00 83 f8 01 74 2b 44 89 23
0x00007f98fad60be0:   48 81 c4 88 00 00 00 5b 41 5c 41 5d 41 5e 41 5f
0x00007f98fad60bf0:   5d c3 66 0f 1f 44 00 00 e8 f3 57 1a 00 48 89 c2
0x00007f98fad60c00:   eb be 66 0f 1f 44 00 00 4d 89 af b0 00 00 00 4d
0x00007f98fad60c10:   8d af a8 00 00 00 4d 89 b7 b8 00 00 00 ba 02 00
0x00007f98fad60c20:   00 00 be 01 00 00 00 4c 89 ef e8 01 cb ff ff 83
0x00007f98fad60c30:   f8 02 74 3c 85 c0 75 18 49 c7 87 b8 00 00 00 00
0x00007f98fad60c40:   00 00 00 49 c7 87 b0 00 00 00 00 00 00 00 eb 8d
0x00007f98fad60c50:   48 8d 05 51 96 7b 00 48 8d 3d 7a 4e 2f 00 be 64
0x00007f98fad60c60:   11 00 00 48 8b 00 c6 00 58 e8 22 16 ab ff eb c8
0x00007f98fad60c70:   4c 8d b5 50 ff ff ff 4c 89 f7 e8 11 e2 6d ff 4c
0x00007f98fad60c80:   89 f2 31 f6 31 ff e8 15 e3 6d ff 8b 35 ff 37 7d
0x00007f98fad60c90:   00 4c 89 f7 e8 c7 de 6d ff 48 8d 3d 60 73 81 00
0x00007f98fad60ca0:   be 01 00 00 00 e8 a6 bc 0c 00 66 0f 1f 44 00 00
0x00007f98fad60cb0:   4c 89 f7 e8 d8 e5 6d ff 31 d2 be 03 00 00 00 4c 


Stack slot to memory mapping:
stack at sp + 0 slots: 
[error occurred during error reporting (inspecting top of stack), id 0xb, SIGSEGV (0xb) at pc=0x00007f98faf079e7]


---------------  P R O C E S S  ---------------

VM state:not at safepoint (normal execution)

VM Mutex/Monitor currently owned by a thread: None

Heap address: 0x00000000e0c00000, size: 500 MB, Compressed Oops mode: 32-bit
Narrow klass base: 0x0000000800000000, Narrow klass shift: 3
Compressed class space size: 1073741824 Address: 0x0000000840000000

Heap:
 def new generation   total 10368K, used 1988K [0x00000000e0c00000, 0x00000000e1740000, 0x00000000eb2a0000)
  eden space 9216K,  21% used [0x00000000e0c00000, 0x00000000e0df10a0, 0x00000000e1500000)
  from space 1152K,   0% used [0x00000000e1500000, 0x00000000e1500000, 0x00000000e1620000)
  to   space 1152K,   0% used [0x00000000e1620000, 0x00000000e1620000, 0x00000000e1740000)
 tenured generation   total 22908K, used 13744K [0x00000000eb2a0000, 0x00000000ec8ff000, 0x0000000100000000)
   the space 22908K,  59% used [0x00000000eb2a0000, 0x00000000ec00c1f8, 0x00000000ec00c200, 0x00000000ec8ff000)
 Metaspace       used 20851K, capacity 21566K, committed 21808K, reserved 1069056K
  class space    used 2417K, capacity 2664K, committed 2688K, reserved 1048576K

Card table byte_map: [0x00007f98f83d5000,0x00007f98f84d0000] _byte_map_base: 0x00007f98f7ccf000

Polling page: 0x00007f98fc3b0000

Metaspace:

Usage:
  Non-class:     18.46 MB capacity,    18.00 MB ( 98%) used,   431.11 KB (  2%) free+waste,    37.25 KB ( <1%) overhead. 
      Class:      2.60 MB capacity,     2.36 MB ( 91%) used,   228.57 KB (  9%) free+waste,    18.00 KB ( <1%) overhead. 
       Both:     21.06 MB capacity,    20.36 MB ( 97%) used,   659.68 KB (  3%) free+waste,    55.25 KB ( <1%) overhead. 

Virtual space:
  Non-class space:       20.00 MB reserved,      18.67 MB ( 93%) committed 
      Class space:        1.00 GB reserved,       2.62 MB ( <1%) committed 
             Both:        1.02 GB reserved,      21.30 MB (  2%) committed 

Chunk freelists:
   Non-Class:  54.00 KB
       Class:  0 bytes
        Both:  54.00 KB

MaxMetaspaceSize: unlimited
CompressedClassSpaceSize: 1.00 GB

CodeHeap 'non-profiled nmethods': size=120036Kb used=1600Kb max_used=1600Kb free=118436Kb
 bounds [0x00007f98e43d7000, 0x00007f98e4647000, 0x00007f98eb910000]
CodeHeap 'profiled nmethods': size=120032Kb used=8546Kb max_used=8546Kb free=111485Kb
 bounds [0x00007f98dce9f000, 0x00007f98dd6ff000, 0x00007f98e43d7000]
CodeHeap 'non-nmethods': size=5692Kb used=1146Kb max_used=1161Kb free=4545Kb
 bounds [0x00007f98dc910000, 0x00007f98dcb80000, 0x00007f98dce9f000]
 total_blobs=5307 nmethods=4038 adapters=398
 compilation: enabled
              stopped_count=0, restarted_count=0
 full_count=0

Compilation events (20 events):
Event: 7.680 Thread 0x00007f98f4059800 4038       4       java.util.regex.Pattern$$Lambda$10/0x0000000840063440::is (9 bytes)
Event: 7.680 Thread 0x00007f98f4059800 nmethod 4038 0x00007f98e4564f90 code [0x00007f98e4565120, 0x00007f98e4565198]
Event: 7.681 Thread 0x00007f98f405b800 4040       3       java.lang.AbstractStringBuilder::append (45 bytes)
Event: 7.684 Thread 0x00007f98f405b800 nmethod 4040 0x00007f98dd6f4f10 code [0x00007f98dd6f5140, 0x00007f98dd6f56d8]
Event: 8.375 Thread 0x00007f98f405b800 4041       3       java.util.regex.Pattern$BmpCharPredicate$$Lambda$4/0x0000000840064840::is (13 bytes)
Event: 8.376 Thread 0x00007f98f4059800 4042       4       java.util.regex.Pattern$Slice::match (79 bytes)
Event: 8.379 Thread 0x00007f98f405b800 nmethod 4041 0x00007f98dd6f5910 code [0x00007f98dd6f5b00, 0x00007f98dd6f5f98]
Event: 8.380 Thread 0x00007f98f4059800 nmethod 4042 0x00007f98e4565210 code [0x00007f98e45653c0, 0x00007f98e4565598]
Event: 8.690 Thread 0x00007f98f4059800 4043       4       java.nio.CharBuffer::charAt (16 bytes)
Event: 8.695 Thread 0x00007f98f405b800 4045       3       java.lang.String::getBytes (44 bytes)
Event: 8.696 Thread 0x00007f98f405b800 nmethod 4045 0x00007f98dd6f6110 code [0x00007f98dd6f6300, 0x00007f98dd6f6698]
Event: 8.697 Thread 0x00007f98f4059800 nmethod 4043 0x00007f98e4565710 code [0x00007f98e45658a0, 0x00007f98e45659d8]
Event: 8.697 Thread 0x00007f98f4059800 4044       4       java.nio.HeapCharBuffer::get (15 bytes)
Event: 8.699 Thread 0x00007f98f4059800 nmethod 4044 0x00007f98e4565b90 code [0x00007f98e4565d20, 0x00007f98e4565e18]
Event: 8.712 Thread 0x00007f98f405b800 4046       3       java.util.regex.Matcher::end (22 bytes)
Event: 8.714 Thread 0x00007f98f405b800 nmethod 4046 0x00007f98dd6f6810 code [0x00007f98dd6f69e0, 0x00007f98dd6f6c88]
Event: 8.718 Thread 0x00007f98f405b800 4047       3       java.io.FileInputStream::available (5 bytes)
Event: 8.718 Thread 0x00007f98f405b800 nmethod 4047 0x00007f98dd6f6d90 code [0x00007f98dd6f6f40, 0x00007f98dd6f70e8]
Event: 8.830 Thread 0x00007f98f4059800 4048   !   4       java.nio.charset.CharsetEncoder::encode (285 bytes)
Event: 8.835 Thread 0x00007f98f4059800 nmethod 4048 0x00007f98e4565f10 code [0x00007f98e45660e0, 0x00007f98e4566408]

GC Heap History (20 events):
Event: 3.549 GC heap before
{Heap before GC invocations=12 (full 0):
 def new generation   total 9792K, used 9239K [0x00000000e0c00000, 0x00000000e16a0000, 0x00000000eb2a0000)
  eden space 8704K, 100% used [0x00000000e0c00000, 0x00000000e1480000, 0x00000000e1480000)
  from space 1088K,  49% used [0x00000000e1480000, 0x00000000e1505f68, 0x00000000e1590000)
  to   space 1088K,   0% used [0x00000000e1590000, 0x00000000e1590000, 0x00000000e16a0000)
 tenured generation   total 21888K, used 7878K [0x00000000eb2a0000, 0x00000000ec800000, 0x0000000100000000)
   the space 21888K,  35% used [0x00000000eb2a0000, 0x00000000eba51bb0, 0x00000000eba51c00, 0x00000000ec800000)
 Metaspace       used 14086K, capacity 15631K, committed 16000K, reserved 1062912K
  class space    used 1612K, capacity 1833K, committed 1920K, reserved 1048576K
}
Event: 3.552 GC heap after
{Heap after GC invocations=13 (full 0):
 def new generation   total 9792K, used 964K [0x00000000e0c00000, 0x00000000e16a0000, 0x00000000eb2a0000)
  eden space 8704K,   0% used [0x00000000e0c00000, 0x00000000e0c00000, 0x00000000e1480000)
  from space 1088K,  88% used [0x00000000e1590000, 0x00000000e1681390, 0x00000000e16a0000)
  to   space 1088K,   0% used [0x00000000e1480000, 0x00000000e1480000, 0x00000000e1590000)
 tenured generation   total 21888K, used 7878K [0x00000000eb2a0000, 0x00000000ec800000, 0x0000000100000000)
   the space 21888K,  35% used [0x00000000eb2a0000, 0x00000000eba51bb0, 0x00000000eba51c00, 0x00000000ec800000)
 Metaspace       used 14086K, capacity 15631K, committed 16000K, reserved 1062912K
  class space    used 1612K, capacity 1833K, committed 1920K, reserved 1048576K
}
Event: 3.927 GC heap before
{Heap before GC invocations=13 (full 0):
 def new generation   total 9792K, used 9668K [0x00000000e0c00000, 0x00000000e16a0000, 0x00000000eb2a0000)
  eden space 8704K, 100% used [0x00000000e0c00000, 0x00000000e1480000, 0x00000000e1480000)
  from space 1088K,  88% used [0x00000000e1590000, 0x00000000e1681390, 0x00000000e16a0000)
  to   space 1088K,   0% used [0x00000000e1480000, 0x00000000e1480000, 0x00000000e1590000)
 tenured generation   total 21888K, used 7878K [0x00000000eb2a0000, 0x00000000ec800000, 0x0000000100000000)
   the space 21888K,  35% used [0x00000000eb2a0000, 0x00000000eba51bb0, 0x00000000eba51c00, 0x00000000ec800000)
 Metaspace       used 14646K, capacity 16227K, committed 16512K, reserved 1064960K
  class space    used 1646K, capacity 1901K, committed 1920K, reserved 1048576K
}
Event: 3.932 GC heap after
{Heap after GC invocations=14 (full 0):
 def new generation   total 9792K, used 496K [0x00000000e0c00000, 0x00000000e16a0000, 0x00000000eb2a0000)
  eden space 8704K,   0% used [0x00000000e0c00000, 0x00000000e0c00000, 0x00000000e1480000)
  from space 1088K,  45% used [0x00000000e1480000, 0x00000000e14fc300, 0x00000000e1590000)
  to   space 1088K,   0% used [0x00000000e1590000, 0x00000000e1590000, 0x00000000e16a0000)
 tenured generation   total 21888K, used 8823K [0x00000000eb2a0000, 0x00000000ec800000, 0x0000000100000000)
   the space 21888K,  40% used [0x00000000eb2a0000, 0x00000000ebb3dd48, 0x00000000ebb3de00, 0x00000000ec800000)
 Metaspace       used 14646K, capacity 16227K, committed 16512K, reserved 1064960K
  class space    used 1646K, capacity 1901K, committed 1920K, reserved 1048576K
}
Event: 4.192 GC heap before
{Heap before GC invocations=14 (full 0):
 def new generation   total 9792K, used 9200K [0x00000000e0c00000, 0x00000000e16a0000, 0x00000000eb2a0000)
  eden space 8704K, 100% used [0x00000000e0c00000, 0x00000000e1480000, 0x00000000e1480000)
  from space 1088K,  45% used [0x00000000e1480000, 0x00000000e14fc300, 0x00000000e1590000)
  to   space 1088K,   0% used [0x00000000e1590000, 0x00000000e1590000, 0x00000000e16a0000)
 tenured generation   total 21888K, used 8823K [0x00000000eb2a0000, 0x00000000ec800000, 0x0000000100000000)
   the space 21888K,  40% used [0x00000000eb2a0000, 0x00000000ebb3dd48, 0x00000000ebb3de00, 0x00000000ec800000)
 Metaspace       used 15007K, capacity 16532K, committed 16896K, reserved 1064960K
  class space    used 1667K, capacity 1936K, committed 2048K, reserved 1048576K
}
Event: 4.198 GC heap after
{Heap after GC invocations=15 (full 0):
 def new generation   total 9792K, used 977K [0x00000000e0c00000, 0x00000000e16a0000, 0x00000000eb2a0000)
  eden space 8704K,   0% used [0x00000000e0c00000, 0x00000000e0c00000, 0x00000000e1480000)
  from space 1088K,  89% used [0x00000000e1590000, 0x00000000e16847a0, 0x00000000e16a0000)
  to   space 1088K,   0% used [0x00000000e1480000, 0x00000000e1480000, 0x00000000e1590000)
 tenured generation   total 21888K, used 8823K [0x00000000eb2a0000, 0x00000000ec800000, 0x0000000100000000)
   the space 21888K,  40% used [0x00000000eb2a0000, 0x00000000ebb3dd48, 0x00000000ebb3de00, 0x00000000ec800000)
 Metaspace       used 15007K, capacity 16532K, committed 16896K, reserved 1064960K
  class space    used 1667K, capacity 1936K, committed 2048K, reserved 1048576K
}
Event: 4.339 GC heap before
{Heap before GC invocations=15 (full 0):
 def new generation   total 9792K, used 9681K [0x00000000e0c00000, 0x00000000e16a0000, 0x00000000eb2a0000)
  eden space 8704K, 100% used [0x00000000e0c00000, 0x00000000e1480000, 0x00000000e1480000)
  from space 1088K,  89% used [0x00000000e1590000, 0x00000000e16847a0, 0x00000000e16a0000)
  to   space 1088K,   0% used [0x00000000e1480000, 0x00000000e1480000, 0x00000000e1590000)
 tenured generation   total 21888K, used 8823K [0x00000000eb2a0000, 0x00000000ec800000, 0x0000000100000000)
   the space 21888K,  40% used [0x00000000eb2a0000, 0x00000000ebb3dd48, 0x00000000ebb3de00, 0x00000000ec800000)
 Metaspace       used 15824K, capacity 17298K, committed 17536K, reserved 1064960K
  class space    used 1807K, capacity 2110K, committed 2176K, reserved 1048576K
}
Event: 4.343 GC heap after
{Heap after GC invocations=16 (full 0):
 def new generation   total 9792K, used 905K [0x00000000e0c00000, 0x00000000e16a0000, 0x00000000eb2a0000)
  eden space 8704K,   0% used [0x00000000e0c00000, 0x00000000e0c00000, 0x00000000e1480000)
  from space 1088K,  83% used [0x00000000e1480000, 0x00000000e15626a8, 0x00000000e1590000)
  to   space 1088K,   0% used [0x00000000e1590000, 0x00000000e1590000, 0x00000000e16a0000)
 tenured generation   total 21888K, used 9291K [0x00000000eb2a0000, 0x00000000ec800000, 0x0000000100000000)
   the space 21888K,  42% used [0x00000000eb2a0000, 0x00000000ebbb2e48, 0x00000000ebbb3000, 0x00000000ec800000)
 Metaspace       used 15824K, capacity 17298K, committed 17536K, reserved 1064960K
  class space    used 1807K, capacity 2110K, committed 2176K, reserved 1048576K
}
Event: 4.706 GC heap before
{Heap before GC invocations=16 (full 0):
 def new generation   total 9792K, used 9609K [0x00000000e0c00000, 0x00000000e16a0000, 0x00000000eb2a0000)
  eden space 8704K, 100% used [0x00000000e0c00000, 0x00000000e1480000, 0x00000000e1480000)
  from space 1088K,  83% used [0x00000000e1480000, 0x00000000e15626a8, 0x00000000e1590000)
  to   space 1088K,   0% used [0x00000000e1590000, 0x00000000e1590000, 0x00000000e16a0000)
 tenured generation   total 21888K, used 9291K [0x00000000eb2a0000, 0x00000000ec800000, 0x0000000100000000)
   the space 21888K,  42% used [0x00000000eb2a0000, 0x00000000ebbb2e48, 0x00000000ebbb3000, 0x00000000ec800000)
 Metaspace       used 17510K, capacity 18406K, committed 18688K, reserved 1064960K
  class space    used 2013K, capacity 2268K, committed 2304K, reserved 1048576K
}
Event: 4.713 GC heap after
{Heap after GC invocations=17 (full 0):
 def new generation   total 9792K, used 1087K [0x00000000e0c00000, 0x00000000e16a0000, 0x00000000eb2a0000)
  eden space 8704K,   0% used [0x00000000e0c00000, 0x00000000e0c00000, 0x00000000e1480000)
  from space 1088K,  99% used [0x00000000e1590000, 0x00000000e169fff8, 0x00000000e16a0000)
  to   space 1088K,   0% used [0x00000000e1480000, 0x00000000e1480000, 0x00000000e1590000)
 tenured generation   total 21888K, used 9797K [0x00000000eb2a0000, 0x00000000ec800000, 0x0000000100000000)
   the space 21888K,  44% used [0x00000000eb2a0000, 0x00000000ebc31740, 0x00000000ebc31800, 0x00000000ec800000)
 Metaspace       used 17510K, capacity 18406K, committed 18688K, reserved 1064960K
  class space    used 2013K, capacity 2268K, committed 2304K, reserved 1048576K
}
Event: 5.069 GC heap before
{Heap before GC invocations=17 (full 0):
 def new generation   total 9792K, used 9791K [0x00000000e0c00000, 0x00000000e16a0000, 0x00000000eb2a0000)
  eden space 8704K, 100% used [0x00000000e0c00000, 0x00000000e1480000, 0x00000000e1480000)
  from space 1088K,  99% used [0x00000000e1590000, 0x00000000e169fff8, 0x00000000e16a0000)
  to   space 1088K,   0% used [0x00000000e1480000, 0x00000000e1480000, 0x00000000e1590000)
 tenured generation   total 21888K, used 9797K [0x00000000eb2a0000, 0x00000000ec800000, 0x0000000100000000)
   the space 21888K,  44% used [0x00000000eb2a0000, 0x00000000ebc31740, 0x00000000ebc31800, 0x00000000ec800000)
 Metaspace       used 17681K, capacity 18546K, committed 18688K, reserved 1064960K
  class space    used 2029K, capacity 2271K, committed 2304K, reserved 1048576K
}
Event: 5.074 GC heap after
{Heap after GC invocations=18 (full 0):
 def new generation   total 9792K, used 840K [0x00000000e0c00000, 0x00000000e16a0000, 0x00000000eb2a0000)
  eden space 8704K,   0% used [0x00000000e0c00000, 0x00000000e0c00000, 0x00000000e1480000)
  from space 1088K,  77% used [0x00000000e1480000, 0x00000000e1552180, 0x00000000e1590000)
  to   space 1088K,   0% used [0x00000000e1590000, 0x00000000e1590000, 0x00000000e16a0000)
 tenured generation   total 21888K, used 10825K [0x00000000eb2a0000, 0x00000000ec800000, 0x0000000100000000)
   the space 21888K,  49% used [0x00000000eb2a0000, 0x00000000ebd326b8, 0x00000000ebd32800, 0x00000000ec800000)
 Metaspace       used 17681K, capacity 18546K, committed 18688K, reserved 1064960K
  class space    used 2029K, capacity 2271K, committed 2304K, reserved 1048576K
}
Event: 5.139 GC heap before
{Heap before GC invocations=18 (full 0):
 def new generation   total 9792K, used 9544K [0x00000000e0c00000, 0x00000000e16a0000, 0x00000000eb2a0000)
  eden space 8704K, 100% used [0x00000000e0c00000, 0x00000000e1480000, 0x00000000e1480000)
  from space 1088K,  77% used [0x00000000e1480000, 0x00000000e1552180, 0x00000000e1590000)
  to   space 1088K,   0% used [0x00000000e1590000, 0x00000000e1590000, 0x00000000e16a0000)
 tenured generation   total 21888K, used 10825K [0x00000000eb2a0000, 0x00000000ec800000, 0x0000000100000000)
   the space 21888K,  49% used [0x00000000eb2a0000, 0x00000000ebd326b8, 0x00000000ebd32800, 0x00000000ec800000)
 Metaspace       used 17731K, capacity 18553K, committed 18688K, reserved 1064960K
  class space    used 2030K, capacity 2273K, committed 2304K, reserved 1048576K
}
Event: 5.143 GC heap after
{Heap after GC invocations=19 (full 0):
 def new generation   total 9792K, used 462K [0x00000000e0c00000, 0x00000000e16a0000, 0x00000000eb2a0000)
  eden space 8704K,   0% used [0x00000000e0c00000, 0x00000000e0c00000, 0x00000000e1480000)
  from space 1088K,  42% used [0x00000000e1590000, 0x00000000e1603aa0, 0x00000000e16a0000)
  to   space 1088K,   0% used [0x00000000e1480000, 0x00000000e1480000, 0x00000000e1590000)
 tenured generation   total 21888K, used 11585K [0x00000000eb2a0000, 0x00000000ec800000, 0x0000000100000000)
   the space 21888K,  52% used [0x00000000eb2a0000, 0x00000000ebdf0560, 0x00000000ebdf0600, 0x00000000ec800000)
 Metaspace       used 17731K, capacity 18553K, committed 18688K, reserved 1064960K
  class space    used 2030K, capacity 2273K, committed 2304K, reserved 1048576K
}
Event: 5.223 GC heap before
{Heap before GC invocations=19 (full 0):
 def new generation   total 9792K, used 9166K [0x00000000e0c00000, 0x00000000e16a0000, 0x00000000eb2a0000)
  eden space 8704K, 100% used [0x00000000e0c00000, 0x00000000e1480000, 0x00000000e1480000)
  from space 1088K,  42% used [0x00000000e1590000, 0x00000000e1603aa0, 0x00000000e16a0000)
  to   space 1088K,   0% used [0x00000000e1480000, 0x00000000e1480000, 0x00000000e1590000)
 tenured generation   total 21888K, used 11585K [0x00000000eb2a0000, 0x00000000ec800000, 0x0000000100000000)
   the space 21888K,  52% used [0x00000000eb2a0000, 0x00000000ebdf0560, 0x00000000ebdf0600, 0x00000000ec800000)
 Metaspace       used 17821K, capacity 18738K, committed 19072K, reserved 1067008K
  class space    used 2046K, capacity 2313K, committed 2432K, reserved 1048576K
}
Event: 5.227 GC heap after
{Heap after GC invocations=20 (full 0):
 def new generation   total 9792K, used 949K [0x00000000e0c00000, 0x00000000e16a0000, 0x00000000eb2a0000)
  eden space 8704K,   0% used [0x00000000e0c00000, 0x00000000e0c00000, 0x00000000e1480000)
  from space 1088K,  87% used [0x00000000e1480000, 0x00000000e156d540, 0x00000000e1590000)
  to   space 1088K,   0% used [0x00000000e1590000, 0x00000000e1590000, 0x00000000e16a0000)
 tenured generation   total 21888K, used 11585K [0x00000000eb2a0000, 0x00000000ec800000, 0x0000000100000000)
   the space 21888K,  52% used [0x00000000eb2a0000, 0x00000000ebdf0560, 0x00000000ebdf0600, 0x00000000ec800000)
 Metaspace       used 17821K, capacity 18738K, committed 19072K, reserved 1067008K
  class space    used 2046K, capacity 2313K, committed 2432K, reserved 1048576K
}
Event: 6.086 GC heap before
{Heap before GC invocations=20 (full 0):
 def new generation   total 9792K, used 9653K [0x00000000e0c00000, 0x00000000e16a0000, 0x00000000eb2a0000)
  eden space 8704K, 100% used [0x00000000e0c00000, 0x00000000e1480000, 0x00000000e1480000)
  from space 1088K,  87% used [0x00000000e1480000, 0x00000000e156d540, 0x00000000e1590000)
  to   space 1088K,   0% used [0x00000000e1590000, 0x00000000e1590000, 0x00000000e16a0000)
 tenured generation   total 21888K, used 11585K [0x00000000eb2a0000, 0x00000000ec800000, 0x0000000100000000)
   the space 21888K,  52% used [0x00000000eb2a0000, 0x00000000ebdf0560, 0x00000000ebdf0600, 0x00000000ec800000)
 Metaspace       used 18990K, capacity 19698K, committed 19968K, reserved 1067008K
  class space    used 2207K, capacity 2461K, committed 2560K, reserved 1048576K
}
Event: 6.092 GC heap after
{Heap after GC invocations=21 (full 0):
 def new generation   total 9792K, used 1088K [0x00000000e0c00000, 0x00000000e16a0000, 0x00000000eb2a0000)
  eden space 8704K,   0% used [0x00000000e0c00000, 0x00000000e0c00000, 0x00000000e1480000)
  from space 1088K, 100% used [0x00000000e1590000, 0x00000000e16a0000, 0x00000000e16a0000)
  to   space 1088K,   0% used [0x00000000e1480000, 0x00000000e1480000, 0x00000000e1590000)
 tenured generation   total 21888K, used 12363K [0x00000000eb2a0000, 0x00000000ec800000, 0x0000000100000000)
   the space 21888K,  56% used [0x00000000eb2a0000, 0x00000000ebeb2ef0, 0x00000000ebeb3000, 0x00000000ec800000)
 Metaspace       used 18990K, capacity 19698K, committed 19968K, reserved 1067008K
  class space    used 2207K, capacity 2461K, committed 2560K, reserved 1048576K
}
Event: 6.718 GC heap before
{Heap before GC invocations=21 (full 0):
 def new generation   total 9792K, used 2980K [0x00000000e0c00000, 0x00000000e16a0000, 0x00000000eb2a0000)
  eden space 8704K,  21% used [0x00000000e0c00000, 0x00000000e0dd9310, 0x00000000e1480000)
  from space 1088K, 100% used [0x00000000e1590000, 0x00000000e16a0000, 0x00000000e16a0000)
  to   space 1088K,   0% used [0x00000000e1480000, 0x00000000e1480000, 0x00000000e1590000)
 tenured generation   total 21888K, used 12363K [0x00000000eb2a0000, 0x00000000ec800000, 0x0000000100000000)
   the space 21888K,  56% used [0x00000000eb2a0000, 0x00000000ebeb2ef0, 0x00000000ebeb3000, 0x00000000ec800000)
 Metaspace       used 20422K, capacity 21065K, committed 21296K, reserved 1069056K
  class space    used 2360K, capacity 2602K, committed 2688K, reserved 1048576K
}
Event: 6.758 GC heap after
{Heap after GC invocations=22 (full 1):
 def new generation   total 10368K, used 0K [0x00000000e0c00000, 0x00000000e1740000, 0x00000000eb2a0000)
  eden space 9216K,   0% used [0x00000000e0c00000, 0x00000000e0c00000, 0x00000000e1500000)
  from space 1152K,   0% used [0x00000000e1500000, 0x00000000e1500000, 0x00000000e1620000)
  to   space 1152K,   0% used [0x00000000e1620000, 0x00000000e1620000, 0x00000000e1740000)
 tenured generation   total 22908K, used 13744K [0x00000000eb2a0000, 0x00000000ec8ff000, 0x0000000100000000)
   the space 22908K,  59% used [0x00000000eb2a0000, 0x00000000ec00c1f8, 0x00000000ec00c200, 0x00000000ec8ff000)
 Metaspace       used 20422K, capacity 21065K, committed 21296K, reserved 1069056K
  class space    used 2360K, capacity 2602K, committed 2688K, reserved 1048576K
}

Deoptimization events (20 events):
Event: 7.263 Thread 0x00007f98f4fee800 Uncommon trap: trap_request=0xffffffc6 fr.pc=0x00007f98e44e76f0 relative=0x0000000000000210
Event: 7.263 Thread 0x00007f98f4fee800 Uncommon trap: reason=bimorphic_or_optimized_type_check action=maybe_recompile pc=0x00007f98e44e76f0 method=java.util.regex.Pattern$BmpCharProperty.match(Ljava/util/regex/Matcher;ILjava/lang/CharSequence;)Z @ 14 c2
Event: 7.263 Thread 0x00007f98f4fee800 DEOPT PACKING pc=0x00007f98e44e76f0 sp=0x00007f98ce52d4f0
Event: 7.263 Thread 0x00007f98f4fee800 DEOPT UNPACKING pc=0x00007f98dc9383a5 sp=0x00007f98ce52d4a0 mode 2
Event: 7.264 Thread 0x00007f98f4fee800 Uncommon trap: trap_request=0xffffffc6 fr.pc=0x00007f98e44be88c relative=0x00000000000000cc
Event: 7.264 Thread 0x00007f98f4fee800 Uncommon trap: reason=bimorphic_or_optimized_type_check action=maybe_recompile pc=0x00007f98e44be88c method=java.lang.Character.codePointBefore(Ljava/lang/CharSequence;I)I @ 5 c2
Event: 7.264 Thread 0x00007f98f4fee800 DEOPT PACKING pc=0x00007f98e44be88c sp=0x00007f98ce52d5b0
Event: 7.264 Thread 0x00007f98f4fee800 DEOPT UNPACKING pc=0x00007f98dc9383a5 sp=0x00007f98ce52d568 mode 2
Event: 7.264 Thread 0x00007f98f4fee800 Uncommon trap: trap_request=0xffffffc6 fr.pc=0x00007f98e44be88c relative=0x00000000000000cc
Event: 7.264 Thread 0x00007f98f4fee800 Uncommon trap: reason=bimorphic_or_optimized_type_check action=maybe_recompile pc=0x00007f98e44be88c method=java.lang.Character.codePointBefore(Ljava/lang/CharSequence;I)I @ 5 c2
Event: 7.264 Thread 0x00007f98f4fee800 DEOPT PACKING pc=0x00007f98e44be88c sp=0x00007f98ce52d5b0
Event: 7.265 Thread 0x00007f98f4fee800 DEOPT UNPACKING pc=0x00007f98dc9383a5 sp=0x00007f98ce52d568 mode 2
Event: 7.265 Thread 0x00007f98f4fee800 Uncommon trap: trap_request=0xffffffc6 fr.pc=0x00007f98e44be88c relative=0x00000000000000cc
Event: 7.265 Thread 0x00007f98f4fee800 Uncommon trap: reason=bimorphic_or_optimized_type_check action=maybe_recompile pc=0x00007f98e44be88c method=java.lang.Character.codePointBefore(Ljava/lang/CharSequence;I)I @ 5 c2
Event: 7.265 Thread 0x00007f98f4fee800 DEOPT PACKING pc=0x00007f98e44be88c sp=0x00007f98ce52d5b0
Event: 7.265 Thread 0x00007f98f4fee800 DEOPT UNPACKING pc=0x00007f98dc9383a5 sp=0x00007f98ce52d568 mode 2
Event: 7.265 Thread 0x00007f98f4fee800 Uncommon trap: trap_request=0xffffffc6 fr.pc=0x00007f98e44be88c relative=0x00000000000000cc
Event: 7.265 Thread 0x00007f98f4fee800 Uncommon trap: reason=bimorphic_or_optimized_type_check action=maybe_recompile pc=0x00007f98e44be88c method=java.lang.Character.codePointBefore(Ljava/lang/CharSequence;I)I @ 5 c2
Event: 7.265 Thread 0x00007f98f4fee800 DEOPT PACKING pc=0x00007f98e44be88c sp=0x00007f98ce52d5b0
Event: 7.265 Thread 0x00007f98f4fee800 DEOPT UNPACKING pc=0x00007f98dc9383a5 sp=0x00007f98ce52d568 mode 2

Classes redefined (0 events):
No events

Internal exceptions (18 events):
Event: 0.147 Thread 0x00007f98f4014000 Exception <a 'java/lang/NoSuchMethodError'{0x00000000e0f1db28}: 'int java.lang.invoke.DirectMethodHandle$Holder.invokeSpecialIFC(java.lang.Object, java.lang.Object, int)'> (0x00000000e0f1db28) thrown at [/build/openjdk-11-11.0.6+10/src/hotspot/share/inter
Event: 1.781 Thread 0x00007f98f4014000 Exception <a 'java/lang/NoClassDefFoundError'{0x00000000e0f568b8}: com/google/inject/servlet/ServletModuleTargetVisitor> (0x00000000e0f568b8) thrown at [/build/openjdk-11-11.0.6+10/src/hotspot/share/classfile/systemDictionary.cpp, line 220]
Event: 1.781 Thread 0x00007f98f4014000 Exception <a 'java/lang/NoClassDefFoundError'{0x00000000e0f568b8}> (0x00000000e0f568b8) thrown at [/build/openjdk-11-11.0.6+10/src/hotspot/share/prims/jvm.cpp, line 1301]
Event: 1.781 Thread 0x00007f98f4014000 Exception <a 'java/lang/NoClassDefFoundError'{0x00000000e0f59130}: javax/annotation/Priority> (0x00000000e0f59130) thrown at [/build/openjdk-11-11.0.6+10/src/hotspot/share/classfile/systemDictionary.cpp, line 220]
Event: 2.505 Thread 0x00007f98f4014000 Implicit null exception at 0x00007f98e4435185 to 0x00007f98e4435362
Event: 2.505 Thread 0x00007f98f4014000 Implicit null exception at 0x00007f98e445f44b to 0x00007f98e445f8d2
Event: 4.379 Thread 0x00007f98f4014000 Exception <a 'java/lang/NoSuchMethodError'{0x00000000e0c9b368}: 'java.lang.Object java.lang.invoke.DirectMethodHandle$Holder.invokeStatic(java.lang.Object, java.lang.Object, java.lang.Object, java.lang.Object, java.lang.Object, java.lang.Object, java.lang
Event: 4.384 Thread 0x00007f98f4014000 Exception <a 'java/lang/NoSuchMethodError'{0x00000000e0ca93a8}: 'java.lang.Object java.lang.invoke.DirectMethodHandle$Holder.invokeStatic(java.lang.Object, java.lang.Object, java.lang.Object, java.lang.Object, java.lang.Object, java.lang.Object, java.lang
Event: 4.387 Thread 0x00007f98f4014000 Exception <a 'java/lang/NoSuchMethodError'{0x00000000e0cb7558}: 'java.lang.Object java.lang.invoke.DirectMethodHandle$Holder.invokeSpecial(java.lang.Object, java.lang.Object, int, int, java.lang.Object, java.lang.Object, java.lang.Object)'> (0x00000000e0c
Event: 4.387 Thread 0x00007f98f4014000 Exception <a 'java/lang/NoSuchMethodError'{0x00000000e0cbad90}: 'java.lang.Object java.lang.invoke.DelegatingMethodHandle$Holder.reinvoke_L(java.lang.Object, int, int, java.lang.Object, java.lang.Object, java.lang.Object)'> (0x00000000e0cbad90) thrown at 
Event: 4.388 Thread 0x00007f98f4014000 Exception <a 'java/lang/NoSuchMethodError'{0x00000000e0cbf3c0}: 'java.lang.Object java.lang.invoke.DirectMethodHandle$Holder.invokeStatic(java.lang.Object, java.lang.Object, java.lang.Object, java.lang.Object, int)'> (0x00000000e0cbf3c0) thrown at [/build
Event: 4.723 Thread 0x00007f98f4014000 Exception <a 'java/lang/NoSuchMethodError'{0x00000000e0c3da50}: 'java.lang.Object java.lang.invoke.DirectMethodHandle$Holder.invokeStatic(java.lang.Object, int, java.lang.Object)'> (0x00000000e0c3da50) thrown at [/build/openjdk-11-11.0.6+10/src/hotspot/sh
Event: 5.405 Thread 0x00007f98f4014000 Exception <a 'java/lang/NoSuchMethodError'{0x00000000e11283a8}: 'java.lang.Object java.lang.invoke.DirectMethodHandle$Holder.invokeStaticInit(java.lang.Object, java.lang.Object, long, java.lang.Object)'> (0x00000000e11283a8) thrown at [/build/openjdk-11-1
Event: 5.406 Thread 0x00007f98f4014000 Exception <a 'java/lang/NoSuchMethodError'{0x00000000e1134508}: 'java.lang.Object java.lang.invoke.Invokers$Holder.linkToTargetMethod(java.lang.Object, long, java.lang.Object)'> (0x00000000e1134508) thrown at [/build/openjdk-11-11.0.6+10/src/hotspot/share
Event: 5.410 Thread 0x00007f98f4014000 Exception <a 'java/lang/NoSuchMethodError'{0x00000000e113b258}: 'java.lang.Object java.lang.invoke.DirectMethodHandle$Holder.invokeStatic(java.lang.Object, java.lang.Object, java.lang.Object, int)'> (0x00000000e113b258) thrown at [/build/openjdk-11-11.0.6
Event: 5.410 Thread 0x00007f98f4014000 Exception <a 'java/lang/NoSuchMethodError'{0x00000000e113ec20}: 'java.lang.Object java.lang.invoke.DirectMethodHandle$Holder.invokeSpecial(java.lang.Object, java.lang.Object, java.lang.Object, java.lang.Object, int)'> (0x00000000e113ec20) thrown at [/buil
Event: 5.411 Thread 0x00007f98f4014000 Exception <a 'java/lang/NoSuchMethodError'{0x00000000e1141c88}: 'java.lang.Object java.lang.invoke.Invokers$Holder.linkToTargetMethod(java.lang.Object, java.lang.Object, int, java.lang.Object)'> (0x00000000e1141c88) thrown at [/build/openjdk-11-11.0.6+10/
Event: 6.796 Thread 0x00007f98f4014000 Exception <a 'java/lang/ClassNotFoundException'{0x00000000e0d5d558}: sun/util/logging/resources/spi/loggingProvider> (0x00000000e0d5d558) thrown at [/build/openjdk-11-11.0.6+10/src/hotspot/share/classfile/systemDictionary.cpp, line 231]

Events (20 events):
Event: 6.797 loading class sun/util/logging/resources/logging_en
Event: 6.797 loading class sun/util/logging/resources/logging_en done
Event: 6.798 loading class sun/util/logging/resources/logging_en_US
Event: 6.798 loading class sun/util/logging/resources/logging_en_US done
Event: 6.798 loading class sun/util/logging/resources/logging_en_US
Event: 6.798 loading class sun/util/logging/resources/logging_en_US done
Event: 6.823 loading class java/util/Scanner
Event: 6.824 loading class java/util/Scanner done
Event: 6.826 loading class java/util/Scanner$PatternLRUCache
Event: 6.826 loading class java/util/Scanner$PatternLRUCache done
Event: 6.834 Thread 0x00007f98f4fed800 Thread added: 0x00007f98f4fed800
Event: 6.834 Protecting memory [0x00007f98ce32d000,0x00007f98ce331000] with protection modes 0
Event: 6.835 Thread 0x00007f98f4fee800 Thread added: 0x00007f98f4fee800
Event: 6.835 Protecting memory [0x00007f98ce42e000,0x00007f98ce432000] with protection modes 0
Event: 7.254 loading class java/util/regex/Matcher$ImmutableMatchResult
Event: 7.254 loading class java/util/regex/Matcher$ImmutableMatchResult done
Event: 7.254 loading class org/apache/maven/plugin/logging/Log
Event: 7.254 loading class org/apache/maven/plugin/logging/Log done
Event: 7.254 loading class org/apache/maven/plugin/logging/Log
Event: 7.254 loading class org/apache/maven/plugin/logging/Log done


Dynamic libraries:
e0c00000-e1740000 rw-p 00000000 00:00 0 
e1740000-eb2a0000 ---p 00000000 00:00 0 
eb2a0000-ec8ff000 rw-p 00000000 00:00 0 
ec8ff000-100000000 ---p 00000000 00:00 0 
800000000-800002000 rwxp 00001000 08:01 2118409                          /usr/lib/jvm/java-11-openjdk-amd64/lib/server/classes.jsa
800002000-8003b7000 rw-p 00003000 08:01 2118409                          /usr/lib/jvm/java-11-openjdk-amd64/lib/server/classes.jsa
8003b7000-800a8a000 r--p 003b8000 08:01 2118409                          /usr/lib/jvm/java-11-openjdk-amd64/lib/server/classes.jsa
800a8a000-800a8b000 rw-p 00a8b000 08:01 2118409                          /usr/lib/jvm/java-11-openjdk-amd64/lib/server/classes.jsa
800a8b000-801095000 r--p 00a8c000 08:01 2118409                          /usr/lib/jvm/java-11-openjdk-amd64/lib/server/classes.jsa
840000000-8402a0000 rw-p 00000000 00:00 0 
8402a0000-880000000 ---p 00000000 00:00 0 
55cf8f80a000-55cf8f80b000 r-xp 00000000 08:01 2118040                    /usr/lib/jvm/java-11-openjdk-amd64/bin/java
55cf8fa0b000-55cf8fa0c000 r--p 00001000 08:01 2118040                    /usr/lib/jvm/java-11-openjdk-amd64/bin/java
55cf8fa0c000-55cf8fa0d000 rw-p 00002000 08:01 2118040                    /usr/lib/jvm/java-11-openjdk-amd64/bin/java
55cf914b6000-55cf914f8000 rw-p 00000000 00:00 0                          [heap]
7f98a0000000-7f98a0021000 rw-p 00000000 00:00 0 
7f98a0021000-7f98a4000000 ---p 00000000 00:00 0 
7f98a8000000-7f98a8021000 rw-p 00000000 00:00 0 
7f98a8021000-7f98ac000000 ---p 00000000 00:00 0 
7f98ac000000-7f98ac021000 rw-p 00000000 00:00 0 
7f98ac021000-7f98b0000000 ---p 00000000 00:00 0 
7f98b0000000-7f98b0021000 rw-p 00000000 00:00 0 
7f98b0021000-7f98b4000000 ---p 00000000 00:00 0 
7f98b4000000-7f98b4021000 rw-p 00000000 00:00 0 
7f98b4021000-7f98b8000000 ---p 00000000 00:00 0 
7f98b8000000-7f98b8021000 rw-p 00000000 00:00 0 
7f98b8021000-7f98bc000000 ---p 00000000 00:00 0 
7f98bc000000-7f98bc021000 rw-p 00000000 00:00 0 
7f98bc021000-7f98c0000000 ---p 00000000 00:00 0 
7f98c0000000-7f98c03c5000 rw-p 00000000 00:00 0 
7f98c03c5000-7f98c4000000 ---p 00000000 00:00 0 
7f98c4000000-7f98c4529000 rw-p 00000000 00:00 0 
7f98c4529000-7f98c8000000 ---p 00000000 00:00 0 
7f98c8000000-7f98c8021000 rw-p 00000000 00:00 0 
7f98c8021000-7f98cc000000 ---p 00000000 00:00 0 
7f98ce12d000-7f98ce1d9000 rw-p 00000000 00:00 0 
7f98ce1d9000-7f98ce32d000 ---p 00000000 00:00 0 
7f98ce32d000-7f98ce331000 ---p 00000000 00:00 0 
7f98ce331000-7f98ce42e000 rw-p 00000000 00:00 0 
7f98ce42e000-7f98ce432000 ---p 00000000 00:00 0 
7f98ce432000-7f98ce72f000 rw-p 00000000 00:00 0 
7f98ce72f000-7f98ce92f000 rw-p 00000000 00:00 0 
7f98ce92f000-7f98ceb2f000 rw-p 00000000 00:00 0 
7f98ceb2f000-7f98ced2f000 rw-p 00000000 00:00 0 
7f98ced2f000-7f98cef2f000 rw-p 00000000 00:00 0 
7f98cef2f000-7f98cef31000 r-xp 00000000 08:01 1843038                    /lib/x86_64-linux-gnu/libutil-2.24.so
7f98cef31000-7f98cf130000 ---p 00002000 08:01 1843038                    /lib/x86_64-linux-gnu/libutil-2.24.so
7f98cf130000-7f98cf131000 r--p 00001000 08:01 1843038                    /lib/x86_64-linux-gnu/libutil-2.24.so
7f98cf131000-7f98cf132000 rw-p 00002000 08:01 1843038                    /lib/x86_64-linux-gnu/libutil-2.24.so
7f98cf132000-7f98cf135000 r-xp 00000000 08:01 1993728                    /opt/maven/lib/jansi-native/linux64/libjansi.so
7f98cf135000-7f98cf334000 ---p 00003000 08:01 1993728                    /opt/maven/lib/jansi-native/linux64/libjansi.so
7f98cf334000-7f98cf335000 rw-p 00002000 08:01 1993728                    /opt/maven/lib/jansi-native/linux64/libjansi.so
7f98cf335000-7f98cf34b000 r-xp 00000000 08:01 2118388                    /usr/lib/jvm/java-11-openjdk-amd64/lib/libnet.so
7f98cf34b000-7f98cf54a000 ---p 00016000 08:01 2118388                    /usr/lib/jvm/java-11-openjdk-amd64/lib/libnet.so
7f98cf54a000-7f98cf54b000 r--p 00015000 08:01 2118388                    /usr/lib/jvm/java-11-openjdk-amd64/lib/libnet.so
7f98cf54b000-7f98cf54c000 rw-p 00016000 08:01 2118388                    /usr/lib/jvm/java-11-openjdk-amd64/lib/libnet.so
7f98cf54c000-7f98cf55c000 r-xp 00000000 08:01 2118389                    /usr/lib/jvm/java-11-openjdk-amd64/lib/libnio.so
7f98cf55c000-7f98cf75b000 ---p 00010000 08:01 2118389                    /usr/lib/jvm/java-11-openjdk-amd64/lib/libnio.so
7f98cf75b000-7f98cf75c000 r--p 0000f000 08:01 2118389                    /usr/lib/jvm/java-11-openjdk-amd64/lib/libnio.so
7f98cf75c000-7f98cf75d000 rw-p 00010000 08:01 2118389                    /usr/lib/jvm/java-11-openjdk-amd64/lib/libnio.so
7f98cf75d000-7f98cf761000 ---p 00000000 00:00 0 
7f98cf761000-7f98cf85e000 rw-p 00000000 00:00 0 
7f98cf85e000-7f98cf85f000 ---p 00000000 00:00 0 
7f98cf85f000-7f98cf960000 rw-p 00000000 00:00 0 
7f98cf960000-7f98cf964000 ---p 00000000 00:00 0 
7f98cf964000-7f98cfa61000 rw-p 00000000 00:00 0 
7f98cfa61000-7f98cfa65000 ---p 00000000 00:00 0 
7f98cfa65000-7f98cfb62000 rw-p 00000000 00:00 0 
7f98cfb62000-7f98cfb66000 ---p 00000000 00:00 0 
7f98cfb66000-7f98cfc63000 rw-p 00000000 00:00 0 
7f98cfc63000-7f98cfc67000 ---p 00000000 00:00 0 
7f98cfc67000-7f98cfd64000 rw-p 00000000 00:00 0 
7f98cfd64000-7f98cfd68000 ---p 00000000 00:00 0 
7f98cfd68000-7f98cfe65000 rw-p 00000000 00:00 0 
7f98cfe65000-7f98d0000000 r--p 00000000 08:01 1850658                    /usr/lib/locale/locale-archive
7f98d0000000-7f98d0021000 rw-p 00000000 00:00 0 
7f98d0021000-7f98d4000000 ---p 00000000 00:00 0 
7f98d4000000-7f98d4021000 rw-p 00000000 00:00 0 
7f98d4021000-7f98d8000000 ---p 00000000 00:00 0 
7f98d8000000-7f98d8029000 rw-p 00000000 00:00 0 
7f98d8029000-7f98dc000000 ---p 00000000 00:00 0 
7f98dc00f000-7f98dc013000 ---p 00000000 00:00 0 
7f98dc013000-7f98dc910000 rw-p 00000000 00:00 0 
7f98dc910000-7f98dcb80000 rwxp 00000000 00:00 0 
7f98dcb80000-7f98dce9f000 ---p 00000000 00:00 0 
7f98dce9f000-7f98dd6ff000 rwxp 00000000 00:00 0 
7f98dd6ff000-7f98e43d7000 ---p 00000000 00:00 0 
7f98e43d7000-7f98e4647000 rwxp 00000000 00:00 0 
7f98e4647000-7f98eb910000 ---p 00000000 00:00 0 
7f98eb910000-7f98f4000000 r--s 00000000 08:01 2118399                    /usr/lib/jvm/java-11-openjdk-amd64/lib/modules
7f98f4000000-7f98f5032000 rw-p 00000000 00:00 0 
7f98f5032000-7f98f8000000 ---p 00000000 00:00 0 
7f98f805a000-7f98f805e000 ---p 00000000 00:00 0 
7f98f805e000-7f98f80ad000 rw-p 00000000 00:00 0 
7f98f80ad000-7f98f80b1000 ---p 00000000 00:00 0 
7f98f80b1000-7f98f81ae000 rw-p 00000000 00:00 0 
7f98f81ae000-7f98f81af000 ---p 00000000 00:00 0 
7f98f81af000-7f98f83db000 rw-p 00000000 00:00 0 
7f98f83db000-7f98f8428000 ---p 00000000 00:00 0 
7f98f8428000-7f98f8434000 rw-p 00000000 00:00 0 
7f98f8434000-7f98f84cf000 ---p 00000000 00:00 0 
7f98f84cf000-7f98f84d5000 rw-p 00000000 00:00 0 
7f98f84d5000-7f98f85bb000 ---p 00000000 00:00 0 
7f98f85bb000-7f98f85cc000 rw-p 00000000 00:00 0 
7f98f85cc000-7f98f86a6000 ---p 00000000 00:00 0 
7f98f86a6000-7f98f86ab000 r-xp 00000000 08:01 2118380                    /usr/lib/jvm/java-11-openjdk-amd64/lib/libjimage.so
7f98f86ab000-7f98f88aa000 ---p 00005000 08:01 2118380                    /usr/lib/jvm/java-11-openjdk-amd64/lib/libjimage.so
7f98f88aa000-7f98f88ab000 r--p 00004000 08:01 2118380                    /usr/lib/jvm/java-11-openjdk-amd64/lib/libjimage.so
7f98f88ab000-7f98f88ac000 rw-p 00005000 08:01 2118380                    /usr/lib/jvm/java-11-openjdk-amd64/lib/libjimage.so
7f98f88ac000-7f98f88b3000 r-xp 00000000 08:01 2118398                    /usr/lib/jvm/java-11-openjdk-amd64/lib/libzip.so
7f98f88b3000-7f98f8ab2000 ---p 00007000 08:01 2118398                    /usr/lib/jvm/java-11-openjdk-amd64/lib/libzip.so
7f98f8ab2000-7f98f8ab3000 r--p 00006000 08:01 2118398                    /usr/lib/jvm/java-11-openjdk-amd64/lib/libzip.so
7f98f8ab3000-7f98f8ab4000 rw-p 00007000 08:01 2118398                    /usr/lib/jvm/java-11-openjdk-amd64/lib/libzip.so
7f98f8ab4000-7f98f8abe000 r-xp 00000000 08:01 1843001                    /lib/x86_64-linux-gnu/libnss_files-2.24.so
7f98f8abe000-7f98f8cbe000 ---p 0000a000 08:01 1843001                    /lib/x86_64-linux-gnu/libnss_files-2.24.so
7f98f8cbe000-7f98f8cbf000 r--p 0000a000 08:01 1843001                    /lib/x86_64-linux-gnu/libnss_files-2.24.so
7f98f8cbf000-7f98f8cc0000 rw-p 0000b000 08:01 1843001                    /lib/x86_64-linux-gnu/libnss_files-2.24.so
7f98f8cc0000-7f98f8cc6000 rw-p 00000000 00:00 0 
7f98f8cc6000-7f98f8cd1000 r-xp 00000000 08:01 1843005                    /lib/x86_64-linux-gnu/libnss_nis-2.24.so
7f98f8cd1000-7f98f8ed0000 ---p 0000b000 08:01 1843005                    /lib/x86_64-linux-gnu/libnss_nis-2.24.so
7f98f8ed0000-7f98f8ed1000 r--p 0000a000 08:01 1843005                    /lib/x86_64-linux-gnu/libnss_nis-2.24.so
7f98f8ed1000-7f98f8ed2000 rw-p 0000b000 08:01 1843005                    /lib/x86_64-linux-gnu/libnss_nis-2.24.so
7f98f8ed2000-7f98f8ee6000 r-xp 00000000 08:01 1842995                    /lib/x86_64-linux-gnu/libnsl-2.24.so
7f98f8ee6000-7f98f90e6000 ---p 00014000 08:01 1842995                    /lib/x86_64-linux-gnu/libnsl-2.24.so
7f98f90e6000-7f98f90e7000 r--p 00014000 08:01 1842995                    /lib/x86_64-linux-gnu/libnsl-2.24.so
7f98f90e7000-7f98f90e8000 rw-p 00015000 08:01 1842995                    /lib/x86_64-linux-gnu/libnsl-2.24.so
7f98f90e8000-7f98f90ea000 rw-p 00000000 00:00 0 
7f98f90ea000-7f98f90f1000 r-xp 00000000 08:01 1842997                    /lib/x86_64-linux-gnu/libnss_compat-2.24.so
7f98f90f1000-7f98f92f0000 ---p 00007000 08:01 1842997                    /lib/x86_64-linux-gnu/libnss_compat-2.24.so
7f98f92f0000-7f98f92f1000 r--p 00006000 08:01 1842997                    /lib/x86_64-linux-gnu/libnss_compat-2.24.so
7f98f92f1000-7f98f92f2000 rw-p 00007000 08:01 1842997                    /lib/x86_64-linux-gnu/libnss_compat-2.24.so
7f98f92f2000-7f98f931b000 r-xp 00000000 08:01 2118376                    /usr/lib/jvm/java-11-openjdk-amd64/lib/libjava.so
7f98f931b000-7f98f951a000 ---p 00029000 08:01 2118376                    /usr/lib/jvm/java-11-openjdk-amd64/lib/libjava.so
7f98f951a000-7f98f951b000 r--p 00028000 08:01 2118376                    /usr/lib/jvm/java-11-openjdk-amd64/lib/libjava.so
7f98f951b000-7f98f951d000 rw-p 00029000 08:01 2118376                    /usr/lib/jvm/java-11-openjdk-amd64/lib/libjava.so
7f98f951d000-7f98f952a000 r-xp 00000000 08:01 2118397                    /usr/lib/jvm/java-11-openjdk-amd64/lib/libverify.so
7f98f952a000-7f98f9729000 ---p 0000d000 08:01 2118397                    /usr/lib/jvm/java-11-openjdk-amd64/lib/libverify.so
7f98f9729000-7f98f972b000 r--p 0000c000 08:01 2118397                    /usr/lib/jvm/java-11-openjdk-amd64/lib/libverify.so
7f98f972b000-7f98f972c000 rw-p 0000e000 08:01 2118397                    /usr/lib/jvm/java-11-openjdk-amd64/lib/libverify.so
7f98f972c000-7f98f9733000 r-xp 00000000 08:01 1843022                    /lib/x86_64-linux-gnu/librt-2.24.so
7f98f9733000-7f98f9932000 ---p 00007000 08:01 1843022                    /lib/x86_64-linux-gnu/librt-2.24.so
7f98f9932000-7f98f9933000 r--p 00006000 08:01 1843022                    /lib/x86_64-linux-gnu/librt-2.24.so
7f98f9933000-7f98f9934000 rw-p 00007000 08:01 1843022                    /lib/x86_64-linux-gnu/librt-2.24.so
7f98f9934000-7f98f994a000 r-xp 00000000 08:01 1842975                    /lib/x86_64-linux-gnu/libgcc_s.so.1
7f98f994a000-7f98f9b49000 ---p 00016000 08:01 1842975                    /lib/x86_64-linux-gnu/libgcc_s.so.1
7f98f9b49000-7f98f9b4a000 r--p 00015000 08:01 1842975                    /lib/x86_64-linux-gnu/libgcc_s.so.1
7f98f9b4a000-7f98f9b4b000 rw-p 00016000 08:01 1842975                    /lib/x86_64-linux-gnu/libgcc_s.so.1
7f98f9b4b000-7f98f9c4e000 r-xp 00000000 08:01 1842984                    /lib/x86_64-linux-gnu/libm-2.24.so
7f98f9c4e000-7f98f9e4d000 ---p 00103000 08:01 1842984                    /lib/x86_64-linux-gnu/libm-2.24.so
7f98f9e4d000-7f98f9e4e000 r--p 00102000 08:01 1842984                    /lib/x86_64-linux-gnu/libm-2.24.so
7f98f9e4e000-7f98f9e4f000 rw-p 00103000 08:01 1842984                    /lib/x86_64-linux-gnu/libm-2.24.so
7f98f9e4f000-7f98f9fc1000 r-xp 00000000 08:01 1843740                    /usr/lib/x86_64-linux-gnu/libstdc++.so.6.0.22
7f98f9fc1000-7f98fa1c1000 ---p 00172000 08:01 1843740                    /usr/lib/x86_64-linux-gnu/libstdc++.so.6.0.22
7f98fa1c1000-7f98fa1cb000 r--p 00172000 08:01 1843740                    /usr/lib/x86_64-linux-gnu/libstdc++.so.6.0.22
7f98fa1cb000-7f98fa1cd000 rw-p 0017c000 08:01 1843740                    /usr/lib/x86_64-linux-gnu/libstdc++.so.6.0.22
7f98fa1cd000-7f98fa1d1000 rw-p 00000000 00:00 0 
7f98fa1d1000-7f98fb259000 r-xp 00000000 08:01 2118411                    /usr/lib/jvm/java-11-openjdk-amd64/lib/server/libjvm.so
7f98fb259000-7f98fb458000 ---p 01088000 08:01 2118411                    /usr/lib/jvm/java-11-openjdk-amd64/lib/server/libjvm.so
7f98fb458000-7f98fb515000 r--p 01087000 08:01 2118411                    /usr/lib/jvm/java-11-openjdk-amd64/lib/server/libjvm.so
7f98fb515000-7f98fb54f000 rw-p 01144000 08:01 2118411                    /usr/lib/jvm/java-11-openjdk-amd64/lib/server/libjvm.so
7f98fb54f000-7f98fb5a5000 rw-p 00000000 00:00 0 
7f98fb5a5000-7f98fb73a000 r-xp 00000000 08:01 1842955                    /lib/x86_64-linux-gnu/libc-2.24.so
7f98fb73a000-7f98fb93a000 ---p 00195000 08:01 1842955                    /lib/x86_64-linux-gnu/libc-2.24.so
7f98fb93a000-7f98fb93e000 r--p 00195000 08:01 1842955                    /lib/x86_64-linux-gnu/libc-2.24.so
7f98fb93e000-7f98fb940000 rw-p 00199000 08:01 1842955                    /lib/x86_64-linux-gnu/libc-2.24.so
7f98fb940000-7f98fb944000 rw-p 00000000 00:00 0 
7f98fb944000-7f98fb947000 r-xp 00000000 08:01 1842967                    /lib/x86_64-linux-gnu/libdl-2.24.so
7f98fb947000-7f98fbb46000 ---p 00003000 08:01 1842967                    /lib/x86_64-linux-gnu/libdl-2.24.so
7f98fbb46000-7f98fbb47000 r--p 00002000 08:01 1842967                    /lib/x86_64-linux-gnu/libdl-2.24.so
7f98fbb47000-7f98fbb48000 rw-p 00003000 08:01 1842967                    /lib/x86_64-linux-gnu/libdl-2.24.so
7f98fbb48000-7f98fbb57000 r-xp 00000000 08:01 2118358                    /usr/lib/jvm/java-11-openjdk-amd64/lib/jli/libjli.so
7f98fbb57000-7f98fbd56000 ---p 0000f000 08:01 2118358                    /usr/lib/jvm/java-11-openjdk-amd64/lib/jli/libjli.so
7f98fbd56000-7f98fbd57000 r--p 0000e000 08:01 2118358                    /usr/lib/jvm/java-11-openjdk-amd64/lib/jli/libjli.so
7f98fbd57000-7f98fbd58000 rw-p 0000f000 08:01 2118358                    /usr/lib/jvm/java-11-openjdk-amd64/lib/jli/libjli.so
7f98fbd58000-7f98fbd70000 r-xp 00000000 08:01 1843018                    /lib/x86_64-linux-gnu/libpthread-2.24.so
7f98fbd70000-7f98fbf6f000 ---p 00018000 08:01 1843018                    /lib/x86_64-linux-gnu/libpthread-2.24.so
7f98fbf6f000-7f98fbf70000 r--p 00017000 08:01 1843018                    /lib/x86_64-linux-gnu/libpthread-2.24.so
7f98fbf70000-7f98fbf71000 rw-p 00018000 08:01 1843018                    /lib/x86_64-linux-gnu/libpthread-2.24.so
7f98fbf71000-7f98fbf75000 rw-p 00000000 00:00 0 
7f98fbf75000-7f98fbf8e000 r-xp 00000000 08:01 1843043                    /lib/x86_64-linux-gnu/libz.so.1.2.8
7f98fbf8e000-7f98fc18d000 ---p 00019000 08:01 1843043                    /lib/x86_64-linux-gnu/libz.so.1.2.8
7f98fc18d000-7f98fc18e000 r--p 00018000 08:01 1843043                    /lib/x86_64-linux-gnu/libz.so.1.2.8
7f98fc18e000-7f98fc18f000 rw-p 00019000 08:01 1843043                    /lib/x86_64-linux-gnu/libz.so.1.2.8
7f98fc18f000-7f98fc1b2000 r-xp 00000000 08:01 1842937                    /lib/x86_64-linux-gnu/ld-2.24.so
7f98fc1cc000-7f98fc1f9000 rw-p 00000000 00:00 0 
7f98fc1f9000-7f98fc294000 ---p 00000000 00:00 0 
7f98fc294000-7f98fc299000 rw-p 00000000 00:00 0 
7f98fc299000-7f98fc2a0000 ---p 00000000 00:00 0 
7f98fc2a0000-7f98fc2a2000 r--s 00007000 08:01 2379129                    /usr/share/java/java-atk-wrapper.jar
7f98fc2a2000-7f98fc2a6000 ---p 00000000 00:00 0 
7f98fc2a6000-7f98fc3a7000 rw-p 00000000 00:00 0 
7f98fc3a8000-7f98fc3b0000 rw-s 00000000 08:01 411604                     /tmp/hsperfdata_tanzachary/6202
7f98fc3b0000-7f98fc3b1000 ---p 00000000 00:00 0 
7f98fc3b1000-7f98fc3b2000 r--p 00000000 00:00 0 
7f98fc3b2000-7f98fc3b3000 r--p 00023000 08:01 1842937                    /lib/x86_64-linux-gnu/ld-2.24.so
7f98fc3b3000-7f98fc3b4000 rw-p 00024000 08:01 1842937                    /lib/x86_64-linux-gnu/ld-2.24.so
7f98fc3b4000-7f98fc3b5000 rw-p 00000000 00:00 0 
7ffe29a28000-7ffe29a49000 rw-p 00000000 00:00 0                          [stack]
7ffe29af6000-7ffe29af9000 r--p 00000000 00:00 0                          [vvar]
7ffe29af9000-7ffe29afb000 r-xp 00000000 00:00 0                          [vdso]
ffffffffff600000-ffffffffff601000 r-xp 00000000 00:00 0                  [vsyscall]


VM Arguments:
jvm_args: -Dclassworlds.conf=/opt/maven/bin/m2.conf -Dmaven.home=/opt/maven -Dlibrary.jansi.path=/opt/maven/lib/jansi-native -Dmaven.multiModuleProjectDirectory=/home/tanzachary/step/portfolio 
java_command: org.codehaus.plexus.classworlds.launcher.Launcher package appengine:run
java_class_path (initial): /opt/maven/boot/plexus-classworlds-2.6.0.jar
Launcher Type: SUN_STANDARD

[Global flags]
     intx CICompilerCount                          = 2                                         {product} {ergonomic}
   size_t InitialHeapSize                          = 33554432                                  {product} {ergonomic}
   size_t MaxHeapSize                              = 524288000                                 {product} {ergonomic}
   size_t MaxNewSize                               = 174718976                                 {product} {ergonomic}
   size_t MinHeapDeltaBytes                        = 196608                                    {product} {ergonomic}
   size_t NewSize                                  = 11141120                                  {product} {ergonomic}
    uintx NonNMethodCodeHeapSize                   = 5825164                                {pd product} {ergonomic}
    uintx NonProfiledCodeHeapSize                  = 122916538                              {pd product} {ergonomic}
   size_t OldSize                                  = 22413312                                  {product} {ergonomic}
    uintx ProfiledCodeHeapSize                     = 122916538                              {pd product} {ergonomic}
    uintx ReservedCodeCacheSize                    = 251658240                              {pd product} {ergonomic}
     bool SegmentedCodeCache                       = true                                      {product} {ergonomic}
     bool UseCompressedClassPointers               = true                                 {lp64_product} {ergonomic}
     bool UseCompressedOops                        = true                                 {lp64_product} {ergonomic}
     bool UseSerialGC                              = true                                      {product} {ergonomic}

Logging:
Log output configuration:
 #0: stdout all=warning uptime,level,tags
 #1: stderr all=off uptime,level,tags

Environment Variables:
JAVA_HOME=/usr/lib/jvm/java-11-openjdk-amd64
PATH=/home/tanzachary/step/portfolio/node_modules/.bin:/home/tanzachary/gopath/bin:/google/gopath/bin:/home/tanzachary/.gems/bin:/usr/local/go/bin:/opt/gradle/bin:/opt/maven/bin:/usr/local/sbin:/usr/local/bin:/usr/sbin:/usr/bin:/sbin:/bin:/usr/local/nvm/versions/node/v10.14.2/bin:/google/go_appengine:/google/google_appengine:/google/migrate/anthos/
SHELL=/bin/bash

Signal Handlers:
SIGSEGV: [libjvm.so+0xd9bff0], sa_mask[0]=11111111011111111101111111111110, sa_flags=SA_RESTART|SA_SIGINFO
SIGBUS: [libjvm.so+0xd9bff0], sa_mask[0]=11111111011111111101111111111110, sa_flags=SA_RESTART|SA_SIGINFO
SIGFPE: [libjvm.so+0xd9bff0], sa_mask[0]=11111111011111111101111111111110, sa_flags=SA_RESTART|SA_SIGINFO
SIGPIPE: [libjvm.so+0xb8fcf0], sa_mask[0]=11111111011111111101111111111110, sa_flags=SA_RESTART|SA_SIGINFO
SIGXFSZ: [libjvm.so+0xb8fcf0], sa_mask[0]=11111111011111111101111111111110, sa_flags=SA_RESTART|SA_SIGINFO
SIGILL: [libjvm.so+0xd9bff0], sa_mask[0]=11111111011111111101111111111110, sa_flags=SA_RESTART|SA_SIGINFO
SIGUSR2: [libjvm.so+0xb8fb90], sa_mask[0]=00000000000000000000000000000000, sa_flags=SA_RESTART|SA_SIGINFO
SIGHUP: [libjvm.so+0xb8fef0], sa_mask[0]=11111111011111111101111111111110, sa_flags=SA_RESTART|SA_SIGINFO
SIGINT: [libjvm.so+0xb8fef0], sa_mask[0]=11111111011111111101111111111110, sa_flags=SA_RESTART|SA_SIGINFO
SIGTERM: [libjvm.so+0xb8fef0], sa_mask[0]=11111111011111111101111111111110, sa_flags=SA_RESTART|SA_SIGINFO
SIGQUIT: [libjvm.so+0xb8fef0], sa_mask[0]=11111111011111111101111111111110, sa_flags=SA_RESTART|SA_SIGINFO


---------------  S Y S T E M  ---------------

OS:PRETTY_NAME="Debian GNU/Linux 9 (stretch)"
NAME="Debian GNU/Linux"
VERSION_ID="9"
VERSION="9 (stretch)"
VERSION_CODENAME=stretch
ID=debian
HOME_URL="https://www.debian.org/"
SUPPORT_URL="https://www.debian.org/support"
BUG_REPORT_URL="https://bugs.debian.org/"
uname:Linux 4.19.112+ #1 SMP Wed May 6 00:27:44 PDT 2020 x86_64
libc:glibc 2.24 NPTL 2.24 
rlimit: STACK 8192k, CORE infinity, NPROC infinity, NOFILE 1048576, AS infinity, DATA infinity, FSIZE infinity
load average:1.46 1.35 1.04

/proc/meminfo:
MemTotal:        2043884 kB
MemFree:           88824 kB
MemAvailable:     808156 kB
Buffers:           64064 kB
Cached:           672968 kB
SwapCached:          740 kB
Active:           876748 kB
Inactive:         765556 kB
Active(anon):     456584 kB
Inactive(anon):   422396 kB
Active(file):     420164 kB
Inactive(file):   343160 kB
Unevictable:           0 kB
Mlocked:               0 kB
SwapTotal:        786428 kB
SwapFree:         702204 kB
Dirty:              3580 kB
Writeback:             0 kB
AnonPages:        904536 kB
Mapped:           420964 kB
Shmem:               820 kB
Slab:             195100 kB
SReclaimable:     143624 kB
SUnreclaim:        51476 kB
KernelStack:        8448 kB
PageTables:        14228 kB
NFS_Unstable:          0 kB
Bounce:                0 kB
WritebackTmp:          0 kB
CommitLimit:     1808368 kB
Committed_AS:    5243568 kB
VmallocTotal:   34359738367 kB
VmallocUsed:           0 kB
VmallocChunk:          0 kB
Percpu:              968 kB
AnonHugePages:      2048 kB
ShmemHugePages:        0 kB
ShmemPmdMapped:        0 kB
HugePages_Total:       0
HugePages_Free:        0
HugePages_Rsvd:        0
HugePages_Surp:        0
Hugepagesize:       2048 kB
Hugetlb:               0 kB
DirectMap4k:       85180 kB
DirectMap2M:     2011136 kB
DirectMap1G:           0 kB


/proc/sys/kernel/threads-max (system-wide limit on the number of threads):
15631


/proc/sys/vm/max_map_count (maximum number of memory map areas a process may have):
65530


/proc/sys/kernel/pid_max (system-wide limit on number of process identifiers):
4194304



container (cgroup) information:
container_type: cgroupv1
cpu_cpuset_cpus: 0-1
cpu_memory_nodes: 0
active_processor_count: 1
cpu_quota: -1
cpu_period: 100000
cpu_shares: 2
memory_limit_in_bytes: -1
memory_and_swap_limit_in_bytes: -1
memory_soft_limit_in_bytes: -1
memory_usage_in_bytes: 622071808
memory_max_usage_in_bytes: 684109824

KVM virtualization detected
Steal ticks since vm start: 2
Steal ticks percentage since vm start:  0.000

CPU:total 2 (initial active 1) (1 cores per cpu, 2 threads per core) family 6 model 63 stepping 0, cmov, cx8, fxsr, mmx, sse, sse2, sse3, ssse3, sse4.1, sse4.2, popcnt, avx, avx2, aes, clmul, erms, lzcnt, ht, tsc, tscinvbit, bmi1, bmi2, fma
CPU Model and flags from /proc/cpuinfo:
model name	: Intel(R) Xeon(R) CPU @ 2.30GHz
flags		: fpu vme de pse tsc msr pae mce cx8 apic sep mtrr pge mca cmov pat pse36 clflush mmx fxsr sse sse2 ss ht syscall nx pdpe1gb rdtscp lm constant_tsc rep_good nopl xtopology nonstop_tsc cpuid tsc_known_freq pni pclmulqdq ssse3 fma cx16 pcid sse4_1 sse4_2 x2apic movbe popcnt aes xsave avx f16c rdrand hypervisor lahf_lm abm invpcid_single pti ssbd ibrs ibpb stibp fsgsbase tsc_adjust bmi1 avx2 smep bmi2 erms invpcid xsaveopt arat md_clear arch_capabilities

Memory: 4k page, physical 2043884k(88824k free), swap 786428k(702204k free)

vm_info: OpenJDK 64-Bit Server VM (11.0.6+10-post-Debian-1bpo91) for linux-amd64 JRE (11.0.6+10-post-Debian-1bpo91), built on Feb  1 2020 09:07:43 by "unknown" with gcc 6.3.0 20170516

END.
