#
# A fatal error has been detected by the Java Runtime Environment:
#
#  SIGSEGV (0xb) at pc=0x00007f0214692bc0, pid=4015, tid=4015
#
# JRE version: OpenJDK Runtime Environment (11.0.6+10) (build 11.0.6+10-post-Debian-1bpo91)
# Java VM: OpenJDK 64-Bit Server VM (11.0.6+10-post-Debian-1bpo91, mixed mode, sharing, tiered, compressed oops, serial gc, linux-amd64)
# Problematic frame:
# V  [libjvm.so+0xb8fbc0]
#
# Core dump will be written. Default location: Core dumps may be processed with "/sbin/crash_reporter --user=%P:%s:%u:%g:%e" (or dumping to /home/tanzachary/step/portfolio/core.4015)
#
# If you would like to submit a bug report, please visit:
#   https://bugs.debian.org/openjdk-11
#

---------------  S U M M A R Y ------------

Command Line: -Dclassworlds.conf=/opt/maven/bin/m2.conf -Dmaven.home=/opt/maven -Dlibrary.jansi.path=/opt/maven/lib/jansi-native -Dmaven.multiModuleProjectDirectory=/home/tanzachary/step/portfolio org.codehaus.plexus.classworlds.launcher.Launcher package appengine:run

Host: Intel(R) Xeon(R) CPU @ 2.30GHz, 2 cores, 1G, Debian GNU/Linux 9 (stretch)
Time: Thu May 28 17:40:29 2020 EDT elapsed time: 10 seconds (0d 0h 0m 10s)

---------------  T H R E A D  ---------------

Current thread is native thread

Stack: [0x00007ffe02151000,0x00007ffe02950000],  sp=0x00007ffe0294b040,  free space=8168k
Native frames: (J=compiled Java code, A=aot compiled Java code, j=interpreted, Vv=VM code, C=native code)
V  [libjvm.so+0xb8fbc0]
C  [libpthread.so.0+0x110e0]


siginfo: si_signo: 11 (SIGSEGV), si_code: 1 (SEGV_MAPERR), si_addr: 0x00000000000000d0

Register to memory mapping:

RAX=0x0 is NULL
RBX=
[error occurred during error reporting (printing register info), id 0xb, SIGSEGV (0xb) at pc=0x00007f02148399e7]

Registers:
RAX=0x0000000000000000, RBX=0x00007f0215cd5e18, RCX=0x00007f02156926dd, RDX=0x0000000000000000
RSP=0x00007ffe0294b040, RBP=0x00007ffe0294b0f0, RSI=0x00007ffe0294b230, RDI=0x0000000000000001
R8 =0x00000000000000ca, R9 =0x00007f0215cd49d0, R10=0x0000000000000000, R11=0x0000000000000246
R12=0x0000000000000000, R13=0x00007ffe0294b230, R14=0x00007ffe0294b100, R15=0x00007f0215cd4d28
RIP=0x00007f0214692bc0, EFLAGS=0x0000000000010246, CSGSFS=0x002b000000000033, ERR=0x0000000000000004
  TRAPNO=0x000000000000000e

Top of Stack: (sp=0x00007ffe0294b040)
0x00007ffe0294b040:   0000000001e5cb59 00007f0214ee8038
0x00007ffe0294b050:   00007ffe0294b170 00007f0214edad90
0x00007ffe0294b060:   00007ffe0294b094 00007ffe0294b160
0x00007ffe0294b070:   0000560452794c70 000000000000000b 

Instructions: (pc=0x00007f0214692bc0)
0x00007f0214692ac0:   c0 74 03 c6 00 00 4c 89 f7 4c 89 fa 48 89 de e8
0x00007f0214692ad0:   dc db 6d ff 4c 89 e7 e8 24 df 6d ff 48 81 c4 08
0x00007f0214692ae0:   01 00 00 5b 41 5c 41 5d 41 5e 41 5f 5d c3 4c 89
0x00007f0214692af0:   e2 be 00 01 00 00 48 89 df e8 92 e1 6d ff 48 85
0x00007f0214692b00:   c0 74 ae 48 8d 35 b1 46 2f 00 48 89 df e8 5e df
0x00007f0214692b10:   6d ff 48 85 c0 74 41 66 0f 1f 84 00 00 00 00 00
0x00007f0214692b20:   be 22 00 00 00 48 89 df e8 d3 df 6d ff 48 85 c0
0x00007f0214692b30:   74 46 48 8d 58 01 be 22 00 00 00 48 89 df e8 bd
0x00007f0214692b40:   df 6d ff 48 85 c0 0f 85 77 ff ff ff e9 75 ff ff
0x00007f0214692b50:   ff 0f 1f 80 00 00 00 00 48 8d 35 71 46 2f 00 48
0x00007f0214692b60:   89 df e8 09 df 6d ff 48 85 c0 0f 84 41 ff ff ff
0x00007f0214692b70:   eb ae 66 0f 1f 44 00 00 48 89 df be 3d 00 00 00
0x00007f0214692b80:   e8 7b df 6d ff 48 8d 58 01 e9 23 ff ff ff 66 90
0x00007f0214692b90:   55 48 89 e5 41 57 41 56 41 55 41 54 49 89 d6 53
0x00007f0214692ba0:   49 89 f5 48 81 ec 88 00 00 00 e8 81 e6 6d ff 48
0x00007f0214692bb0:   89 c3 44 8b 20 e8 26 58 1a 00 31 d2 84 c0 75 38
0x00007f0214692bc0:   48 83 ba d0 00 00 00 00 74 16 4c 8b ba 68 02 00
0x00007f0214692bd0:   00 41 8b 87 a8 00 00 00 83 f8 01 74 2b 44 89 23
0x00007f0214692be0:   48 81 c4 88 00 00 00 5b 41 5c 41 5d 41 5e 41 5f
0x00007f0214692bf0:   5d c3 66 0f 1f 44 00 00 e8 f3 57 1a 00 48 89 c2
0x00007f0214692c00:   eb be 66 0f 1f 44 00 00 4d 89 af b0 00 00 00 4d
0x00007f0214692c10:   8d af a8 00 00 00 4d 89 b7 b8 00 00 00 ba 02 00
0x00007f0214692c20:   00 00 be 01 00 00 00 4c 89 ef e8 01 cb ff ff 83
0x00007f0214692c30:   f8 02 74 3c 85 c0 75 18 49 c7 87 b8 00 00 00 00
0x00007f0214692c40:   00 00 00 49 c7 87 b0 00 00 00 00 00 00 00 eb 8d
0x00007f0214692c50:   48 8d 05 51 96 7b 00 48 8d 3d 7a 4e 2f 00 be 64
0x00007f0214692c60:   11 00 00 48 8b 00 c6 00 58 e8 22 16 ab ff eb c8
0x00007f0214692c70:   4c 8d b5 50 ff ff ff 4c 89 f7 e8 11 e2 6d ff 4c
0x00007f0214692c80:   89 f2 31 f6 31 ff e8 15 e3 6d ff 8b 35 ff 37 7d
0x00007f0214692c90:   00 4c 89 f7 e8 c7 de 6d ff 48 8d 3d 60 73 81 00
0x00007f0214692ca0:   be 01 00 00 00 e8 a6 bc 0c 00 66 0f 1f 44 00 00
0x00007f0214692cb0:   4c 89 f7 e8 d8 e5 6d ff 31 d2 be 03 00 00 00 4c 


Stack slot to memory mapping:
stack at sp + 0 slots: 
[error occurred during error reporting (inspecting top of stack), id 0xb, SIGSEGV (0xb) at pc=0x00007f02148399e7]


---------------  P R O C E S S  ---------------

VM state:not at safepoint (normal execution)

VM Mutex/Monitor currently owned by a thread: None

Heap address: 0x00000000e0c00000, size: 500 MB, Compressed Oops mode: 32-bit
Narrow klass base: 0x0000000800000000, Narrow klass shift: 3
Compressed class space size: 1073741824 Address: 0x0000000840000000

Heap:
 def new generation   total 10368K, used 1916K [0x00000000e0c00000, 0x00000000e1730000, 0x00000000eb2a0000)
  eden space 9280K,  20% used [0x00000000e0c00000, 0x00000000e0ddf3b8, 0x00000000e1510000)
  from space 1088K,   0% used [0x00000000e1510000, 0x00000000e1510000, 0x00000000e1620000)
  to   space 1088K,   0% used [0x00000000e1620000, 0x00000000e1620000, 0x00000000e1730000)
 tenured generation   total 22892K, used 13734K [0x00000000eb2a0000, 0x00000000ec8fb000, 0x0000000100000000)
   the space 22892K,  59% used [0x00000000eb2a0000, 0x00000000ec009ac0, 0x00000000ec009c00, 0x00000000ec8fb000)
 Metaspace       used 20940K, capacity 21630K, committed 21808K, reserved 1069056K
  class space    used 2414K, capacity 2664K, committed 2688K, reserved 1048576K

Card table byte_map: [0x00007f0211d07000,0x00007f0211e02000] _byte_map_base: 0x00007f0211601000

Polling page: 0x00007f0215ce2000

Metaspace:

Usage:
  Non-class:     18.52 MB capacity,    18.09 MB ( 98%) used,   403.14 KB (  2%) free+waste,    37.31 KB ( <1%) overhead. 
      Class:      2.60 MB capacity,     2.36 MB ( 91%) used,   231.15 KB (  9%) free+waste,    18.00 KB ( <1%) overhead. 
       Both:     21.12 MB capacity,    20.45 MB ( 97%) used,   634.29 KB (  3%) free+waste,    55.31 KB ( <1%) overhead. 

Virtual space:
  Non-class space:       20.00 MB reserved,      18.67 MB ( 93%) committed 
      Class space:        1.00 GB reserved,       2.62 MB ( <1%) committed 
             Both:        1.02 GB reserved,      21.30 MB (  2%) committed 

Chunk freelists:
   Non-Class:  42.00 KB
       Class:  0 bytes
        Both:  42.00 KB

MaxMetaspaceSize: unlimited
CompressedClassSpaceSize: 1.00 GB

CodeHeap 'non-profiled nmethods': size=120036Kb used=1492Kb max_used=1492Kb free=118543Kb
 bounds [0x00007f01fc3d7000, 0x00007f01fc647000, 0x00007f0203910000]
CodeHeap 'profiled nmethods': size=120032Kb used=8452Kb max_used=8452Kb free=111579Kb
 bounds [0x00007f01f4e9f000, 0x00007f01f56ef000, 0x00007f01fc3d7000]
CodeHeap 'non-nmethods': size=5692Kb used=1147Kb max_used=1161Kb free=4544Kb
 bounds [0x00007f01f4910000, 0x00007f01f4b80000, 0x00007f01f4e9f000]
 total_blobs=5343 nmethods=4128 adapters=398
 compilation: enabled
              stopped_count=0, restarted_count=0
 full_count=0

Compilation events (20 events):
Event: 7.178 Thread 0x00007f020c05b800 4139   !   3       sun.nio.cs.StreamEncoder::flushBuffer (42 bytes)
Event: 7.178 Thread 0x00007f020c05b800 nmethod 4139 0x00007f01f56dc790 code [0x00007f01f56dc9a0, 0x00007f01f56dcfd8]
Event: 7.178 Thread 0x00007f020c05b800 4130       3       java.nio.HeapCharBuffer::ix (7 bytes)
Event: 7.179 Thread 0x00007f020c05b800 nmethod 4130 0x00007f01f56dd290 code [0x00007f01f56dd440, 0x00007f01f56dd5b0]
Event: 7.179 Thread 0x00007f020c05b800 4128       3       java.io.BufferedOutputStream::flushBuffer (29 bytes)
Event: 7.179 Thread 0x00007f020c05b800 nmethod 4128 0x00007f01f56dd610 code [0x00007f01f56dd7e0, 0x00007f01f56dda88]
Event: 7.179 Thread 0x00007f020c05b800 4131       3       java.nio.CharBuffer::charAt (16 bytes)
Event: 7.179 Thread 0x00007f020c05b800 nmethod 4131 0x00007f01f56ddb90 code [0x00007f01f56ddd80, 0x00007f01f56de198]
Event: 7.179 Thread 0x00007f020c05b800 4132       3       java.nio.Buffer::checkIndex (24 bytes)
Event: 7.179 Thread 0x00007f020c05b800 nmethod 4132 0x00007f01f56de310 code [0x00007f01f56de4e0, 0x00007f01f56de7a8]
Event: 7.179 Thread 0x00007f020c05b800 4142       3       java.nio.HeapCharBuffer::get (15 bytes)
Event: 7.180 Thread 0x00007f020c05b800 nmethod 4142 0x00007f01f56de890 code [0x00007f01f56dea60, 0x00007f01f56dec90]
Event: 7.701 Thread 0x00007f020c059800 4147       4       java.util.regex.Pattern$BmpCharProperty::match (55 bytes)
Event: 7.704 Thread 0x00007f020c059800 nmethod 4147 0x00007f01fc54b210 code [0x00007f01fc54b3c0, 0x00007f01fc54b608]
Event: 8.269 Thread 0x00007f020c05b800 4149       3       java.util.regex.Pattern$BmpCharPredicate$$Lambda$4/0x0000000840064840::is (13 bytes)
Event: 8.272 Thread 0x00007f020c05b800 nmethod 4149 0x00007f01f56dee10 code [0x00007f01f56df000, 0x00007f01f56df498]
Event: 8.277 Thread 0x00007f020c059800 4148       4       java.util.regex.Pattern$Slice::match (79 bytes)
Event: 8.280 Thread 0x00007f020c059800 nmethod 4148 0x00007f01fc54b810 code [0x00007f01fc54b9c0, 0x00007f01fc54bb98]
Event: 8.586 Thread 0x00007f020c05b800 4150       3       java.util.regex.Matcher::end (22 bytes)
Event: 8.587 Thread 0x00007f020c05b800 nmethod 4150 0x00007f01f56df610 code [0x00007f01f56df7e0, 0x00007f01f56dfa88]

GC Heap History (20 events):
Event: 3.575 GC heap before
{Heap before GC invocations=12 (full 0):
 def new generation   total 9792K, used 9129K [0x00000000e0c00000, 0x00000000e16a0000, 0x00000000eb2a0000)
  eden space 8704K, 100% used [0x00000000e0c00000, 0x00000000e1480000, 0x00000000e1480000)
  from space 1088K,  39% used [0x00000000e1480000, 0x00000000e14ea768, 0x00000000e1590000)
  to   space 1088K,   0% used [0x00000000e1590000, 0x00000000e1590000, 0x00000000e16a0000)
 tenured generation   total 21888K, used 7817K [0x00000000eb2a0000, 0x00000000ec800000, 0x0000000100000000)
   the space 21888K,  35% used [0x00000000eb2a0000, 0x00000000eba42420, 0x00000000eba42600, 0x00000000ec800000)
 Metaspace       used 14133K, capacity 15694K, committed 16000K, reserved 1062912K
  class space    used 1610K, capacity 1831K, committed 1920K, reserved 1048576K
}
Event: 3.577 GC heap after
{Heap after GC invocations=13 (full 0):
 def new generation   total 9792K, used 808K [0x00000000e0c00000, 0x00000000e16a0000, 0x00000000eb2a0000)
  eden space 8704K,   0% used [0x00000000e0c00000, 0x00000000e0c00000, 0x00000000e1480000)
  from space 1088K,  74% used [0x00000000e1590000, 0x00000000e165a310, 0x00000000e16a0000)
  to   space 1088K,   0% used [0x00000000e1480000, 0x00000000e1480000, 0x00000000e1590000)
 tenured generation   total 21888K, used 7817K [0x00000000eb2a0000, 0x00000000ec800000, 0x0000000100000000)
   the space 21888K,  35% used [0x00000000eb2a0000, 0x00000000eba42420, 0x00000000eba42600, 0x00000000ec800000)
 Metaspace       used 14133K, capacity 15694K, committed 16000K, reserved 1062912K
  class space    used 1610K, capacity 1831K, committed 1920K, reserved 1048576K
}
Event: 3.770 GC heap before
{Heap before GC invocations=13 (full 0):
 def new generation   total 9792K, used 9512K [0x00000000e0c00000, 0x00000000e16a0000, 0x00000000eb2a0000)
  eden space 8704K, 100% used [0x00000000e0c00000, 0x00000000e1480000, 0x00000000e1480000)
  from space 1088K,  74% used [0x00000000e1590000, 0x00000000e165a310, 0x00000000e16a0000)
  to   space 1088K,   0% used [0x00000000e1480000, 0x00000000e1480000, 0x00000000e1590000)
 tenured generation   total 21888K, used 7817K [0x00000000eb2a0000, 0x00000000ec800000, 0x0000000100000000)
   the space 21888K,  35% used [0x00000000eb2a0000, 0x00000000eba42420, 0x00000000eba42600, 0x00000000ec800000)
 Metaspace       used 14544K, capacity 16050K, committed 16256K, reserved 1062912K
  class space    used 1639K, capacity 1867K, committed 1920K, reserved 1048576K
}
Event: 3.774 GC heap after
{Heap after GC invocations=14 (full 0):
 def new generation   total 9792K, used 991K [0x00000000e0c00000, 0x00000000e16a0000, 0x00000000eb2a0000)
  eden space 8704K,   0% used [0x00000000e0c00000, 0x00000000e0c00000, 0x00000000e1480000)
  from space 1088K,  91% used [0x00000000e1480000, 0x00000000e1577fa0, 0x00000000e1590000)
  to   space 1088K,   0% used [0x00000000e1590000, 0x00000000e1590000, 0x00000000e16a0000)
 tenured generation   total 21888K, used 8234K [0x00000000eb2a0000, 0x00000000ec800000, 0x0000000100000000)
   the space 21888K,  37% used [0x00000000eb2a0000, 0x00000000ebaaa998, 0x00000000ebaaaa00, 0x00000000ec800000)
 Metaspace       used 14544K, capacity 16050K, committed 16256K, reserved 1062912K
  class space    used 1639K, capacity 1867K, committed 1920K, reserved 1048576K
}
Event: 3.995 GC heap before
{Heap before GC invocations=14 (full 0):
 def new generation   total 9792K, used 9695K [0x00000000e0c00000, 0x00000000e16a0000, 0x00000000eb2a0000)
  eden space 8704K, 100% used [0x00000000e0c00000, 0x00000000e1480000, 0x00000000e1480000)
  from space 1088K,  91% used [0x00000000e1480000, 0x00000000e1577fa0, 0x00000000e1590000)
  to   space 1088K,   0% used [0x00000000e1590000, 0x00000000e1590000, 0x00000000e16a0000)
 tenured generation   total 21888K, used 8234K [0x00000000eb2a0000, 0x00000000ec800000, 0x0000000100000000)
   the space 21888K,  37% used [0x00000000eb2a0000, 0x00000000ebaaa998, 0x00000000ebaaaa00, 0x00000000ec800000)
 Metaspace       used 14948K, capacity 16455K, committed 16896K, reserved 1064960K
  class space    used 1667K, capacity 1934K, committed 2048K, reserved 1048576K
}
Event: 4.000 GC heap after
{Heap after GC invocations=15 (full 0):
 def new generation   total 9792K, used 598K [0x00000000e0c00000, 0x00000000e16a0000, 0x00000000eb2a0000)
  eden space 8704K,   0% used [0x00000000e0c00000, 0x00000000e0c00000, 0x00000000e1480000)
  from space 1088K,  55% used [0x00000000e1590000, 0x00000000e1625b28, 0x00000000e16a0000)
  to   space 1088K,   0% used [0x00000000e1480000, 0x00000000e1480000, 0x00000000e1590000)
 tenured generation   total 21888K, used 9187K [0x00000000eb2a0000, 0x00000000ec800000, 0x0000000100000000)
   the space 21888K,  41% used [0x00000000eb2a0000, 0x00000000ebb98df8, 0x00000000ebb98e00, 0x00000000ec800000)
 Metaspace       used 14948K, capacity 16455K, committed 16896K, reserved 1064960K
  class space    used 1667K, capacity 1934K, committed 2048K, reserved 1048576K
}
Event: 4.142 GC heap before
{Heap before GC invocations=15 (full 0):
 def new generation   total 9792K, used 9302K [0x00000000e0c00000, 0x00000000e16a0000, 0x00000000eb2a0000)
  eden space 8704K, 100% used [0x00000000e0c00000, 0x00000000e1480000, 0x00000000e1480000)
  from space 1088K,  55% used [0x00000000e1590000, 0x00000000e1625b28, 0x00000000e16a0000)
  to   space 1088K,   0% used [0x00000000e1480000, 0x00000000e1480000, 0x00000000e1590000)
 tenured generation   total 21888K, used 9187K [0x00000000eb2a0000, 0x00000000ec800000, 0x0000000100000000)
   the space 21888K,  41% used [0x00000000eb2a0000, 0x00000000ebb98df8, 0x00000000ebb98e00, 0x00000000ec800000)
 Metaspace       used 15593K, capacity 17140K, committed 17536K, reserved 1064960K
  class space    used 1786K, capacity 2078K, committed 2176K, reserved 1048576K
}
Event: 4.145 GC heap after
{Heap after GC invocations=16 (full 0):
 def new generation   total 9792K, used 445K [0x00000000e0c00000, 0x00000000e16a0000, 0x00000000eb2a0000)
  eden space 8704K,   0% used [0x00000000e0c00000, 0x00000000e0c00000, 0x00000000e1480000)
  from space 1088K,  40% used [0x00000000e1480000, 0x00000000e14ef778, 0x00000000e1590000)
  to   space 1088K,   0% used [0x00000000e1590000, 0x00000000e1590000, 0x00000000e16a0000)
 tenured generation   total 21888K, used 9686K [0x00000000eb2a0000, 0x00000000ec800000, 0x0000000100000000)
   the space 21888K,  44% used [0x00000000eb2a0000, 0x00000000ebc15990, 0x00000000ebc15a00, 0x00000000ec800000)
 Metaspace       used 15593K, capacity 17140K, committed 17536K, reserved 1064960K
  class space    used 1786K, capacity 2078K, committed 2176K, reserved 1048576K
}
Event: 4.575 GC heap before
{Heap before GC invocations=16 (full 0):
 def new generation   total 9792K, used 9149K [0x00000000e0c00000, 0x00000000e16a0000, 0x00000000eb2a0000)
  eden space 8704K, 100% used [0x00000000e0c00000, 0x00000000e1480000, 0x00000000e1480000)
  from space 1088K,  40% used [0x00000000e1480000, 0x00000000e14ef778, 0x00000000e1590000)
  to   space 1088K,   0% used [0x00000000e1590000, 0x00000000e1590000, 0x00000000e16a0000)
 tenured generation   total 21888K, used 9686K [0x00000000eb2a0000, 0x00000000ec800000, 0x0000000100000000)
   the space 21888K,  44% used [0x00000000eb2a0000, 0x00000000ebc15990, 0x00000000ebc15a00, 0x00000000ec800000)
 Metaspace       used 17442K, capacity 18386K, committed 18432K, reserved 1064960K
  class space    used 2003K, capacity 2261K, committed 2304K, reserved 1048576K
}
Event: 4.579 GC heap after
{Heap after GC invocations=17 (full 0):
 def new generation   total 9792K, used 1088K [0x00000000e0c00000, 0x00000000e16a0000, 0x00000000eb2a0000)
  eden space 8704K,   0% used [0x00000000e0c00000, 0x00000000e0c00000, 0x00000000e1480000)
  from space 1088K, 100% used [0x00000000e1590000, 0x00000000e16a0000, 0x00000000e16a0000)
  to   space 1088K,   0% used [0x00000000e1480000, 0x00000000e1480000, 0x00000000e1590000)
 tenured generation   total 21888K, used 9693K [0x00000000eb2a0000, 0x00000000ec800000, 0x0000000100000000)
   the space 21888K,  44% used [0x00000000eb2a0000, 0x00000000ebc17528, 0x00000000ebc17600, 0x00000000ec800000)
 Metaspace       used 17442K, capacity 18386K, committed 18432K, reserved 1064960K
  class space    used 2003K, capacity 2261K, committed 2304K, reserved 1048576K
}
Event: 4.879 GC heap before
{Heap before GC invocations=17 (full 0):
 def new generation   total 9792K, used 9792K [0x00000000e0c00000, 0x00000000e16a0000, 0x00000000eb2a0000)
  eden space 8704K, 100% used [0x00000000e0c00000, 0x00000000e1480000, 0x00000000e1480000)
  from space 1088K, 100% used [0x00000000e1590000, 0x00000000e16a0000, 0x00000000e16a0000)
  to   space 1088K,   0% used [0x00000000e1480000, 0x00000000e1480000, 0x00000000e1590000)
 tenured generation   total 21888K, used 9693K [0x00000000eb2a0000, 0x00000000ec800000, 0x0000000100000000)
   the space 21888K,  44% used [0x00000000eb2a0000, 0x00000000ebc17528, 0x00000000ebc17600, 0x00000000ec800000)
 Metaspace       used 17703K, capacity 18547K, committed 18688K, reserved 1064960K
  class space    used 2028K, capacity 2271K, committed 2304K, reserved 1048576K
}
Event: 4.884 GC heap after
{Heap after GC invocations=18 (full 0):
 def new generation   total 9792K, used 994K [0x00000000e0c00000, 0x00000000e16a0000, 0x00000000eb2a0000)
  eden space 8704K,   0% used [0x00000000e0c00000, 0x00000000e0c00000, 0x00000000e1480000)
  from space 1088K,  91% used [0x00000000e1480000, 0x00000000e1578b98, 0x00000000e1590000)
  to   space 1088K,   0% used [0x00000000e1590000, 0x00000000e1590000, 0x00000000e16a0000)
 tenured generation   total 21888K, used 10751K [0x00000000eb2a0000, 0x00000000ec800000, 0x0000000100000000)
   the space 21888K,  49% used [0x00000000eb2a0000, 0x00000000ebd1fcf8, 0x00000000ebd1fe00, 0x00000000ec800000)
 Metaspace       used 17703K, capacity 18547K, committed 18688K, reserved 1064960K
  class space    used 2028K, capacity 2271K, committed 2304K, reserved 1048576K
}
Event: 5.029 GC heap before
{Heap before GC invocations=18 (full 0):
 def new generation   total 9792K, used 9698K [0x00000000e0c00000, 0x00000000e16a0000, 0x00000000eb2a0000)
  eden space 8704K, 100% used [0x00000000e0c00000, 0x00000000e1480000, 0x00000000e1480000)
  from space 1088K,  91% used [0x00000000e1480000, 0x00000000e1578b98, 0x00000000e1590000)
  to   space 1088K,   0% used [0x00000000e1590000, 0x00000000e1590000, 0x00000000e16a0000)
 tenured generation   total 21888K, used 10751K [0x00000000eb2a0000, 0x00000000ec800000, 0x0000000100000000)
   the space 21888K,  49% used [0x00000000eb2a0000, 0x00000000ebd1fcf8, 0x00000000ebd1fe00, 0x00000000ec800000)
 Metaspace       used 17767K, capacity 18554K, committed 18688K, reserved 1064960K
  class space    used 2029K, capacity 2273K, committed 2304K, reserved 1048576K
}
Event: 5.040 GC heap after
{Heap after GC invocations=19 (full 0):
 def new generation   total 9792K, used 584K [0x00000000e0c00000, 0x00000000e16a0000, 0x00000000eb2a0000)
  eden space 8704K,   0% used [0x00000000e0c00000, 0x00000000e0c00000, 0x00000000e1480000)
  from space 1088K,  53% used [0x00000000e1590000, 0x00000000e16221c8, 0x00000000e16a0000)
  to   space 1088K,   0% used [0x00000000e1480000, 0x00000000e1480000, 0x00000000e1590000)
 tenured generation   total 21888K, used 11536K [0x00000000eb2a0000, 0x00000000ec800000, 0x0000000100000000)
   the space 21888K,  52% used [0x00000000eb2a0000, 0x00000000ebde42c8, 0x00000000ebde4400, 0x00000000ec800000)
 Metaspace       used 17767K, capacity 18554K, committed 18688K, reserved 1064960K
  class space    used 2029K, capacity 2273K, committed 2304K, reserved 1048576K
}
Event: 5.213 GC heap before
{Heap before GC invocations=19 (full 0):
 def new generation   total 9792K, used 9288K [0x00000000e0c00000, 0x00000000e16a0000, 0x00000000eb2a0000)
  eden space 8704K, 100% used [0x00000000e0c00000, 0x00000000e1480000, 0x00000000e1480000)
  from space 1088K,  53% used [0x00000000e1590000, 0x00000000e16221c8, 0x00000000e16a0000)
  to   space 1088K,   0% used [0x00000000e1480000, 0x00000000e1480000, 0x00000000e1590000)
 tenured generation   total 21888K, used 11536K [0x00000000eb2a0000, 0x00000000ec800000, 0x0000000100000000)
   the space 21888K,  52% used [0x00000000eb2a0000, 0x00000000ebde42c8, 0x00000000ebde4400, 0x00000000ec800000)
 Metaspace       used 17906K, capacity 18802K, committed 19072K, reserved 1067008K
  class space    used 2041K, capacity 2313K, committed 2432K, reserved 1048576K
}
Event: 5.218 GC heap after
{Heap after GC invocations=20 (full 0):
 def new generation   total 9792K, used 483K [0x00000000e0c00000, 0x00000000e16a0000, 0x00000000eb2a0000)
  eden space 8704K,   0% used [0x00000000e0c00000, 0x00000000e0c00000, 0x00000000e1480000)
  from space 1088K,  44% used [0x00000000e1480000, 0x00000000e14f8d50, 0x00000000e1590000)
  to   space 1088K,   0% used [0x00000000e1590000, 0x00000000e1590000, 0x00000000e16a0000)
 tenured generation   total 21888K, used 11983K [0x00000000eb2a0000, 0x00000000ec800000, 0x0000000100000000)
   the space 21888K,  54% used [0x00000000eb2a0000, 0x00000000ebe53ec8, 0x00000000ebe54000, 0x00000000ec800000)
 Metaspace       used 17906K, capacity 18802K, committed 19072K, reserved 1067008K
  class space    used 2041K, capacity 2313K, committed 2432K, reserved 1048576K
}
Event: 6.031 GC heap before
{Heap before GC invocations=20 (full 0):
 def new generation   total 9792K, used 9187K [0x00000000e0c00000, 0x00000000e16a0000, 0x00000000eb2a0000)
  eden space 8704K, 100% used [0x00000000e0c00000, 0x00000000e1480000, 0x00000000e1480000)
  from space 1088K,  44% used [0x00000000e1480000, 0x00000000e14f8d50, 0x00000000e1590000)
  to   space 1088K,   0% used [0x00000000e1590000, 0x00000000e1590000, 0x00000000e16a0000)
 tenured generation   total 21888K, used 11983K [0x00000000eb2a0000, 0x00000000ec800000, 0x0000000100000000)
   the space 21888K,  54% used [0x00000000eb2a0000, 0x00000000ebe53ec8, 0x00000000ebe54000, 0x00000000ec800000)
 Metaspace       used 19037K, capacity 19730K, committed 19840K, reserved 1067008K
  class space    used 2193K, capacity 2429K, committed 2432K, reserved 1048576K
}
Event: 6.034 GC heap after
{Heap after GC invocations=21 (full 0):
 def new generation   total 9792K, used 1088K [0x00000000e0c00000, 0x00000000e16a0000, 0x00000000eb2a0000)
  eden space 8704K,   0% used [0x00000000e0c00000, 0x00000000e0c00000, 0x00000000e1480000)
  from space 1088K, 100% used [0x00000000e1590000, 0x00000000e16a0000, 0x00000000e16a0000)
  to   space 1088K,   0% used [0x00000000e1480000, 0x00000000e1480000, 0x00000000e1590000)
 tenured generation   total 21888K, used 12320K [0x00000000eb2a0000, 0x00000000ec800000, 0x0000000100000000)
   the space 21888K,  56% used [0x00000000eb2a0000, 0x00000000ebea81f8, 0x00000000ebea8200, 0x00000000ec800000)
 Metaspace       used 19037K, capacity 19730K, committed 19840K, reserved 1067008K
  class space    used 2193K, capacity 2429K, committed 2432K, reserved 1048576K
}
Event: 6.694 GC heap before
{Heap before GC invocations=21 (full 0):
 def new generation   total 9792K, used 3544K [0x00000000e0c00000, 0x00000000e16a0000, 0x00000000eb2a0000)
  eden space 8704K,  28% used [0x00000000e0c00000, 0x00000000e0e66030, 0x00000000e1480000)
  from space 1088K, 100% used [0x00000000e1590000, 0x00000000e16a0000, 0x00000000e16a0000)
  to   space 1088K,   0% used [0x00000000e1480000, 0x00000000e1480000, 0x00000000e1590000)
 tenured generation   total 21888K, used 12320K [0x00000000eb2a0000, 0x00000000ec800000, 0x0000000100000000)
   the space 21888K,  56% used [0x00000000eb2a0000, 0x00000000ebea81f8, 0x00000000ebea8200, 0x00000000ec800000)
 Metaspace       used 20483K, capacity 21129K, committed 21296K, reserved 1069056K
  class space    used 2354K, capacity 2602K, committed 2688K, reserved 1048576K
}
Event: 6.733 GC heap after
{Heap after GC invocations=22 (full 1):
 def new generation   total 10368K, used 0K [0x00000000e0c00000, 0x00000000e1730000, 0x00000000eb2a0000)
  eden space 9280K,   0% used [0x00000000e0c00000, 0x00000000e0c00000, 0x00000000e1510000)
  from space 1088K,   0% used [0x00000000e1510000, 0x00000000e1510000, 0x00000000e1620000)
  to   space 1088K,   0% used [0x00000000e1620000, 0x00000000e1620000, 0x00000000e1730000)
 tenured generation   total 22892K, used 13734K [0x00000000eb2a0000, 0x00000000ec8fb000, 0x0000000100000000)
   the space 22892K,  59% used [0x00000000eb2a0000, 0x00000000ec009ac0, 0x00000000ec009c00, 0x00000000ec8fb000)
 Metaspace       used 20483K, capacity 21129K, committed 21296K, reserved 1069056K
  class space    used 2354K, capacity 2602K, committed 2688K, reserved 1048576K
}

Deoptimization events (20 events):
Event: 6.789 Thread 0x00007f020c014000 Uncommon trap: trap_request=0xffffff4d fr.pc=0x00007f01fc4629e4 relative=0x0000000000000324
Event: 6.789 Thread 0x00007f020c014000 Uncommon trap: reason=unstable_if action=reinterpret pc=0x00007f01fc4629e4 method=java.lang.StringBuilder.toString()Ljava/lang/String; @ 4 c2
Event: 6.789 Thread 0x00007f020c014000 DEOPT PACKING pc=0x00007f01fc4629e4 sp=0x00007f0215cd2410
Event: 6.789 Thread 0x00007f020c014000 DEOPT UNPACKING pc=0x00007f01f49383a5 sp=0x00007f0215cd23f0 mode 2
Event: 7.171 Thread 0x00007f020cfb5000 Uncommon trap: trap_request=0xffffffc6 fr.pc=0x00007f01fc4f598c relative=0x00000000000000cc
Event: 7.172 Thread 0x00007f020cfb5000 Uncommon trap: reason=bimorphic_or_optimized_type_check action=maybe_recompile pc=0x00007f01fc4f598c method=java.lang.Character.codePointBefore(Ljava/lang/CharSequence;I)I @ 5 c2
Event: 7.172 Thread 0x00007f020cfb5000 DEOPT PACKING pc=0x00007f01fc4f598c sp=0x00007f01f410b5d0
Event: 7.172 Thread 0x00007f020cfb5000 DEOPT UNPACKING pc=0x00007f01f49383a5 sp=0x00007f01f410b578 mode 2
Event: 7.172 Thread 0x00007f020cfb5000 Uncommon trap: trap_request=0xffffffc6 fr.pc=0x00007f01fc4f598c relative=0x00000000000000cc
Event: 7.172 Thread 0x00007f020cfb5000 Uncommon trap: reason=bimorphic_or_optimized_type_check action=maybe_recompile pc=0x00007f01fc4f598c method=java.lang.Character.codePointBefore(Ljava/lang/CharSequence;I)I @ 5 c2
Event: 7.172 Thread 0x00007f020cfb5000 DEOPT PACKING pc=0x00007f01fc4f598c sp=0x00007f01f410b5d0
Event: 7.172 Thread 0x00007f020cfb5000 DEOPT UNPACKING pc=0x00007f01f49383a5 sp=0x00007f01f410b578 mode 2
Event: 7.172 Thread 0x00007f020cfb5000 Uncommon trap: trap_request=0xffffffc6 fr.pc=0x00007f01fc4f598c relative=0x00000000000000cc
Event: 7.172 Thread 0x00007f020cfb5000 Uncommon trap: reason=bimorphic_or_optimized_type_check action=maybe_recompile pc=0x00007f01fc4f598c method=java.lang.Character.codePointBefore(Ljava/lang/CharSequence;I)I @ 5 c2
Event: 7.172 Thread 0x00007f020cfb5000 DEOPT PACKING pc=0x00007f01fc4f598c sp=0x00007f01f410b5d0
Event: 7.172 Thread 0x00007f020cfb5000 DEOPT UNPACKING pc=0x00007f01f49383a5 sp=0x00007f01f410b578 mode 2
Event: 7.172 Thread 0x00007f020cfb5000 Uncommon trap: trap_request=0xffffffc6 fr.pc=0x00007f01fc4f598c relative=0x00000000000000cc
Event: 7.172 Thread 0x00007f020cfb5000 Uncommon trap: reason=bimorphic_or_optimized_type_check action=maybe_recompile pc=0x00007f01fc4f598c method=java.lang.Character.codePointBefore(Ljava/lang/CharSequence;I)I @ 5 c2
Event: 7.172 Thread 0x00007f020cfb5000 DEOPT PACKING pc=0x00007f01fc4f598c sp=0x00007f01f410b5d0
Event: 7.172 Thread 0x00007f020cfb5000 DEOPT UNPACKING pc=0x00007f01f49383a5 sp=0x00007f01f410b578 mode 2

Classes redefined (0 events):
No events

Internal exceptions (17 events):
Event: 0.192 Thread 0x00007f020c014000 Exception <a 'java/lang/NoSuchMethodError'{0x00000000e0f1db00}: 'int java.lang.invoke.DirectMethodHandle$Holder.invokeSpecialIFC(java.lang.Object, java.lang.Object, int)'> (0x00000000e0f1db00) thrown at [/build/openjdk-11-11.0.6+10/src/hotspot/share/inter
Event: 1.890 Thread 0x00007f020c014000 Exception <a 'java/lang/NoClassDefFoundError'{0x00000000e0fd9558}: com/google/inject/servlet/ServletModuleTargetVisitor> (0x00000000e0fd9558) thrown at [/build/openjdk-11-11.0.6+10/src/hotspot/share/classfile/systemDictionary.cpp, line 220]
Event: 1.890 Thread 0x00007f020c014000 Exception <a 'java/lang/NoClassDefFoundError'{0x00000000e0fd9558}> (0x00000000e0fd9558) thrown at [/build/openjdk-11-11.0.6+10/src/hotspot/share/prims/jvm.cpp, line 1301]
Event: 1.891 Thread 0x00007f020c014000 Exception <a 'java/lang/NoClassDefFoundError'{0x00000000e0fdc160}: javax/annotation/Priority> (0x00000000e0fdc160) thrown at [/build/openjdk-11-11.0.6+10/src/hotspot/share/classfile/systemDictionary.cpp, line 220]
Event: 2.603 Thread 0x00007f020c014000 Implicit null exception at 0x00007f01fc435405 to 0x00007f01fc4355de
Event: 4.286 Thread 0x00007f020c014000 Exception <a 'java/lang/NoSuchMethodError'{0x00000000e0d94eb0}: 'java.lang.Object java.lang.invoke.DirectMethodHandle$Holder.invokeStatic(java.lang.Object, java.lang.Object, java.lang.Object, java.lang.Object, java.lang.Object, java.lang.Object, java.lang
Event: 4.295 Thread 0x00007f020c014000 Exception <a 'java/lang/NoSuchMethodError'{0x00000000e0da2ef0}: 'java.lang.Object java.lang.invoke.DirectMethodHandle$Holder.invokeStatic(java.lang.Object, java.lang.Object, java.lang.Object, java.lang.Object, java.lang.Object, java.lang.Object, java.lang
Event: 4.297 Thread 0x00007f020c014000 Exception <a 'java/lang/NoSuchMethodError'{0x00000000e0db0e08}: 'java.lang.Object java.lang.invoke.DirectMethodHandle$Holder.invokeSpecial(java.lang.Object, java.lang.Object, int, int, java.lang.Object, java.lang.Object, java.lang.Object)'> (0x00000000e0d
Event: 4.298 Thread 0x00007f020c014000 Exception <a 'java/lang/NoSuchMethodError'{0x00000000e0db48f8}: 'java.lang.Object java.lang.invoke.DelegatingMethodHandle$Holder.reinvoke_L(java.lang.Object, int, int, java.lang.Object, java.lang.Object, java.lang.Object)'> (0x00000000e0db48f8) thrown at 
Event: 4.298 Thread 0x00007f020c014000 Exception <a 'java/lang/NoSuchMethodError'{0x00000000e0db8f28}: 'java.lang.Object java.lang.invoke.DirectMethodHandle$Holder.invokeStatic(java.lang.Object, java.lang.Object, java.lang.Object, java.lang.Object, int)'> (0x00000000e0db8f28) thrown at [/build
Event: 4.620 Thread 0x00007f020c014000 Exception <a 'java/lang/NoSuchMethodError'{0x00000000e0cbef60}: 'java.lang.Object java.lang.invoke.DirectMethodHandle$Holder.invokeStatic(java.lang.Object, int, java.lang.Object)'> (0x00000000e0cbef60) thrown at [/build/openjdk-11-11.0.6+10/src/hotspot/sh
Event: 5.447 Thread 0x00007f020c014000 Exception <a 'java/lang/NoSuchMethodError'{0x00000000e11b57e0}: 'java.lang.Object java.lang.invoke.DirectMethodHandle$Holder.invokeStaticInit(java.lang.Object, java.lang.Object, long, java.lang.Object)'> (0x00000000e11b57e0) thrown at [/build/openjdk-11-1
Event: 5.450 Thread 0x00007f020c014000 Exception <a 'java/lang/NoSuchMethodError'{0x00000000e11c1940}: 'java.lang.Object java.lang.invoke.Invokers$Holder.linkToTargetMethod(java.lang.Object, long, java.lang.Object)'> (0x00000000e11c1940) thrown at [/build/openjdk-11-11.0.6+10/src/hotspot/share
Event: 5.468 Thread 0x00007f020c014000 Exception <a 'java/lang/NoSuchMethodError'{0x00000000e11c8690}: 'java.lang.Object java.lang.invoke.DirectMethodHandle$Holder.invokeStatic(java.lang.Object, java.lang.Object, java.lang.Object, int)'> (0x00000000e11c8690) thrown at [/build/openjdk-11-11.0.6
Event: 5.469 Thread 0x00007f020c014000 Exception <a 'java/lang/NoSuchMethodError'{0x00000000e11cc058}: 'java.lang.Object java.lang.invoke.DirectMethodHandle$Holder.invokeSpecial(java.lang.Object, java.lang.Object, java.lang.Object, java.lang.Object, int)'> (0x00000000e11cc058) thrown at [/buil
Event: 5.469 Thread 0x00007f020c014000 Exception <a 'java/lang/NoSuchMethodError'{0x00000000e11cf0c0}: 'java.lang.Object java.lang.invoke.Invokers$Holder.linkToTargetMethod(java.lang.Object, java.lang.Object, int, java.lang.Object)'> (0x00000000e11cf0c0) thrown at [/build/openjdk-11-11.0.6+10/
Event: 6.762 Thread 0x00007f020c014000 Exception <a 'java/lang/ClassNotFoundException'{0x00000000e0d33ea8}: sun/util/logging/resources/spi/loggingProvider> (0x00000000e0d33ea8) thrown at [/build/openjdk-11-11.0.6+10/src/hotspot/share/classfile/systemDictionary.cpp, line 231]

Events (20 events):
Event: 6.763 loading class sun/util/logging/resources/logging_en
Event: 6.763 loading class sun/util/logging/resources/logging_en done
Event: 6.764 loading class sun/util/logging/resources/logging_en_US
Event: 6.764 loading class sun/util/logging/resources/logging_en_US done
Event: 6.764 loading class sun/util/logging/resources/logging_en_US
Event: 6.764 loading class sun/util/logging/resources/logging_en_US done
Event: 6.786 loading class java/util/Scanner
Event: 6.786 loading class java/util/Scanner done
Event: 6.788 loading class java/util/Scanner$PatternLRUCache
Event: 6.789 loading class java/util/Scanner$PatternLRUCache done
Event: 6.789 Thread 0x00007f020cfb4000 Thread added: 0x00007f020cfb4000
Event: 6.789 Protecting memory [0x00007f02100bc000,0x00007f02100c0000] with protection modes 0
Event: 6.799 Thread 0x00007f020cfb5000 Thread added: 0x00007f020cfb5000
Event: 6.799 Protecting memory [0x00007f01f400c000,0x00007f01f4010000] with protection modes 0
Event: 7.157 loading class java/util/regex/Matcher$ImmutableMatchResult
Event: 7.157 loading class java/util/regex/Matcher$ImmutableMatchResult done
Event: 7.158 loading class org/apache/maven/plugin/logging/Log
Event: 7.158 loading class org/apache/maven/plugin/logging/Log done
Event: 7.158 loading class org/apache/maven/plugin/logging/Log
Event: 7.158 loading class org/apache/maven/plugin/logging/Log done


Dynamic libraries:
e0c00000-e1730000 rw-p 00000000 00:00 0 
e1730000-eb2a0000 ---p 00000000 00:00 0 
eb2a0000-ec8fb000 rw-p 00000000 00:00 0 
ec8fb000-100000000 ---p 00000000 00:00 0 
800000000-800002000 rwxp 00001000 08:01 2118409                          /usr/lib/jvm/java-11-openjdk-amd64/lib/server/classes.jsa
800002000-8003b7000 rw-p 00003000 08:01 2118409                          /usr/lib/jvm/java-11-openjdk-amd64/lib/server/classes.jsa
8003b7000-800a8a000 r--p 003b8000 08:01 2118409                          /usr/lib/jvm/java-11-openjdk-amd64/lib/server/classes.jsa
800a8a000-800a8b000 rw-p 00a8b000 08:01 2118409                          /usr/lib/jvm/java-11-openjdk-amd64/lib/server/classes.jsa
800a8b000-801095000 r--p 00a8c000 08:01 2118409                          /usr/lib/jvm/java-11-openjdk-amd64/lib/server/classes.jsa
840000000-8402a0000 rw-p 00000000 00:00 0 
8402a0000-880000000 ---p 00000000 00:00 0 
5604522b3000-5604522b4000 r-xp 00000000 08:01 2118040                    /usr/lib/jvm/java-11-openjdk-amd64/bin/java
5604524b4000-5604524b5000 r--p 00001000 08:01 2118040                    /usr/lib/jvm/java-11-openjdk-amd64/bin/java
5604524b5000-5604524b6000 rw-p 00002000 08:01 2118040                    /usr/lib/jvm/java-11-openjdk-amd64/bin/java
56045277d000-5604527bf000 rw-p 00000000 00:00 0                          [heap]
7f01bc000000-7f01bc021000 rw-p 00000000 00:00 0 
7f01bc021000-7f01c0000000 ---p 00000000 00:00 0 
7f01c0000000-7f01c0021000 rw-p 00000000 00:00 0 
7f01c0021000-7f01c4000000 ---p 00000000 00:00 0 
7f01c4000000-7f01c4021000 rw-p 00000000 00:00 0 
7f01c4021000-7f01c8000000 ---p 00000000 00:00 0 
7f01c8000000-7f01c8021000 rw-p 00000000 00:00 0 
7f01c8021000-7f01cc000000 ---p 00000000 00:00 0 
7f01cfa00000-7f01cfaac000 rw-p 00000000 00:00 0 
7f01cfaac000-7f01cfc00000 ---p 00000000 00:00 0 
7f01cfc00000-7f01cfe00000 rw-p 00000000 00:00 0 
7f01cfe00000-7f01d0000000 rw-p 00000000 00:00 0 
7f01d0000000-7f01d0021000 rw-p 00000000 00:00 0 
7f01d0021000-7f01d4000000 ---p 00000000 00:00 0 
7f01d4000000-7f01d4021000 rw-p 00000000 00:00 0 
7f01d4021000-7f01d8000000 ---p 00000000 00:00 0 
7f01d8000000-7f01d87a2000 rw-p 00000000 00:00 0 
7f01d87a2000-7f01dc000000 ---p 00000000 00:00 0 
7f01dc000000-7f01dc021000 rw-p 00000000 00:00 0 
7f01dc021000-7f01e0000000 ---p 00000000 00:00 0 
7f01e0000000-7f01e0021000 rw-p 00000000 00:00 0 
7f01e0021000-7f01e4000000 ---p 00000000 00:00 0 
7f01e4000000-7f01e4943000 rw-p 00000000 00:00 0 
7f01e4943000-7f01e8000000 ---p 00000000 00:00 0 
7f01e8000000-7f01e8021000 rw-p 00000000 00:00 0 
7f01e8021000-7f01ec000000 ---p 00000000 00:00 0 
7f01ec000000-7f01ec021000 rw-p 00000000 00:00 0 
7f01ec021000-7f01f0000000 ---p 00000000 00:00 0 
7f01f0000000-7f01f0029000 rw-p 00000000 00:00 0 
7f01f0029000-7f01f4000000 ---p 00000000 00:00 0 
7f01f400c000-7f01f4010000 ---p 00000000 00:00 0 
7f01f4010000-7f01f430d000 rw-p 00000000 00:00 0 
7f01f430d000-7f01f450d000 rw-p 00000000 00:00 0 
7f01f450d000-7f01f470d000 rw-p 00000000 00:00 0 
7f01f470d000-7f01f470f000 r-xp 00000000 08:01 1843038                    /lib/x86_64-linux-gnu/libutil-2.24.so
7f01f470f000-7f01f490e000 ---p 00002000 08:01 1843038                    /lib/x86_64-linux-gnu/libutil-2.24.so
7f01f490e000-7f01f490f000 r--p 00001000 08:01 1843038                    /lib/x86_64-linux-gnu/libutil-2.24.so
7f01f490f000-7f01f4910000 rw-p 00002000 08:01 1843038                    /lib/x86_64-linux-gnu/libutil-2.24.so
7f01f4910000-7f01f4b80000 rwxp 00000000 00:00 0 
7f01f4b80000-7f01f4e9f000 ---p 00000000 00:00 0 
7f01f4e9f000-7f01f56ef000 rwxp 00000000 00:00 0 
7f01f56ef000-7f01fc3d7000 ---p 00000000 00:00 0 
7f01fc3d7000-7f01fc647000 rwxp 00000000 00:00 0 
7f01fc647000-7f0203910000 ---p 00000000 00:00 0 
7f0203910000-7f020c000000 r--s 00000000 08:01 2118399                    /usr/lib/jvm/java-11-openjdk-amd64/lib/modules
7f020c000000-7f020cffd000 rw-p 00000000 00:00 0 
7f020cffd000-7f0210000000 ---p 00000000 00:00 0 
7f02100bc000-7f02100c0000 ---p 00000000 00:00 0 
7f02100c0000-7f02101bd000 rw-p 00000000 00:00 0 
7f02101bd000-7f02101c1000 ---p 00000000 00:00 0 
7f02101c1000-7f02101df000 rw-p 00000000 00:00 0 
7f02101df000-7f02101e2000 r-xp 00000000 08:01 1993728                    /opt/maven/lib/jansi-native/linux64/libjansi.so
7f02101e2000-7f02103e1000 ---p 00003000 08:01 1993728                    /opt/maven/lib/jansi-native/linux64/libjansi.so
7f02103e1000-7f02103e2000 rw-p 00002000 08:01 1993728                    /opt/maven/lib/jansi-native/linux64/libjansi.so
7f02103e2000-7f0210413000 rw-p 00000000 00:00 0 
7f0210413000-7f0210429000 r-xp 00000000 08:01 2118388                    /usr/lib/jvm/java-11-openjdk-amd64/lib/libnet.so
7f0210429000-7f0210628000 ---p 00016000 08:01 2118388                    /usr/lib/jvm/java-11-openjdk-amd64/lib/libnet.so
7f0210628000-7f0210629000 r--p 00015000 08:01 2118388                    /usr/lib/jvm/java-11-openjdk-amd64/lib/libnet.so
7f0210629000-7f021062a000 rw-p 00016000 08:01 2118388                    /usr/lib/jvm/java-11-openjdk-amd64/lib/libnet.so
7f021062a000-7f021063a000 r-xp 00000000 08:01 2118389                    /usr/lib/jvm/java-11-openjdk-amd64/lib/libnio.so
7f021063a000-7f0210839000 ---p 00010000 08:01 2118389                    /usr/lib/jvm/java-11-openjdk-amd64/lib/libnio.so
7f0210839000-7f021083a000 r--p 0000f000 08:01 2118389                    /usr/lib/jvm/java-11-openjdk-amd64/lib/libnio.so
7f021083a000-7f021083b000 rw-p 00010000 08:01 2118389                    /usr/lib/jvm/java-11-openjdk-amd64/lib/libnio.so
7f021083b000-7f021083f000 ---p 00000000 00:00 0 
7f021083f000-7f021093c000 rw-p 00000000 00:00 0 
7f021093c000-7f021093d000 ---p 00000000 00:00 0 
7f021093d000-7f0210a3e000 rw-p 00000000 00:00 0 
7f0210a3e000-7f0210a42000 ---p 00000000 00:00 0 
7f0210a42000-7f0210b3f000 rw-p 00000000 00:00 0 
7f0210b3f000-7f0210b43000 ---p 00000000 00:00 0 
7f0210b43000-7f0210c40000 rw-p 00000000 00:00 0 
7f0210c40000-7f0210c44000 ---p 00000000 00:00 0 
7f0210c44000-7f0210d41000 rw-p 00000000 00:00 0 
7f0210d41000-7f0210d45000 ---p 00000000 00:00 0 
7f0210d45000-7f0210e42000 rw-p 00000000 00:00 0 
7f0210e42000-7f0210e46000 ---p 00000000 00:00 0 
7f0210e46000-7f0210f43000 rw-p 00000000 00:00 0 
7f0210f43000-7f02110de000 r--p 00000000 08:01 1850658                    /usr/lib/locale/locale-archive
7f02110de000-7f02110e2000 ---p 00000000 00:00 0 
7f02110e2000-7f02111df000 rw-p 00000000 00:00 0 
7f02111df000-7f02111e3000 ---p 00000000 00:00 0 
7f02111e3000-7f02112e0000 rw-p 00000000 00:00 0 
7f02112e0000-7f02112e1000 ---p 00000000 00:00 0 
7f02112e1000-7f0211ce6000 rw-p 00000000 00:00 0 
7f0211ce6000-7f0211d0d000 rw-p 00000000 00:00 0 
7f0211d0d000-7f0211d5a000 ---p 00000000 00:00 0 
7f0211d5a000-7f0211d66000 rw-p 00000000 00:00 0 
7f0211d66000-7f0211e01000 ---p 00000000 00:00 0 
7f0211e01000-7f0211e07000 rw-p 00000000 00:00 0 
7f0211e07000-7f0211eed000 ---p 00000000 00:00 0 
7f0211eed000-7f0211efe000 rw-p 00000000 00:00 0 
7f0211efe000-7f0211fd8000 ---p 00000000 00:00 0 
7f0211fd8000-7f0211fdd000 r-xp 00000000 08:01 2118380                    /usr/lib/jvm/java-11-openjdk-amd64/lib/libjimage.so
7f0211fdd000-7f02121dc000 ---p 00005000 08:01 2118380                    /usr/lib/jvm/java-11-openjdk-amd64/lib/libjimage.so
7f02121dc000-7f02121dd000 r--p 00004000 08:01 2118380                    /usr/lib/jvm/java-11-openjdk-amd64/lib/libjimage.so
7f02121dd000-7f02121de000 rw-p 00005000 08:01 2118380                    /usr/lib/jvm/java-11-openjdk-amd64/lib/libjimage.so
7f02121de000-7f02121e5000 r-xp 00000000 08:01 2118398                    /usr/lib/jvm/java-11-openjdk-amd64/lib/libzip.so
7f02121e5000-7f02123e4000 ---p 00007000 08:01 2118398                    /usr/lib/jvm/java-11-openjdk-amd64/lib/libzip.so
7f02123e4000-7f02123e5000 r--p 00006000 08:01 2118398                    /usr/lib/jvm/java-11-openjdk-amd64/lib/libzip.so
7f02123e5000-7f02123e6000 rw-p 00007000 08:01 2118398                    /usr/lib/jvm/java-11-openjdk-amd64/lib/libzip.so
7f02123e6000-7f02123f0000 r-xp 00000000 08:01 1843001                    /lib/x86_64-linux-gnu/libnss_files-2.24.so
7f02123f0000-7f02125f0000 ---p 0000a000 08:01 1843001                    /lib/x86_64-linux-gnu/libnss_files-2.24.so
7f02125f0000-7f02125f1000 r--p 0000a000 08:01 1843001                    /lib/x86_64-linux-gnu/libnss_files-2.24.so
7f02125f1000-7f02125f2000 rw-p 0000b000 08:01 1843001                    /lib/x86_64-linux-gnu/libnss_files-2.24.so
7f02125f2000-7f02125f8000 rw-p 00000000 00:00 0 
7f02125f8000-7f0212603000 r-xp 00000000 08:01 1843005                    /lib/x86_64-linux-gnu/libnss_nis-2.24.so
7f0212603000-7f0212802000 ---p 0000b000 08:01 1843005                    /lib/x86_64-linux-gnu/libnss_nis-2.24.so
7f0212802000-7f0212803000 r--p 0000a000 08:01 1843005                    /lib/x86_64-linux-gnu/libnss_nis-2.24.so
7f0212803000-7f0212804000 rw-p 0000b000 08:01 1843005                    /lib/x86_64-linux-gnu/libnss_nis-2.24.so
7f0212804000-7f0212818000 r-xp 00000000 08:01 1842995                    /lib/x86_64-linux-gnu/libnsl-2.24.so
7f0212818000-7f0212a18000 ---p 00014000 08:01 1842995                    /lib/x86_64-linux-gnu/libnsl-2.24.so
7f0212a18000-7f0212a19000 r--p 00014000 08:01 1842995                    /lib/x86_64-linux-gnu/libnsl-2.24.so
7f0212a19000-7f0212a1a000 rw-p 00015000 08:01 1842995                    /lib/x86_64-linux-gnu/libnsl-2.24.so
7f0212a1a000-7f0212a1c000 rw-p 00000000 00:00 0 
7f0212a1c000-7f0212a23000 r-xp 00000000 08:01 1842997                    /lib/x86_64-linux-gnu/libnss_compat-2.24.so
7f0212a23000-7f0212c22000 ---p 00007000 08:01 1842997                    /lib/x86_64-linux-gnu/libnss_compat-2.24.so
7f0212c22000-7f0212c23000 r--p 00006000 08:01 1842997                    /lib/x86_64-linux-gnu/libnss_compat-2.24.so
7f0212c23000-7f0212c24000 rw-p 00007000 08:01 1842997                    /lib/x86_64-linux-gnu/libnss_compat-2.24.so
7f0212c24000-7f0212c4d000 r-xp 00000000 08:01 2118376                    /usr/lib/jvm/java-11-openjdk-amd64/lib/libjava.so
7f0212c4d000-7f0212e4c000 ---p 00029000 08:01 2118376                    /usr/lib/jvm/java-11-openjdk-amd64/lib/libjava.so
7f0212e4c000-7f0212e4d000 r--p 00028000 08:01 2118376                    /usr/lib/jvm/java-11-openjdk-amd64/lib/libjava.so
7f0212e4d000-7f0212e4f000 rw-p 00029000 08:01 2118376                    /usr/lib/jvm/java-11-openjdk-amd64/lib/libjava.so
7f0212e4f000-7f0212e5c000 r-xp 00000000 08:01 2118397                    /usr/lib/jvm/java-11-openjdk-amd64/lib/libverify.so
7f0212e5c000-7f021305b000 ---p 0000d000 08:01 2118397                    /usr/lib/jvm/java-11-openjdk-amd64/lib/libverify.so
7f021305b000-7f021305d000 r--p 0000c000 08:01 2118397                    /usr/lib/jvm/java-11-openjdk-amd64/lib/libverify.so
7f021305d000-7f021305e000 rw-p 0000e000 08:01 2118397                    /usr/lib/jvm/java-11-openjdk-amd64/lib/libverify.so
7f021305e000-7f0213065000 r-xp 00000000 08:01 1843022                    /lib/x86_64-linux-gnu/librt-2.24.so
7f0213065000-7f0213264000 ---p 00007000 08:01 1843022                    /lib/x86_64-linux-gnu/librt-2.24.so
7f0213264000-7f0213265000 r--p 00006000 08:01 1843022                    /lib/x86_64-linux-gnu/librt-2.24.so
7f0213265000-7f0213266000 rw-p 00007000 08:01 1843022                    /lib/x86_64-linux-gnu/librt-2.24.so
7f0213266000-7f021327c000 r-xp 00000000 08:01 1842975                    /lib/x86_64-linux-gnu/libgcc_s.so.1
7f021327c000-7f021347b000 ---p 00016000 08:01 1842975                    /lib/x86_64-linux-gnu/libgcc_s.so.1
7f021347b000-7f021347c000 r--p 00015000 08:01 1842975                    /lib/x86_64-linux-gnu/libgcc_s.so.1
7f021347c000-7f021347d000 rw-p 00016000 08:01 1842975                    /lib/x86_64-linux-gnu/libgcc_s.so.1
7f021347d000-7f0213580000 r-xp 00000000 08:01 1842984                    /lib/x86_64-linux-gnu/libm-2.24.so
7f0213580000-7f021377f000 ---p 00103000 08:01 1842984                    /lib/x86_64-linux-gnu/libm-2.24.so
7f021377f000-7f0213780000 r--p 00102000 08:01 1842984                    /lib/x86_64-linux-gnu/libm-2.24.so
7f0213780000-7f0213781000 rw-p 00103000 08:01 1842984                    /lib/x86_64-linux-gnu/libm-2.24.so
7f0213781000-7f02138f3000 r-xp 00000000 08:01 1843740                    /usr/lib/x86_64-linux-gnu/libstdc++.so.6.0.22
7f02138f3000-7f0213af3000 ---p 00172000 08:01 1843740                    /usr/lib/x86_64-linux-gnu/libstdc++.so.6.0.22
7f0213af3000-7f0213afd000 r--p 00172000 08:01 1843740                    /usr/lib/x86_64-linux-gnu/libstdc++.so.6.0.22
7f0213afd000-7f0213aff000 rw-p 0017c000 08:01 1843740                    /usr/lib/x86_64-linux-gnu/libstdc++.so.6.0.22
7f0213aff000-7f0213b03000 rw-p 00000000 00:00 0 
7f0213b03000-7f0214b8b000 r-xp 00000000 08:01 2118411                    /usr/lib/jvm/java-11-openjdk-amd64/lib/server/libjvm.so
7f0214b8b000-7f0214d8a000 ---p 01088000 08:01 2118411                    /usr/lib/jvm/java-11-openjdk-amd64/lib/server/libjvm.so
7f0214d8a000-7f0214e47000 r--p 01087000 08:01 2118411                    /usr/lib/jvm/java-11-openjdk-amd64/lib/server/libjvm.so
7f0214e47000-7f0214e81000 rw-p 01144000 08:01 2118411                    /usr/lib/jvm/java-11-openjdk-amd64/lib/server/libjvm.so
7f0214e81000-7f0214ed7000 rw-p 00000000 00:00 0 
7f0214ed7000-7f021506c000 r-xp 00000000 08:01 1842955                    /lib/x86_64-linux-gnu/libc-2.24.so
7f021506c000-7f021526c000 ---p 00195000 08:01 1842955                    /lib/x86_64-linux-gnu/libc-2.24.so
7f021526c000-7f0215270000 r--p 00195000 08:01 1842955                    /lib/x86_64-linux-gnu/libc-2.24.so
7f0215270000-7f0215272000 rw-p 00199000 08:01 1842955                    /lib/x86_64-linux-gnu/libc-2.24.so
7f0215272000-7f0215276000 rw-p 00000000 00:00 0 
7f0215276000-7f0215279000 r-xp 00000000 08:01 1842967                    /lib/x86_64-linux-gnu/libdl-2.24.so
7f0215279000-7f0215478000 ---p 00003000 08:01 1842967                    /lib/x86_64-linux-gnu/libdl-2.24.so
7f0215478000-7f0215479000 r--p 00002000 08:01 1842967                    /lib/x86_64-linux-gnu/libdl-2.24.so
7f0215479000-7f021547a000 rw-p 00003000 08:01 1842967                    /lib/x86_64-linux-gnu/libdl-2.24.so
7f021547a000-7f0215489000 r-xp 00000000 08:01 2118358                    /usr/lib/jvm/java-11-openjdk-amd64/lib/jli/libjli.so
7f0215489000-7f0215688000 ---p 0000f000 08:01 2118358                    /usr/lib/jvm/java-11-openjdk-amd64/lib/jli/libjli.so
7f0215688000-7f0215689000 r--p 0000e000 08:01 2118358                    /usr/lib/jvm/java-11-openjdk-amd64/lib/jli/libjli.so
7f0215689000-7f021568a000 rw-p 0000f000 08:01 2118358                    /usr/lib/jvm/java-11-openjdk-amd64/lib/jli/libjli.so
7f021568a000-7f02156a2000 r-xp 00000000 08:01 1843018                    /lib/x86_64-linux-gnu/libpthread-2.24.so
7f02156a2000-7f02158a1000 ---p 00018000 08:01 1843018                    /lib/x86_64-linux-gnu/libpthread-2.24.so
7f02158a1000-7f02158a2000 r--p 00017000 08:01 1843018                    /lib/x86_64-linux-gnu/libpthread-2.24.so
7f02158a2000-7f02158a3000 rw-p 00018000 08:01 1843018                    /lib/x86_64-linux-gnu/libpthread-2.24.so
7f02158a3000-7f02158a7000 rw-p 00000000 00:00 0 
7f02158a7000-7f02158c0000 r-xp 00000000 08:01 1843043                    /lib/x86_64-linux-gnu/libz.so.1.2.8
7f02158c0000-7f0215abf000 ---p 00019000 08:01 1843043                    /lib/x86_64-linux-gnu/libz.so.1.2.8
7f0215abf000-7f0215ac0000 r--p 00018000 08:01 1843043                    /lib/x86_64-linux-gnu/libz.so.1.2.8
7f0215ac0000-7f0215ac1000 rw-p 00019000 08:01 1843043                    /lib/x86_64-linux-gnu/libz.so.1.2.8
7f0215ac1000-7f0215ae4000 r-xp 00000000 08:01 1842937                    /lib/x86_64-linux-gnu/ld-2.24.so
7f0215afe000-7f0215b2b000 rw-p 00000000 00:00 0 
7f0215b2b000-7f0215bc6000 ---p 00000000 00:00 0 
7f0215bc6000-7f0215bcb000 rw-p 00000000 00:00 0 
7f0215bcb000-7f0215bd2000 ---p 00000000 00:00 0 
7f0215bd2000-7f0215bd4000 r--s 00007000 08:01 2379129                    /usr/share/java/java-atk-wrapper.jar
7f0215bd4000-7f0215bd8000 ---p 00000000 00:00 0 
7f0215bd8000-7f0215cd9000 rw-p 00000000 00:00 0 
7f0215cda000-7f0215ce2000 rw-s 00000000 08:01 411604                     /tmp/hsperfdata_tanzachary/4015
7f0215ce2000-7f0215ce3000 ---p 00000000 00:00 0 
7f0215ce3000-7f0215ce4000 r--p 00000000 00:00 0 
7f0215ce4000-7f0215ce5000 r--p 00023000 08:01 1842937                    /lib/x86_64-linux-gnu/ld-2.24.so
7f0215ce5000-7f0215ce6000 rw-p 00024000 08:01 1842937                    /lib/x86_64-linux-gnu/ld-2.24.so
7f0215ce6000-7f0215ce7000 rw-p 00000000 00:00 0 
7ffe02930000-7ffe02951000 rw-p 00000000 00:00 0                          [stack]
7ffe029ef000-7ffe029f2000 r--p 00000000 00:00 0                          [vvar]
7ffe029f2000-7ffe029f4000 r-xp 00000000 00:00 0                          [vdso]
ffffffffff600000-ffffffffff601000 r-xp 00000000 00:00 0                  [vsyscall]


VM Arguments:
jvm_args: -Dclassworlds.conf=/opt/maven/bin/m2.conf -Dmaven.home=/opt/maven -Dlibrary.jansi.path=/opt/maven/lib/jansi-native -Dmaven.multiModuleProjectDirectory=/home/tanzachary/step/portfolio 
java_command: org.codehaus.plexus.classworlds.launcher.Launcher package appengine:run
java_class_path (initial): /opt/maven/boot/plexus-classworlds-2.6.0.jar
Launcher Type: SUN_STANDARD

[Global flags]
     intx CICompilerCount                          = 2                                         {product} {ergonomic}
   size_t InitialHeapSize                          = 33554432                                  {product} {ergonomic}
   size_t MaxHeapSize                              = 524288000                                 {product} {ergonomic}
   size_t MaxNewSize                               = 174718976                                 {product} {ergonomic}
   size_t MinHeapDeltaBytes                        = 196608                                    {product} {ergonomic}
   size_t NewSize                                  = 11141120                                  {product} {ergonomic}
    uintx NonNMethodCodeHeapSize                   = 5825164                                {pd product} {ergonomic}
    uintx NonProfiledCodeHeapSize                  = 122916538                              {pd product} {ergonomic}
   size_t OldSize                                  = 22413312                                  {product} {ergonomic}
    uintx ProfiledCodeHeapSize                     = 122916538                              {pd product} {ergonomic}
    uintx ReservedCodeCacheSize                    = 251658240                              {pd product} {ergonomic}
     bool SegmentedCodeCache                       = true                                      {product} {ergonomic}
     bool UseCompressedClassPointers               = true                                 {lp64_product} {ergonomic}
     bool UseCompressedOops                        = true                                 {lp64_product} {ergonomic}
     bool UseSerialGC                              = true                                      {product} {ergonomic}

Logging:
Log output configuration:
 #0: stdout all=warning uptime,level,tags
 #1: stderr all=off uptime,level,tags

Environment Variables:
JAVA_HOME=/usr/lib/jvm/java-11-openjdk-amd64
PATH=/home/tanzachary/step/portfolio/node_modules/.bin:/home/tanzachary/gopath/bin:/google/gopath/bin:/home/tanzachary/.gems/bin:/usr/local/go/bin:/opt/gradle/bin:/opt/maven/bin:/usr/local/sbin:/usr/local/bin:/usr/sbin:/usr/bin:/sbin:/bin:/usr/local/nvm/versions/node/v10.14.2/bin:/google/go_appengine:/google/google_appengine:/google/migrate/anthos/
SHELL=/bin/bash

Signal Handlers:
SIGSEGV: [libjvm.so+0xd9bff0], sa_mask[0]=11111111011111111101111111111110, sa_flags=SA_RESTART|SA_SIGINFO
SIGBUS: [libjvm.so+0xd9bff0], sa_mask[0]=11111111011111111101111111111110, sa_flags=SA_RESTART|SA_SIGINFO
SIGFPE: [libjvm.so+0xd9bff0], sa_mask[0]=11111111011111111101111111111110, sa_flags=SA_RESTART|SA_SIGINFO
SIGPIPE: [libjvm.so+0xb8fcf0], sa_mask[0]=11111111011111111101111111111110, sa_flags=SA_RESTART|SA_SIGINFO
SIGXFSZ: [libjvm.so+0xb8fcf0], sa_mask[0]=11111111011111111101111111111110, sa_flags=SA_RESTART|SA_SIGINFO
SIGILL: [libjvm.so+0xd9bff0], sa_mask[0]=11111111011111111101111111111110, sa_flags=SA_RESTART|SA_SIGINFO
SIGUSR2: [libjvm.so+0xb8fb90], sa_mask[0]=00000000000000000000000000000000, sa_flags=SA_RESTART|SA_SIGINFO
SIGHUP: [libjvm.so+0xb8fef0], sa_mask[0]=11111111011111111101111111111110, sa_flags=SA_RESTART|SA_SIGINFO
SIGINT: [libjvm.so+0xb8fef0], sa_mask[0]=11111111011111111101111111111110, sa_flags=SA_RESTART|SA_SIGINFO
SIGTERM: [libjvm.so+0xb8fef0], sa_mask[0]=11111111011111111101111111111110, sa_flags=SA_RESTART|SA_SIGINFO
SIGQUIT: [libjvm.so+0xb8fef0], sa_mask[0]=11111111011111111101111111111110, sa_flags=SA_RESTART|SA_SIGINFO


---------------  S Y S T E M  ---------------

OS:PRETTY_NAME="Debian GNU/Linux 9 (stretch)"
NAME="Debian GNU/Linux"
VERSION_ID="9"
VERSION="9 (stretch)"
VERSION_CODENAME=stretch
ID=debian
HOME_URL="https://www.debian.org/"
SUPPORT_URL="https://www.debian.org/support"
BUG_REPORT_URL="https://bugs.debian.org/"
uname:Linux 4.19.112+ #1 SMP Wed May 6 00:27:44 PDT 2020 x86_64
libc:glibc 2.24 NPTL 2.24 
rlimit: STACK 8192k, CORE infinity, NPROC infinity, NOFILE 1048576, AS infinity, DATA infinity, FSIZE infinity
load average:2.66 1.10 0.69

/proc/meminfo:
MemTotal:        2043884 kB
MemFree:          102356 kB
MemAvailable:     798820 kB
Buffers:           74104 kB
Cached:           644536 kB
SwapCached:          740 kB
Active:           909144 kB
Inactive:         717940 kB
Active(anon):     482368 kB
Inactive(anon):   406500 kB
Active(file):     426776 kB
Inactive(file):   311440 kB
Unevictable:           0 kB
Mlocked:               0 kB
SwapTotal:        786428 kB
SwapFree:         702460 kB
Dirty:               960 kB
Writeback:             0 kB
AnonPages:        907820 kB
Mapped:           380172 kB
Shmem:               820 kB
Slab:             197084 kB
SReclaimable:     145884 kB
SUnreclaim:        51200 kB
KernelStack:        8408 kB
PageTables:        13652 kB
NFS_Unstable:          0 kB
Bounce:                0 kB
WritebackTmp:          0 kB
CommitLimit:     1808368 kB
Committed_AS:    5139976 kB
VmallocTotal:   34359738367 kB
VmallocUsed:           0 kB
VmallocChunk:          0 kB
Percpu:              968 kB
AnonHugePages:      2048 kB
ShmemHugePages:        0 kB
ShmemPmdMapped:        0 kB
HugePages_Total:       0
HugePages_Free:        0
HugePages_Rsvd:        0
HugePages_Surp:        0
Hugepagesize:       2048 kB
Hugetlb:               0 kB
DirectMap4k:       85180 kB
DirectMap2M:     2011136 kB
DirectMap1G:           0 kB


/proc/sys/kernel/threads-max (system-wide limit on the number of threads):
15631


/proc/sys/vm/max_map_count (maximum number of memory map areas a process may have):
65530


/proc/sys/kernel/pid_max (system-wide limit on number of process identifiers):
4194304



container (cgroup) information:
container_type: cgroupv1
cpu_cpuset_cpus: 0-1
cpu_memory_nodes: 0
active_processor_count: 1
cpu_quota: -1
cpu_period: 100000
cpu_shares: 2
memory_limit_in_bytes: -1
memory_and_swap_limit_in_bytes: -1
memory_soft_limit_in_bytes: -1
memory_usage_in_bytes: 634122240
memory_max_usage_in_bytes: 684109824

KVM virtualization detected
Steal ticks since vm start: 1
Steal ticks percentage since vm start:  0.000

CPU:total 2 (initial active 1) (1 cores per cpu, 2 threads per core) family 6 model 63 stepping 0, cmov, cx8, fxsr, mmx, sse, sse2, sse3, ssse3, sse4.1, sse4.2, popcnt, avx, avx2, aes, clmul, erms, lzcnt, ht, tsc, tscinvbit, bmi1, bmi2, fma
CPU Model and flags from /proc/cpuinfo:
model name	: Intel(R) Xeon(R) CPU @ 2.30GHz
flags		: fpu vme de pse tsc msr pae mce cx8 apic sep mtrr pge mca cmov pat pse36 clflush mmx fxsr sse sse2 ss ht syscall nx pdpe1gb rdtscp lm constant_tsc rep_good nopl xtopology nonstop_tsc cpuid tsc_known_freq pni pclmulqdq ssse3 fma cx16 pcid sse4_1 sse4_2 x2apic movbe popcnt aes xsave avx f16c rdrand hypervisor lahf_lm abm invpcid_single pti ssbd ibrs ibpb stibp fsgsbase tsc_adjust bmi1 avx2 smep bmi2 erms invpcid xsaveopt arat md_clear arch_capabilities

Memory: 4k page, physical 2043884k(102356k free), swap 786428k(702460k free)

vm_info: OpenJDK 64-Bit Server VM (11.0.6+10-post-Debian-1bpo91) for linux-amd64 JRE (11.0.6+10-post-Debian-1bpo91), built on Feb  1 2020 09:07:43 by "unknown" with gcc 6.3.0 20170516

END.
