#
# A fatal error has been detected by the Java Runtime Environment:
#
#  SIGSEGV (0xb) at pc=0x00007efe059f2bc0, pid=4353, tid=4353
#
# JRE version: OpenJDK Runtime Environment (11.0.6+10) (build 11.0.6+10-post-Debian-1bpo91)
# Java VM: OpenJDK 64-Bit Server VM (11.0.6+10-post-Debian-1bpo91, mixed mode, sharing, tiered, compressed oops, serial gc, linux-amd64)
# Problematic frame:
# V  [libjvm.so+0xb8fbc0]
#
# Core dump will be written. Default location: Core dumps may be processed with "/sbin/crash_reporter --user=%P:%s:%u:%g:%e" (or dumping to /home/tanzachary/step/portfolio/core.4353)
#
# If you would like to submit a bug report, please visit:
#   https://bugs.debian.org/openjdk-11
#

---------------  S U M M A R Y ------------

Command Line: -Dclassworlds.conf=/opt/maven/bin/m2.conf -Dmaven.home=/opt/maven -Dlibrary.jansi.path=/opt/maven/lib/jansi-native -Dmaven.multiModuleProjectDirectory=/home/tanzachary/step/portfolio org.codehaus.plexus.classworlds.launcher.Launcher package appengine:run

Host: Intel(R) Xeon(R) CPU @ 2.30GHz, 2 cores, 1G, Debian GNU/Linux 9 (stretch)
Time: Thu May 28 17:43:48 2020 EDT elapsed time: 13 seconds (0d 0h 0m 13s)

---------------  T H R E A D  ---------------

Current thread is native thread

Stack: [0x00007fff9389e000,0x00007fff9409d000],  sp=0x00007fff94097cc0,  free space=8167k
Native frames: (J=compiled Java code, A=aot compiled Java code, j=interpreted, Vv=VM code, C=native code)
V  [libjvm.so+0xb8fbc0]
C  [libpthread.so.0+0x110e0]


siginfo: si_signo: 11 (SIGSEGV), si_code: 1 (SEGV_MAPERR), si_addr: 0x00000000000000d0

Register to memory mapping:

RAX=0x0 is NULL
RBX=
[error occurred during error reporting (printing register info), id 0xb, SIGSEGV (0xb) at pc=0x00007efe05b999e7]

Registers:
RAX=0x0000000000000000, RBX=0x00007efe07035e18, RCX=0x00007efe069f26dd, RDX=0x0000000000000000
RSP=0x00007fff94097cc0, RBP=0x00007fff94097d70, RSI=0x00007fff94097eb0, RDI=0x0000000000000001
R8 =0x00000000000000ca, R9 =0x00007efe070349d0, R10=0x0000000000000000, R11=0x0000000000000246
R12=0x0000000000000000, R13=0x00007fff94097eb0, R14=0x00007fff94097d80, R15=0x00007efe07034d28
RIP=0x00007efe059f2bc0, EFLAGS=0x0000000000010246, CSGSFS=0x002b000000000033, ERR=0x0000000000000004
  TRAPNO=0x000000000000000e

Top of Stack: (sp=0x00007fff94097cc0)
0x00007fff94097cc0:   0000000001e5cb59 00007efe06248038
0x00007fff94097cd0:   00007fff94097df0 00007efe0623ad90
0x00007fff94097ce0:   00007fff94097d14 00007fff94097de0
0x00007fff94097cf0:   0000557969fd6c70 000000000000000b 

Instructions: (pc=0x00007efe059f2bc0)
0x00007efe059f2ac0:   c0 74 03 c6 00 00 4c 89 f7 4c 89 fa 48 89 de e8
0x00007efe059f2ad0:   dc db 6d ff 4c 89 e7 e8 24 df 6d ff 48 81 c4 08
0x00007efe059f2ae0:   01 00 00 5b 41 5c 41 5d 41 5e 41 5f 5d c3 4c 89
0x00007efe059f2af0:   e2 be 00 01 00 00 48 89 df e8 92 e1 6d ff 48 85
0x00007efe059f2b00:   c0 74 ae 48 8d 35 b1 46 2f 00 48 89 df e8 5e df
0x00007efe059f2b10:   6d ff 48 85 c0 74 41 66 0f 1f 84 00 00 00 00 00
0x00007efe059f2b20:   be 22 00 00 00 48 89 df e8 d3 df 6d ff 48 85 c0
0x00007efe059f2b30:   74 46 48 8d 58 01 be 22 00 00 00 48 89 df e8 bd
0x00007efe059f2b40:   df 6d ff 48 85 c0 0f 85 77 ff ff ff e9 75 ff ff
0x00007efe059f2b50:   ff 0f 1f 80 00 00 00 00 48 8d 35 71 46 2f 00 48
0x00007efe059f2b60:   89 df e8 09 df 6d ff 48 85 c0 0f 84 41 ff ff ff
0x00007efe059f2b70:   eb ae 66 0f 1f 44 00 00 48 89 df be 3d 00 00 00
0x00007efe059f2b80:   e8 7b df 6d ff 48 8d 58 01 e9 23 ff ff ff 66 90
0x00007efe059f2b90:   55 48 89 e5 41 57 41 56 41 55 41 54 49 89 d6 53
0x00007efe059f2ba0:   49 89 f5 48 81 ec 88 00 00 00 e8 81 e6 6d ff 48
0x00007efe059f2bb0:   89 c3 44 8b 20 e8 26 58 1a 00 31 d2 84 c0 75 38
0x00007efe059f2bc0:   48 83 ba d0 00 00 00 00 74 16 4c 8b ba 68 02 00
0x00007efe059f2bd0:   00 41 8b 87 a8 00 00 00 83 f8 01 74 2b 44 89 23
0x00007efe059f2be0:   48 81 c4 88 00 00 00 5b 41 5c 41 5d 41 5e 41 5f
0x00007efe059f2bf0:   5d c3 66 0f 1f 44 00 00 e8 f3 57 1a 00 48 89 c2
0x00007efe059f2c00:   eb be 66 0f 1f 44 00 00 4d 89 af b0 00 00 00 4d
0x00007efe059f2c10:   8d af a8 00 00 00 4d 89 b7 b8 00 00 00 ba 02 00
0x00007efe059f2c20:   00 00 be 01 00 00 00 4c 89 ef e8 01 cb ff ff 83
0x00007efe059f2c30:   f8 02 74 3c 85 c0 75 18 49 c7 87 b8 00 00 00 00
0x00007efe059f2c40:   00 00 00 49 c7 87 b0 00 00 00 00 00 00 00 eb 8d
0x00007efe059f2c50:   48 8d 05 51 96 7b 00 48 8d 3d 7a 4e 2f 00 be 64
0x00007efe059f2c60:   11 00 00 48 8b 00 c6 00 58 e8 22 16 ab ff eb c8
0x00007efe059f2c70:   4c 8d b5 50 ff ff ff 4c 89 f7 e8 11 e2 6d ff 4c
0x00007efe059f2c80:   89 f2 31 f6 31 ff e8 15 e3 6d ff 8b 35 ff 37 7d
0x00007efe059f2c90:   00 4c 89 f7 e8 c7 de 6d ff 48 8d 3d 60 73 81 00
0x00007efe059f2ca0:   be 01 00 00 00 e8 a6 bc 0c 00 66 0f 1f 44 00 00
0x00007efe059f2cb0:   4c 89 f7 e8 d8 e5 6d ff 31 d2 be 03 00 00 00 4c 


Stack slot to memory mapping:
stack at sp + 0 slots: 
[error occurred during error reporting (inspecting top of stack), id 0xb, SIGSEGV (0xb) at pc=0x00007efe05b999e7]


---------------  P R O C E S S  ---------------

VM state:not at safepoint (normal execution)

VM Mutex/Monitor currently owned by a thread: None

Heap address: 0x00000000e0c00000, size: 500 MB, Compressed Oops mode: 32-bit
Narrow klass base: 0x0000000800000000, Narrow klass shift: 3
Compressed class space size: 1073741824 Address: 0x0000000840000000

Heap:
 def new generation   total 10240K, used 2071K [0x00000000e0c00000, 0x00000000e1710000, 0x00000000eb2a0000)
  eden space 9152K,  22% used [0x00000000e0c00000, 0x00000000e0e05dc0, 0x00000000e14f0000)
  from space 1088K,   0% used [0x00000000e14f0000, 0x00000000e14f0000, 0x00000000e1600000)
  to   space 1088K,   0% used [0x00000000e1600000, 0x00000000e1600000, 0x00000000e1710000)
 tenured generation   total 22616K, used 13567K [0x00000000eb2a0000, 0x00000000ec8b6000, 0x0000000100000000)
   the space 22616K,  59% used [0x00000000eb2a0000, 0x00000000ebfdff88, 0x00000000ebfe0000, 0x00000000ec8b6000)
 Metaspace       used 20867K, capacity 21630K, committed 21808K, reserved 1069056K
  class space    used 2418K, capacity 2664K, committed 2688K, reserved 1048576K

Card table byte_map: [0x00007efde78b3000,0x00007efde79ae000] _byte_map_base: 0x00007efde71ad000

Polling page: 0x00007efe07042000

Metaspace:

Usage:
  Non-class:     18.52 MB capacity,    18.02 MB ( 97%) used,   479.62 KB (  3%) free+waste,    37.31 KB ( <1%) overhead. 
      Class:      2.60 MB capacity,     2.36 MB ( 91%) used,   227.59 KB (  9%) free+waste,    18.00 KB ( <1%) overhead. 
       Both:     21.12 MB capacity,    20.38 MB ( 96%) used,   707.22 KB (  3%) free+waste,    55.31 KB ( <1%) overhead. 

Virtual space:
  Non-class space:       20.00 MB reserved,      18.67 MB ( 93%) committed 
      Class space:        1.00 GB reserved,       2.62 MB ( <1%) committed 
             Both:        1.02 GB reserved,      21.30 MB (  2%) committed 

Chunk freelists:
   Non-Class:  74.00 KB
       Class:  0 bytes
        Both:  74.00 KB

MaxMetaspaceSize: unlimited
CompressedClassSpaceSize: 1.00 GB

CodeHeap 'non-profiled nmethods': size=120036Kb used=1603Kb max_used=1603Kb free=118433Kb
 bounds [0x00007efdef560000, 0x00007efdef7d0000, 0x00007efdf6a99000]
CodeHeap 'profiled nmethods': size=120032Kb used=8388Kb max_used=8388Kb free=111643Kb
 bounds [0x00007efde8028000, 0x00007efde8868000, 0x00007efdef560000]
CodeHeap 'non-nmethods': size=5692Kb used=1149Kb max_used=1162Kb free=4542Kb
 bounds [0x00007efde7a99000, 0x00007efde7d09000, 0x00007efde8028000]
 total_blobs=5341 nmethods=4066 adapters=398
 compilation: enabled
              stopped_count=0, restarted_count=0
 full_count=0

Compilation events (20 events):
Event: 8.336 Thread 0x00007efe00059800 4067       4       java.util.regex.Pattern$Slice::match (79 bytes)
Event: 8.336 Thread 0x00007efe0005b800 4068       3       java.util.regex.Pattern$BmpCharPredicate$$Lambda$4/0x0000000840064840::is (13 bytes)
Event: 8.337 Thread 0x00007efe0005b800 nmethod 4068 0x00007efde8854710 code [0x00007efde8854900, 0x00007efde8854d98]
Event: 8.345 Thread 0x00007efe0005b800 4070   !   3       java.nio.charset.CharsetEncoder::encode (285 bytes)
Event: 8.347 Thread 0x00007efe0005b800 nmethod 4070 0x00007efde8854f10 code [0x00007efde8855220, 0x00007efde8856558]
Event: 8.347 Thread 0x00007efe0005b800 4071       3       sun.nio.cs.UTF_8$Encoder::encodeLoop (28 bytes)
Event: 8.347 Thread 0x00007efe0005b800 nmethod 4071 0x00007efde8856b90 code [0x00007efde8856d80, 0x00007efde88571d8]
Event: 8.348 Thread 0x00007efe00059800 nmethod 4067 0x00007efdef6f0010 code [0x00007efdef6f01c0, 0x00007efdef6f0398]
Event: 8.348 Thread 0x00007efe00059800 4069       4       java.lang.AbstractStringBuilder::getCoder (15 bytes)
Event: 8.348 Thread 0x00007efe00059800 nmethod 4069 0x00007efdef6f0510 code [0x00007efdef6f06a0, 0x00007efdef6f0718]
Event: 8.733 Thread 0x00007efe0005b800 4072       3       java.lang.AbstractStringBuilder::putStringAt (29 bytes)
Event: 8.734 Thread 0x00007efe0005b800 nmethod 4072 0x00007efde8857310 code [0x00007efde8857500, 0x00007efde8857878]
Event: 8.741 Thread 0x00007efe0005b800 4073       3       java.lang.AbstractStringBuilder::append (45 bytes)
Event: 8.741 Thread 0x00007efe0005b800 nmethod 4073 0x00007efde8857990 code [0x00007efde8857bc0, 0x00007efde8858158]
Event: 8.751 Thread 0x00007efe0005b800 4074       3       java.util.regex.Matcher::end (22 bytes)
Event: 8.751 Thread 0x00007efe0005b800 nmethod 4074 0x00007efde8858390 code [0x00007efde8858560, 0x00007efde8858808]
Event: 8.859 Thread 0x00007efe00059800 4075       4       java.nio.CharBuffer::charAt (16 bytes)
Event: 8.861 Thread 0x00007efe00059800 nmethod 4075 0x00007efdef6f0790 code [0x00007efdef6f0920, 0x00007efdef6f0a58]
Event: 8.868 Thread 0x00007efe0005b800 4076       3       java.lang.StringBuilder::toString (35 bytes)
Event: 8.870 Thread 0x00007efe0005b800 nmethod 4076 0x00007efde8858910 code [0x00007efde8858b00, 0x00007efde8858fd8]

GC Heap History (20 events):
Event: 3.509 GC heap before
{Heap before GC invocations=12 (full 0):
 def new generation   total 9792K, used 9679K [0x00000000e0c00000, 0x00000000e16a0000, 0x00000000eb2a0000)
  eden space 8704K, 100% used [0x00000000e0c00000, 0x00000000e1480000, 0x00000000e1480000)
  from space 1088K,  89% used [0x00000000e1480000, 0x00000000e1573c50, 0x00000000e1590000)
  to   space 1088K,   0% used [0x00000000e1590000, 0x00000000e1590000, 0x00000000e16a0000)
 tenured generation   total 21888K, used 7340K [0x00000000eb2a0000, 0x00000000ec800000, 0x0000000100000000)
   the space 21888K,  33% used [0x00000000eb2a0000, 0x00000000eb9cb0c0, 0x00000000eb9cb200, 0x00000000ec800000)
 Metaspace       used 14077K, capacity 15629K, committed 16000K, reserved 1062912K
  class space    used 1609K, capacity 1831K, committed 1920K, reserved 1048576K
}
Event: 3.514 GC heap after
{Heap after GC invocations=13 (full 0):
 def new generation   total 9792K, used 843K [0x00000000e0c00000, 0x00000000e16a0000, 0x00000000eb2a0000)
  eden space 8704K,   0% used [0x00000000e0c00000, 0x00000000e0c00000, 0x00000000e1480000)
  from space 1088K,  77% used [0x00000000e1590000, 0x00000000e1662df0, 0x00000000e16a0000)
  to   space 1088K,   0% used [0x00000000e1480000, 0x00000000e1480000, 0x00000000e1590000)
 tenured generation   total 21888K, used 7800K [0x00000000eb2a0000, 0x00000000ec800000, 0x0000000100000000)
   the space 21888K,  35% used [0x00000000eb2a0000, 0x00000000eba3e398, 0x00000000eba3e400, 0x00000000ec800000)
 Metaspace       used 14077K, capacity 15629K, committed 16000K, reserved 1062912K
  class space    used 1609K, capacity 1831K, committed 1920K, reserved 1048576K
}
Event: 3.701 GC heap before
{Heap before GC invocations=13 (full 0):
 def new generation   total 9792K, used 9547K [0x00000000e0c00000, 0x00000000e16a0000, 0x00000000eb2a0000)
  eden space 8704K, 100% used [0x00000000e0c00000, 0x00000000e1480000, 0x00000000e1480000)
  from space 1088K,  77% used [0x00000000e1590000, 0x00000000e1662df0, 0x00000000e16a0000)
  to   space 1088K,   0% used [0x00000000e1480000, 0x00000000e1480000, 0x00000000e1590000)
 tenured generation   total 21888K, used 7800K [0x00000000eb2a0000, 0x00000000ec800000, 0x0000000100000000)
   the space 21888K,  35% used [0x00000000eb2a0000, 0x00000000eba3e398, 0x00000000eba3e400, 0x00000000ec800000)
 Metaspace       used 14482K, capacity 15985K, committed 16256K, reserved 1062912K
  class space    used 1638K, capacity 1867K, committed 1920K, reserved 1048576K
}
Event: 3.706 GC heap after
{Heap after GC invocations=14 (full 0):
 def new generation   total 9792K, used 987K [0x00000000e0c00000, 0x00000000e16a0000, 0x00000000eb2a0000)
  eden space 8704K,   0% used [0x00000000e0c00000, 0x00000000e0c00000, 0x00000000e1480000)
  from space 1088K,  90% used [0x00000000e1480000, 0x00000000e1576dc8, 0x00000000e1590000)
  to   space 1088K,   0% used [0x00000000e1590000, 0x00000000e1590000, 0x00000000e16a0000)
 tenured generation   total 21888K, used 8175K [0x00000000eb2a0000, 0x00000000ec800000, 0x0000000100000000)
   the space 21888K,  37% used [0x00000000eb2a0000, 0x00000000eba9bf10, 0x00000000eba9c000, 0x00000000ec800000)
 Metaspace       used 14482K, capacity 15985K, committed 16256K, reserved 1062912K
  class space    used 1638K, capacity 1867K, committed 1920K, reserved 1048576K
}
Event: 3.881 GC heap before
{Heap before GC invocations=14 (full 0):
 def new generation   total 9792K, used 9691K [0x00000000e0c00000, 0x00000000e16a0000, 0x00000000eb2a0000)
  eden space 8704K, 100% used [0x00000000e0c00000, 0x00000000e1480000, 0x00000000e1480000)
  from space 1088K,  90% used [0x00000000e1480000, 0x00000000e1576dc8, 0x00000000e1590000)
  to   space 1088K,   0% used [0x00000000e1590000, 0x00000000e1590000, 0x00000000e16a0000)
 tenured generation   total 21888K, used 8175K [0x00000000eb2a0000, 0x00000000ec800000, 0x0000000100000000)
   the space 21888K,  37% used [0x00000000eb2a0000, 0x00000000eba9bf10, 0x00000000eba9c000, 0x00000000ec800000)
 Metaspace       used 14867K, capacity 16358K, committed 16768K, reserved 1064960K
  class space    used 1665K, capacity 1902K, committed 1920K, reserved 1048576K
}
Event: 3.885 GC heap after
{Heap after GC invocations=15 (full 0):
 def new generation   total 9792K, used 526K [0x00000000e0c00000, 0x00000000e16a0000, 0x00000000eb2a0000)
  eden space 8704K,   0% used [0x00000000e0c00000, 0x00000000e0c00000, 0x00000000e1480000)
  from space 1088K,  48% used [0x00000000e1590000, 0x00000000e16138d0, 0x00000000e16a0000)
  to   space 1088K,   0% used [0x00000000e1480000, 0x00000000e1480000, 0x00000000e1590000)
 tenured generation   total 21888K, used 9120K [0x00000000eb2a0000, 0x00000000ec800000, 0x0000000100000000)
   the space 21888K,  41% used [0x00000000eb2a0000, 0x00000000ebb881f8, 0x00000000ebb88200, 0x00000000ec800000)
 Metaspace       used 14867K, capacity 16358K, committed 16768K, reserved 1064960K
  class space    used 1665K, capacity 1902K, committed 1920K, reserved 1048576K
}
Event: 4.014 GC heap before
{Heap before GC invocations=15 (full 0):
 def new generation   total 9792K, used 9230K [0x00000000e0c00000, 0x00000000e16a0000, 0x00000000eb2a0000)
  eden space 8704K, 100% used [0x00000000e0c00000, 0x00000000e1480000, 0x00000000e1480000)
  from space 1088K,  48% used [0x00000000e1590000, 0x00000000e16138d0, 0x00000000e16a0000)
  to   space 1088K,   0% used [0x00000000e1480000, 0x00000000e1480000, 0x00000000e1590000)
 tenured generation   total 21888K, used 9120K [0x00000000eb2a0000, 0x00000000ec800000, 0x0000000100000000)
   the space 21888K,  41% used [0x00000000eb2a0000, 0x00000000ebb881f8, 0x00000000ebb88200, 0x00000000ec800000)
 Metaspace       used 15520K, capacity 17138K, committed 17536K, reserved 1064960K
  class space    used 1785K, capacity 2078K, committed 2176K, reserved 1048576K
}
Event: 4.017 GC heap after
{Heap after GC invocations=16 (full 0):
 def new generation   total 9792K, used 960K [0x00000000e0c00000, 0x00000000e16a0000, 0x00000000eb2a0000)
  eden space 8704K,   0% used [0x00000000e0c00000, 0x00000000e0c00000, 0x00000000e1480000)
  from space 1088K,  88% used [0x00000000e1480000, 0x00000000e15700e8, 0x00000000e1590000)
  to   space 1088K,   0% used [0x00000000e1590000, 0x00000000e1590000, 0x00000000e16a0000)
 tenured generation   total 21888K, used 9120K [0x00000000eb2a0000, 0x00000000ec800000, 0x0000000100000000)
   the space 21888K,  41% used [0x00000000eb2a0000, 0x00000000ebb881f8, 0x00000000ebb88200, 0x00000000ec800000)
 Metaspace       used 15520K, capacity 17138K, committed 17536K, reserved 1064960K
  class space    used 1785K, capacity 2078K, committed 2176K, reserved 1048576K
}
Event: 4.431 GC heap before
{Heap before GC invocations=16 (full 0):
 def new generation   total 9792K, used 9664K [0x00000000e0c00000, 0x00000000e16a0000, 0x00000000eb2a0000)
  eden space 8704K, 100% used [0x00000000e0c00000, 0x00000000e1480000, 0x00000000e1480000)
  from space 1088K,  88% used [0x00000000e1480000, 0x00000000e15700e8, 0x00000000e1590000)
  to   space 1088K,   0% used [0x00000000e1590000, 0x00000000e1590000, 0x00000000e16a0000)
 tenured generation   total 21888K, used 9120K [0x00000000eb2a0000, 0x00000000ec800000, 0x0000000100000000)
   the space 21888K,  41% used [0x00000000eb2a0000, 0x00000000ebb881f8, 0x00000000ebb88200, 0x00000000ec800000)
 Metaspace       used 17339K, capacity 18321K, committed 18432K, reserved 1064960K
  class space    used 2004K, capacity 2261K, committed 2304K, reserved 1048576K
}
Event: 4.437 GC heap after
{Heap after GC invocations=17 (full 0):
 def new generation   total 9792K, used 1088K [0x00000000e0c00000, 0x00000000e16a0000, 0x00000000eb2a0000)
  eden space 8704K,   0% used [0x00000000e0c00000, 0x00000000e0c00000, 0x00000000e1480000)
  from space 1088K, 100% used [0x00000000e1590000, 0x00000000e16a0000, 0x00000000e16a0000)
  to   space 1088K,   0% used [0x00000000e1480000, 0x00000000e1480000, 0x00000000e1590000)
 tenured generation   total 21888K, used 9610K [0x00000000eb2a0000, 0x00000000ec800000, 0x0000000100000000)
   the space 21888K,  43% used [0x00000000eb2a0000, 0x00000000ebc02bc8, 0x00000000ebc02c00, 0x00000000ec800000)
 Metaspace       used 17339K, capacity 18321K, committed 18432K, reserved 1064960K
  class space    used 2004K, capacity 2261K, committed 2304K, reserved 1048576K
}
Event: 4.738 GC heap before
{Heap before GC invocations=17 (full 0):
 def new generation   total 9792K, used 9792K [0x00000000e0c00000, 0x00000000e16a0000, 0x00000000eb2a0000)
  eden space 8704K, 100% used [0x00000000e0c00000, 0x00000000e1480000, 0x00000000e1480000)
  from space 1088K, 100% used [0x00000000e1590000, 0x00000000e16a0000, 0x00000000e16a0000)
  to   space 1088K,   0% used [0x00000000e1480000, 0x00000000e1480000, 0x00000000e1590000)
 tenured generation   total 21888K, used 9610K [0x00000000eb2a0000, 0x00000000ec800000, 0x0000000100000000)
   the space 21888K,  43% used [0x00000000eb2a0000, 0x00000000ebc02bc8, 0x00000000ebc02c00, 0x00000000ec800000)
 Metaspace       used 17608K, capacity 18482K, committed 18688K, reserved 1064960K
  class space    used 2029K, capacity 2271K, committed 2304K, reserved 1048576K
}
Event: 4.743 GC heap after
{Heap after GC invocations=18 (full 0):
 def new generation   total 9792K, used 822K [0x00000000e0c00000, 0x00000000e16a0000, 0x00000000eb2a0000)
  eden space 8704K,   0% used [0x00000000e0c00000, 0x00000000e0c00000, 0x00000000e1480000)
  from space 1088K,  75% used [0x00000000e1480000, 0x00000000e154db28, 0x00000000e1590000)
  to   space 1088K,   0% used [0x00000000e1590000, 0x00000000e1590000, 0x00000000e16a0000)
 tenured generation   total 21888K, used 10665K [0x00000000eb2a0000, 0x00000000ec800000, 0x0000000100000000)
   the space 21888K,  48% used [0x00000000eb2a0000, 0x00000000ebd0a730, 0x00000000ebd0a800, 0x00000000ec800000)
 Metaspace       used 17608K, capacity 18482K, committed 18688K, reserved 1064960K
  class space    used 2029K, capacity 2271K, committed 2304K, reserved 1048576K
}
Event: 5.024 GC heap before
{Heap before GC invocations=18 (full 0):
 def new generation   total 9792K, used 9526K [0x00000000e0c00000, 0x00000000e16a0000, 0x00000000eb2a0000)
  eden space 8704K, 100% used [0x00000000e0c00000, 0x00000000e1480000, 0x00000000e1480000)
  from space 1088K,  75% used [0x00000000e1480000, 0x00000000e154db28, 0x00000000e1590000)
  to   space 1088K,   0% used [0x00000000e1590000, 0x00000000e1590000, 0x00000000e16a0000)
 tenured generation   total 21888K, used 10665K [0x00000000eb2a0000, 0x00000000ec800000, 0x0000000100000000)
   the space 21888K,  48% used [0x00000000eb2a0000, 0x00000000ebd0a730, 0x00000000ebd0a800, 0x00000000ec800000)
 Metaspace       used 17728K, capacity 18553K, committed 18688K, reserved 1064960K
  class space    used 2031K, capacity 2273K, committed 2304K, reserved 1048576K
}
Event: 5.035 GC heap after
{Heap after GC invocations=19 (full 0):
 def new generation   total 9792K, used 587K [0x00000000e0c00000, 0x00000000e16a0000, 0x00000000eb2a0000)
  eden space 8704K,   0% used [0x00000000e0c00000, 0x00000000e0c00000, 0x00000000e1480000)
  from space 1088K,  53% used [0x00000000e1590000, 0x00000000e1622cd0, 0x00000000e16a0000)
  to   space 1088K,   0% used [0x00000000e1480000, 0x00000000e1480000, 0x00000000e1590000)
 tenured generation   total 21888K, used 11476K [0x00000000eb2a0000, 0x00000000ec800000, 0x0000000100000000)
   the space 21888K,  52% used [0x00000000eb2a0000, 0x00000000ebdd5108, 0x00000000ebdd5200, 0x00000000ec800000)
 Metaspace       used 17728K, capacity 18553K, committed 18688K, reserved 1064960K
  class space    used 2031K, capacity 2273K, committed 2304K, reserved 1048576K
}
Event: 5.228 GC heap before
{Heap before GC invocations=19 (full 0):
 def new generation   total 9792K, used 9291K [0x00000000e0c00000, 0x00000000e16a0000, 0x00000000eb2a0000)
  eden space 8704K, 100% used [0x00000000e0c00000, 0x00000000e1480000, 0x00000000e1480000)
  from space 1088K,  53% used [0x00000000e1590000, 0x00000000e1622cd0, 0x00000000e16a0000)
  to   space 1088K,   0% used [0x00000000e1480000, 0x00000000e1480000, 0x00000000e1590000)
 tenured generation   total 21888K, used 11476K [0x00000000eb2a0000, 0x00000000ec800000, 0x0000000100000000)
   the space 21888K,  52% used [0x00000000eb2a0000, 0x00000000ebdd5108, 0x00000000ebdd5200, 0x00000000ec800000)
 Metaspace       used 17886K, capacity 18738K, committed 19072K, reserved 1067008K
  class space    used 2047K, capacity 2313K, committed 2432K, reserved 1048576K
}
Event: 5.252 GC heap after
{Heap after GC invocations=20 (full 0):
 def new generation   total 9792K, used 489K [0x00000000e0c00000, 0x00000000e16a0000, 0x00000000eb2a0000)
  eden space 8704K,   0% used [0x00000000e0c00000, 0x00000000e0c00000, 0x00000000e1480000)
  from space 1088K,  44% used [0x00000000e1480000, 0x00000000e14fa418, 0x00000000e1590000)
  to   space 1088K,   0% used [0x00000000e1590000, 0x00000000e1590000, 0x00000000e16a0000)
 tenured generation   total 21888K, used 11900K [0x00000000eb2a0000, 0x00000000ec800000, 0x0000000100000000)
   the space 21888K,  54% used [0x00000000eb2a0000, 0x00000000ebe3f170, 0x00000000ebe3f200, 0x00000000ec800000)
 Metaspace       used 17886K, capacity 18738K, committed 19072K, reserved 1067008K
  class space    used 2047K, capacity 2313K, committed 2432K, reserved 1048576K
}
Event: 5.990 GC heap before
{Heap before GC invocations=20 (full 0):
 def new generation   total 9792K, used 9193K [0x00000000e0c00000, 0x00000000e16a0000, 0x00000000eb2a0000)
  eden space 8704K, 100% used [0x00000000e0c00000, 0x00000000e1480000, 0x00000000e1480000)
  from space 1088K,  44% used [0x00000000e1480000, 0x00000000e14fa418, 0x00000000e1590000)
  to   space 1088K,   0% used [0x00000000e1590000, 0x00000000e1590000, 0x00000000e16a0000)
 tenured generation   total 21888K, used 11900K [0x00000000eb2a0000, 0x00000000ec800000, 0x0000000100000000)
   the space 21888K,  54% used [0x00000000eb2a0000, 0x00000000ebe3f170, 0x00000000ebe3f200, 0x00000000ec800000)
 Metaspace       used 18944K, capacity 19730K, committed 19840K, reserved 1067008K
  class space    used 2197K, capacity 2429K, committed 2432K, reserved 1048576K
}
Event: 5.993 GC heap after
{Heap after GC invocations=21 (full 0):
 def new generation   total 9792K, used 1088K [0x00000000e0c00000, 0x00000000e16a0000, 0x00000000eb2a0000)
  eden space 8704K,   0% used [0x00000000e0c00000, 0x00000000e0c00000, 0x00000000e1480000)
  from space 1088K, 100% used [0x00000000e1590000, 0x00000000e16a0000, 0x00000000e16a0000)
  to   space 1088K,   0% used [0x00000000e1480000, 0x00000000e1480000, 0x00000000e1590000)
 tenured generation   total 21888K, used 12242K [0x00000000eb2a0000, 0x00000000ec800000, 0x0000000100000000)
   the space 21888K,  55% used [0x00000000eb2a0000, 0x00000000ebe94978, 0x00000000ebe94a00, 0x00000000ec800000)
 Metaspace       used 18944K, capacity 19730K, committed 19840K, reserved 1067008K
  class space    used 2197K, capacity 2429K, committed 2432K, reserved 1048576K
}
Event: 6.721 GC heap before
{Heap before GC invocations=21 (full 0):
 def new generation   total 9792K, used 3214K [0x00000000e0c00000, 0x00000000e16a0000, 0x00000000eb2a0000)
  eden space 8704K,  24% used [0x00000000e0c00000, 0x00000000e0e13a20, 0x00000000e1480000)
  from space 1088K, 100% used [0x00000000e1590000, 0x00000000e16a0000, 0x00000000e16a0000)
  to   space 1088K,   0% used [0x00000000e1480000, 0x00000000e1480000, 0x00000000e1590000)
 tenured generation   total 21888K, used 12242K [0x00000000eb2a0000, 0x00000000ec800000, 0x0000000100000000)
   the space 21888K,  55% used [0x00000000eb2a0000, 0x00000000ebe94978, 0x00000000ebe94a00, 0x00000000ec800000)
 Metaspace       used 20365K, capacity 21033K, committed 21296K, reserved 1069056K
  class space    used 2350K, capacity 2570K, committed 2688K, reserved 1048576K
}
Event: 6.763 GC heap after
{Heap after GC invocations=22 (full 1):
 def new generation   total 10240K, used 0K [0x00000000e0c00000, 0x00000000e1710000, 0x00000000eb2a0000)
  eden space 9152K,   0% used [0x00000000e0c00000, 0x00000000e0c00000, 0x00000000e14f0000)
  from space 1088K,   0% used [0x00000000e14f0000, 0x00000000e14f0000, 0x00000000e1600000)
  to   space 1088K,   0% used [0x00000000e1600000, 0x00000000e1600000, 0x00000000e1710000)
 tenured generation   total 22616K, used 13567K [0x00000000eb2a0000, 0x00000000ec8b6000, 0x0000000100000000)
   the space 22616K,  59% used [0x00000000eb2a0000, 0x00000000ebfdff88, 0x00000000ebfe0000, 0x00000000ec8b6000)
 Metaspace       used 20365K, capacity 21033K, committed 21296K, reserved 1069056K
  class space    used 2350K, capacity 2570K, committed 2688K, reserved 1048576K
}

Deoptimization events (20 events):
Event: 7.695 Thread 0x00007efe00fb9800 Uncommon trap: trap_request=0xffffffc6 fr.pc=0x00007efdef686a8c relative=0x00000000000000cc
Event: 7.695 Thread 0x00007efe00fb9800 Uncommon trap: reason=bimorphic_or_optimized_type_check action=maybe_recompile pc=0x00007efdef686a8c method=java.lang.Character.codePointBefore(Ljava/lang/CharSequence;I)I @ 5 c2
Event: 7.695 Thread 0x00007efe00fb9800 DEOPT PACKING pc=0x00007efdef686a8c sp=0x00007efde51075b0
Event: 7.695 Thread 0x00007efe00fb9800 DEOPT UNPACKING pc=0x00007efde7ac13a5 sp=0x00007efde5107568 mode 2
Event: 7.695 Thread 0x00007efe00fb9800 Uncommon trap: trap_request=0xffffffc6 fr.pc=0x00007efdef686a8c relative=0x00000000000000cc
Event: 7.695 Thread 0x00007efe00fb9800 Uncommon trap: reason=bimorphic_or_optimized_type_check action=maybe_recompile pc=0x00007efdef686a8c method=java.lang.Character.codePointBefore(Ljava/lang/CharSequence;I)I @ 5 c2
Event: 7.695 Thread 0x00007efe00fb9800 DEOPT PACKING pc=0x00007efdef686a8c sp=0x00007efde51075b0
Event: 7.695 Thread 0x00007efe00fb9800 DEOPT UNPACKING pc=0x00007efde7ac13a5 sp=0x00007efde5107568 mode 2
Event: 7.695 Thread 0x00007efe00fb9800 Uncommon trap: trap_request=0xffffffc6 fr.pc=0x00007efdef686a8c relative=0x00000000000000cc
Event: 7.695 Thread 0x00007efe00fb9800 Uncommon trap: reason=bimorphic_or_optimized_type_check action=maybe_recompile pc=0x00007efdef686a8c method=java.lang.Character.codePointBefore(Ljava/lang/CharSequence;I)I @ 5 c2
Event: 7.695 Thread 0x00007efe00fb9800 DEOPT PACKING pc=0x00007efdef686a8c sp=0x00007efde51075b0
Event: 7.695 Thread 0x00007efe00fb9800 DEOPT UNPACKING pc=0x00007efde7ac13a5 sp=0x00007efde5107568 mode 2
Event: 7.695 Thread 0x00007efe00fb9800 Uncommon trap: trap_request=0xffffffc6 fr.pc=0x00007efdef686a8c relative=0x00000000000000cc
Event: 7.695 Thread 0x00007efe00fb9800 Uncommon trap: reason=bimorphic_or_optimized_type_check action=maybe_recompile pc=0x00007efdef686a8c method=java.lang.Character.codePointBefore(Ljava/lang/CharSequence;I)I @ 5 c2
Event: 7.695 Thread 0x00007efe00fb9800 DEOPT PACKING pc=0x00007efdef686a8c sp=0x00007efde51075b0
Event: 7.695 Thread 0x00007efe00fb9800 DEOPT UNPACKING pc=0x00007efde7ac13a5 sp=0x00007efde5107568 mode 2
Event: 7.695 Thread 0x00007efe00fb9800 Uncommon trap: trap_request=0xffffffbe fr.pc=0x00007efdef6ece6c relative=0x000000000000056c
Event: 7.695 Thread 0x00007efe00fb9800 Uncommon trap: reason=profile_predicate action=maybe_recompile pc=0x00007efdef6ece6c method=java.util.regex.Pattern$CharPropertyGreedy.match(Ljava/util/regex/Matcher;ILjava/lang/CharSequence;)Z @ 70 c2
Event: 7.695 Thread 0x00007efe00fb9800 DEOPT PACKING pc=0x00007efdef6ece6c sp=0x00007efde5107640
Event: 7.695 Thread 0x00007efe00fb9800 DEOPT UNPACKING pc=0x00007efde7ac13a5 sp=0x00007efde51075f0 mode 2

Classes redefined (0 events):
No events

Internal exceptions (18 events):
Event: 0.163 Thread 0x00007efe00014000 Exception <a 'java/lang/NoSuchMethodError'{0x00000000e0f1dc18}: 'int java.lang.invoke.DirectMethodHandle$Holder.invokeSpecialIFC(java.lang.Object, java.lang.Object, int)'> (0x00000000e0f1dc18) thrown at [/build/openjdk-11-11.0.6+10/src/hotspot/share/inter
Event: 1.934 Thread 0x00007efe00014000 Exception <a 'java/lang/NoClassDefFoundError'{0x00000000e0faaee8}: com/google/inject/servlet/ServletModuleTargetVisitor> (0x00000000e0faaee8) thrown at [/build/openjdk-11-11.0.6+10/src/hotspot/share/classfile/systemDictionary.cpp, line 220]
Event: 1.934 Thread 0x00007efe00014000 Exception <a 'java/lang/NoClassDefFoundError'{0x00000000e0faaee8}> (0x00000000e0faaee8) thrown at [/build/openjdk-11-11.0.6+10/src/hotspot/share/prims/jvm.cpp, line 1301]
Event: 1.934 Thread 0x00007efe00014000 Exception <a 'java/lang/NoClassDefFoundError'{0x00000000e0fadaf0}: javax/annotation/Priority> (0x00000000e0fadaf0) thrown at [/build/openjdk-11-11.0.6+10/src/hotspot/share/classfile/systemDictionary.cpp, line 220]
Event: 2.544 Thread 0x00007efe00014000 Implicit null exception at 0x00007efdef5c4f05 to 0x00007efdef5c50ca
Event: 2.544 Thread 0x00007efe00014000 Implicit null exception at 0x00007efdef5d124b to 0x00007efdef5d16f6
Event: 4.112 Thread 0x00007efe00014000 Exception <a 'java/lang/NoSuchMethodError'{0x00000000e0d532a0}: 'java.lang.Object java.lang.invoke.DirectMethodHandle$Holder.invokeStatic(java.lang.Object, java.lang.Object, java.lang.Object, java.lang.Object, java.lang.Object, java.lang.Object, java.lang
Event: 4.115 Thread 0x00007efe00014000 Exception <a 'java/lang/NoSuchMethodError'{0x00000000e0d612e0}: 'java.lang.Object java.lang.invoke.DirectMethodHandle$Holder.invokeStatic(java.lang.Object, java.lang.Object, java.lang.Object, java.lang.Object, java.lang.Object, java.lang.Object, java.lang
Event: 4.116 Thread 0x00007efe00014000 Exception <a 'java/lang/NoSuchMethodError'{0x00000000e0d6f448}: 'java.lang.Object java.lang.invoke.DirectMethodHandle$Holder.invokeSpecial(java.lang.Object, java.lang.Object, int, int, java.lang.Object, java.lang.Object, java.lang.Object)'> (0x00000000e0d
Event: 4.117 Thread 0x00007efe00014000 Exception <a 'java/lang/NoSuchMethodError'{0x00000000e0d72c80}: 'java.lang.Object java.lang.invoke.DelegatingMethodHandle$Holder.reinvoke_L(java.lang.Object, int, int, java.lang.Object, java.lang.Object, java.lang.Object)'> (0x00000000e0d72c80) thrown at 
Event: 4.117 Thread 0x00007efe00014000 Exception <a 'java/lang/NoSuchMethodError'{0x00000000e0d772b0}: 'java.lang.Object java.lang.invoke.DirectMethodHandle$Holder.invokeStatic(java.lang.Object, java.lang.Object, java.lang.Object, java.lang.Object, int)'> (0x00000000e0d772b0) thrown at [/build
Event: 4.479 Thread 0x00007efe00014000 Exception <a 'java/lang/NoSuchMethodError'{0x00000000e0c94520}: 'java.lang.Object java.lang.invoke.DirectMethodHandle$Holder.invokeStatic(java.lang.Object, int, java.lang.Object)'> (0x00000000e0c94520) thrown at [/build/openjdk-11-11.0.6+10/src/hotspot/sh
Event: 5.394 Thread 0x00007efe00014000 Exception <a 'java/lang/NoSuchMethodError'{0x00000000e1194a80}: 'java.lang.Object java.lang.invoke.DirectMethodHandle$Holder.invokeStaticInit(java.lang.Object, java.lang.Object, long, java.lang.Object)'> (0x00000000e1194a80) thrown at [/build/openjdk-11-1
Event: 5.397 Thread 0x00007efe00014000 Exception <a 'java/lang/NoSuchMethodError'{0x00000000e11a0be0}: 'java.lang.Object java.lang.invoke.Invokers$Holder.linkToTargetMethod(java.lang.Object, long, java.lang.Object)'> (0x00000000e11a0be0) thrown at [/build/openjdk-11-11.0.6+10/src/hotspot/share
Event: 5.402 Thread 0x00007efe00014000 Exception <a 'java/lang/NoSuchMethodError'{0x00000000e11a7930}: 'java.lang.Object java.lang.invoke.DirectMethodHandle$Holder.invokeStatic(java.lang.Object, java.lang.Object, java.lang.Object, int)'> (0x00000000e11a7930) thrown at [/build/openjdk-11-11.0.6
Event: 5.417 Thread 0x00007efe00014000 Exception <a 'java/lang/NoSuchMethodError'{0x00000000e11ab2f8}: 'java.lang.Object java.lang.invoke.DirectMethodHandle$Holder.invokeSpecial(java.lang.Object, java.lang.Object, java.lang.Object, java.lang.Object, int)'> (0x00000000e11ab2f8) thrown at [/buil
Event: 5.418 Thread 0x00007efe00014000 Exception <a 'java/lang/NoSuchMethodError'{0x00000000e11ae628}: 'java.lang.Object java.lang.invoke.Invokers$Holder.linkToTargetMethod(java.lang.Object, java.lang.Object, int, java.lang.Object)'> (0x00000000e11ae628) thrown at [/build/openjdk-11-11.0.6+10/
Event: 6.798 Thread 0x00007efe00014000 Exception <a 'java/lang/ClassNotFoundException'{0x00000000e0d49fb8}: sun/util/logging/resources/spi/loggingProvider> (0x00000000e0d49fb8) thrown at [/build/openjdk-11-11.0.6+10/src/hotspot/share/classfile/systemDictionary.cpp, line 231]

Events (20 events):
Event: 6.799 loading class sun/util/logging/resources/logging_en
Event: 6.799 loading class sun/util/logging/resources/logging_en done
Event: 6.800 loading class sun/util/logging/resources/logging_en_US
Event: 6.800 loading class sun/util/logging/resources/logging_en_US done
Event: 6.800 loading class sun/util/logging/resources/logging_en_US
Event: 6.800 loading class sun/util/logging/resources/logging_en_US done
Event: 6.805 loading class java/util/Scanner
Event: 6.805 loading class java/util/Scanner done
Event: 6.807 loading class java/util/Scanner$PatternLRUCache
Event: 6.807 loading class java/util/Scanner$PatternLRUCache done
Event: 6.808 Thread 0x00007efe00f74000 Thread added: 0x00007efe00f74000
Event: 6.809 Thread 0x00007efe00fb9800 Thread added: 0x00007efe00fb9800
Event: 6.810 Protecting memory [0x00007efde5008000,0x00007efde500c000] with protection modes 0
Event: 6.810 Protecting memory [0x00007efde5109000,0x00007efde510d000] with protection modes 0
Event: 7.161 loading class java/util/regex/Matcher$ImmutableMatchResult
Event: 7.161 loading class java/util/regex/Matcher$ImmutableMatchResult done
Event: 7.161 loading class org/apache/maven/plugin/logging/Log
Event: 7.161 loading class org/apache/maven/plugin/logging/Log done
Event: 7.161 loading class org/apache/maven/plugin/logging/Log
Event: 7.161 loading class org/apache/maven/plugin/logging/Log done


Dynamic libraries:
e0c00000-e1710000 rw-p 00000000 00:00 0 
e1710000-eb2a0000 ---p 00000000 00:00 0 
eb2a0000-ec8b6000 rw-p 00000000 00:00 0 
ec8b6000-100000000 ---p 00000000 00:00 0 
800000000-800002000 rwxp 00001000 08:01 2118409                          /usr/lib/jvm/java-11-openjdk-amd64/lib/server/classes.jsa
800002000-8003b7000 rw-p 00003000 08:01 2118409                          /usr/lib/jvm/java-11-openjdk-amd64/lib/server/classes.jsa
8003b7000-800a8a000 r--p 003b8000 08:01 2118409                          /usr/lib/jvm/java-11-openjdk-amd64/lib/server/classes.jsa
800a8a000-800a8b000 rw-p 00a8b000 08:01 2118409                          /usr/lib/jvm/java-11-openjdk-amd64/lib/server/classes.jsa
800a8b000-801095000 r--p 00a8c000 08:01 2118409                          /usr/lib/jvm/java-11-openjdk-amd64/lib/server/classes.jsa
840000000-8402a0000 rw-p 00000000 00:00 0 
8402a0000-880000000 ---p 00000000 00:00 0 
55796916b000-55796916c000 r-xp 00000000 08:01 2118040                    /usr/lib/jvm/java-11-openjdk-amd64/bin/java
55796936c000-55796936d000 r--p 00001000 08:01 2118040                    /usr/lib/jvm/java-11-openjdk-amd64/bin/java
55796936d000-55796936e000 rw-p 00002000 08:01 2118040                    /usr/lib/jvm/java-11-openjdk-amd64/bin/java
557969fbf000-55796a001000 rw-p 00000000 00:00 0                          [heap]
7efdb0000000-7efdb0021000 rw-p 00000000 00:00 0 
7efdb0021000-7efdb4000000 ---p 00000000 00:00 0 
7efdb4000000-7efdb4021000 rw-p 00000000 00:00 0 
7efdb4021000-7efdb8000000 ---p 00000000 00:00 0 
7efdb8000000-7efdb8021000 rw-p 00000000 00:00 0 
7efdb8021000-7efdbc000000 ---p 00000000 00:00 0 
7efdbc000000-7efdbc021000 rw-p 00000000 00:00 0 
7efdbc021000-7efdc0000000 ---p 00000000 00:00 0 
7efdc0000000-7efdc0021000 rw-p 00000000 00:00 0 
7efdc0021000-7efdc4000000 ---p 00000000 00:00 0 
7efdc4000000-7efdc4021000 rw-p 00000000 00:00 0 
7efdc4021000-7efdc8000000 ---p 00000000 00:00 0 
7efdc8000000-7efdc8433000 rw-p 00000000 00:00 0 
7efdc8433000-7efdcc000000 ---p 00000000 00:00 0 
7efdcc000000-7efdcc021000 rw-p 00000000 00:00 0 
7efdcc021000-7efdd0000000 ---p 00000000 00:00 0 
7efdd0000000-7efdd0021000 rw-p 00000000 00:00 0 
7efdd0021000-7efdd4000000 ---p 00000000 00:00 0 
7efdd4000000-7efdd44fc000 rw-p 00000000 00:00 0 
7efdd44fc000-7efdd8000000 ---p 00000000 00:00 0 
7efdd8000000-7efdd8021000 rw-p 00000000 00:00 0 
7efdd8021000-7efddc000000 ---p 00000000 00:00 0 
7efddc000000-7efddc021000 rw-p 00000000 00:00 0 
7efddc021000-7efde0000000 ---p 00000000 00:00 0 
7efde0000000-7efde0029000 rw-p 00000000 00:00 0 
7efde0029000-7efde4000000 ---p 00000000 00:00 0 
7efde4e08000-7efde4eb4000 rw-p 00000000 00:00 0 
7efde4eb4000-7efde5008000 ---p 00000000 00:00 0 
7efde5008000-7efde500c000 ---p 00000000 00:00 0 
7efde500c000-7efde5109000 rw-p 00000000 00:00 0 
7efde5109000-7efde510d000 ---p 00000000 00:00 0 
7efde510d000-7efde520a000 rw-p 00000000 00:00 0 
7efde520a000-7efde520e000 ---p 00000000 00:00 0 
7efde520e000-7efde542c000 rw-p 00000000 00:00 0 
7efde542c000-7efde562c000 rw-p 00000000 00:00 0 
7efde562c000-7efde582c000 rw-p 00000000 00:00 0 
7efde582c000-7efde5a2c000 rw-p 00000000 00:00 0 
7efde5a2c000-7efde5c2c000 rw-p 00000000 00:00 0 
7efde5c2c000-7efde5c2e000 r-xp 00000000 08:01 1843038                    /lib/x86_64-linux-gnu/libutil-2.24.so
7efde5c2e000-7efde5e2d000 ---p 00002000 08:01 1843038                    /lib/x86_64-linux-gnu/libutil-2.24.so
7efde5e2d000-7efde5e2e000 r--p 00001000 08:01 1843038                    /lib/x86_64-linux-gnu/libutil-2.24.so
7efde5e2e000-7efde5e2f000 rw-p 00002000 08:01 1843038                    /lib/x86_64-linux-gnu/libutil-2.24.so
7efde5e2f000-7efde5e32000 r-xp 00000000 08:01 1993728                    /opt/maven/lib/jansi-native/linux64/libjansi.so
7efde5e32000-7efde6031000 ---p 00003000 08:01 1993728                    /opt/maven/lib/jansi-native/linux64/libjansi.so
7efde6031000-7efde6032000 rw-p 00002000 08:01 1993728                    /opt/maven/lib/jansi-native/linux64/libjansi.so
7efde6032000-7efde6063000 rw-p 00000000 00:00 0 
7efde6063000-7efde6079000 r-xp 00000000 08:01 2118388                    /usr/lib/jvm/java-11-openjdk-amd64/lib/libnet.so
7efde6079000-7efde6278000 ---p 00016000 08:01 2118388                    /usr/lib/jvm/java-11-openjdk-amd64/lib/libnet.so
7efde6278000-7efde6279000 r--p 00015000 08:01 2118388                    /usr/lib/jvm/java-11-openjdk-amd64/lib/libnet.so
7efde6279000-7efde627a000 rw-p 00016000 08:01 2118388                    /usr/lib/jvm/java-11-openjdk-amd64/lib/libnet.so
7efde627a000-7efde628a000 r-xp 00000000 08:01 2118389                    /usr/lib/jvm/java-11-openjdk-amd64/lib/libnio.so
7efde628a000-7efde6489000 ---p 00010000 08:01 2118389                    /usr/lib/jvm/java-11-openjdk-amd64/lib/libnio.so
7efde6489000-7efde648a000 r--p 0000f000 08:01 2118389                    /usr/lib/jvm/java-11-openjdk-amd64/lib/libnio.so
7efde648a000-7efde648b000 rw-p 00010000 08:01 2118389                    /usr/lib/jvm/java-11-openjdk-amd64/lib/libnio.so
7efde648b000-7efde648f000 ---p 00000000 00:00 0 
7efde648f000-7efde658c000 rw-p 00000000 00:00 0 
7efde658c000-7efde658d000 ---p 00000000 00:00 0 
7efde658d000-7efde668e000 rw-p 00000000 00:00 0 
7efde668e000-7efde6692000 ---p 00000000 00:00 0 
7efde6692000-7efde678f000 rw-p 00000000 00:00 0 
7efde678f000-7efde6793000 ---p 00000000 00:00 0 
7efde6793000-7efde6890000 rw-p 00000000 00:00 0 
7efde6890000-7efde6894000 ---p 00000000 00:00 0 
7efde6894000-7efde6991000 rw-p 00000000 00:00 0 
7efde6991000-7efde6995000 ---p 00000000 00:00 0 
7efde6995000-7efde6a92000 rw-p 00000000 00:00 0 
7efde6a92000-7efde6a96000 ---p 00000000 00:00 0 
7efde6a96000-7efde6b93000 rw-p 00000000 00:00 0 
7efde6b93000-7efde6d2e000 r--p 00000000 08:01 1850658                    /usr/lib/locale/locale-archive
7efde6d2e000-7efde6d32000 ---p 00000000 00:00 0 
7efde6d32000-7efde6e2f000 rw-p 00000000 00:00 0 
7efde6e2f000-7efde6e33000 ---p 00000000 00:00 0 
7efde6e33000-7efde6f30000 rw-p 00000000 00:00 0 
7efde6f30000-7efde6f31000 ---p 00000000 00:00 0 
7efde6f31000-7efde78b3000 rw-p 00000000 00:00 0 
7efde78b3000-7efde78b9000 rw-p 00000000 00:00 0 
7efde78b9000-7efde7906000 ---p 00000000 00:00 0 
7efde7906000-7efde7912000 rw-p 00000000 00:00 0 
7efde7912000-7efde79ad000 ---p 00000000 00:00 0 
7efde79ad000-7efde79b3000 rw-p 00000000 00:00 0 
7efde79b3000-7efde7a99000 ---p 00000000 00:00 0 
7efde7a99000-7efde7d09000 rwxp 00000000 00:00 0 
7efde7d09000-7efde8028000 ---p 00000000 00:00 0 
7efde8028000-7efde8868000 rwxp 00000000 00:00 0 
7efde8868000-7efdef560000 ---p 00000000 00:00 0 
7efdef560000-7efdef7d0000 rwxp 00000000 00:00 0 
7efdef7d0000-7efdf6a99000 ---p 00000000 00:00 0 
7efdf6a99000-7efdff189000 r--s 00000000 08:01 2118399                    /usr/lib/jvm/java-11-openjdk-amd64/lib/modules
7efdff189000-7efdff18e000 r-xp 00000000 08:01 2118380                    /usr/lib/jvm/java-11-openjdk-amd64/lib/libjimage.so
7efdff18e000-7efdff38d000 ---p 00005000 08:01 2118380                    /usr/lib/jvm/java-11-openjdk-amd64/lib/libjimage.so
7efdff38d000-7efdff38e000 r--p 00004000 08:01 2118380                    /usr/lib/jvm/java-11-openjdk-amd64/lib/libjimage.so
7efdff38e000-7efdff38f000 rw-p 00005000 08:01 2118380                    /usr/lib/jvm/java-11-openjdk-amd64/lib/libjimage.so
7efdff38f000-7efdff396000 r-xp 00000000 08:01 2118398                    /usr/lib/jvm/java-11-openjdk-amd64/lib/libzip.so
7efdff396000-7efdff595000 ---p 00007000 08:01 2118398                    /usr/lib/jvm/java-11-openjdk-amd64/lib/libzip.so
7efdff595000-7efdff596000 r--p 00006000 08:01 2118398                    /usr/lib/jvm/java-11-openjdk-amd64/lib/libzip.so
7efdff596000-7efdff597000 rw-p 00007000 08:01 2118398                    /usr/lib/jvm/java-11-openjdk-amd64/lib/libzip.so
7efdff597000-7efdff5a1000 r-xp 00000000 08:01 1843001                    /lib/x86_64-linux-gnu/libnss_files-2.24.so
7efdff5a1000-7efdff7a1000 ---p 0000a000 08:01 1843001                    /lib/x86_64-linux-gnu/libnss_files-2.24.so
7efdff7a1000-7efdff7a2000 r--p 0000a000 08:01 1843001                    /lib/x86_64-linux-gnu/libnss_files-2.24.so
7efdff7a2000-7efdff7a3000 rw-p 0000b000 08:01 1843001                    /lib/x86_64-linux-gnu/libnss_files-2.24.so
7efdff7a3000-7efdff7a9000 rw-p 00000000 00:00 0 
7efdff7a9000-7efdff7b4000 r-xp 00000000 08:01 1843005                    /lib/x86_64-linux-gnu/libnss_nis-2.24.so
7efdff7b4000-7efdff9b3000 ---p 0000b000 08:01 1843005                    /lib/x86_64-linux-gnu/libnss_nis-2.24.so
7efdff9b3000-7efdff9b4000 r--p 0000a000 08:01 1843005                    /lib/x86_64-linux-gnu/libnss_nis-2.24.so
7efdff9b4000-7efdff9b5000 rw-p 0000b000 08:01 1843005                    /lib/x86_64-linux-gnu/libnss_nis-2.24.so
7efdff9b5000-7efdff9c9000 r-xp 00000000 08:01 1842995                    /lib/x86_64-linux-gnu/libnsl-2.24.so
7efdff9c9000-7efdffbc9000 ---p 00014000 08:01 1842995                    /lib/x86_64-linux-gnu/libnsl-2.24.so
7efdffbc9000-7efdffbca000 r--p 00014000 08:01 1842995                    /lib/x86_64-linux-gnu/libnsl-2.24.so
7efdffbca000-7efdffbcb000 rw-p 00015000 08:01 1842995                    /lib/x86_64-linux-gnu/libnsl-2.24.so
7efdffbcb000-7efdffbcd000 rw-p 00000000 00:00 0 
7efdffbcd000-7efdffbd4000 r-xp 00000000 08:01 1842997                    /lib/x86_64-linux-gnu/libnss_compat-2.24.so
7efdffbd4000-7efdffdd3000 ---p 00007000 08:01 1842997                    /lib/x86_64-linux-gnu/libnss_compat-2.24.so
7efdffdd3000-7efdffdd4000 r--p 00006000 08:01 1842997                    /lib/x86_64-linux-gnu/libnss_compat-2.24.so
7efdffdd4000-7efdffdd5000 rw-p 00007000 08:01 1842997                    /lib/x86_64-linux-gnu/libnss_compat-2.24.so
7efdffdd5000-7efdffdfe000 r-xp 00000000 08:01 2118376                    /usr/lib/jvm/java-11-openjdk-amd64/lib/libjava.so
7efdffdfe000-7efdffffd000 ---p 00029000 08:01 2118376                    /usr/lib/jvm/java-11-openjdk-amd64/lib/libjava.so
7efdffffd000-7efdffffe000 r--p 00028000 08:01 2118376                    /usr/lib/jvm/java-11-openjdk-amd64/lib/libjava.so
7efdffffe000-7efe00000000 rw-p 00029000 08:01 2118376                    /usr/lib/jvm/java-11-openjdk-amd64/lib/libjava.so
7efe00000000-7efe00fbd000 rw-p 00000000 00:00 0 
7efe00fbd000-7efe04000000 ---p 00000000 00:00 0 
7efe04020000-7efe040d5000 rw-p 00000000 00:00 0 
7efe040d5000-7efe041af000 ---p 00000000 00:00 0 
7efe041af000-7efe041bc000 r-xp 00000000 08:01 2118397                    /usr/lib/jvm/java-11-openjdk-amd64/lib/libverify.so
7efe041bc000-7efe043bb000 ---p 0000d000 08:01 2118397                    /usr/lib/jvm/java-11-openjdk-amd64/lib/libverify.so
7efe043bb000-7efe043bd000 r--p 0000c000 08:01 2118397                    /usr/lib/jvm/java-11-openjdk-amd64/lib/libverify.so
7efe043bd000-7efe043be000 rw-p 0000e000 08:01 2118397                    /usr/lib/jvm/java-11-openjdk-amd64/lib/libverify.so
7efe043be000-7efe043c5000 r-xp 00000000 08:01 1843022                    /lib/x86_64-linux-gnu/librt-2.24.so
7efe043c5000-7efe045c4000 ---p 00007000 08:01 1843022                    /lib/x86_64-linux-gnu/librt-2.24.so
7efe045c4000-7efe045c5000 r--p 00006000 08:01 1843022                    /lib/x86_64-linux-gnu/librt-2.24.so
7efe045c5000-7efe045c6000 rw-p 00007000 08:01 1843022                    /lib/x86_64-linux-gnu/librt-2.24.so
7efe045c6000-7efe045dc000 r-xp 00000000 08:01 1842975                    /lib/x86_64-linux-gnu/libgcc_s.so.1
7efe045dc000-7efe047db000 ---p 00016000 08:01 1842975                    /lib/x86_64-linux-gnu/libgcc_s.so.1
7efe047db000-7efe047dc000 r--p 00015000 08:01 1842975                    /lib/x86_64-linux-gnu/libgcc_s.so.1
7efe047dc000-7efe047dd000 rw-p 00016000 08:01 1842975                    /lib/x86_64-linux-gnu/libgcc_s.so.1
7efe047dd000-7efe048e0000 r-xp 00000000 08:01 1842984                    /lib/x86_64-linux-gnu/libm-2.24.so
7efe048e0000-7efe04adf000 ---p 00103000 08:01 1842984                    /lib/x86_64-linux-gnu/libm-2.24.so
7efe04adf000-7efe04ae0000 r--p 00102000 08:01 1842984                    /lib/x86_64-linux-gnu/libm-2.24.so
7efe04ae0000-7efe04ae1000 rw-p 00103000 08:01 1842984                    /lib/x86_64-linux-gnu/libm-2.24.so
7efe04ae1000-7efe04c53000 r-xp 00000000 08:01 1843740                    /usr/lib/x86_64-linux-gnu/libstdc++.so.6.0.22
7efe04c53000-7efe04e53000 ---p 00172000 08:01 1843740                    /usr/lib/x86_64-linux-gnu/libstdc++.so.6.0.22
7efe04e53000-7efe04e5d000 r--p 00172000 08:01 1843740                    /usr/lib/x86_64-linux-gnu/libstdc++.so.6.0.22
7efe04e5d000-7efe04e5f000 rw-p 0017c000 08:01 1843740                    /usr/lib/x86_64-linux-gnu/libstdc++.so.6.0.22
7efe04e5f000-7efe04e63000 rw-p 00000000 00:00 0 
7efe04e63000-7efe05eeb000 r-xp 00000000 08:01 2118411                    /usr/lib/jvm/java-11-openjdk-amd64/lib/server/libjvm.so
7efe05eeb000-7efe060ea000 ---p 01088000 08:01 2118411                    /usr/lib/jvm/java-11-openjdk-amd64/lib/server/libjvm.so
7efe060ea000-7efe061a7000 r--p 01087000 08:01 2118411                    /usr/lib/jvm/java-11-openjdk-amd64/lib/server/libjvm.so
7efe061a7000-7efe061e1000 rw-p 01144000 08:01 2118411                    /usr/lib/jvm/java-11-openjdk-amd64/lib/server/libjvm.so
7efe061e1000-7efe06237000 rw-p 00000000 00:00 0 
7efe06237000-7efe063cc000 r-xp 00000000 08:01 1842955                    /lib/x86_64-linux-gnu/libc-2.24.so
7efe063cc000-7efe065cc000 ---p 00195000 08:01 1842955                    /lib/x86_64-linux-gnu/libc-2.24.so
7efe065cc000-7efe065d0000 r--p 00195000 08:01 1842955                    /lib/x86_64-linux-gnu/libc-2.24.so
7efe065d0000-7efe065d2000 rw-p 00199000 08:01 1842955                    /lib/x86_64-linux-gnu/libc-2.24.so
7efe065d2000-7efe065d6000 rw-p 00000000 00:00 0 
7efe065d6000-7efe065d9000 r-xp 00000000 08:01 1842967                    /lib/x86_64-linux-gnu/libdl-2.24.so
7efe065d9000-7efe067d8000 ---p 00003000 08:01 1842967                    /lib/x86_64-linux-gnu/libdl-2.24.so
7efe067d8000-7efe067d9000 r--p 00002000 08:01 1842967                    /lib/x86_64-linux-gnu/libdl-2.24.so
7efe067d9000-7efe067da000 rw-p 00003000 08:01 1842967                    /lib/x86_64-linux-gnu/libdl-2.24.so
7efe067da000-7efe067e9000 r-xp 00000000 08:01 2118358                    /usr/lib/jvm/java-11-openjdk-amd64/lib/jli/libjli.so
7efe067e9000-7efe069e8000 ---p 0000f000 08:01 2118358                    /usr/lib/jvm/java-11-openjdk-amd64/lib/jli/libjli.so
7efe069e8000-7efe069e9000 r--p 0000e000 08:01 2118358                    /usr/lib/jvm/java-11-openjdk-amd64/lib/jli/libjli.so
7efe069e9000-7efe069ea000 rw-p 0000f000 08:01 2118358                    /usr/lib/jvm/java-11-openjdk-amd64/lib/jli/libjli.so
7efe069ea000-7efe06a02000 r-xp 00000000 08:01 1843018                    /lib/x86_64-linux-gnu/libpthread-2.24.so
7efe06a02000-7efe06c01000 ---p 00018000 08:01 1843018                    /lib/x86_64-linux-gnu/libpthread-2.24.so
7efe06c01000-7efe06c02000 r--p 00017000 08:01 1843018                    /lib/x86_64-linux-gnu/libpthread-2.24.so
7efe06c02000-7efe06c03000 rw-p 00018000 08:01 1843018                    /lib/x86_64-linux-gnu/libpthread-2.24.so
7efe06c03000-7efe06c07000 rw-p 00000000 00:00 0 
7efe06c07000-7efe06c20000 r-xp 00000000 08:01 1843043                    /lib/x86_64-linux-gnu/libz.so.1.2.8
7efe06c20000-7efe06e1f000 ---p 00019000 08:01 1843043                    /lib/x86_64-linux-gnu/libz.so.1.2.8
7efe06e1f000-7efe06e20000 r--p 00018000 08:01 1843043                    /lib/x86_64-linux-gnu/libz.so.1.2.8
7efe06e20000-7efe06e21000 rw-p 00019000 08:01 1843043                    /lib/x86_64-linux-gnu/libz.so.1.2.8
7efe06e21000-7efe06e44000 r-xp 00000000 08:01 1842937                    /lib/x86_64-linux-gnu/ld-2.24.so
7efe06e5e000-7efe06e8b000 rw-p 00000000 00:00 0 
7efe06e8b000-7efe06f26000 ---p 00000000 00:00 0 
7efe06f26000-7efe06f2b000 rw-p 00000000 00:00 0 
7efe06f2b000-7efe06f32000 ---p 00000000 00:00 0 
7efe06f32000-7efe06f34000 r--s 00007000 08:01 2379129                    /usr/share/java/java-atk-wrapper.jar
7efe06f34000-7efe06f38000 ---p 00000000 00:00 0 
7efe06f38000-7efe07039000 rw-p 00000000 00:00 0 
7efe0703a000-7efe07042000 rw-s 00000000 08:01 411604                     /tmp/hsperfdata_tanzachary/4353
7efe07042000-7efe07043000 ---p 00000000 00:00 0 
7efe07043000-7efe07044000 r--p 00000000 00:00 0 
7efe07044000-7efe07045000 r--p 00023000 08:01 1842937                    /lib/x86_64-linux-gnu/ld-2.24.so
7efe07045000-7efe07046000 rw-p 00024000 08:01 1842937                    /lib/x86_64-linux-gnu/ld-2.24.so
7efe07046000-7efe07047000 rw-p 00000000 00:00 0 
7fff9407d000-7fff9409e000 rw-p 00000000 00:00 0                          [stack]
7fff941d0000-7fff941d3000 r--p 00000000 00:00 0                          [vvar]
7fff941d3000-7fff941d5000 r-xp 00000000 00:00 0                          [vdso]
ffffffffff600000-ffffffffff601000 r-xp 00000000 00:00 0                  [vsyscall]


VM Arguments:
jvm_args: -Dclassworlds.conf=/opt/maven/bin/m2.conf -Dmaven.home=/opt/maven -Dlibrary.jansi.path=/opt/maven/lib/jansi-native -Dmaven.multiModuleProjectDirectory=/home/tanzachary/step/portfolio 
java_command: org.codehaus.plexus.classworlds.launcher.Launcher package appengine:run
java_class_path (initial): /opt/maven/boot/plexus-classworlds-2.6.0.jar
Launcher Type: SUN_STANDARD

[Global flags]
     intx CICompilerCount                          = 2                                         {product} {ergonomic}
   size_t InitialHeapSize                          = 33554432                                  {product} {ergonomic}
   size_t MaxHeapSize                              = 524288000                                 {product} {ergonomic}
   size_t MaxNewSize                               = 174718976                                 {product} {ergonomic}
   size_t MinHeapDeltaBytes                        = 196608                                    {product} {ergonomic}
   size_t NewSize                                  = 11141120                                  {product} {ergonomic}
    uintx NonNMethodCodeHeapSize                   = 5825164                                {pd product} {ergonomic}
    uintx NonProfiledCodeHeapSize                  = 122916538                              {pd product} {ergonomic}
   size_t OldSize                                  = 22413312                                  {product} {ergonomic}
    uintx ProfiledCodeHeapSize                     = 122916538                              {pd product} {ergonomic}
    uintx ReservedCodeCacheSize                    = 251658240                              {pd product} {ergonomic}
     bool SegmentedCodeCache                       = true                                      {product} {ergonomic}
     bool UseCompressedClassPointers               = true                                 {lp64_product} {ergonomic}
     bool UseCompressedOops                        = true                                 {lp64_product} {ergonomic}
     bool UseSerialGC                              = true                                      {product} {ergonomic}

Logging:
Log output configuration:
 #0: stdout all=warning uptime,level,tags
 #1: stderr all=off uptime,level,tags

Environment Variables:
JAVA_HOME=/usr/lib/jvm/java-11-openjdk-amd64
PATH=/home/tanzachary/step/portfolio/node_modules/.bin:/home/tanzachary/gopath/bin:/google/gopath/bin:/home/tanzachary/.gems/bin:/usr/local/go/bin:/opt/gradle/bin:/opt/maven/bin:/usr/local/sbin:/usr/local/bin:/usr/sbin:/usr/bin:/sbin:/bin:/usr/local/nvm/versions/node/v10.14.2/bin:/google/go_appengine:/google/google_appengine:/google/migrate/anthos/
SHELL=/bin/bash

Signal Handlers:
SIGSEGV: [libjvm.so+0xd9bff0], sa_mask[0]=11111111011111111101111111111110, sa_flags=SA_RESTART|SA_SIGINFO
SIGBUS: [libjvm.so+0xd9bff0], sa_mask[0]=11111111011111111101111111111110, sa_flags=SA_RESTART|SA_SIGINFO
SIGFPE: [libjvm.so+0xd9bff0], sa_mask[0]=11111111011111111101111111111110, sa_flags=SA_RESTART|SA_SIGINFO
SIGPIPE: [libjvm.so+0xb8fcf0], sa_mask[0]=11111111011111111101111111111110, sa_flags=SA_RESTART|SA_SIGINFO
SIGXFSZ: [libjvm.so+0xb8fcf0], sa_mask[0]=11111111011111111101111111111110, sa_flags=SA_RESTART|SA_SIGINFO
SIGILL: [libjvm.so+0xd9bff0], sa_mask[0]=11111111011111111101111111111110, sa_flags=SA_RESTART|SA_SIGINFO
SIGUSR2: [libjvm.so+0xb8fb90], sa_mask[0]=00000000000000000000000000000000, sa_flags=SA_RESTART|SA_SIGINFO
SIGHUP: [libjvm.so+0xb8fef0], sa_mask[0]=11111111011111111101111111111110, sa_flags=SA_RESTART|SA_SIGINFO
SIGINT: [libjvm.so+0xb8fef0], sa_mask[0]=11111111011111111101111111111110, sa_flags=SA_RESTART|SA_SIGINFO
SIGTERM: [libjvm.so+0xb8fef0], sa_mask[0]=11111111011111111101111111111110, sa_flags=SA_RESTART|SA_SIGINFO
SIGQUIT: [libjvm.so+0xb8fef0], sa_mask[0]=11111111011111111101111111111110, sa_flags=SA_RESTART|SA_SIGINFO


---------------  S Y S T E M  ---------------

OS:PRETTY_NAME="Debian GNU/Linux 9 (stretch)"
NAME="Debian GNU/Linux"
VERSION_ID="9"
VERSION="9 (stretch)"
VERSION_CODENAME=stretch
ID=debian
HOME_URL="https://www.debian.org/"
SUPPORT_URL="https://www.debian.org/support"
BUG_REPORT_URL="https://bugs.debian.org/"
uname:Linux 4.19.112+ #1 SMP Wed May 6 00:27:44 PDT 2020 x86_64
libc:glibc 2.24 NPTL 2.24 
rlimit: STACK 8192k, CORE infinity, NPROC infinity, NOFILE 1048576, AS infinity, DATA infinity, FSIZE infinity
load average:1.90 1.37 0.88

/proc/meminfo:
MemTotal:        2043884 kB
MemFree:          105940 kB
MemAvailable:     809252 kB
Buffers:           73040 kB
Cached:           649492 kB
SwapCached:          740 kB
Active:           893256 kB
Inactive:         727556 kB
Active(anon):     466796 kB
Inactive(anon):   409100 kB
Active(file):     426460 kB
Inactive(file):   318456 kB
Unevictable:           0 kB
Mlocked:               0 kB
SwapTotal:        786428 kB
SwapFree:         700412 kB
Dirty:              1488 kB
Writeback:             0 kB
AnonPages:        897620 kB
Mapped:           386556 kB
Shmem:               820 kB
Slab:             197208 kB
SReclaimable:     146044 kB
SUnreclaim:        51164 kB
KernelStack:        8424 kB
PageTables:        13900 kB
NFS_Unstable:          0 kB
Bounce:                0 kB
WritebackTmp:          0 kB
CommitLimit:     1808368 kB
Committed_AS:    5216688 kB
VmallocTotal:   34359738367 kB
VmallocUsed:           0 kB
VmallocChunk:          0 kB
Percpu:              968 kB
AnonHugePages:      2048 kB
ShmemHugePages:        0 kB
ShmemPmdMapped:        0 kB
HugePages_Total:       0
HugePages_Free:        0
HugePages_Rsvd:        0
HugePages_Surp:        0
Hugepagesize:       2048 kB
Hugetlb:               0 kB
DirectMap4k:       85180 kB
DirectMap2M:     2011136 kB
DirectMap1G:           0 kB


/proc/sys/kernel/threads-max (system-wide limit on the number of threads):
15631


/proc/sys/vm/max_map_count (maximum number of memory map areas a process may have):
65530


/proc/sys/kernel/pid_max (system-wide limit on number of process identifiers):
4194304



container (cgroup) information:
container_type: cgroupv1
cpu_cpuset_cpus: 0-1
cpu_memory_nodes: 0
active_processor_count: 1
cpu_quota: -1
cpu_period: 100000
cpu_shares: 2
memory_limit_in_bytes: -1
memory_and_swap_limit_in_bytes: -1
memory_soft_limit_in_bytes: -1
memory_usage_in_bytes: 623435776
memory_max_usage_in_bytes: 684109824

KVM virtualization detected
Steal ticks since vm start: 1
Steal ticks percentage since vm start:  0.000

CPU:total 2 (initial active 1) (1 cores per cpu, 2 threads per core) family 6 model 63 stepping 0, cmov, cx8, fxsr, mmx, sse, sse2, sse3, ssse3, sse4.1, sse4.2, popcnt, avx, avx2, aes, clmul, erms, lzcnt, ht, tsc, tscinvbit, bmi1, bmi2, fma
CPU Model and flags from /proc/cpuinfo:
model name	: Intel(R) Xeon(R) CPU @ 2.30GHz
flags		: fpu vme de pse tsc msr pae mce cx8 apic sep mtrr pge mca cmov pat pse36 clflush mmx fxsr sse sse2 ss ht syscall nx pdpe1gb rdtscp lm constant_tsc rep_good nopl xtopology nonstop_tsc cpuid tsc_known_freq pni pclmulqdq ssse3 fma cx16 pcid sse4_1 sse4_2 x2apic movbe popcnt aes xsave avx f16c rdrand hypervisor lahf_lm abm invpcid_single pti ssbd ibrs ibpb stibp fsgsbase tsc_adjust bmi1 avx2 smep bmi2 erms invpcid xsaveopt arat md_clear arch_capabilities

Memory: 4k page, physical 2043884k(105704k free), swap 786428k(700412k free)

vm_info: OpenJDK 64-Bit Server VM (11.0.6+10-post-Debian-1bpo91) for linux-amd64 JRE (11.0.6+10-post-Debian-1bpo91), built on Feb  1 2020 09:07:43 by "unknown" with gcc 6.3.0 20170516

END.
