#
# A fatal error has been detected by the Java Runtime Environment:
#
#  SIGSEGV (0xb) at pc=0x00007fe84dbfbbc0, pid=5791, tid=5791
#
# JRE version: OpenJDK Runtime Environment (11.0.6+10) (build 11.0.6+10-post-Debian-1bpo91)
# Java VM: OpenJDK 64-Bit Server VM (11.0.6+10-post-Debian-1bpo91, mixed mode, sharing, tiered, compressed oops, serial gc, linux-amd64)
# Problematic frame:
# V  [libjvm.so+0xb8fbc0]
#
# Core dump will be written. Default location: Core dumps may be processed with "/sbin/crash_reporter --user=%P:%s:%u:%g:%e" (or dumping to /home/tanzachary/step/portfolio/core.5791)
#
# If you would like to submit a bug report, please visit:
#   https://bugs.debian.org/openjdk-11
#

---------------  S U M M A R Y ------------

Command Line: -Dclassworlds.conf=/opt/maven/bin/m2.conf -Dmaven.home=/opt/maven -Dlibrary.jansi.path=/opt/maven/lib/jansi-native -Dmaven.multiModuleProjectDirectory=/home/tanzachary/step/portfolio org.codehaus.plexus.classworlds.launcher.Launcher package appengine:run

Host: Intel(R) Xeon(R) CPU @ 2.30GHz, 2 cores, 1G, Debian GNU/Linux 9 (stretch)
Time: Thu May 28 17:58:12 2020 EDT elapsed time: 84 seconds (0d 0h 1m 24s)

---------------  T H R E A D  ---------------

Current thread is native thread

Stack: [0x00007ffca096a000,0x00007ffca1168000],  sp=0x00007ffca11626c0,  free space=8161k
Native frames: (J=compiled Java code, A=aot compiled Java code, j=interpreted, Vv=VM code, C=native code)
V  [libjvm.so+0xb8fbc0]
C  [libpthread.so.0+0x110e0]


siginfo: si_signo: 11 (SIGSEGV), si_code: 1 (SEGV_MAPERR), si_addr: 0x00000000000000d0

Register to memory mapping:

RAX=0x0 is NULL
RBX=
[error occurred during error reporting (printing register info), id 0xb, SIGSEGV (0xb) at pc=0x00007fe84dda29e7]

Registers:
RAX=0x0000000000000000, RBX=0x00007fe84f23ee18, RCX=0x00007fe84ebfb6dd, RDX=0x0000000000000000
RSP=0x00007ffca11626c0, RBP=0x00007ffca1162770, RSI=0x00007ffca11628b0, RDI=0x0000000000000001
R8 =0x00000000000000ca, R9 =0x00007fe84f23d9d0, R10=0x0000000000000000, R11=0x0000000000000246
R12=0x0000000000000000, R13=0x00007ffca11628b0, R14=0x00007ffca1162780, R15=0x00007fe84f23dd28
RIP=0x00007fe84dbfbbc0, EFLAGS=0x0000000000010246, CSGSFS=0x002b000000000033, ERR=0x0000000000000004
  TRAPNO=0x000000000000000e

Top of Stack: (sp=0x00007ffca11626c0)
0x00007ffca11626c0:   0000000001e5cb59 00007fe84e451038
0x00007ffca11626d0:   00007ffca11627f0 00007fe84e443d90
0x00007ffca11626e0:   00007ffca1162714 00007ffca11627e0
0x00007ffca11626f0:   000055a7cf897c70 000000000000000b 

Instructions: (pc=0x00007fe84dbfbbc0)
0x00007fe84dbfbac0:   c0 74 03 c6 00 00 4c 89 f7 4c 89 fa 48 89 de e8
0x00007fe84dbfbad0:   dc db 6d ff 4c 89 e7 e8 24 df 6d ff 48 81 c4 08
0x00007fe84dbfbae0:   01 00 00 5b 41 5c 41 5d 41 5e 41 5f 5d c3 4c 89
0x00007fe84dbfbaf0:   e2 be 00 01 00 00 48 89 df e8 92 e1 6d ff 48 85
0x00007fe84dbfbb00:   c0 74 ae 48 8d 35 b1 46 2f 00 48 89 df e8 5e df
0x00007fe84dbfbb10:   6d ff 48 85 c0 74 41 66 0f 1f 84 00 00 00 00 00
0x00007fe84dbfbb20:   be 22 00 00 00 48 89 df e8 d3 df 6d ff 48 85 c0
0x00007fe84dbfbb30:   74 46 48 8d 58 01 be 22 00 00 00 48 89 df e8 bd
0x00007fe84dbfbb40:   df 6d ff 48 85 c0 0f 85 77 ff ff ff e9 75 ff ff
0x00007fe84dbfbb50:   ff 0f 1f 80 00 00 00 00 48 8d 35 71 46 2f 00 48
0x00007fe84dbfbb60:   89 df e8 09 df 6d ff 48 85 c0 0f 84 41 ff ff ff
0x00007fe84dbfbb70:   eb ae 66 0f 1f 44 00 00 48 89 df be 3d 00 00 00
0x00007fe84dbfbb80:   e8 7b df 6d ff 48 8d 58 01 e9 23 ff ff ff 66 90
0x00007fe84dbfbb90:   55 48 89 e5 41 57 41 56 41 55 41 54 49 89 d6 53
0x00007fe84dbfbba0:   49 89 f5 48 81 ec 88 00 00 00 e8 81 e6 6d ff 48
0x00007fe84dbfbbb0:   89 c3 44 8b 20 e8 26 58 1a 00 31 d2 84 c0 75 38
0x00007fe84dbfbbc0:   48 83 ba d0 00 00 00 00 74 16 4c 8b ba 68 02 00
0x00007fe84dbfbbd0:   00 41 8b 87 a8 00 00 00 83 f8 01 74 2b 44 89 23
0x00007fe84dbfbbe0:   48 81 c4 88 00 00 00 5b 41 5c 41 5d 41 5e 41 5f
0x00007fe84dbfbbf0:   5d c3 66 0f 1f 44 00 00 e8 f3 57 1a 00 48 89 c2
0x00007fe84dbfbc00:   eb be 66 0f 1f 44 00 00 4d 89 af b0 00 00 00 4d
0x00007fe84dbfbc10:   8d af a8 00 00 00 4d 89 b7 b8 00 00 00 ba 02 00
0x00007fe84dbfbc20:   00 00 be 01 00 00 00 4c 89 ef e8 01 cb ff ff 83
0x00007fe84dbfbc30:   f8 02 74 3c 85 c0 75 18 49 c7 87 b8 00 00 00 00
0x00007fe84dbfbc40:   00 00 00 49 c7 87 b0 00 00 00 00 00 00 00 eb 8d
0x00007fe84dbfbc50:   48 8d 05 51 96 7b 00 48 8d 3d 7a 4e 2f 00 be 64
0x00007fe84dbfbc60:   11 00 00 48 8b 00 c6 00 58 e8 22 16 ab ff eb c8
0x00007fe84dbfbc70:   4c 8d b5 50 ff ff ff 4c 89 f7 e8 11 e2 6d ff 4c
0x00007fe84dbfbc80:   89 f2 31 f6 31 ff e8 15 e3 6d ff 8b 35 ff 37 7d
0x00007fe84dbfbc90:   00 4c 89 f7 e8 c7 de 6d ff 48 8d 3d 60 73 81 00
0x00007fe84dbfbca0:   be 01 00 00 00 e8 a6 bc 0c 00 66 0f 1f 44 00 00
0x00007fe84dbfbcb0:   4c 89 f7 e8 d8 e5 6d ff 31 d2 be 03 00 00 00 4c 


Stack slot to memory mapping:
stack at sp + 0 slots: 
[error occurred during error reporting (inspecting top of stack), id 0xb, SIGSEGV (0xb) at pc=0x00007fe84dda29e7]


---------------  P R O C E S S  ---------------

VM state:not at safepoint (normal execution)

VM Mutex/Monitor currently owned by a thread: None

Heap address: 0x00000000e0c00000, size: 500 MB, Compressed Oops mode: 32-bit
Narrow klass base: 0x0000000800000000, Narrow klass shift: 3
Compressed class space size: 1073741824 Address: 0x0000000840000000

Heap:
 def new generation   total 10304K, used 2022K [0x00000000e0c00000, 0x00000000e1720000, 0x00000000eb2a0000)
  eden space 9216K,  21% used [0x00000000e0c00000, 0x00000000e0df9a18, 0x00000000e1500000)
  from space 1088K,   0% used [0x00000000e1500000, 0x00000000e1500000, 0x00000000e1610000)
  to   space 1088K,   0% used [0x00000000e1610000, 0x00000000e1610000, 0x00000000e1720000)
 tenured generation   total 22728K, used 13634K [0x00000000eb2a0000, 0x00000000ec8d2000, 0x0000000100000000)
   the space 22728K,  59% used [0x00000000eb2a0000, 0x00000000ebff0a58, 0x00000000ebff0c00, 0x00000000ec8d2000)
 Metaspace       used 20976K, capacity 21694K, committed 21808K, reserved 1069056K
  class space    used 2417K, capacity 2664K, committed 2688K, reserved 1048576K

Card table byte_map: [0x00007fe82fade000,0x00007fe82fbd9000] _byte_map_base: 0x00007fe82f3d8000

Polling page: 0x00007fe84f24b000

Metaspace:

Usage:
  Non-class:     18.58 MB capacity,    18.12 MB ( 98%) used,   433.76 KB (  2%) free+waste,    37.38 KB ( <1%) overhead. 
      Class:      2.60 MB capacity,     2.36 MB ( 91%) used,   228.57 KB (  9%) free+waste,    18.00 KB ( <1%) overhead. 
       Both:     21.19 MB capacity,    20.48 MB ( 97%) used,   662.33 KB (  3%) free+waste,    55.38 KB ( <1%) overhead. 

Virtual space:
  Non-class space:       20.00 MB reserved,      18.67 MB ( 93%) committed 
      Class space:        1.00 GB reserved,       2.62 MB ( <1%) committed 
             Both:        1.02 GB reserved,      21.30 MB (  2%) committed 

Chunk freelists:
   Non-Class:  62.00 KB
       Class:  0 bytes
        Both:  62.00 KB

MaxMetaspaceSize: unlimited
CompressedClassSpaceSize: 1.00 GB

CodeHeap 'non-profiled nmethods': size=120036Kb used=1662Kb max_used=1662Kb free=118373Kb
 bounds [0x00007fe83778b000, 0x00007fe8379fb000, 0x00007fe83ecc4000]
CodeHeap 'profiled nmethods': size=120032Kb used=9176Kb max_used=9176Kb free=110855Kb
 bounds [0x00007fe830253000, 0x00007fe830b53000, 0x00007fe83778b000]
CodeHeap 'non-nmethods': size=5692Kb used=1143Kb max_used=1156Kb free=4548Kb
 bounds [0x00007fe82fcc4000, 0x00007fe82ff34000, 0x00007fe830253000]
 total_blobs=5470 nmethods=4174 adapters=398
 compilation: enabled
              stopped_count=0, restarted_count=0
 full_count=0

Compilation events (20 events):
Event: 8.947 Thread 0x00007fe84805b800 4173       3       java.lang.AbstractStringBuilder::append (45 bytes)
Event: 8.947 Thread 0x00007fe848059800 4172       4       java.nio.CharBuffer::charAt (16 bytes)
Event: 8.949 Thread 0x00007fe84805b800 nmethod 4173 0x00007fe830b46210 code [0x00007fe830b46440, 0x00007fe830b469d8]
Event: 8.949 Thread 0x00007fe84805b800 4174       3       java.lang.String::getChars (54 bytes)
Event: 8.951 Thread 0x00007fe84805b800 nmethod 4174 0x00007fe830b46c10 code [0x00007fe830b46e20, 0x00007fe830b47358]
Event: 8.953 Thread 0x00007fe848059800 nmethod 4172 0x00007fe837929690 code [0x00007fe837929820, 0x00007fe837929958]
Event: 8.954 Thread 0x00007fe84805b800 4175       3       java.lang.String::getBytes (44 bytes)
Event: 8.955 Thread 0x00007fe84805b800 nmethod 4175 0x00007fe830b47590 code [0x00007fe830b47780, 0x00007fe830b47b18]
Event: 8.961 Thread 0x00007fe848059800 4176       4       java.nio.ByteBuffer::flip (7 bytes)
Event: 8.961 Thread 0x00007fe848059800 nmethod 4176 0x00007fe837929b10 code [0x00007fe837929ca0, 0x00007fe837929d38]
Event: 8.975 Thread 0x00007fe84805b800 4177       3       java.util.regex.Matcher::end (22 bytes)
Event: 8.975 Thread 0x00007fe84805b800 nmethod 4177 0x00007fe830b47c90 code [0x00007fe830b47e60, 0x00007fe830b48108]
Event: 8.980 Thread 0x00007fe84805b800 4178       3       java.io.FileInputStream::available (5 bytes)
Event: 8.980 Thread 0x00007fe84805b800 nmethod 4178 0x00007fe830b48210 code [0x00007fe830b483c0, 0x00007fe830b48568]
Event: 9.003 Thread 0x00007fe84805b800 4179       3       java.lang.StringBuilder::append (8 bytes)
Event: 9.003 Thread 0x00007fe84805b800 nmethod 4179 0x00007fe830b48610 code [0x00007fe830b487c0, 0x00007fe830b48988]
Event: 9.096 Thread 0x00007fe848059800 4180       4       java.lang.String::valueOf (39 bytes)
Event: 9.099 Thread 0x00007fe848059800 nmethod 4180 0x00007fe837929d90 code [0x00007fe837929f40, 0x00007fe83792a0d8]
Event: 9.103 Thread 0x00007fe848059800 4181   !   4       java.nio.charset.CharsetEncoder::encode (285 bytes)
Event: 9.108 Thread 0x00007fe848059800 nmethod 4181 0x00007fe83792a210 code [0x00007fe83792a3e0, 0x00007fe83792a708]

GC Heap History (20 events):
Event: 3.725 GC heap before
{Heap before GC invocations=12 (full 0):
 def new generation   total 9792K, used 9235K [0x00000000e0c00000, 0x00000000e16a0000, 0x00000000eb2a0000)
  eden space 8704K, 100% used [0x00000000e0c00000, 0x00000000e1480000, 0x00000000e1480000)
  from space 1088K,  48% used [0x00000000e1480000, 0x00000000e1504cc0, 0x00000000e1590000)
  to   space 1088K,   0% used [0x00000000e1590000, 0x00000000e1590000, 0x00000000e16a0000)
 tenured generation   total 21888K, used 7834K [0x00000000eb2a0000, 0x00000000ec800000, 0x0000000100000000)
   the space 21888K,  35% used [0x00000000eb2a0000, 0x00000000eba46bf8, 0x00000000eba46c00, 0x00000000ec800000)
 Metaspace       used 14150K, capacity 15695K, committed 16000K, reserved 1062912K
  class space    used 1611K, capacity 1833K, committed 1920K, reserved 1048576K
}
Event: 3.727 GC heap after
{Heap after GC invocations=13 (full 0):
 def new generation   total 9792K, used 894K [0x00000000e0c00000, 0x00000000e16a0000, 0x00000000eb2a0000)
  eden space 8704K,   0% used [0x00000000e0c00000, 0x00000000e0c00000, 0x00000000e1480000)
  from space 1088K,  82% used [0x00000000e1590000, 0x00000000e166f9b8, 0x00000000e16a0000)
  to   space 1088K,   0% used [0x00000000e1480000, 0x00000000e1480000, 0x00000000e1590000)
 tenured generation   total 21888K, used 7834K [0x00000000eb2a0000, 0x00000000ec800000, 0x0000000100000000)
   the space 21888K,  35% used [0x00000000eb2a0000, 0x00000000eba46bf8, 0x00000000eba46c00, 0x00000000ec800000)
 Metaspace       used 14150K, capacity 15695K, committed 16000K, reserved 1062912K
  class space    used 1611K, capacity 1833K, committed 1920K, reserved 1048576K
}
Event: 3.908 GC heap before
{Heap before GC invocations=13 (full 0):
 def new generation   total 9792K, used 9598K [0x00000000e0c00000, 0x00000000e16a0000, 0x00000000eb2a0000)
  eden space 8704K, 100% used [0x00000000e0c00000, 0x00000000e1480000, 0x00000000e1480000)
  from space 1088K,  82% used [0x00000000e1590000, 0x00000000e166f9b8, 0x00000000e16a0000)
  to   space 1088K,   0% used [0x00000000e1480000, 0x00000000e1480000, 0x00000000e1590000)
 tenured generation   total 21888K, used 7834K [0x00000000eb2a0000, 0x00000000ec800000, 0x0000000100000000)
   the space 21888K,  35% used [0x00000000eb2a0000, 0x00000000eba46bf8, 0x00000000eba46c00, 0x00000000ec800000)
 Metaspace       used 14522K, capacity 16049K, committed 16256K, reserved 1062912K
  class space    used 1639K, capacity 1867K, committed 1920K, reserved 1048576K
}
Event: 3.913 GC heap after
{Heap after GC invocations=14 (full 0):
 def new generation   total 9792K, used 1001K [0x00000000e0c00000, 0x00000000e16a0000, 0x00000000eb2a0000)
  eden space 8704K,   0% used [0x00000000e0c00000, 0x00000000e0c00000, 0x00000000e1480000)
  from space 1088K,  92% used [0x00000000e1480000, 0x00000000e157a4a0, 0x00000000e1590000)
  to   space 1088K,   0% used [0x00000000e1590000, 0x00000000e1590000, 0x00000000e16a0000)
 tenured generation   total 21888K, used 8239K [0x00000000eb2a0000, 0x00000000ec800000, 0x0000000100000000)
   the space 21888K,  37% used [0x00000000eb2a0000, 0x00000000ebaabc50, 0x00000000ebaabe00, 0x00000000ec800000)
 Metaspace       used 14522K, capacity 16049K, committed 16256K, reserved 1062912K
  class space    used 1639K, capacity 1867K, committed 1920K, reserved 1048576K
}
Event: 4.207 GC heap before
{Heap before GC invocations=14 (full 0):
 def new generation   total 9792K, used 9705K [0x00000000e0c00000, 0x00000000e16a0000, 0x00000000eb2a0000)
  eden space 8704K, 100% used [0x00000000e0c00000, 0x00000000e1480000, 0x00000000e1480000)
  from space 1088K,  92% used [0x00000000e1480000, 0x00000000e157a4a0, 0x00000000e1590000)
  to   space 1088K,   0% used [0x00000000e1590000, 0x00000000e1590000, 0x00000000e16a0000)
 tenured generation   total 21888K, used 8239K [0x00000000eb2a0000, 0x00000000ec800000, 0x0000000100000000)
   the space 21888K,  37% used [0x00000000eb2a0000, 0x00000000ebaabc50, 0x00000000ebaabe00, 0x00000000ec800000)
 Metaspace       used 15002K, capacity 16518K, committed 16896K, reserved 1064960K
  class space    used 1667K, capacity 1934K, committed 2048K, reserved 1048576K
}
Event: 4.213 GC heap after
{Heap after GC invocations=15 (full 0):
 def new generation   total 9792K, used 519K [0x00000000e0c00000, 0x00000000e16a0000, 0x00000000eb2a0000)
  eden space 8704K,   0% used [0x00000000e0c00000, 0x00000000e0c00000, 0x00000000e1480000)
  from space 1088K,  47% used [0x00000000e1590000, 0x00000000e1611c38, 0x00000000e16a0000)
  to   space 1088K,   0% used [0x00000000e1480000, 0x00000000e1480000, 0x00000000e1590000)
 tenured generation   total 21888K, used 9203K [0x00000000eb2a0000, 0x00000000ec800000, 0x0000000100000000)
   the space 21888K,  42% used [0x00000000eb2a0000, 0x00000000ebb9cf70, 0x00000000ebb9d000, 0x00000000ec800000)
 Metaspace       used 15002K, capacity 16518K, committed 16896K, reserved 1064960K
  class space    used 1667K, capacity 1934K, committed 2048K, reserved 1048576K
}
Event: 4.412 GC heap before
{Heap before GC invocations=15 (full 0):
 def new generation   total 9792K, used 9223K [0x00000000e0c00000, 0x00000000e16a0000, 0x00000000eb2a0000)
  eden space 8704K, 100% used [0x00000000e0c00000, 0x00000000e1480000, 0x00000000e1480000)
  from space 1088K,  47% used [0x00000000e1590000, 0x00000000e1611c38, 0x00000000e16a0000)
  to   space 1088K,   0% used [0x00000000e1480000, 0x00000000e1480000, 0x00000000e1590000)
 tenured generation   total 21888K, used 9203K [0x00000000eb2a0000, 0x00000000ec800000, 0x0000000100000000)
   the space 21888K,  42% used [0x00000000eb2a0000, 0x00000000ebb9cf70, 0x00000000ebb9d000, 0x00000000ec800000)
 Metaspace       used 15677K, capacity 17202K, committed 17536K, reserved 1064960K
  class space    used 1787K, capacity 2078K, committed 2176K, reserved 1048576K
}
Event: 4.415 GC heap after
{Heap after GC invocations=16 (full 0):
 def new generation   total 9792K, used 949K [0x00000000e0c00000, 0x00000000e16a0000, 0x00000000eb2a0000)
  eden space 8704K,   0% used [0x00000000e0c00000, 0x00000000e0c00000, 0x00000000e1480000)
  from space 1088K,  87% used [0x00000000e1480000, 0x00000000e156d538, 0x00000000e1590000)
  to   space 1088K,   0% used [0x00000000e1590000, 0x00000000e1590000, 0x00000000e16a0000)
 tenured generation   total 21888K, used 9203K [0x00000000eb2a0000, 0x00000000ec800000, 0x0000000100000000)
   the space 21888K,  42% used [0x00000000eb2a0000, 0x00000000ebb9cf70, 0x00000000ebb9d000, 0x00000000ec800000)
 Metaspace       used 15677K, capacity 17202K, committed 17536K, reserved 1064960K
  class space    used 1787K, capacity 2078K, committed 2176K, reserved 1048576K
}
Event: 4.794 GC heap before
{Heap before GC invocations=16 (full 0):
 def new generation   total 9792K, used 9653K [0x00000000e0c00000, 0x00000000e16a0000, 0x00000000eb2a0000)
  eden space 8704K, 100% used [0x00000000e0c00000, 0x00000000e1480000, 0x00000000e1480000)
  from space 1088K,  87% used [0x00000000e1480000, 0x00000000e156d538, 0x00000000e1590000)
  to   space 1088K,   0% used [0x00000000e1590000, 0x00000000e1590000, 0x00000000e16a0000)
 tenured generation   total 21888K, used 9203K [0x00000000eb2a0000, 0x00000000ec800000, 0x0000000100000000)
   the space 21888K,  42% used [0x00000000eb2a0000, 0x00000000ebb9cf70, 0x00000000ebb9d000, 0x00000000ec800000)
 Metaspace       used 17462K, capacity 18448K, committed 18688K, reserved 1064960K
  class space    used 2004K, capacity 2261K, committed 2304K, reserved 1048576K
}
Event: 4.799 GC heap after
{Heap after GC invocations=17 (full 0):
 def new generation   total 9792K, used 1087K [0x00000000e0c00000, 0x00000000e16a0000, 0x00000000eb2a0000)
  eden space 8704K,   0% used [0x00000000e0c00000, 0x00000000e0c00000, 0x00000000e1480000)
  from space 1088K,  99% used [0x00000000e1590000, 0x00000000e169fff8, 0x00000000e16a0000)
  to   space 1088K,   0% used [0x00000000e1480000, 0x00000000e1480000, 0x00000000e1590000)
 tenured generation   total 21888K, used 9685K [0x00000000eb2a0000, 0x00000000ec800000, 0x0000000100000000)
   the space 21888K,  44% used [0x00000000eb2a0000, 0x00000000ebc157f0, 0x00000000ebc15800, 0x00000000ec800000)
 Metaspace       used 17462K, capacity 18448K, committed 18688K, reserved 1064960K
  class space    used 2004K, capacity 2261K, committed 2304K, reserved 1048576K
}
Event: 5.217 GC heap before
{Heap before GC invocations=17 (full 0):
 def new generation   total 9792K, used 9791K [0x00000000e0c00000, 0x00000000e16a0000, 0x00000000eb2a0000)
  eden space 8704K, 100% used [0x00000000e0c00000, 0x00000000e1480000, 0x00000000e1480000)
  from space 1088K,  99% used [0x00000000e1590000, 0x00000000e169fff8, 0x00000000e16a0000)
  to   space 1088K,   0% used [0x00000000e1480000, 0x00000000e1480000, 0x00000000e1590000)
 tenured generation   total 21888K, used 9685K [0x00000000eb2a0000, 0x00000000ec800000, 0x0000000100000000)
   the space 21888K,  44% used [0x00000000eb2a0000, 0x00000000ebc157f0, 0x00000000ebc15800, 0x00000000ec800000)
 Metaspace       used 17729K, capacity 18545K, committed 18688K, reserved 1064960K
  class space    used 2029K, capacity 2271K, committed 2304K, reserved 1048576K
}
Event: 5.226 GC heap after
{Heap after GC invocations=18 (full 0):
 def new generation   total 9792K, used 914K [0x00000000e0c00000, 0x00000000e16a0000, 0x00000000eb2a0000)
  eden space 8704K,   0% used [0x00000000e0c00000, 0x00000000e0c00000, 0x00000000e1480000)
  from space 1088K,  84% used [0x00000000e1480000, 0x00000000e1564b98, 0x00000000e1590000)
  to   space 1088K,   0% used [0x00000000e1590000, 0x00000000e1590000, 0x00000000e16a0000)
 tenured generation   total 21888K, used 10741K [0x00000000eb2a0000, 0x00000000ec800000, 0x0000000100000000)
   the space 21888K,  49% used [0x00000000eb2a0000, 0x00000000ebd1d610, 0x00000000ebd1d800, 0x00000000ec800000)
 Metaspace       used 17729K, capacity 18545K, committed 18688K, reserved 1064960K
  class space    used 2029K, capacity 2271K, committed 2304K, reserved 1048576K
}
Event: 5.477 GC heap before
{Heap before GC invocations=18 (full 0):
 def new generation   total 9792K, used 9618K [0x00000000e0c00000, 0x00000000e16a0000, 0x00000000eb2a0000)
  eden space 8704K, 100% used [0x00000000e0c00000, 0x00000000e1480000, 0x00000000e1480000)
  from space 1088K,  84% used [0x00000000e1480000, 0x00000000e1564b98, 0x00000000e1590000)
  to   space 1088K,   0% used [0x00000000e1590000, 0x00000000e1590000, 0x00000000e16a0000)
 tenured generation   total 21888K, used 10741K [0x00000000eb2a0000, 0x00000000ec800000, 0x0000000100000000)
   the space 21888K,  49% used [0x00000000eb2a0000, 0x00000000ebd1d610, 0x00000000ebd1d800, 0x00000000ec800000)
 Metaspace       used 17803K, capacity 18617K, committed 18944K, reserved 1067008K
  class space    used 2030K, capacity 2273K, committed 2304K, reserved 1048576K
}
Event: 5.482 GC heap after
{Heap after GC invocations=19 (full 0):
 def new generation   total 9792K, used 504K [0x00000000e0c00000, 0x00000000e16a0000, 0x00000000eb2a0000)
  eden space 8704K,   0% used [0x00000000e0c00000, 0x00000000e0c00000, 0x00000000e1480000)
  from space 1088K,  46% used [0x00000000e1590000, 0x00000000e160e200, 0x00000000e16a0000)
  to   space 1088K,   0% used [0x00000000e1480000, 0x00000000e1480000, 0x00000000e1590000)
 tenured generation   total 21888K, used 11526K [0x00000000eb2a0000, 0x00000000ec800000, 0x0000000100000000)
   the space 21888K,  52% used [0x00000000eb2a0000, 0x00000000ebde1808, 0x00000000ebde1a00, 0x00000000ec800000)
 Metaspace       used 17803K, capacity 18617K, committed 18944K, reserved 1067008K
  class space    used 2030K, capacity 2273K, committed 2304K, reserved 1048576K
}
Event: 5.553 GC heap before
{Heap before GC invocations=19 (full 0):
 def new generation   total 9792K, used 9208K [0x00000000e0c00000, 0x00000000e16a0000, 0x00000000eb2a0000)
  eden space 8704K, 100% used [0x00000000e0c00000, 0x00000000e1480000, 0x00000000e1480000)
  from space 1088K,  46% used [0x00000000e1590000, 0x00000000e160e200, 0x00000000e16a0000)
  to   space 1088K,   0% used [0x00000000e1480000, 0x00000000e1480000, 0x00000000e1590000)
 tenured generation   total 21888K, used 11526K [0x00000000eb2a0000, 0x00000000ec800000, 0x0000000100000000)
   the space 21888K,  52% used [0x00000000eb2a0000, 0x00000000ebde1808, 0x00000000ebde1a00, 0x00000000ec800000)
 Metaspace       used 17884K, capacity 18696K, committed 18944K, reserved 1067008K
  class space    used 2032K, capacity 2275K, committed 2304K, reserved 1048576K
}
Event: 5.556 GC heap after
{Heap after GC invocations=20 (full 0):
 def new generation   total 9792K, used 927K [0x00000000e0c00000, 0x00000000e16a0000, 0x00000000eb2a0000)
  eden space 8704K,   0% used [0x00000000e0c00000, 0x00000000e0c00000, 0x00000000e1480000)
  from space 1088K,  85% used [0x00000000e1480000, 0x00000000e1567e10, 0x00000000e1590000)
  to   space 1088K,   0% used [0x00000000e1590000, 0x00000000e1590000, 0x00000000e16a0000)
 tenured generation   total 21888K, used 11526K [0x00000000eb2a0000, 0x00000000ec800000, 0x0000000100000000)
   the space 21888K,  52% used [0x00000000eb2a0000, 0x00000000ebde1808, 0x00000000ebde1a00, 0x00000000ec800000)
 Metaspace       used 17884K, capacity 18696K, committed 18944K, reserved 1067008K
  class space    used 2032K, capacity 2275K, committed 2304K, reserved 1048576K
}
Event: 6.391 GC heap before
{Heap before GC invocations=20 (full 0):
 def new generation   total 9792K, used 9631K [0x00000000e0c00000, 0x00000000e16a0000, 0x00000000eb2a0000)
  eden space 8704K, 100% used [0x00000000e0c00000, 0x00000000e1480000, 0x00000000e1480000)
  from space 1088K,  85% used [0x00000000e1480000, 0x00000000e1567e10, 0x00000000e1590000)
  to   space 1088K,   0% used [0x00000000e1590000, 0x00000000e1590000, 0x00000000e16a0000)
 tenured generation   total 21888K, used 11526K [0x00000000eb2a0000, 0x00000000ec800000, 0x0000000100000000)
   the space 21888K,  52% used [0x00000000eb2a0000, 0x00000000ebde1808, 0x00000000ebde1a00, 0x00000000ec800000)
 Metaspace       used 18985K, capacity 19666K, committed 19840K, reserved 1067008K
  class space    used 2188K, capacity 2429K, committed 2432K, reserved 1048576K
}
Event: 6.395 GC heap after
{Heap after GC invocations=21 (full 0):
 def new generation   total 9792K, used 949K [0x00000000e0c00000, 0x00000000e16a0000, 0x00000000eb2a0000)
  eden space 8704K,   0% used [0x00000000e0c00000, 0x00000000e0c00000, 0x00000000e1480000)
  from space 1088K,  87% used [0x00000000e1590000, 0x00000000e167d6b8, 0x00000000e16a0000)
  to   space 1088K,   0% used [0x00000000e1480000, 0x00000000e1480000, 0x00000000e1590000)
 tenured generation   total 21888K, used 12437K [0x00000000eb2a0000, 0x00000000ec800000, 0x0000000100000000)
   the space 21888K,  56% used [0x00000000eb2a0000, 0x00000000ebec5540, 0x00000000ebec5600, 0x00000000ec800000)
 Metaspace       used 18985K, capacity 19666K, committed 19840K, reserved 1067008K
  class space    used 2188K, capacity 2429K, committed 2432K, reserved 1048576K
}
Event: 7.031 GC heap before
{Heap before GC invocations=21 (full 0):
 def new generation   total 9792K, used 3615K [0x00000000e0c00000, 0x00000000e16a0000, 0x00000000eb2a0000)
  eden space 8704K,  30% used [0x00000000e0c00000, 0x00000000e0e9a890, 0x00000000e1480000)
  from space 1088K,  87% used [0x00000000e1590000, 0x00000000e167d6b8, 0x00000000e16a0000)
  to   space 1088K,   0% used [0x00000000e1480000, 0x00000000e1480000, 0x00000000e1590000)
 tenured generation   total 21888K, used 12437K [0x00000000eb2a0000, 0x00000000ec800000, 0x0000000100000000)
   the space 21888K,  56% used [0x00000000eb2a0000, 0x00000000ebec5540, 0x00000000ebec5600, 0x00000000ec800000)
 Metaspace       used 20399K, capacity 21033K, committed 21296K, reserved 1069056K
  class space    used 2335K, capacity 2570K, committed 2688K, reserved 1048576K
}
Event: 7.071 GC heap after
{Heap after GC invocations=22 (full 1):
 def new generation   total 10304K, used 0K [0x00000000e0c00000, 0x00000000e1720000, 0x00000000eb2a0000)
  eden space 9216K,   0% used [0x00000000e0c00000, 0x00000000e0c00000, 0x00000000e1500000)
  from space 1088K,   0% used [0x00000000e1500000, 0x00000000e1500000, 0x00000000e1610000)
  to   space 1088K,   0% used [0x00000000e1610000, 0x00000000e1610000, 0x00000000e1720000)
 tenured generation   total 22728K, used 13634K [0x00000000eb2a0000, 0x00000000ec8d2000, 0x0000000100000000)
   the space 22728K,  59% used [0x00000000eb2a0000, 0x00000000ebff0a58, 0x00000000ebff0c00, 0x00000000ec8d2000)
 Metaspace       used 20399K, capacity 21033K, committed 21296K, reserved 1069056K
  class space    used 2335K, capacity 2570K, committed 2688K, reserved 1048576K
}

Deoptimization events (20 events):
Event: 7.527 Thread 0x00007fe848fd1000 Uncommon trap: trap_request=0xffffffc6 fr.pc=0x00007fe83788fff0 relative=0x0000000000000210
Event: 7.527 Thread 0x00007fe848fd1000 Uncommon trap: reason=bimorphic_or_optimized_type_check action=maybe_recompile pc=0x00007fe83788fff0 method=java.util.regex.Pattern$BmpCharProperty.match(Ljava/util/regex/Matcher;ILjava/lang/CharSequence;)Z @ 14 c2
Event: 7.527 Thread 0x00007fe848fd1000 DEOPT PACKING pc=0x00007fe83788fff0 sp=0x00007fe82d32a4f0
Event: 7.527 Thread 0x00007fe848fd1000 DEOPT UNPACKING pc=0x00007fe82fcec3a5 sp=0x00007fe82d32a4a0 mode 2
Event: 7.528 Thread 0x00007fe848fd1000 Uncommon trap: trap_request=0xffffffc6 fr.pc=0x00007fe83789210c relative=0x00000000000000cc
Event: 7.528 Thread 0x00007fe848fd1000 Uncommon trap: reason=bimorphic_or_optimized_type_check action=maybe_recompile pc=0x00007fe83789210c method=java.lang.Character.codePointBefore(Ljava/lang/CharSequence;I)I @ 5 c2
Event: 7.528 Thread 0x00007fe848fd1000 DEOPT PACKING pc=0x00007fe83789210c sp=0x00007fe82d32a5b0
Event: 7.528 Thread 0x00007fe848fd1000 DEOPT UNPACKING pc=0x00007fe82fcec3a5 sp=0x00007fe82d32a568 mode 2
Event: 7.528 Thread 0x00007fe848fd1000 Uncommon trap: trap_request=0xffffffc6 fr.pc=0x00007fe83789210c relative=0x00000000000000cc
Event: 7.528 Thread 0x00007fe848fd1000 Uncommon trap: reason=bimorphic_or_optimized_type_check action=maybe_recompile pc=0x00007fe83789210c method=java.lang.Character.codePointBefore(Ljava/lang/CharSequence;I)I @ 5 c2
Event: 7.528 Thread 0x00007fe848fd1000 DEOPT PACKING pc=0x00007fe83789210c sp=0x00007fe82d32a5b0
Event: 7.528 Thread 0x00007fe848fd1000 DEOPT UNPACKING pc=0x00007fe82fcec3a5 sp=0x00007fe82d32a568 mode 2
Event: 7.528 Thread 0x00007fe848fd1000 Uncommon trap: trap_request=0xffffffc6 fr.pc=0x00007fe83789210c relative=0x00000000000000cc
Event: 7.528 Thread 0x00007fe848fd1000 Uncommon trap: reason=bimorphic_or_optimized_type_check action=maybe_recompile pc=0x00007fe83789210c method=java.lang.Character.codePointBefore(Ljava/lang/CharSequence;I)I @ 5 c2
Event: 7.528 Thread 0x00007fe848fd1000 DEOPT PACKING pc=0x00007fe83789210c sp=0x00007fe82d32a5b0
Event: 7.528 Thread 0x00007fe848fd1000 DEOPT UNPACKING pc=0x00007fe82fcec3a5 sp=0x00007fe82d32a568 mode 2
Event: 7.528 Thread 0x00007fe848fd1000 Uncommon trap: trap_request=0xffffffc6 fr.pc=0x00007fe83789210c relative=0x00000000000000cc
Event: 7.528 Thread 0x00007fe848fd1000 Uncommon trap: reason=bimorphic_or_optimized_type_check action=maybe_recompile pc=0x00007fe83789210c method=java.lang.Character.codePointBefore(Ljava/lang/CharSequence;I)I @ 5 c2
Event: 7.528 Thread 0x00007fe848fd1000 DEOPT PACKING pc=0x00007fe83789210c sp=0x00007fe82d32a5b0
Event: 7.528 Thread 0x00007fe848fd1000 DEOPT UNPACKING pc=0x00007fe82fcec3a5 sp=0x00007fe82d32a568 mode 2

Classes redefined (0 events):
No events

Internal exceptions (17 events):
Event: 0.263 Thread 0x00007fe848014000 Exception <a 'java/lang/NoSuchMethodError'{0x00000000e0ef21f8}: 'int java.lang.invoke.DirectMethodHandle$Holder.invokeSpecialIFC(java.lang.Object, java.lang.Object, int)'> (0x00000000e0ef21f8) thrown at [/build/openjdk-11-11.0.6+10/src/hotspot/share/inter
Event: 2.061 Thread 0x00007fe848014000 Exception <a 'java/lang/NoClassDefFoundError'{0x00000000e0f7f5e0}: com/google/inject/servlet/ServletModuleTargetVisitor> (0x00000000e0f7f5e0) thrown at [/build/openjdk-11-11.0.6+10/src/hotspot/share/classfile/systemDictionary.cpp, line 220]
Event: 2.061 Thread 0x00007fe848014000 Exception <a 'java/lang/NoClassDefFoundError'{0x00000000e0f7f5e0}> (0x00000000e0f7f5e0) thrown at [/build/openjdk-11-11.0.6+10/src/hotspot/share/prims/jvm.cpp, line 1301]
Event: 2.061 Thread 0x00007fe848014000 Exception <a 'java/lang/NoClassDefFoundError'{0x00000000e0f821e8}: javax/annotation/Priority> (0x00000000e0f821e8) thrown at [/build/openjdk-11-11.0.6+10/src/hotspot/share/classfile/systemDictionary.cpp, line 220]
Event: 2.711 Thread 0x00007fe848014000 Implicit null exception at 0x00007fe8377f0f05 to 0x00007fe8377f10de
Event: 4.485 Thread 0x00007fe848014000 Exception <a 'java/lang/NoSuchMethodError'{0x00000000e0d2caf8}: 'java.lang.Object java.lang.invoke.DirectMethodHandle$Holder.invokeStatic(java.lang.Object, java.lang.Object, java.lang.Object, java.lang.Object, java.lang.Object, java.lang.Object, java.lang
Event: 4.487 Thread 0x00007fe848014000 Exception <a 'java/lang/NoSuchMethodError'{0x00000000e0d3ab00}: 'java.lang.Object java.lang.invoke.DirectMethodHandle$Holder.invokeStatic(java.lang.Object, java.lang.Object, java.lang.Object, java.lang.Object, java.lang.Object, java.lang.Object, java.lang
Event: 4.489 Thread 0x00007fe848014000 Exception <a 'java/lang/NoSuchMethodError'{0x00000000e0d48cc8}: 'java.lang.Object java.lang.invoke.DirectMethodHandle$Holder.invokeSpecial(java.lang.Object, java.lang.Object, int, int, java.lang.Object, java.lang.Object, java.lang.Object)'> (0x00000000e0d
Event: 4.490 Thread 0x00007fe848014000 Exception <a 'java/lang/NoSuchMethodError'{0x00000000e0d4c500}: 'java.lang.Object java.lang.invoke.DelegatingMethodHandle$Holder.reinvoke_L(java.lang.Object, int, int, java.lang.Object, java.lang.Object, java.lang.Object)'> (0x00000000e0d4c500) thrown at 
Event: 4.491 Thread 0x00007fe848014000 Exception <a 'java/lang/NoSuchMethodError'{0x00000000e0d50b30}: 'java.lang.Object java.lang.invoke.DirectMethodHandle$Holder.invokeStatic(java.lang.Object, java.lang.Object, java.lang.Object, java.lang.Object, int)'> (0x00000000e0d50b30) thrown at [/build
Event: 4.855 Thread 0x00007fe848014000 Exception <a 'java/lang/NoSuchMethodError'{0x00000000e0cc0280}: 'java.lang.Object java.lang.invoke.DirectMethodHandle$Holder.invokeStatic(java.lang.Object, int, java.lang.Object)'> (0x00000000e0cc0280) thrown at [/build/openjdk-11-11.0.6+10/src/hotspot/sh
Event: 5.773 Thread 0x00007fe848014000 Exception <a 'java/lang/NoSuchMethodError'{0x00000000e11ee8f0}: 'java.lang.Object java.lang.invoke.DirectMethodHandle$Holder.invokeStaticInit(java.lang.Object, java.lang.Object, long, java.lang.Object)'> (0x00000000e11ee8f0) thrown at [/build/openjdk-11-1
Event: 5.776 Thread 0x00007fe848014000 Exception <a 'java/lang/NoSuchMethodError'{0x00000000e11faa50}: 'java.lang.Object java.lang.invoke.Invokers$Holder.linkToTargetMethod(java.lang.Object, long, java.lang.Object)'> (0x00000000e11faa50) thrown at [/build/openjdk-11-11.0.6+10/src/hotspot/share
Event: 5.779 Thread 0x00007fe848014000 Exception <a 'java/lang/NoSuchMethodError'{0x00000000e12017a0}: 'java.lang.Object java.lang.invoke.DirectMethodHandle$Holder.invokeStatic(java.lang.Object, java.lang.Object, java.lang.Object, int)'> (0x00000000e12017a0) thrown at [/build/openjdk-11-11.0.6
Event: 5.779 Thread 0x00007fe848014000 Exception <a 'java/lang/NoSuchMethodError'{0x00000000e1205168}: 'java.lang.Object java.lang.invoke.DirectMethodHandle$Holder.invokeSpecial(java.lang.Object, java.lang.Object, java.lang.Object, java.lang.Object, int)'> (0x00000000e1205168) thrown at [/buil
Event: 5.779 Thread 0x00007fe848014000 Exception <a 'java/lang/NoSuchMethodError'{0x00000000e12081d0}: 'java.lang.Object java.lang.invoke.Invokers$Holder.linkToTargetMethod(java.lang.Object, java.lang.Object, int, java.lang.Object)'> (0x00000000e12081d0) thrown at [/build/openjdk-11-11.0.6+10/
Event: 7.107 Thread 0x00007fe848014000 Exception <a 'java/lang/ClassNotFoundException'{0x00000000e0d61050}: sun/util/logging/resources/spi/loggingProvider> (0x00000000e0d61050) thrown at [/build/openjdk-11-11.0.6+10/src/hotspot/share/classfile/systemDictionary.cpp, line 231]

Events (20 events):
Event: 7.108 loading class sun/util/logging/resources/logging_en
Event: 7.108 loading class sun/util/logging/resources/logging_en done
Event: 7.109 loading class sun/util/logging/resources/logging_en_US
Event: 7.109 loading class sun/util/logging/resources/logging_en_US done
Event: 7.109 loading class sun/util/logging/resources/logging_en_US
Event: 7.109 loading class sun/util/logging/resources/logging_en_US done
Event: 7.115 loading class java/util/Scanner
Event: 7.115 loading class java/util/Scanner done
Event: 7.118 loading class java/util/Scanner$PatternLRUCache
Event: 7.118 loading class java/util/Scanner$PatternLRUCache done
Event: 7.119 Thread 0x00007fe848f8b000 Thread added: 0x00007fe848f8b000
Event: 7.119 Protecting memory [0x00007fe82d32c000,0x00007fe82d330000] with protection modes 0
Event: 7.119 Thread 0x00007fe848fd1000 Thread added: 0x00007fe848fd1000
Event: 7.119 Protecting memory [0x00007fe82d22b000,0x00007fe82d22f000] with protection modes 0
Event: 7.519 loading class java/util/regex/Matcher$ImmutableMatchResult
Event: 7.519 loading class java/util/regex/Matcher$ImmutableMatchResult done
Event: 7.520 loading class org/apache/maven/plugin/logging/Log
Event: 7.520 loading class org/apache/maven/plugin/logging/Log done
Event: 7.520 loading class org/apache/maven/plugin/logging/Log
Event: 7.520 loading class org/apache/maven/plugin/logging/Log done


Dynamic libraries:
e0c00000-e1720000 rw-p 00000000 00:00 0 
e1720000-eb2a0000 ---p 00000000 00:00 0 
eb2a0000-ec8d2000 rw-p 00000000 00:00 0 
ec8d2000-100000000 ---p 00000000 00:00 0 
800000000-800002000 rwxp 00001000 08:01 2118409                          /usr/lib/jvm/java-11-openjdk-amd64/lib/server/classes.jsa
800002000-8003b7000 rw-p 00003000 08:01 2118409                          /usr/lib/jvm/java-11-openjdk-amd64/lib/server/classes.jsa
8003b7000-800a8a000 r--p 003b8000 08:01 2118409                          /usr/lib/jvm/java-11-openjdk-amd64/lib/server/classes.jsa
800a8a000-800a8b000 rw-p 00a8b000 08:01 2118409                          /usr/lib/jvm/java-11-openjdk-amd64/lib/server/classes.jsa
800a8b000-801095000 r--p 00a8c000 08:01 2118409                          /usr/lib/jvm/java-11-openjdk-amd64/lib/server/classes.jsa
840000000-8402a0000 rw-p 00000000 00:00 0 
8402a0000-880000000 ---p 00000000 00:00 0 
55a7cd922000-55a7cd923000 r-xp 00000000 08:01 2118040                    /usr/lib/jvm/java-11-openjdk-amd64/bin/java
55a7cdb23000-55a7cdb24000 r--p 00001000 08:01 2118040                    /usr/lib/jvm/java-11-openjdk-amd64/bin/java
55a7cdb24000-55a7cdb25000 rw-p 00002000 08:01 2118040                    /usr/lib/jvm/java-11-openjdk-amd64/bin/java
55a7cf880000-55a7cf8c2000 rw-p 00000000 00:00 0                          [heap]
7fe7f8000000-7fe7f8021000 rw-p 00000000 00:00 0 
7fe7f8021000-7fe7fc000000 ---p 00000000 00:00 0 
7fe7fc000000-7fe7fc021000 rw-p 00000000 00:00 0 
7fe7fc021000-7fe800000000 ---p 00000000 00:00 0 
7fe800000000-7fe800021000 rw-p 00000000 00:00 0 
7fe800021000-7fe804000000 ---p 00000000 00:00 0 
7fe804000000-7fe804021000 rw-p 00000000 00:00 0 
7fe804021000-7fe808000000 ---p 00000000 00:00 0 
7fe808000000-7fe808021000 rw-p 00000000 00:00 0 
7fe808021000-7fe80c000000 ---p 00000000 00:00 0 
7fe80c000000-7fe80c021000 rw-p 00000000 00:00 0 
7fe80c021000-7fe810000000 ---p 00000000 00:00 0 
7fe810000000-7fe8104b7000 rw-p 00000000 00:00 0 
7fe8104b7000-7fe814000000 ---p 00000000 00:00 0 
7fe814000000-7fe814021000 rw-p 00000000 00:00 0 
7fe814021000-7fe818000000 ---p 00000000 00:00 0 
7fe818000000-7fe818021000 rw-p 00000000 00:00 0 
7fe818021000-7fe81c000000 ---p 00000000 00:00 0 
7fe81c000000-7fe81c4f7000 rw-p 00000000 00:00 0 
7fe81c4f7000-7fe820000000 ---p 00000000 00:00 0 
7fe820000000-7fe820021000 rw-p 00000000 00:00 0 
7fe820021000-7fe824000000 ---p 00000000 00:00 0 
7fe824000000-7fe824021000 rw-p 00000000 00:00 0 
7fe824021000-7fe828000000 ---p 00000000 00:00 0 
7fe828000000-7fe82802a000 rw-p 00000000 00:00 0 
7fe82802a000-7fe82c000000 ---p 00000000 00:00 0 
7fe82d02b000-7fe82d0d7000 rw-p 00000000 00:00 0 
7fe82d0d7000-7fe82d22b000 ---p 00000000 00:00 0 
7fe82d22b000-7fe82d22f000 ---p 00000000 00:00 0 
7fe82d22f000-7fe82d32c000 rw-p 00000000 00:00 0 
7fe82d32c000-7fe82d330000 ---p 00000000 00:00 0 
7fe82d330000-7fe82d62d000 rw-p 00000000 00:00 0 
7fe82d62d000-7fe82d82d000 rw-p 00000000 00:00 0 
7fe82d82d000-7fe82da2d000 rw-p 00000000 00:00 0 
7fe82da2d000-7fe82dc2d000 rw-p 00000000 00:00 0 
7fe82dc2d000-7fe82de2d000 rw-p 00000000 00:00 0 
7fe82de2d000-7fe82de2f000 r-xp 00000000 08:01 1843038                    /lib/x86_64-linux-gnu/libutil-2.24.so
7fe82de2f000-7fe82e02e000 ---p 00002000 08:01 1843038                    /lib/x86_64-linux-gnu/libutil-2.24.so
7fe82e02e000-7fe82e02f000 r--p 00001000 08:01 1843038                    /lib/x86_64-linux-gnu/libutil-2.24.so
7fe82e02f000-7fe82e030000 rw-p 00002000 08:01 1843038                    /lib/x86_64-linux-gnu/libutil-2.24.so
7fe82e030000-7fe82e033000 r-xp 00000000 08:01 1993728                    /opt/maven/lib/jansi-native/linux64/libjansi.so
7fe82e033000-7fe82e232000 ---p 00003000 08:01 1993728                    /opt/maven/lib/jansi-native/linux64/libjansi.so
7fe82e232000-7fe82e233000 rw-p 00002000 08:01 1993728                    /opt/maven/lib/jansi-native/linux64/libjansi.so
7fe82e233000-7fe82e249000 r-xp 00000000 08:01 2118388                    /usr/lib/jvm/java-11-openjdk-amd64/lib/libnet.so
7fe82e249000-7fe82e448000 ---p 00016000 08:01 2118388                    /usr/lib/jvm/java-11-openjdk-amd64/lib/libnet.so
7fe82e448000-7fe82e449000 r--p 00015000 08:01 2118388                    /usr/lib/jvm/java-11-openjdk-amd64/lib/libnet.so
7fe82e449000-7fe82e44a000 rw-p 00016000 08:01 2118388                    /usr/lib/jvm/java-11-openjdk-amd64/lib/libnet.so
7fe82e44a000-7fe82e45a000 r-xp 00000000 08:01 2118389                    /usr/lib/jvm/java-11-openjdk-amd64/lib/libnio.so
7fe82e45a000-7fe82e659000 ---p 00010000 08:01 2118389                    /usr/lib/jvm/java-11-openjdk-amd64/lib/libnio.so
7fe82e659000-7fe82e65a000 r--p 0000f000 08:01 2118389                    /usr/lib/jvm/java-11-openjdk-amd64/lib/libnio.so
7fe82e65a000-7fe82e65b000 rw-p 00010000 08:01 2118389                    /usr/lib/jvm/java-11-openjdk-amd64/lib/libnio.so
7fe82e65b000-7fe82e65f000 ---p 00000000 00:00 0 
7fe82e65f000-7fe82e75c000 rw-p 00000000 00:00 0 
7fe82e75c000-7fe82e75d000 ---p 00000000 00:00 0 
7fe82e75d000-7fe82e85e000 rw-p 00000000 00:00 0 
7fe82e85e000-7fe82e862000 ---p 00000000 00:00 0 
7fe82e862000-7fe82e95f000 rw-p 00000000 00:00 0 
7fe82e95f000-7fe82e963000 ---p 00000000 00:00 0 
7fe82e963000-7fe82ea60000 rw-p 00000000 00:00 0 
7fe82ea60000-7fe82ea64000 ---p 00000000 00:00 0 
7fe82ea64000-7fe82eb61000 rw-p 00000000 00:00 0 
7fe82eb61000-7fe82eb65000 ---p 00000000 00:00 0 
7fe82eb65000-7fe82ec62000 rw-p 00000000 00:00 0 
7fe82ec62000-7fe82ec66000 ---p 00000000 00:00 0 
7fe82ec66000-7fe82ed63000 rw-p 00000000 00:00 0 
7fe82ed63000-7fe82eefe000 r--p 00000000 08:01 1850658                    /usr/lib/locale/locale-archive
7fe82eefe000-7fe82ef02000 ---p 00000000 00:00 0 
7fe82ef02000-7fe82efff000 rw-p 00000000 00:00 0 
7fe82efff000-7fe82f003000 ---p 00000000 00:00 0 
7fe82f003000-7fe82f100000 rw-p 00000000 00:00 0 
7fe82f100000-7fe82f101000 ---p 00000000 00:00 0 
7fe82f101000-7fe82fade000 rw-p 00000000 00:00 0 
7fe82fade000-7fe82fae4000 rw-p 00000000 00:00 0 
7fe82fae4000-7fe82fb31000 ---p 00000000 00:00 0 
7fe82fb31000-7fe82fb3d000 rw-p 00000000 00:00 0 
7fe82fb3d000-7fe82fbd8000 ---p 00000000 00:00 0 
7fe82fbd8000-7fe82fbde000 rw-p 00000000 00:00 0 
7fe82fbde000-7fe82fcc4000 ---p 00000000 00:00 0 
7fe82fcc4000-7fe82ff34000 rwxp 00000000 00:00 0 
7fe82ff34000-7fe830253000 ---p 00000000 00:00 0 
7fe830253000-7fe830b53000 rwxp 00000000 00:00 0 
7fe830b53000-7fe83778b000 ---p 00000000 00:00 0 
7fe83778b000-7fe8379fb000 rwxp 00000000 00:00 0 
7fe8379fb000-7fe83ecc4000 ---p 00000000 00:00 0 
7fe83ecc4000-7fe8473b4000 r--s 00000000 08:01 2118399                    /usr/lib/jvm/java-11-openjdk-amd64/lib/modules
7fe8473b4000-7fe8473b9000 r-xp 00000000 08:01 2118380                    /usr/lib/jvm/java-11-openjdk-amd64/lib/libjimage.so
7fe8473b9000-7fe8475b8000 ---p 00005000 08:01 2118380                    /usr/lib/jvm/java-11-openjdk-amd64/lib/libjimage.so
7fe8475b8000-7fe8475b9000 r--p 00004000 08:01 2118380                    /usr/lib/jvm/java-11-openjdk-amd64/lib/libjimage.so
7fe8475b9000-7fe8475ba000 rw-p 00005000 08:01 2118380                    /usr/lib/jvm/java-11-openjdk-amd64/lib/libjimage.so
7fe8475ba000-7fe8475c1000 r-xp 00000000 08:01 2118398                    /usr/lib/jvm/java-11-openjdk-amd64/lib/libzip.so
7fe8475c1000-7fe8477c0000 ---p 00007000 08:01 2118398                    /usr/lib/jvm/java-11-openjdk-amd64/lib/libzip.so
7fe8477c0000-7fe8477c1000 r--p 00006000 08:01 2118398                    /usr/lib/jvm/java-11-openjdk-amd64/lib/libzip.so
7fe8477c1000-7fe8477c2000 rw-p 00007000 08:01 2118398                    /usr/lib/jvm/java-11-openjdk-amd64/lib/libzip.so
7fe8477c2000-7fe8477cc000 r-xp 00000000 08:01 1843001                    /lib/x86_64-linux-gnu/libnss_files-2.24.so
7fe8477cc000-7fe8479cc000 ---p 0000a000 08:01 1843001                    /lib/x86_64-linux-gnu/libnss_files-2.24.so
7fe8479cc000-7fe8479cd000 r--p 0000a000 08:01 1843001                    /lib/x86_64-linux-gnu/libnss_files-2.24.so
7fe8479cd000-7fe8479ce000 rw-p 0000b000 08:01 1843001                    /lib/x86_64-linux-gnu/libnss_files-2.24.so
7fe8479ce000-7fe8479d4000 rw-p 00000000 00:00 0 
7fe8479d4000-7fe8479df000 r-xp 00000000 08:01 1843005                    /lib/x86_64-linux-gnu/libnss_nis-2.24.so
7fe8479df000-7fe847bde000 ---p 0000b000 08:01 1843005                    /lib/x86_64-linux-gnu/libnss_nis-2.24.so
7fe847bde000-7fe847bdf000 r--p 0000a000 08:01 1843005                    /lib/x86_64-linux-gnu/libnss_nis-2.24.so
7fe847bdf000-7fe847be0000 rw-p 0000b000 08:01 1843005                    /lib/x86_64-linux-gnu/libnss_nis-2.24.so
7fe847be0000-7fe847bf4000 r-xp 00000000 08:01 1842995                    /lib/x86_64-linux-gnu/libnsl-2.24.so
7fe847bf4000-7fe847df4000 ---p 00014000 08:01 1842995                    /lib/x86_64-linux-gnu/libnsl-2.24.so
7fe847df4000-7fe847df5000 r--p 00014000 08:01 1842995                    /lib/x86_64-linux-gnu/libnsl-2.24.so
7fe847df5000-7fe847df6000 rw-p 00015000 08:01 1842995                    /lib/x86_64-linux-gnu/libnsl-2.24.so
7fe847df6000-7fe847df8000 rw-p 00000000 00:00 0 
7fe847df8000-7fe847dff000 r-xp 00000000 08:01 1842997                    /lib/x86_64-linux-gnu/libnss_compat-2.24.so
7fe847dff000-7fe847ffe000 ---p 00007000 08:01 1842997                    /lib/x86_64-linux-gnu/libnss_compat-2.24.so
7fe847ffe000-7fe847fff000 r--p 00006000 08:01 1842997                    /lib/x86_64-linux-gnu/libnss_compat-2.24.so
7fe847fff000-7fe848000000 rw-p 00007000 08:01 1842997                    /lib/x86_64-linux-gnu/libnss_compat-2.24.so
7fe848000000-7fe848fd4000 rw-p 00000000 00:00 0 
7fe848fd4000-7fe84c000000 ---p 00000000 00:00 0 
7fe84c006000-7fe84c00a000 ---p 00000000 00:00 0 
7fe84c00a000-7fe84c0b4000 rw-p 00000000 00:00 0 
7fe84c0b4000-7fe84c18d000 ---p 00000000 00:00 0 
7fe84c18d000-7fe84c1b6000 r-xp 00000000 08:01 2118376                    /usr/lib/jvm/java-11-openjdk-amd64/lib/libjava.so
7fe84c1b6000-7fe84c3b5000 ---p 00029000 08:01 2118376                    /usr/lib/jvm/java-11-openjdk-amd64/lib/libjava.so
7fe84c3b5000-7fe84c3b6000 r--p 00028000 08:01 2118376                    /usr/lib/jvm/java-11-openjdk-amd64/lib/libjava.so
7fe84c3b6000-7fe84c3b8000 rw-p 00029000 08:01 2118376                    /usr/lib/jvm/java-11-openjdk-amd64/lib/libjava.so
7fe84c3b8000-7fe84c3c5000 r-xp 00000000 08:01 2118397                    /usr/lib/jvm/java-11-openjdk-amd64/lib/libverify.so
7fe84c3c5000-7fe84c5c4000 ---p 0000d000 08:01 2118397                    /usr/lib/jvm/java-11-openjdk-amd64/lib/libverify.so
7fe84c5c4000-7fe84c5c6000 r--p 0000c000 08:01 2118397                    /usr/lib/jvm/java-11-openjdk-amd64/lib/libverify.so
7fe84c5c6000-7fe84c5c7000 rw-p 0000e000 08:01 2118397                    /usr/lib/jvm/java-11-openjdk-amd64/lib/libverify.so
7fe84c5c7000-7fe84c5ce000 r-xp 00000000 08:01 1843022                    /lib/x86_64-linux-gnu/librt-2.24.so
7fe84c5ce000-7fe84c7cd000 ---p 00007000 08:01 1843022                    /lib/x86_64-linux-gnu/librt-2.24.so
7fe84c7cd000-7fe84c7ce000 r--p 00006000 08:01 1843022                    /lib/x86_64-linux-gnu/librt-2.24.so
7fe84c7ce000-7fe84c7cf000 rw-p 00007000 08:01 1843022                    /lib/x86_64-linux-gnu/librt-2.24.so
7fe84c7cf000-7fe84c7e5000 r-xp 00000000 08:01 1842975                    /lib/x86_64-linux-gnu/libgcc_s.so.1
7fe84c7e5000-7fe84c9e4000 ---p 00016000 08:01 1842975                    /lib/x86_64-linux-gnu/libgcc_s.so.1
7fe84c9e4000-7fe84c9e5000 r--p 00015000 08:01 1842975                    /lib/x86_64-linux-gnu/libgcc_s.so.1
7fe84c9e5000-7fe84c9e6000 rw-p 00016000 08:01 1842975                    /lib/x86_64-linux-gnu/libgcc_s.so.1
7fe84c9e6000-7fe84cae9000 r-xp 00000000 08:01 1842984                    /lib/x86_64-linux-gnu/libm-2.24.so
7fe84cae9000-7fe84cce8000 ---p 00103000 08:01 1842984                    /lib/x86_64-linux-gnu/libm-2.24.so
7fe84cce8000-7fe84cce9000 r--p 00102000 08:01 1842984                    /lib/x86_64-linux-gnu/libm-2.24.so
7fe84cce9000-7fe84ccea000 rw-p 00103000 08:01 1842984                    /lib/x86_64-linux-gnu/libm-2.24.so
7fe84ccea000-7fe84ce5c000 r-xp 00000000 08:01 1843740                    /usr/lib/x86_64-linux-gnu/libstdc++.so.6.0.22
7fe84ce5c000-7fe84d05c000 ---p 00172000 08:01 1843740                    /usr/lib/x86_64-linux-gnu/libstdc++.so.6.0.22
7fe84d05c000-7fe84d066000 r--p 00172000 08:01 1843740                    /usr/lib/x86_64-linux-gnu/libstdc++.so.6.0.22
7fe84d066000-7fe84d068000 rw-p 0017c000 08:01 1843740                    /usr/lib/x86_64-linux-gnu/libstdc++.so.6.0.22
7fe84d068000-7fe84d06c000 rw-p 00000000 00:00 0 
7fe84d06c000-7fe84e0f4000 r-xp 00000000 08:01 2118411                    /usr/lib/jvm/java-11-openjdk-amd64/lib/server/libjvm.so
7fe84e0f4000-7fe84e2f3000 ---p 01088000 08:01 2118411                    /usr/lib/jvm/java-11-openjdk-amd64/lib/server/libjvm.so
7fe84e2f3000-7fe84e3b0000 r--p 01087000 08:01 2118411                    /usr/lib/jvm/java-11-openjdk-amd64/lib/server/libjvm.so
7fe84e3b0000-7fe84e3ea000 rw-p 01144000 08:01 2118411                    /usr/lib/jvm/java-11-openjdk-amd64/lib/server/libjvm.so
7fe84e3ea000-7fe84e440000 rw-p 00000000 00:00 0 
7fe84e440000-7fe84e5d5000 r-xp 00000000 08:01 1842955                    /lib/x86_64-linux-gnu/libc-2.24.so
7fe84e5d5000-7fe84e7d5000 ---p 00195000 08:01 1842955                    /lib/x86_64-linux-gnu/libc-2.24.so
7fe84e7d5000-7fe84e7d9000 r--p 00195000 08:01 1842955                    /lib/x86_64-linux-gnu/libc-2.24.so
7fe84e7d9000-7fe84e7db000 rw-p 00199000 08:01 1842955                    /lib/x86_64-linux-gnu/libc-2.24.so
7fe84e7db000-7fe84e7df000 rw-p 00000000 00:00 0 
7fe84e7df000-7fe84e7e2000 r-xp 00000000 08:01 1842967                    /lib/x86_64-linux-gnu/libdl-2.24.so
7fe84e7e2000-7fe84e9e1000 ---p 00003000 08:01 1842967                    /lib/x86_64-linux-gnu/libdl-2.24.so
7fe84e9e1000-7fe84e9e2000 r--p 00002000 08:01 1842967                    /lib/x86_64-linux-gnu/libdl-2.24.so
7fe84e9e2000-7fe84e9e3000 rw-p 00003000 08:01 1842967                    /lib/x86_64-linux-gnu/libdl-2.24.so
7fe84e9e3000-7fe84e9f2000 r-xp 00000000 08:01 2118358                    /usr/lib/jvm/java-11-openjdk-amd64/lib/jli/libjli.so
7fe84e9f2000-7fe84ebf1000 ---p 0000f000 08:01 2118358                    /usr/lib/jvm/java-11-openjdk-amd64/lib/jli/libjli.so
7fe84ebf1000-7fe84ebf2000 r--p 0000e000 08:01 2118358                    /usr/lib/jvm/java-11-openjdk-amd64/lib/jli/libjli.so
7fe84ebf2000-7fe84ebf3000 rw-p 0000f000 08:01 2118358                    /usr/lib/jvm/java-11-openjdk-amd64/lib/jli/libjli.so
7fe84ebf3000-7fe84ec0b000 r-xp 00000000 08:01 1843018                    /lib/x86_64-linux-gnu/libpthread-2.24.so
7fe84ec0b000-7fe84ee0a000 ---p 00018000 08:01 1843018                    /lib/x86_64-linux-gnu/libpthread-2.24.so
7fe84ee0a000-7fe84ee0b000 r--p 00017000 08:01 1843018                    /lib/x86_64-linux-gnu/libpthread-2.24.so
7fe84ee0b000-7fe84ee0c000 rw-p 00018000 08:01 1843018                    /lib/x86_64-linux-gnu/libpthread-2.24.so
7fe84ee0c000-7fe84ee10000 rw-p 00000000 00:00 0 
7fe84ee10000-7fe84ee29000 r-xp 00000000 08:01 1843043                    /lib/x86_64-linux-gnu/libz.so.1.2.8
7fe84ee29000-7fe84f028000 ---p 00019000 08:01 1843043                    /lib/x86_64-linux-gnu/libz.so.1.2.8
7fe84f028000-7fe84f029000 r--p 00018000 08:01 1843043                    /lib/x86_64-linux-gnu/libz.so.1.2.8
7fe84f029000-7fe84f02a000 rw-p 00019000 08:01 1843043                    /lib/x86_64-linux-gnu/libz.so.1.2.8
7fe84f02a000-7fe84f04d000 r-xp 00000000 08:01 1842937                    /lib/x86_64-linux-gnu/ld-2.24.so
7fe84f067000-7fe84f094000 rw-p 00000000 00:00 0 
7fe84f094000-7fe84f12f000 ---p 00000000 00:00 0 
7fe84f12f000-7fe84f134000 rw-p 00000000 00:00 0 
7fe84f134000-7fe84f13b000 ---p 00000000 00:00 0 
7fe84f13b000-7fe84f13d000 r--s 00007000 08:01 2379129                    /usr/share/java/java-atk-wrapper.jar
7fe84f13d000-7fe84f141000 ---p 00000000 00:00 0 
7fe84f141000-7fe84f242000 rw-p 00000000 00:00 0 
7fe84f243000-7fe84f24b000 rw-s 00000000 08:01 411604                     /tmp/hsperfdata_tanzachary/5791
7fe84f24b000-7fe84f24c000 ---p 00000000 00:00 0 
7fe84f24c000-7fe84f24d000 r--p 00000000 00:00 0 
7fe84f24d000-7fe84f24e000 r--p 00023000 08:01 1842937                    /lib/x86_64-linux-gnu/ld-2.24.so
7fe84f24e000-7fe84f24f000 rw-p 00024000 08:01 1842937                    /lib/x86_64-linux-gnu/ld-2.24.so
7fe84f24f000-7fe84f250000 rw-p 00000000 00:00 0 
7ffca1149000-7ffca116a000 rw-p 00000000 00:00 0                          [stack]
7ffca11a4000-7ffca11a7000 r--p 00000000 00:00 0                          [vvar]
7ffca11a7000-7ffca11a9000 r-xp 00000000 00:00 0                          [vdso]
ffffffffff600000-ffffffffff601000 r-xp 00000000 00:00 0                  [vsyscall]


VM Arguments:
jvm_args: -Dclassworlds.conf=/opt/maven/bin/m2.conf -Dmaven.home=/opt/maven -Dlibrary.jansi.path=/opt/maven/lib/jansi-native -Dmaven.multiModuleProjectDirectory=/home/tanzachary/step/portfolio 
java_command: org.codehaus.plexus.classworlds.launcher.Launcher package appengine:run
java_class_path (initial): /opt/maven/boot/plexus-classworlds-2.6.0.jar
Launcher Type: SUN_STANDARD

[Global flags]
     intx CICompilerCount                          = 2                                         {product} {ergonomic}
   size_t InitialHeapSize                          = 33554432                                  {product} {ergonomic}
   size_t MaxHeapSize                              = 524288000                                 {product} {ergonomic}
   size_t MaxNewSize                               = 174718976                                 {product} {ergonomic}
   size_t MinHeapDeltaBytes                        = 196608                                    {product} {ergonomic}
   size_t NewSize                                  = 11141120                                  {product} {ergonomic}
    uintx NonNMethodCodeHeapSize                   = 5825164                                {pd product} {ergonomic}
    uintx NonProfiledCodeHeapSize                  = 122916538                              {pd product} {ergonomic}
   size_t OldSize                                  = 22413312                                  {product} {ergonomic}
    uintx ProfiledCodeHeapSize                     = 122916538                              {pd product} {ergonomic}
    uintx ReservedCodeCacheSize                    = 251658240                              {pd product} {ergonomic}
     bool SegmentedCodeCache                       = true                                      {product} {ergonomic}
     bool UseCompressedClassPointers               = true                                 {lp64_product} {ergonomic}
     bool UseCompressedOops                        = true                                 {lp64_product} {ergonomic}
     bool UseSerialGC                              = true                                      {product} {ergonomic}

Logging:
Log output configuration:
 #0: stdout all=warning uptime,level,tags
 #1: stderr all=off uptime,level,tags

Environment Variables:
JAVA_HOME=/usr/lib/jvm/java-11-openjdk-amd64
PATH=/home/tanzachary/step/portfolio/node_modules/.bin:/home/tanzachary/gopath/bin:/google/gopath/bin:/home/tanzachary/.gems/bin:/usr/local/go/bin:/opt/gradle/bin:/opt/maven/bin:/usr/local/sbin:/usr/local/bin:/usr/sbin:/usr/bin:/sbin:/bin:/usr/local/nvm/versions/node/v10.14.2/bin:/google/go_appengine:/google/google_appengine:/google/migrate/anthos/
SHELL=/bin/bash

Signal Handlers:
SIGSEGV: [libjvm.so+0xd9bff0], sa_mask[0]=11111111011111111101111111111110, sa_flags=SA_RESTART|SA_SIGINFO
SIGBUS: [libjvm.so+0xd9bff0], sa_mask[0]=11111111011111111101111111111110, sa_flags=SA_RESTART|SA_SIGINFO
SIGFPE: [libjvm.so+0xd9bff0], sa_mask[0]=11111111011111111101111111111110, sa_flags=SA_RESTART|SA_SIGINFO
SIGPIPE: [libjvm.so+0xb8fcf0], sa_mask[0]=11111111011111111101111111111110, sa_flags=SA_RESTART|SA_SIGINFO
SIGXFSZ: [libjvm.so+0xb8fcf0], sa_mask[0]=11111111011111111101111111111110, sa_flags=SA_RESTART|SA_SIGINFO
SIGILL: [libjvm.so+0xd9bff0], sa_mask[0]=11111111011111111101111111111110, sa_flags=SA_RESTART|SA_SIGINFO
SIGUSR2: [libjvm.so+0xb8fb90], sa_mask[0]=00000000000000000000000000000000, sa_flags=SA_RESTART|SA_SIGINFO
SIGHUP: [libjvm.so+0xb8fef0], sa_mask[0]=11111111011111111101111111111110, sa_flags=SA_RESTART|SA_SIGINFO
SIGINT: [libjvm.so+0xb8fef0], sa_mask[0]=11111111011111111101111111111110, sa_flags=SA_RESTART|SA_SIGINFO
SIGTERM: [libjvm.so+0xb8fef0], sa_mask[0]=11111111011111111101111111111110, sa_flags=SA_RESTART|SA_SIGINFO
SIGQUIT: [libjvm.so+0xb8fef0], sa_mask[0]=11111111011111111101111111111110, sa_flags=SA_RESTART|SA_SIGINFO


---------------  S Y S T E M  ---------------

OS:PRETTY_NAME="Debian GNU/Linux 9 (stretch)"
NAME="Debian GNU/Linux"
VERSION_ID="9"
VERSION="9 (stretch)"
VERSION_CODENAME=stretch
ID=debian
HOME_URL="https://www.debian.org/"
SUPPORT_URL="https://www.debian.org/support"
BUG_REPORT_URL="https://bugs.debian.org/"
uname:Linux 4.19.112+ #1 SMP Wed May 6 00:27:44 PDT 2020 x86_64
libc:glibc 2.24 NPTL 2.24 
rlimit: STACK 8192k, CORE infinity, NPROC infinity, NOFILE 1048576, AS infinity, DATA infinity, FSIZE infinity
load average:0.48 0.72 0.80

/proc/meminfo:
MemTotal:        2043884 kB
MemFree:           93964 kB
MemAvailable:     803016 kB
Buffers:           63992 kB
Cached:           663684 kB
SwapCached:          740 kB
Active:           877788 kB
Inactive:         758476 kB
Active(anon):     459596 kB
Inactive(anon):   423424 kB
Active(file):     418192 kB
Inactive(file):   335052 kB
Unevictable:           0 kB
Mlocked:               0 kB
SwapTotal:        786428 kB
SwapFree:         703740 kB
Dirty:              1200 kB
Writeback:             0 kB
AnonPages:        907988 kB
Mapped:           412420 kB
Shmem:               820 kB
Slab:             194800 kB
SReclaimable:     143432 kB
SUnreclaim:        51368 kB
KernelStack:        8424 kB
PageTables:        14196 kB
NFS_Unstable:          0 kB
Bounce:                0 kB
WritebackTmp:          0 kB
CommitLimit:     1808368 kB
Committed_AS:    5236268 kB
VmallocTotal:   34359738367 kB
VmallocUsed:           0 kB
VmallocChunk:          0 kB
Percpu:              968 kB
AnonHugePages:      2048 kB
ShmemHugePages:        0 kB
ShmemPmdMapped:        0 kB
HugePages_Total:       0
HugePages_Free:        0
HugePages_Rsvd:        0
HugePages_Surp:        0
Hugepagesize:       2048 kB
Hugetlb:               0 kB
DirectMap4k:       85180 kB
DirectMap2M:     2011136 kB
DirectMap1G:           0 kB


/proc/sys/kernel/threads-max (system-wide limit on the number of threads):
15631


/proc/sys/vm/max_map_count (maximum number of memory map areas a process may have):
65530


/proc/sys/kernel/pid_max (system-wide limit on number of process identifiers):
4194304



container (cgroup) information:
container_type: cgroupv1
cpu_cpuset_cpus: 0-1
cpu_memory_nodes: 0
active_processor_count: 1
cpu_quota: -1
cpu_period: 100000
cpu_shares: 2
memory_limit_in_bytes: -1
memory_and_swap_limit_in_bytes: -1
memory_soft_limit_in_bytes: -1
memory_usage_in_bytes: 623058944
memory_max_usage_in_bytes: 684109824

KVM virtualization detected
Steal ticks since vm start: 5
Steal ticks percentage since vm start:  0.000

CPU:total 2 (initial active 1) (1 cores per cpu, 2 threads per core) family 6 model 63 stepping 0, cmov, cx8, fxsr, mmx, sse, sse2, sse3, ssse3, sse4.1, sse4.2, popcnt, avx, avx2, aes, clmul, erms, lzcnt, ht, tsc, tscinvbit, bmi1, bmi2, fma
CPU Model and flags from /proc/cpuinfo:
model name	: Intel(R) Xeon(R) CPU @ 2.30GHz
flags		: fpu vme de pse tsc msr pae mce cx8 apic sep mtrr pge mca cmov pat pse36 clflush mmx fxsr sse sse2 ss ht syscall nx pdpe1gb rdtscp lm constant_tsc rep_good nopl xtopology nonstop_tsc cpuid tsc_known_freq pni pclmulqdq ssse3 fma cx16 pcid sse4_1 sse4_2 x2apic movbe popcnt aes xsave avx f16c rdrand hypervisor lahf_lm abm invpcid_single pti ssbd ibrs ibpb stibp fsgsbase tsc_adjust bmi1 avx2 smep bmi2 erms invpcid xsaveopt arat md_clear arch_capabilities

Memory: 4k page, physical 2043884k(93964k free), swap 786428k(703740k free)

vm_info: OpenJDK 64-Bit Server VM (11.0.6+10-post-Debian-1bpo91) for linux-amd64 JRE (11.0.6+10-post-Debian-1bpo91), built on Feb  1 2020 09:07:43 by "unknown" with gcc 6.3.0 20170516

END.
