#
# A fatal error has been detected by the Java Runtime Environment:
#
#  SIGSEGV (0xb) at pc=0x00007fc8ae24cbc0, pid=3798, tid=3798
#
# JRE version: OpenJDK Runtime Environment (11.0.6+10) (build 11.0.6+10-post-Debian-1bpo91)
# Java VM: OpenJDK 64-Bit Server VM (11.0.6+10-post-Debian-1bpo91, mixed mode, sharing, tiered, compressed oops, serial gc, linux-amd64)
# Problematic frame:
# V  [libjvm.so+0xb8fbc0]
#
# Core dump will be written. Default location: Core dumps may be processed with "/sbin/crash_reporter --user=%P:%s:%u:%g:%e" (or dumping to /home/tanzachary/step/portfolio/core.3798)
#
# If you would like to submit a bug report, please visit:
#   https://bugs.debian.org/openjdk-11
#

---------------  S U M M A R Y ------------

Command Line: -Dclassworlds.conf=/opt/maven/bin/m2.conf -Dmaven.home=/opt/maven -Dlibrary.jansi.path=/opt/maven/lib/jansi-native -Dmaven.multiModuleProjectDirectory=/home/tanzachary/step/portfolio org.codehaus.plexus.classworlds.launcher.Launcher package appengine:run

Host: Intel(R) Xeon(R) CPU @ 2.30GHz, 2 cores, 1G, Debian GNU/Linux 9 (stretch)
Time: Thu May 28 17:39:59 2020 EDT elapsed time: 7 seconds (0d 0h 0m 7s)

---------------  T H R E A D  ---------------

Current thread is native thread

Stack: [0x00007ffd44147000,0x00007ffd44946000],  sp=0x00007ffd44940cc0,  free space=8167k
Native frames: (J=compiled Java code, A=aot compiled Java code, j=interpreted, Vv=VM code, C=native code)
V  [libjvm.so+0xb8fbc0]
C  [libpthread.so.0+0x110e0]


siginfo: si_signo: 11 (SIGSEGV), si_code: 1 (SEGV_MAPERR), si_addr: 0x00000000000000d0

Register to memory mapping:

RAX=0x0 is NULL
RBX=
[error occurred during error reporting (printing register info), id 0xb, SIGSEGV (0xb) at pc=0x00007fc8ae3f39e7]

Registers:
RAX=0x0000000000000000, RBX=0x00007fc8af88fe18, RCX=0x00007fc8af24c6dd, RDX=0x0000000000000000
RSP=0x00007ffd44940cc0, RBP=0x00007ffd44940d70, RSI=0x00007ffd44940eb0, RDI=0x0000000000000001
R8 =0x00000000000000ca, R9 =0x00007fc8af88e9d0, R10=0x0000000000000000, R11=0x0000000000000246
R12=0x0000000000000000, R13=0x00007ffd44940eb0, R14=0x00007ffd44940d80, R15=0x00007fc8af88ed28
RIP=0x00007fc8ae24cbc0, EFLAGS=0x0000000000010246, CSGSFS=0x002b000000000033, ERR=0x0000000000000004
  TRAPNO=0x000000000000000e

Top of Stack: (sp=0x00007ffd44940cc0)
0x00007ffd44940cc0:   0000000001e5cb59 00007fc8aeaa2038
0x00007ffd44940cd0:   00007ffd44940df0 00007fc8aea94d90
0x00007ffd44940ce0:   00007ffd44940d14 00007ffd44940de0
0x00007ffd44940cf0:   000055d762c84c70 000000000000000b 

Instructions: (pc=0x00007fc8ae24cbc0)
0x00007fc8ae24cac0:   c0 74 03 c6 00 00 4c 89 f7 4c 89 fa 48 89 de e8
0x00007fc8ae24cad0:   dc db 6d ff 4c 89 e7 e8 24 df 6d ff 48 81 c4 08
0x00007fc8ae24cae0:   01 00 00 5b 41 5c 41 5d 41 5e 41 5f 5d c3 4c 89
0x00007fc8ae24caf0:   e2 be 00 01 00 00 48 89 df e8 92 e1 6d ff 48 85
0x00007fc8ae24cb00:   c0 74 ae 48 8d 35 b1 46 2f 00 48 89 df e8 5e df
0x00007fc8ae24cb10:   6d ff 48 85 c0 74 41 66 0f 1f 84 00 00 00 00 00
0x00007fc8ae24cb20:   be 22 00 00 00 48 89 df e8 d3 df 6d ff 48 85 c0
0x00007fc8ae24cb30:   74 46 48 8d 58 01 be 22 00 00 00 48 89 df e8 bd
0x00007fc8ae24cb40:   df 6d ff 48 85 c0 0f 85 77 ff ff ff e9 75 ff ff
0x00007fc8ae24cb50:   ff 0f 1f 80 00 00 00 00 48 8d 35 71 46 2f 00 48
0x00007fc8ae24cb60:   89 df e8 09 df 6d ff 48 85 c0 0f 84 41 ff ff ff
0x00007fc8ae24cb70:   eb ae 66 0f 1f 44 00 00 48 89 df be 3d 00 00 00
0x00007fc8ae24cb80:   e8 7b df 6d ff 48 8d 58 01 e9 23 ff ff ff 66 90
0x00007fc8ae24cb90:   55 48 89 e5 41 57 41 56 41 55 41 54 49 89 d6 53
0x00007fc8ae24cba0:   49 89 f5 48 81 ec 88 00 00 00 e8 81 e6 6d ff 48
0x00007fc8ae24cbb0:   89 c3 44 8b 20 e8 26 58 1a 00 31 d2 84 c0 75 38
0x00007fc8ae24cbc0:   48 83 ba d0 00 00 00 00 74 16 4c 8b ba 68 02 00
0x00007fc8ae24cbd0:   00 41 8b 87 a8 00 00 00 83 f8 01 74 2b 44 89 23
0x00007fc8ae24cbe0:   48 81 c4 88 00 00 00 5b 41 5c 41 5d 41 5e 41 5f
0x00007fc8ae24cbf0:   5d c3 66 0f 1f 44 00 00 e8 f3 57 1a 00 48 89 c2
0x00007fc8ae24cc00:   eb be 66 0f 1f 44 00 00 4d 89 af b0 00 00 00 4d
0x00007fc8ae24cc10:   8d af a8 00 00 00 4d 89 b7 b8 00 00 00 ba 02 00
0x00007fc8ae24cc20:   00 00 be 01 00 00 00 4c 89 ef e8 01 cb ff ff 83
0x00007fc8ae24cc30:   f8 02 74 3c 85 c0 75 18 49 c7 87 b8 00 00 00 00
0x00007fc8ae24cc40:   00 00 00 49 c7 87 b0 00 00 00 00 00 00 00 eb 8d
0x00007fc8ae24cc50:   48 8d 05 51 96 7b 00 48 8d 3d 7a 4e 2f 00 be 64
0x00007fc8ae24cc60:   11 00 00 48 8b 00 c6 00 58 e8 22 16 ab ff eb c8
0x00007fc8ae24cc70:   4c 8d b5 50 ff ff ff 4c 89 f7 e8 11 e2 6d ff 4c
0x00007fc8ae24cc80:   89 f2 31 f6 31 ff e8 15 e3 6d ff 8b 35 ff 37 7d
0x00007fc8ae24cc90:   00 4c 89 f7 e8 c7 de 6d ff 48 8d 3d 60 73 81 00
0x00007fc8ae24cca0:   be 01 00 00 00 e8 a6 bc 0c 00 66 0f 1f 44 00 00
0x00007fc8ae24ccb0:   4c 89 f7 e8 d8 e5 6d ff 31 d2 be 03 00 00 00 4c 


Stack slot to memory mapping:
stack at sp + 0 slots: 
[error occurred during error reporting (inspecting top of stack), id 0xb, SIGSEGV (0xb) at pc=0x00007fc8ae3f39e7]


---------------  P R O C E S S  ---------------

VM state:not at safepoint (normal execution)

VM Mutex/Monitor currently owned by a thread: None

Heap address: 0x00000000e0c00000, size: 500 MB, Compressed Oops mode: 32-bit
Narrow klass base: 0x0000000800000000, Narrow klass shift: 3
Compressed class space size: 1073741824 Address: 0x0000000840000000

Heap:
 def new generation   total 10240K, used 1916K [0x00000000e0c00000, 0x00000000e1710000, 0x00000000eb2a0000)
  eden space 9152K,  20% used [0x00000000e0c00000, 0x00000000e0ddf2c0, 0x00000000e14f0000)
  from space 1088K,   0% used [0x00000000e14f0000, 0x00000000e14f0000, 0x00000000e1600000)
  to   space 1088K,   0% used [0x00000000e1600000, 0x00000000e1600000, 0x00000000e1710000)
 tenured generation   total 22612K, used 13566K [0x00000000eb2a0000, 0x00000000ec8b5000, 0x0000000100000000)
   the space 22612K,  59% used [0x00000000eb2a0000, 0x00000000ebfdfa08, 0x00000000ebfdfc00, 0x00000000ec8b5000)
 Metaspace       used 20903K, capacity 21630K, committed 21808K, reserved 1069056K
  class space    used 2414K, capacity 2664K, committed 2688K, reserved 1048576K

Card table byte_map: [0x00007fc89010a000,0x00007fc890205000] _byte_map_base: 0x00007fc88fa04000

Polling page: 0x00007fc8af89c000

Metaspace:

Usage:
  Non-class:     18.52 MB capacity,    18.06 MB ( 97%) used,   440.19 KB (  2%) free+waste,    37.31 KB ( <1%) overhead. 
      Class:      2.60 MB capacity,     2.36 MB ( 91%) used,   231.15 KB (  9%) free+waste,    18.00 KB ( <1%) overhead. 
       Both:     21.12 MB capacity,    20.41 MB ( 97%) used,   671.34 KB (  3%) free+waste,    55.31 KB ( <1%) overhead. 

Virtual space:
  Non-class space:       20.00 MB reserved,      18.67 MB ( 93%) committed 
      Class space:        1.00 GB reserved,       2.62 MB ( <1%) committed 
             Both:        1.02 GB reserved,      21.30 MB (  2%) committed 

Chunk freelists:
   Non-Class:  38.00 KB
       Class:  0 bytes
        Both:  38.00 KB

MaxMetaspaceSize: unlimited
CompressedClassSpaceSize: 1.00 GB

CodeHeap 'non-profiled nmethods': size=120036Kb used=1550Kb max_used=1550Kb free=118486Kb
 bounds [0x00007fc897db7000, 0x00007fc898027000, 0x00007fc89f2f0000]
CodeHeap 'profiled nmethods': size=120032Kb used=8114Kb max_used=8114Kb free=111918Kb
 bounds [0x00007fc89087f000, 0x00007fc89106f000, 0x00007fc897db7000]
CodeHeap 'non-nmethods': size=5692Kb used=1146Kb max_used=1161Kb free=4545Kb
 bounds [0x00007fc8902f0000, 0x00007fc890560000, 0x00007fc89087f000]
 total_blobs=5216 nmethods=4011 adapters=398
 compilation: enabled
              stopped_count=0, restarted_count=0
 full_count=0

Compilation events (20 events):
Event: 7.402 Thread 0x00007fc8a8059800 4031       4       org.codehaus.plexus.classworlds.realm.ClassRealm::getClassLoadingLock (38 bytes)
Event: 7.405 Thread 0x00007fc8a8059800 nmethod 4031 0x00007fc897f3a390 code [0x00007fc897f3a540, 0x00007fc897f3a6a8]
Event: 7.416 Thread 0x00007fc8a805b800 4038  s    3       java.io.BufferedOutputStream::flush (12 bytes)
Event: 7.416 Thread 0x00007fc8a805b800 nmethod 4038 0x00007fc891066710 code [0x00007fc891066900, 0x00007fc891066e58]
Event: 7.416 Thread 0x00007fc8a805b800 4039  s    3       java.io.BufferedOutputStream::write (67 bytes)
Event: 7.417 Thread 0x00007fc8a805b800 nmethod 4039 0x00007fc891066f90 code [0x00007fc8910671a0, 0x00007fc891067a58]
Event: 7.417 Thread 0x00007fc8a805b800 4036       3       java.nio.ByteBuffer::clear (7 bytes)
Event: 7.417 Thread 0x00007fc8a805b800 nmethod 4036 0x00007fc891067c90 code [0x00007fc891067e40, 0x00007fc891068030]
Event: 7.417 Thread 0x00007fc8a805b800 4037   !   3       java.io.PrintStream::write (83 bytes)
Event: 7.419 Thread 0x00007fc8a805b800 nmethod 4037 0x00007fc891068110 code [0x00007fc8910683c0, 0x00007fc891069198]
Event: 7.419 Thread 0x00007fc8a805b800 4032       3       java.nio.HeapCharBuffer::ix (7 bytes)
Event: 7.419 Thread 0x00007fc8a805b800 nmethod 4032 0x00007fc891069810 code [0x00007fc8910699c0, 0x00007fc891069b30]
Event: 7.419 Thread 0x00007fc8a805b800 4033       3       java.nio.CharBuffer::charAt (16 bytes)
Event: 7.419 Thread 0x00007fc8a805b800 nmethod 4033 0x00007fc891069b90 code [0x00007fc891069d80, 0x00007fc89106a198]
Event: 7.419 Thread 0x00007fc8a805b800 4034       3       java.nio.Buffer::checkIndex (24 bytes)
Event: 7.419 Thread 0x00007fc8a805b800 nmethod 4034 0x00007fc89106a310 code [0x00007fc89106a4e0, 0x00007fc89106a7a8]
Event: 7.419 Thread 0x00007fc8a805b800 4035       3       java.nio.HeapCharBuffer::get (15 bytes)
Event: 7.420 Thread 0x00007fc8a805b800 nmethod 4035 0x00007fc89106a890 code [0x00007fc89106aa60, 0x00007fc89106acb0]
Event: 7.434 Thread 0x00007fc8a805b800 4040       3       java.lang.AbstractStringBuilder::append (45 bytes)
Event: 7.435 Thread 0x00007fc8a805b800 nmethod 4040 0x00007fc89106ae10 code [0x00007fc89106b040, 0x00007fc89106b5d8]

GC Heap History (20 events):
Event: 3.844 GC heap before
{Heap before GC invocations=12 (full 0):
 def new generation   total 9792K, used 9671K [0x00000000e0c00000, 0x00000000e16a0000, 0x00000000eb2a0000)
  eden space 8704K, 100% used [0x00000000e0c00000, 0x00000000e1480000, 0x00000000e1480000)
  from space 1088K,  88% used [0x00000000e1480000, 0x00000000e1571e78, 0x00000000e1590000)
  to   space 1088K,   0% used [0x00000000e1590000, 0x00000000e1590000, 0x00000000e16a0000)
 tenured generation   total 21888K, used 7340K [0x00000000eb2a0000, 0x00000000ec800000, 0x0000000100000000)
   the space 21888K,  33% used [0x00000000eb2a0000, 0x00000000eb9cb188, 0x00000000eb9cb200, 0x00000000ec800000)
 Metaspace       used 14151K, capacity 15693K, committed 16000K, reserved 1062912K
  class space    used 1610K, capacity 1831K, committed 1920K, reserved 1048576K
}
Event: 3.847 GC heap after
{Heap after GC invocations=13 (full 0):
 def new generation   total 9792K, used 841K [0x00000000e0c00000, 0x00000000e16a0000, 0x00000000eb2a0000)
  eden space 8704K,   0% used [0x00000000e0c00000, 0x00000000e0c00000, 0x00000000e1480000)
  from space 1088K,  77% used [0x00000000e1590000, 0x00000000e1662458, 0x00000000e16a0000)
  to   space 1088K,   0% used [0x00000000e1480000, 0x00000000e1480000, 0x00000000e1590000)
 tenured generation   total 21888K, used 7801K [0x00000000eb2a0000, 0x00000000ec800000, 0x0000000100000000)
   the space 21888K,  35% used [0x00000000eb2a0000, 0x00000000eba3e4b0, 0x00000000eba3e600, 0x00000000ec800000)
 Metaspace       used 14151K, capacity 15693K, committed 16000K, reserved 1062912K
  class space    used 1610K, capacity 1831K, committed 1920K, reserved 1048576K
}
Event: 4.051 GC heap before
{Heap before GC invocations=13 (full 0):
 def new generation   total 9792K, used 9545K [0x00000000e0c00000, 0x00000000e16a0000, 0x00000000eb2a0000)
  eden space 8704K, 100% used [0x00000000e0c00000, 0x00000000e1480000, 0x00000000e1480000)
  from space 1088K,  77% used [0x00000000e1590000, 0x00000000e1662458, 0x00000000e16a0000)
  to   space 1088K,   0% used [0x00000000e1480000, 0x00000000e1480000, 0x00000000e1590000)
 tenured generation   total 21888K, used 7801K [0x00000000eb2a0000, 0x00000000ec800000, 0x0000000100000000)
   the space 21888K,  35% used [0x00000000eb2a0000, 0x00000000eba3e4b0, 0x00000000eba3e600, 0x00000000ec800000)
 Metaspace       used 14592K, capacity 16049K, committed 16256K, reserved 1062912K
  class space    used 1639K, capacity 1867K, committed 1920K, reserved 1048576K
}
Event: 4.055 GC heap after
{Heap after GC invocations=14 (full 0):
 def new generation   total 9792K, used 985K [0x00000000e0c00000, 0x00000000e16a0000, 0x00000000eb2a0000)
  eden space 8704K,   0% used [0x00000000e0c00000, 0x00000000e0c00000, 0x00000000e1480000)
  from space 1088K,  90% used [0x00000000e1480000, 0x00000000e15765e8, 0x00000000e1590000)
  to   space 1088K,   0% used [0x00000000e1590000, 0x00000000e1590000, 0x00000000e16a0000)
 tenured generation   total 21888K, used 8177K [0x00000000eb2a0000, 0x00000000ec800000, 0x0000000100000000)
   the space 21888K,  37% used [0x00000000eb2a0000, 0x00000000eba9c418, 0x00000000eba9c600, 0x00000000ec800000)
 Metaspace       used 14592K, capacity 16049K, committed 16256K, reserved 1062912K
  class space    used 1639K, capacity 1867K, committed 1920K, reserved 1048576K
}
Event: 4.237 GC heap before
{Heap before GC invocations=14 (full 0):
 def new generation   total 9792K, used 9689K [0x00000000e0c00000, 0x00000000e16a0000, 0x00000000eb2a0000)
  eden space 8704K, 100% used [0x00000000e0c00000, 0x00000000e1480000, 0x00000000e1480000)
  from space 1088K,  90% used [0x00000000e1480000, 0x00000000e15765e8, 0x00000000e1590000)
  to   space 1088K,   0% used [0x00000000e1590000, 0x00000000e1590000, 0x00000000e16a0000)
 tenured generation   total 21888K, used 8177K [0x00000000eb2a0000, 0x00000000ec800000, 0x0000000100000000)
   the space 21888K,  37% used [0x00000000eb2a0000, 0x00000000eba9c418, 0x00000000eba9c600, 0x00000000ec800000)
 Metaspace       used 14980K, capacity 16454K, committed 16896K, reserved 1064960K
  class space    used 1667K, capacity 1934K, committed 2048K, reserved 1048576K
}
Event: 4.242 GC heap after
{Heap after GC invocations=15 (full 0):
 def new generation   total 9792K, used 528K [0x00000000e0c00000, 0x00000000e16a0000, 0x00000000eb2a0000)
  eden space 8704K,   0% used [0x00000000e0c00000, 0x00000000e0c00000, 0x00000000e1480000)
  from space 1088K,  48% used [0x00000000e1590000, 0x00000000e1614300, 0x00000000e16a0000)
  to   space 1088K,   0% used [0x00000000e1480000, 0x00000000e1480000, 0x00000000e1590000)
 tenured generation   total 21888K, used 9121K [0x00000000eb2a0000, 0x00000000ec800000, 0x0000000100000000)
   the space 21888K,  41% used [0x00000000eb2a0000, 0x00000000ebb88760, 0x00000000ebb88800, 0x00000000ec800000)
 Metaspace       used 14980K, capacity 16454K, committed 16896K, reserved 1064960K
  class space    used 1667K, capacity 1934K, committed 2048K, reserved 1048576K
}
Event: 4.416 GC heap before
{Heap before GC invocations=15 (full 0):
 def new generation   total 9792K, used 9232K [0x00000000e0c00000, 0x00000000e16a0000, 0x00000000eb2a0000)
  eden space 8704K, 100% used [0x00000000e0c00000, 0x00000000e1480000, 0x00000000e1480000)
  from space 1088K,  48% used [0x00000000e1590000, 0x00000000e1614300, 0x00000000e16a0000)
  to   space 1088K,   0% used [0x00000000e1480000, 0x00000000e1480000, 0x00000000e1590000)
 tenured generation   total 21888K, used 9121K [0x00000000eb2a0000, 0x00000000ec800000, 0x0000000100000000)
   the space 21888K,  41% used [0x00000000eb2a0000, 0x00000000ebb88760, 0x00000000ebb88800, 0x00000000ec800000)
 Metaspace       used 15620K, capacity 17202K, committed 17536K, reserved 1064960K
  class space    used 1786K, capacity 2078K, committed 2176K, reserved 1048576K
}
Event: 4.420 GC heap after
{Heap after GC invocations=16 (full 0):
 def new generation   total 9792K, used 954K [0x00000000e0c00000, 0x00000000e16a0000, 0x00000000eb2a0000)
  eden space 8704K,   0% used [0x00000000e0c00000, 0x00000000e0c00000, 0x00000000e1480000)
  from space 1088K,  87% used [0x00000000e1480000, 0x00000000e156e840, 0x00000000e1590000)
  to   space 1088K,   0% used [0x00000000e1590000, 0x00000000e1590000, 0x00000000e16a0000)
 tenured generation   total 21888K, used 9121K [0x00000000eb2a0000, 0x00000000ec800000, 0x0000000100000000)
   the space 21888K,  41% used [0x00000000eb2a0000, 0x00000000ebb88760, 0x00000000ebb88800, 0x00000000ec800000)
 Metaspace       used 15620K, capacity 17202K, committed 17536K, reserved 1064960K
  class space    used 1786K, capacity 2078K, committed 2176K, reserved 1048576K
}
Event: 4.836 GC heap before
{Heap before GC invocations=16 (full 0):
 def new generation   total 9792K, used 9658K [0x00000000e0c00000, 0x00000000e16a0000, 0x00000000eb2a0000)
  eden space 8704K, 100% used [0x00000000e0c00000, 0x00000000e1480000, 0x00000000e1480000)
  from space 1088K,  87% used [0x00000000e1480000, 0x00000000e156e840, 0x00000000e1590000)
  to   space 1088K,   0% used [0x00000000e1590000, 0x00000000e1590000, 0x00000000e16a0000)
 tenured generation   total 21888K, used 9121K [0x00000000eb2a0000, 0x00000000ec800000, 0x0000000100000000)
   the space 21888K,  41% used [0x00000000eb2a0000, 0x00000000ebb88760, 0x00000000ebb88800, 0x00000000ec800000)
 Metaspace       used 17444K, capacity 18402K, committed 18688K, reserved 1064960K
  class space    used 2006K, capacity 2267K, committed 2304K, reserved 1048576K
}
Event: 4.841 GC heap after
{Heap after GC invocations=17 (full 0):
 def new generation   total 9792K, used 1088K [0x00000000e0c00000, 0x00000000e16a0000, 0x00000000eb2a0000)
  eden space 8704K,   0% used [0x00000000e0c00000, 0x00000000e0c00000, 0x00000000e1480000)
  from space 1088K, 100% used [0x00000000e1590000, 0x00000000e16a0000, 0x00000000e16a0000)
  to   space 1088K,   0% used [0x00000000e1480000, 0x00000000e1480000, 0x00000000e1590000)
 tenured generation   total 21888K, used 9623K [0x00000000eb2a0000, 0x00000000ec800000, 0x0000000100000000)
   the space 21888K,  43% used [0x00000000eb2a0000, 0x00000000ebc05df0, 0x00000000ebc05e00, 0x00000000ec800000)
 Metaspace       used 17444K, capacity 18402K, committed 18688K, reserved 1064960K
  class space    used 2006K, capacity 2267K, committed 2304K, reserved 1048576K
}
Event: 5.142 GC heap before
{Heap before GC invocations=17 (full 0):
 def new generation   total 9792K, used 9792K [0x00000000e0c00000, 0x00000000e16a0000, 0x00000000eb2a0000)
  eden space 8704K, 100% used [0x00000000e0c00000, 0x00000000e1480000, 0x00000000e1480000)
  from space 1088K, 100% used [0x00000000e1590000, 0x00000000e16a0000, 0x00000000e16a0000)
  to   space 1088K,   0% used [0x00000000e1480000, 0x00000000e1480000, 0x00000000e1590000)
 tenured generation   total 21888K, used 9623K [0x00000000eb2a0000, 0x00000000ec800000, 0x0000000100000000)
   the space 21888K,  43% used [0x00000000eb2a0000, 0x00000000ebc05df0, 0x00000000ebc05e00, 0x00000000ec800000)
 Metaspace       used 17709K, capacity 18545K, committed 18688K, reserved 1064960K
  class space    used 2028K, capacity 2271K, committed 2304K, reserved 1048576K
}
Event: 5.149 GC heap after
{Heap after GC invocations=18 (full 0):
 def new generation   total 9792K, used 896K [0x00000000e0c00000, 0x00000000e16a0000, 0x00000000eb2a0000)
  eden space 8704K,   0% used [0x00000000e0c00000, 0x00000000e0c00000, 0x00000000e1480000)
  from space 1088K,  82% used [0x00000000e1480000, 0x00000000e15600c8, 0x00000000e1590000)
  to   space 1088K,   0% used [0x00000000e1590000, 0x00000000e1590000, 0x00000000e16a0000)
 tenured generation   total 21888K, used 10675K [0x00000000eb2a0000, 0x00000000ec800000, 0x0000000100000000)
   the space 21888K,  48% used [0x00000000eb2a0000, 0x00000000ebd0cc70, 0x00000000ebd0ce00, 0x00000000ec800000)
 Metaspace       used 17709K, capacity 18545K, committed 18688K, reserved 1064960K
  class space    used 2028K, capacity 2271K, committed 2304K, reserved 1048576K
}
Event: 5.249 GC heap before
{Heap before GC invocations=18 (full 0):
 def new generation   total 9792K, used 9600K [0x00000000e0c00000, 0x00000000e16a0000, 0x00000000eb2a0000)
  eden space 8704K, 100% used [0x00000000e0c00000, 0x00000000e1480000, 0x00000000e1480000)
  from space 1088K,  82% used [0x00000000e1480000, 0x00000000e15600c8, 0x00000000e1590000)
  to   space 1088K,   0% used [0x00000000e1590000, 0x00000000e1590000, 0x00000000e16a0000)
 tenured generation   total 21888K, used 10675K [0x00000000eb2a0000, 0x00000000ec800000, 0x0000000100000000)
   the space 21888K,  48% used [0x00000000eb2a0000, 0x00000000ebd0cc70, 0x00000000ebd0ce00, 0x00000000ec800000)
 Metaspace       used 17800K, capacity 18617K, committed 18688K, reserved 1064960K
  class space    used 2029K, capacity 2273K, committed 2304K, reserved 1048576K
}
Event: 5.253 GC heap after
{Heap after GC invocations=19 (full 0):
 def new generation   total 9792K, used 614K [0x00000000e0c00000, 0x00000000e16a0000, 0x00000000eb2a0000)
  eden space 8704K,   0% used [0x00000000e0c00000, 0x00000000e0c00000, 0x00000000e1480000)
  from space 1088K,  56% used [0x00000000e1590000, 0x00000000e1629960, 0x00000000e16a0000)
  to   space 1088K,   0% used [0x00000000e1480000, 0x00000000e1480000, 0x00000000e1590000)
 tenured generation   total 21888K, used 11479K [0x00000000eb2a0000, 0x00000000ec800000, 0x0000000100000000)
   the space 21888K,  52% used [0x00000000eb2a0000, 0x00000000ebdd5da8, 0x00000000ebdd5e00, 0x00000000ec800000)
 Metaspace       used 17800K, capacity 18617K, committed 18688K, reserved 1064960K
  class space    used 2029K, capacity 2273K, committed 2304K, reserved 1048576K
}
Event: 5.395 GC heap before
{Heap before GC invocations=19 (full 0):
 def new generation   total 9792K, used 9318K [0x00000000e0c00000, 0x00000000e16a0000, 0x00000000eb2a0000)
  eden space 8704K, 100% used [0x00000000e0c00000, 0x00000000e1480000, 0x00000000e1480000)
  from space 1088K,  56% used [0x00000000e1590000, 0x00000000e1629960, 0x00000000e16a0000)
  to   space 1088K,   0% used [0x00000000e1480000, 0x00000000e1480000, 0x00000000e1590000)
 tenured generation   total 21888K, used 11479K [0x00000000eb2a0000, 0x00000000ec800000, 0x0000000100000000)
   the space 21888K,  52% used [0x00000000eb2a0000, 0x00000000ebdd5da8, 0x00000000ebdd5e00, 0x00000000ec800000)
 Metaspace       used 17938K, capacity 18802K, committed 19072K, reserved 1067008K
  class space    used 2045K, capacity 2313K, committed 2432K, reserved 1048576K
}
Event: 5.433 GC heap after
{Heap after GC invocations=20 (full 0):
 def new generation   total 9792K, used 479K [0x00000000e0c00000, 0x00000000e16a0000, 0x00000000eb2a0000)
  eden space 8704K,   0% used [0x00000000e0c00000, 0x00000000e0c00000, 0x00000000e1480000)
  from space 1088K,  44% used [0x00000000e1480000, 0x00000000e14f7fb0, 0x00000000e1590000)
  to   space 1088K,   0% used [0x00000000e1590000, 0x00000000e1590000, 0x00000000e16a0000)
 tenured generation   total 21888K, used 11923K [0x00000000eb2a0000, 0x00000000ec800000, 0x0000000100000000)
   the space 21888K,  54% used [0x00000000eb2a0000, 0x00000000ebe44fc8, 0x00000000ebe45000, 0x00000000ec800000)
 Metaspace       used 17938K, capacity 18802K, committed 19072K, reserved 1067008K
  class space    used 2045K, capacity 2313K, committed 2432K, reserved 1048576K
}
Event: 6.282 GC heap before
{Heap before GC invocations=20 (full 0):
 def new generation   total 9792K, used 9183K [0x00000000e0c00000, 0x00000000e16a0000, 0x00000000eb2a0000)
  eden space 8704K, 100% used [0x00000000e0c00000, 0x00000000e1480000, 0x00000000e1480000)
  from space 1088K,  44% used [0x00000000e1480000, 0x00000000e14f7fb0, 0x00000000e1590000)
  to   space 1088K,   0% used [0x00000000e1590000, 0x00000000e1590000, 0x00000000e16a0000)
 tenured generation   total 21888K, used 11923K [0x00000000eb2a0000, 0x00000000ec800000, 0x0000000100000000)
   the space 21888K,  54% used [0x00000000eb2a0000, 0x00000000ebe44fc8, 0x00000000ebe45000, 0x00000000ec800000)
 Metaspace       used 19014K, capacity 19730K, committed 19840K, reserved 1067008K
  class space    used 2198K, capacity 2429K, committed 2432K, reserved 1048576K
}
Event: 6.286 GC heap after
{Heap after GC invocations=21 (full 0):
 def new generation   total 9792K, used 1088K [0x00000000e0c00000, 0x00000000e16a0000, 0x00000000eb2a0000)
  eden space 8704K,   0% used [0x00000000e0c00000, 0x00000000e0c00000, 0x00000000e1480000)
  from space 1088K, 100% used [0x00000000e1590000, 0x00000000e16a0000, 0x00000000e16a0000)
  to   space 1088K,   0% used [0x00000000e1480000, 0x00000000e1480000, 0x00000000e1590000)
 tenured generation   total 21888K, used 12256K [0x00000000eb2a0000, 0x00000000ec800000, 0x0000000100000000)
   the space 21888K,  55% used [0x00000000eb2a0000, 0x00000000ebe980f8, 0x00000000ebe98200, 0x00000000ec800000)
 Metaspace       used 19014K, capacity 19730K, committed 19840K, reserved 1067008K
  class space    used 2198K, capacity 2429K, committed 2432K, reserved 1048576K
}
Event: 6.953 GC heap before
{Heap before GC invocations=21 (full 0):
 def new generation   total 9792K, used 3296K [0x00000000e0c00000, 0x00000000e16a0000, 0x00000000eb2a0000)
  eden space 8704K,  25% used [0x00000000e0c00000, 0x00000000e0e28140, 0x00000000e1480000)
  from space 1088K, 100% used [0x00000000e1590000, 0x00000000e16a0000, 0x00000000e16a0000)
  to   space 1088K,   0% used [0x00000000e1480000, 0x00000000e1480000, 0x00000000e1590000)
 tenured generation   total 21888K, used 12256K [0x00000000eb2a0000, 0x00000000ec800000, 0x0000000100000000)
   the space 21888K,  55% used [0x00000000eb2a0000, 0x00000000ebe980f8, 0x00000000ebe98200, 0x00000000ec800000)
 Metaspace       used 20401K, capacity 21033K, committed 21296K, reserved 1069056K
  class space    used 2347K, capacity 2570K, committed 2688K, reserved 1048576K
}
Event: 6.990 GC heap after
{Heap after GC invocations=22 (full 1):
 def new generation   total 10240K, used 0K [0x00000000e0c00000, 0x00000000e1710000, 0x00000000eb2a0000)
  eden space 9152K,   0% used [0x00000000e0c00000, 0x00000000e0c00000, 0x00000000e14f0000)
  from space 1088K,   0% used [0x00000000e14f0000, 0x00000000e14f0000, 0x00000000e1600000)
  to   space 1088K,   0% used [0x00000000e1600000, 0x00000000e1600000, 0x00000000e1710000)
 tenured generation   total 22612K, used 13566K [0x00000000eb2a0000, 0x00000000ec8b5000, 0x0000000100000000)
   the space 22612K,  59% used [0x00000000eb2a0000, 0x00000000ebfdfa08, 0x00000000ebfdfc00, 0x00000000ec8b5000)
 Metaspace       used 20401K, capacity 21033K, committed 21296K, reserved 1069056K
  class space    used 2347K, capacity 2570K, committed 2688K, reserved 1048576K
}

Deoptimization events (20 events):
Event: 7.427 Thread 0x00007fc8a8fd9800 Uncommon trap: trap_request=0xffffffc6 fr.pc=0x00007fc897ec8df0 relative=0x0000000000000210
Event: 7.427 Thread 0x00007fc8a8fd9800 Uncommon trap: reason=bimorphic_or_optimized_type_check action=maybe_recompile pc=0x00007fc897ec8df0 method=java.util.regex.Pattern$BmpCharProperty.match(Ljava/util/regex/Matcher;ILjava/lang/CharSequence;)Z @ 14 c2
Event: 7.427 Thread 0x00007fc8a8fd9800 DEOPT PACKING pc=0x00007fc897ec8df0 sp=0x00007fc88d9804f0
Event: 7.427 Thread 0x00007fc8a8fd9800 DEOPT UNPACKING pc=0x00007fc8903183a5 sp=0x00007fc88d9804a0 mode 2
Event: 7.433 Thread 0x00007fc8a8fd9800 Uncommon trap: trap_request=0xffffffc6 fr.pc=0x00007fc897ec460c relative=0x00000000000000cc
Event: 7.433 Thread 0x00007fc8a8fd9800 Uncommon trap: reason=bimorphic_or_optimized_type_check action=maybe_recompile pc=0x00007fc897ec460c method=java.lang.Character.codePointBefore(Ljava/lang/CharSequence;I)I @ 5 c2
Event: 7.433 Thread 0x00007fc8a8fd9800 DEOPT PACKING pc=0x00007fc897ec460c sp=0x00007fc88d9805b0
Event: 7.433 Thread 0x00007fc8a8fd9800 DEOPT UNPACKING pc=0x00007fc8903183a5 sp=0x00007fc88d980568 mode 2
Event: 7.433 Thread 0x00007fc8a8fd9800 Uncommon trap: trap_request=0xffffffc6 fr.pc=0x00007fc897ec460c relative=0x00000000000000cc
Event: 7.433 Thread 0x00007fc8a8fd9800 Uncommon trap: reason=bimorphic_or_optimized_type_check action=maybe_recompile pc=0x00007fc897ec460c method=java.lang.Character.codePointBefore(Ljava/lang/CharSequence;I)I @ 5 c2
Event: 7.433 Thread 0x00007fc8a8fd9800 DEOPT PACKING pc=0x00007fc897ec460c sp=0x00007fc88d9805b0
Event: 7.433 Thread 0x00007fc8a8fd9800 DEOPT UNPACKING pc=0x00007fc8903183a5 sp=0x00007fc88d980568 mode 2
Event: 7.433 Thread 0x00007fc8a8fd9800 Uncommon trap: trap_request=0xffffffc6 fr.pc=0x00007fc897ec460c relative=0x00000000000000cc
Event: 7.433 Thread 0x00007fc8a8fd9800 Uncommon trap: reason=bimorphic_or_optimized_type_check action=maybe_recompile pc=0x00007fc897ec460c method=java.lang.Character.codePointBefore(Ljava/lang/CharSequence;I)I @ 5 c2
Event: 7.433 Thread 0x00007fc8a8fd9800 DEOPT PACKING pc=0x00007fc897ec460c sp=0x00007fc88d9805b0
Event: 7.433 Thread 0x00007fc8a8fd9800 DEOPT UNPACKING pc=0x00007fc8903183a5 sp=0x00007fc88d980568 mode 2
Event: 7.433 Thread 0x00007fc8a8fd9800 Uncommon trap: trap_request=0xffffffc6 fr.pc=0x00007fc897ec460c relative=0x00000000000000cc
Event: 7.433 Thread 0x00007fc8a8fd9800 Uncommon trap: reason=bimorphic_or_optimized_type_check action=maybe_recompile pc=0x00007fc897ec460c method=java.lang.Character.codePointBefore(Ljava/lang/CharSequence;I)I @ 5 c2
Event: 7.433 Thread 0x00007fc8a8fd9800 DEOPT PACKING pc=0x00007fc897ec460c sp=0x00007fc88d9805b0
Event: 7.433 Thread 0x00007fc8a8fd9800 DEOPT UNPACKING pc=0x00007fc8903183a5 sp=0x00007fc88d980568 mode 2

Classes redefined (0 events):
No events

Internal exceptions (18 events):
Event: 0.305 Thread 0x00007fc8a8014000 Exception <a 'java/lang/NoSuchMethodError'{0x00000000e0ef21e0}: 'int java.lang.invoke.DirectMethodHandle$Holder.invokeSpecialIFC(java.lang.Object, java.lang.Object, int)'> (0x00000000e0ef21e0) thrown at [/build/openjdk-11-11.0.6+10/src/hotspot/share/inter
Event: 2.144 Thread 0x00007fc8a8014000 Exception <a 'java/lang/NoClassDefFoundError'{0x00000000e0fb48f0}: com/google/inject/servlet/ServletModuleTargetVisitor> (0x00000000e0fb48f0) thrown at [/build/openjdk-11-11.0.6+10/src/hotspot/share/classfile/systemDictionary.cpp, line 220]
Event: 2.144 Thread 0x00007fc8a8014000 Exception <a 'java/lang/NoClassDefFoundError'{0x00000000e0fb48f0}> (0x00000000e0fb48f0) thrown at [/build/openjdk-11-11.0.6+10/src/hotspot/share/prims/jvm.cpp, line 1301]
Event: 2.145 Thread 0x00007fc8a8014000 Exception <a 'java/lang/NoClassDefFoundError'{0x00000000e0fb7760}: javax/annotation/Priority> (0x00000000e0fb7760) thrown at [/build/openjdk-11-11.0.6+10/src/hotspot/share/classfile/systemDictionary.cpp, line 220]
Event: 2.899 Thread 0x00007fc8a8014000 Implicit null exception at 0x00007fc897e10805 to 0x00007fc897e109e2
Event: 2.899 Thread 0x00007fc8a8014000 Implicit null exception at 0x00007fc897e1b4cb to 0x00007fc897e1b952
Event: 4.543 Thread 0x00007fc8a8014000 Exception <a 'java/lang/NoSuchMethodError'{0x00000000e0d584b0}: 'java.lang.Object java.lang.invoke.DirectMethodHandle$Holder.invokeStatic(java.lang.Object, java.lang.Object, java.lang.Object, java.lang.Object, java.lang.Object, java.lang.Object, java.lang
Event: 4.550 Thread 0x00007fc8a8014000 Exception <a 'java/lang/NoSuchMethodError'{0x00000000e0d664f0}: 'java.lang.Object java.lang.invoke.DirectMethodHandle$Holder.invokeStatic(java.lang.Object, java.lang.Object, java.lang.Object, java.lang.Object, java.lang.Object, java.lang.Object, java.lang
Event: 4.558 Thread 0x00007fc8a8014000 Exception <a 'java/lang/NoSuchMethodError'{0x00000000e0d74810}: 'java.lang.Object java.lang.invoke.DirectMethodHandle$Holder.invokeSpecial(java.lang.Object, java.lang.Object, int, int, java.lang.Object, java.lang.Object, java.lang.Object)'> (0x00000000e0d
Event: 4.559 Thread 0x00007fc8a8014000 Exception <a 'java/lang/NoSuchMethodError'{0x00000000e0d78048}: 'java.lang.Object java.lang.invoke.DelegatingMethodHandle$Holder.reinvoke_L(java.lang.Object, int, int, java.lang.Object, java.lang.Object, java.lang.Object)'> (0x00000000e0d78048) thrown at 
Event: 4.559 Thread 0x00007fc8a8014000 Exception <a 'java/lang/NoSuchMethodError'{0x00000000e0d7c678}: 'java.lang.Object java.lang.invoke.DirectMethodHandle$Holder.invokeStatic(java.lang.Object, java.lang.Object, java.lang.Object, java.lang.Object, int)'> (0x00000000e0d7c678) thrown at [/build
Event: 4.874 Thread 0x00007fc8a8014000 Exception <a 'java/lang/NoSuchMethodError'{0x00000000e0c78450}: 'java.lang.Object java.lang.invoke.DirectMethodHandle$Holder.invokeStatic(java.lang.Object, int, java.lang.Object)'> (0x00000000e0c78450) thrown at [/build/openjdk-11-11.0.6+10/src/hotspot/sh
Event: 5.658 Thread 0x00007fc8a8014000 Exception <a 'java/lang/NoSuchMethodError'{0x00000000e1169a70}: 'java.lang.Object java.lang.invoke.DirectMethodHandle$Holder.invokeStaticInit(java.lang.Object, java.lang.Object, long, java.lang.Object)'> (0x00000000e1169a70) thrown at [/build/openjdk-11-1
Event: 5.659 Thread 0x00007fc8a8014000 Exception <a 'java/lang/NoSuchMethodError'{0x00000000e1175bd0}: 'java.lang.Object java.lang.invoke.Invokers$Holder.linkToTargetMethod(java.lang.Object, long, java.lang.Object)'> (0x00000000e1175bd0) thrown at [/build/openjdk-11-11.0.6+10/src/hotspot/share
Event: 5.665 Thread 0x00007fc8a8014000 Exception <a 'java/lang/NoSuchMethodError'{0x00000000e117c920}: 'java.lang.Object java.lang.invoke.DirectMethodHandle$Holder.invokeStatic(java.lang.Object, java.lang.Object, java.lang.Object, int)'> (0x00000000e117c920) thrown at [/build/openjdk-11-11.0.6
Event: 5.665 Thread 0x00007fc8a8014000 Exception <a 'java/lang/NoSuchMethodError'{0x00000000e11802e8}: 'java.lang.Object java.lang.invoke.DirectMethodHandle$Holder.invokeSpecial(java.lang.Object, java.lang.Object, java.lang.Object, java.lang.Object, int)'> (0x00000000e11802e8) thrown at [/buil
Event: 5.665 Thread 0x00007fc8a8014000 Exception <a 'java/lang/NoSuchMethodError'{0x00000000e1183350}: 'java.lang.Object java.lang.invoke.Invokers$Holder.linkToTargetMethod(java.lang.Object, java.lang.Object, int, java.lang.Object)'> (0x00000000e1183350) thrown at [/build/openjdk-11-11.0.6+10/
Event: 7.028 Thread 0x00007fc8a8014000 Exception <a 'java/lang/ClassNotFoundException'{0x00000000e0d604d8}: sun/util/logging/resources/spi/loggingProvider> (0x00000000e0d604d8) thrown at [/build/openjdk-11-11.0.6+10/src/hotspot/share/classfile/systemDictionary.cpp, line 231]

Events (20 events):
Event: 7.029 loading class sun/util/logging/resources/logging_en
Event: 7.029 loading class sun/util/logging/resources/logging_en done
Event: 7.030 loading class sun/util/logging/resources/logging_en_US
Event: 7.030 loading class sun/util/logging/resources/logging_en_US done
Event: 7.030 loading class sun/util/logging/resources/logging_en_US
Event: 7.030 loading class sun/util/logging/resources/logging_en_US done
Event: 7.055 loading class java/util/Scanner
Event: 7.055 loading class java/util/Scanner done
Event: 7.059 loading class java/util/Scanner$PatternLRUCache
Event: 7.059 loading class java/util/Scanner$PatternLRUCache done
Event: 7.060 Thread 0x00007fc8a8fdc000 Thread added: 0x00007fc8a8fdc000
Event: 7.060 Protecting memory [0x00007fc88d982000,0x00007fc88d986000] with protection modes 0
Event: 7.060 Thread 0x00007fc8a8fd9800 Thread added: 0x00007fc8a8fd9800
Event: 7.060 Protecting memory [0x00007fc88d881000,0x00007fc88d885000] with protection modes 0
Event: 7.402 loading class java/util/regex/Matcher$ImmutableMatchResult
Event: 7.402 loading class java/util/regex/Matcher$ImmutableMatchResult done
Event: 7.402 loading class org/apache/maven/plugin/logging/Log
Event: 7.402 loading class org/apache/maven/plugin/logging/Log done
Event: 7.402 loading class org/apache/maven/plugin/logging/Log
Event: 7.402 loading class org/apache/maven/plugin/logging/Log done


Dynamic libraries:
e0c00000-e1710000 rw-p 00000000 00:00 0 
e1710000-eb2a0000 ---p 00000000 00:00 0 
eb2a0000-ec8b5000 rw-p 00000000 00:00 0 
ec8b5000-100000000 ---p 00000000 00:00 0 
800000000-800002000 rwxp 00001000 08:01 2118409                          /usr/lib/jvm/java-11-openjdk-amd64/lib/server/classes.jsa
800002000-8003b7000 rw-p 00003000 08:01 2118409                          /usr/lib/jvm/java-11-openjdk-amd64/lib/server/classes.jsa
8003b7000-800a8a000 r--p 003b8000 08:01 2118409                          /usr/lib/jvm/java-11-openjdk-amd64/lib/server/classes.jsa
800a8a000-800a8b000 rw-p 00a8b000 08:01 2118409                          /usr/lib/jvm/java-11-openjdk-amd64/lib/server/classes.jsa
800a8b000-801095000 r--p 00a8c000 08:01 2118409                          /usr/lib/jvm/java-11-openjdk-amd64/lib/server/classes.jsa
840000000-8402a0000 rw-p 00000000 00:00 0 
8402a0000-880000000 ---p 00000000 00:00 0 
55d762971000-55d762972000 r-xp 00000000 08:01 2118040                    /usr/lib/jvm/java-11-openjdk-amd64/bin/java
55d762b72000-55d762b73000 r--p 00001000 08:01 2118040                    /usr/lib/jvm/java-11-openjdk-amd64/bin/java
55d762b73000-55d762b74000 rw-p 00002000 08:01 2118040                    /usr/lib/jvm/java-11-openjdk-amd64/bin/java
55d762c6d000-55d762caf000 rw-p 00000000 00:00 0                          [heap]
7fc858000000-7fc858021000 rw-p 00000000 00:00 0 
7fc858021000-7fc85c000000 ---p 00000000 00:00 0 
7fc85c000000-7fc85c021000 rw-p 00000000 00:00 0 
7fc85c021000-7fc860000000 ---p 00000000 00:00 0 
7fc860000000-7fc860021000 rw-p 00000000 00:00 0 
7fc860021000-7fc864000000 ---p 00000000 00:00 0 
7fc864000000-7fc864021000 rw-p 00000000 00:00 0 
7fc864021000-7fc868000000 ---p 00000000 00:00 0 
7fc868000000-7fc868021000 rw-p 00000000 00:00 0 
7fc868021000-7fc86c000000 ---p 00000000 00:00 0 
7fc86c000000-7fc86c021000 rw-p 00000000 00:00 0 
7fc86c021000-7fc870000000 ---p 00000000 00:00 0 
7fc870000000-7fc87071c000 rw-p 00000000 00:00 0 
7fc87071c000-7fc874000000 ---p 00000000 00:00 0 
7fc874000000-7fc874021000 rw-p 00000000 00:00 0 
7fc874021000-7fc878000000 ---p 00000000 00:00 0 
7fc878000000-7fc878021000 rw-p 00000000 00:00 0 
7fc878021000-7fc87c000000 ---p 00000000 00:00 0 
7fc87c000000-7fc87ca7e000 rw-p 00000000 00:00 0 
7fc87ca7e000-7fc880000000 ---p 00000000 00:00 0 
7fc880000000-7fc880021000 rw-p 00000000 00:00 0 
7fc880021000-7fc884000000 ---p 00000000 00:00 0 
7fc884000000-7fc884021000 rw-p 00000000 00:00 0 
7fc884021000-7fc888000000 ---p 00000000 00:00 0 
7fc888000000-7fc888029000 rw-p 00000000 00:00 0 
7fc888029000-7fc88c000000 ---p 00000000 00:00 0 
7fc88d681000-7fc88d72d000 rw-p 00000000 00:00 0 
7fc88d72d000-7fc88d881000 ---p 00000000 00:00 0 
7fc88d881000-7fc88d885000 ---p 00000000 00:00 0 
7fc88d885000-7fc88d982000 rw-p 00000000 00:00 0 
7fc88d982000-7fc88d986000 ---p 00000000 00:00 0 
7fc88d986000-7fc88dc83000 rw-p 00000000 00:00 0 
7fc88dc83000-7fc88de83000 rw-p 00000000 00:00 0 
7fc88de83000-7fc88e083000 rw-p 00000000 00:00 0 
7fc88e083000-7fc88e283000 rw-p 00000000 00:00 0 
7fc88e283000-7fc88e483000 rw-p 00000000 00:00 0 
7fc88e483000-7fc88e485000 r-xp 00000000 08:01 1843038                    /lib/x86_64-linux-gnu/libutil-2.24.so
7fc88e485000-7fc88e684000 ---p 00002000 08:01 1843038                    /lib/x86_64-linux-gnu/libutil-2.24.so
7fc88e684000-7fc88e685000 r--p 00001000 08:01 1843038                    /lib/x86_64-linux-gnu/libutil-2.24.so
7fc88e685000-7fc88e686000 rw-p 00002000 08:01 1843038                    /lib/x86_64-linux-gnu/libutil-2.24.so
7fc88e686000-7fc88e689000 r-xp 00000000 08:01 1993728                    /opt/maven/lib/jansi-native/linux64/libjansi.so
7fc88e689000-7fc88e888000 ---p 00003000 08:01 1993728                    /opt/maven/lib/jansi-native/linux64/libjansi.so
7fc88e888000-7fc88e889000 rw-p 00002000 08:01 1993728                    /opt/maven/lib/jansi-native/linux64/libjansi.so
7fc88e889000-7fc88e8ba000 rw-p 00000000 00:00 0 
7fc88e8ba000-7fc88e8d0000 r-xp 00000000 08:01 2118388                    /usr/lib/jvm/java-11-openjdk-amd64/lib/libnet.so
7fc88e8d0000-7fc88eacf000 ---p 00016000 08:01 2118388                    /usr/lib/jvm/java-11-openjdk-amd64/lib/libnet.so
7fc88eacf000-7fc88ead0000 r--p 00015000 08:01 2118388                    /usr/lib/jvm/java-11-openjdk-amd64/lib/libnet.so
7fc88ead0000-7fc88ead1000 rw-p 00016000 08:01 2118388                    /usr/lib/jvm/java-11-openjdk-amd64/lib/libnet.so
7fc88ead1000-7fc88eae1000 r-xp 00000000 08:01 2118389                    /usr/lib/jvm/java-11-openjdk-amd64/lib/libnio.so
7fc88eae1000-7fc88ece0000 ---p 00010000 08:01 2118389                    /usr/lib/jvm/java-11-openjdk-amd64/lib/libnio.so
7fc88ece0000-7fc88ece1000 r--p 0000f000 08:01 2118389                    /usr/lib/jvm/java-11-openjdk-amd64/lib/libnio.so
7fc88ece1000-7fc88ece2000 rw-p 00010000 08:01 2118389                    /usr/lib/jvm/java-11-openjdk-amd64/lib/libnio.so
7fc88ece2000-7fc88ece6000 ---p 00000000 00:00 0 
7fc88ece6000-7fc88ede3000 rw-p 00000000 00:00 0 
7fc88ede3000-7fc88ede4000 ---p 00000000 00:00 0 
7fc88ede4000-7fc88eee5000 rw-p 00000000 00:00 0 
7fc88eee5000-7fc88eee9000 ---p 00000000 00:00 0 
7fc88eee9000-7fc88efe6000 rw-p 00000000 00:00 0 
7fc88efe6000-7fc88efea000 ---p 00000000 00:00 0 
7fc88efea000-7fc88f0e7000 rw-p 00000000 00:00 0 
7fc88f0e7000-7fc88f0eb000 ---p 00000000 00:00 0 
7fc88f0eb000-7fc88f1e8000 rw-p 00000000 00:00 0 
7fc88f1e8000-7fc88f1ec000 ---p 00000000 00:00 0 
7fc88f1ec000-7fc88f2e9000 rw-p 00000000 00:00 0 
7fc88f2e9000-7fc88f2ed000 ---p 00000000 00:00 0 
7fc88f2ed000-7fc88f3ea000 rw-p 00000000 00:00 0 
7fc88f3ea000-7fc88f585000 r--p 00000000 08:01 1850658                    /usr/lib/locale/locale-archive
7fc88f585000-7fc88f589000 ---p 00000000 00:00 0 
7fc88f589000-7fc88f686000 rw-p 00000000 00:00 0 
7fc88f686000-7fc88f68a000 ---p 00000000 00:00 0 
7fc88f68a000-7fc88f787000 rw-p 00000000 00:00 0 
7fc88f787000-7fc88f788000 ---p 00000000 00:00 0 
7fc88f788000-7fc89010a000 rw-p 00000000 00:00 0 
7fc89010a000-7fc890110000 rw-p 00000000 00:00 0 
7fc890110000-7fc89015d000 ---p 00000000 00:00 0 
7fc89015d000-7fc890169000 rw-p 00000000 00:00 0 
7fc890169000-7fc890204000 ---p 00000000 00:00 0 
7fc890204000-7fc89020a000 rw-p 00000000 00:00 0 
7fc89020a000-7fc8902f0000 ---p 00000000 00:00 0 
7fc8902f0000-7fc890560000 rwxp 00000000 00:00 0 
7fc890560000-7fc89087f000 ---p 00000000 00:00 0 
7fc89087f000-7fc89106f000 rwxp 00000000 00:00 0 
7fc89106f000-7fc897db7000 ---p 00000000 00:00 0 
7fc897db7000-7fc898027000 rwxp 00000000 00:00 0 
7fc898027000-7fc89f2f0000 ---p 00000000 00:00 0 
7fc89f2f0000-7fc8a79e0000 r--s 00000000 08:01 2118399                    /usr/lib/jvm/java-11-openjdk-amd64/lib/modules
7fc8a79e0000-7fc8a79e5000 r-xp 00000000 08:01 2118380                    /usr/lib/jvm/java-11-openjdk-amd64/lib/libjimage.so
7fc8a79e5000-7fc8a7be4000 ---p 00005000 08:01 2118380                    /usr/lib/jvm/java-11-openjdk-amd64/lib/libjimage.so
7fc8a7be4000-7fc8a7be5000 r--p 00004000 08:01 2118380                    /usr/lib/jvm/java-11-openjdk-amd64/lib/libjimage.so
7fc8a7be5000-7fc8a7be6000 rw-p 00005000 08:01 2118380                    /usr/lib/jvm/java-11-openjdk-amd64/lib/libjimage.so
7fc8a7be6000-7fc8a7bed000 r-xp 00000000 08:01 2118398                    /usr/lib/jvm/java-11-openjdk-amd64/lib/libzip.so
7fc8a7bed000-7fc8a7dec000 ---p 00007000 08:01 2118398                    /usr/lib/jvm/java-11-openjdk-amd64/lib/libzip.so
7fc8a7dec000-7fc8a7ded000 r--p 00006000 08:01 2118398                    /usr/lib/jvm/java-11-openjdk-amd64/lib/libzip.so
7fc8a7ded000-7fc8a7dee000 rw-p 00007000 08:01 2118398                    /usr/lib/jvm/java-11-openjdk-amd64/lib/libzip.so
7fc8a7dee000-7fc8a7df8000 r-xp 00000000 08:01 1843001                    /lib/x86_64-linux-gnu/libnss_files-2.24.so
7fc8a7df8000-7fc8a7ff8000 ---p 0000a000 08:01 1843001                    /lib/x86_64-linux-gnu/libnss_files-2.24.so
7fc8a7ff8000-7fc8a7ff9000 r--p 0000a000 08:01 1843001                    /lib/x86_64-linux-gnu/libnss_files-2.24.so
7fc8a7ff9000-7fc8a7ffa000 rw-p 0000b000 08:01 1843001                    /lib/x86_64-linux-gnu/libnss_files-2.24.so
7fc8a7ffa000-7fc8a8000000 rw-p 00000000 00:00 0 
7fc8a8000000-7fc8a9023000 rw-p 00000000 00:00 0 
7fc8a9023000-7fc8ac000000 ---p 00000000 00:00 0 
7fc8ac001000-7fc8ac005000 ---p 00000000 00:00 0 
7fc8ac005000-7fc8ac0d7000 rw-p 00000000 00:00 0 
7fc8ac0d7000-7fc8ac1b2000 ---p 00000000 00:00 0 
7fc8ac1b2000-7fc8ac1bd000 r-xp 00000000 08:01 1843005                    /lib/x86_64-linux-gnu/libnss_nis-2.24.so
7fc8ac1bd000-7fc8ac3bc000 ---p 0000b000 08:01 1843005                    /lib/x86_64-linux-gnu/libnss_nis-2.24.so
7fc8ac3bc000-7fc8ac3bd000 r--p 0000a000 08:01 1843005                    /lib/x86_64-linux-gnu/libnss_nis-2.24.so
7fc8ac3bd000-7fc8ac3be000 rw-p 0000b000 08:01 1843005                    /lib/x86_64-linux-gnu/libnss_nis-2.24.so
7fc8ac3be000-7fc8ac3d2000 r-xp 00000000 08:01 1842995                    /lib/x86_64-linux-gnu/libnsl-2.24.so
7fc8ac3d2000-7fc8ac5d2000 ---p 00014000 08:01 1842995                    /lib/x86_64-linux-gnu/libnsl-2.24.so
7fc8ac5d2000-7fc8ac5d3000 r--p 00014000 08:01 1842995                    /lib/x86_64-linux-gnu/libnsl-2.24.so
7fc8ac5d3000-7fc8ac5d4000 rw-p 00015000 08:01 1842995                    /lib/x86_64-linux-gnu/libnsl-2.24.so
7fc8ac5d4000-7fc8ac5d6000 rw-p 00000000 00:00 0 
7fc8ac5d6000-7fc8ac5dd000 r-xp 00000000 08:01 1842997                    /lib/x86_64-linux-gnu/libnss_compat-2.24.so
7fc8ac5dd000-7fc8ac7dc000 ---p 00007000 08:01 1842997                    /lib/x86_64-linux-gnu/libnss_compat-2.24.so
7fc8ac7dc000-7fc8ac7dd000 r--p 00006000 08:01 1842997                    /lib/x86_64-linux-gnu/libnss_compat-2.24.so
7fc8ac7dd000-7fc8ac7de000 rw-p 00007000 08:01 1842997                    /lib/x86_64-linux-gnu/libnss_compat-2.24.so
7fc8ac7de000-7fc8ac807000 r-xp 00000000 08:01 2118376                    /usr/lib/jvm/java-11-openjdk-amd64/lib/libjava.so
7fc8ac807000-7fc8aca06000 ---p 00029000 08:01 2118376                    /usr/lib/jvm/java-11-openjdk-amd64/lib/libjava.so
7fc8aca06000-7fc8aca07000 r--p 00028000 08:01 2118376                    /usr/lib/jvm/java-11-openjdk-amd64/lib/libjava.so
7fc8aca07000-7fc8aca09000 rw-p 00029000 08:01 2118376                    /usr/lib/jvm/java-11-openjdk-amd64/lib/libjava.so
7fc8aca09000-7fc8aca16000 r-xp 00000000 08:01 2118397                    /usr/lib/jvm/java-11-openjdk-amd64/lib/libverify.so
7fc8aca16000-7fc8acc15000 ---p 0000d000 08:01 2118397                    /usr/lib/jvm/java-11-openjdk-amd64/lib/libverify.so
7fc8acc15000-7fc8acc17000 r--p 0000c000 08:01 2118397                    /usr/lib/jvm/java-11-openjdk-amd64/lib/libverify.so
7fc8acc17000-7fc8acc18000 rw-p 0000e000 08:01 2118397                    /usr/lib/jvm/java-11-openjdk-amd64/lib/libverify.so
7fc8acc18000-7fc8acc1f000 r-xp 00000000 08:01 1843022                    /lib/x86_64-linux-gnu/librt-2.24.so
7fc8acc1f000-7fc8ace1e000 ---p 00007000 08:01 1843022                    /lib/x86_64-linux-gnu/librt-2.24.so
7fc8ace1e000-7fc8ace1f000 r--p 00006000 08:01 1843022                    /lib/x86_64-linux-gnu/librt-2.24.so
7fc8ace1f000-7fc8ace20000 rw-p 00007000 08:01 1843022                    /lib/x86_64-linux-gnu/librt-2.24.so
7fc8ace20000-7fc8ace36000 r-xp 00000000 08:01 1842975                    /lib/x86_64-linux-gnu/libgcc_s.so.1
7fc8ace36000-7fc8ad035000 ---p 00016000 08:01 1842975                    /lib/x86_64-linux-gnu/libgcc_s.so.1
7fc8ad035000-7fc8ad036000 r--p 00015000 08:01 1842975                    /lib/x86_64-linux-gnu/libgcc_s.so.1
7fc8ad036000-7fc8ad037000 rw-p 00016000 08:01 1842975                    /lib/x86_64-linux-gnu/libgcc_s.so.1
7fc8ad037000-7fc8ad13a000 r-xp 00000000 08:01 1842984                    /lib/x86_64-linux-gnu/libm-2.24.so
7fc8ad13a000-7fc8ad339000 ---p 00103000 08:01 1842984                    /lib/x86_64-linux-gnu/libm-2.24.so
7fc8ad339000-7fc8ad33a000 r--p 00102000 08:01 1842984                    /lib/x86_64-linux-gnu/libm-2.24.so
7fc8ad33a000-7fc8ad33b000 rw-p 00103000 08:01 1842984                    /lib/x86_64-linux-gnu/libm-2.24.so
7fc8ad33b000-7fc8ad4ad000 r-xp 00000000 08:01 1843740                    /usr/lib/x86_64-linux-gnu/libstdc++.so.6.0.22
7fc8ad4ad000-7fc8ad6ad000 ---p 00172000 08:01 1843740                    /usr/lib/x86_64-linux-gnu/libstdc++.so.6.0.22
7fc8ad6ad000-7fc8ad6b7000 r--p 00172000 08:01 1843740                    /usr/lib/x86_64-linux-gnu/libstdc++.so.6.0.22
7fc8ad6b7000-7fc8ad6b9000 rw-p 0017c000 08:01 1843740                    /usr/lib/x86_64-linux-gnu/libstdc++.so.6.0.22
7fc8ad6b9000-7fc8ad6bd000 rw-p 00000000 00:00 0 
7fc8ad6bd000-7fc8ae745000 r-xp 00000000 08:01 2118411                    /usr/lib/jvm/java-11-openjdk-amd64/lib/server/libjvm.so
7fc8ae745000-7fc8ae944000 ---p 01088000 08:01 2118411                    /usr/lib/jvm/java-11-openjdk-amd64/lib/server/libjvm.so
7fc8ae944000-7fc8aea01000 r--p 01087000 08:01 2118411                    /usr/lib/jvm/java-11-openjdk-amd64/lib/server/libjvm.so
7fc8aea01000-7fc8aea3b000 rw-p 01144000 08:01 2118411                    /usr/lib/jvm/java-11-openjdk-amd64/lib/server/libjvm.so
7fc8aea3b000-7fc8aea91000 rw-p 00000000 00:00 0 
7fc8aea91000-7fc8aec26000 r-xp 00000000 08:01 1842955                    /lib/x86_64-linux-gnu/libc-2.24.so
7fc8aec26000-7fc8aee26000 ---p 00195000 08:01 1842955                    /lib/x86_64-linux-gnu/libc-2.24.so
7fc8aee26000-7fc8aee2a000 r--p 00195000 08:01 1842955                    /lib/x86_64-linux-gnu/libc-2.24.so
7fc8aee2a000-7fc8aee2c000 rw-p 00199000 08:01 1842955                    /lib/x86_64-linux-gnu/libc-2.24.so
7fc8aee2c000-7fc8aee30000 rw-p 00000000 00:00 0 
7fc8aee30000-7fc8aee33000 r-xp 00000000 08:01 1842967                    /lib/x86_64-linux-gnu/libdl-2.24.so
7fc8aee33000-7fc8af032000 ---p 00003000 08:01 1842967                    /lib/x86_64-linux-gnu/libdl-2.24.so
7fc8af032000-7fc8af033000 r--p 00002000 08:01 1842967                    /lib/x86_64-linux-gnu/libdl-2.24.so
7fc8af033000-7fc8af034000 rw-p 00003000 08:01 1842967                    /lib/x86_64-linux-gnu/libdl-2.24.so
7fc8af034000-7fc8af043000 r-xp 00000000 08:01 2118358                    /usr/lib/jvm/java-11-openjdk-amd64/lib/jli/libjli.so
7fc8af043000-7fc8af242000 ---p 0000f000 08:01 2118358                    /usr/lib/jvm/java-11-openjdk-amd64/lib/jli/libjli.so
7fc8af242000-7fc8af243000 r--p 0000e000 08:01 2118358                    /usr/lib/jvm/java-11-openjdk-amd64/lib/jli/libjli.so
7fc8af243000-7fc8af244000 rw-p 0000f000 08:01 2118358                    /usr/lib/jvm/java-11-openjdk-amd64/lib/jli/libjli.so
7fc8af244000-7fc8af25c000 r-xp 00000000 08:01 1843018                    /lib/x86_64-linux-gnu/libpthread-2.24.so
7fc8af25c000-7fc8af45b000 ---p 00018000 08:01 1843018                    /lib/x86_64-linux-gnu/libpthread-2.24.so
7fc8af45b000-7fc8af45c000 r--p 00017000 08:01 1843018                    /lib/x86_64-linux-gnu/libpthread-2.24.so
7fc8af45c000-7fc8af45d000 rw-p 00018000 08:01 1843018                    /lib/x86_64-linux-gnu/libpthread-2.24.so
7fc8af45d000-7fc8af461000 rw-p 00000000 00:00 0 
7fc8af461000-7fc8af47a000 r-xp 00000000 08:01 1843043                    /lib/x86_64-linux-gnu/libz.so.1.2.8
7fc8af47a000-7fc8af679000 ---p 00019000 08:01 1843043                    /lib/x86_64-linux-gnu/libz.so.1.2.8
7fc8af679000-7fc8af67a000 r--p 00018000 08:01 1843043                    /lib/x86_64-linux-gnu/libz.so.1.2.8
7fc8af67a000-7fc8af67b000 rw-p 00019000 08:01 1843043                    /lib/x86_64-linux-gnu/libz.so.1.2.8
7fc8af67b000-7fc8af69e000 r-xp 00000000 08:01 1842937                    /lib/x86_64-linux-gnu/ld-2.24.so
7fc8af6b8000-7fc8af6e5000 rw-p 00000000 00:00 0 
7fc8af6e5000-7fc8af780000 ---p 00000000 00:00 0 
7fc8af780000-7fc8af785000 rw-p 00000000 00:00 0 
7fc8af785000-7fc8af78c000 ---p 00000000 00:00 0 
7fc8af78c000-7fc8af78e000 r--s 00007000 08:01 2379129                    /usr/share/java/java-atk-wrapper.jar
7fc8af78e000-7fc8af792000 ---p 00000000 00:00 0 
7fc8af792000-7fc8af893000 rw-p 00000000 00:00 0 
7fc8af894000-7fc8af89c000 rw-s 00000000 08:01 411604                     /tmp/hsperfdata_tanzachary/3798
7fc8af89c000-7fc8af89d000 ---p 00000000 00:00 0 
7fc8af89d000-7fc8af89e000 r--p 00000000 00:00 0 
7fc8af89e000-7fc8af89f000 r--p 00023000 08:01 1842937                    /lib/x86_64-linux-gnu/ld-2.24.so
7fc8af89f000-7fc8af8a0000 rw-p 00024000 08:01 1842937                    /lib/x86_64-linux-gnu/ld-2.24.so
7fc8af8a0000-7fc8af8a1000 rw-p 00000000 00:00 0 
7ffd44926000-7ffd44947000 rw-p 00000000 00:00 0                          [stack]
7ffd449c0000-7ffd449c3000 r--p 00000000 00:00 0                          [vvar]
7ffd449c3000-7ffd449c5000 r-xp 00000000 00:00 0                          [vdso]
ffffffffff600000-ffffffffff601000 r-xp 00000000 00:00 0                  [vsyscall]


VM Arguments:
jvm_args: -Dclassworlds.conf=/opt/maven/bin/m2.conf -Dmaven.home=/opt/maven -Dlibrary.jansi.path=/opt/maven/lib/jansi-native -Dmaven.multiModuleProjectDirectory=/home/tanzachary/step/portfolio 
java_command: org.codehaus.plexus.classworlds.launcher.Launcher package appengine:run
java_class_path (initial): /opt/maven/boot/plexus-classworlds-2.6.0.jar
Launcher Type: SUN_STANDARD

[Global flags]
     intx CICompilerCount                          = 2                                         {product} {ergonomic}
   size_t InitialHeapSize                          = 33554432                                  {product} {ergonomic}
   size_t MaxHeapSize                              = 524288000                                 {product} {ergonomic}
   size_t MaxNewSize                               = 174718976                                 {product} {ergonomic}
   size_t MinHeapDeltaBytes                        = 196608                                    {product} {ergonomic}
   size_t NewSize                                  = 11141120                                  {product} {ergonomic}
    uintx NonNMethodCodeHeapSize                   = 5825164                                {pd product} {ergonomic}
    uintx NonProfiledCodeHeapSize                  = 122916538                              {pd product} {ergonomic}
   size_t OldSize                                  = 22413312                                  {product} {ergonomic}
    uintx ProfiledCodeHeapSize                     = 122916538                              {pd product} {ergonomic}
    uintx ReservedCodeCacheSize                    = 251658240                              {pd product} {ergonomic}
     bool SegmentedCodeCache                       = true                                      {product} {ergonomic}
     bool UseCompressedClassPointers               = true                                 {lp64_product} {ergonomic}
     bool UseCompressedOops                        = true                                 {lp64_product} {ergonomic}
     bool UseSerialGC                              = true                                      {product} {ergonomic}

Logging:
Log output configuration:
 #0: stdout all=warning uptime,level,tags
 #1: stderr all=off uptime,level,tags

Environment Variables:
JAVA_HOME=/usr/lib/jvm/java-11-openjdk-amd64
PATH=/home/tanzachary/step/portfolio/node_modules/.bin:/home/tanzachary/gopath/bin:/google/gopath/bin:/home/tanzachary/.gems/bin:/usr/local/go/bin:/opt/gradle/bin:/opt/maven/bin:/usr/local/sbin:/usr/local/bin:/usr/sbin:/usr/bin:/sbin:/bin:/usr/local/nvm/versions/node/v10.14.2/bin:/google/go_appengine:/google/google_appengine:/google/migrate/anthos/
SHELL=/bin/bash

Signal Handlers:
SIGSEGV: [libjvm.so+0xd9bff0], sa_mask[0]=11111111011111111101111111111110, sa_flags=SA_RESTART|SA_SIGINFO
SIGBUS: [libjvm.so+0xd9bff0], sa_mask[0]=11111111011111111101111111111110, sa_flags=SA_RESTART|SA_SIGINFO
SIGFPE: [libjvm.so+0xd9bff0], sa_mask[0]=11111111011111111101111111111110, sa_flags=SA_RESTART|SA_SIGINFO
SIGPIPE: [libjvm.so+0xb8fcf0], sa_mask[0]=11111111011111111101111111111110, sa_flags=SA_RESTART|SA_SIGINFO
SIGXFSZ: [libjvm.so+0xb8fcf0], sa_mask[0]=11111111011111111101111111111110, sa_flags=SA_RESTART|SA_SIGINFO
SIGILL: [libjvm.so+0xd9bff0], sa_mask[0]=11111111011111111101111111111110, sa_flags=SA_RESTART|SA_SIGINFO
SIGUSR2: [libjvm.so+0xb8fb90], sa_mask[0]=00000000000000000000000000000000, sa_flags=SA_RESTART|SA_SIGINFO
SIGHUP: [libjvm.so+0xb8fef0], sa_mask[0]=11111111011111111101111111111110, sa_flags=SA_RESTART|SA_SIGINFO
SIGINT: [libjvm.so+0xb8fef0], sa_mask[0]=11111111011111111101111111111110, sa_flags=SA_RESTART|SA_SIGINFO
SIGTERM: [libjvm.so+0xb8fef0], sa_mask[0]=11111111011111111101111111111110, sa_flags=SA_RESTART|SA_SIGINFO
SIGQUIT: [libjvm.so+0xb8fef0], sa_mask[0]=11111111011111111101111111111110, sa_flags=SA_RESTART|SA_SIGINFO


---------------  S Y S T E M  ---------------

OS:PRETTY_NAME="Debian GNU/Linux 9 (stretch)"
NAME="Debian GNU/Linux"
VERSION_ID="9"
VERSION="9 (stretch)"
VERSION_CODENAME=stretch
ID=debian
HOME_URL="https://www.debian.org/"
SUPPORT_URL="https://www.debian.org/support"
BUG_REPORT_URL="https://bugs.debian.org/"
uname:Linux 4.19.112+ #1 SMP Wed May 6 00:27:44 PDT 2020 x86_64
libc:glibc 2.24 NPTL 2.24 
rlimit: STACK 8192k, CORE infinity, NPROC infinity, NOFILE 1048576, AS infinity, DATA infinity, FSIZE infinity
load average:2.79 0.95 0.63

/proc/meminfo:
MemTotal:        2043884 kB
MemFree:          124036 kB
MemAvailable:     820772 kB
Buffers:           74644 kB
Cached:           644172 kB
SwapCached:          740 kB
Active:           885392 kB
Inactive:         717164 kB
Active(anon):     458420 kB
Inactive(anon):   405704 kB
Active(file):     426972 kB
Inactive(file):   311460 kB
Unevictable:           0 kB
Mlocked:               0 kB
SwapTotal:        786428 kB
SwapFree:         700924 kB
Dirty:              2784 kB
Writeback:             0 kB
AnonPages:        883060 kB
Mapped:           380104 kB
Shmem:               820 kB
Slab:             197056 kB
SReclaimable:     145944 kB
SUnreclaim:        51112 kB
KernelStack:        8256 kB
PageTables:        13592 kB
NFS_Unstable:          0 kB
Bounce:                0 kB
WritebackTmp:          0 kB
CommitLimit:     1808368 kB
Committed_AS:    5118520 kB
VmallocTotal:   34359738367 kB
VmallocUsed:           0 kB
VmallocChunk:          0 kB
Percpu:              968 kB
AnonHugePages:      2048 kB
ShmemHugePages:        0 kB
ShmemPmdMapped:        0 kB
HugePages_Total:       0
HugePages_Free:        0
HugePages_Rsvd:        0
HugePages_Surp:        0
Hugepagesize:       2048 kB
Hugetlb:               0 kB
DirectMap4k:       85180 kB
DirectMap2M:     2011136 kB
DirectMap1G:           0 kB


/proc/sys/kernel/threads-max (system-wide limit on the number of threads):
15631


/proc/sys/vm/max_map_count (maximum number of memory map areas a process may have):
65530


/proc/sys/kernel/pid_max (system-wide limit on number of process identifiers):
4194304



container (cgroup) information:
container_type: cgroupv1
cpu_cpuset_cpus: 0-1
cpu_memory_nodes: 0
active_processor_count: 1
cpu_quota: -1
cpu_period: 100000
cpu_shares: 2
memory_limit_in_bytes: -1
memory_and_swap_limit_in_bytes: -1
memory_soft_limit_in_bytes: -1
memory_usage_in_bytes: 607191040
memory_max_usage_in_bytes: 684109824

KVM virtualization detected
Steal ticks since vm start: 0
Steal ticks percentage since vm start:  0.000

CPU:total 2 (initial active 1) (1 cores per cpu, 2 threads per core) family 6 model 63 stepping 0, cmov, cx8, fxsr, mmx, sse, sse2, sse3, ssse3, sse4.1, sse4.2, popcnt, avx, avx2, aes, clmul, erms, lzcnt, ht, tsc, tscinvbit, bmi1, bmi2, fma
CPU Model and flags from /proc/cpuinfo:
model name	: Intel(R) Xeon(R) CPU @ 2.30GHz
flags		: fpu vme de pse tsc msr pae mce cx8 apic sep mtrr pge mca cmov pat pse36 clflush mmx fxsr sse sse2 ss ht syscall nx pdpe1gb rdtscp lm constant_tsc rep_good nopl xtopology nonstop_tsc cpuid tsc_known_freq pni pclmulqdq ssse3 fma cx16 pcid sse4_1 sse4_2 x2apic movbe popcnt aes xsave avx f16c rdrand hypervisor lahf_lm abm invpcid_single pti ssbd ibrs ibpb stibp fsgsbase tsc_adjust bmi1 avx2 smep bmi2 erms invpcid xsaveopt arat md_clear arch_capabilities

Memory: 4k page, physical 2043884k(124036k free), swap 786428k(700924k free)

vm_info: OpenJDK 64-Bit Server VM (11.0.6+10-post-Debian-1bpo91) for linux-amd64 JRE (11.0.6+10-post-Debian-1bpo91), built on Feb  1 2020 09:07:43 by "unknown" with gcc 6.3.0 20170516

END.
