#
# A fatal error has been detected by the Java Runtime Environment:
#
#  SIGSEGV (0xb) at pc=0x00007fc03bec4bc0, pid=4724, tid=4724
#
# JRE version: OpenJDK Runtime Environment (11.0.6+10) (build 11.0.6+10-post-Debian-1bpo91)
# Java VM: OpenJDK 64-Bit Server VM (11.0.6+10-post-Debian-1bpo91, mixed mode, sharing, tiered, compressed oops, serial gc, linux-amd64)
# Problematic frame:
# V  [libjvm.so+0xb8fbc0]
#
# Core dump will be written. Default location: Core dumps may be processed with "/sbin/crash_reporter --user=%P:%s:%u:%g:%e" (or dumping to /home/tanzachary/step/portfolio/core.4724)
#
# If you would like to submit a bug report, please visit:
#   https://bugs.debian.org/openjdk-11
#

---------------  S U M M A R Y ------------

Command Line: -Dclassworlds.conf=/opt/maven/bin/m2.conf -Dmaven.home=/opt/maven -Dlibrary.jansi.path=/opt/maven/lib/jansi-native -Dmaven.multiModuleProjectDirectory=/home/tanzachary/step/portfolio org.codehaus.plexus.classworlds.launcher.Launcher package appengine:run

Host: Intel(R) Xeon(R) CPU @ 2.30GHz, 2 cores, 1G, Debian GNU/Linux 9 (stretch)
Time: Thu May 28 17:46:13 2020 EDT elapsed time: 14 seconds (0d 0h 0m 14s)

---------------  T H R E A D  ---------------

Current thread is native thread

Stack: [0x00007ffdb0104000,0x00007ffdb0903000],  sp=0x00007ffdb08fd9c0,  free space=8166k
Native frames: (J=compiled Java code, A=aot compiled Java code, j=interpreted, Vv=VM code, C=native code)
V  [libjvm.so+0xb8fbc0]
C  [libpthread.so.0+0x110e0]


siginfo: si_signo: 11 (SIGSEGV), si_code: 1 (SEGV_MAPERR), si_addr: 0x00000000000000d0

Register to memory mapping:

RAX=0x0 is NULL
RBX=
[error occurred during error reporting (printing register info), id 0xb, SIGSEGV (0xb) at pc=0x00007fc03c06b9e7]

Registers:
RAX=0x0000000000000000, RBX=0x00007fc03d507e18, RCX=0x00007fc03cec46dd, RDX=0x0000000000000000
RSP=0x00007ffdb08fd9c0, RBP=0x00007ffdb08fda70, RSI=0x00007ffdb08fdbb0, RDI=0x0000000000000001
R8 =0x00000000000000ca, R9 =0x00007fc03d5069d0, R10=0x0000000000000000, R11=0x0000000000000246
R12=0x0000000000000000, R13=0x00007ffdb08fdbb0, R14=0x00007ffdb08fda80, R15=0x00007fc03d506d28
RIP=0x00007fc03bec4bc0, EFLAGS=0x0000000000010246, CSGSFS=0x002b000000000033, ERR=0x0000000000000004
  TRAPNO=0x000000000000000e

Top of Stack: (sp=0x00007ffdb08fd9c0)
0x00007ffdb08fd9c0:   0000000001e5cb59 00007fc03c71a038
0x00007ffdb08fd9d0:   00007ffdb08fdaf0 00007fc03c70cd90
0x00007ffdb08fd9e0:   00007ffdb08fda14 00007ffdb08fdae0
0x00007ffdb08fd9f0:   000056309e618c70 000000000000000b 

Instructions: (pc=0x00007fc03bec4bc0)
0x00007fc03bec4ac0:   c0 74 03 c6 00 00 4c 89 f7 4c 89 fa 48 89 de e8
0x00007fc03bec4ad0:   dc db 6d ff 4c 89 e7 e8 24 df 6d ff 48 81 c4 08
0x00007fc03bec4ae0:   01 00 00 5b 41 5c 41 5d 41 5e 41 5f 5d c3 4c 89
0x00007fc03bec4af0:   e2 be 00 01 00 00 48 89 df e8 92 e1 6d ff 48 85
0x00007fc03bec4b00:   c0 74 ae 48 8d 35 b1 46 2f 00 48 89 df e8 5e df
0x00007fc03bec4b10:   6d ff 48 85 c0 74 41 66 0f 1f 84 00 00 00 00 00
0x00007fc03bec4b20:   be 22 00 00 00 48 89 df e8 d3 df 6d ff 48 85 c0
0x00007fc03bec4b30:   74 46 48 8d 58 01 be 22 00 00 00 48 89 df e8 bd
0x00007fc03bec4b40:   df 6d ff 48 85 c0 0f 85 77 ff ff ff e9 75 ff ff
0x00007fc03bec4b50:   ff 0f 1f 80 00 00 00 00 48 8d 35 71 46 2f 00 48
0x00007fc03bec4b60:   89 df e8 09 df 6d ff 48 85 c0 0f 84 41 ff ff ff
0x00007fc03bec4b70:   eb ae 66 0f 1f 44 00 00 48 89 df be 3d 00 00 00
0x00007fc03bec4b80:   e8 7b df 6d ff 48 8d 58 01 e9 23 ff ff ff 66 90
0x00007fc03bec4b90:   55 48 89 e5 41 57 41 56 41 55 41 54 49 89 d6 53
0x00007fc03bec4ba0:   49 89 f5 48 81 ec 88 00 00 00 e8 81 e6 6d ff 48
0x00007fc03bec4bb0:   89 c3 44 8b 20 e8 26 58 1a 00 31 d2 84 c0 75 38
0x00007fc03bec4bc0:   48 83 ba d0 00 00 00 00 74 16 4c 8b ba 68 02 00
0x00007fc03bec4bd0:   00 41 8b 87 a8 00 00 00 83 f8 01 74 2b 44 89 23
0x00007fc03bec4be0:   48 81 c4 88 00 00 00 5b 41 5c 41 5d 41 5e 41 5f
0x00007fc03bec4bf0:   5d c3 66 0f 1f 44 00 00 e8 f3 57 1a 00 48 89 c2
0x00007fc03bec4c00:   eb be 66 0f 1f 44 00 00 4d 89 af b0 00 00 00 4d
0x00007fc03bec4c10:   8d af a8 00 00 00 4d 89 b7 b8 00 00 00 ba 02 00
0x00007fc03bec4c20:   00 00 be 01 00 00 00 4c 89 ef e8 01 cb ff ff 83
0x00007fc03bec4c30:   f8 02 74 3c 85 c0 75 18 49 c7 87 b8 00 00 00 00
0x00007fc03bec4c40:   00 00 00 49 c7 87 b0 00 00 00 00 00 00 00 eb 8d
0x00007fc03bec4c50:   48 8d 05 51 96 7b 00 48 8d 3d 7a 4e 2f 00 be 64
0x00007fc03bec4c60:   11 00 00 48 8b 00 c6 00 58 e8 22 16 ab ff eb c8
0x00007fc03bec4c70:   4c 8d b5 50 ff ff ff 4c 89 f7 e8 11 e2 6d ff 4c
0x00007fc03bec4c80:   89 f2 31 f6 31 ff e8 15 e3 6d ff 8b 35 ff 37 7d
0x00007fc03bec4c90:   00 4c 89 f7 e8 c7 de 6d ff 48 8d 3d 60 73 81 00
0x00007fc03bec4ca0:   be 01 00 00 00 e8 a6 bc 0c 00 66 0f 1f 44 00 00
0x00007fc03bec4cb0:   4c 89 f7 e8 d8 e5 6d ff 31 d2 be 03 00 00 00 4c 


Stack slot to memory mapping:
stack at sp + 0 slots: 
[error occurred during error reporting (inspecting top of stack), id 0xb, SIGSEGV (0xb) at pc=0x00007fc03c06b9e7]


---------------  P R O C E S S  ---------------

VM state:not at safepoint (normal execution)

VM Mutex/Monitor currently owned by a thread: None

Heap address: 0x00000000e0c00000, size: 500 MB, Compressed Oops mode: 32-bit
Narrow klass base: 0x0000000800000000, Narrow klass shift: 3
Compressed class space size: 1073741824 Address: 0x0000000840000000

Heap:
 def new generation   total 10304K, used 1818K [0x00000000e0c00000, 0x00000000e1720000, 0x00000000eb2a0000)
  eden space 9216K,  19% used [0x00000000e0c00000, 0x00000000e0dc6838, 0x00000000e1500000)
  from space 1088K,   0% used [0x00000000e1500000, 0x00000000e1500000, 0x00000000e1610000)
  to   space 1088K,   0% used [0x00000000e1610000, 0x00000000e1610000, 0x00000000e1720000)
 tenured generation   total 22736K, used 13639K [0x00000000eb2a0000, 0x00000000ec8d4000, 0x0000000100000000)
   the space 22736K,  59% used [0x00000000eb2a0000, 0x00000000ebff1d28, 0x00000000ebff1e00, 0x00000000ec8d4000)
 Metaspace       used 20865K, capacity 21629K, committed 21808K, reserved 1069056K
  class space    used 2415K, capacity 2664K, committed 2688K, reserved 1048576K

Card table byte_map: [0x00007fc039539000,0x00007fc039634000] _byte_map_base: 0x00007fc038e33000

Polling page: 0x00007fc03d514000

Metaspace:

Usage:
  Non-class:     18.52 MB capacity,    18.02 MB ( 97%) used,   477.84 KB (  3%) free+waste,    37.25 KB ( <1%) overhead. 
      Class:      2.60 MB capacity,     2.36 MB ( 91%) used,   230.05 KB (  9%) free+waste,    18.00 KB ( <1%) overhead. 
       Both:     21.12 MB capacity,    20.38 MB ( 96%) used,   707.88 KB (  3%) free+waste,    55.25 KB ( <1%) overhead. 

Virtual space:
  Non-class space:       20.00 MB reserved,      18.67 MB ( 93%) committed 
      Class space:        1.00 GB reserved,       2.62 MB ( <1%) committed 
             Both:        1.02 GB reserved,      21.30 MB (  2%) committed 

Chunk freelists:
   Non-Class:  51.00 KB
       Class:  0 bytes
        Both:  51.00 KB

MaxMetaspaceSize: unlimited
CompressedClassSpaceSize: 1.00 GB

CodeHeap 'non-profiled nmethods': size=120036Kb used=1554Kb max_used=1554Kb free=118482Kb
 bounds [0x00007fc0243d7000, 0x00007fc024647000, 0x00007fc02b910000]
CodeHeap 'profiled nmethods': size=120032Kb used=8279Kb max_used=8279Kb free=111752Kb
 bounds [0x00007fc01ce9f000, 0x00007fc01d6bf000, 0x00007fc0243d7000]
CodeHeap 'non-nmethods': size=5692Kb used=1147Kb max_used=1160Kb free=4544Kb
 bounds [0x00007fc01c910000, 0x00007fc01cb80000, 0x00007fc01ce9f000]
 total_blobs=5280 nmethods=4071 adapters=398
 compilation: enabled
              stopped_count=0, restarted_count=0
 full_count=0

Compilation events (20 events):
Event: 7.619 Thread 0x00007fc034059800 4089       4       java.util.regex.Pattern$BmpCharProperty::match (55 bytes)
Event: 7.630 Thread 0x00007fc034059800 nmethod 4089 0x00007fc024559b10 code [0x00007fc024559cc0, 0x00007fc024559ee8]
Event: 8.752 Thread 0x00007fc03405b800 4090       3       java.nio.ByteBuffer::flip (7 bytes)
Event: 8.752 Thread 0x00007fc03405b800 nmethod 4090 0x00007fc01d6b2d10 code [0x00007fc01d6b2ec0, 0x00007fc01d6b30b0]
Event: 9.066 Thread 0x00007fc03405b800 4092       3       java.util.regex.Pattern$BmpCharPredicate$$Lambda$4/0x0000000840064840::is (13 bytes)
Event: 9.067 Thread 0x00007fc03405b800 nmethod 4092 0x00007fc01d6b3190 code [0x00007fc01d6b3380, 0x00007fc01d6b3818]
Event: 9.067 Thread 0x00007fc034059800 4091       4       java.util.regex.Pattern$Slice::match (79 bytes)
Event: 9.073 Thread 0x00007fc034059800 nmethod 4091 0x00007fc02455a110 code [0x00007fc02455a2c0, 0x00007fc02455a498]
Event: 9.085 Thread 0x00007fc034059800 4093       4       java.nio.CharBuffer::charAt (16 bytes)
Event: 9.087 Thread 0x00007fc034059800 nmethod 4093 0x00007fc02455a610 code [0x00007fc02455a7a0, 0x00007fc02455a8d8]
Event: 9.088 Thread 0x00007fc03405b800 4094       3       java.util.regex.Matcher::end (22 bytes)
Event: 9.088 Thread 0x00007fc03405b800 nmethod 4094 0x00007fc01d6b3990 code [0x00007fc01d6b3b60, 0x00007fc01d6b3e08]
Event: 9.157 Thread 0x00007fc03405b800 4095       3       java.lang.AbstractStringBuilder::append (45 bytes)
Event: 9.158 Thread 0x00007fc03405b800 nmethod 4095 0x00007fc01d6b3f10 code [0x00007fc01d6b4140, 0x00007fc01d6b46d8]
Event: 9.229 Thread 0x00007fc03405b800 4096       3       java.lang.StringBuilder::append (8 bytes)
Event: 9.229 Thread 0x00007fc03405b800 nmethod 4096 0x00007fc01d6b4910 code [0x00007fc01d6b4ac0, 0x00007fc01d6b4c88]
Event: 9.230 Thread 0x00007fc034059800 4097   !   4       java.nio.charset.CharsetEncoder::encode (285 bytes)
Event: 9.236 Thread 0x00007fc034059800 nmethod 4097 0x00007fc02455aa90 code [0x00007fc02455ac60, 0x00007fc02455af88]
Event: 9.236 Thread 0x00007fc034059800 4098       4       sun.nio.cs.UTF_8$Encoder::encodeLoop (28 bytes)
Event: 9.237 Thread 0x00007fc034059800 nmethod 4098 0x00007fc02455b390 code [0x00007fc02455b540, 0x00007fc02455b688]

GC Heap History (20 events):
Event: 3.776 GC heap before
{Heap before GC invocations=12 (full 0):
 def new generation   total 9792K, used 9623K [0x00000000e0c00000, 0x00000000e16a0000, 0x00000000eb2a0000)
  eden space 8704K, 100% used [0x00000000e0c00000, 0x00000000e1480000, 0x00000000e1480000)
  from space 1088K,  84% used [0x00000000e1480000, 0x00000000e1565e08, 0x00000000e1590000)
  to   space 1088K,   0% used [0x00000000e1590000, 0x00000000e1590000, 0x00000000e16a0000)
 tenured generation   total 21888K, used 7338K [0x00000000eb2a0000, 0x00000000ec800000, 0x0000000100000000)
   the space 21888K,  33% used [0x00000000eb2a0000, 0x00000000eb9ca9f0, 0x00000000eb9caa00, 0x00000000ec800000)
 Metaspace       used 14170K, capacity 15695K, committed 16000K, reserved 1062912K
  class space    used 1610K, capacity 1831K, committed 1920K, reserved 1048576K
}
Event: 3.779 GC heap after
{Heap after GC invocations=13 (full 0):
 def new generation   total 9792K, used 811K [0x00000000e0c00000, 0x00000000e16a0000, 0x00000000eb2a0000)
  eden space 8704K,   0% used [0x00000000e0c00000, 0x00000000e0c00000, 0x00000000e1480000)
  from space 1088K,  74% used [0x00000000e1590000, 0x00000000e165ae28, 0x00000000e16a0000)
  to   space 1088K,   0% used [0x00000000e1480000, 0x00000000e1480000, 0x00000000e1590000)
 tenured generation   total 21888K, used 7800K [0x00000000eb2a0000, 0x00000000ec800000, 0x0000000100000000)
   the space 21888K,  35% used [0x00000000eb2a0000, 0x00000000eba3e140, 0x00000000eba3e200, 0x00000000ec800000)
 Metaspace       used 14170K, capacity 15695K, committed 16000K, reserved 1062912K
  class space    used 1610K, capacity 1831K, committed 1920K, reserved 1048576K
}
Event: 3.942 GC heap before
{Heap before GC invocations=13 (full 0):
 def new generation   total 9792K, used 9515K [0x00000000e0c00000, 0x00000000e16a0000, 0x00000000eb2a0000)
  eden space 8704K, 100% used [0x00000000e0c00000, 0x00000000e1480000, 0x00000000e1480000)
  from space 1088K,  74% used [0x00000000e1590000, 0x00000000e165ae28, 0x00000000e16a0000)
  to   space 1088K,   0% used [0x00000000e1480000, 0x00000000e1480000, 0x00000000e1590000)
 tenured generation   total 21888K, used 7800K [0x00000000eb2a0000, 0x00000000ec800000, 0x0000000100000000)
   the space 21888K,  35% used [0x00000000eb2a0000, 0x00000000eba3e140, 0x00000000eba3e200, 0x00000000ec800000)
 Metaspace       used 14565K, capacity 16051K, committed 16256K, reserved 1062912K
  class space    used 1639K, capacity 1867K, committed 1920K, reserved 1048576K
}
Event: 3.946 GC heap after
{Heap after GC invocations=14 (full 0):
 def new generation   total 9792K, used 983K [0x00000000e0c00000, 0x00000000e16a0000, 0x00000000eb2a0000)
  eden space 8704K,   0% used [0x00000000e0c00000, 0x00000000e0c00000, 0x00000000e1480000)
  from space 1088K,  90% used [0x00000000e1480000, 0x00000000e1575e30, 0x00000000e1590000)
  to   space 1088K,   0% used [0x00000000e1590000, 0x00000000e1590000, 0x00000000e16a0000)
 tenured generation   total 21888K, used 8175K [0x00000000eb2a0000, 0x00000000ec800000, 0x0000000100000000)
   the space 21888K,  37% used [0x00000000eb2a0000, 0x00000000eba9bf18, 0x00000000eba9c000, 0x00000000ec800000)
 Metaspace       used 14565K, capacity 16051K, committed 16256K, reserved 1062912K
  class space    used 1639K, capacity 1867K, committed 1920K, reserved 1048576K
}
Event: 4.132 GC heap before
{Heap before GC invocations=14 (full 0):
 def new generation   total 9792K, used 9687K [0x00000000e0c00000, 0x00000000e16a0000, 0x00000000eb2a0000)
  eden space 8704K, 100% used [0x00000000e0c00000, 0x00000000e1480000, 0x00000000e1480000)
  from space 1088K,  90% used [0x00000000e1480000, 0x00000000e1575e30, 0x00000000e1590000)
  to   space 1088K,   0% used [0x00000000e1590000, 0x00000000e1590000, 0x00000000e16a0000)
 tenured generation   total 21888K, used 8175K [0x00000000eb2a0000, 0x00000000ec800000, 0x0000000100000000)
   the space 21888K,  37% used [0x00000000eb2a0000, 0x00000000eba9bf18, 0x00000000eba9c000, 0x00000000ec800000)
 Metaspace       used 14955K, capacity 16456K, committed 16640K, reserved 1064960K
  class space    used 1667K, capacity 1934K, committed 2048K, reserved 1048576K
}
Event: 4.138 GC heap after
{Heap after GC invocations=15 (full 0):
 def new generation   total 9792K, used 547K [0x00000000e0c00000, 0x00000000e16a0000, 0x00000000eb2a0000)
  eden space 8704K,   0% used [0x00000000e0c00000, 0x00000000e0c00000, 0x00000000e1480000)
  from space 1088K,  50% used [0x00000000e1590000, 0x00000000e1618f98, 0x00000000e16a0000)
  to   space 1088K,   0% used [0x00000000e1480000, 0x00000000e1480000, 0x00000000e1590000)
 tenured generation   total 21888K, used 9119K [0x00000000eb2a0000, 0x00000000ec800000, 0x0000000100000000)
   the space 21888K,  41% used [0x00000000eb2a0000, 0x00000000ebb87d40, 0x00000000ebb87e00, 0x00000000ec800000)
 Metaspace       used 14955K, capacity 16456K, committed 16640K, reserved 1064960K
  class space    used 1667K, capacity 1934K, committed 2048K, reserved 1048576K
}
Event: 4.285 GC heap before
{Heap before GC invocations=15 (full 0):
 def new generation   total 9792K, used 9251K [0x00000000e0c00000, 0x00000000e16a0000, 0x00000000eb2a0000)
  eden space 8704K, 100% used [0x00000000e0c00000, 0x00000000e1480000, 0x00000000e1480000)
  from space 1088K,  50% used [0x00000000e1590000, 0x00000000e1618f98, 0x00000000e16a0000)
  to   space 1088K,   0% used [0x00000000e1480000, 0x00000000e1480000, 0x00000000e1590000)
 tenured generation   total 21888K, used 9119K [0x00000000eb2a0000, 0x00000000ec800000, 0x0000000100000000)
   the space 21888K,  41% used [0x00000000eb2a0000, 0x00000000ebb87d40, 0x00000000ebb87e00, 0x00000000ec800000)
 Metaspace       used 15618K, capacity 17204K, committed 17536K, reserved 1064960K
  class space    used 1786K, capacity 2078K, committed 2176K, reserved 1048576K
}
Event: 4.288 GC heap after
{Heap after GC invocations=16 (full 0):
 def new generation   total 9792K, used 475K [0x00000000e0c00000, 0x00000000e16a0000, 0x00000000eb2a0000)
  eden space 8704K,   0% used [0x00000000e0c00000, 0x00000000e0c00000, 0x00000000e1480000)
  from space 1088K,  43% used [0x00000000e1480000, 0x00000000e14f6fd8, 0x00000000e1590000)
  to   space 1088K,   0% used [0x00000000e1590000, 0x00000000e1590000, 0x00000000e16a0000)
 tenured generation   total 21888K, used 9606K [0x00000000eb2a0000, 0x00000000ec800000, 0x0000000100000000)
   the space 21888K,  43% used [0x00000000eb2a0000, 0x00000000ebc01a48, 0x00000000ebc01c00, 0x00000000ec800000)
 Metaspace       used 15618K, capacity 17204K, committed 17536K, reserved 1064960K
  class space    used 1786K, capacity 2078K, committed 2176K, reserved 1048576K
}
Event: 4.792 GC heap before
{Heap before GC invocations=16 (full 0):
 def new generation   total 9792K, used 9179K [0x00000000e0c00000, 0x00000000e16a0000, 0x00000000eb2a0000)
  eden space 8704K, 100% used [0x00000000e0c00000, 0x00000000e1480000, 0x00000000e1480000)
  from space 1088K,  43% used [0x00000000e1480000, 0x00000000e14f6fd8, 0x00000000e1590000)
  to   space 1088K,   0% used [0x00000000e1590000, 0x00000000e1590000, 0x00000000e16a0000)
 tenured generation   total 21888K, used 9606K [0x00000000eb2a0000, 0x00000000ec800000, 0x0000000100000000)
   the space 21888K,  43% used [0x00000000eb2a0000, 0x00000000ebc01a48, 0x00000000ebc01c00, 0x00000000ec800000)
 Metaspace       used 17448K, capacity 18408K, committed 18688K, reserved 1064960K
  class space    used 2008K, capacity 2268K, committed 2304K, reserved 1048576K
}
Event: 4.795 GC heap after
{Heap after GC invocations=17 (full 0):
 def new generation   total 9792K, used 1087K [0x00000000e0c00000, 0x00000000e16a0000, 0x00000000eb2a0000)
  eden space 8704K,   0% used [0x00000000e0c00000, 0x00000000e0c00000, 0x00000000e1480000)
  from space 1088K,  99% used [0x00000000e1590000, 0x00000000e169fff8, 0x00000000e16a0000)
  to   space 1088K,   0% used [0x00000000e1480000, 0x00000000e1480000, 0x00000000e1590000)
 tenured generation   total 21888K, used 9630K [0x00000000eb2a0000, 0x00000000ec800000, 0x0000000100000000)
   the space 21888K,  43% used [0x00000000eb2a0000, 0x00000000ebc07968, 0x00000000ebc07a00, 0x00000000ec800000)
 Metaspace       used 17448K, capacity 18408K, committed 18688K, reserved 1064960K
  class space    used 2008K, capacity 2268K, committed 2304K, reserved 1048576K
}
Event: 5.161 GC heap before
{Heap before GC invocations=17 (full 0):
 def new generation   total 9792K, used 9791K [0x00000000e0c00000, 0x00000000e16a0000, 0x00000000eb2a0000)
  eden space 8704K, 100% used [0x00000000e0c00000, 0x00000000e1480000, 0x00000000e1480000)
  from space 1088K,  99% used [0x00000000e1590000, 0x00000000e169fff8, 0x00000000e16a0000)
  to   space 1088K,   0% used [0x00000000e1480000, 0x00000000e1480000, 0x00000000e1590000)
 tenured generation   total 21888K, used 9630K [0x00000000eb2a0000, 0x00000000ec800000, 0x0000000100000000)
   the space 21888K,  43% used [0x00000000eb2a0000, 0x00000000ebc07968, 0x00000000ebc07a00, 0x00000000ec800000)
 Metaspace       used 17704K, capacity 18547K, committed 18688K, reserved 1064960K
  class space    used 2029K, capacity 2271K, committed 2304K, reserved 1048576K
}
Event: 5.166 GC heap after
{Heap after GC invocations=18 (full 0):
 def new generation   total 9792K, used 841K [0x00000000e0c00000, 0x00000000e16a0000, 0x00000000eb2a0000)
  eden space 8704K,   0% used [0x00000000e0c00000, 0x00000000e0c00000, 0x00000000e1480000)
  from space 1088K,  77% used [0x00000000e1480000, 0x00000000e1552490, 0x00000000e1590000)
  to   space 1088K,   0% used [0x00000000e1590000, 0x00000000e1590000, 0x00000000e16a0000)
 tenured generation   total 21888K, used 10675K [0x00000000eb2a0000, 0x00000000ec800000, 0x0000000100000000)
   the space 21888K,  48% used [0x00000000eb2a0000, 0x00000000ebd0ce60, 0x00000000ebd0d000, 0x00000000ec800000)
 Metaspace       used 17704K, capacity 18547K, committed 18688K, reserved 1064960K
  class space    used 2029K, capacity 2271K, committed 2304K, reserved 1048576K
}
Event: 5.265 GC heap before
{Heap before GC invocations=18 (full 0):
 def new generation   total 9792K, used 9545K [0x00000000e0c00000, 0x00000000e16a0000, 0x00000000eb2a0000)
  eden space 8704K, 100% used [0x00000000e0c00000, 0x00000000e1480000, 0x00000000e1480000)
  from space 1088K,  77% used [0x00000000e1480000, 0x00000000e1552490, 0x00000000e1590000)
  to   space 1088K,   0% used [0x00000000e1590000, 0x00000000e1590000, 0x00000000e16a0000)
 tenured generation   total 21888K, used 10675K [0x00000000eb2a0000, 0x00000000ec800000, 0x0000000100000000)
   the space 21888K,  48% used [0x00000000eb2a0000, 0x00000000ebd0ce60, 0x00000000ebd0d000, 0x00000000ec800000)
 Metaspace       used 17764K, capacity 18617K, committed 18688K, reserved 1064960K
  class space    used 2030K, capacity 2273K, committed 2304K, reserved 1048576K
}
Event: 5.276 GC heap after
{Heap after GC invocations=19 (full 0):
 def new generation   total 9792K, used 584K [0x00000000e0c00000, 0x00000000e16a0000, 0x00000000eb2a0000)
  eden space 8704K,   0% used [0x00000000e0c00000, 0x00000000e0c00000, 0x00000000e1480000)
  from space 1088K,  53% used [0x00000000e1590000, 0x00000000e16221e0, 0x00000000e16a0000)
  to   space 1088K,   0% used [0x00000000e1480000, 0x00000000e1480000, 0x00000000e1590000)
 tenured generation   total 21888K, used 11478K [0x00000000eb2a0000, 0x00000000ec800000, 0x0000000100000000)
   the space 21888K,  52% used [0x00000000eb2a0000, 0x00000000ebdd5b68, 0x00000000ebdd5c00, 0x00000000ec800000)
 Metaspace       used 17764K, capacity 18617K, committed 18688K, reserved 1064960K
  class space    used 2030K, capacity 2273K, committed 2304K, reserved 1048576K
}
Event: 5.485 GC heap before
{Heap before GC invocations=19 (full 0):
 def new generation   total 9792K, used 9288K [0x00000000e0c00000, 0x00000000e16a0000, 0x00000000eb2a0000)
  eden space 8704K, 100% used [0x00000000e0c00000, 0x00000000e1480000, 0x00000000e1480000)
  from space 1088K,  53% used [0x00000000e1590000, 0x00000000e16221e0, 0x00000000e16a0000)
  to   space 1088K,   0% used [0x00000000e1480000, 0x00000000e1480000, 0x00000000e1590000)
 tenured generation   total 21888K, used 11478K [0x00000000eb2a0000, 0x00000000ec800000, 0x0000000100000000)
   the space 21888K,  52% used [0x00000000eb2a0000, 0x00000000ebdd5b68, 0x00000000ebdd5c00, 0x00000000ec800000)
 Metaspace       used 17857K, capacity 18737K, committed 19072K, reserved 1067008K
  class space    used 2046K, capacity 2313K, committed 2432K, reserved 1048576K
}
Event: 5.489 GC heap after
{Heap after GC invocations=20 (full 0):
 def new generation   total 9792K, used 482K [0x00000000e0c00000, 0x00000000e16a0000, 0x00000000eb2a0000)
  eden space 8704K,   0% used [0x00000000e0c00000, 0x00000000e0c00000, 0x00000000e1480000)
  from space 1088K,  44% used [0x00000000e1480000, 0x00000000e14f8a20, 0x00000000e1590000)
  to   space 1088K,   0% used [0x00000000e1590000, 0x00000000e1590000, 0x00000000e16a0000)
 tenured generation   total 21888K, used 11916K [0x00000000eb2a0000, 0x00000000ec800000, 0x0000000100000000)
   the space 21888K,  54% used [0x00000000eb2a0000, 0x00000000ebe43008, 0x00000000ebe43200, 0x00000000ec800000)
 Metaspace       used 17857K, capacity 18737K, committed 19072K, reserved 1067008K
  class space    used 2046K, capacity 2313K, committed 2432K, reserved 1048576K
}
Event: 6.334 GC heap before
{Heap before GC invocations=20 (full 0):
 def new generation   total 9792K, used 9186K [0x00000000e0c00000, 0x00000000e16a0000, 0x00000000eb2a0000)
  eden space 8704K, 100% used [0x00000000e0c00000, 0x00000000e1480000, 0x00000000e1480000)
  from space 1088K,  44% used [0x00000000e1480000, 0x00000000e14f8a20, 0x00000000e1590000)
  to   space 1088K,   0% used [0x00000000e1590000, 0x00000000e1590000, 0x00000000e16a0000)
 tenured generation   total 21888K, used 11916K [0x00000000eb2a0000, 0x00000000ec800000, 0x0000000100000000)
   the space 21888K,  54% used [0x00000000eb2a0000, 0x00000000ebe43008, 0x00000000ebe43200, 0x00000000ec800000)
 Metaspace       used 18976K, capacity 19729K, committed 19840K, reserved 1067008K
  class space    used 2201K, capacity 2429K, committed 2432K, reserved 1048576K
}
Event: 6.338 GC heap after
{Heap after GC invocations=21 (full 0):
 def new generation   total 9792K, used 1087K [0x00000000e0c00000, 0x00000000e16a0000, 0x00000000eb2a0000)
  eden space 8704K,   0% used [0x00000000e0c00000, 0x00000000e0c00000, 0x00000000e1480000)
  from space 1088K,  99% used [0x00000000e1590000, 0x00000000e169fff8, 0x00000000e16a0000)
  to   space 1088K,   0% used [0x00000000e1480000, 0x00000000e1480000, 0x00000000e1590000)
 tenured generation   total 21888K, used 12246K [0x00000000eb2a0000, 0x00000000ec800000, 0x0000000100000000)
   the space 21888K,  55% used [0x00000000eb2a0000, 0x00000000ebe95958, 0x00000000ebe95a00, 0x00000000ec800000)
 Metaspace       used 18976K, capacity 19729K, committed 19840K, reserved 1067008K
  class space    used 2201K, capacity 2429K, committed 2432K, reserved 1048576K
}
Event: 7.053 GC heap before
{Heap before GC invocations=21 (full 0):
 def new generation   total 9792K, used 3186K [0x00000000e0c00000, 0x00000000e16a0000, 0x00000000eb2a0000)
  eden space 8704K,  24% used [0x00000000e0c00000, 0x00000000e0e0c878, 0x00000000e1480000)
  from space 1088K,  99% used [0x00000000e1590000, 0x00000000e169fff8, 0x00000000e16a0000)
  to   space 1088K,   0% used [0x00000000e1480000, 0x00000000e1480000, 0x00000000e1590000)
 tenured generation   total 21888K, used 12246K [0x00000000eb2a0000, 0x00000000ec800000, 0x0000000100000000)
   the space 21888K,  55% used [0x00000000eb2a0000, 0x00000000ebe95958, 0x00000000ebe95a00, 0x00000000ec800000)
 Metaspace       used 20434K, capacity 21128K, committed 21296K, reserved 1069056K
  class space    used 2358K, capacity 2602K, committed 2688K, reserved 1048576K
}
Event: 7.093 GC heap after
{Heap after GC invocations=22 (full 1):
 def new generation   total 10304K, used 0K [0x00000000e0c00000, 0x00000000e1720000, 0x00000000eb2a0000)
  eden space 9216K,   0% used [0x00000000e0c00000, 0x00000000e0c00000, 0x00000000e1500000)
  from space 1088K,   0% used [0x00000000e1500000, 0x00000000e1500000, 0x00000000e1610000)
  to   space 1088K,   0% used [0x00000000e1610000, 0x00000000e1610000, 0x00000000e1720000)
 tenured generation   total 22736K, used 13639K [0x00000000eb2a0000, 0x00000000ec8d4000, 0x0000000100000000)
   the space 22736K,  59% used [0x00000000eb2a0000, 0x00000000ebff1d28, 0x00000000ebff1e00, 0x00000000ec8d4000)
 Metaspace       used 20434K, capacity 21128K, committed 21296K, reserved 1069056K
  class space    used 2358K, capacity 2602K, committed 2688K, reserved 1048576K
}

Deoptimization events (20 events):
Event: 7.612 Thread 0x00007fc034f9c000 Uncommon trap: trap_request=0xffffffc6 fr.pc=0x00007fc024548770 relative=0x0000000000000210
Event: 7.612 Thread 0x00007fc034f9c000 Uncommon trap: reason=bimorphic_or_optimized_type_check action=maybe_recompile pc=0x00007fc024548770 method=java.util.regex.Pattern$BmpCharProperty.match(Ljava/util/regex/Matcher;ILjava/lang/CharSequence;)Z @ 14 c2
Event: 7.612 Thread 0x00007fc034f9c000 DEOPT PACKING pc=0x00007fc024548770 sp=0x00007fbff74fd520
Event: 7.612 Thread 0x00007fc034f9c000 DEOPT UNPACKING pc=0x00007fc01c9383a5 sp=0x00007fbff74fd4d0 mode 2
Event: 7.616 Thread 0x00007fc034f9c000 Uncommon trap: trap_request=0xffffffc6 fr.pc=0x00007fc024548f8c relative=0x00000000000000cc
Event: 7.617 Thread 0x00007fc034f9c000 Uncommon trap: reason=bimorphic_or_optimized_type_check action=maybe_recompile pc=0x00007fc024548f8c method=java.lang.Character.codePointBefore(Ljava/lang/CharSequence;I)I @ 5 c2
Event: 7.617 Thread 0x00007fc034f9c000 DEOPT PACKING pc=0x00007fc024548f8c sp=0x00007fbff74fd5d0
Event: 7.617 Thread 0x00007fc034f9c000 DEOPT UNPACKING pc=0x00007fc01c9383a5 sp=0x00007fbff74fd578 mode 2
Event: 7.617 Thread 0x00007fc034f9c000 Uncommon trap: trap_request=0xffffffc6 fr.pc=0x00007fc024548f8c relative=0x00000000000000cc
Event: 7.617 Thread 0x00007fc034f9c000 Uncommon trap: reason=bimorphic_or_optimized_type_check action=maybe_recompile pc=0x00007fc024548f8c method=java.lang.Character.codePointBefore(Ljava/lang/CharSequence;I)I @ 5 c2
Event: 7.617 Thread 0x00007fc034f9c000 DEOPT PACKING pc=0x00007fc024548f8c sp=0x00007fbff74fd5d0
Event: 7.617 Thread 0x00007fc034f9c000 DEOPT UNPACKING pc=0x00007fc01c9383a5 sp=0x00007fbff74fd578 mode 2
Event: 7.617 Thread 0x00007fc034f9c000 Uncommon trap: trap_request=0xffffffc6 fr.pc=0x00007fc024548f8c relative=0x00000000000000cc
Event: 7.617 Thread 0x00007fc034f9c000 Uncommon trap: reason=bimorphic_or_optimized_type_check action=maybe_recompile pc=0x00007fc024548f8c method=java.lang.Character.codePointBefore(Ljava/lang/CharSequence;I)I @ 5 c2
Event: 7.617 Thread 0x00007fc034f9c000 DEOPT PACKING pc=0x00007fc024548f8c sp=0x00007fbff74fd5d0
Event: 7.617 Thread 0x00007fc034f9c000 DEOPT UNPACKING pc=0x00007fc01c9383a5 sp=0x00007fbff74fd578 mode 2
Event: 7.617 Thread 0x00007fc034f9c000 Uncommon trap: trap_request=0xffffffc6 fr.pc=0x00007fc024548f8c relative=0x00000000000000cc
Event: 7.617 Thread 0x00007fc034f9c000 Uncommon trap: reason=bimorphic_or_optimized_type_check action=maybe_recompile pc=0x00007fc024548f8c method=java.lang.Character.codePointBefore(Ljava/lang/CharSequence;I)I @ 5 c2
Event: 7.617 Thread 0x00007fc034f9c000 DEOPT PACKING pc=0x00007fc024548f8c sp=0x00007fbff74fd5d0
Event: 7.617 Thread 0x00007fc034f9c000 DEOPT UNPACKING pc=0x00007fc01c9383a5 sp=0x00007fbff74fd578 mode 2

Classes redefined (0 events):
No events

Internal exceptions (18 events):
Event: 0.189 Thread 0x00007fc034014000 Exception <a 'java/lang/NoSuchMethodError'{0x00000000e0f1d720}: 'int java.lang.invoke.DirectMethodHandle$Holder.invokeSpecialIFC(java.lang.Object, java.lang.Object, int)'> (0x00000000e0f1d720) thrown at [/build/openjdk-11-11.0.6+10/src/hotspot/share/inter
Event: 1.978 Thread 0x00007fc034014000 Exception <a 'java/lang/NoClassDefFoundError'{0x00000000e0fcd3b0}: com/google/inject/servlet/ServletModuleTargetVisitor> (0x00000000e0fcd3b0) thrown at [/build/openjdk-11-11.0.6+10/src/hotspot/share/classfile/systemDictionary.cpp, line 220]
Event: 1.978 Thread 0x00007fc034014000 Exception <a 'java/lang/NoClassDefFoundError'{0x00000000e0fcd3b0}> (0x00000000e0fcd3b0) thrown at [/build/openjdk-11-11.0.6+10/src/hotspot/share/prims/jvm.cpp, line 1301]
Event: 1.978 Thread 0x00007fc034014000 Exception <a 'java/lang/NoClassDefFoundError'{0x00000000e0fcfef0}: javax/annotation/Priority> (0x00000000e0fcfef0) thrown at [/build/openjdk-11-11.0.6+10/src/hotspot/share/classfile/systemDictionary.cpp, line 220]
Event: 2.718 Thread 0x00007fc034014000 Implicit null exception at 0x00007fc024438785 to 0x00007fc024438962
Event: 2.719 Thread 0x00007fc034014000 Implicit null exception at 0x00007fc0244538cb to 0x00007fc024453d52
Event: 4.403 Thread 0x00007fc034014000 Exception <a 'java/lang/NoSuchMethodError'{0x00000000e0d3aae8}: 'java.lang.Object java.lang.invoke.DirectMethodHandle$Holder.invokeStatic(java.lang.Object, java.lang.Object, java.lang.Object, java.lang.Object, java.lang.Object, java.lang.Object, java.lang
Event: 4.411 Thread 0x00007fc034014000 Exception <a 'java/lang/NoSuchMethodError'{0x00000000e0d48af0}: 'java.lang.Object java.lang.invoke.DirectMethodHandle$Holder.invokeStatic(java.lang.Object, java.lang.Object, java.lang.Object, java.lang.Object, java.lang.Object, java.lang.Object, java.lang
Event: 4.423 Thread 0x00007fc034014000 Exception <a 'java/lang/NoSuchMethodError'{0x00000000e0d56c58}: 'java.lang.Object java.lang.invoke.DirectMethodHandle$Holder.invokeSpecial(java.lang.Object, java.lang.Object, int, int, java.lang.Object, java.lang.Object, java.lang.Object)'> (0x00000000e0d
Event: 4.424 Thread 0x00007fc034014000 Exception <a 'java/lang/NoSuchMethodError'{0x00000000e0d5a490}: 'java.lang.Object java.lang.invoke.DelegatingMethodHandle$Holder.reinvoke_L(java.lang.Object, int, int, java.lang.Object, java.lang.Object, java.lang.Object)'> (0x00000000e0d5a490) thrown at 
Event: 4.425 Thread 0x00007fc034014000 Exception <a 'java/lang/NoSuchMethodError'{0x00000000e0d5eac0}: 'java.lang.Object java.lang.invoke.DirectMethodHandle$Holder.invokeStatic(java.lang.Object, java.lang.Object, java.lang.Object, java.lang.Object, int)'> (0x00000000e0d5eac0) thrown at [/build
Event: 4.831 Thread 0x00007fc034014000 Exception <a 'java/lang/NoSuchMethodError'{0x00000000e0c702a0}: 'java.lang.Object java.lang.invoke.DirectMethodHandle$Holder.invokeStatic(java.lang.Object, int, java.lang.Object)'> (0x00000000e0c702a0) thrown at [/build/openjdk-11-11.0.6+10/src/hotspot/sh
Event: 5.732 Thread 0x00007fc034014000 Exception <a 'java/lang/NoSuchMethodError'{0x00000000e116a250}: 'java.lang.Object java.lang.invoke.DirectMethodHandle$Holder.invokeStaticInit(java.lang.Object, java.lang.Object, long, java.lang.Object)'> (0x00000000e116a250) thrown at [/build/openjdk-11-1
Event: 5.733 Thread 0x00007fc034014000 Exception <a 'java/lang/NoSuchMethodError'{0x00000000e11763b0}: 'java.lang.Object java.lang.invoke.Invokers$Holder.linkToTargetMethod(java.lang.Object, long, java.lang.Object)'> (0x00000000e11763b0) thrown at [/build/openjdk-11-11.0.6+10/src/hotspot/share
Event: 5.735 Thread 0x00007fc034014000 Exception <a 'java/lang/NoSuchMethodError'{0x00000000e117d350}: 'java.lang.Object java.lang.invoke.DirectMethodHandle$Holder.invokeStatic(java.lang.Object, java.lang.Object, java.lang.Object, int)'> (0x00000000e117d350) thrown at [/build/openjdk-11-11.0.6
Event: 5.736 Thread 0x00007fc034014000 Exception <a 'java/lang/NoSuchMethodError'{0x00000000e1180d18}: 'java.lang.Object java.lang.invoke.DirectMethodHandle$Holder.invokeSpecial(java.lang.Object, java.lang.Object, java.lang.Object, java.lang.Object, int)'> (0x00000000e1180d18) thrown at [/buil
Event: 5.736 Thread 0x00007fc034014000 Exception <a 'java/lang/NoSuchMethodError'{0x00000000e1183d80}: 'java.lang.Object java.lang.invoke.Invokers$Holder.linkToTargetMethod(java.lang.Object, java.lang.Object, int, java.lang.Object)'> (0x00000000e1183d80) thrown at [/build/openjdk-11-11.0.6+10/
Event: 7.139 Thread 0x00007fc034014000 Exception <a 'java/lang/ClassNotFoundException'{0x00000000e0d2dca0}: sun/util/logging/resources/spi/loggingProvider> (0x00000000e0d2dca0) thrown at [/build/openjdk-11-11.0.6+10/src/hotspot/share/classfile/systemDictionary.cpp, line 231]

Events (20 events):
Event: 7.140 loading class sun/util/logging/resources/logging_en
Event: 7.140 loading class sun/util/logging/resources/logging_en done
Event: 7.141 loading class sun/util/logging/resources/logging_en_US
Event: 7.141 loading class sun/util/logging/resources/logging_en_US done
Event: 7.141 loading class sun/util/logging/resources/logging_en_US
Event: 7.141 loading class sun/util/logging/resources/logging_en_US done
Event: 7.148 loading class java/util/Scanner
Event: 7.149 loading class java/util/Scanner done
Event: 7.152 loading class java/util/Scanner$PatternLRUCache
Event: 7.152 loading class java/util/Scanner$PatternLRUCache done
Event: 7.153 Thread 0x00007fc034f9b000 Thread added: 0x00007fc034f9b000
Event: 7.153 Protecting memory [0x00007fbff74ff000,0x00007fbff7503000] with protection modes 0
Event: 7.154 Thread 0x00007fc034f9c000 Thread added: 0x00007fc034f9c000
Event: 7.154 Protecting memory [0x00007fbff73fe000,0x00007fbff7402000] with protection modes 0
Event: 7.571 loading class java/util/regex/Matcher$ImmutableMatchResult
Event: 7.571 loading class java/util/regex/Matcher$ImmutableMatchResult done
Event: 7.571 loading class org/apache/maven/plugin/logging/Log
Event: 7.571 loading class org/apache/maven/plugin/logging/Log done
Event: 7.571 loading class org/apache/maven/plugin/logging/Log
Event: 7.571 loading class org/apache/maven/plugin/logging/Log done


Dynamic libraries:
e0c00000-e1720000 rw-p 00000000 00:00 0 
e1720000-eb2a0000 ---p 00000000 00:00 0 
eb2a0000-ec8d4000 rw-p 00000000 00:00 0 
ec8d4000-100000000 ---p 00000000 00:00 0 
800000000-800002000 rwxp 00001000 08:01 2118409                          /usr/lib/jvm/java-11-openjdk-amd64/lib/server/classes.jsa
800002000-8003b7000 rw-p 00003000 08:01 2118409                          /usr/lib/jvm/java-11-openjdk-amd64/lib/server/classes.jsa
8003b7000-800a8a000 r--p 003b8000 08:01 2118409                          /usr/lib/jvm/java-11-openjdk-amd64/lib/server/classes.jsa
800a8a000-800a8b000 rw-p 00a8b000 08:01 2118409                          /usr/lib/jvm/java-11-openjdk-amd64/lib/server/classes.jsa
800a8b000-801095000 r--p 00a8c000 08:01 2118409                          /usr/lib/jvm/java-11-openjdk-amd64/lib/server/classes.jsa
840000000-8402a0000 rw-p 00000000 00:00 0 
8402a0000-880000000 ---p 00000000 00:00 0 
56309c8b7000-56309c8b8000 r-xp 00000000 08:01 2118040                    /usr/lib/jvm/java-11-openjdk-amd64/bin/java
56309cab8000-56309cab9000 r--p 00001000 08:01 2118040                    /usr/lib/jvm/java-11-openjdk-amd64/bin/java
56309cab9000-56309caba000 rw-p 00002000 08:01 2118040                    /usr/lib/jvm/java-11-openjdk-amd64/bin/java
56309e601000-56309e643000 rw-p 00000000 00:00 0                          [heap]
7fbfe4000000-7fbfe4021000 rw-p 00000000 00:00 0 
7fbfe4021000-7fbfe8000000 ---p 00000000 00:00 0 
7fbfe8000000-7fbfe8021000 rw-p 00000000 00:00 0 
7fbfe8021000-7fbfec000000 ---p 00000000 00:00 0 
7fbfec000000-7fbfec021000 rw-p 00000000 00:00 0 
7fbfec021000-7fbff0000000 ---p 00000000 00:00 0 
7fbff0000000-7fbff0021000 rw-p 00000000 00:00 0 
7fbff0021000-7fbff4000000 ---p 00000000 00:00 0 
7fbff71fe000-7fbff72aa000 rw-p 00000000 00:00 0 
7fbff72aa000-7fbff73fe000 ---p 00000000 00:00 0 
7fbff73fe000-7fbff7402000 ---p 00000000 00:00 0 
7fbff7402000-7fbff74ff000 rw-p 00000000 00:00 0 
7fbff74ff000-7fbff7503000 ---p 00000000 00:00 0 
7fbff7503000-7fbff7800000 rw-p 00000000 00:00 0 
7fbff7800000-7fbff7a00000 rw-p 00000000 00:00 0 
7fbff7a00000-7fbff7c00000 rw-p 00000000 00:00 0 
7fbff7c00000-7fbff7e00000 rw-p 00000000 00:00 0 
7fbff7e00000-7fbff8000000 rw-p 00000000 00:00 0 
7fbff8000000-7fbff8021000 rw-p 00000000 00:00 0 
7fbff8021000-7fbffc000000 ---p 00000000 00:00 0 
7fbffc000000-7fbffc021000 rw-p 00000000 00:00 0 
7fbffc021000-7fc000000000 ---p 00000000 00:00 0 
7fc000000000-7fc00078f000 rw-p 00000000 00:00 0 
7fc00078f000-7fc004000000 ---p 00000000 00:00 0 
7fc004000000-7fc004021000 rw-p 00000000 00:00 0 
7fc004021000-7fc008000000 ---p 00000000 00:00 0 
7fc008000000-7fc008021000 rw-p 00000000 00:00 0 
7fc008021000-7fc00c000000 ---p 00000000 00:00 0 
7fc00c000000-7fc00ca33000 rw-p 00000000 00:00 0 
7fc00ca33000-7fc010000000 ---p 00000000 00:00 0 
7fc010000000-7fc010021000 rw-p 00000000 00:00 0 
7fc010021000-7fc014000000 ---p 00000000 00:00 0 
7fc014000000-7fc014021000 rw-p 00000000 00:00 0 
7fc014021000-7fc018000000 ---p 00000000 00:00 0 
7fc018000000-7fc018042000 rw-p 00000000 00:00 0 
7fc018042000-7fc01c000000 ---p 00000000 00:00 0 
7fc01c0e2000-7fc01c0e4000 r-xp 00000000 08:01 1843038                    /lib/x86_64-linux-gnu/libutil-2.24.so
7fc01c0e4000-7fc01c2e3000 ---p 00002000 08:01 1843038                    /lib/x86_64-linux-gnu/libutil-2.24.so
7fc01c2e3000-7fc01c2e4000 r--p 00001000 08:01 1843038                    /lib/x86_64-linux-gnu/libutil-2.24.so
7fc01c2e4000-7fc01c2e5000 rw-p 00002000 08:01 1843038                    /lib/x86_64-linux-gnu/libutil-2.24.so
7fc01c2e5000-7fc01c2e8000 r-xp 00000000 08:01 1993728                    /opt/maven/lib/jansi-native/linux64/libjansi.so
7fc01c2e8000-7fc01c4e7000 ---p 00003000 08:01 1993728                    /opt/maven/lib/jansi-native/linux64/libjansi.so
7fc01c4e7000-7fc01c4e8000 rw-p 00002000 08:01 1993728                    /opt/maven/lib/jansi-native/linux64/libjansi.so
7fc01c4e8000-7fc01c4fe000 r-xp 00000000 08:01 2118388                    /usr/lib/jvm/java-11-openjdk-amd64/lib/libnet.so
7fc01c4fe000-7fc01c6fd000 ---p 00016000 08:01 2118388                    /usr/lib/jvm/java-11-openjdk-amd64/lib/libnet.so
7fc01c6fd000-7fc01c6fe000 r--p 00015000 08:01 2118388                    /usr/lib/jvm/java-11-openjdk-amd64/lib/libnet.so
7fc01c6fe000-7fc01c6ff000 rw-p 00016000 08:01 2118388                    /usr/lib/jvm/java-11-openjdk-amd64/lib/libnet.so
7fc01c6ff000-7fc01c70f000 r-xp 00000000 08:01 2118389                    /usr/lib/jvm/java-11-openjdk-amd64/lib/libnio.so
7fc01c70f000-7fc01c90e000 ---p 00010000 08:01 2118389                    /usr/lib/jvm/java-11-openjdk-amd64/lib/libnio.so
7fc01c90e000-7fc01c90f000 r--p 0000f000 08:01 2118389                    /usr/lib/jvm/java-11-openjdk-amd64/lib/libnio.so
7fc01c90f000-7fc01c910000 rw-p 00010000 08:01 2118389                    /usr/lib/jvm/java-11-openjdk-amd64/lib/libnio.so
7fc01c910000-7fc01cb80000 rwxp 00000000 00:00 0 
7fc01cb80000-7fc01ce9f000 ---p 00000000 00:00 0 
7fc01ce9f000-7fc01d6bf000 rwxp 00000000 00:00 0 
7fc01d6bf000-7fc0243d7000 ---p 00000000 00:00 0 
7fc0243d7000-7fc024647000 rwxp 00000000 00:00 0 
7fc024647000-7fc02b910000 ---p 00000000 00:00 0 
7fc02b910000-7fc034000000 r--s 00000000 08:01 2118399                    /usr/lib/jvm/java-11-openjdk-amd64/lib/modules
7fc034000000-7fc034fe4000 rw-p 00000000 00:00 0 
7fc034fe4000-7fc038000000 ---p 00000000 00:00 0 
7fc03801a000-7fc03801e000 ---p 00000000 00:00 0 
7fc03801e000-7fc03806d000 rw-p 00000000 00:00 0 
7fc03806d000-7fc038071000 ---p 00000000 00:00 0 
7fc038071000-7fc03816e000 rw-p 00000000 00:00 0 
7fc03816e000-7fc03816f000 ---p 00000000 00:00 0 
7fc03816f000-7fc038270000 rw-p 00000000 00:00 0 
7fc038270000-7fc038274000 ---p 00000000 00:00 0 
7fc038274000-7fc038371000 rw-p 00000000 00:00 0 
7fc038371000-7fc038375000 ---p 00000000 00:00 0 
7fc038375000-7fc038472000 rw-p 00000000 00:00 0 
7fc038472000-7fc038476000 ---p 00000000 00:00 0 
7fc038476000-7fc038573000 rw-p 00000000 00:00 0 
7fc038573000-7fc038577000 ---p 00000000 00:00 0 
7fc038577000-7fc038674000 rw-p 00000000 00:00 0 
7fc038674000-7fc038678000 ---p 00000000 00:00 0 
7fc038678000-7fc038775000 rw-p 00000000 00:00 0 
7fc038775000-7fc038910000 r--p 00000000 08:01 1850658                    /usr/lib/locale/locale-archive
7fc038910000-7fc038914000 ---p 00000000 00:00 0 
7fc038914000-7fc038a11000 rw-p 00000000 00:00 0 
7fc038a11000-7fc038a15000 ---p 00000000 00:00 0 
7fc038a15000-7fc038b12000 rw-p 00000000 00:00 0 
7fc038b12000-7fc038b13000 ---p 00000000 00:00 0 
7fc038b13000-7fc039518000 rw-p 00000000 00:00 0 
7fc039518000-7fc03953f000 rw-p 00000000 00:00 0 
7fc03953f000-7fc03958c000 ---p 00000000 00:00 0 
7fc03958c000-7fc039598000 rw-p 00000000 00:00 0 
7fc039598000-7fc039633000 ---p 00000000 00:00 0 
7fc039633000-7fc039639000 rw-p 00000000 00:00 0 
7fc039639000-7fc03971f000 ---p 00000000 00:00 0 
7fc03971f000-7fc039730000 rw-p 00000000 00:00 0 
7fc039730000-7fc03980a000 ---p 00000000 00:00 0 
7fc03980a000-7fc03980f000 r-xp 00000000 08:01 2118380                    /usr/lib/jvm/java-11-openjdk-amd64/lib/libjimage.so
7fc03980f000-7fc039a0e000 ---p 00005000 08:01 2118380                    /usr/lib/jvm/java-11-openjdk-amd64/lib/libjimage.so
7fc039a0e000-7fc039a0f000 r--p 00004000 08:01 2118380                    /usr/lib/jvm/java-11-openjdk-amd64/lib/libjimage.so
7fc039a0f000-7fc039a10000 rw-p 00005000 08:01 2118380                    /usr/lib/jvm/java-11-openjdk-amd64/lib/libjimage.so
7fc039a10000-7fc039a17000 r-xp 00000000 08:01 2118398                    /usr/lib/jvm/java-11-openjdk-amd64/lib/libzip.so
7fc039a17000-7fc039c16000 ---p 00007000 08:01 2118398                    /usr/lib/jvm/java-11-openjdk-amd64/lib/libzip.so
7fc039c16000-7fc039c17000 r--p 00006000 08:01 2118398                    /usr/lib/jvm/java-11-openjdk-amd64/lib/libzip.so
7fc039c17000-7fc039c18000 rw-p 00007000 08:01 2118398                    /usr/lib/jvm/java-11-openjdk-amd64/lib/libzip.so
7fc039c18000-7fc039c22000 r-xp 00000000 08:01 1843001                    /lib/x86_64-linux-gnu/libnss_files-2.24.so
7fc039c22000-7fc039e22000 ---p 0000a000 08:01 1843001                    /lib/x86_64-linux-gnu/libnss_files-2.24.so
7fc039e22000-7fc039e23000 r--p 0000a000 08:01 1843001                    /lib/x86_64-linux-gnu/libnss_files-2.24.so
7fc039e23000-7fc039e24000 rw-p 0000b000 08:01 1843001                    /lib/x86_64-linux-gnu/libnss_files-2.24.so
7fc039e24000-7fc039e2a000 rw-p 00000000 00:00 0 
7fc039e2a000-7fc039e35000 r-xp 00000000 08:01 1843005                    /lib/x86_64-linux-gnu/libnss_nis-2.24.so
7fc039e35000-7fc03a034000 ---p 0000b000 08:01 1843005                    /lib/x86_64-linux-gnu/libnss_nis-2.24.so
7fc03a034000-7fc03a035000 r--p 0000a000 08:01 1843005                    /lib/x86_64-linux-gnu/libnss_nis-2.24.so
7fc03a035000-7fc03a036000 rw-p 0000b000 08:01 1843005                    /lib/x86_64-linux-gnu/libnss_nis-2.24.so
7fc03a036000-7fc03a04a000 r-xp 00000000 08:01 1842995                    /lib/x86_64-linux-gnu/libnsl-2.24.so
7fc03a04a000-7fc03a24a000 ---p 00014000 08:01 1842995                    /lib/x86_64-linux-gnu/libnsl-2.24.so
7fc03a24a000-7fc03a24b000 r--p 00014000 08:01 1842995                    /lib/x86_64-linux-gnu/libnsl-2.24.so
7fc03a24b000-7fc03a24c000 rw-p 00015000 08:01 1842995                    /lib/x86_64-linux-gnu/libnsl-2.24.so
7fc03a24c000-7fc03a24e000 rw-p 00000000 00:00 0 
7fc03a24e000-7fc03a255000 r-xp 00000000 08:01 1842997                    /lib/x86_64-linux-gnu/libnss_compat-2.24.so
7fc03a255000-7fc03a454000 ---p 00007000 08:01 1842997                    /lib/x86_64-linux-gnu/libnss_compat-2.24.so
7fc03a454000-7fc03a455000 r--p 00006000 08:01 1842997                    /lib/x86_64-linux-gnu/libnss_compat-2.24.so
7fc03a455000-7fc03a456000 rw-p 00007000 08:01 1842997                    /lib/x86_64-linux-gnu/libnss_compat-2.24.so
7fc03a456000-7fc03a47f000 r-xp 00000000 08:01 2118376                    /usr/lib/jvm/java-11-openjdk-amd64/lib/libjava.so
7fc03a47f000-7fc03a67e000 ---p 00029000 08:01 2118376                    /usr/lib/jvm/java-11-openjdk-amd64/lib/libjava.so
7fc03a67e000-7fc03a67f000 r--p 00028000 08:01 2118376                    /usr/lib/jvm/java-11-openjdk-amd64/lib/libjava.so
7fc03a67f000-7fc03a681000 rw-p 00029000 08:01 2118376                    /usr/lib/jvm/java-11-openjdk-amd64/lib/libjava.so
7fc03a681000-7fc03a68e000 r-xp 00000000 08:01 2118397                    /usr/lib/jvm/java-11-openjdk-amd64/lib/libverify.so
7fc03a68e000-7fc03a88d000 ---p 0000d000 08:01 2118397                    /usr/lib/jvm/java-11-openjdk-amd64/lib/libverify.so
7fc03a88d000-7fc03a88f000 r--p 0000c000 08:01 2118397                    /usr/lib/jvm/java-11-openjdk-amd64/lib/libverify.so
7fc03a88f000-7fc03a890000 rw-p 0000e000 08:01 2118397                    /usr/lib/jvm/java-11-openjdk-amd64/lib/libverify.so
7fc03a890000-7fc03a897000 r-xp 00000000 08:01 1843022                    /lib/x86_64-linux-gnu/librt-2.24.so
7fc03a897000-7fc03aa96000 ---p 00007000 08:01 1843022                    /lib/x86_64-linux-gnu/librt-2.24.so
7fc03aa96000-7fc03aa97000 r--p 00006000 08:01 1843022                    /lib/x86_64-linux-gnu/librt-2.24.so
7fc03aa97000-7fc03aa98000 rw-p 00007000 08:01 1843022                    /lib/x86_64-linux-gnu/librt-2.24.so
7fc03aa98000-7fc03aaae000 r-xp 00000000 08:01 1842975                    /lib/x86_64-linux-gnu/libgcc_s.so.1
7fc03aaae000-7fc03acad000 ---p 00016000 08:01 1842975                    /lib/x86_64-linux-gnu/libgcc_s.so.1
7fc03acad000-7fc03acae000 r--p 00015000 08:01 1842975                    /lib/x86_64-linux-gnu/libgcc_s.so.1
7fc03acae000-7fc03acaf000 rw-p 00016000 08:01 1842975                    /lib/x86_64-linux-gnu/libgcc_s.so.1
7fc03acaf000-7fc03adb2000 r-xp 00000000 08:01 1842984                    /lib/x86_64-linux-gnu/libm-2.24.so
7fc03adb2000-7fc03afb1000 ---p 00103000 08:01 1842984                    /lib/x86_64-linux-gnu/libm-2.24.so
7fc03afb1000-7fc03afb2000 r--p 00102000 08:01 1842984                    /lib/x86_64-linux-gnu/libm-2.24.so
7fc03afb2000-7fc03afb3000 rw-p 00103000 08:01 1842984                    /lib/x86_64-linux-gnu/libm-2.24.so
7fc03afb3000-7fc03b125000 r-xp 00000000 08:01 1843740                    /usr/lib/x86_64-linux-gnu/libstdc++.so.6.0.22
7fc03b125000-7fc03b325000 ---p 00172000 08:01 1843740                    /usr/lib/x86_64-linux-gnu/libstdc++.so.6.0.22
7fc03b325000-7fc03b32f000 r--p 00172000 08:01 1843740                    /usr/lib/x86_64-linux-gnu/libstdc++.so.6.0.22
7fc03b32f000-7fc03b331000 rw-p 0017c000 08:01 1843740                    /usr/lib/x86_64-linux-gnu/libstdc++.so.6.0.22
7fc03b331000-7fc03b335000 rw-p 00000000 00:00 0 
7fc03b335000-7fc03c3bd000 r-xp 00000000 08:01 2118411                    /usr/lib/jvm/java-11-openjdk-amd64/lib/server/libjvm.so
7fc03c3bd000-7fc03c5bc000 ---p 01088000 08:01 2118411                    /usr/lib/jvm/java-11-openjdk-amd64/lib/server/libjvm.so
7fc03c5bc000-7fc03c679000 r--p 01087000 08:01 2118411                    /usr/lib/jvm/java-11-openjdk-amd64/lib/server/libjvm.so
7fc03c679000-7fc03c6b3000 rw-p 01144000 08:01 2118411                    /usr/lib/jvm/java-11-openjdk-amd64/lib/server/libjvm.so
7fc03c6b3000-7fc03c709000 rw-p 00000000 00:00 0 
7fc03c709000-7fc03c89e000 r-xp 00000000 08:01 1842955                    /lib/x86_64-linux-gnu/libc-2.24.so
7fc03c89e000-7fc03ca9e000 ---p 00195000 08:01 1842955                    /lib/x86_64-linux-gnu/libc-2.24.so
7fc03ca9e000-7fc03caa2000 r--p 00195000 08:01 1842955                    /lib/x86_64-linux-gnu/libc-2.24.so
7fc03caa2000-7fc03caa4000 rw-p 00199000 08:01 1842955                    /lib/x86_64-linux-gnu/libc-2.24.so
7fc03caa4000-7fc03caa8000 rw-p 00000000 00:00 0 
7fc03caa8000-7fc03caab000 r-xp 00000000 08:01 1842967                    /lib/x86_64-linux-gnu/libdl-2.24.so
7fc03caab000-7fc03ccaa000 ---p 00003000 08:01 1842967                    /lib/x86_64-linux-gnu/libdl-2.24.so
7fc03ccaa000-7fc03ccab000 r--p 00002000 08:01 1842967                    /lib/x86_64-linux-gnu/libdl-2.24.so
7fc03ccab000-7fc03ccac000 rw-p 00003000 08:01 1842967                    /lib/x86_64-linux-gnu/libdl-2.24.so
7fc03ccac000-7fc03ccbb000 r-xp 00000000 08:01 2118358                    /usr/lib/jvm/java-11-openjdk-amd64/lib/jli/libjli.so
7fc03ccbb000-7fc03ceba000 ---p 0000f000 08:01 2118358                    /usr/lib/jvm/java-11-openjdk-amd64/lib/jli/libjli.so
7fc03ceba000-7fc03cebb000 r--p 0000e000 08:01 2118358                    /usr/lib/jvm/java-11-openjdk-amd64/lib/jli/libjli.so
7fc03cebb000-7fc03cebc000 rw-p 0000f000 08:01 2118358                    /usr/lib/jvm/java-11-openjdk-amd64/lib/jli/libjli.so
7fc03cebc000-7fc03ced4000 r-xp 00000000 08:01 1843018                    /lib/x86_64-linux-gnu/libpthread-2.24.so
7fc03ced4000-7fc03d0d3000 ---p 00018000 08:01 1843018                    /lib/x86_64-linux-gnu/libpthread-2.24.so
7fc03d0d3000-7fc03d0d4000 r--p 00017000 08:01 1843018                    /lib/x86_64-linux-gnu/libpthread-2.24.so
7fc03d0d4000-7fc03d0d5000 rw-p 00018000 08:01 1843018                    /lib/x86_64-linux-gnu/libpthread-2.24.so
7fc03d0d5000-7fc03d0d9000 rw-p 00000000 00:00 0 
7fc03d0d9000-7fc03d0f2000 r-xp 00000000 08:01 1843043                    /lib/x86_64-linux-gnu/libz.so.1.2.8
7fc03d0f2000-7fc03d2f1000 ---p 00019000 08:01 1843043                    /lib/x86_64-linux-gnu/libz.so.1.2.8
7fc03d2f1000-7fc03d2f2000 r--p 00018000 08:01 1843043                    /lib/x86_64-linux-gnu/libz.so.1.2.8
7fc03d2f2000-7fc03d2f3000 rw-p 00019000 08:01 1843043                    /lib/x86_64-linux-gnu/libz.so.1.2.8
7fc03d2f3000-7fc03d316000 r-xp 00000000 08:01 1842937                    /lib/x86_64-linux-gnu/ld-2.24.so
7fc03d330000-7fc03d35d000 rw-p 00000000 00:00 0 
7fc03d35d000-7fc03d3f8000 ---p 00000000 00:00 0 
7fc03d3f8000-7fc03d3fd000 rw-p 00000000 00:00 0 
7fc03d3fd000-7fc03d404000 ---p 00000000 00:00 0 
7fc03d404000-7fc03d406000 r--s 00007000 08:01 2379129                    /usr/share/java/java-atk-wrapper.jar
7fc03d406000-7fc03d40a000 ---p 00000000 00:00 0 
7fc03d40a000-7fc03d50b000 rw-p 00000000 00:00 0 
7fc03d50c000-7fc03d514000 rw-s 00000000 08:01 411604                     /tmp/hsperfdata_tanzachary/4724
7fc03d514000-7fc03d515000 ---p 00000000 00:00 0 
7fc03d515000-7fc03d516000 r--p 00000000 00:00 0 
7fc03d516000-7fc03d517000 r--p 00023000 08:01 1842937                    /lib/x86_64-linux-gnu/ld-2.24.so
7fc03d517000-7fc03d518000 rw-p 00024000 08:01 1842937                    /lib/x86_64-linux-gnu/ld-2.24.so
7fc03d518000-7fc03d519000 rw-p 00000000 00:00 0 
7ffdb08e3000-7ffdb0904000 rw-p 00000000 00:00 0                          [stack]
7ffdb0984000-7ffdb0987000 r--p 00000000 00:00 0                          [vvar]
7ffdb0987000-7ffdb0989000 r-xp 00000000 00:00 0                          [vdso]
ffffffffff600000-ffffffffff601000 r-xp 00000000 00:00 0                  [vsyscall]


VM Arguments:
jvm_args: -Dclassworlds.conf=/opt/maven/bin/m2.conf -Dmaven.home=/opt/maven -Dlibrary.jansi.path=/opt/maven/lib/jansi-native -Dmaven.multiModuleProjectDirectory=/home/tanzachary/step/portfolio 
java_command: org.codehaus.plexus.classworlds.launcher.Launcher package appengine:run
java_class_path (initial): /opt/maven/boot/plexus-classworlds-2.6.0.jar
Launcher Type: SUN_STANDARD

[Global flags]
     intx CICompilerCount                          = 2                                         {product} {ergonomic}
   size_t InitialHeapSize                          = 33554432                                  {product} {ergonomic}
   size_t MaxHeapSize                              = 524288000                                 {product} {ergonomic}
   size_t MaxNewSize                               = 174718976                                 {product} {ergonomic}
   size_t MinHeapDeltaBytes                        = 196608                                    {product} {ergonomic}
   size_t NewSize                                  = 11141120                                  {product} {ergonomic}
    uintx NonNMethodCodeHeapSize                   = 5825164                                {pd product} {ergonomic}
    uintx NonProfiledCodeHeapSize                  = 122916538                              {pd product} {ergonomic}
   size_t OldSize                                  = 22413312                                  {product} {ergonomic}
    uintx ProfiledCodeHeapSize                     = 122916538                              {pd product} {ergonomic}
    uintx ReservedCodeCacheSize                    = 251658240                              {pd product} {ergonomic}
     bool SegmentedCodeCache                       = true                                      {product} {ergonomic}
     bool UseCompressedClassPointers               = true                                 {lp64_product} {ergonomic}
     bool UseCompressedOops                        = true                                 {lp64_product} {ergonomic}
     bool UseSerialGC                              = true                                      {product} {ergonomic}

Logging:
Log output configuration:
 #0: stdout all=warning uptime,level,tags
 #1: stderr all=off uptime,level,tags

Environment Variables:
JAVA_HOME=/usr/lib/jvm/java-11-openjdk-amd64
PATH=/home/tanzachary/step/portfolio/node_modules/.bin:/home/tanzachary/gopath/bin:/google/gopath/bin:/home/tanzachary/.gems/bin:/usr/local/go/bin:/opt/gradle/bin:/opt/maven/bin:/usr/local/sbin:/usr/local/bin:/usr/sbin:/usr/bin:/sbin:/bin:/usr/local/nvm/versions/node/v10.14.2/bin:/google/go_appengine:/google/google_appengine:/google/migrate/anthos/
SHELL=/bin/bash

Signal Handlers:
SIGSEGV: [libjvm.so+0xd9bff0], sa_mask[0]=11111111011111111101111111111110, sa_flags=SA_RESTART|SA_SIGINFO
SIGBUS: [libjvm.so+0xd9bff0], sa_mask[0]=11111111011111111101111111111110, sa_flags=SA_RESTART|SA_SIGINFO
SIGFPE: [libjvm.so+0xd9bff0], sa_mask[0]=11111111011111111101111111111110, sa_flags=SA_RESTART|SA_SIGINFO
SIGPIPE: [libjvm.so+0xb8fcf0], sa_mask[0]=11111111011111111101111111111110, sa_flags=SA_RESTART|SA_SIGINFO
SIGXFSZ: [libjvm.so+0xb8fcf0], sa_mask[0]=11111111011111111101111111111110, sa_flags=SA_RESTART|SA_SIGINFO
SIGILL: [libjvm.so+0xd9bff0], sa_mask[0]=11111111011111111101111111111110, sa_flags=SA_RESTART|SA_SIGINFO
SIGUSR2: [libjvm.so+0xb8fb90], sa_mask[0]=00000000000000000000000000000000, sa_flags=SA_RESTART|SA_SIGINFO
SIGHUP: [libjvm.so+0xb8fef0], sa_mask[0]=11111111011111111101111111111110, sa_flags=SA_RESTART|SA_SIGINFO
SIGINT: [libjvm.so+0xb8fef0], sa_mask[0]=11111111011111111101111111111110, sa_flags=SA_RESTART|SA_SIGINFO
SIGTERM: [libjvm.so+0xb8fef0], sa_mask[0]=11111111011111111101111111111110, sa_flags=SA_RESTART|SA_SIGINFO
SIGQUIT: [libjvm.so+0xb8fef0], sa_mask[0]=11111111011111111101111111111110, sa_flags=SA_RESTART|SA_SIGINFO


---------------  S Y S T E M  ---------------

OS:PRETTY_NAME="Debian GNU/Linux 9 (stretch)"
NAME="Debian GNU/Linux"
VERSION_ID="9"
VERSION="9 (stretch)"
VERSION_CODENAME=stretch
ID=debian
HOME_URL="https://www.debian.org/"
SUPPORT_URL="https://www.debian.org/support"
BUG_REPORT_URL="https://bugs.debian.org/"
uname:Linux 4.19.112+ #1 SMP Wed May 6 00:27:44 PDT 2020 x86_64
libc:glibc 2.24 NPTL 2.24 
rlimit: STACK 8192k, CORE infinity, NPROC infinity, NOFILE 1048576, AS infinity, DATA infinity, FSIZE infinity
load average:0.82 1.08 0.84

/proc/meminfo:
MemTotal:        2043884 kB
MemFree:           90012 kB
MemAvailable:     798532 kB
Buffers:           73760 kB
Cached:           653988 kB
SwapCached:          740 kB
Active:           904928 kB
Inactive:         733088 kB
Active(anon):     478788 kB
Inactive(anon):   409088 kB
Active(file):     426140 kB
Inactive(file):   324000 kB
Unevictable:           0 kB
Mlocked:               0 kB
SwapTotal:        786428 kB
SwapFree:         700668 kB
Dirty:              4068 kB
Writeback:             0 kB
AnonPages:        909580 kB
Mapped:           390892 kB
Shmem:               820 kB
Slab:             197196 kB
SReclaimable:     146020 kB
SUnreclaim:        51176 kB
KernelStack:        8416 kB
PageTables:        13944 kB
NFS_Unstable:          0 kB
Bounce:                0 kB
WritebackTmp:          0 kB
CommitLimit:     1808368 kB
Committed_AS:    5215324 kB
VmallocTotal:   34359738367 kB
VmallocUsed:           0 kB
VmallocChunk:          0 kB
Percpu:              968 kB
AnonHugePages:      2048 kB
ShmemHugePages:        0 kB
ShmemPmdMapped:        0 kB
HugePages_Total:       0
HugePages_Free:        0
HugePages_Rsvd:        0
HugePages_Surp:        0
Hugepagesize:       2048 kB
Hugetlb:               0 kB
DirectMap4k:       85180 kB
DirectMap2M:     2011136 kB
DirectMap1G:           0 kB


/proc/sys/kernel/threads-max (system-wide limit on the number of threads):
15631


/proc/sys/vm/max_map_count (maximum number of memory map areas a process may have):
65530


/proc/sys/kernel/pid_max (system-wide limit on number of process identifiers):
4194304



container (cgroup) information:
container_type: cgroupv1
cpu_cpuset_cpus: 0-1
cpu_memory_nodes: 0
active_processor_count: 1
cpu_quota: -1
cpu_period: 100000
cpu_shares: 2
memory_limit_in_bytes: -1
memory_and_swap_limit_in_bytes: -1
memory_soft_limit_in_bytes: -1
memory_usage_in_bytes: 635252736
memory_max_usage_in_bytes: 684109824

KVM virtualization detected
Steal ticks since vm start: 1
Steal ticks percentage since vm start:  0.000

CPU:total 2 (initial active 1) (1 cores per cpu, 2 threads per core) family 6 model 63 stepping 0, cmov, cx8, fxsr, mmx, sse, sse2, sse3, ssse3, sse4.1, sse4.2, popcnt, avx, avx2, aes, clmul, erms, lzcnt, ht, tsc, tscinvbit, bmi1, bmi2, fma
CPU Model and flags from /proc/cpuinfo:
model name	: Intel(R) Xeon(R) CPU @ 2.30GHz
flags		: fpu vme de pse tsc msr pae mce cx8 apic sep mtrr pge mca cmov pat pse36 clflush mmx fxsr sse sse2 ss ht syscall nx pdpe1gb rdtscp lm constant_tsc rep_good nopl xtopology nonstop_tsc cpuid tsc_known_freq pni pclmulqdq ssse3 fma cx16 pcid sse4_1 sse4_2 x2apic movbe popcnt aes xsave avx f16c rdrand hypervisor lahf_lm abm invpcid_single pti ssbd ibrs ibpb stibp fsgsbase tsc_adjust bmi1 avx2 smep bmi2 erms invpcid xsaveopt arat md_clear arch_capabilities

Memory: 4k page, physical 2043884k(90012k free), swap 786428k(700668k free)

vm_info: OpenJDK 64-Bit Server VM (11.0.6+10-post-Debian-1bpo91) for linux-amd64 JRE (11.0.6+10-post-Debian-1bpo91), built on Feb  1 2020 09:07:43 by "unknown" with gcc 6.3.0 20170516

END.
