#
# A fatal error has been detected by the Java Runtime Environment:
#
#  SIGSEGV (0xb) at pc=0x00007f9f9d114bc0, pid=5514, tid=5514
#
# JRE version: OpenJDK Runtime Environment (11.0.6+10) (build 11.0.6+10-post-Debian-1bpo91)
# Java VM: OpenJDK 64-Bit Server VM (11.0.6+10-post-Debian-1bpo91, mixed mode, sharing, tiered, compressed oops, serial gc, linux-amd64)
# Problematic frame:
# V  [libjvm.so+0xb8fbc0]
#
# Core dump will be written. Default location: Core dumps may be processed with "/sbin/crash_reporter --user=%P:%s:%u:%g:%e" (or dumping to /home/tanzachary/step/portfolio/core.5514)
#
# If you would like to submit a bug report, please visit:
#   https://bugs.debian.org/openjdk-11
#

---------------  S U M M A R Y ------------

Command Line: -Dclassworlds.conf=/opt/maven/bin/m2.conf -Dmaven.home=/opt/maven -Dlibrary.jansi.path=/opt/maven/lib/jansi-native -Dmaven.multiModuleProjectDirectory=/home/tanzachary/step/portfolio org.codehaus.plexus.classworlds.launcher.Launcher package appengine:run

Host: Intel(R) Xeon(R) CPU @ 2.30GHz, 2 cores, 1G, Debian GNU/Linux 9 (stretch)
Time: Thu May 28 17:55:11 2020 EDT elapsed time: 8 seconds (0d 0h 0m 8s)

---------------  T H R E A D  ---------------

Current thread is native thread

Stack: [0x00007ffe623fa000,0x00007ffe62bf8000],  sp=0x00007ffe62bf30c0,  free space=8164k
Native frames: (J=compiled Java code, A=aot compiled Java code, j=interpreted, Vv=VM code, C=native code)
V  [libjvm.so+0xb8fbc0]
C  [libpthread.so.0+0x110e0]


siginfo: si_signo: 11 (SIGSEGV), si_code: 1 (SEGV_MAPERR), si_addr: 0x00000000000000d0

Register to memory mapping:

RAX=0x0 is NULL
RBX=
[error occurred during error reporting (printing register info), id 0xb, SIGSEGV (0xb) at pc=0x00007f9f9d2bb9e7]

Registers:
RAX=0x0000000000000000, RBX=0x00007f9f9e757e18, RCX=0x00007f9f9e1146dd, RDX=0x0000000000000000
RSP=0x00007ffe62bf30c0, RBP=0x00007ffe62bf3170, RSI=0x00007ffe62bf32b0, RDI=0x0000000000000001
R8 =0x00000000000000ca, R9 =0x00007f9f9e7569d0, R10=0x0000000000000000, R11=0x0000000000000246
R12=0x0000000000000000, R13=0x00007ffe62bf32b0, R14=0x00007ffe62bf3180, R15=0x00007f9f9e756d28
RIP=0x00007f9f9d114bc0, EFLAGS=0x0000000000010246, CSGSFS=0x002b000000000033, ERR=0x0000000000000004
  TRAPNO=0x000000000000000e

Top of Stack: (sp=0x00007ffe62bf30c0)
0x00007ffe62bf30c0:   0000000001e5cb59 00007f9f9d96a038
0x00007ffe62bf30d0:   00007ffe62bf31f0 00007f9f9d95cd90
0x00007ffe62bf30e0:   00007ffe62bf3114 00007ffe62bf31e0
0x00007ffe62bf30f0:   000055f62683ec70 000000000000000b 

Instructions: (pc=0x00007f9f9d114bc0)
0x00007f9f9d114ac0:   c0 74 03 c6 00 00 4c 89 f7 4c 89 fa 48 89 de e8
0x00007f9f9d114ad0:   dc db 6d ff 4c 89 e7 e8 24 df 6d ff 48 81 c4 08
0x00007f9f9d114ae0:   01 00 00 5b 41 5c 41 5d 41 5e 41 5f 5d c3 4c 89
0x00007f9f9d114af0:   e2 be 00 01 00 00 48 89 df e8 92 e1 6d ff 48 85
0x00007f9f9d114b00:   c0 74 ae 48 8d 35 b1 46 2f 00 48 89 df e8 5e df
0x00007f9f9d114b10:   6d ff 48 85 c0 74 41 66 0f 1f 84 00 00 00 00 00
0x00007f9f9d114b20:   be 22 00 00 00 48 89 df e8 d3 df 6d ff 48 85 c0
0x00007f9f9d114b30:   74 46 48 8d 58 01 be 22 00 00 00 48 89 df e8 bd
0x00007f9f9d114b40:   df 6d ff 48 85 c0 0f 85 77 ff ff ff e9 75 ff ff
0x00007f9f9d114b50:   ff 0f 1f 80 00 00 00 00 48 8d 35 71 46 2f 00 48
0x00007f9f9d114b60:   89 df e8 09 df 6d ff 48 85 c0 0f 84 41 ff ff ff
0x00007f9f9d114b70:   eb ae 66 0f 1f 44 00 00 48 89 df be 3d 00 00 00
0x00007f9f9d114b80:   e8 7b df 6d ff 48 8d 58 01 e9 23 ff ff ff 66 90
0x00007f9f9d114b90:   55 48 89 e5 41 57 41 56 41 55 41 54 49 89 d6 53
0x00007f9f9d114ba0:   49 89 f5 48 81 ec 88 00 00 00 e8 81 e6 6d ff 48
0x00007f9f9d114bb0:   89 c3 44 8b 20 e8 26 58 1a 00 31 d2 84 c0 75 38
0x00007f9f9d114bc0:   48 83 ba d0 00 00 00 00 74 16 4c 8b ba 68 02 00
0x00007f9f9d114bd0:   00 41 8b 87 a8 00 00 00 83 f8 01 74 2b 44 89 23
0x00007f9f9d114be0:   48 81 c4 88 00 00 00 5b 41 5c 41 5d 41 5e 41 5f
0x00007f9f9d114bf0:   5d c3 66 0f 1f 44 00 00 e8 f3 57 1a 00 48 89 c2
0x00007f9f9d114c00:   eb be 66 0f 1f 44 00 00 4d 89 af b0 00 00 00 4d
0x00007f9f9d114c10:   8d af a8 00 00 00 4d 89 b7 b8 00 00 00 ba 02 00
0x00007f9f9d114c20:   00 00 be 01 00 00 00 4c 89 ef e8 01 cb ff ff 83
0x00007f9f9d114c30:   f8 02 74 3c 85 c0 75 18 49 c7 87 b8 00 00 00 00
0x00007f9f9d114c40:   00 00 00 49 c7 87 b0 00 00 00 00 00 00 00 eb 8d
0x00007f9f9d114c50:   48 8d 05 51 96 7b 00 48 8d 3d 7a 4e 2f 00 be 64
0x00007f9f9d114c60:   11 00 00 48 8b 00 c6 00 58 e8 22 16 ab ff eb c8
0x00007f9f9d114c70:   4c 8d b5 50 ff ff ff 4c 89 f7 e8 11 e2 6d ff 4c
0x00007f9f9d114c80:   89 f2 31 f6 31 ff e8 15 e3 6d ff 8b 35 ff 37 7d
0x00007f9f9d114c90:   00 4c 89 f7 e8 c7 de 6d ff 48 8d 3d 60 73 81 00
0x00007f9f9d114ca0:   be 01 00 00 00 e8 a6 bc 0c 00 66 0f 1f 44 00 00
0x00007f9f9d114cb0:   4c 89 f7 e8 d8 e5 6d ff 31 d2 be 03 00 00 00 4c 


Stack slot to memory mapping:
stack at sp + 0 slots: 
[error occurred during error reporting (inspecting top of stack), id 0xb, SIGSEGV (0xb) at pc=0x00007f9f9d2bb9e7]


---------------  P R O C E S S  ---------------

VM state:not at safepoint (normal execution)

VM Mutex/Monitor currently owned by a thread: None

Heap address: 0x00000000e0c00000, size: 500 MB, Compressed Oops mode: 32-bit
Narrow klass base: 0x0000000800000000, Narrow klass shift: 3
Compressed class space size: 1073741824 Address: 0x0000000840000000

Heap:
 def new generation   total 10304K, used 2075K [0x00000000e0c00000, 0x00000000e1720000, 0x00000000eb2a0000)
  eden space 9216K,  22% used [0x00000000e0c00000, 0x00000000e0e06dc8, 0x00000000e1500000)
  from space 1088K,   0% used [0x00000000e1500000, 0x00000000e1500000, 0x00000000e1610000)
  to   space 1088K,   0% used [0x00000000e1610000, 0x00000000e1610000, 0x00000000e1720000)
 tenured generation   total 22736K, used 13641K [0x00000000eb2a0000, 0x00000000ec8d4000, 0x0000000100000000)
   the space 22736K,  59% used [0x00000000eb2a0000, 0x00000000ebff2620, 0x00000000ebff2800, 0x00000000ec8d4000)
 Metaspace       used 20795K, capacity 21500K, committed 21808K, reserved 1069056K
  class space    used 2414K, capacity 2664K, committed 2688K, reserved 1048576K

Card table byte_map: [0x00007f9f9a789000,0x00007f9f9a884000] _byte_map_base: 0x00007f9f9a083000

Polling page: 0x00007f9f9e764000

Metaspace:

Usage:
  Non-class:     18.39 MB capacity,    17.95 MB ( 98%) used,   417.88 KB (  2%) free+waste,    37.06 KB ( <1%) overhead. 
      Class:      2.60 MB capacity,     2.36 MB ( 91%) used,   231.22 KB (  9%) free+waste,    18.00 KB ( <1%) overhead. 
       Both:     21.00 MB capacity,    20.31 MB ( 97%) used,   649.09 KB (  3%) free+waste,    55.06 KB ( <1%) overhead. 

Virtual space:
  Non-class space:       20.00 MB reserved,      18.67 MB ( 93%) committed 
      Class space:        1.00 GB reserved,       2.62 MB ( <1%) committed 
             Both:        1.02 GB reserved,      21.30 MB (  2%) committed 

Chunk freelists:
   Non-Class:  52.00 KB
       Class:  0 bytes
        Both:  52.00 KB

MaxMetaspaceSize: unlimited
CompressedClassSpaceSize: 1.00 GB

CodeHeap 'non-profiled nmethods': size=120036Kb used=1476Kb max_used=1476Kb free=118559Kb
 bounds [0x00007f9f843d7000, 0x00007f9f84647000, 0x00007f9f8b910000]
CodeHeap 'profiled nmethods': size=120032Kb used=8296Kb max_used=8296Kb free=111735Kb
 bounds [0x00007f9f7ce9f000, 0x00007f9f7d6bf000, 0x00007f9f843d7000]
CodeHeap 'non-nmethods': size=5692Kb used=1147Kb max_used=1159Kb free=4544Kb
 bounds [0x00007f9f7c910000, 0x00007f9f7cb80000, 0x00007f9f7ce9f000]
 total_blobs=5246 nmethods=4019 adapters=398
 compilation: enabled
              stopped_count=0, restarted_count=0
 full_count=0

Compilation events (20 events):
Event: 7.292 Thread 0x00007f9f9405b800 4027  s    3       java.io.BufferedOutputStream::flush (12 bytes)
Event: 7.292 Thread 0x00007f9f9405b800 nmethod 4027 0x00007f9f7d6b5a10 code [0x00007f9f7d6b5c00, 0x00007f9f7d6b6158]
Event: 7.297 Thread 0x00007f9f9405b800 4028  s    3       java.io.BufferedOutputStream::write (67 bytes)
Event: 7.298 Thread 0x00007f9f9405b800 nmethod 4028 0x00007f9f7d6b6290 code [0x00007f9f7d6b64a0, 0x00007f9f7d6b6d58]
Event: 7.301 Thread 0x00007f9f9405b800 4029   !   3       java.io.BufferedWriter::flushBuffer (53 bytes)
Event: 7.302 Thread 0x00007f9f9405b800 nmethod 4029 0x00007f9f7d6b6f90 code [0x00007f9f7d6b7180, 0x00007f9f7d6b77d8]
Event: 7.308 Thread 0x00007f9f94059800 4030       4       java.lang.String::checkBoundsBeginEnd (60 bytes)
Event: 7.309 Thread 0x00007f9f94059800 nmethod 4030 0x00007f9f84547510 code [0x00007f9f845476a0, 0x00007f9f84547738]
Event: 7.320 Thread 0x00007f9f9405b800 4031       3       java.lang.AbstractStringBuilder::putStringAt (29 bytes)
Event: 7.320 Thread 0x00007f9f9405b800 nmethod 4031 0x00007f9f7d6b7a10 code [0x00007f9f7d6b7c00, 0x00007f9f7d6b7f78]
Event: 7.323 Thread 0x00007f9f9405b800 4032       3       java.nio.ByteBuffer::clear (7 bytes)
Event: 7.323 Thread 0x00007f9f9405b800 nmethod 4032 0x00007f9f7d6b8090 code [0x00007f9f7d6b8240, 0x00007f9f7d6b8430]
Event: 7.763 Thread 0x00007f9f9405b800 4033       3       java.io.FileInputStream::read (8 bytes)
Event: 7.764 Thread 0x00007f9f9405b800 nmethod 4033 0x00007f9f7d6b8510 code [0x00007f9f7d6b86c0, 0x00007f9f7d6b8868]
Event: 7.764 Thread 0x00007f9f9405b800 4034       3       java.lang.AbstractStringBuilder::append (45 bytes)
Event: 7.764 Thread 0x00007f9f9405b800 nmethod 4034 0x00007f9f7d6b8910 code [0x00007f9f7d6b8b40, 0x00007f9f7d6b90d8]
Event: 7.858 Thread 0x00007f9f94059800 4035       4       java.util.regex.Pattern$BmpCharProperty::match (55 bytes)
Event: 7.866 Thread 0x00007f9f94059800 nmethod 4035 0x00007f9f84547810 code [0x00007f9f845479c0, 0x00007f9f84547be8]
Event: 7.866 Thread 0x00007f9f94059800 4036       4       java.lang.Character::codePointBefore (48 bytes)
Event: 7.867 Thread 0x00007f9f94059800 nmethod 4036 0x00007f9f84547e10 code [0x00007f9f84547fa0, 0x00007f9f84548038]

GC Heap History (20 events):
Event: 3.307 GC heap before
{Heap before GC invocations=12 (full 0):
 def new generation   total 9792K, used 9578K [0x00000000e0c00000, 0x00000000e16a0000, 0x00000000eb2a0000)
  eden space 8704K, 100% used [0x00000000e0c00000, 0x00000000e1480000, 0x00000000e1480000)
  from space 1088K,  80% used [0x00000000e1480000, 0x00000000e155abb8, 0x00000000e1590000)
  to   space 1088K,   0% used [0x00000000e1590000, 0x00000000e1590000, 0x00000000e16a0000)
 tenured generation   total 21888K, used 7404K [0x00000000eb2a0000, 0x00000000ec800000, 0x0000000100000000)
   the space 21888K,  33% used [0x00000000eb2a0000, 0x00000000eb9db110, 0x00000000eb9db200, 0x00000000ec800000)
 Metaspace       used 13998K, capacity 15569K, committed 16000K, reserved 1062912K
  class space    used 1612K, capacity 1835K, committed 1920K, reserved 1048576K
}
Event: 3.311 GC heap after
{Heap after GC invocations=13 (full 0):
 def new generation   total 9792K, used 916K [0x00000000e0c00000, 0x00000000e16a0000, 0x00000000eb2a0000)
  eden space 8704K,   0% used [0x00000000e0c00000, 0x00000000e0c00000, 0x00000000e1480000)
  from space 1088K,  84% used [0x00000000e1590000, 0x00000000e1675140, 0x00000000e16a0000)
  to   space 1088K,   0% used [0x00000000e1480000, 0x00000000e1480000, 0x00000000e1590000)
 tenured generation   total 21888K, used 7823K [0x00000000eb2a0000, 0x00000000ec800000, 0x0000000100000000)
   the space 21888K,  35% used [0x00000000eb2a0000, 0x00000000eba43d90, 0x00000000eba43e00, 0x00000000ec800000)
 Metaspace       used 13998K, capacity 15569K, committed 16000K, reserved 1062912K
  class space    used 1612K, capacity 1835K, committed 1920K, reserved 1048576K
}
Event: 3.489 GC heap before
{Heap before GC invocations=13 (full 0):
 def new generation   total 9792K, used 9571K [0x00000000e0c00000, 0x00000000e16a0000, 0x00000000eb2a0000)
  eden space 8704K,  99% used [0x00000000e0c00000, 0x00000000e1473db0, 0x00000000e1480000)
  from space 1088K,  84% used [0x00000000e1590000, 0x00000000e1675140, 0x00000000e16a0000)
  to   space 1088K,   0% used [0x00000000e1480000, 0x00000000e1480000, 0x00000000e1590000)
 tenured generation   total 21888K, used 7823K [0x00000000eb2a0000, 0x00000000ec800000, 0x0000000100000000)
   the space 21888K,  35% used [0x00000000eb2a0000, 0x00000000eba43d90, 0x00000000eba43e00, 0x00000000ec800000)
 Metaspace       used 14423K, capacity 16003K, committed 16256K, reserved 1062912K
  class space    used 1639K, capacity 1869K, committed 1920K, reserved 1048576K
}
Event: 3.493 GC heap after
{Heap after GC invocations=14 (full 0):
 def new generation   total 9792K, used 1087K [0x00000000e0c00000, 0x00000000e16a0000, 0x00000000eb2a0000)
  eden space 8704K,   0% used [0x00000000e0c00000, 0x00000000e0c00000, 0x00000000e1480000)
  from space 1088K,  99% used [0x00000000e1480000, 0x00000000e158fff0, 0x00000000e1590000)
  to   space 1088K,   0% used [0x00000000e1590000, 0x00000000e1590000, 0x00000000e16a0000)
 tenured generation   total 21888K, used 8211K [0x00000000eb2a0000, 0x00000000ec800000, 0x0000000100000000)
   the space 21888K,  37% used [0x00000000eb2a0000, 0x00000000ebaa4c38, 0x00000000ebaa4e00, 0x00000000ec800000)
 Metaspace       used 14423K, capacity 16003K, committed 16256K, reserved 1062912K
  class space    used 1639K, capacity 1869K, committed 1920K, reserved 1048576K
}
Event: 3.691 GC heap before
{Heap before GC invocations=14 (full 0):
 def new generation   total 9792K, used 9791K [0x00000000e0c00000, 0x00000000e16a0000, 0x00000000eb2a0000)
  eden space 8704K, 100% used [0x00000000e0c00000, 0x00000000e1480000, 0x00000000e1480000)
  from space 1088K,  99% used [0x00000000e1480000, 0x00000000e158fff0, 0x00000000e1590000)
  to   space 1088K,   0% used [0x00000000e1590000, 0x00000000e1590000, 0x00000000e16a0000)
 tenured generation   total 21888K, used 8211K [0x00000000eb2a0000, 0x00000000ec800000, 0x0000000100000000)
   the space 21888K,  37% used [0x00000000eb2a0000, 0x00000000ebaa4c38, 0x00000000ebaa4e00, 0x00000000ec800000)
 Metaspace       used 14774K, capacity 16294K, committed 16512K, reserved 1064960K
  class space    used 1665K, capacity 1902K, committed 1920K, reserved 1048576K
}
Event: 3.695 GC heap after
{Heap after GC invocations=15 (full 0):
 def new generation   total 9792K, used 481K [0x00000000e0c00000, 0x00000000e16a0000, 0x00000000eb2a0000)
  eden space 8704K,   0% used [0x00000000e0c00000, 0x00000000e0c00000, 0x00000000e1480000)
  from space 1088K,  44% used [0x00000000e1590000, 0x00000000e16087f8, 0x00000000e16a0000)
  to   space 1088K,   0% used [0x00000000e1480000, 0x00000000e1480000, 0x00000000e1590000)
 tenured generation   total 21888K, used 9182K [0x00000000eb2a0000, 0x00000000ec800000, 0x0000000100000000)
   the space 21888K,  41% used [0x00000000eb2a0000, 0x00000000ebb97930, 0x00000000ebb97a00, 0x00000000ec800000)
 Metaspace       used 14774K, capacity 16294K, committed 16512K, reserved 1064960K
  class space    used 1665K, capacity 1902K, committed 1920K, reserved 1048576K
}
Event: 3.894 GC heap before
{Heap before GC invocations=15 (full 0):
 def new generation   total 9792K, used 9185K [0x00000000e0c00000, 0x00000000e16a0000, 0x00000000eb2a0000)
  eden space 8704K, 100% used [0x00000000e0c00000, 0x00000000e1480000, 0x00000000e1480000)
  from space 1088K,  44% used [0x00000000e1590000, 0x00000000e16087f8, 0x00000000e16a0000)
  to   space 1088K,   0% used [0x00000000e1480000, 0x00000000e1480000, 0x00000000e1590000)
 tenured generation   total 21888K, used 9182K [0x00000000eb2a0000, 0x00000000ec800000, 0x0000000100000000)
   the space 21888K,  41% used [0x00000000eb2a0000, 0x00000000ebb97930, 0x00000000ebb97a00, 0x00000000ec800000)
 Metaspace       used 15627K, capacity 17138K, committed 17536K, reserved 1064960K
  class space    used 1800K, capacity 2078K, committed 2176K, reserved 1048576K
}
Event: 3.897 GC heap after
{Heap after GC invocations=16 (full 0):
 def new generation   total 9792K, used 906K [0x00000000e0c00000, 0x00000000e16a0000, 0x00000000eb2a0000)
  eden space 8704K,   0% used [0x00000000e0c00000, 0x00000000e0c00000, 0x00000000e1480000)
  from space 1088K,  83% used [0x00000000e1480000, 0x00000000e1562ab8, 0x00000000e1590000)
  to   space 1088K,   0% used [0x00000000e1590000, 0x00000000e1590000, 0x00000000e16a0000)
 tenured generation   total 21888K, used 9182K [0x00000000eb2a0000, 0x00000000ec800000, 0x0000000100000000)
   the space 21888K,  41% used [0x00000000eb2a0000, 0x00000000ebb97930, 0x00000000ebb97a00, 0x00000000ec800000)
 Metaspace       used 15627K, capacity 17138K, committed 17536K, reserved 1064960K
  class space    used 1800K, capacity 2078K, committed 2176K, reserved 1048576K
}
Event: 4.374 GC heap before
{Heap before GC invocations=16 (full 0):
 def new generation   total 9792K, used 9610K [0x00000000e0c00000, 0x00000000e16a0000, 0x00000000eb2a0000)
  eden space 8704K, 100% used [0x00000000e0c00000, 0x00000000e1480000, 0x00000000e1480000)
  from space 1088K,  83% used [0x00000000e1480000, 0x00000000e1562ab8, 0x00000000e1590000)
  to   space 1088K,   0% used [0x00000000e1590000, 0x00000000e1590000, 0x00000000e16a0000)
 tenured generation   total 21888K, used 9182K [0x00000000eb2a0000, 0x00000000ec800000, 0x0000000100000000)
   the space 21888K,  41% used [0x00000000eb2a0000, 0x00000000ebb97930, 0x00000000ebb97a00, 0x00000000ec800000)
 Metaspace       used 17329K, capacity 18277K, committed 18432K, reserved 1064960K
  class space    used 2011K, capacity 2268K, committed 2304K, reserved 1048576K
}
Event: 4.379 GC heap after
{Heap after GC invocations=17 (full 0):
 def new generation   total 9792K, used 1088K [0x00000000e0c00000, 0x00000000e16a0000, 0x00000000eb2a0000)
  eden space 8704K,   0% used [0x00000000e0c00000, 0x00000000e0c00000, 0x00000000e1480000)
  from space 1088K, 100% used [0x00000000e1590000, 0x00000000e16a0000, 0x00000000e16a0000)
  to   space 1088K,   0% used [0x00000000e1480000, 0x00000000e1480000, 0x00000000e1590000)
 tenured generation   total 21888K, used 9704K [0x00000000eb2a0000, 0x00000000ec800000, 0x0000000100000000)
   the space 21888K,  44% used [0x00000000eb2a0000, 0x00000000ebc1a0c8, 0x00000000ebc1a200, 0x00000000ec800000)
 Metaspace       used 17329K, capacity 18277K, committed 18432K, reserved 1064960K
  class space    used 2011K, capacity 2268K, committed 2304K, reserved 1048576K
}
Event: 4.777 GC heap before
{Heap before GC invocations=17 (full 0):
 def new generation   total 9792K, used 9792K [0x00000000e0c00000, 0x00000000e16a0000, 0x00000000eb2a0000)
  eden space 8704K, 100% used [0x00000000e0c00000, 0x00000000e1480000, 0x00000000e1480000)
  from space 1088K, 100% used [0x00000000e1590000, 0x00000000e16a0000, 0x00000000e16a0000)
  to   space 1088K,   0% used [0x00000000e1480000, 0x00000000e1480000, 0x00000000e1590000)
 tenured generation   total 21888K, used 9704K [0x00000000eb2a0000, 0x00000000ec800000, 0x0000000100000000)
   the space 21888K,  44% used [0x00000000eb2a0000, 0x00000000ebc1a0c8, 0x00000000ebc1a200, 0x00000000ec800000)
 Metaspace       used 17563K, capacity 18417K, committed 18688K, reserved 1064960K
  class space    used 2028K, capacity 2271K, committed 2304K, reserved 1048576K
}
Event: 4.782 GC heap after
{Heap after GC invocations=18 (full 0):
 def new generation   total 9792K, used 858K [0x00000000e0c00000, 0x00000000e16a0000, 0x00000000eb2a0000)
  eden space 8704K,   0% used [0x00000000e0c00000, 0x00000000e0c00000, 0x00000000e1480000)
  from space 1088K,  78% used [0x00000000e1480000, 0x00000000e15568a0, 0x00000000e1590000)
  to   space 1088K,   0% used [0x00000000e1590000, 0x00000000e1590000, 0x00000000e16a0000)
 tenured generation   total 21888K, used 10736K [0x00000000eb2a0000, 0x00000000ec800000, 0x0000000100000000)
   the space 21888K,  49% used [0x00000000eb2a0000, 0x00000000ebd1c1c0, 0x00000000ebd1c200, 0x00000000ec800000)
 Metaspace       used 17563K, capacity 18417K, committed 18688K, reserved 1064960K
  class space    used 2028K, capacity 2271K, committed 2304K, reserved 1048576K
}
Event: 4.885 GC heap before
{Heap before GC invocations=18 (full 0):
 def new generation   total 9792K, used 9562K [0x00000000e0c00000, 0x00000000e16a0000, 0x00000000eb2a0000)
  eden space 8704K, 100% used [0x00000000e0c00000, 0x00000000e1480000, 0x00000000e1480000)
  from space 1088K,  78% used [0x00000000e1480000, 0x00000000e15568a0, 0x00000000e1590000)
  to   space 1088K,   0% used [0x00000000e1590000, 0x00000000e1590000, 0x00000000e16a0000)
 tenured generation   total 21888K, used 10736K [0x00000000eb2a0000, 0x00000000ec800000, 0x0000000100000000)
   the space 21888K,  49% used [0x00000000eb2a0000, 0x00000000ebd1c1c0, 0x00000000ebd1c200, 0x00000000ec800000)
 Metaspace       used 17630K, capacity 18488K, committed 18688K, reserved 1064960K
  class space    used 2029K, capacity 2273K, committed 2304K, reserved 1048576K
}
Event: 4.890 GC heap after
{Heap after GC invocations=19 (full 0):
 def new generation   total 9792K, used 642K [0x00000000e0c00000, 0x00000000e16a0000, 0x00000000eb2a0000)
  eden space 8704K,   0% used [0x00000000e0c00000, 0x00000000e0c00000, 0x00000000e1480000)
  from space 1088K,  59% used [0x00000000e1590000, 0x00000000e1630ba8, 0x00000000e16a0000)
  to   space 1088K,   0% used [0x00000000e1480000, 0x00000000e1480000, 0x00000000e1590000)
 tenured generation   total 21888K, used 11479K [0x00000000eb2a0000, 0x00000000ec800000, 0x0000000100000000)
   the space 21888K,  52% used [0x00000000eb2a0000, 0x00000000ebdd5d30, 0x00000000ebdd5e00, 0x00000000ec800000)
 Metaspace       used 17630K, capacity 18488K, committed 18688K, reserved 1064960K
  class space    used 2029K, capacity 2273K, committed 2304K, reserved 1048576K
}
Event: 5.083 GC heap before
{Heap before GC invocations=19 (full 0):
 def new generation   total 9792K, used 9346K [0x00000000e0c00000, 0x00000000e16a0000, 0x00000000eb2a0000)
  eden space 8704K, 100% used [0x00000000e0c00000, 0x00000000e1480000, 0x00000000e1480000)
  from space 1088K,  59% used [0x00000000e1590000, 0x00000000e1630ba8, 0x00000000e16a0000)
  to   space 1088K,   0% used [0x00000000e1480000, 0x00000000e1480000, 0x00000000e1590000)
 tenured generation   total 21888K, used 11479K [0x00000000eb2a0000, 0x00000000ec800000, 0x0000000100000000)
   the space 21888K,  52% used [0x00000000eb2a0000, 0x00000000ebdd5d30, 0x00000000ebdd5e00, 0x00000000ec800000)
 Metaspace       used 17788K, capacity 18736K, committed 19072K, reserved 1067008K
  class space    used 2045K, capacity 2313K, committed 2432K, reserved 1048576K
}
Event: 5.091 GC heap after
{Heap after GC invocations=20 (full 0):
 def new generation   total 9792K, used 480K [0x00000000e0c00000, 0x00000000e16a0000, 0x00000000eb2a0000)
  eden space 8704K,   0% used [0x00000000e0c00000, 0x00000000e0c00000, 0x00000000e1480000)
  from space 1088K,  44% used [0x00000000e1480000, 0x00000000e14f83a0, 0x00000000e1590000)
  to   space 1088K,   0% used [0x00000000e1590000, 0x00000000e1590000, 0x00000000e16a0000)
 tenured generation   total 21888K, used 11923K [0x00000000eb2a0000, 0x00000000ec800000, 0x0000000100000000)
   the space 21888K,  54% used [0x00000000eb2a0000, 0x00000000ebe44e88, 0x00000000ebe45000, 0x00000000ec800000)
 Metaspace       used 17788K, capacity 18736K, committed 19072K, reserved 1067008K
  class space    used 2045K, capacity 2313K, committed 2432K, reserved 1048576K
}
Event: 6.039 GC heap before
{Heap before GC invocations=20 (full 0):
 def new generation   total 9792K, used 9184K [0x00000000e0c00000, 0x00000000e16a0000, 0x00000000eb2a0000)
  eden space 8704K, 100% used [0x00000000e0c00000, 0x00000000e1480000, 0x00000000e1480000)
  from space 1088K,  44% used [0x00000000e1480000, 0x00000000e14f83a0, 0x00000000e1590000)
  to   space 1088K,   0% used [0x00000000e1590000, 0x00000000e1590000, 0x00000000e16a0000)
 tenured generation   total 21888K, used 11923K [0x00000000eb2a0000, 0x00000000ec800000, 0x0000000100000000)
   the space 21888K,  54% used [0x00000000eb2a0000, 0x00000000ebe44e88, 0x00000000ebe45000, 0x00000000ec800000)
 Metaspace       used 18924K, capacity 19600K, committed 19840K, reserved 1067008K
  class space    used 2202K, capacity 2429K, committed 2432K, reserved 1048576K
}
Event: 6.053 GC heap after
{Heap after GC invocations=21 (full 0):
 def new generation   total 9792K, used 1087K [0x00000000e0c00000, 0x00000000e16a0000, 0x00000000eb2a0000)
  eden space 8704K,   0% used [0x00000000e0c00000, 0x00000000e0c00000, 0x00000000e1480000)
  from space 1088K,  99% used [0x00000000e1590000, 0x00000000e169fff8, 0x00000000e16a0000)
  to   space 1088K,   0% used [0x00000000e1480000, 0x00000000e1480000, 0x00000000e1590000)
 tenured generation   total 21888K, used 12248K [0x00000000eb2a0000, 0x00000000ec800000, 0x0000000100000000)
   the space 21888K,  55% used [0x00000000eb2a0000, 0x00000000ebe961b0, 0x00000000ebe96200, 0x00000000ec800000)
 Metaspace       used 18924K, capacity 19600K, committed 19840K, reserved 1067008K
  class space    used 2202K, capacity 2429K, committed 2432K, reserved 1048576K
}
Event: 6.758 GC heap before
{Heap before GC invocations=21 (full 0):
 def new generation   total 9792K, used 3191K [0x00000000e0c00000, 0x00000000e16a0000, 0x00000000eb2a0000)
  eden space 8704K,  24% used [0x00000000e0c00000, 0x00000000e0e0dd40, 0x00000000e1480000)
  from space 1088K,  99% used [0x00000000e1590000, 0x00000000e169fff8, 0x00000000e16a0000)
  to   space 1088K,   0% used [0x00000000e1480000, 0x00000000e1480000, 0x00000000e1590000)
 tenured generation   total 21888K, used 12248K [0x00000000eb2a0000, 0x00000000ec800000, 0x0000000100000000)
   the space 21888K,  55% used [0x00000000eb2a0000, 0x00000000ebe961b0, 0x00000000ebe96200, 0x00000000ec800000)
 Metaspace       used 20440K, capacity 21063K, committed 21296K, reserved 1069056K
  class space    used 2369K, capacity 2602K, committed 2688K, reserved 1048576K
}
Event: 6.796 GC heap after
{Heap after GC invocations=22 (full 1):
 def new generation   total 10304K, used 0K [0x00000000e0c00000, 0x00000000e1720000, 0x00000000eb2a0000)
  eden space 9216K,   0% used [0x00000000e0c00000, 0x00000000e0c00000, 0x00000000e1500000)
  from space 1088K,   0% used [0x00000000e1500000, 0x00000000e1500000, 0x00000000e1610000)
  to   space 1088K,   0% used [0x00000000e1610000, 0x00000000e1610000, 0x00000000e1720000)
 tenured generation   total 22736K, used 13641K [0x00000000eb2a0000, 0x00000000ec8d4000, 0x0000000100000000)
   the space 22736K,  59% used [0x00000000eb2a0000, 0x00000000ebff2620, 0x00000000ebff2800, 0x00000000ec8d4000)
 Metaspace       used 20440K, capacity 21063K, committed 21296K, reserved 1069056K
  class space    used 2369K, capacity 2602K, committed 2688K, reserved 1048576K
}

Deoptimization events (20 events):
Event: 7.316 Thread 0x00007f9f95036800 Uncommon trap: trap_request=0xffffffc6 fr.pc=0x00007f9f844ddbf0 relative=0x0000000000000210
Event: 7.316 Thread 0x00007f9f95036800 Uncommon trap: reason=bimorphic_or_optimized_type_check action=maybe_recompile pc=0x00007f9f844ddbf0 method=java.util.regex.Pattern$BmpCharProperty.match(Ljava/util/regex/Matcher;ILjava/lang/CharSequence;)Z @ 14 c2
Event: 7.316 Thread 0x00007f9f95036800 DEOPT PACKING pc=0x00007f9f844ddbf0 sp=0x00007f9f7c80d550
Event: 7.316 Thread 0x00007f9f95036800 DEOPT UNPACKING pc=0x00007f9f7c9383a5 sp=0x00007f9f7c80d500 mode 2
Event: 7.339 Thread 0x00007f9f95036800 Uncommon trap: trap_request=0xffffffc6 fr.pc=0x00007f9f844fca0c relative=0x00000000000000cc
Event: 7.339 Thread 0x00007f9f95036800 Uncommon trap: reason=bimorphic_or_optimized_type_check action=maybe_recompile pc=0x00007f9f844fca0c method=java.lang.Character.codePointBefore(Ljava/lang/CharSequence;I)I @ 5 c2
Event: 7.339 Thread 0x00007f9f95036800 DEOPT PACKING pc=0x00007f9f844fca0c sp=0x00007f9f7c80d600
Event: 7.339 Thread 0x00007f9f95036800 DEOPT UNPACKING pc=0x00007f9f7c9383a5 sp=0x00007f9f7c80d5a8 mode 2
Event: 7.339 Thread 0x00007f9f95036800 Uncommon trap: trap_request=0xffffffc6 fr.pc=0x00007f9f844fca0c relative=0x00000000000000cc
Event: 7.339 Thread 0x00007f9f95036800 Uncommon trap: reason=bimorphic_or_optimized_type_check action=maybe_recompile pc=0x00007f9f844fca0c method=java.lang.Character.codePointBefore(Ljava/lang/CharSequence;I)I @ 5 c2
Event: 7.339 Thread 0x00007f9f95036800 DEOPT PACKING pc=0x00007f9f844fca0c sp=0x00007f9f7c80d600
Event: 7.339 Thread 0x00007f9f95036800 DEOPT UNPACKING pc=0x00007f9f7c9383a5 sp=0x00007f9f7c80d5a8 mode 2
Event: 7.339 Thread 0x00007f9f95036800 Uncommon trap: trap_request=0xffffffc6 fr.pc=0x00007f9f844fca0c relative=0x00000000000000cc
Event: 7.339 Thread 0x00007f9f95036800 Uncommon trap: reason=bimorphic_or_optimized_type_check action=maybe_recompile pc=0x00007f9f844fca0c method=java.lang.Character.codePointBefore(Ljava/lang/CharSequence;I)I @ 5 c2
Event: 7.339 Thread 0x00007f9f95036800 DEOPT PACKING pc=0x00007f9f844fca0c sp=0x00007f9f7c80d600
Event: 7.339 Thread 0x00007f9f95036800 DEOPT UNPACKING pc=0x00007f9f7c9383a5 sp=0x00007f9f7c80d5a8 mode 2
Event: 7.339 Thread 0x00007f9f95036800 Uncommon trap: trap_request=0xffffffc6 fr.pc=0x00007f9f844fca0c relative=0x00000000000000cc
Event: 7.339 Thread 0x00007f9f95036800 Uncommon trap: reason=bimorphic_or_optimized_type_check action=maybe_recompile pc=0x00007f9f844fca0c method=java.lang.Character.codePointBefore(Ljava/lang/CharSequence;I)I @ 5 c2
Event: 7.339 Thread 0x00007f9f95036800 DEOPT PACKING pc=0x00007f9f844fca0c sp=0x00007f9f7c80d600
Event: 7.339 Thread 0x00007f9f95036800 DEOPT UNPACKING pc=0x00007f9f7c9383a5 sp=0x00007f9f7c80d5a8 mode 2

Classes redefined (0 events):
No events

Internal exceptions (18 events):
Event: 0.202 Thread 0x00007f9f94014000 Exception <a 'java/lang/NoSuchMethodError'{0x00000000e0ef22a8}: 'int java.lang.invoke.DirectMethodHandle$Holder.invokeSpecialIFC(java.lang.Object, java.lang.Object, int)'> (0x00000000e0ef22a8) thrown at [/build/openjdk-11-11.0.6+10/src/hotspot/share/inter
Event: 1.905 Thread 0x00007f9f94014000 Exception <a 'java/lang/NoClassDefFoundError'{0x00000000e0f4ac60}: com/google/inject/servlet/ServletModuleTargetVisitor> (0x00000000e0f4ac60) thrown at [/build/openjdk-11-11.0.6+10/src/hotspot/share/classfile/systemDictionary.cpp, line 220]
Event: 1.905 Thread 0x00007f9f94014000 Exception <a 'java/lang/NoClassDefFoundError'{0x00000000e0f4ac60}> (0x00000000e0f4ac60) thrown at [/build/openjdk-11-11.0.6+10/src/hotspot/share/prims/jvm.cpp, line 1301]
Event: 1.905 Thread 0x00007f9f94014000 Exception <a 'java/lang/NoClassDefFoundError'{0x00000000e0f4d4f0}: javax/annotation/Priority> (0x00000000e0f4d4f0) thrown at [/build/openjdk-11-11.0.6+10/src/hotspot/share/classfile/systemDictionary.cpp, line 220]
Event: 2.545 Thread 0x00007f9f94014000 Implicit null exception at 0x00007f9f84436a05 to 0x00007f9f84436bde
Event: 2.545 Thread 0x00007f9f94014000 Implicit null exception at 0x00007f9f84438ecb to 0x00007f9f84439352
Event: 3.945 Thread 0x00007f9f94014000 Exception <a 'java/lang/NoSuchMethodError'{0x00000000e0cc0428}: 'java.lang.Object java.lang.invoke.DirectMethodHandle$Holder.invokeStatic(java.lang.Object, java.lang.Object, java.lang.Object, java.lang.Object, java.lang.Object, java.lang.Object, java.lang
Event: 3.947 Thread 0x00007f9f94014000 Exception <a 'java/lang/NoSuchMethodError'{0x00000000e0cce468}: 'java.lang.Object java.lang.invoke.DirectMethodHandle$Holder.invokeStatic(java.lang.Object, java.lang.Object, java.lang.Object, java.lang.Object, java.lang.Object, java.lang.Object, java.lang
Event: 3.949 Thread 0x00007f9f94014000 Exception <a 'java/lang/NoSuchMethodError'{0x00000000e0cdc5d0}: 'java.lang.Object java.lang.invoke.DirectMethodHandle$Holder.invokeSpecial(java.lang.Object, java.lang.Object, int, int, java.lang.Object, java.lang.Object, java.lang.Object)'> (0x00000000e0c
Event: 3.950 Thread 0x00007f9f94014000 Exception <a 'java/lang/NoSuchMethodError'{0x00000000e0cdfe08}: 'java.lang.Object java.lang.invoke.DelegatingMethodHandle$Holder.reinvoke_L(java.lang.Object, int, int, java.lang.Object, java.lang.Object, java.lang.Object)'> (0x00000000e0cdfe08) thrown at 
Event: 3.950 Thread 0x00007f9f94014000 Exception <a 'java/lang/NoSuchMethodError'{0x00000000e0ce4438}: 'java.lang.Object java.lang.invoke.DirectMethodHandle$Holder.invokeStatic(java.lang.Object, java.lang.Object, java.lang.Object, java.lang.Object, int)'> (0x00000000e0ce4438) thrown at [/build
Event: 4.386 Thread 0x00007f9f94014000 Exception <a 'java/lang/NoSuchMethodError'{0x00000000e0c39c98}: 'java.lang.Object java.lang.invoke.DirectMethodHandle$Holder.invokeStatic(java.lang.Object, int, java.lang.Object)'> (0x00000000e0c39c98) thrown at [/build/openjdk-11-11.0.6+10/src/hotspot/sh
Event: 5.385 Thread 0x00007f9f94014000 Exception <a 'java/lang/NoSuchMethodError'{0x00000000e1147820}: 'java.lang.Object java.lang.invoke.DirectMethodHandle$Holder.invokeStaticInit(java.lang.Object, java.lang.Object, long, java.lang.Object)'> (0x00000000e1147820) thrown at [/build/openjdk-11-1
Event: 5.389 Thread 0x00007f9f94014000 Exception <a 'java/lang/NoSuchMethodError'{0x00000000e1153980}: 'java.lang.Object java.lang.invoke.Invokers$Holder.linkToTargetMethod(java.lang.Object, long, java.lang.Object)'> (0x00000000e1153980) thrown at [/build/openjdk-11-11.0.6+10/src/hotspot/share
Event: 5.392 Thread 0x00007f9f94014000 Exception <a 'java/lang/NoSuchMethodError'{0x00000000e115a6d0}: 'java.lang.Object java.lang.invoke.DirectMethodHandle$Holder.invokeStatic(java.lang.Object, java.lang.Object, java.lang.Object, int)'> (0x00000000e115a6d0) thrown at [/build/openjdk-11-11.0.6
Event: 5.430 Thread 0x00007f9f94014000 Exception <a 'java/lang/NoSuchMethodError'{0x00000000e115e098}: 'java.lang.Object java.lang.invoke.DirectMethodHandle$Holder.invokeSpecial(java.lang.Object, java.lang.Object, java.lang.Object, java.lang.Object, int)'> (0x00000000e115e098) thrown at [/buil
Event: 5.430 Thread 0x00007f9f94014000 Exception <a 'java/lang/NoSuchMethodError'{0x00000000e1161100}: 'java.lang.Object java.lang.invoke.Invokers$Holder.linkToTargetMethod(java.lang.Object, java.lang.Object, int, java.lang.Object)'> (0x00000000e1161100) thrown at [/build/openjdk-11-11.0.6+10/
Event: 6.832 Thread 0x00007f9f94014000 Exception <a 'java/lang/ClassNotFoundException'{0x00000000e0d74228}: sun/util/logging/resources/spi/loggingProvider> (0x00000000e0d74228) thrown at [/build/openjdk-11-11.0.6+10/src/hotspot/share/classfile/systemDictionary.cpp, line 231]

Events (20 events):
Event: 6.833 loading class sun/util/logging/resources/logging_en
Event: 6.833 loading class sun/util/logging/resources/logging_en done
Event: 6.834 loading class sun/util/logging/resources/logging_en_US
Event: 6.834 loading class sun/util/logging/resources/logging_en_US done
Event: 6.834 loading class sun/util/logging/resources/logging_en_US
Event: 6.834 loading class sun/util/logging/resources/logging_en_US done
Event: 6.837 loading class java/util/Scanner
Event: 6.838 loading class java/util/Scanner done
Event: 6.840 loading class java/util/Scanner$PatternLRUCache
Event: 6.840 loading class java/util/Scanner$PatternLRUCache done
Event: 6.845 Thread 0x00007f9f95035800 Thread added: 0x00007f9f95035800
Event: 6.845 Protecting memory [0x00007f9f7c80f000,0x00007f9f7c813000] with protection modes 0
Event: 6.846 Thread 0x00007f9f95036800 Thread added: 0x00007f9f95036800
Event: 6.846 Protecting memory [0x00007f9f7c70e000,0x00007f9f7c712000] with protection modes 0
Event: 7.273 loading class java/util/regex/Matcher$ImmutableMatchResult
Event: 7.273 loading class java/util/regex/Matcher$ImmutableMatchResult done
Event: 7.273 loading class org/apache/maven/plugin/logging/Log
Event: 7.273 loading class org/apache/maven/plugin/logging/Log done
Event: 7.273 loading class org/apache/maven/plugin/logging/Log
Event: 7.273 loading class org/apache/maven/plugin/logging/Log done


Dynamic libraries:
e0c00000-e1720000 rw-p 00000000 00:00 0 
e1720000-eb2a0000 ---p 00000000 00:00 0 
eb2a0000-ec8d4000 rw-p 00000000 00:00 0 
ec8d4000-100000000 ---p 00000000 00:00 0 
800000000-800002000 rwxp 00001000 08:01 2118409                          /usr/lib/jvm/java-11-openjdk-amd64/lib/server/classes.jsa
800002000-8003b7000 rw-p 00003000 08:01 2118409                          /usr/lib/jvm/java-11-openjdk-amd64/lib/server/classes.jsa
8003b7000-800a8a000 r--p 003b8000 08:01 2118409                          /usr/lib/jvm/java-11-openjdk-amd64/lib/server/classes.jsa
800a8a000-800a8b000 rw-p 00a8b000 08:01 2118409                          /usr/lib/jvm/java-11-openjdk-amd64/lib/server/classes.jsa
800a8b000-801095000 r--p 00a8c000 08:01 2118409                          /usr/lib/jvm/java-11-openjdk-amd64/lib/server/classes.jsa
840000000-8402a0000 rw-p 00000000 00:00 0 
8402a0000-880000000 ---p 00000000 00:00 0 
55f62616d000-55f62616e000 r-xp 00000000 08:01 2118040                    /usr/lib/jvm/java-11-openjdk-amd64/bin/java
55f62636e000-55f62636f000 r--p 00001000 08:01 2118040                    /usr/lib/jvm/java-11-openjdk-amd64/bin/java
55f62636f000-55f626370000 rw-p 00002000 08:01 2118040                    /usr/lib/jvm/java-11-openjdk-amd64/bin/java
55f626827000-55f626869000 rw-p 00000000 00:00 0                          [heap]
7f9f48000000-7f9f48021000 rw-p 00000000 00:00 0 
7f9f48021000-7f9f4c000000 ---p 00000000 00:00 0 
7f9f4c000000-7f9f4c021000 rw-p 00000000 00:00 0 
7f9f4c021000-7f9f50000000 ---p 00000000 00:00 0 
7f9f50000000-7f9f50021000 rw-p 00000000 00:00 0 
7f9f50021000-7f9f54000000 ---p 00000000 00:00 0 
7f9f54000000-7f9f54021000 rw-p 00000000 00:00 0 
7f9f54021000-7f9f58000000 ---p 00000000 00:00 0 
7f9f58000000-7f9f58021000 rw-p 00000000 00:00 0 
7f9f58021000-7f9f5c000000 ---p 00000000 00:00 0 
7f9f5c000000-7f9f5c021000 rw-p 00000000 00:00 0 
7f9f5c021000-7f9f60000000 ---p 00000000 00:00 0 
7f9f60000000-7f9f6048f000 rw-p 00000000 00:00 0 
7f9f6048f000-7f9f64000000 ---p 00000000 00:00 0 
7f9f64000000-7f9f64021000 rw-p 00000000 00:00 0 
7f9f64021000-7f9f68000000 ---p 00000000 00:00 0 
7f9f68000000-7f9f68021000 rw-p 00000000 00:00 0 
7f9f68021000-7f9f6c000000 ---p 00000000 00:00 0 
7f9f6c000000-7f9f6c42d000 rw-p 00000000 00:00 0 
7f9f6c42d000-7f9f70000000 ---p 00000000 00:00 0 
7f9f70000000-7f9f70021000 rw-p 00000000 00:00 0 
7f9f70021000-7f9f74000000 ---p 00000000 00:00 0 
7f9f74000000-7f9f74021000 rw-p 00000000 00:00 0 
7f9f74021000-7f9f78000000 ---p 00000000 00:00 0 
7f9f78000000-7f9f7802c000 rw-p 00000000 00:00 0 
7f9f7802c000-7f9f7c000000 ---p 00000000 00:00 0 
7f9f7c50e000-7f9f7c5ba000 rw-p 00000000 00:00 0 
7f9f7c5ba000-7f9f7c70e000 ---p 00000000 00:00 0 
7f9f7c70e000-7f9f7c712000 ---p 00000000 00:00 0 
7f9f7c712000-7f9f7c80f000 rw-p 00000000 00:00 0 
7f9f7c80f000-7f9f7c813000 ---p 00000000 00:00 0 
7f9f7c813000-7f9f7c910000 rw-p 00000000 00:00 0 
7f9f7c910000-7f9f7cb80000 rwxp 00000000 00:00 0 
7f9f7cb80000-7f9f7ce9f000 ---p 00000000 00:00 0 
7f9f7ce9f000-7f9f7d6bf000 rwxp 00000000 00:00 0 
7f9f7d6bf000-7f9f843d7000 ---p 00000000 00:00 0 
7f9f843d7000-7f9f84647000 rwxp 00000000 00:00 0 
7f9f84647000-7f9f8b910000 ---p 00000000 00:00 0 
7f9f8b910000-7f9f94000000 r--s 00000000 08:01 2118399                    /usr/lib/jvm/java-11-openjdk-amd64/lib/modules
7f9f94000000-7f9f9506e000 rw-p 00000000 00:00 0 
7f9f9506e000-7f9f98000000 ---p 00000000 00:00 0 
7f9f9803c000-7f9f98040000 ---p 00000000 00:00 0 
7f9f98040000-7f9f9825e000 rw-p 00000000 00:00 0 
7f9f9825e000-7f9f9845e000 rw-p 00000000 00:00 0 
7f9f9845e000-7f9f9865e000 rw-p 00000000 00:00 0 
7f9f9865e000-7f9f9885e000 rw-p 00000000 00:00 0 
7f9f9885e000-7f9f98a5e000 rw-p 00000000 00:00 0 
7f9f98a5e000-7f9f98a60000 r-xp 00000000 08:01 1843038                    /lib/x86_64-linux-gnu/libutil-2.24.so
7f9f98a60000-7f9f98c5f000 ---p 00002000 08:01 1843038                    /lib/x86_64-linux-gnu/libutil-2.24.so
7f9f98c5f000-7f9f98c60000 r--p 00001000 08:01 1843038                    /lib/x86_64-linux-gnu/libutil-2.24.so
7f9f98c60000-7f9f98c61000 rw-p 00002000 08:01 1843038                    /lib/x86_64-linux-gnu/libutil-2.24.so
7f9f98c61000-7f9f98c64000 r-xp 00000000 08:01 1993728                    /opt/maven/lib/jansi-native/linux64/libjansi.so
7f9f98c64000-7f9f98e63000 ---p 00003000 08:01 1993728                    /opt/maven/lib/jansi-native/linux64/libjansi.so
7f9f98e63000-7f9f98e64000 rw-p 00002000 08:01 1993728                    /opt/maven/lib/jansi-native/linux64/libjansi.so
7f9f98e64000-7f9f98e95000 rw-p 00000000 00:00 0 
7f9f98e95000-7f9f98eab000 r-xp 00000000 08:01 2118388                    /usr/lib/jvm/java-11-openjdk-amd64/lib/libnet.so
7f9f98eab000-7f9f990aa000 ---p 00016000 08:01 2118388                    /usr/lib/jvm/java-11-openjdk-amd64/lib/libnet.so
7f9f990aa000-7f9f990ab000 r--p 00015000 08:01 2118388                    /usr/lib/jvm/java-11-openjdk-amd64/lib/libnet.so
7f9f990ab000-7f9f990ac000 rw-p 00016000 08:01 2118388                    /usr/lib/jvm/java-11-openjdk-amd64/lib/libnet.so
7f9f990ac000-7f9f990bc000 r-xp 00000000 08:01 2118389                    /usr/lib/jvm/java-11-openjdk-amd64/lib/libnio.so
7f9f990bc000-7f9f992bb000 ---p 00010000 08:01 2118389                    /usr/lib/jvm/java-11-openjdk-amd64/lib/libnio.so
7f9f992bb000-7f9f992bc000 r--p 0000f000 08:01 2118389                    /usr/lib/jvm/java-11-openjdk-amd64/lib/libnio.so
7f9f992bc000-7f9f992bd000 rw-p 00010000 08:01 2118389                    /usr/lib/jvm/java-11-openjdk-amd64/lib/libnio.so
7f9f992bd000-7f9f992c1000 ---p 00000000 00:00 0 
7f9f992c1000-7f9f993be000 rw-p 00000000 00:00 0 
7f9f993be000-7f9f993bf000 ---p 00000000 00:00 0 
7f9f993bf000-7f9f994c0000 rw-p 00000000 00:00 0 
7f9f994c0000-7f9f994c4000 ---p 00000000 00:00 0 
7f9f994c4000-7f9f995c1000 rw-p 00000000 00:00 0 
7f9f995c1000-7f9f995c5000 ---p 00000000 00:00 0 
7f9f995c5000-7f9f996c2000 rw-p 00000000 00:00 0 
7f9f996c2000-7f9f996c6000 ---p 00000000 00:00 0 
7f9f996c6000-7f9f997c3000 rw-p 00000000 00:00 0 
7f9f997c3000-7f9f997c7000 ---p 00000000 00:00 0 
7f9f997c7000-7f9f998c4000 rw-p 00000000 00:00 0 
7f9f998c4000-7f9f998c8000 ---p 00000000 00:00 0 
7f9f998c8000-7f9f999c5000 rw-p 00000000 00:00 0 
7f9f999c5000-7f9f99b60000 r--p 00000000 08:01 1850658                    /usr/lib/locale/locale-archive
7f9f99b60000-7f9f99b64000 ---p 00000000 00:00 0 
7f9f99b64000-7f9f99c61000 rw-p 00000000 00:00 0 
7f9f99c61000-7f9f99c65000 ---p 00000000 00:00 0 
7f9f99c65000-7f9f99d62000 rw-p 00000000 00:00 0 
7f9f99d62000-7f9f99d63000 ---p 00000000 00:00 0 
7f9f99d63000-7f9f9a768000 rw-p 00000000 00:00 0 
7f9f9a768000-7f9f9a78f000 rw-p 00000000 00:00 0 
7f9f9a78f000-7f9f9a7dc000 ---p 00000000 00:00 0 
7f9f9a7dc000-7f9f9a7e8000 rw-p 00000000 00:00 0 
7f9f9a7e8000-7f9f9a883000 ---p 00000000 00:00 0 
7f9f9a883000-7f9f9a889000 rw-p 00000000 00:00 0 
7f9f9a889000-7f9f9a96f000 ---p 00000000 00:00 0 
7f9f9a96f000-7f9f9a980000 rw-p 00000000 00:00 0 
7f9f9a980000-7f9f9aa5a000 ---p 00000000 00:00 0 
7f9f9aa5a000-7f9f9aa5f000 r-xp 00000000 08:01 2118380                    /usr/lib/jvm/java-11-openjdk-amd64/lib/libjimage.so
7f9f9aa5f000-7f9f9ac5e000 ---p 00005000 08:01 2118380                    /usr/lib/jvm/java-11-openjdk-amd64/lib/libjimage.so
7f9f9ac5e000-7f9f9ac5f000 r--p 00004000 08:01 2118380                    /usr/lib/jvm/java-11-openjdk-amd64/lib/libjimage.so
7f9f9ac5f000-7f9f9ac60000 rw-p 00005000 08:01 2118380                    /usr/lib/jvm/java-11-openjdk-amd64/lib/libjimage.so
7f9f9ac60000-7f9f9ac67000 r-xp 00000000 08:01 2118398                    /usr/lib/jvm/java-11-openjdk-amd64/lib/libzip.so
7f9f9ac67000-7f9f9ae66000 ---p 00007000 08:01 2118398                    /usr/lib/jvm/java-11-openjdk-amd64/lib/libzip.so
7f9f9ae66000-7f9f9ae67000 r--p 00006000 08:01 2118398                    /usr/lib/jvm/java-11-openjdk-amd64/lib/libzip.so
7f9f9ae67000-7f9f9ae68000 rw-p 00007000 08:01 2118398                    /usr/lib/jvm/java-11-openjdk-amd64/lib/libzip.so
7f9f9ae68000-7f9f9ae72000 r-xp 00000000 08:01 1843001                    /lib/x86_64-linux-gnu/libnss_files-2.24.so
7f9f9ae72000-7f9f9b072000 ---p 0000a000 08:01 1843001                    /lib/x86_64-linux-gnu/libnss_files-2.24.so
7f9f9b072000-7f9f9b073000 r--p 0000a000 08:01 1843001                    /lib/x86_64-linux-gnu/libnss_files-2.24.so
7f9f9b073000-7f9f9b074000 rw-p 0000b000 08:01 1843001                    /lib/x86_64-linux-gnu/libnss_files-2.24.so
7f9f9b074000-7f9f9b07a000 rw-p 00000000 00:00 0 
7f9f9b07a000-7f9f9b085000 r-xp 00000000 08:01 1843005                    /lib/x86_64-linux-gnu/libnss_nis-2.24.so
7f9f9b085000-7f9f9b284000 ---p 0000b000 08:01 1843005                    /lib/x86_64-linux-gnu/libnss_nis-2.24.so
7f9f9b284000-7f9f9b285000 r--p 0000a000 08:01 1843005                    /lib/x86_64-linux-gnu/libnss_nis-2.24.so
7f9f9b285000-7f9f9b286000 rw-p 0000b000 08:01 1843005                    /lib/x86_64-linux-gnu/libnss_nis-2.24.so
7f9f9b286000-7f9f9b29a000 r-xp 00000000 08:01 1842995                    /lib/x86_64-linux-gnu/libnsl-2.24.so
7f9f9b29a000-7f9f9b49a000 ---p 00014000 08:01 1842995                    /lib/x86_64-linux-gnu/libnsl-2.24.so
7f9f9b49a000-7f9f9b49b000 r--p 00014000 08:01 1842995                    /lib/x86_64-linux-gnu/libnsl-2.24.so
7f9f9b49b000-7f9f9b49c000 rw-p 00015000 08:01 1842995                    /lib/x86_64-linux-gnu/libnsl-2.24.so
7f9f9b49c000-7f9f9b49e000 rw-p 00000000 00:00 0 
7f9f9b49e000-7f9f9b4a5000 r-xp 00000000 08:01 1842997                    /lib/x86_64-linux-gnu/libnss_compat-2.24.so
7f9f9b4a5000-7f9f9b6a4000 ---p 00007000 08:01 1842997                    /lib/x86_64-linux-gnu/libnss_compat-2.24.so
7f9f9b6a4000-7f9f9b6a5000 r--p 00006000 08:01 1842997                    /lib/x86_64-linux-gnu/libnss_compat-2.24.so
7f9f9b6a5000-7f9f9b6a6000 rw-p 00007000 08:01 1842997                    /lib/x86_64-linux-gnu/libnss_compat-2.24.so
7f9f9b6a6000-7f9f9b6cf000 r-xp 00000000 08:01 2118376                    /usr/lib/jvm/java-11-openjdk-amd64/lib/libjava.so
7f9f9b6cf000-7f9f9b8ce000 ---p 00029000 08:01 2118376                    /usr/lib/jvm/java-11-openjdk-amd64/lib/libjava.so
7f9f9b8ce000-7f9f9b8cf000 r--p 00028000 08:01 2118376                    /usr/lib/jvm/java-11-openjdk-amd64/lib/libjava.so
7f9f9b8cf000-7f9f9b8d1000 rw-p 00029000 08:01 2118376                    /usr/lib/jvm/java-11-openjdk-amd64/lib/libjava.so
7f9f9b8d1000-7f9f9b8de000 r-xp 00000000 08:01 2118397                    /usr/lib/jvm/java-11-openjdk-amd64/lib/libverify.so
7f9f9b8de000-7f9f9badd000 ---p 0000d000 08:01 2118397                    /usr/lib/jvm/java-11-openjdk-amd64/lib/libverify.so
7f9f9badd000-7f9f9badf000 r--p 0000c000 08:01 2118397                    /usr/lib/jvm/java-11-openjdk-amd64/lib/libverify.so
7f9f9badf000-7f9f9bae0000 rw-p 0000e000 08:01 2118397                    /usr/lib/jvm/java-11-openjdk-amd64/lib/libverify.so
7f9f9bae0000-7f9f9bae7000 r-xp 00000000 08:01 1843022                    /lib/x86_64-linux-gnu/librt-2.24.so
7f9f9bae7000-7f9f9bce6000 ---p 00007000 08:01 1843022                    /lib/x86_64-linux-gnu/librt-2.24.so
7f9f9bce6000-7f9f9bce7000 r--p 00006000 08:01 1843022                    /lib/x86_64-linux-gnu/librt-2.24.so
7f9f9bce7000-7f9f9bce8000 rw-p 00007000 08:01 1843022                    /lib/x86_64-linux-gnu/librt-2.24.so
7f9f9bce8000-7f9f9bcfe000 r-xp 00000000 08:01 1842975                    /lib/x86_64-linux-gnu/libgcc_s.so.1
7f9f9bcfe000-7f9f9befd000 ---p 00016000 08:01 1842975                    /lib/x86_64-linux-gnu/libgcc_s.so.1
7f9f9befd000-7f9f9befe000 r--p 00015000 08:01 1842975                    /lib/x86_64-linux-gnu/libgcc_s.so.1
7f9f9befe000-7f9f9beff000 rw-p 00016000 08:01 1842975                    /lib/x86_64-linux-gnu/libgcc_s.so.1
7f9f9beff000-7f9f9c002000 r-xp 00000000 08:01 1842984                    /lib/x86_64-linux-gnu/libm-2.24.so
7f9f9c002000-7f9f9c201000 ---p 00103000 08:01 1842984                    /lib/x86_64-linux-gnu/libm-2.24.so
7f9f9c201000-7f9f9c202000 r--p 00102000 08:01 1842984                    /lib/x86_64-linux-gnu/libm-2.24.so
7f9f9c202000-7f9f9c203000 rw-p 00103000 08:01 1842984                    /lib/x86_64-linux-gnu/libm-2.24.so
7f9f9c203000-7f9f9c375000 r-xp 00000000 08:01 1843740                    /usr/lib/x86_64-linux-gnu/libstdc++.so.6.0.22
7f9f9c375000-7f9f9c575000 ---p 00172000 08:01 1843740                    /usr/lib/x86_64-linux-gnu/libstdc++.so.6.0.22
7f9f9c575000-7f9f9c57f000 r--p 00172000 08:01 1843740                    /usr/lib/x86_64-linux-gnu/libstdc++.so.6.0.22
7f9f9c57f000-7f9f9c581000 rw-p 0017c000 08:01 1843740                    /usr/lib/x86_64-linux-gnu/libstdc++.so.6.0.22
7f9f9c581000-7f9f9c585000 rw-p 00000000 00:00 0 
7f9f9c585000-7f9f9d60d000 r-xp 00000000 08:01 2118411                    /usr/lib/jvm/java-11-openjdk-amd64/lib/server/libjvm.so
7f9f9d60d000-7f9f9d80c000 ---p 01088000 08:01 2118411                    /usr/lib/jvm/java-11-openjdk-amd64/lib/server/libjvm.so
7f9f9d80c000-7f9f9d8c9000 r--p 01087000 08:01 2118411                    /usr/lib/jvm/java-11-openjdk-amd64/lib/server/libjvm.so
7f9f9d8c9000-7f9f9d903000 rw-p 01144000 08:01 2118411                    /usr/lib/jvm/java-11-openjdk-amd64/lib/server/libjvm.so
7f9f9d903000-7f9f9d959000 rw-p 00000000 00:00 0 
7f9f9d959000-7f9f9daee000 r-xp 00000000 08:01 1842955                    /lib/x86_64-linux-gnu/libc-2.24.so
7f9f9daee000-7f9f9dcee000 ---p 00195000 08:01 1842955                    /lib/x86_64-linux-gnu/libc-2.24.so
7f9f9dcee000-7f9f9dcf2000 r--p 00195000 08:01 1842955                    /lib/x86_64-linux-gnu/libc-2.24.so
7f9f9dcf2000-7f9f9dcf4000 rw-p 00199000 08:01 1842955                    /lib/x86_64-linux-gnu/libc-2.24.so
7f9f9dcf4000-7f9f9dcf8000 rw-p 00000000 00:00 0 
7f9f9dcf8000-7f9f9dcfb000 r-xp 00000000 08:01 1842967                    /lib/x86_64-linux-gnu/libdl-2.24.so
7f9f9dcfb000-7f9f9defa000 ---p 00003000 08:01 1842967                    /lib/x86_64-linux-gnu/libdl-2.24.so
7f9f9defa000-7f9f9defb000 r--p 00002000 08:01 1842967                    /lib/x86_64-linux-gnu/libdl-2.24.so
7f9f9defb000-7f9f9defc000 rw-p 00003000 08:01 1842967                    /lib/x86_64-linux-gnu/libdl-2.24.so
7f9f9defc000-7f9f9df0b000 r-xp 00000000 08:01 2118358                    /usr/lib/jvm/java-11-openjdk-amd64/lib/jli/libjli.so
7f9f9df0b000-7f9f9e10a000 ---p 0000f000 08:01 2118358                    /usr/lib/jvm/java-11-openjdk-amd64/lib/jli/libjli.so
7f9f9e10a000-7f9f9e10b000 r--p 0000e000 08:01 2118358                    /usr/lib/jvm/java-11-openjdk-amd64/lib/jli/libjli.so
7f9f9e10b000-7f9f9e10c000 rw-p 0000f000 08:01 2118358                    /usr/lib/jvm/java-11-openjdk-amd64/lib/jli/libjli.so
7f9f9e10c000-7f9f9e124000 r-xp 00000000 08:01 1843018                    /lib/x86_64-linux-gnu/libpthread-2.24.so
7f9f9e124000-7f9f9e323000 ---p 00018000 08:01 1843018                    /lib/x86_64-linux-gnu/libpthread-2.24.so
7f9f9e323000-7f9f9e324000 r--p 00017000 08:01 1843018                    /lib/x86_64-linux-gnu/libpthread-2.24.so
7f9f9e324000-7f9f9e325000 rw-p 00018000 08:01 1843018                    /lib/x86_64-linux-gnu/libpthread-2.24.so
7f9f9e325000-7f9f9e329000 rw-p 00000000 00:00 0 
7f9f9e329000-7f9f9e342000 r-xp 00000000 08:01 1843043                    /lib/x86_64-linux-gnu/libz.so.1.2.8
7f9f9e342000-7f9f9e541000 ---p 00019000 08:01 1843043                    /lib/x86_64-linux-gnu/libz.so.1.2.8
7f9f9e541000-7f9f9e542000 r--p 00018000 08:01 1843043                    /lib/x86_64-linux-gnu/libz.so.1.2.8
7f9f9e542000-7f9f9e543000 rw-p 00019000 08:01 1843043                    /lib/x86_64-linux-gnu/libz.so.1.2.8
7f9f9e543000-7f9f9e566000 r-xp 00000000 08:01 1842937                    /lib/x86_64-linux-gnu/ld-2.24.so
7f9f9e580000-7f9f9e5ad000 rw-p 00000000 00:00 0 
7f9f9e5ad000-7f9f9e648000 ---p 00000000 00:00 0 
7f9f9e648000-7f9f9e64d000 rw-p 00000000 00:00 0 
7f9f9e64d000-7f9f9e654000 ---p 00000000 00:00 0 
7f9f9e654000-7f9f9e656000 r--s 00007000 08:01 2379129                    /usr/share/java/java-atk-wrapper.jar
7f9f9e656000-7f9f9e65a000 ---p 00000000 00:00 0 
7f9f9e65a000-7f9f9e75b000 rw-p 00000000 00:00 0 
7f9f9e75c000-7f9f9e764000 rw-s 00000000 08:01 411604                     /tmp/hsperfdata_tanzachary/5514
7f9f9e764000-7f9f9e765000 ---p 00000000 00:00 0 
7f9f9e765000-7f9f9e766000 r--p 00000000 00:00 0 
7f9f9e766000-7f9f9e767000 r--p 00023000 08:01 1842937                    /lib/x86_64-linux-gnu/ld-2.24.so
7f9f9e767000-7f9f9e768000 rw-p 00024000 08:01 1842937                    /lib/x86_64-linux-gnu/ld-2.24.so
7f9f9e768000-7f9f9e769000 rw-p 00000000 00:00 0 
7ffe62bd9000-7ffe62bfa000 rw-p 00000000 00:00 0                          [stack]
7ffe62bfa000-7ffe62bfd000 r--p 00000000 00:00 0                          [vvar]
7ffe62bfd000-7ffe62bff000 r-xp 00000000 00:00 0                          [vdso]
ffffffffff600000-ffffffffff601000 r-xp 00000000 00:00 0                  [vsyscall]


VM Arguments:
jvm_args: -Dclassworlds.conf=/opt/maven/bin/m2.conf -Dmaven.home=/opt/maven -Dlibrary.jansi.path=/opt/maven/lib/jansi-native -Dmaven.multiModuleProjectDirectory=/home/tanzachary/step/portfolio 
java_command: org.codehaus.plexus.classworlds.launcher.Launcher package appengine:run
java_class_path (initial): /opt/maven/boot/plexus-classworlds-2.6.0.jar
Launcher Type: SUN_STANDARD

[Global flags]
     intx CICompilerCount                          = 2                                         {product} {ergonomic}
   size_t InitialHeapSize                          = 33554432                                  {product} {ergonomic}
   size_t MaxHeapSize                              = 524288000                                 {product} {ergonomic}
   size_t MaxNewSize                               = 174718976                                 {product} {ergonomic}
   size_t MinHeapDeltaBytes                        = 196608                                    {product} {ergonomic}
   size_t NewSize                                  = 11141120                                  {product} {ergonomic}
    uintx NonNMethodCodeHeapSize                   = 5825164                                {pd product} {ergonomic}
    uintx NonProfiledCodeHeapSize                  = 122916538                              {pd product} {ergonomic}
   size_t OldSize                                  = 22413312                                  {product} {ergonomic}
    uintx ProfiledCodeHeapSize                     = 122916538                              {pd product} {ergonomic}
    uintx ReservedCodeCacheSize                    = 251658240                              {pd product} {ergonomic}
     bool SegmentedCodeCache                       = true                                      {product} {ergonomic}
     bool UseCompressedClassPointers               = true                                 {lp64_product} {ergonomic}
     bool UseCompressedOops                        = true                                 {lp64_product} {ergonomic}
     bool UseSerialGC                              = true                                      {product} {ergonomic}

Logging:
Log output configuration:
 #0: stdout all=warning uptime,level,tags
 #1: stderr all=off uptime,level,tags

Environment Variables:
JAVA_HOME=/usr/lib/jvm/java-11-openjdk-amd64
PATH=/home/tanzachary/step/portfolio/node_modules/.bin:/home/tanzachary/gopath/bin:/google/gopath/bin:/home/tanzachary/.gems/bin:/usr/local/go/bin:/opt/gradle/bin:/opt/maven/bin:/usr/local/sbin:/usr/local/bin:/usr/sbin:/usr/bin:/sbin:/bin:/usr/local/nvm/versions/node/v10.14.2/bin:/google/go_appengine:/google/google_appengine:/google/migrate/anthos/
SHELL=/bin/bash

Signal Handlers:
SIGSEGV: [libjvm.so+0xd9bff0], sa_mask[0]=11111111011111111101111111111110, sa_flags=SA_RESTART|SA_SIGINFO
SIGBUS: [libjvm.so+0xd9bff0], sa_mask[0]=11111111011111111101111111111110, sa_flags=SA_RESTART|SA_SIGINFO
SIGFPE: [libjvm.so+0xd9bff0], sa_mask[0]=11111111011111111101111111111110, sa_flags=SA_RESTART|SA_SIGINFO
SIGPIPE: [libjvm.so+0xb8fcf0], sa_mask[0]=11111111011111111101111111111110, sa_flags=SA_RESTART|SA_SIGINFO
SIGXFSZ: [libjvm.so+0xb8fcf0], sa_mask[0]=11111111011111111101111111111110, sa_flags=SA_RESTART|SA_SIGINFO
SIGILL: [libjvm.so+0xd9bff0], sa_mask[0]=11111111011111111101111111111110, sa_flags=SA_RESTART|SA_SIGINFO
SIGUSR2: [libjvm.so+0xb8fb90], sa_mask[0]=00000000000000000000000000000000, sa_flags=SA_RESTART|SA_SIGINFO
SIGHUP: [libjvm.so+0xb8fef0], sa_mask[0]=11111111011111111101111111111110, sa_flags=SA_RESTART|SA_SIGINFO
SIGINT: [libjvm.so+0xb8fef0], sa_mask[0]=11111111011111111101111111111110, sa_flags=SA_RESTART|SA_SIGINFO
SIGTERM: [libjvm.so+0xb8fef0], sa_mask[0]=11111111011111111101111111111110, sa_flags=SA_RESTART|SA_SIGINFO
SIGQUIT: [libjvm.so+0xb8fef0], sa_mask[0]=11111111011111111101111111111110, sa_flags=SA_RESTART|SA_SIGINFO


---------------  S Y S T E M  ---------------

OS:PRETTY_NAME="Debian GNU/Linux 9 (stretch)"
NAME="Debian GNU/Linux"
VERSION_ID="9"
VERSION="9 (stretch)"
VERSION_CODENAME=stretch
ID=debian
HOME_URL="https://www.debian.org/"
SUPPORT_URL="https://www.debian.org/support"
BUG_REPORT_URL="https://bugs.debian.org/"
uname:Linux 4.19.112+ #1 SMP Wed May 6 00:27:44 PDT 2020 x86_64
libc:glibc 2.24 NPTL 2.24 
rlimit: STACK 8192k, CORE infinity, NPROC infinity, NOFILE 1048576, AS infinity, DATA infinity, FSIZE infinity
load average:0.50 0.77 0.82

/proc/meminfo:
MemTotal:        2043884 kB
MemFree:           86092 kB
MemAvailable:     817356 kB
Buffers:           73140 kB
Cached:           674904 kB
SwapCached:          740 kB
Active:           882800 kB
Inactive:         759512 kB
Active(anon):     456368 kB
Inactive(anon):   412568 kB
Active(file):     426432 kB
Inactive(file):   346944 kB
Unevictable:           0 kB
Mlocked:               0 kB
SwapTotal:        786428 kB
SwapFree:         701692 kB
Dirty:              1128 kB
Writeback:             0 kB
AnonPages:        893616 kB
Mapped:           410512 kB
Shmem:               820 kB
Slab:             196812 kB
SReclaimable:     145516 kB
SUnreclaim:        51296 kB
KernelStack:        8240 kB
PageTables:        14048 kB
NFS_Unstable:          0 kB
Bounce:                0 kB
WritebackTmp:          0 kB
CommitLimit:     1808368 kB
Committed_AS:    5206916 kB
VmallocTotal:   34359738367 kB
VmallocUsed:           0 kB
VmallocChunk:          0 kB
Percpu:              968 kB
AnonHugePages:      2048 kB
ShmemHugePages:        0 kB
ShmemPmdMapped:        0 kB
HugePages_Total:       0
HugePages_Free:        0
HugePages_Rsvd:        0
HugePages_Surp:        0
Hugepagesize:       2048 kB
Hugetlb:               0 kB
DirectMap4k:       85180 kB
DirectMap2M:     2011136 kB
DirectMap1G:           0 kB


/proc/sys/kernel/threads-max (system-wide limit on the number of threads):
15631


/proc/sys/vm/max_map_count (maximum number of memory map areas a process may have):
65530


/proc/sys/kernel/pid_max (system-wide limit on number of process identifiers):
4194304



container (cgroup) information:
container_type: cgroupv1
cpu_cpuset_cpus: 0-1
cpu_memory_nodes: 0
active_processor_count: 1
cpu_quota: -1
cpu_period: 100000
cpu_shares: 2
memory_limit_in_bytes: -1
memory_and_swap_limit_in_bytes: -1
memory_soft_limit_in_bytes: -1
memory_usage_in_bytes: 613011456
memory_max_usage_in_bytes: 684109824

KVM virtualization detected
Steal ticks since vm start: 0
Steal ticks percentage since vm start:  0.000

CPU:total 2 (initial active 1) (1 cores per cpu, 2 threads per core) family 6 model 63 stepping 0, cmov, cx8, fxsr, mmx, sse, sse2, sse3, ssse3, sse4.1, sse4.2, popcnt, avx, avx2, aes, clmul, erms, lzcnt, ht, tsc, tscinvbit, bmi1, bmi2, fma
CPU Model and flags from /proc/cpuinfo:
model name	: Intel(R) Xeon(R) CPU @ 2.30GHz
flags		: fpu vme de pse tsc msr pae mce cx8 apic sep mtrr pge mca cmov pat pse36 clflush mmx fxsr sse sse2 ss ht syscall nx pdpe1gb rdtscp lm constant_tsc rep_good nopl xtopology nonstop_tsc cpuid tsc_known_freq pni pclmulqdq ssse3 fma cx16 pcid sse4_1 sse4_2 x2apic movbe popcnt aes xsave avx f16c rdrand hypervisor lahf_lm abm invpcid_single pti ssbd ibrs ibpb stibp fsgsbase tsc_adjust bmi1 avx2 smep bmi2 erms invpcid xsaveopt arat md_clear arch_capabilities

Memory: 4k page, physical 2043884k(86092k free), swap 786428k(701692k free)

vm_info: OpenJDK 64-Bit Server VM (11.0.6+10-post-Debian-1bpo91) for linux-amd64 JRE (11.0.6+10-post-Debian-1bpo91), built on Feb  1 2020 09:07:43 by "unknown" with gcc 6.3.0 20170516

END.
