#
# A fatal error has been detected by the Java Runtime Environment:
#
#  SIGSEGV (0xb) at pc=0x00007f642e9ccbc0, pid=4807, tid=4807
#
# JRE version: OpenJDK Runtime Environment (11.0.6+10) (build 11.0.6+10-post-Debian-1bpo91)
# Java VM: OpenJDK 64-Bit Server VM (11.0.6+10-post-Debian-1bpo91, mixed mode, sharing, tiered, compressed oops, serial gc, linux-amd64)
# Problematic frame:
# V  [libjvm.so+0xb8fbc0]
#
# Core dump will be written. Default location: Core dumps may be processed with "/sbin/crash_reporter --user=%P:%s:%u:%g:%e" (or dumping to /home/tanzachary/step/portfolio/core.4807)
#
# If you would like to submit a bug report, please visit:
#   https://bugs.debian.org/openjdk-11
#

---------------  S U M M A R Y ------------

Command Line: -Dclassworlds.conf=/opt/maven/bin/m2.conf -Dmaven.home=/opt/maven -Dlibrary.jansi.path=/opt/maven/lib/jansi-native -Dmaven.multiModuleProjectDirectory=/home/tanzachary/step/portfolio org.codehaus.plexus.classworlds.launcher.Launcher package appengine:run

Host: Intel(R) Xeon(R) CPU @ 2.30GHz, 2 cores, 1G, Debian GNU/Linux 9 (stretch)
Time: Thu May 28 17:46:19 2020 EDT elapsed time: 5 seconds (0d 0h 0m 5s)

---------------  T H R E A D  ---------------

Current thread is native thread

Stack: [0x00007fffbdac7000,0x00007fffbe2c5000],  sp=0x00007fffbe2bf980,  free space=8162k
Native frames: (J=compiled Java code, A=aot compiled Java code, j=interpreted, Vv=VM code, C=native code)
V  [libjvm.so+0xb8fbc0]
C  [libpthread.so.0+0x110e0]


siginfo: si_signo: 11 (SIGSEGV), si_code: 1 (SEGV_MAPERR), si_addr: 0x00000000000000d0

Register to memory mapping:

RAX=0x0 is NULL
RBX=
[error occurred during error reporting (printing register info), id 0xb, SIGSEGV (0xb) at pc=0x00007f642eb739e7]

Registers:
RAX=0x0000000000000000, RBX=0x00007f643000fe18, RCX=0x00007f642f9cc6dd, RDX=0x0000000000000000
RSP=0x00007fffbe2bf980, RBP=0x00007fffbe2bfa30, RSI=0x00007fffbe2bfb70, RDI=0x0000000000000001
R8 =0x00000000000000ca, R9 =0x00007f643000e9d0, R10=0x0000000000000000, R11=0x0000000000000246
R12=0x0000000000000000, R13=0x00007fffbe2bfb70, R14=0x00007fffbe2bfa40, R15=0x00007f643000ed28
RIP=0x00007f642e9ccbc0, EFLAGS=0x0000000000010246, CSGSFS=0x002b000000000033, ERR=0x0000000000000004
  TRAPNO=0x000000000000000e

Top of Stack: (sp=0x00007fffbe2bf980)
0x00007fffbe2bf980:   0000000001e5cb59 00007f642f222038
0x00007fffbe2bf990:   00007fffbe2bfab0 00007f642f214d90
0x00007fffbe2bf9a0:   00007fffbe2bf9d4 00007fffbe2bfaa0
0x00007fffbe2bf9b0:   00005588a83e1c70 000000000000000b 

Instructions: (pc=0x00007f642e9ccbc0)
0x00007f642e9ccac0:   c0 74 03 c6 00 00 4c 89 f7 4c 89 fa 48 89 de e8
0x00007f642e9ccad0:   dc db 6d ff 4c 89 e7 e8 24 df 6d ff 48 81 c4 08
0x00007f642e9ccae0:   01 00 00 5b 41 5c 41 5d 41 5e 41 5f 5d c3 4c 89
0x00007f642e9ccaf0:   e2 be 00 01 00 00 48 89 df e8 92 e1 6d ff 48 85
0x00007f642e9ccb00:   c0 74 ae 48 8d 35 b1 46 2f 00 48 89 df e8 5e df
0x00007f642e9ccb10:   6d ff 48 85 c0 74 41 66 0f 1f 84 00 00 00 00 00
0x00007f642e9ccb20:   be 22 00 00 00 48 89 df e8 d3 df 6d ff 48 85 c0
0x00007f642e9ccb30:   74 46 48 8d 58 01 be 22 00 00 00 48 89 df e8 bd
0x00007f642e9ccb40:   df 6d ff 48 85 c0 0f 85 77 ff ff ff e9 75 ff ff
0x00007f642e9ccb50:   ff 0f 1f 80 00 00 00 00 48 8d 35 71 46 2f 00 48
0x00007f642e9ccb60:   89 df e8 09 df 6d ff 48 85 c0 0f 84 41 ff ff ff
0x00007f642e9ccb70:   eb ae 66 0f 1f 44 00 00 48 89 df be 3d 00 00 00
0x00007f642e9ccb80:   e8 7b df 6d ff 48 8d 58 01 e9 23 ff ff ff 66 90
0x00007f642e9ccb90:   55 48 89 e5 41 57 41 56 41 55 41 54 49 89 d6 53
0x00007f642e9ccba0:   49 89 f5 48 81 ec 88 00 00 00 e8 81 e6 6d ff 48
0x00007f642e9ccbb0:   89 c3 44 8b 20 e8 26 58 1a 00 31 d2 84 c0 75 38
0x00007f642e9ccbc0:   48 83 ba d0 00 00 00 00 74 16 4c 8b ba 68 02 00
0x00007f642e9ccbd0:   00 41 8b 87 a8 00 00 00 83 f8 01 74 2b 44 89 23
0x00007f642e9ccbe0:   48 81 c4 88 00 00 00 5b 41 5c 41 5d 41 5e 41 5f
0x00007f642e9ccbf0:   5d c3 66 0f 1f 44 00 00 e8 f3 57 1a 00 48 89 c2
0x00007f642e9ccc00:   eb be 66 0f 1f 44 00 00 4d 89 af b0 00 00 00 4d
0x00007f642e9ccc10:   8d af a8 00 00 00 4d 89 b7 b8 00 00 00 ba 02 00
0x00007f642e9ccc20:   00 00 be 01 00 00 00 4c 89 ef e8 01 cb ff ff 83
0x00007f642e9ccc30:   f8 02 74 3c 85 c0 75 18 49 c7 87 b8 00 00 00 00
0x00007f642e9ccc40:   00 00 00 49 c7 87 b0 00 00 00 00 00 00 00 eb 8d
0x00007f642e9ccc50:   48 8d 05 51 96 7b 00 48 8d 3d 7a 4e 2f 00 be 64
0x00007f642e9ccc60:   11 00 00 48 8b 00 c6 00 58 e8 22 16 ab ff eb c8
0x00007f642e9ccc70:   4c 8d b5 50 ff ff ff 4c 89 f7 e8 11 e2 6d ff 4c
0x00007f642e9ccc80:   89 f2 31 f6 31 ff e8 15 e3 6d ff 8b 35 ff 37 7d
0x00007f642e9ccc90:   00 4c 89 f7 e8 c7 de 6d ff 48 8d 3d 60 73 81 00
0x00007f642e9ccca0:   be 01 00 00 00 e8 a6 bc 0c 00 66 0f 1f 44 00 00
0x00007f642e9cccb0:   4c 89 f7 e8 d8 e5 6d ff 31 d2 be 03 00 00 00 4c 


Stack slot to memory mapping:
stack at sp + 0 slots: 
[error occurred during error reporting (inspecting top of stack), id 0xb, SIGSEGV (0xb) at pc=0x00007f642eb739e7]


---------------  P R O C E S S  ---------------

VM state:not at safepoint (normal execution)

VM Mutex/Monitor currently owned by a thread:  ([mutex/lock_event])
[0x00007f642800fa10] Module_lock - owner thread: 0x00007f6428014000

Heap address: 0x00000000e0c00000, size: 500 MB, Compressed Oops mode: 32-bit
Narrow klass base: 0x0000000800000000, Narrow klass shift: 3
Compressed class space size: 1073741824 Address: 0x0000000840000000

Heap:
 def new generation   total 9792K, used 6157K [0x00000000e0c00000, 0x00000000e16a0000, 0x00000000eb2a0000)
  eden space 8704K,  60% used [0x00000000e0c00000, 0x00000000e111bfa8, 0x00000000e1480000)
  from space 1088K,  85% used [0x00000000e1480000, 0x00000000e15674f8, 0x00000000e1590000)
  to   space 1088K,   0% used [0x00000000e1590000, 0x00000000e1590000, 0x00000000e16a0000)
 tenured generation   total 21888K, used 11523K [0x00000000eb2a0000, 0x00000000ec800000, 0x0000000100000000)
   the space 21888K,  52% used [0x00000000eb2a0000, 0x00000000ebde0cc8, 0x00000000ebde0e00, 0x00000000ec800000)
 Metaspace       used 18161K, capacity 18975K, committed 19328K, reserved 1067008K
  class space    used 2080K, capacity 2351K, committed 2432K, reserved 1048576K

Card table byte_map: [0x00007f642c041000,0x00007f642c13c000] _byte_map_base: 0x00007f642b93b000

Polling page: 0x00007f643001c000

Metaspace:

Usage:
  Non-class:     16.23 MB capacity,    15.70 MB ( 97%) used,   514.08 KB (  3%) free+waste,    29.50 KB ( <1%) overhead. 
      Class:      2.30 MB capacity,     2.03 MB ( 89%) used,   255.89 KB ( 11%) free+waste,    14.19 KB ( <1%) overhead. 
       Both:     18.53 MB capacity,    17.74 MB ( 96%) used,   769.97 KB (  4%) free+waste,    43.69 KB ( <1%) overhead. 

Virtual space:
  Non-class space:       18.00 MB reserved,      16.50 MB ( 92%) committed 
      Class space:        1.00 GB reserved,       2.38 MB ( <1%) committed 
             Both:        1.02 GB reserved,      18.88 MB (  2%) committed 

Chunk freelists:
   Non-Class:  56.00 KB
       Class:  17.00 KB
        Both:  73.00 KB

MaxMetaspaceSize: unlimited
CompressedClassSpaceSize: 1.00 GB

CodeHeap 'non-profiled nmethods': size=120036Kb used=1486Kb max_used=1486Kb free=118549Kb
 bounds [0x00007f64183d7000, 0x00007f6418647000, 0x00007f641f910000]
CodeHeap 'profiled nmethods': size=120032Kb used=8138Kb max_used=8138Kb free=111893Kb
 bounds [0x00007f6410e9f000, 0x00007f641169f000, 0x00007f64183d7000]
CodeHeap 'non-nmethods': size=5692Kb used=1133Kb max_used=1151Kb free=4558Kb
 bounds [0x00007f6410910000, 0x00007f6410b80000, 0x00007f6410e9f000]
 total_blobs=5184 nmethods=4012 adapters=377
 compilation: enabled
              stopped_count=0, restarted_count=0
 full_count=0

Compilation events (20 events):
Event: 5.489 Thread 0x00007f642805b800 nmethod 4011 0x00007f641168cf10 code [0x00007f641168d220, 0x00007f641168e478]
Event: 5.489 Thread 0x00007f642805b800 4012   !   3       com.google.inject.internal.SingleFieldInjector::inject (89 bytes)
Event: 5.490 Thread 0x00007f642805b800 nmethod 4012 0x00007f641168eb10 code [0x00007f641168eda0, 0x00007f641168f898]
Event: 5.491 Thread 0x00007f642805b800 4013       3       org.eclipse.sisu.inject.RankedSequence$Content::<init> (20 bytes)
Event: 5.491 Thread 0x00007f642805b800 nmethod 4013 0x00007f641168ff90 code [0x00007f6411690140, 0x00007f6411690350]
Event: 5.491 Thread 0x00007f642805b800 4014       1       org.eclipse.sisu.space.LoadedClass::load (5 bytes)
Event: 5.492 Thread 0x00007f642805b800 nmethod 4014 0x00007f6418549690 code [0x00007f6418549840, 0x00007f6418549970]
Event: 5.492 Thread 0x00007f642805b800 4015       3       com.google.inject.internal.Scoping$1::getScopeInstance (4 bytes)
Event: 5.492 Thread 0x00007f642805b800 nmethod 4015 0x00007f6411690410 code [0x00007f64116905c0, 0x00007f6411690750]
Event: 5.494 Thread 0x00007f6428059800 4016       4       java.util.Collections$UnmodifiableCollection::size (10 bytes)
Event: 5.495 Thread 0x00007f6428059800 nmethod 4016 0x00007f6418549a10 code [0x00007f6418549ba0, 0x00007f6418549c38]
Event: 5.496 Thread 0x00007f642805b800 4017       3       org.apache.maven.project.MavenProject::getProperties (8 bytes)
Event: 5.496 Thread 0x00007f642805b800 nmethod 4017 0x00007f6411690810 code [0x00007f64116909e0, 0x00007f6411690e08]
Event: 5.496 Thread 0x00007f642805b800 4018       3       org.eclipse.sisu.inject.MildKeys$Weak::equals (40 bytes)
Event: 5.497 Thread 0x00007f642805b800 nmethod 4018 0x00007f6411690f90 code [0x00007f6411691180, 0x00007f64116917c8]
Event: 5.497 Thread 0x00007f642805b800 4019   !   3       org.apache.maven.plugin.PluginParameterExpressionEvaluator::evaluate (1319 bytes)
Event: 5.508 Thread 0x00007f6428059800 4026       4       java.lang.ref.Reference::<init> (25 bytes)
Event: 5.509 Thread 0x00007f6428059800 nmethod 4026 0x00007f641854a390 code [0x00007f641854a520, 0x00007f641854a5d8]
Event: 5.526 Thread 0x00007f6428059800 4028       4       org.codehaus.plexus.classworlds.realm.ClassRealm::getClassLoadingLock (38 bytes)
Event: 5.528 Thread 0x00007f6428059800 nmethod 4028 0x00007f641854a690 code [0x00007f641854a840, 0x00007f641854a9a8]

GC Heap History (20 events):
Event: 3.460 GC heap before
{Heap before GC invocations=10 (full 0):
 def new generation   total 9792K, used 9128K [0x00000000e0c00000, 0x00000000e16a0000, 0x00000000eb2a0000)
  eden space 8704K, 100% used [0x00000000e0c00000, 0x00000000e1480000, 0x00000000e1480000)
  from space 1088K,  39% used [0x00000000e1480000, 0x00000000e14ea210, 0x00000000e1590000)
  to   space 1088K,   0% used [0x00000000e1590000, 0x00000000e1590000, 0x00000000e16a0000)
 tenured generation   total 21888K, used 6993K [0x00000000eb2a0000, 0x00000000ec800000, 0x0000000100000000)
   the space 21888K,  31% used [0x00000000eb2a0000, 0x00000000eb9745b8, 0x00000000eb974600, 0x00000000ec800000)
 Metaspace       used 13860K, capacity 15425K, committed 15744K, reserved 1062912K
  class space    used 1605K, capacity 1827K, committed 1920K, reserved 1048576K
}
Event: 3.467 GC heap after
{Heap after GC invocations=11 (full 0):
 def new generation   total 9792K, used 933K [0x00000000e0c00000, 0x00000000e16a0000, 0x00000000eb2a0000)
  eden space 8704K,   0% used [0x00000000e0c00000, 0x00000000e0c00000, 0x00000000e1480000)
  from space 1088K,  85% used [0x00000000e1590000, 0x00000000e1679578, 0x00000000e16a0000)
  to   space 1088K,   0% used [0x00000000e1480000, 0x00000000e1480000, 0x00000000e1590000)
 tenured generation   total 21888K, used 6993K [0x00000000eb2a0000, 0x00000000ec800000, 0x0000000100000000)
   the space 21888K,  31% used [0x00000000eb2a0000, 0x00000000eb9745b8, 0x00000000eb974600, 0x00000000ec800000)
 Metaspace       used 13860K, capacity 15425K, committed 15744K, reserved 1062912K
  class space    used 1605K, capacity 1827K, committed 1920K, reserved 1048576K
}
Event: 3.560 GC heap before
{Heap before GC invocations=11 (full 0):
 def new generation   total 9792K, used 9637K [0x00000000e0c00000, 0x00000000e16a0000, 0x00000000eb2a0000)
  eden space 8704K, 100% used [0x00000000e0c00000, 0x00000000e1480000, 0x00000000e1480000)
  from space 1088K,  85% used [0x00000000e1590000, 0x00000000e1679578, 0x00000000e16a0000)
  to   space 1088K,   0% used [0x00000000e1480000, 0x00000000e1480000, 0x00000000e1590000)
 tenured generation   total 21888K, used 6993K [0x00000000eb2a0000, 0x00000000ec800000, 0x0000000100000000)
   the space 21888K,  31% used [0x00000000eb2a0000, 0x00000000eb9745b8, 0x00000000eb974600, 0x00000000ec800000)
 Metaspace       used 13907K, capacity 15425K, committed 15744K, reserved 1062912K
  class space    used 1606K, capacity 1827K, committed 1920K, reserved 1048576K
}
Event: 3.565 GC heap after
{Heap after GC invocations=12 (full 0):
 def new generation   total 9792K, used 523K [0x00000000e0c00000, 0x00000000e16a0000, 0x00000000eb2a0000)
  eden space 8704K,   0% used [0x00000000e0c00000, 0x00000000e0c00000, 0x00000000e1480000)
  from space 1088K,  48% used [0x00000000e1480000, 0x00000000e1502fb0, 0x00000000e1590000)
  to   space 1088K,   0% used [0x00000000e1590000, 0x00000000e1590000, 0x00000000e16a0000)
 tenured generation   total 21888K, used 7832K [0x00000000eb2a0000, 0x00000000ec800000, 0x0000000100000000)
   the space 21888K,  35% used [0x00000000eb2a0000, 0x00000000eba46378, 0x00000000eba46400, 0x00000000ec800000)
 Metaspace       used 13907K, capacity 15425K, committed 15744K, reserved 1062912K
  class space    used 1606K, capacity 1827K, committed 1920K, reserved 1048576K
}
Event: 3.756 GC heap before
{Heap before GC invocations=12 (full 0):
 def new generation   total 9792K, used 9227K [0x00000000e0c00000, 0x00000000e16a0000, 0x00000000eb2a0000)
  eden space 8704K, 100% used [0x00000000e0c00000, 0x00000000e1480000, 0x00000000e1480000)
  from space 1088K,  48% used [0x00000000e1480000, 0x00000000e1502fb0, 0x00000000e1590000)
  to   space 1088K,   0% used [0x00000000e1590000, 0x00000000e1590000, 0x00000000e16a0000)
 tenured generation   total 21888K, used 7832K [0x00000000eb2a0000, 0x00000000ec800000, 0x0000000100000000)
   the space 21888K,  35% used [0x00000000eb2a0000, 0x00000000eba46378, 0x00000000eba46400, 0x00000000ec800000)
 Metaspace       used 14061K, capacity 15633K, committed 16000K, reserved 1062912K
  class space    used 1611K, capacity 1833K, committed 1920K, reserved 1048576K
}
Event: 3.759 GC heap after
{Heap after GC invocations=13 (full 0):
 def new generation   total 9792K, used 864K [0x00000000e0c00000, 0x00000000e16a0000, 0x00000000eb2a0000)
  eden space 8704K,   0% used [0x00000000e0c00000, 0x00000000e0c00000, 0x00000000e1480000)
  from space 1088K,  79% used [0x00000000e1590000, 0x00000000e1668218, 0x00000000e16a0000)
  to   space 1088K,   0% used [0x00000000e1480000, 0x00000000e1480000, 0x00000000e1590000)
 tenured generation   total 21888K, used 7832K [0x00000000eb2a0000, 0x00000000ec800000, 0x0000000100000000)
   the space 21888K,  35% used [0x00000000eb2a0000, 0x00000000eba46378, 0x00000000eba46400, 0x00000000ec800000)
 Metaspace       used 14061K, capacity 15633K, committed 16000K, reserved 1062912K
  class space    used 1611K, capacity 1833K, committed 1920K, reserved 1048576K
}
Event: 4.004 GC heap before
{Heap before GC invocations=13 (full 0):
 def new generation   total 9792K, used 9568K [0x00000000e0c00000, 0x00000000e16a0000, 0x00000000eb2a0000)
  eden space 8704K, 100% used [0x00000000e0c00000, 0x00000000e1480000, 0x00000000e1480000)
  from space 1088K,  79% used [0x00000000e1590000, 0x00000000e1668218, 0x00000000e16a0000)
  to   space 1088K,   0% used [0x00000000e1480000, 0x00000000e1480000, 0x00000000e1590000)
 tenured generation   total 21888K, used 7832K [0x00000000eb2a0000, 0x00000000ec800000, 0x0000000100000000)
   the space 21888K,  35% used [0x00000000eb2a0000, 0x00000000eba46378, 0x00000000eba46400, 0x00000000ec800000)
 Metaspace       used 14474K, capacity 15987K, committed 16256K, reserved 1062912K
  class space    used 1639K, capacity 1867K, committed 1920K, reserved 1048576K
}
Event: 4.008 GC heap after
{Heap after GC invocations=14 (full 0):
 def new generation   total 9792K, used 986K [0x00000000e0c00000, 0x00000000e16a0000, 0x00000000eb2a0000)
  eden space 8704K,   0% used [0x00000000e0c00000, 0x00000000e0c00000, 0x00000000e1480000)
  from space 1088K,  90% used [0x00000000e1480000, 0x00000000e1576a50, 0x00000000e1590000)
  to   space 1088K,   0% used [0x00000000e1590000, 0x00000000e1590000, 0x00000000e16a0000)
 tenured generation   total 21888K, used 8237K [0x00000000eb2a0000, 0x00000000ec800000, 0x0000000100000000)
   the space 21888K,  37% used [0x00000000eb2a0000, 0x00000000ebaab408, 0x00000000ebaab600, 0x00000000ec800000)
 Metaspace       used 14474K, capacity 15987K, committed 16256K, reserved 1062912K
  class space    used 1639K, capacity 1867K, committed 1920K, reserved 1048576K
}
Event: 4.233 GC heap before
{Heap before GC invocations=14 (full 0):
 def new generation   total 9792K, used 9690K [0x00000000e0c00000, 0x00000000e16a0000, 0x00000000eb2a0000)
  eden space 8704K, 100% used [0x00000000e0c00000, 0x00000000e1480000, 0x00000000e1480000)
  from space 1088K,  90% used [0x00000000e1480000, 0x00000000e1576a50, 0x00000000e1590000)
  to   space 1088K,   0% used [0x00000000e1590000, 0x00000000e1590000, 0x00000000e16a0000)
 tenured generation   total 21888K, used 8237K [0x00000000eb2a0000, 0x00000000ec800000, 0x0000000100000000)
   the space 21888K,  37% used [0x00000000eb2a0000, 0x00000000ebaab408, 0x00000000ebaab600, 0x00000000ec800000)
 Metaspace       used 14949K, capacity 16456K, committed 16896K, reserved 1064960K
  class space    used 1667K, capacity 1934K, committed 2048K, reserved 1048576K
}
Event: 4.238 GC heap after
{Heap after GC invocations=15 (full 0):
 def new generation   total 9792K, used 522K [0x00000000e0c00000, 0x00000000e16a0000, 0x00000000eb2a0000)
  eden space 8704K,   0% used [0x00000000e0c00000, 0x00000000e0c00000, 0x00000000e1480000)
  from space 1088K,  48% used [0x00000000e1590000, 0x00000000e1612b98, 0x00000000e16a0000)
  to   space 1088K,   0% used [0x00000000e1480000, 0x00000000e1480000, 0x00000000e1590000)
 tenured generation   total 21888K, used 9196K [0x00000000eb2a0000, 0x00000000ec800000, 0x0000000100000000)
   the space 21888K,  42% used [0x00000000eb2a0000, 0x00000000ebb9b2e0, 0x00000000ebb9b400, 0x00000000ec800000)
 Metaspace       used 14949K, capacity 16456K, committed 16896K, reserved 1064960K
  class space    used 1667K, capacity 1934K, committed 2048K, reserved 1048576K
}
Event: 4.418 GC heap before
{Heap before GC invocations=15 (full 0):
 def new generation   total 9792K, used 9226K [0x00000000e0c00000, 0x00000000e16a0000, 0x00000000eb2a0000)
  eden space 8704K, 100% used [0x00000000e0c00000, 0x00000000e1480000, 0x00000000e1480000)
  from space 1088K,  48% used [0x00000000e1590000, 0x00000000e1612b98, 0x00000000e16a0000)
  to   space 1088K,   0% used [0x00000000e1480000, 0x00000000e1480000, 0x00000000e1590000)
 tenured generation   total 21888K, used 9196K [0x00000000eb2a0000, 0x00000000ec800000, 0x0000000100000000)
   the space 21888K,  42% used [0x00000000eb2a0000, 0x00000000ebb9b2e0, 0x00000000ebb9b400, 0x00000000ec800000)
 Metaspace       used 15596K, capacity 17204K, committed 17536K, reserved 1064960K
  class space    used 1786K, capacity 2078K, committed 2176K, reserved 1048576K
}
Event: 4.422 GC heap after
{Heap after GC invocations=16 (full 0):
 def new generation   total 9792K, used 972K [0x00000000e0c00000, 0x00000000e16a0000, 0x00000000eb2a0000)
  eden space 8704K,   0% used [0x00000000e0c00000, 0x00000000e0c00000, 0x00000000e1480000)
  from space 1088K,  89% used [0x00000000e1480000, 0x00000000e15730d8, 0x00000000e1590000)
  to   space 1088K,   0% used [0x00000000e1590000, 0x00000000e1590000, 0x00000000e16a0000)
 tenured generation   total 21888K, used 9196K [0x00000000eb2a0000, 0x00000000ec800000, 0x0000000100000000)
   the space 21888K,  42% used [0x00000000eb2a0000, 0x00000000ebb9b2e0, 0x00000000ebb9b400, 0x00000000ec800000)
 Metaspace       used 15596K, capacity 17204K, committed 17536K, reserved 1064960K
  class space    used 1786K, capacity 2078K, committed 2176K, reserved 1048576K
}
Event: 4.781 GC heap before
{Heap before GC invocations=16 (full 0):
 def new generation   total 9792K, used 9676K [0x00000000e0c00000, 0x00000000e16a0000, 0x00000000eb2a0000)
  eden space 8704K, 100% used [0x00000000e0c00000, 0x00000000e1480000, 0x00000000e1480000)
  from space 1088K,  89% used [0x00000000e1480000, 0x00000000e15730d8, 0x00000000e1590000)
  to   space 1088K,   0% used [0x00000000e1590000, 0x00000000e1590000, 0x00000000e16a0000)
 tenured generation   total 21888K, used 9196K [0x00000000eb2a0000, 0x00000000ec800000, 0x0000000100000000)
   the space 21888K,  42% used [0x00000000eb2a0000, 0x00000000ebb9b2e0, 0x00000000ebb9b400, 0x00000000ec800000)
 Metaspace       used 17384K, capacity 18387K, committed 18688K, reserved 1064960K
  class space    used 2003K, capacity 2261K, committed 2304K, reserved 1048576K
}
Event: 4.786 GC heap after
{Heap after GC invocations=17 (full 0):
 def new generation   total 9792K, used 1088K [0x00000000e0c00000, 0x00000000e16a0000, 0x00000000eb2a0000)
  eden space 8704K,   0% used [0x00000000e0c00000, 0x00000000e0c00000, 0x00000000e1480000)
  from space 1088K, 100% used [0x00000000e1590000, 0x00000000e16a0000, 0x00000000e16a0000)
  to   space 1088K,   0% used [0x00000000e1480000, 0x00000000e1480000, 0x00000000e1590000)
 tenured generation   total 21888K, used 9681K [0x00000000eb2a0000, 0x00000000ec800000, 0x0000000100000000)
   the space 21888K,  44% used [0x00000000eb2a0000, 0x00000000ebc146c0, 0x00000000ebc14800, 0x00000000ec800000)
 Metaspace       used 17384K, capacity 18387K, committed 18688K, reserved 1064960K
  class space    used 2003K, capacity 2261K, committed 2304K, reserved 1048576K
}
Event: 5.097 GC heap before
{Heap before GC invocations=17 (full 0):
 def new generation   total 9792K, used 9792K [0x00000000e0c00000, 0x00000000e16a0000, 0x00000000eb2a0000)
  eden space 8704K, 100% used [0x00000000e0c00000, 0x00000000e1480000, 0x00000000e1480000)
  from space 1088K, 100% used [0x00000000e1590000, 0x00000000e16a0000, 0x00000000e16a0000)
  to   space 1088K,   0% used [0x00000000e1480000, 0x00000000e1480000, 0x00000000e1590000)
 tenured generation   total 21888K, used 9681K [0x00000000eb2a0000, 0x00000000ec800000, 0x0000000100000000)
   the space 21888K,  44% used [0x00000000eb2a0000, 0x00000000ebc146c0, 0x00000000ebc14800, 0x00000000ec800000)
 Metaspace       used 17651K, capacity 18547K, committed 18688K, reserved 1064960K
  class space    used 2028K, capacity 2271K, committed 2304K, reserved 1048576K
}
Event: 5.102 GC heap after
{Heap after GC invocations=18 (full 0):
 def new generation   total 9792K, used 949K [0x00000000e0c00000, 0x00000000e16a0000, 0x00000000eb2a0000)
  eden space 8704K,   0% used [0x00000000e0c00000, 0x00000000e0c00000, 0x00000000e1480000)
  from space 1088K,  87% used [0x00000000e1480000, 0x00000000e156d508, 0x00000000e1590000)
  to   space 1088K,   0% used [0x00000000e1590000, 0x00000000e1590000, 0x00000000e16a0000)
 tenured generation   total 21888K, used 10738K [0x00000000eb2a0000, 0x00000000ec800000, 0x0000000100000000)
   the space 21888K,  49% used [0x00000000eb2a0000, 0x00000000ebd1c9e0, 0x00000000ebd1ca00, 0x00000000ec800000)
 Metaspace       used 17651K, capacity 18547K, committed 18688K, reserved 1064960K
  class space    used 2028K, capacity 2271K, committed 2304K, reserved 1048576K
}
Event: 5.206 GC heap before
{Heap before GC invocations=18 (full 0):
 def new generation   total 9792K, used 9653K [0x00000000e0c00000, 0x00000000e16a0000, 0x00000000eb2a0000)
  eden space 8704K, 100% used [0x00000000e0c00000, 0x00000000e1480000, 0x00000000e1480000)
  from space 1088K,  87% used [0x00000000e1480000, 0x00000000e156d508, 0x00000000e1590000)
  to   space 1088K,   0% used [0x00000000e1590000, 0x00000000e1590000, 0x00000000e16a0000)
 tenured generation   total 21888K, used 10738K [0x00000000eb2a0000, 0x00000000ec800000, 0x0000000100000000)
   the space 21888K,  49% used [0x00000000eb2a0000, 0x00000000ebd1c9e0, 0x00000000ebd1ca00, 0x00000000ec800000)
 Metaspace       used 17688K, capacity 18553K, committed 18688K, reserved 1064960K
  class space    used 2029K, capacity 2273K, committed 2304K, reserved 1048576K
}
Event: 5.211 GC heap after
{Heap after GC invocations=19 (full 0):
 def new generation   total 9792K, used 538K [0x00000000e0c00000, 0x00000000e16a0000, 0x00000000eb2a0000)
  eden space 8704K,   0% used [0x00000000e0c00000, 0x00000000e0c00000, 0x00000000e1480000)
  from space 1088K,  49% used [0x00000000e1590000, 0x00000000e1616a08, 0x00000000e16a0000)
  to   space 1088K,   0% used [0x00000000e1480000, 0x00000000e1480000, 0x00000000e1590000)
 tenured generation   total 21888K, used 11523K [0x00000000eb2a0000, 0x00000000ec800000, 0x0000000100000000)
   the space 21888K,  52% used [0x00000000eb2a0000, 0x00000000ebde0cc8, 0x00000000ebde0e00, 0x00000000ec800000)
 Metaspace       used 17688K, capacity 18553K, committed 18688K, reserved 1064960K
  class space    used 2029K, capacity 2273K, committed 2304K, reserved 1048576K
}
Event: 5.370 GC heap before
{Heap before GC invocations=19 (full 0):
 def new generation   total 9792K, used 9242K [0x00000000e0c00000, 0x00000000e16a0000, 0x00000000eb2a0000)
  eden space 8704K, 100% used [0x00000000e0c00000, 0x00000000e1480000, 0x00000000e1480000)
  from space 1088K,  49% used [0x00000000e1590000, 0x00000000e1616a08, 0x00000000e16a0000)
  to   space 1088K,   0% used [0x00000000e1480000, 0x00000000e1480000, 0x00000000e1590000)
 tenured generation   total 21888K, used 11523K [0x00000000eb2a0000, 0x00000000ec800000, 0x0000000100000000)
   the space 21888K,  52% used [0x00000000eb2a0000, 0x00000000ebde0cc8, 0x00000000ebde0e00, 0x00000000ec800000)
 Metaspace       used 17839K, capacity 18705K, committed 18944K, reserved 1067008K
  class space    used 2037K, capacity 2281K, committed 2304K, reserved 1048576K
}
Event: 5.373 GC heap after
{Heap after GC invocations=20 (full 0):
 def new generation   total 9792K, used 925K [0x00000000e0c00000, 0x00000000e16a0000, 0x00000000eb2a0000)
  eden space 8704K,   0% used [0x00000000e0c00000, 0x00000000e0c00000, 0x00000000e1480000)
  from space 1088K,  85% used [0x00000000e1480000, 0x00000000e15674f8, 0x00000000e1590000)
  to   space 1088K,   0% used [0x00000000e1590000, 0x00000000e1590000, 0x00000000e16a0000)
 tenured generation   total 21888K, used 11523K [0x00000000eb2a0000, 0x00000000ec800000, 0x0000000100000000)
   the space 21888K,  52% used [0x00000000eb2a0000, 0x00000000ebde0cc8, 0x00000000ebde0e00, 0x00000000ec800000)
 Metaspace       used 17839K, capacity 18705K, committed 18944K, reserved 1067008K
  class space    used 2037K, capacity 2281K, committed 2304K, reserved 1048576K
}

Deoptimization events (20 events):
Event: 5.230 Thread 0x00007f6428014000 DEOPT PACKING pc=0x00007f6418443f8c sp=0x00007f643000b640
Event: 5.230 Thread 0x00007f6428014000 DEOPT UNPACKING pc=0x00007f64109383a5 sp=0x00007f643000b5e0 mode 2
Event: 5.377 Thread 0x00007f6428014000 Uncommon trap: trap_request=0xffffffbe fr.pc=0x00007f6418526e98 relative=0x0000000000000af8
Event: 5.377 Thread 0x00007f6428014000 Uncommon trap: reason=profile_predicate action=maybe_recompile pc=0x00007f6418526e98 method=java.util.TimSort.binarySort([Ljava/lang/Object;IIILjava/util/Comparator;)V @ 73 c2
Event: 5.377 Thread 0x00007f6428014000 DEOPT PACKING pc=0x00007f6418526e98 sp=0x00007f643000bb20
Event: 5.377 Thread 0x00007f6428014000 DEOPT UNPACKING pc=0x00007f64109383a5 sp=0x00007f643000bad0 mode 2
Event: 5.377 Thread 0x00007f6428014000 Uncommon trap: trap_request=0xffffffd6 fr.pc=0x00007f64185271b8 relative=0x0000000000000e18
Event: 5.377 Thread 0x00007f6428014000 Uncommon trap: reason=array_check action=maybe_recompile pc=0x00007f64185271b8 method=java.util.TimSort.binarySort([Ljava/lang/Object;IIILjava/util/Comparator;)V @ 183 c2
Event: 5.377 Thread 0x00007f6428014000 DEOPT PACKING pc=0x00007f64185271b8 sp=0x00007f643000bb20
Event: 5.377 Thread 0x00007f6428014000 DEOPT UNPACKING pc=0x00007f64109383a5 sp=0x00007f643000bac8 mode 2
Event: 5.377 Thread 0x00007f6428014000 Uncommon trap: trap_request=0xffffffbe fr.pc=0x00007f6418526e98 relative=0x0000000000000af8
Event: 5.377 Thread 0x00007f6428014000 Uncommon trap: reason=profile_predicate action=maybe_recompile pc=0x00007f6418526e98 method=java.util.TimSort.binarySort([Ljava/lang/Object;IIILjava/util/Comparator;)V @ 73 c2
Event: 5.377 Thread 0x00007f6428014000 DEOPT PACKING pc=0x00007f6418526e98 sp=0x00007f643000bb20
Event: 5.377 Thread 0x00007f6428014000 DEOPT UNPACKING pc=0x00007f64109383a5 sp=0x00007f643000bad0 mode 2
Event: 5.389 Thread 0x00007f6428014000 DEOPT PACKING pc=0x00007f6411657b30 sp=0x00007f643000b780
Event: 5.389 Thread 0x00007f6428014000 DEOPT UNPACKING pc=0x00007f64109381ba sp=0x00007f643000ac30 mode 0
Event: 5.409 Thread 0x00007f6428014000 DEOPT PACKING pc=0x00007f64110844ad sp=0x00007f6430007180
Event: 5.409 Thread 0x00007f6428014000 DEOPT UNPACKING pc=0x00007f64109381ba sp=0x00007f6430006610 mode 0
Event: 5.472 Thread 0x00007f6428014000 DEOPT PACKING pc=0x00007f641107b202 sp=0x00007f643000b710
Event: 5.472 Thread 0x00007f6428014000 DEOPT UNPACKING pc=0x00007f64109381ba sp=0x00007f643000ac28 mode 0

Classes redefined (0 events):
No events

Internal exceptions (12 events):
Event: 0.199 Thread 0x00007f6428014000 Exception <a 'java/lang/NoSuchMethodError'{0x00000000e0f1db68}: 'int java.lang.invoke.DirectMethodHandle$Holder.invokeSpecialIFC(java.lang.Object, java.lang.Object, int)'> (0x00000000e0f1db68) thrown at [/build/openjdk-11-11.0.6+10/src/hotspot/share/inter
Event: 2.041 Thread 0x00007f6428014000 Exception <a 'java/lang/NoClassDefFoundError'{0x00000000e0fa2bc8}: com/google/inject/servlet/ServletModuleTargetVisitor> (0x00000000e0fa2bc8) thrown at [/build/openjdk-11-11.0.6+10/src/hotspot/share/classfile/systemDictionary.cpp, line 220]
Event: 2.041 Thread 0x00007f6428014000 Exception <a 'java/lang/NoClassDefFoundError'{0x00000000e0fa2bc8}> (0x00000000e0fa2bc8) thrown at [/build/openjdk-11-11.0.6+10/src/hotspot/share/prims/jvm.cpp, line 1301]
Event: 2.042 Thread 0x00007f6428014000 Exception <a 'java/lang/NoClassDefFoundError'{0x00000000e0fa5708}: javax/annotation/Priority> (0x00000000e0fa5708) thrown at [/build/openjdk-11-11.0.6+10/src/hotspot/share/classfile/systemDictionary.cpp, line 220]
Event: 2.790 Thread 0x00007f6428014000 Implicit null exception at 0x00007f641843c185 to 0x00007f641843c35e
Event: 2.790 Thread 0x00007f6428014000 Implicit null exception at 0x00007f6418452dcb to 0x00007f6418453276
Event: 4.493 Thread 0x00007f6428014000 Exception <a 'java/lang/NoSuchMethodError'{0x00000000e0d6aab8}: 'java.lang.Object java.lang.invoke.DirectMethodHandle$Holder.invokeStatic(java.lang.Object, java.lang.Object, java.lang.Object, java.lang.Object, java.lang.Object, java.lang.Object, java.lang
Event: 4.495 Thread 0x00007f6428014000 Exception <a 'java/lang/NoSuchMethodError'{0x00000000e0d78d78}: 'java.lang.Object java.lang.invoke.DirectMethodHandle$Holder.invokeStatic(java.lang.Object, java.lang.Object, java.lang.Object, java.lang.Object, java.lang.Object, java.lang.Object, java.lang
Event: 4.497 Thread 0x00007f6428014000 Exception <a 'java/lang/NoSuchMethodError'{0x00000000e0d86c90}: 'java.lang.Object java.lang.invoke.DirectMethodHandle$Holder.invokeSpecial(java.lang.Object, java.lang.Object, int, int, java.lang.Object, java.lang.Object, java.lang.Object)'> (0x00000000e0d
Event: 4.497 Thread 0x00007f6428014000 Exception <a 'java/lang/NoSuchMethodError'{0x00000000e0d8a4c8}: 'java.lang.Object java.lang.invoke.DelegatingMethodHandle$Holder.reinvoke_L(java.lang.Object, int, int, java.lang.Object, java.lang.Object, java.lang.Object)'> (0x00000000e0d8a4c8) thrown at 
Event: 4.498 Thread 0x00007f6428014000 Exception <a 'java/lang/NoSuchMethodError'{0x00000000e0d8eaf8}: 'java.lang.Object java.lang.invoke.DirectMethodHandle$Holder.invokeStatic(java.lang.Object, java.lang.Object, java.lang.Object, java.lang.Object, int)'> (0x00000000e0d8eaf8) thrown at [/build
Event: 4.832 Thread 0x00007f6428014000 Exception <a 'java/lang/NoSuchMethodError'{0x00000000e0cc8d60}: 'java.lang.Object java.lang.invoke.DirectMethodHandle$Holder.invokeStatic(java.lang.Object, int, java.lang.Object)'> (0x00000000e0cc8d60) thrown at [/build/openjdk-11-11.0.6+10/src/hotspot/sh

Events (20 events):
Event: 5.535 loading class com/google/cloud/tools/managedcloudsdk/ManagedCloudSdk$1
Event: 5.535 loading class com/google/cloud/tools/managedcloudsdk/ManagedCloudSdk$1 done
Event: 5.535 loading class com/google/cloud/tools/managedcloudsdk/ManagedCloudSdk$1
Event: 5.535 loading class com/google/cloud/tools/managedcloudsdk/ManagedCloudSdk$1 done
Event: 5.536 loading class com/google/cloud/tools/maven/cloudsdk/NoOpProgressListener
Event: 5.536 loading class com/google/cloud/tools/maven/cloudsdk/NoOpProgressListener done
Event: 5.536 loading class com/google/cloud/tools/maven/cloudsdk/NoOpProgressListener
Event: 5.536 loading class com/google/cloud/tools/maven/cloudsdk/NoOpProgressListener done
Event: 5.536 loading class com/google/cloud/tools/maven/cloudsdk/CloudSdkDownloaderConsoleListener
Event: 5.536 loading class com/google/cloud/tools/maven/cloudsdk/CloudSdkDownloaderConsoleListener done
Event: 5.536 loading class com/google/cloud/tools/maven/cloudsdk/CloudSdkDownloaderConsoleListener
Event: 5.536 loading class com/google/cloud/tools/maven/cloudsdk/CloudSdkDownloaderConsoleListener done
Event: 5.537 loading class com/google/cloud/tools/managedcloudsdk/command/CommandCaller
Event: 5.537 loading class com/google/cloud/tools/managedcloudsdk/command/CommandCaller done
Event: 5.537 loading class com/google/cloud/tools/managedcloudsdk/command/CommandCaller
Event: 5.537 loading class com/google/cloud/tools/managedcloudsdk/command/CommandCaller done
Event: 5.537 loading class com/google/cloud/tools/managedcloudsdk/process/AsyncStreamHandler
Event: 5.537 loading class com/google/cloud/tools/managedcloudsdk/process/AsyncStreamHandler done
Event: 5.537 loading class com/google/cloud/tools/managedcloudsdk/process/AsyncStreamHandler
Event: 5.537 loading class com/google/cloud/tools/managedcloudsdk/process/AsyncStreamHandler done


Dynamic libraries:
e0c00000-e16a0000 rw-p 00000000 00:00 0 
e16a0000-eb2a0000 ---p 00000000 00:00 0 
eb2a0000-ec800000 rw-p 00000000 00:00 0 
ec800000-100000000 ---p 00000000 00:00 0 
800000000-800002000 rwxp 00001000 08:01 2118409                          /usr/lib/jvm/java-11-openjdk-amd64/lib/server/classes.jsa
800002000-8003b7000 rw-p 00003000 08:01 2118409                          /usr/lib/jvm/java-11-openjdk-amd64/lib/server/classes.jsa
8003b7000-800a8a000 r--p 003b8000 08:01 2118409                          /usr/lib/jvm/java-11-openjdk-amd64/lib/server/classes.jsa
800a8a000-800a8b000 rw-p 00a8b000 08:01 2118409                          /usr/lib/jvm/java-11-openjdk-amd64/lib/server/classes.jsa
800a8b000-801095000 r--p 00a8c000 08:01 2118409                          /usr/lib/jvm/java-11-openjdk-amd64/lib/server/classes.jsa
840000000-840260000 rw-p 00000000 00:00 0 
840260000-880000000 ---p 00000000 00:00 0 
5588a62a9000-5588a62aa000 r-xp 00000000 08:01 2118040                    /usr/lib/jvm/java-11-openjdk-amd64/bin/java
5588a64aa000-5588a64ab000 r--p 00001000 08:01 2118040                    /usr/lib/jvm/java-11-openjdk-amd64/bin/java
5588a64ab000-5588a64ac000 rw-p 00002000 08:01 2118040                    /usr/lib/jvm/java-11-openjdk-amd64/bin/java
5588a83ca000-5588a840c000 rw-p 00000000 00:00 0                          [heap]
7f63e0000000-7f63e0021000 rw-p 00000000 00:00 0 
7f63e0021000-7f63e4000000 ---p 00000000 00:00 0 
7f63e8000000-7f63e8021000 rw-p 00000000 00:00 0 
7f63e8021000-7f63ec000000 ---p 00000000 00:00 0 
7f63ec000000-7f63ec021000 rw-p 00000000 00:00 0 
7f63ec021000-7f63f0000000 ---p 00000000 00:00 0 
7f63f0000000-7f63f062e000 rw-p 00000000 00:00 0 
7f63f062e000-7f63f4000000 ---p 00000000 00:00 0 
7f63f4000000-7f63f4021000 rw-p 00000000 00:00 0 
7f63f4021000-7f63f8000000 ---p 00000000 00:00 0 
7f63f8000000-7f63f8021000 rw-p 00000000 00:00 0 
7f63f8021000-7f63fc000000 ---p 00000000 00:00 0 
7f63fc000000-7f63fcac7000 rw-p 00000000 00:00 0 
7f63fcac7000-7f6400000000 ---p 00000000 00:00 0 
7f6400000000-7f6400021000 rw-p 00000000 00:00 0 
7f6400021000-7f6404000000 ---p 00000000 00:00 0 
7f6404000000-7f6404021000 rw-p 00000000 00:00 0 
7f6404021000-7f6408000000 ---p 00000000 00:00 0 
7f6408000000-7f640803f000 rw-p 00000000 00:00 0 
7f640803f000-7f640c000000 ---p 00000000 00:00 0 
7f640e206000-7f640e286000 rw-p 00000000 00:00 0 
7f640e286000-7f640e406000 ---p 00000000 00:00 0 
7f640e406000-7f640e606000 rw-p 00000000 00:00 0 
7f640e606000-7f640e806000 rw-p 00000000 00:00 0 
7f640e806000-7f640ea06000 rw-p 00000000 00:00 0 
7f640ea06000-7f640ec06000 rw-p 00000000 00:00 0 
7f640ec06000-7f640ec08000 r-xp 00000000 08:01 1843038                    /lib/x86_64-linux-gnu/libutil-2.24.so
7f640ec08000-7f640ee07000 ---p 00002000 08:01 1843038                    /lib/x86_64-linux-gnu/libutil-2.24.so
7f640ee07000-7f640ee08000 r--p 00001000 08:01 1843038                    /lib/x86_64-linux-gnu/libutil-2.24.so
7f640ee08000-7f640ee09000 rw-p 00002000 08:01 1843038                    /lib/x86_64-linux-gnu/libutil-2.24.so
7f640ee09000-7f640ee0c000 r-xp 00000000 08:01 1993728                    /opt/maven/lib/jansi-native/linux64/libjansi.so
7f640ee0c000-7f640f00b000 ---p 00003000 08:01 1993728                    /opt/maven/lib/jansi-native/linux64/libjansi.so
7f640f00b000-7f640f00c000 rw-p 00002000 08:01 1993728                    /opt/maven/lib/jansi-native/linux64/libjansi.so
7f640f00c000-7f640f03d000 rw-p 00000000 00:00 0 
7f640f03d000-7f640f053000 r-xp 00000000 08:01 2118388                    /usr/lib/jvm/java-11-openjdk-amd64/lib/libnet.so
7f640f053000-7f640f252000 ---p 00016000 08:01 2118388                    /usr/lib/jvm/java-11-openjdk-amd64/lib/libnet.so
7f640f252000-7f640f253000 r--p 00015000 08:01 2118388                    /usr/lib/jvm/java-11-openjdk-amd64/lib/libnet.so
7f640f253000-7f640f254000 rw-p 00016000 08:01 2118388                    /usr/lib/jvm/java-11-openjdk-amd64/lib/libnet.so
7f640f254000-7f640f264000 r-xp 00000000 08:01 2118389                    /usr/lib/jvm/java-11-openjdk-amd64/lib/libnio.so
7f640f264000-7f640f463000 ---p 00010000 08:01 2118389                    /usr/lib/jvm/java-11-openjdk-amd64/lib/libnio.so
7f640f463000-7f640f464000 r--p 0000f000 08:01 2118389                    /usr/lib/jvm/java-11-openjdk-amd64/lib/libnio.so
7f640f464000-7f640f465000 rw-p 00010000 08:01 2118389                    /usr/lib/jvm/java-11-openjdk-amd64/lib/libnio.so
7f640f465000-7f640f469000 ---p 00000000 00:00 0 
7f640f469000-7f640f566000 rw-p 00000000 00:00 0 
7f640f566000-7f640f567000 ---p 00000000 00:00 0 
7f640f567000-7f640f668000 rw-p 00000000 00:00 0 
7f640f668000-7f640f66c000 ---p 00000000 00:00 0 
7f640f66c000-7f640f769000 rw-p 00000000 00:00 0 
7f640f769000-7f640f76d000 ---p 00000000 00:00 0 
7f640f76d000-7f640f86a000 rw-p 00000000 00:00 0 
7f640f86a000-7f640f86e000 ---p 00000000 00:00 0 
7f640f86e000-7f640f96b000 rw-p 00000000 00:00 0 
7f640f96b000-7f640f96f000 ---p 00000000 00:00 0 
7f640f96f000-7f640fa6c000 rw-p 00000000 00:00 0 
7f640fa6c000-7f640fa70000 ---p 00000000 00:00 0 
7f640fa70000-7f640fb6d000 rw-p 00000000 00:00 0 
7f640fb6d000-7f640fd08000 r--p 00000000 08:01 1850658                    /usr/lib/locale/locale-archive
7f640fd08000-7f640fd0c000 ---p 00000000 00:00 0 
7f640fd0c000-7f640fe09000 rw-p 00000000 00:00 0 
7f640fe09000-7f640fe0d000 ---p 00000000 00:00 0 
7f640fe0d000-7f640ff0a000 rw-p 00000000 00:00 0 
7f640ff0a000-7f640ff0b000 ---p 00000000 00:00 0 
7f640ff0b000-7f6410910000 rw-p 00000000 00:00 0 
7f6410910000-7f6410b80000 rwxp 00000000 00:00 0 
7f6410b80000-7f6410e9f000 ---p 00000000 00:00 0 
7f6410e9f000-7f641169f000 rwxp 00000000 00:00 0 
7f641169f000-7f64183d7000 ---p 00000000 00:00 0 
7f64183d7000-7f6418647000 rwxp 00000000 00:00 0 
7f6418647000-7f641f910000 ---p 00000000 00:00 0 
7f641f910000-7f6428000000 r--s 00000000 08:01 2118399                    /usr/lib/jvm/java-11-openjdk-amd64/lib/modules
7f6428000000-7f6428ec2000 rw-p 00000000 00:00 0 
7f6428ec2000-7f642c000000 ---p 00000000 00:00 0 
7f642c020000-7f642c047000 rw-p 00000000 00:00 0 
7f642c047000-7f642c094000 ---p 00000000 00:00 0 
7f642c094000-7f642c09f000 rw-p 00000000 00:00 0 
7f642c09f000-7f642c13b000 ---p 00000000 00:00 0 
7f642c13b000-7f642c141000 rw-p 00000000 00:00 0 
7f642c141000-7f642c227000 ---p 00000000 00:00 0 
7f642c227000-7f642c237000 rw-p 00000000 00:00 0 
7f642c237000-7f642c312000 ---p 00000000 00:00 0 
7f642c312000-7f642c317000 r-xp 00000000 08:01 2118380                    /usr/lib/jvm/java-11-openjdk-amd64/lib/libjimage.so
7f642c317000-7f642c516000 ---p 00005000 08:01 2118380                    /usr/lib/jvm/java-11-openjdk-amd64/lib/libjimage.so
7f642c516000-7f642c517000 r--p 00004000 08:01 2118380                    /usr/lib/jvm/java-11-openjdk-amd64/lib/libjimage.so
7f642c517000-7f642c518000 rw-p 00005000 08:01 2118380                    /usr/lib/jvm/java-11-openjdk-amd64/lib/libjimage.so
7f642c518000-7f642c51f000 r-xp 00000000 08:01 2118398                    /usr/lib/jvm/java-11-openjdk-amd64/lib/libzip.so
7f642c51f000-7f642c71e000 ---p 00007000 08:01 2118398                    /usr/lib/jvm/java-11-openjdk-amd64/lib/libzip.so
7f642c71e000-7f642c71f000 r--p 00006000 08:01 2118398                    /usr/lib/jvm/java-11-openjdk-amd64/lib/libzip.so
7f642c71f000-7f642c720000 rw-p 00007000 08:01 2118398                    /usr/lib/jvm/java-11-openjdk-amd64/lib/libzip.so
7f642c720000-7f642c72a000 r-xp 00000000 08:01 1843001                    /lib/x86_64-linux-gnu/libnss_files-2.24.so
7f642c72a000-7f642c92a000 ---p 0000a000 08:01 1843001                    /lib/x86_64-linux-gnu/libnss_files-2.24.so
7f642c92a000-7f642c92b000 r--p 0000a000 08:01 1843001                    /lib/x86_64-linux-gnu/libnss_files-2.24.so
7f642c92b000-7f642c92c000 rw-p 0000b000 08:01 1843001                    /lib/x86_64-linux-gnu/libnss_files-2.24.so
7f642c92c000-7f642c932000 rw-p 00000000 00:00 0 
7f642c932000-7f642c93d000 r-xp 00000000 08:01 1843005                    /lib/x86_64-linux-gnu/libnss_nis-2.24.so
7f642c93d000-7f642cb3c000 ---p 0000b000 08:01 1843005                    /lib/x86_64-linux-gnu/libnss_nis-2.24.so
7f642cb3c000-7f642cb3d000 r--p 0000a000 08:01 1843005                    /lib/x86_64-linux-gnu/libnss_nis-2.24.so
7f642cb3d000-7f642cb3e000 rw-p 0000b000 08:01 1843005                    /lib/x86_64-linux-gnu/libnss_nis-2.24.so
7f642cb3e000-7f642cb52000 r-xp 00000000 08:01 1842995                    /lib/x86_64-linux-gnu/libnsl-2.24.so
7f642cb52000-7f642cd52000 ---p 00014000 08:01 1842995                    /lib/x86_64-linux-gnu/libnsl-2.24.so
7f642cd52000-7f642cd53000 r--p 00014000 08:01 1842995                    /lib/x86_64-linux-gnu/libnsl-2.24.so
7f642cd53000-7f642cd54000 rw-p 00015000 08:01 1842995                    /lib/x86_64-linux-gnu/libnsl-2.24.so
7f642cd54000-7f642cd56000 rw-p 00000000 00:00 0 
7f642cd56000-7f642cd5d000 r-xp 00000000 08:01 1842997                    /lib/x86_64-linux-gnu/libnss_compat-2.24.so
7f642cd5d000-7f642cf5c000 ---p 00007000 08:01 1842997                    /lib/x86_64-linux-gnu/libnss_compat-2.24.so
7f642cf5c000-7f642cf5d000 r--p 00006000 08:01 1842997                    /lib/x86_64-linux-gnu/libnss_compat-2.24.so
7f642cf5d000-7f642cf5e000 rw-p 00007000 08:01 1842997                    /lib/x86_64-linux-gnu/libnss_compat-2.24.so
7f642cf5e000-7f642cf87000 r-xp 00000000 08:01 2118376                    /usr/lib/jvm/java-11-openjdk-amd64/lib/libjava.so
7f642cf87000-7f642d186000 ---p 00029000 08:01 2118376                    /usr/lib/jvm/java-11-openjdk-amd64/lib/libjava.so
7f642d186000-7f642d187000 r--p 00028000 08:01 2118376                    /usr/lib/jvm/java-11-openjdk-amd64/lib/libjava.so
7f642d187000-7f642d189000 rw-p 00029000 08:01 2118376                    /usr/lib/jvm/java-11-openjdk-amd64/lib/libjava.so
7f642d189000-7f642d196000 r-xp 00000000 08:01 2118397                    /usr/lib/jvm/java-11-openjdk-amd64/lib/libverify.so
7f642d196000-7f642d395000 ---p 0000d000 08:01 2118397                    /usr/lib/jvm/java-11-openjdk-amd64/lib/libverify.so
7f642d395000-7f642d397000 r--p 0000c000 08:01 2118397                    /usr/lib/jvm/java-11-openjdk-amd64/lib/libverify.so
7f642d397000-7f642d398000 rw-p 0000e000 08:01 2118397                    /usr/lib/jvm/java-11-openjdk-amd64/lib/libverify.so
7f642d398000-7f642d39f000 r-xp 00000000 08:01 1843022                    /lib/x86_64-linux-gnu/librt-2.24.so
7f642d39f000-7f642d59e000 ---p 00007000 08:01 1843022                    /lib/x86_64-linux-gnu/librt-2.24.so
7f642d59e000-7f642d59f000 r--p 00006000 08:01 1843022                    /lib/x86_64-linux-gnu/librt-2.24.so
7f642d59f000-7f642d5a0000 rw-p 00007000 08:01 1843022                    /lib/x86_64-linux-gnu/librt-2.24.so
7f642d5a0000-7f642d5b6000 r-xp 00000000 08:01 1842975                    /lib/x86_64-linux-gnu/libgcc_s.so.1
7f642d5b6000-7f642d7b5000 ---p 00016000 08:01 1842975                    /lib/x86_64-linux-gnu/libgcc_s.so.1
7f642d7b5000-7f642d7b6000 r--p 00015000 08:01 1842975                    /lib/x86_64-linux-gnu/libgcc_s.so.1
7f642d7b6000-7f642d7b7000 rw-p 00016000 08:01 1842975                    /lib/x86_64-linux-gnu/libgcc_s.so.1
7f642d7b7000-7f642d8ba000 r-xp 00000000 08:01 1842984                    /lib/x86_64-linux-gnu/libm-2.24.so
7f642d8ba000-7f642dab9000 ---p 00103000 08:01 1842984                    /lib/x86_64-linux-gnu/libm-2.24.so
7f642dab9000-7f642daba000 r--p 00102000 08:01 1842984                    /lib/x86_64-linux-gnu/libm-2.24.so
7f642daba000-7f642dabb000 rw-p 00103000 08:01 1842984                    /lib/x86_64-linux-gnu/libm-2.24.so
7f642dabb000-7f642dc2d000 r-xp 00000000 08:01 1843740                    /usr/lib/x86_64-linux-gnu/libstdc++.so.6.0.22
7f642dc2d000-7f642de2d000 ---p 00172000 08:01 1843740                    /usr/lib/x86_64-linux-gnu/libstdc++.so.6.0.22
7f642de2d000-7f642de37000 r--p 00172000 08:01 1843740                    /usr/lib/x86_64-linux-gnu/libstdc++.so.6.0.22
7f642de37000-7f642de39000 rw-p 0017c000 08:01 1843740                    /usr/lib/x86_64-linux-gnu/libstdc++.so.6.0.22
7f642de39000-7f642de3d000 rw-p 00000000 00:00 0 
7f642de3d000-7f642eec5000 r-xp 00000000 08:01 2118411                    /usr/lib/jvm/java-11-openjdk-amd64/lib/server/libjvm.so
7f642eec5000-7f642f0c4000 ---p 01088000 08:01 2118411                    /usr/lib/jvm/java-11-openjdk-amd64/lib/server/libjvm.so
7f642f0c4000-7f642f181000 r--p 01087000 08:01 2118411                    /usr/lib/jvm/java-11-openjdk-amd64/lib/server/libjvm.so
7f642f181000-7f642f1bb000 rw-p 01144000 08:01 2118411                    /usr/lib/jvm/java-11-openjdk-amd64/lib/server/libjvm.so
7f642f1bb000-7f642f211000 rw-p 00000000 00:00 0 
7f642f211000-7f642f3a6000 r-xp 00000000 08:01 1842955                    /lib/x86_64-linux-gnu/libc-2.24.so
7f642f3a6000-7f642f5a6000 ---p 00195000 08:01 1842955                    /lib/x86_64-linux-gnu/libc-2.24.so
7f642f5a6000-7f642f5aa000 r--p 00195000 08:01 1842955                    /lib/x86_64-linux-gnu/libc-2.24.so
7f642f5aa000-7f642f5ac000 rw-p 00199000 08:01 1842955                    /lib/x86_64-linux-gnu/libc-2.24.so
7f642f5ac000-7f642f5b0000 rw-p 00000000 00:00 0 
7f642f5b0000-7f642f5b3000 r-xp 00000000 08:01 1842967                    /lib/x86_64-linux-gnu/libdl-2.24.so
7f642f5b3000-7f642f7b2000 ---p 00003000 08:01 1842967                    /lib/x86_64-linux-gnu/libdl-2.24.so
7f642f7b2000-7f642f7b3000 r--p 00002000 08:01 1842967                    /lib/x86_64-linux-gnu/libdl-2.24.so
7f642f7b3000-7f642f7b4000 rw-p 00003000 08:01 1842967                    /lib/x86_64-linux-gnu/libdl-2.24.so
7f642f7b4000-7f642f7c3000 r-xp 00000000 08:01 2118358                    /usr/lib/jvm/java-11-openjdk-amd64/lib/jli/libjli.so
7f642f7c3000-7f642f9c2000 ---p 0000f000 08:01 2118358                    /usr/lib/jvm/java-11-openjdk-amd64/lib/jli/libjli.so
7f642f9c2000-7f642f9c3000 r--p 0000e000 08:01 2118358                    /usr/lib/jvm/java-11-openjdk-amd64/lib/jli/libjli.so
7f642f9c3000-7f642f9c4000 rw-p 0000f000 08:01 2118358                    /usr/lib/jvm/java-11-openjdk-amd64/lib/jli/libjli.so
7f642f9c4000-7f642f9dc000 r-xp 00000000 08:01 1843018                    /lib/x86_64-linux-gnu/libpthread-2.24.so
7f642f9dc000-7f642fbdb000 ---p 00018000 08:01 1843018                    /lib/x86_64-linux-gnu/libpthread-2.24.so
7f642fbdb000-7f642fbdc000 r--p 00017000 08:01 1843018                    /lib/x86_64-linux-gnu/libpthread-2.24.so
7f642fbdc000-7f642fbdd000 rw-p 00018000 08:01 1843018                    /lib/x86_64-linux-gnu/libpthread-2.24.so
7f642fbdd000-7f642fbe1000 rw-p 00000000 00:00 0 
7f642fbe1000-7f642fbfa000 r-xp 00000000 08:01 1843043                    /lib/x86_64-linux-gnu/libz.so.1.2.8
7f642fbfa000-7f642fdf9000 ---p 00019000 08:01 1843043                    /lib/x86_64-linux-gnu/libz.so.1.2.8
7f642fdf9000-7f642fdfa000 r--p 00018000 08:01 1843043                    /lib/x86_64-linux-gnu/libz.so.1.2.8
7f642fdfa000-7f642fdfb000 rw-p 00019000 08:01 1843043                    /lib/x86_64-linux-gnu/libz.so.1.2.8
7f642fdfb000-7f642fe1e000 r-xp 00000000 08:01 1842937                    /lib/x86_64-linux-gnu/ld-2.24.so
7f642fe38000-7f642fe64000 rw-p 00000000 00:00 0 
7f642fe64000-7f642ff00000 ---p 00000000 00:00 0 
7f642ff00000-7f642ff05000 rw-p 00000000 00:00 0 
7f642ff05000-7f642ff0c000 ---p 00000000 00:00 0 
7f642ff0c000-7f642ff0e000 r--s 00007000 08:01 2379129                    /usr/share/java/java-atk-wrapper.jar
7f642ff0e000-7f642ff12000 ---p 00000000 00:00 0 
7f642ff12000-7f6430013000 rw-p 00000000 00:00 0 
7f6430014000-7f643001c000 rw-s 00000000 08:01 411604                     /tmp/hsperfdata_tanzachary/4807
7f643001c000-7f643001d000 ---p 00000000 00:00 0 
7f643001d000-7f643001e000 r--p 00000000 00:00 0 
7f643001e000-7f643001f000 r--p 00023000 08:01 1842937                    /lib/x86_64-linux-gnu/ld-2.24.so
7f643001f000-7f6430020000 rw-p 00024000 08:01 1842937                    /lib/x86_64-linux-gnu/ld-2.24.so
7f6430020000-7f6430021000 rw-p 00000000 00:00 0 
7fffbe2a6000-7fffbe2c7000 rw-p 00000000 00:00 0                          [stack]
7fffbe3b0000-7fffbe3b3000 r--p 00000000 00:00 0                          [vvar]
7fffbe3b3000-7fffbe3b5000 r-xp 00000000 00:00 0                          [vdso]
ffffffffff600000-ffffffffff601000 r-xp 00000000 00:00 0                  [vsyscall]


VM Arguments:
jvm_args: -Dclassworlds.conf=/opt/maven/bin/m2.conf -Dmaven.home=/opt/maven -Dlibrary.jansi.path=/opt/maven/lib/jansi-native -Dmaven.multiModuleProjectDirectory=/home/tanzachary/step/portfolio 
java_command: org.codehaus.plexus.classworlds.launcher.Launcher package appengine:run
java_class_path (initial): /opt/maven/boot/plexus-classworlds-2.6.0.jar
Launcher Type: SUN_STANDARD

[Global flags]
     intx CICompilerCount                          = 2                                         {product} {ergonomic}
   size_t InitialHeapSize                          = 33554432                                  {product} {ergonomic}
   size_t MaxHeapSize                              = 524288000                                 {product} {ergonomic}
   size_t MaxNewSize                               = 174718976                                 {product} {ergonomic}
   size_t MinHeapDeltaBytes                        = 196608                                    {product} {ergonomic}
   size_t NewSize                                  = 11141120                                  {product} {ergonomic}
    uintx NonNMethodCodeHeapSize                   = 5825164                                {pd product} {ergonomic}
    uintx NonProfiledCodeHeapSize                  = 122916538                              {pd product} {ergonomic}
   size_t OldSize                                  = 22413312                                  {product} {ergonomic}
    uintx ProfiledCodeHeapSize                     = 122916538                              {pd product} {ergonomic}
    uintx ReservedCodeCacheSize                    = 251658240                              {pd product} {ergonomic}
     bool SegmentedCodeCache                       = true                                      {product} {ergonomic}
     bool UseCompressedClassPointers               = true                                 {lp64_product} {ergonomic}
     bool UseCompressedOops                        = true                                 {lp64_product} {ergonomic}
     bool UseSerialGC                              = true                                      {product} {ergonomic}

Logging:
Log output configuration:
 #0: stdout all=warning uptime,level,tags
 #1: stderr all=off uptime,level,tags

Environment Variables:
JAVA_HOME=/usr/lib/jvm/java-11-openjdk-amd64
PATH=/home/tanzachary/step/portfolio/node_modules/.bin:/home/tanzachary/gopath/bin:/google/gopath/bin:/home/tanzachary/.gems/bin:/usr/local/go/bin:/opt/gradle/bin:/opt/maven/bin:/usr/local/sbin:/usr/local/bin:/usr/sbin:/usr/bin:/sbin:/bin:/usr/local/nvm/versions/node/v10.14.2/bin:/google/go_appengine:/google/google_appengine:/google/migrate/anthos/
SHELL=/bin/bash

Signal Handlers:
SIGSEGV: [libjvm.so+0xd9bff0], sa_mask[0]=11111111011111111101111111111110, sa_flags=SA_RESTART|SA_SIGINFO
SIGBUS: [libjvm.so+0xd9bff0], sa_mask[0]=11111111011111111101111111111110, sa_flags=SA_RESTART|SA_SIGINFO
SIGFPE: [libjvm.so+0xd9bff0], sa_mask[0]=11111111011111111101111111111110, sa_flags=SA_RESTART|SA_SIGINFO
SIGPIPE: [libjvm.so+0xb8fcf0], sa_mask[0]=11111111011111111101111111111110, sa_flags=SA_RESTART|SA_SIGINFO
SIGXFSZ: [libjvm.so+0xb8fcf0], sa_mask[0]=11111111011111111101111111111110, sa_flags=SA_RESTART|SA_SIGINFO
SIGILL: [libjvm.so+0xd9bff0], sa_mask[0]=11111111011111111101111111111110, sa_flags=SA_RESTART|SA_SIGINFO
SIGUSR2: [libjvm.so+0xb8fb90], sa_mask[0]=00000000000000000000000000000000, sa_flags=SA_RESTART|SA_SIGINFO
SIGHUP: [libjvm.so+0xb8fef0], sa_mask[0]=11111111011111111101111111111110, sa_flags=SA_RESTART|SA_SIGINFO
SIGINT: [libjvm.so+0xb8fef0], sa_mask[0]=11111111011111111101111111111110, sa_flags=SA_RESTART|SA_SIGINFO
SIGTERM: [libjvm.so+0xb8fef0], sa_mask[0]=11111111011111111101111111111110, sa_flags=SA_RESTART|SA_SIGINFO
SIGQUIT: [libjvm.so+0xb8fef0], sa_mask[0]=11111111011111111101111111111110, sa_flags=SA_RESTART|SA_SIGINFO


---------------  S Y S T E M  ---------------

OS:PRETTY_NAME="Debian GNU/Linux 9 (stretch)"
NAME="Debian GNU/Linux"
VERSION_ID="9"
VERSION="9 (stretch)"
VERSION_CODENAME=stretch
ID=debian
HOME_URL="https://www.debian.org/"
SUPPORT_URL="https://www.debian.org/support"
BUG_REPORT_URL="https://bugs.debian.org/"
uname:Linux 4.19.112+ #1 SMP Wed May 6 00:27:44 PDT 2020 x86_64
libc:glibc 2.24 NPTL 2.24 
rlimit: STACK 8192k, CORE infinity, NPROC infinity, NOFILE 1048576, AS infinity, DATA infinity, FSIZE infinity
load average:1.15 1.15 0.86

/proc/meminfo:
MemTotal:        2043884 kB
MemFree:          166208 kB
MemAvailable:     874948 kB
Buffers:           73776 kB
Cached:           654180 kB
SwapCached:          740 kB
Active:           831276 kB
Inactive:         733292 kB
Active(anon):     405044 kB
Inactive(anon):   409136 kB
Active(file):     426232 kB
Inactive(file):   324156 kB
Unevictable:           0 kB
Mlocked:               0 kB
SwapTotal:        786428 kB
SwapFree:         700668 kB
Dirty:              1772 kB
Writeback:             0 kB
AnonPages:        836044 kB
Mapped:           390956 kB
Shmem:               820 kB
Slab:             197232 kB
SReclaimable:     145992 kB
SUnreclaim:        51240 kB
KernelStack:        7984 kB
PageTables:        13228 kB
NFS_Unstable:          0 kB
Bounce:                0 kB
WritebackTmp:          0 kB
CommitLimit:     1808368 kB
Committed_AS:    5044564 kB
VmallocTotal:   34359738367 kB
VmallocUsed:           0 kB
VmallocChunk:          0 kB
Percpu:              968 kB
AnonHugePages:      2048 kB
ShmemHugePages:        0 kB
ShmemPmdMapped:        0 kB
HugePages_Total:       0
HugePages_Free:        0
HugePages_Rsvd:        0
HugePages_Surp:        0
Hugepagesize:       2048 kB
Hugetlb:               0 kB
DirectMap4k:       85180 kB
DirectMap2M:     2011136 kB
DirectMap1G:           0 kB


/proc/sys/kernel/threads-max (system-wide limit on the number of threads):
15631


/proc/sys/vm/max_map_count (maximum number of memory map areas a process may have):
65530


/proc/sys/kernel/pid_max (system-wide limit on number of process identifiers):
4194304



container (cgroup) information:
container_type: cgroupv1
cpu_cpuset_cpus: 0-1
cpu_memory_nodes: 0
active_processor_count: 1
cpu_quota: -1
cpu_period: 100000
cpu_shares: 2
memory_limit_in_bytes: -1
memory_and_swap_limit_in_bytes: -1
memory_soft_limit_in_bytes: -1
memory_usage_in_bytes: 558399488
memory_max_usage_in_bytes: 684109824

KVM virtualization detected
Steal ticks since vm start: 0
Steal ticks percentage since vm start:  0.000

CPU:total 2 (initial active 1) (1 cores per cpu, 2 threads per core) family 6 model 63 stepping 0, cmov, cx8, fxsr, mmx, sse, sse2, sse3, ssse3, sse4.1, sse4.2, popcnt, avx, avx2, aes, clmul, erms, lzcnt, ht, tsc, tscinvbit, bmi1, bmi2, fma
CPU Model and flags from /proc/cpuinfo:
model name	: Intel(R) Xeon(R) CPU @ 2.30GHz
flags		: fpu vme de pse tsc msr pae mce cx8 apic sep mtrr pge mca cmov pat pse36 clflush mmx fxsr sse sse2 ss ht syscall nx pdpe1gb rdtscp lm constant_tsc rep_good nopl xtopology nonstop_tsc cpuid tsc_known_freq pni pclmulqdq ssse3 fma cx16 pcid sse4_1 sse4_2 x2apic movbe popcnt aes xsave avx f16c rdrand hypervisor lahf_lm abm invpcid_single pti ssbd ibrs ibpb stibp fsgsbase tsc_adjust bmi1 avx2 smep bmi2 erms invpcid xsaveopt arat md_clear arch_capabilities

Memory: 4k page, physical 2043884k(166208k free), swap 786428k(700668k free)

vm_info: OpenJDK 64-Bit Server VM (11.0.6+10-post-Debian-1bpo91) for linux-amd64 JRE (11.0.6+10-post-Debian-1bpo91), built on Feb  1 2020 09:07:43 by "unknown" with gcc 6.3.0 20170516

END.
