#
# A fatal error has been detected by the Java Runtime Environment:
#
#  SIGSEGV (0xb) at pc=0x00007f7398e13bc0, pid=3673, tid=3673
#
# JRE version: OpenJDK Runtime Environment (11.0.6+10) (build 11.0.6+10-post-Debian-1bpo91)
# Java VM: OpenJDK 64-Bit Server VM (11.0.6+10-post-Debian-1bpo91, mixed mode, sharing, tiered, compressed oops, serial gc, linux-amd64)
# Problematic frame:
# V  [libjvm.so+0xb8fbc0]
#
# Core dump will be written. Default location: Core dumps may be processed with "/sbin/crash_reporter --user=%P:%s:%u:%g:%e" (or dumping to /home/tanzachary/step/portfolio/core.3673)
#
# If you would like to submit a bug report, please visit:
#   https://bugs.debian.org/openjdk-11
#

---------------  S U M M A R Y ------------

Command Line: -Dclassworlds.conf=/opt/maven/bin/m2.conf -Dmaven.home=/opt/maven -Dlibrary.jansi.path=/opt/maven/lib/jansi-native -Dmaven.multiModuleProjectDirectory=/home/tanzachary/step/portfolio org.codehaus.plexus.classworlds.launcher.Launcher package appengine:run

Host: Intel(R) Xeon(R) CPU @ 2.30GHz, 2 cores, 1G, Debian GNU/Linux 9 (stretch)
Time: Thu May 28 17:39:36 2020 EDT elapsed time: 5 seconds (0d 0h 0m 5s)

---------------  T H R E A D  ---------------

Current thread is native thread

Stack: [0x00007fffe5209000,0x00007fffe5a06000],  sp=0x00007fffe5a01580,  free space=8161k
Native frames: (J=compiled Java code, A=aot compiled Java code, j=interpreted, Vv=VM code, C=native code)
V  [libjvm.so+0xb8fbc0]
C  [libpthread.so.0+0x110e0]


siginfo: si_signo: 11 (SIGSEGV), si_code: 1 (SEGV_MAPERR), si_addr: 0x00000000000000d0

Register to memory mapping:

RAX=0x0 is NULL
RBX=
[error occurred during error reporting (printing register info), id 0xb, SIGSEGV (0xb) at pc=0x00007f7398fba9e7]

Registers:
RAX=0x0000000000000000, RBX=0x00007f739a456e18, RCX=0x00007f7399e136dd, RDX=0x0000000000000000
RSP=0x00007fffe5a01580, RBP=0x00007fffe5a01630, RSI=0x00007fffe5a01770, RDI=0x0000000000000001
R8 =0x00000000000000ca, R9 =0x00007f739a4559d0, R10=0x0000000000000000, R11=0x0000000000000246
R12=0x0000000000000000, R13=0x00007fffe5a01770, R14=0x00007fffe5a01640, R15=0x00007f739a455d28
RIP=0x00007f7398e13bc0, EFLAGS=0x0000000000010246, CSGSFS=0x002b000000000033, ERR=0x0000000000000004
  TRAPNO=0x000000000000000e

Top of Stack: (sp=0x00007fffe5a01580)
0x00007fffe5a01580:   0000000001e5cb59 00007f7399669038
0x00007fffe5a01590:   00007fffe5a016b0 00007f739965bd90
0x00007fffe5a015a0:   00007fffe5a015d4 00007fffe5a016a0
0x00007fffe5a015b0:   00005567f0f73c70 000000000000000b 

Instructions: (pc=0x00007f7398e13bc0)
0x00007f7398e13ac0:   c0 74 03 c6 00 00 4c 89 f7 4c 89 fa 48 89 de e8
0x00007f7398e13ad0:   dc db 6d ff 4c 89 e7 e8 24 df 6d ff 48 81 c4 08
0x00007f7398e13ae0:   01 00 00 5b 41 5c 41 5d 41 5e 41 5f 5d c3 4c 89
0x00007f7398e13af0:   e2 be 00 01 00 00 48 89 df e8 92 e1 6d ff 48 85
0x00007f7398e13b00:   c0 74 ae 48 8d 35 b1 46 2f 00 48 89 df e8 5e df
0x00007f7398e13b10:   6d ff 48 85 c0 74 41 66 0f 1f 84 00 00 00 00 00
0x00007f7398e13b20:   be 22 00 00 00 48 89 df e8 d3 df 6d ff 48 85 c0
0x00007f7398e13b30:   74 46 48 8d 58 01 be 22 00 00 00 48 89 df e8 bd
0x00007f7398e13b40:   df 6d ff 48 85 c0 0f 85 77 ff ff ff e9 75 ff ff
0x00007f7398e13b50:   ff 0f 1f 80 00 00 00 00 48 8d 35 71 46 2f 00 48
0x00007f7398e13b60:   89 df e8 09 df 6d ff 48 85 c0 0f 84 41 ff ff ff
0x00007f7398e13b70:   eb ae 66 0f 1f 44 00 00 48 89 df be 3d 00 00 00
0x00007f7398e13b80:   e8 7b df 6d ff 48 8d 58 01 e9 23 ff ff ff 66 90
0x00007f7398e13b90:   55 48 89 e5 41 57 41 56 41 55 41 54 49 89 d6 53
0x00007f7398e13ba0:   49 89 f5 48 81 ec 88 00 00 00 e8 81 e6 6d ff 48
0x00007f7398e13bb0:   89 c3 44 8b 20 e8 26 58 1a 00 31 d2 84 c0 75 38
0x00007f7398e13bc0:   48 83 ba d0 00 00 00 00 74 16 4c 8b ba 68 02 00
0x00007f7398e13bd0:   00 41 8b 87 a8 00 00 00 83 f8 01 74 2b 44 89 23
0x00007f7398e13be0:   48 81 c4 88 00 00 00 5b 41 5c 41 5d 41 5e 41 5f
0x00007f7398e13bf0:   5d c3 66 0f 1f 44 00 00 e8 f3 57 1a 00 48 89 c2
0x00007f7398e13c00:   eb be 66 0f 1f 44 00 00 4d 89 af b0 00 00 00 4d
0x00007f7398e13c10:   8d af a8 00 00 00 4d 89 b7 b8 00 00 00 ba 02 00
0x00007f7398e13c20:   00 00 be 01 00 00 00 4c 89 ef e8 01 cb ff ff 83
0x00007f7398e13c30:   f8 02 74 3c 85 c0 75 18 49 c7 87 b8 00 00 00 00
0x00007f7398e13c40:   00 00 00 49 c7 87 b0 00 00 00 00 00 00 00 eb 8d
0x00007f7398e13c50:   48 8d 05 51 96 7b 00 48 8d 3d 7a 4e 2f 00 be 64
0x00007f7398e13c60:   11 00 00 48 8b 00 c6 00 58 e8 22 16 ab ff eb c8
0x00007f7398e13c70:   4c 8d b5 50 ff ff ff 4c 89 f7 e8 11 e2 6d ff 4c
0x00007f7398e13c80:   89 f2 31 f6 31 ff e8 15 e3 6d ff 8b 35 ff 37 7d
0x00007f7398e13c90:   00 4c 89 f7 e8 c7 de 6d ff 48 8d 3d 60 73 81 00
0x00007f7398e13ca0:   be 01 00 00 00 e8 a6 bc 0c 00 66 0f 1f 44 00 00
0x00007f7398e13cb0:   4c 89 f7 e8 d8 e5 6d ff 31 d2 be 03 00 00 00 4c 


Stack slot to memory mapping:
stack at sp + 0 slots: 
[error occurred during error reporting (inspecting top of stack), id 0xb, SIGSEGV (0xb) at pc=0x00007f7398fba9e7]


---------------  P R O C E S S  ---------------

VM state:not at safepoint (normal execution)

VM Mutex/Monitor currently owned by a thread: None

Heap address: 0x00000000e0c00000, size: 500 MB, Compressed Oops mode: 32-bit
Narrow klass base: 0x0000000800000000, Narrow klass shift: 3
Compressed class space size: 1073741824 Address: 0x0000000840000000

Heap:
 def new generation   total 9792K, used 6719K [0x00000000e0c00000, 0x00000000e16a0000, 0x00000000eb2a0000)
  eden space 8704K,  71% used [0x00000000e0c00000, 0x00000000e1217c20, 0x00000000e1480000)
  from space 1088K,  44% used [0x00000000e1480000, 0x00000000e14f8208, 0x00000000e1590000)
  to   space 1088K,   0% used [0x00000000e1590000, 0x00000000e1590000, 0x00000000e16a0000)
 tenured generation   total 21888K, used 12002K [0x00000000eb2a0000, 0x00000000ec800000, 0x0000000100000000)
   the space 21888K,  54% used [0x00000000eb2a0000, 0x00000000ebe58b18, 0x00000000ebe58c00, 0x00000000ec800000)
 Metaspace       used 18526K, capacity 19218K, committed 19328K, reserved 1067008K
  class space    used 2139K, capacity 2365K, committed 2432K, reserved 1048576K

Card table byte_map: [0x00007f7396488000,0x00007f7396583000] _byte_map_base: 0x00007f7395d82000

Polling page: 0x00007f739a463000

Metaspace:

Usage:
  Non-class:     16.46 MB capacity,    16.00 MB ( 97%) used,   434.72 KB (  3%) free+waste,    31.25 KB ( <1%) overhead. 
      Class:      2.31 MB capacity,     2.09 MB ( 90%) used,   210.34 KB (  9%) free+waste,    15.06 KB ( <1%) overhead. 
       Both:     18.77 MB capacity,    18.09 MB ( 96%) used,   645.05 KB (  3%) free+waste,    46.31 KB ( <1%) overhead. 

Virtual space:
  Non-class space:       18.00 MB reserved,      16.50 MB ( 92%) committed 
      Class space:        1.00 GB reserved,       2.38 MB ( <1%) committed 
             Both:        1.02 GB reserved,      18.88 MB (  2%) committed 

Chunk freelists:
   Non-Class:  43.00 KB
       Class:  3.00 KB
        Both:  46.00 KB

MaxMetaspaceSize: unlimited
CompressedClassSpaceSize: 1.00 GB

CodeHeap 'non-profiled nmethods': size=120036Kb used=1511Kb max_used=1511Kb free=118524Kb
 bounds [0x00007f73803d7000, 0x00007f7380647000, 0x00007f7387910000]
CodeHeap 'profiled nmethods': size=120032Kb used=8081Kb max_used=8081Kb free=111951Kb
 bounds [0x00007f7378e9f000, 0x00007f737968f000, 0x00007f73803d7000]
CodeHeap 'non-nmethods': size=5692Kb used=1134Kb max_used=1149Kb free=4557Kb
 bounds [0x00007f7378910000, 0x00007f7378b80000, 0x00007f7378e9f000]
 total_blobs=5109 nmethods=3903 adapters=382
 compilation: enabled
              stopped_count=0, restarted_count=0
 full_count=0

Compilation events (20 events):
Event: 5.409 Thread 0x00007f739005b800 3899       3       java.util.concurrent.ConcurrentHashMap::<init> (5 bytes)
Event: 5.410 Thread 0x00007f739005b800 nmethod 3899 0x00007f737967fa90 code [0x00007f737967fc40, 0x00007f737967fe70]
Event: 5.411 Thread 0x00007f7390059800 3902       4       jdk.internal.org.objectweb.asm.ByteVector::putShort (52 bytes)
Event: 5.412 Thread 0x00007f739005b800 3904       3       java.lang.invoke.MemberName::flagsMods (72 bytes)
Event: 5.412 Thread 0x00007f739005b800 nmethod 3904 0x00007f737967ff90 code [0x00007f7379680140, 0x00007f73796802b0]
Event: 5.412 Thread 0x00007f739005b800 3905       3       java.lang.invoke.MemberName::init (66 bytes)
Event: 5.412 Thread 0x00007f739005b800 nmethod 3905 0x00007f7379680310 code [0x00007f73796804c0, 0x00007f7379680690]
Event: 5.414 Thread 0x00007f7390059800 nmethod 3902 0x00007f738054fa10 code [0x00007f738054fbc0, 0x00007f738054fd48]
Event: 5.420 Thread 0x00007f739005b800 3909       3       java.lang.invoke.LambdaForm::normalize (322 bytes)
Event: 5.421 Thread 0x00007f7390059800 3908       4       jdk.internal.org.objectweb.asm.ClassWriter::get (49 bytes)
Event: 5.424 Thread 0x00007f739005b800 nmethod 3909 0x00007f7379680710 code [0x00007f73796809e0, 0x00007f7379681cd8]
Event: 5.424 Thread 0x00007f739005b800 3912       3       sun.invoke.util.Wrapper::isSubwordOrInt (20 bytes)
Event: 5.425 Thread 0x00007f739005b800 nmethod 3912 0x00007f7379682310 code [0x00007f73796824e0, 0x00007f7379682970]
Event: 5.425 Thread 0x00007f739005b800 3913       3       sun.invoke.util.Wrapper::isIntegral (23 bytes)
Event: 5.425 Thread 0x00007f739005b800 nmethod 3913 0x00007f7379682a90 code [0x00007f7379682c60, 0x00007f7379682f30]
Event: 5.425 Thread 0x00007f739005b800 3914       3       sun.invoke.util.Wrapper::isNumeric (16 bytes)
Event: 5.425 Thread 0x00007f739005b800 nmethod 3914 0x00007f7379683010 code [0x00007f73796831c0, 0x00007f7379683390]
Event: 5.428 Thread 0x00007f7390059800 nmethod 3908 0x00007f7380550690 code [0x00007f7380550840, 0x00007f73805509a8]
Event: 5.428 Thread 0x00007f7390059800 3915       4       java.lang.invoke.MethodType::parameterCount (6 bytes)
Event: 5.428 Thread 0x00007f7390059800 nmethod 3915 0x00007f7380550b10 code [0x00007f7380550ca0, 0x00007f7380550d38]

GC Heap History (20 events):
Event: 3.382 GC heap before
{Heap before GC invocations=10 (full 0):
 def new generation   total 9792K, used 9078K [0x00000000e0c00000, 0x00000000e16a0000, 0x00000000eb2a0000)
  eden space 8704K, 100% used [0x00000000e0c00000, 0x00000000e1480000, 0x00000000e1480000)
  from space 1088K,  34% used [0x00000000e1480000, 0x00000000e14dd9e8, 0x00000000e1590000)
  to   space 1088K,   0% used [0x00000000e1590000, 0x00000000e1590000, 0x00000000e16a0000)
 tenured generation   total 21888K, used 6995K [0x00000000eb2a0000, 0x00000000ec800000, 0x0000000100000000)
   the space 21888K,  31% used [0x00000000eb2a0000, 0x00000000eb974ee8, 0x00000000eb975000, 0x00000000ec800000)
 Metaspace       used 13856K, capacity 15425K, committed 15744K, reserved 1062912K
  class space    used 1605K, capacity 1827K, committed 1920K, reserved 1048576K
}
Event: 3.385 GC heap after
{Heap after GC invocations=11 (full 0):
 def new generation   total 9792K, used 942K [0x00000000e0c00000, 0x00000000e16a0000, 0x00000000eb2a0000)
  eden space 8704K,   0% used [0x00000000e0c00000, 0x00000000e0c00000, 0x00000000e1480000)
  from space 1088K,  86% used [0x00000000e1590000, 0x00000000e167b828, 0x00000000e16a0000)
  to   space 1088K,   0% used [0x00000000e1480000, 0x00000000e1480000, 0x00000000e1590000)
 tenured generation   total 21888K, used 6995K [0x00000000eb2a0000, 0x00000000ec800000, 0x0000000100000000)
   the space 21888K,  31% used [0x00000000eb2a0000, 0x00000000eb974ee8, 0x00000000eb975000, 0x00000000ec800000)
 Metaspace       used 13856K, capacity 15425K, committed 15744K, reserved 1062912K
  class space    used 1605K, capacity 1827K, committed 1920K, reserved 1048576K
}
Event: 3.491 GC heap before
{Heap before GC invocations=11 (full 0):
 def new generation   total 9792K, used 9646K [0x00000000e0c00000, 0x00000000e16a0000, 0x00000000eb2a0000)
  eden space 8704K, 100% used [0x00000000e0c00000, 0x00000000e1480000, 0x00000000e1480000)
  from space 1088K,  86% used [0x00000000e1590000, 0x00000000e167b828, 0x00000000e16a0000)
  to   space 1088K,   0% used [0x00000000e1480000, 0x00000000e1480000, 0x00000000e1590000)
 tenured generation   total 21888K, used 6995K [0x00000000eb2a0000, 0x00000000ec800000, 0x0000000100000000)
   the space 21888K,  31% used [0x00000000eb2a0000, 0x00000000eb974ee8, 0x00000000eb975000, 0x00000000ec800000)
 Metaspace       used 13916K, capacity 15489K, committed 15744K, reserved 1062912K
  class space    used 1606K, capacity 1827K, committed 1920K, reserved 1048576K
}
Event: 3.496 GC heap after
{Heap after GC invocations=12 (full 0):
 def new generation   total 9792K, used 532K [0x00000000e0c00000, 0x00000000e16a0000, 0x00000000eb2a0000)
  eden space 8704K,   0% used [0x00000000e0c00000, 0x00000000e0c00000, 0x00000000e1480000)
  from space 1088K,  48% used [0x00000000e1480000, 0x00000000e1505270, 0x00000000e1590000)
  to   space 1088K,   0% used [0x00000000e1590000, 0x00000000e1590000, 0x00000000e16a0000)
 tenured generation   total 21888K, used 7832K [0x00000000eb2a0000, 0x00000000ec800000, 0x0000000100000000)
   the space 21888K,  35% used [0x00000000eb2a0000, 0x00000000eba461e0, 0x00000000eba46200, 0x00000000ec800000)
 Metaspace       used 13916K, capacity 15489K, committed 15744K, reserved 1062912K
  class space    used 1606K, capacity 1827K, committed 1920K, reserved 1048576K
}
Event: 3.677 GC heap before
{Heap before GC invocations=12 (full 0):
 def new generation   total 9792K, used 9226K [0x00000000e0c00000, 0x00000000e16a0000, 0x00000000eb2a0000)
  eden space 8704K,  99% used [0x00000000e0c00000, 0x00000000e147d720, 0x00000000e1480000)
  from space 1088K,  48% used [0x00000000e1480000, 0x00000000e1505270, 0x00000000e1590000)
  to   space 1088K,   0% used [0x00000000e1590000, 0x00000000e1590000, 0x00000000e16a0000)
 tenured generation   total 21888K, used 7832K [0x00000000eb2a0000, 0x00000000ec800000, 0x0000000100000000)
   the space 21888K,  35% used [0x00000000eb2a0000, 0x00000000eba461e0, 0x00000000eba46200, 0x00000000ec800000)
 Metaspace       used 14138K, capacity 15697K, committed 16000K, reserved 1062912K
  class space    used 1611K, capacity 1833K, committed 1920K, reserved 1048576K
}
Event: 3.680 GC heap after
{Heap after GC invocations=13 (full 0):
 def new generation   total 9792K, used 889K [0x00000000e0c00000, 0x00000000e16a0000, 0x00000000eb2a0000)
  eden space 8704K,   0% used [0x00000000e0c00000, 0x00000000e0c00000, 0x00000000e1480000)
  from space 1088K,  81% used [0x00000000e1590000, 0x00000000e166e5e0, 0x00000000e16a0000)
  to   space 1088K,   0% used [0x00000000e1480000, 0x00000000e1480000, 0x00000000e1590000)
 tenured generation   total 21888K, used 7832K [0x00000000eb2a0000, 0x00000000ec800000, 0x0000000100000000)
   the space 21888K,  35% used [0x00000000eb2a0000, 0x00000000eba461e0, 0x00000000eba46200, 0x00000000ec800000)
 Metaspace       used 14138K, capacity 15697K, committed 16000K, reserved 1062912K
  class space    used 1611K, capacity 1833K, committed 1920K, reserved 1048576K
}
Event: 3.938 GC heap before
{Heap before GC invocations=13 (full 0):
 def new generation   total 9792K, used 9593K [0x00000000e0c00000, 0x00000000e16a0000, 0x00000000eb2a0000)
  eden space 8704K, 100% used [0x00000000e0c00000, 0x00000000e1480000, 0x00000000e1480000)
  from space 1088K,  81% used [0x00000000e1590000, 0x00000000e166e5e0, 0x00000000e16a0000)
  to   space 1088K,   0% used [0x00000000e1480000, 0x00000000e1480000, 0x00000000e1590000)
 tenured generation   total 21888K, used 7832K [0x00000000eb2a0000, 0x00000000ec800000, 0x0000000100000000)
   the space 21888K,  35% used [0x00000000eb2a0000, 0x00000000eba461e0, 0x00000000eba46200, 0x00000000ec800000)
 Metaspace       used 14516K, capacity 16051K, committed 16256K, reserved 1062912K
  class space    used 1639K, capacity 1867K, committed 1920K, reserved 1048576K
}
Event: 3.942 GC heap after
{Heap after GC invocations=14 (full 0):
 def new generation   total 9792K, used 995K [0x00000000e0c00000, 0x00000000e16a0000, 0x00000000eb2a0000)
  eden space 8704K,   0% used [0x00000000e0c00000, 0x00000000e0c00000, 0x00000000e1480000)
  from space 1088K,  91% used [0x00000000e1480000, 0x00000000e1578f78, 0x00000000e1590000)
  to   space 1088K,   0% used [0x00000000e1590000, 0x00000000e1590000, 0x00000000e16a0000)
 tenured generation   total 21888K, used 8237K [0x00000000eb2a0000, 0x00000000ec800000, 0x0000000100000000)
   the space 21888K,  37% used [0x00000000eb2a0000, 0x00000000ebaab418, 0x00000000ebaab600, 0x00000000ec800000)
 Metaspace       used 14516K, capacity 16051K, committed 16256K, reserved 1062912K
  class space    used 1639K, capacity 1867K, committed 1920K, reserved 1048576K
}
Event: 4.080 GC heap before
{Heap before GC invocations=14 (full 0):
 def new generation   total 9792K, used 9699K [0x00000000e0c00000, 0x00000000e16a0000, 0x00000000eb2a0000)
  eden space 8704K, 100% used [0x00000000e0c00000, 0x00000000e1480000, 0x00000000e1480000)
  from space 1088K,  91% used [0x00000000e1480000, 0x00000000e1578f78, 0x00000000e1590000)
  to   space 1088K,   0% used [0x00000000e1590000, 0x00000000e1590000, 0x00000000e16a0000)
 tenured generation   total 21888K, used 8237K [0x00000000eb2a0000, 0x00000000ec800000, 0x0000000100000000)
   the space 21888K,  37% used [0x00000000eb2a0000, 0x00000000ebaab418, 0x00000000ebaab600, 0x00000000ec800000)
 Metaspace       used 14879K, capacity 16456K, committed 16896K, reserved 1064960K
  class space    used 1667K, capacity 1934K, committed 2048K, reserved 1048576K
}
Event: 4.085 GC heap after
{Heap after GC invocations=15 (full 0):
 def new generation   total 9792K, used 545K [0x00000000e0c00000, 0x00000000e16a0000, 0x00000000eb2a0000)
  eden space 8704K,   0% used [0x00000000e0c00000, 0x00000000e0c00000, 0x00000000e1480000)
  from space 1088K,  50% used [0x00000000e1590000, 0x00000000e1618540, 0x00000000e16a0000)
  to   space 1088K,   0% used [0x00000000e1480000, 0x00000000e1480000, 0x00000000e1590000)
 tenured generation   total 21888K, used 9190K [0x00000000eb2a0000, 0x00000000ec800000, 0x0000000100000000)
   the space 21888K,  41% used [0x00000000eb2a0000, 0x00000000ebb99ac8, 0x00000000ebb99c00, 0x00000000ec800000)
 Metaspace       used 14879K, capacity 16456K, committed 16896K, reserved 1064960K
  class space    used 1667K, capacity 1934K, committed 2048K, reserved 1048576K
}
Event: 4.278 GC heap before
{Heap before GC invocations=15 (full 0):
 def new generation   total 9792K, used 9249K [0x00000000e0c00000, 0x00000000e16a0000, 0x00000000eb2a0000)
  eden space 8704K, 100% used [0x00000000e0c00000, 0x00000000e1480000, 0x00000000e1480000)
  from space 1088K,  50% used [0x00000000e1590000, 0x00000000e1618540, 0x00000000e16a0000)
  to   space 1088K,   0% used [0x00000000e1480000, 0x00000000e1480000, 0x00000000e1590000)
 tenured generation   total 21888K, used 9190K [0x00000000eb2a0000, 0x00000000ec800000, 0x0000000100000000)
   the space 21888K,  41% used [0x00000000eb2a0000, 0x00000000ebb99ac8, 0x00000000ebb99c00, 0x00000000ec800000)
 Metaspace       used 15537K, capacity 17140K, committed 17536K, reserved 1064960K
  class space    used 1786K, capacity 2078K, committed 2176K, reserved 1048576K
}
Event: 4.281 GC heap after
{Heap after GC invocations=16 (full 0):
 def new generation   total 9792K, used 481K [0x00000000e0c00000, 0x00000000e16a0000, 0x00000000eb2a0000)
  eden space 8704K,   0% used [0x00000000e0c00000, 0x00000000e0c00000, 0x00000000e1480000)
  from space 1088K,  44% used [0x00000000e1480000, 0x00000000e14f8688, 0x00000000e1590000)
  to   space 1088K,   0% used [0x00000000e1590000, 0x00000000e1590000, 0x00000000e16a0000)
 tenured generation   total 21888K, used 9685K [0x00000000eb2a0000, 0x00000000ec800000, 0x0000000100000000)
   the space 21888K,  44% used [0x00000000eb2a0000, 0x00000000ebc15798, 0x00000000ebc15800, 0x00000000ec800000)
 Metaspace       used 15537K, capacity 17140K, committed 17536K, reserved 1064960K
  class space    used 1786K, capacity 2078K, committed 2176K, reserved 1048576K
}
Event: 4.650 GC heap before
{Heap before GC invocations=16 (full 0):
 def new generation   total 9792K, used 9185K [0x00000000e0c00000, 0x00000000e16a0000, 0x00000000eb2a0000)
  eden space 8704K, 100% used [0x00000000e0c00000, 0x00000000e1480000, 0x00000000e1480000)
  from space 1088K,  44% used [0x00000000e1480000, 0x00000000e14f8688, 0x00000000e1590000)
  to   space 1088K,   0% used [0x00000000e1590000, 0x00000000e1590000, 0x00000000e16a0000)
 tenured generation   total 21888K, used 9685K [0x00000000eb2a0000, 0x00000000ec800000, 0x0000000100000000)
   the space 21888K,  44% used [0x00000000eb2a0000, 0x00000000ebc15798, 0x00000000ebc15800, 0x00000000ec800000)
 Metaspace       used 17353K, capacity 18329K, committed 18432K, reserved 1064960K
  class space    used 2005K, capacity 2263K, committed 2304K, reserved 1048576K
}
Event: 4.654 GC heap after
{Heap after GC invocations=17 (full 0):
 def new generation   total 9792K, used 1087K [0x00000000e0c00000, 0x00000000e16a0000, 0x00000000eb2a0000)
  eden space 8704K,   0% used [0x00000000e0c00000, 0x00000000e0c00000, 0x00000000e1480000)
  from space 1088K,  99% used [0x00000000e1590000, 0x00000000e169fff0, 0x00000000e16a0000)
  to   space 1088K,   0% used [0x00000000e1480000, 0x00000000e1480000, 0x00000000e1590000)
 tenured generation   total 21888K, used 9698K [0x00000000eb2a0000, 0x00000000ec800000, 0x0000000100000000)
   the space 21888K,  44% used [0x00000000eb2a0000, 0x00000000ebc18af0, 0x00000000ebc18c00, 0x00000000ec800000)
 Metaspace       used 17353K, capacity 18329K, committed 18432K, reserved 1064960K
  class space    used 2005K, capacity 2263K, committed 2304K, reserved 1048576K
}
Event: 4.955 GC heap before
{Heap before GC invocations=17 (full 0):
 def new generation   total 9792K, used 9791K [0x00000000e0c00000, 0x00000000e16a0000, 0x00000000eb2a0000)
  eden space 8704K, 100% used [0x00000000e0c00000, 0x00000000e1480000, 0x00000000e1480000)
  from space 1088K,  99% used [0x00000000e1590000, 0x00000000e169fff0, 0x00000000e16a0000)
  to   space 1088K,   0% used [0x00000000e1480000, 0x00000000e1480000, 0x00000000e1590000)
 tenured generation   total 21888K, used 9698K [0x00000000eb2a0000, 0x00000000ec800000, 0x0000000100000000)
   the space 21888K,  44% used [0x00000000eb2a0000, 0x00000000ebc18af0, 0x00000000ebc18c00, 0x00000000ec800000)
 Metaspace       used 17606K, capacity 18483K, committed 18688K, reserved 1064960K
  class space    used 2029K, capacity 2271K, committed 2304K, reserved 1048576K
}
Event: 4.962 GC heap after
{Heap after GC invocations=18 (full 0):
 def new generation   total 9792K, used 878K [0x00000000e0c00000, 0x00000000e16a0000, 0x00000000eb2a0000)
  eden space 8704K,   0% used [0x00000000e0c00000, 0x00000000e0c00000, 0x00000000e1480000)
  from space 1088K,  80% used [0x00000000e1480000, 0x00000000e155bbc0, 0x00000000e1590000)
  to   space 1088K,   0% used [0x00000000e1590000, 0x00000000e1590000, 0x00000000e16a0000)
 tenured generation   total 21888K, used 10750K [0x00000000eb2a0000, 0x00000000ec800000, 0x0000000100000000)
   the space 21888K,  49% used [0x00000000eb2a0000, 0x00000000ebd1fb70, 0x00000000ebd1fc00, 0x00000000ec800000)
 Metaspace       used 17606K, capacity 18483K, committed 18688K, reserved 1064960K
  class space    used 2029K, capacity 2271K, committed 2304K, reserved 1048576K
}
Event: 5.053 GC heap before
{Heap before GC invocations=18 (full 0):
 def new generation   total 9792K, used 9582K [0x00000000e0c00000, 0x00000000e16a0000, 0x00000000eb2a0000)
  eden space 8704K, 100% used [0x00000000e0c00000, 0x00000000e1480000, 0x00000000e1480000)
  from space 1088K,  80% used [0x00000000e1480000, 0x00000000e155bbc0, 0x00000000e1590000)
  to   space 1088K,   0% used [0x00000000e1590000, 0x00000000e1590000, 0x00000000e16a0000)
 tenured generation   total 21888K, used 10750K [0x00000000eb2a0000, 0x00000000ec800000, 0x0000000100000000)
   the space 21888K,  49% used [0x00000000eb2a0000, 0x00000000ebd1fb70, 0x00000000ebd1fc00, 0x00000000ec800000)
 Metaspace       used 17674K, capacity 18554K, committed 18688K, reserved 1064960K
  class space    used 2030K, capacity 2273K, committed 2304K, reserved 1048576K
}
Event: 5.057 GC heap after
{Heap after GC invocations=19 (full 0):
 def new generation   total 9792K, used 605K [0x00000000e0c00000, 0x00000000e16a0000, 0x00000000eb2a0000)
  eden space 8704K,   0% used [0x00000000e0c00000, 0x00000000e0c00000, 0x00000000e1480000)
  from space 1088K,  55% used [0x00000000e1590000, 0x00000000e1627660, 0x00000000e16a0000)
  to   space 1088K,   0% used [0x00000000e1480000, 0x00000000e1480000, 0x00000000e1590000)
 tenured generation   total 21888K, used 11559K [0x00000000eb2a0000, 0x00000000ec800000, 0x0000000100000000)
   the space 21888K,  52% used [0x00000000eb2a0000, 0x00000000ebde9c20, 0x00000000ebde9e00, 0x00000000ec800000)
 Metaspace       used 17674K, capacity 18554K, committed 18688K, reserved 1064960K
  class space    used 2030K, capacity 2273K, committed 2304K, reserved 1048576K
}
Event: 5.281 GC heap before
{Heap before GC invocations=19 (full 0):
 def new generation   total 9792K, used 9309K [0x00000000e0c00000, 0x00000000e16a0000, 0x00000000eb2a0000)
  eden space 8704K, 100% used [0x00000000e0c00000, 0x00000000e1480000, 0x00000000e1480000)
  from space 1088K,  55% used [0x00000000e1590000, 0x00000000e1627660, 0x00000000e16a0000)
  to   space 1088K,   0% used [0x00000000e1480000, 0x00000000e1480000, 0x00000000e1590000)
 tenured generation   total 21888K, used 11559K [0x00000000eb2a0000, 0x00000000ec800000, 0x0000000100000000)
   the space 21888K,  52% used [0x00000000eb2a0000, 0x00000000ebde9c20, 0x00000000ebde9e00, 0x00000000ec800000)
 Metaspace       used 17847K, capacity 18738K, committed 19072K, reserved 1067008K
  class space    used 2046K, capacity 2313K, committed 2432K, reserved 1048576K
}
Event: 5.289 GC heap after
{Heap after GC invocations=20 (full 0):
 def new generation   total 9792K, used 480K [0x00000000e0c00000, 0x00000000e16a0000, 0x00000000eb2a0000)
  eden space 8704K,   0% used [0x00000000e0c00000, 0x00000000e0c00000, 0x00000000e1480000)
  from space 1088K,  44% used [0x00000000e1480000, 0x00000000e14f8208, 0x00000000e1590000)
  to   space 1088K,   0% used [0x00000000e1590000, 0x00000000e1590000, 0x00000000e16a0000)
 tenured generation   total 21888K, used 12002K [0x00000000eb2a0000, 0x00000000ec800000, 0x0000000100000000)
   the space 21888K,  54% used [0x00000000eb2a0000, 0x00000000ebe58b18, 0x00000000ebe58c00, 0x00000000ec800000)
 Metaspace       used 17847K, capacity 18738K, committed 19072K, reserved 1067008K
  class space    used 2046K, capacity 2313K, committed 2432K, reserved 1048576K
}

Deoptimization events (20 events):
Event: 5.064 Thread 0x00007f7390014000 Uncommon trap: trap_request=0xffffff4d fr.pc=0x00007f738043dc88 relative=0x0000000000000448
Event: 5.064 Thread 0x00007f7390014000 Uncommon trap: reason=unstable_if action=reinterpret pc=0x00007f738043dc88 method=java.lang.String.regionMatches(ZILjava/lang/String;II)Z @ 21 c2
Event: 5.064 Thread 0x00007f7390014000 DEOPT PACKING pc=0x00007f738043dc88 sp=0x00007f739a452610
Event: 5.064 Thread 0x00007f7390014000 DEOPT UNPACKING pc=0x00007f73789383a5 sp=0x00007f739a4525b0 mode 2
Event: 5.075 Thread 0x00007f7390014000 DEOPT PACKING pc=0x00007f737930ae8e sp=0x00007f739a451c30
Event: 5.076 Thread 0x00007f7390014000 DEOPT UNPACKING pc=0x00007f73789381ba sp=0x00007f739a4511a0 mode 0
Event: 5.108 Thread 0x00007f7390014000 DEOPT PACKING pc=0x00007f737930ae8e sp=0x00007f739a451950
Event: 5.108 Thread 0x00007f7390014000 DEOPT UNPACKING pc=0x00007f73789381ba sp=0x00007f739a450ec0 mode 0
Event: 5.175 Thread 0x00007f7390014000 DEOPT PACKING pc=0x00007f737930ae8e sp=0x00007f739a451ee0
Event: 5.175 Thread 0x00007f7390014000 DEOPT UNPACKING pc=0x00007f73789381ba sp=0x00007f739a451450 mode 0
Event: 5.181 Thread 0x00007f7390014000 DEOPT PACKING pc=0x00007f737930ae8e sp=0x00007f739a451d10
Event: 5.181 Thread 0x00007f7390014000 DEOPT UNPACKING pc=0x00007f73789381ba sp=0x00007f739a451280 mode 0
Event: 5.204 Thread 0x00007f7390014000 DEOPT PACKING pc=0x00007f737930ae8e sp=0x00007f739a451e10
Event: 5.204 Thread 0x00007f7390014000 DEOPT UNPACKING pc=0x00007f73789381ba sp=0x00007f739a451380 mode 0
Event: 5.291 Thread 0x00007f7390014000 DEOPT PACKING pc=0x00007f7379088d88 sp=0x00007f739a452590
Event: 5.291 Thread 0x00007f7390014000 DEOPT UNPACKING pc=0x00007f73789381ba sp=0x00007f739a451ac0 mode 0
Event: 5.297 Thread 0x00007f7390014000 DEOPT PACKING pc=0x00007f73796521b0 sp=0x00007f739a452780
Event: 5.297 Thread 0x00007f7390014000 DEOPT UNPACKING pc=0x00007f73789381ba sp=0x00007f739a451c30 mode 0
Event: 5.315 Thread 0x00007f7390014000 DEOPT PACKING pc=0x00007f737907b92d sp=0x00007f739a44e1b0
Event: 5.316 Thread 0x00007f7390014000 DEOPT UNPACKING pc=0x00007f73789381ba sp=0x00007f739a44d640 mode 0

Classes redefined (0 events):
No events

Internal exceptions (17 events):
Event: 0.157 Thread 0x00007f7390014000 Exception <a 'java/lang/NoSuchMethodError'{0x00000000e0f1db58}: 'int java.lang.invoke.DirectMethodHandle$Holder.invokeSpecialIFC(java.lang.Object, java.lang.Object, int)'> (0x00000000e0f1db58) thrown at [/build/openjdk-11-11.0.6+10/src/hotspot/share/inter
Event: 1.978 Thread 0x00007f7390014000 Exception <a 'java/lang/NoClassDefFoundError'{0x00000000e0f853e0}: com/google/inject/servlet/ServletModuleTargetVisitor> (0x00000000e0f853e0) thrown at [/build/openjdk-11-11.0.6+10/src/hotspot/share/classfile/systemDictionary.cpp, line 220]
Event: 1.978 Thread 0x00007f7390014000 Exception <a 'java/lang/NoClassDefFoundError'{0x00000000e0f853e0}> (0x00000000e0f853e0) thrown at [/build/openjdk-11-11.0.6+10/src/hotspot/share/prims/jvm.cpp, line 1301]
Event: 1.978 Thread 0x00007f7390014000 Exception <a 'java/lang/NoClassDefFoundError'{0x00000000e0f87fe8}: javax/annotation/Priority> (0x00000000e0f87fe8) thrown at [/build/openjdk-11-11.0.6+10/src/hotspot/share/classfile/systemDictionary.cpp, line 220]
Event: 2.711 Thread 0x00007f7390014000 Implicit null exception at 0x00007f7380432785 to 0x00007f7380432962
Event: 2.711 Thread 0x00007f7390014000 Implicit null exception at 0x00007f7380468dcb to 0x00007f738046927e
Event: 4.358 Thread 0x00007f7390014000 Exception <a 'java/lang/NoSuchMethodError'{0x00000000e0d66238}: 'java.lang.Object java.lang.invoke.DirectMethodHandle$Holder.invokeStatic(java.lang.Object, java.lang.Object, java.lang.Object, java.lang.Object, java.lang.Object, java.lang.Object, java.lang
Event: 4.360 Thread 0x00007f7390014000 Exception <a 'java/lang/NoSuchMethodError'{0x00000000e0d747b8}: 'java.lang.Object java.lang.invoke.DirectMethodHandle$Holder.invokeStatic(java.lang.Object, java.lang.Object, java.lang.Object, java.lang.Object, java.lang.Object, java.lang.Object, java.lang
Event: 4.361 Thread 0x00007f7390014000 Exception <a 'java/lang/NoSuchMethodError'{0x00000000e0d826d0}: 'java.lang.Object java.lang.invoke.DirectMethodHandle$Holder.invokeSpecial(java.lang.Object, java.lang.Object, int, int, java.lang.Object, java.lang.Object, java.lang.Object)'> (0x00000000e0d
Event: 4.362 Thread 0x00007f7390014000 Exception <a 'java/lang/NoSuchMethodError'{0x00000000e0d85f08}: 'java.lang.Object java.lang.invoke.DelegatingMethodHandle$Holder.reinvoke_L(java.lang.Object, int, int, java.lang.Object, java.lang.Object, java.lang.Object)'> (0x00000000e0d85f08) thrown at 
Event: 4.362 Thread 0x00007f7390014000 Exception <a 'java/lang/NoSuchMethodError'{0x00000000e0d8a538}: 'java.lang.Object java.lang.invoke.DirectMethodHandle$Holder.invokeStatic(java.lang.Object, java.lang.Object, java.lang.Object, java.lang.Object, int)'> (0x00000000e0d8a538) thrown at [/build
Event: 4.678 Thread 0x00007f7390014000 Exception <a 'java/lang/NoSuchMethodError'{0x00000000e0c80a10}: 'java.lang.Object java.lang.invoke.DirectMethodHandle$Holder.invokeStatic(java.lang.Object, int, java.lang.Object)'> (0x00000000e0c80a10) thrown at [/build/openjdk-11-11.0.6+10/src/hotspot/sh
Event: 5.411 Thread 0x00007f7390014000 Exception <a 'java/lang/NoSuchMethodError'{0x00000000e1171008}: 'java.lang.Object java.lang.invoke.DirectMethodHandle$Holder.invokeStaticInit(java.lang.Object, java.lang.Object, long, java.lang.Object)'> (0x00000000e1171008) thrown at [/build/openjdk-11-1
Event: 5.413 Thread 0x00007f7390014000 Exception <a 'java/lang/NoSuchMethodError'{0x00000000e117d168}: 'java.lang.Object java.lang.invoke.Invokers$Holder.linkToTargetMethod(java.lang.Object, long, java.lang.Object)'> (0x00000000e117d168) thrown at [/build/openjdk-11-11.0.6+10/src/hotspot/share
Event: 5.418 Thread 0x00007f7390014000 Exception <a 'java/lang/NoSuchMethodError'{0x00000000e1183f58}: 'java.lang.Object java.lang.invoke.DirectMethodHandle$Holder.invokeStatic(java.lang.Object, java.lang.Object, java.lang.Object, int)'> (0x00000000e1183f58) thrown at [/build/openjdk-11-11.0.6
Event: 5.419 Thread 0x00007f7390014000 Exception <a 'java/lang/NoSuchMethodError'{0x00000000e1187920}: 'java.lang.Object java.lang.invoke.DirectMethodHandle$Holder.invokeSpecial(java.lang.Object, java.lang.Object, java.lang.Object, java.lang.Object, int)'> (0x00000000e1187920) thrown at [/buil
Event: 5.419 Thread 0x00007f7390014000 Exception <a 'java/lang/NoSuchMethodError'{0x00000000e118a988}: 'java.lang.Object java.lang.invoke.Invokers$Holder.linkToTargetMethod(java.lang.Object, java.lang.Object, int, java.lang.Object)'> (0x00000000e118a988) thrown at [/build/openjdk-11-11.0.6+10/

Events (20 events):
Event: 5.432 loading class com/google/common/util/concurrent/TrustedListenableFutureTask$TrustedFutureInterruptibleAsyncTask
Event: 5.432 loading class com/google/common/util/concurrent/TrustedListenableFutureTask$TrustedFutureInterruptibleAsyncTask done
Event: 5.432 loading class com/google/common/util/concurrent/TrustedListenableFutureTask$TrustedFutureInterruptibleAsyncTask
Event: 5.432 loading class com/google/common/util/concurrent/TrustedListenableFutureTask$TrustedFutureInterruptibleAsyncTask done
Event: 5.432 loading class com/google/common/util/concurrent/InterruptibleTask$DoNothingRunnable
Event: 5.432 loading class com/google/common/util/concurrent/InterruptibleTask$DoNothingRunnable done
Event: 5.432 loading class com/google/common/util/concurrent/InterruptibleTask$DoNothingRunnable
Event: 5.432 loading class com/google/common/util/concurrent/InterruptibleTask$DoNothingRunnable done
Event: 5.432 Thread 0x00007f7390f30800 Thread added: 0x00007f7390f30800
Event: 5.432 Protecting memory [0x00007f739403a000,0x00007f739403e000] with protection modes 0
Event: 5.432 loading class com/google/common/util/concurrent/AbstractFuture$SetFuture
Event: 5.432 loading class com/google/common/util/concurrent/AbstractFuture$SetFuture done
Event: 5.433 loading class com/google/common/util/concurrent/AbstractFuture$SetFuture
Event: 5.433 loading class com/google/common/util/concurrent/AbstractFuture$SetFuture done
Event: 5.433 loading class com/google/common/util/concurrent/DirectExecutor
Event: 5.433 loading class com/google/common/util/concurrent/DirectExecutor done
Event: 5.433 loading class com/google/common/util/concurrent/DirectExecutor
Event: 5.433 loading class com/google/common/util/concurrent/DirectExecutor done
Event: 5.434 Thread 0x00007f7390f34800 Thread added: 0x00007f7390f34800
Event: 5.434 Protecting memory [0x00007f737840f000,0x00007f7378413000] with protection modes 0


Dynamic libraries:
e0c00000-e16a0000 rw-p 00000000 00:00 0 
e16a0000-eb2a0000 ---p 00000000 00:00 0 
eb2a0000-ec800000 rw-p 00000000 00:00 0 
ec800000-100000000 ---p 00000000 00:00 0 
800000000-800002000 rwxp 00001000 08:01 2118409                          /usr/lib/jvm/java-11-openjdk-amd64/lib/server/classes.jsa
800002000-8003b7000 rw-p 00003000 08:01 2118409                          /usr/lib/jvm/java-11-openjdk-amd64/lib/server/classes.jsa
8003b7000-800a8a000 r--p 003b8000 08:01 2118409                          /usr/lib/jvm/java-11-openjdk-amd64/lib/server/classes.jsa
800a8a000-800a8b000 rw-p 00a8b000 08:01 2118409                          /usr/lib/jvm/java-11-openjdk-amd64/lib/server/classes.jsa
800a8b000-801095000 r--p 00a8c000 08:01 2118409                          /usr/lib/jvm/java-11-openjdk-amd64/lib/server/classes.jsa
840000000-840260000 rw-p 00000000 00:00 0 
840260000-880000000 ---p 00000000 00:00 0 
5567f09f6000-5567f09f7000 r-xp 00000000 08:01 2118040                    /usr/lib/jvm/java-11-openjdk-amd64/bin/java
5567f0bf7000-5567f0bf8000 r--p 00001000 08:01 2118040                    /usr/lib/jvm/java-11-openjdk-amd64/bin/java
5567f0bf8000-5567f0bf9000 rw-p 00002000 08:01 2118040                    /usr/lib/jvm/java-11-openjdk-amd64/bin/java
5567f0f5c000-5567f0f9e000 rw-p 00000000 00:00 0                          [heap]
7f7344000000-7f7344021000 rw-p 00000000 00:00 0 
7f7344021000-7f7348000000 ---p 00000000 00:00 0 
7f7348000000-7f7348021000 rw-p 00000000 00:00 0 
7f7348021000-7f734c000000 ---p 00000000 00:00 0 
7f734c000000-7f734c021000 rw-p 00000000 00:00 0 
7f734c021000-7f7350000000 ---p 00000000 00:00 0 
7f7350000000-7f7350021000 rw-p 00000000 00:00 0 
7f7350021000-7f7354000000 ---p 00000000 00:00 0 
7f7354000000-7f7354021000 rw-p 00000000 00:00 0 
7f7354021000-7f7358000000 ---p 00000000 00:00 0 
7f7358000000-7f7358021000 rw-p 00000000 00:00 0 
7f7358021000-7f735c000000 ---p 00000000 00:00 0 
7f735c000000-7f735c406000 rw-p 00000000 00:00 0 
7f735c406000-7f7360000000 ---p 00000000 00:00 0 
7f7360000000-7f7360021000 rw-p 00000000 00:00 0 
7f7360021000-7f7364000000 ---p 00000000 00:00 0 
7f7364000000-7f7364021000 rw-p 00000000 00:00 0 
7f7364021000-7f7368000000 ---p 00000000 00:00 0 
7f7368000000-7f73684eb000 rw-p 00000000 00:00 0 
7f73684eb000-7f736c000000 ---p 00000000 00:00 0 
7f736c000000-7f736c021000 rw-p 00000000 00:00 0 
7f736c021000-7f7370000000 ---p 00000000 00:00 0 
7f7370000000-7f7370021000 rw-p 00000000 00:00 0 
7f7370021000-7f7374000000 ---p 00000000 00:00 0 
7f7374000000-7f7374021000 rw-p 00000000 00:00 0 
7f7374021000-7f7378000000 ---p 00000000 00:00 0 
7f737840f000-7f7378413000 ---p 00000000 00:00 0 
7f7378413000-7f7378590000 rw-p 00000000 00:00 0 
7f7378590000-7f7378710000 ---p 00000000 00:00 0 
7f7378710000-7f7378910000 rw-p 00000000 00:00 0 
7f7378910000-7f7378b80000 rwxp 00000000 00:00 0 
7f7378b80000-7f7378e9f000 ---p 00000000 00:00 0 
7f7378e9f000-7f737968f000 rwxp 00000000 00:00 0 
7f737968f000-7f73803d7000 ---p 00000000 00:00 0 
7f73803d7000-7f7380647000 rwxp 00000000 00:00 0 
7f7380647000-7f7387910000 ---p 00000000 00:00 0 
7f7387910000-7f7390000000 r--s 00000000 08:01 2118399                    /usr/lib/jvm/java-11-openjdk-amd64/lib/modules
7f7390000000-7f7390f3e000 rw-p 00000000 00:00 0 
7f7390f3e000-7f7394000000 ---p 00000000 00:00 0 
7f739403a000-7f739403e000 ---p 00000000 00:00 0 
7f739403e000-7f739413b000 rw-p 00000000 00:00 0 
7f739413b000-7f739413f000 ---p 00000000 00:00 0 
7f739413f000-7f739435d000 rw-p 00000000 00:00 0 
7f739435d000-7f739455d000 rw-p 00000000 00:00 0 
7f739455d000-7f739475d000 rw-p 00000000 00:00 0 
7f739475d000-7f739475f000 r-xp 00000000 08:01 1843038                    /lib/x86_64-linux-gnu/libutil-2.24.so
7f739475f000-7f739495e000 ---p 00002000 08:01 1843038                    /lib/x86_64-linux-gnu/libutil-2.24.so
7f739495e000-7f739495f000 r--p 00001000 08:01 1843038                    /lib/x86_64-linux-gnu/libutil-2.24.so
7f739495f000-7f7394960000 rw-p 00002000 08:01 1843038                    /lib/x86_64-linux-gnu/libutil-2.24.so
7f7394960000-7f7394963000 r-xp 00000000 08:01 1993728                    /opt/maven/lib/jansi-native/linux64/libjansi.so
7f7394963000-7f7394b62000 ---p 00003000 08:01 1993728                    /opt/maven/lib/jansi-native/linux64/libjansi.so
7f7394b62000-7f7394b63000 rw-p 00002000 08:01 1993728                    /opt/maven/lib/jansi-native/linux64/libjansi.so
7f7394b63000-7f7394b94000 rw-p 00000000 00:00 0 
7f7394b94000-7f7394baa000 r-xp 00000000 08:01 2118388                    /usr/lib/jvm/java-11-openjdk-amd64/lib/libnet.so
7f7394baa000-7f7394da9000 ---p 00016000 08:01 2118388                    /usr/lib/jvm/java-11-openjdk-amd64/lib/libnet.so
7f7394da9000-7f7394daa000 r--p 00015000 08:01 2118388                    /usr/lib/jvm/java-11-openjdk-amd64/lib/libnet.so
7f7394daa000-7f7394dab000 rw-p 00016000 08:01 2118388                    /usr/lib/jvm/java-11-openjdk-amd64/lib/libnet.so
7f7394dab000-7f7394dbb000 r-xp 00000000 08:01 2118389                    /usr/lib/jvm/java-11-openjdk-amd64/lib/libnio.so
7f7394dbb000-7f7394fba000 ---p 00010000 08:01 2118389                    /usr/lib/jvm/java-11-openjdk-amd64/lib/libnio.so
7f7394fba000-7f7394fbb000 r--p 0000f000 08:01 2118389                    /usr/lib/jvm/java-11-openjdk-amd64/lib/libnio.so
7f7394fbb000-7f7394fbc000 rw-p 00010000 08:01 2118389                    /usr/lib/jvm/java-11-openjdk-amd64/lib/libnio.so
7f7394fbc000-7f7394fc0000 ---p 00000000 00:00 0 
7f7394fc0000-7f73950bd000 rw-p 00000000 00:00 0 
7f73950bd000-7f73950be000 ---p 00000000 00:00 0 
7f73950be000-7f73951bf000 rw-p 00000000 00:00 0 
7f73951bf000-7f73951c3000 ---p 00000000 00:00 0 
7f73951c3000-7f73952c0000 rw-p 00000000 00:00 0 
7f73952c0000-7f73952c4000 ---p 00000000 00:00 0 
7f73952c4000-7f73953c1000 rw-p 00000000 00:00 0 
7f73953c1000-7f73953c5000 ---p 00000000 00:00 0 
7f73953c5000-7f73954c2000 rw-p 00000000 00:00 0 
7f73954c2000-7f73954c6000 ---p 00000000 00:00 0 
7f73954c6000-7f73955c3000 rw-p 00000000 00:00 0 
7f73955c3000-7f73955c7000 ---p 00000000 00:00 0 
7f73955c7000-7f73956c4000 rw-p 00000000 00:00 0 
7f73956c4000-7f739585f000 r--p 00000000 08:01 1850658                    /usr/lib/locale/locale-archive
7f739585f000-7f7395863000 ---p 00000000 00:00 0 
7f7395863000-7f7395960000 rw-p 00000000 00:00 0 
7f7395960000-7f7395964000 ---p 00000000 00:00 0 
7f7395964000-7f7395a61000 rw-p 00000000 00:00 0 
7f7395a61000-7f7395a62000 ---p 00000000 00:00 0 
7f7395a62000-7f7396467000 rw-p 00000000 00:00 0 
7f7396467000-7f739648e000 rw-p 00000000 00:00 0 
7f739648e000-7f73964db000 ---p 00000000 00:00 0 
7f73964db000-7f73964e6000 rw-p 00000000 00:00 0 
7f73964e6000-7f7396582000 ---p 00000000 00:00 0 
7f7396582000-7f7396588000 rw-p 00000000 00:00 0 
7f7396588000-7f739666e000 ---p 00000000 00:00 0 
7f739666e000-7f739667e000 rw-p 00000000 00:00 0 
7f739667e000-7f7396759000 ---p 00000000 00:00 0 
7f7396759000-7f739675e000 r-xp 00000000 08:01 2118380                    /usr/lib/jvm/java-11-openjdk-amd64/lib/libjimage.so
7f739675e000-7f739695d000 ---p 00005000 08:01 2118380                    /usr/lib/jvm/java-11-openjdk-amd64/lib/libjimage.so
7f739695d000-7f739695e000 r--p 00004000 08:01 2118380                    /usr/lib/jvm/java-11-openjdk-amd64/lib/libjimage.so
7f739695e000-7f739695f000 rw-p 00005000 08:01 2118380                    /usr/lib/jvm/java-11-openjdk-amd64/lib/libjimage.so
7f739695f000-7f7396966000 r-xp 00000000 08:01 2118398                    /usr/lib/jvm/java-11-openjdk-amd64/lib/libzip.so
7f7396966000-7f7396b65000 ---p 00007000 08:01 2118398                    /usr/lib/jvm/java-11-openjdk-amd64/lib/libzip.so
7f7396b65000-7f7396b66000 r--p 00006000 08:01 2118398                    /usr/lib/jvm/java-11-openjdk-amd64/lib/libzip.so
7f7396b66000-7f7396b67000 rw-p 00007000 08:01 2118398                    /usr/lib/jvm/java-11-openjdk-amd64/lib/libzip.so
7f7396b67000-7f7396b71000 r-xp 00000000 08:01 1843001                    /lib/x86_64-linux-gnu/libnss_files-2.24.so
7f7396b71000-7f7396d71000 ---p 0000a000 08:01 1843001                    /lib/x86_64-linux-gnu/libnss_files-2.24.so
7f7396d71000-7f7396d72000 r--p 0000a000 08:01 1843001                    /lib/x86_64-linux-gnu/libnss_files-2.24.so
7f7396d72000-7f7396d73000 rw-p 0000b000 08:01 1843001                    /lib/x86_64-linux-gnu/libnss_files-2.24.so
7f7396d73000-7f7396d79000 rw-p 00000000 00:00 0 
7f7396d79000-7f7396d84000 r-xp 00000000 08:01 1843005                    /lib/x86_64-linux-gnu/libnss_nis-2.24.so
7f7396d84000-7f7396f83000 ---p 0000b000 08:01 1843005                    /lib/x86_64-linux-gnu/libnss_nis-2.24.so
7f7396f83000-7f7396f84000 r--p 0000a000 08:01 1843005                    /lib/x86_64-linux-gnu/libnss_nis-2.24.so
7f7396f84000-7f7396f85000 rw-p 0000b000 08:01 1843005                    /lib/x86_64-linux-gnu/libnss_nis-2.24.so
7f7396f85000-7f7396f99000 r-xp 00000000 08:01 1842995                    /lib/x86_64-linux-gnu/libnsl-2.24.so
7f7396f99000-7f7397199000 ---p 00014000 08:01 1842995                    /lib/x86_64-linux-gnu/libnsl-2.24.so
7f7397199000-7f739719a000 r--p 00014000 08:01 1842995                    /lib/x86_64-linux-gnu/libnsl-2.24.so
7f739719a000-7f739719b000 rw-p 00015000 08:01 1842995                    /lib/x86_64-linux-gnu/libnsl-2.24.so
7f739719b000-7f739719d000 rw-p 00000000 00:00 0 
7f739719d000-7f73971a4000 r-xp 00000000 08:01 1842997                    /lib/x86_64-linux-gnu/libnss_compat-2.24.so
7f73971a4000-7f73973a3000 ---p 00007000 08:01 1842997                    /lib/x86_64-linux-gnu/libnss_compat-2.24.so
7f73973a3000-7f73973a4000 r--p 00006000 08:01 1842997                    /lib/x86_64-linux-gnu/libnss_compat-2.24.so
7f73973a4000-7f73973a5000 rw-p 00007000 08:01 1842997                    /lib/x86_64-linux-gnu/libnss_compat-2.24.so
7f73973a5000-7f73973ce000 r-xp 00000000 08:01 2118376                    /usr/lib/jvm/java-11-openjdk-amd64/lib/libjava.so
7f73973ce000-7f73975cd000 ---p 00029000 08:01 2118376                    /usr/lib/jvm/java-11-openjdk-amd64/lib/libjava.so
7f73975cd000-7f73975ce000 r--p 00028000 08:01 2118376                    /usr/lib/jvm/java-11-openjdk-amd64/lib/libjava.so
7f73975ce000-7f73975d0000 rw-p 00029000 08:01 2118376                    /usr/lib/jvm/java-11-openjdk-amd64/lib/libjava.so
7f73975d0000-7f73975dd000 r-xp 00000000 08:01 2118397                    /usr/lib/jvm/java-11-openjdk-amd64/lib/libverify.so
7f73975dd000-7f73977dc000 ---p 0000d000 08:01 2118397                    /usr/lib/jvm/java-11-openjdk-amd64/lib/libverify.so
7f73977dc000-7f73977de000 r--p 0000c000 08:01 2118397                    /usr/lib/jvm/java-11-openjdk-amd64/lib/libverify.so
7f73977de000-7f73977df000 rw-p 0000e000 08:01 2118397                    /usr/lib/jvm/java-11-openjdk-amd64/lib/libverify.so
7f73977df000-7f73977e6000 r-xp 00000000 08:01 1843022                    /lib/x86_64-linux-gnu/librt-2.24.so
7f73977e6000-7f73979e5000 ---p 00007000 08:01 1843022                    /lib/x86_64-linux-gnu/librt-2.24.so
7f73979e5000-7f73979e6000 r--p 00006000 08:01 1843022                    /lib/x86_64-linux-gnu/librt-2.24.so
7f73979e6000-7f73979e7000 rw-p 00007000 08:01 1843022                    /lib/x86_64-linux-gnu/librt-2.24.so
7f73979e7000-7f73979fd000 r-xp 00000000 08:01 1842975                    /lib/x86_64-linux-gnu/libgcc_s.so.1
7f73979fd000-7f7397bfc000 ---p 00016000 08:01 1842975                    /lib/x86_64-linux-gnu/libgcc_s.so.1
7f7397bfc000-7f7397bfd000 r--p 00015000 08:01 1842975                    /lib/x86_64-linux-gnu/libgcc_s.so.1
7f7397bfd000-7f7397bfe000 rw-p 00016000 08:01 1842975                    /lib/x86_64-linux-gnu/libgcc_s.so.1
7f7397bfe000-7f7397d01000 r-xp 00000000 08:01 1842984                    /lib/x86_64-linux-gnu/libm-2.24.so
7f7397d01000-7f7397f00000 ---p 00103000 08:01 1842984                    /lib/x86_64-linux-gnu/libm-2.24.so
7f7397f00000-7f7397f01000 r--p 00102000 08:01 1842984                    /lib/x86_64-linux-gnu/libm-2.24.so
7f7397f01000-7f7397f02000 rw-p 00103000 08:01 1842984                    /lib/x86_64-linux-gnu/libm-2.24.so
7f7397f02000-7f7398074000 r-xp 00000000 08:01 1843740                    /usr/lib/x86_64-linux-gnu/libstdc++.so.6.0.22
7f7398074000-7f7398274000 ---p 00172000 08:01 1843740                    /usr/lib/x86_64-linux-gnu/libstdc++.so.6.0.22
7f7398274000-7f739827e000 r--p 00172000 08:01 1843740                    /usr/lib/x86_64-linux-gnu/libstdc++.so.6.0.22
7f739827e000-7f7398280000 rw-p 0017c000 08:01 1843740                    /usr/lib/x86_64-linux-gnu/libstdc++.so.6.0.22
7f7398280000-7f7398284000 rw-p 00000000 00:00 0 
7f7398284000-7f739930c000 r-xp 00000000 08:01 2118411                    /usr/lib/jvm/java-11-openjdk-amd64/lib/server/libjvm.so
7f739930c000-7f739950b000 ---p 01088000 08:01 2118411                    /usr/lib/jvm/java-11-openjdk-amd64/lib/server/libjvm.so
7f739950b000-7f73995c8000 r--p 01087000 08:01 2118411                    /usr/lib/jvm/java-11-openjdk-amd64/lib/server/libjvm.so
7f73995c8000-7f7399602000 rw-p 01144000 08:01 2118411                    /usr/lib/jvm/java-11-openjdk-amd64/lib/server/libjvm.so
7f7399602000-7f7399658000 rw-p 00000000 00:00 0 
7f7399658000-7f73997ed000 r-xp 00000000 08:01 1842955                    /lib/x86_64-linux-gnu/libc-2.24.so
7f73997ed000-7f73999ed000 ---p 00195000 08:01 1842955                    /lib/x86_64-linux-gnu/libc-2.24.so
7f73999ed000-7f73999f1000 r--p 00195000 08:01 1842955                    /lib/x86_64-linux-gnu/libc-2.24.so
7f73999f1000-7f73999f3000 rw-p 00199000 08:01 1842955                    /lib/x86_64-linux-gnu/libc-2.24.so
7f73999f3000-7f73999f7000 rw-p 00000000 00:00 0 
7f73999f7000-7f73999fa000 r-xp 00000000 08:01 1842967                    /lib/x86_64-linux-gnu/libdl-2.24.so
7f73999fa000-7f7399bf9000 ---p 00003000 08:01 1842967                    /lib/x86_64-linux-gnu/libdl-2.24.so
7f7399bf9000-7f7399bfa000 r--p 00002000 08:01 1842967                    /lib/x86_64-linux-gnu/libdl-2.24.so
7f7399bfa000-7f7399bfb000 rw-p 00003000 08:01 1842967                    /lib/x86_64-linux-gnu/libdl-2.24.so
7f7399bfb000-7f7399c0a000 r-xp 00000000 08:01 2118358                    /usr/lib/jvm/java-11-openjdk-amd64/lib/jli/libjli.so
7f7399c0a000-7f7399e09000 ---p 0000f000 08:01 2118358                    /usr/lib/jvm/java-11-openjdk-amd64/lib/jli/libjli.so
7f7399e09000-7f7399e0a000 r--p 0000e000 08:01 2118358                    /usr/lib/jvm/java-11-openjdk-amd64/lib/jli/libjli.so
7f7399e0a000-7f7399e0b000 rw-p 0000f000 08:01 2118358                    /usr/lib/jvm/java-11-openjdk-amd64/lib/jli/libjli.so
7f7399e0b000-7f7399e23000 r-xp 00000000 08:01 1843018                    /lib/x86_64-linux-gnu/libpthread-2.24.so
7f7399e23000-7f739a022000 ---p 00018000 08:01 1843018                    /lib/x86_64-linux-gnu/libpthread-2.24.so
7f739a022000-7f739a023000 r--p 00017000 08:01 1843018                    /lib/x86_64-linux-gnu/libpthread-2.24.so
7f739a023000-7f739a024000 rw-p 00018000 08:01 1843018                    /lib/x86_64-linux-gnu/libpthread-2.24.so
7f739a024000-7f739a028000 rw-p 00000000 00:00 0 
7f739a028000-7f739a041000 r-xp 00000000 08:01 1843043                    /lib/x86_64-linux-gnu/libz.so.1.2.8
7f739a041000-7f739a240000 ---p 00019000 08:01 1843043                    /lib/x86_64-linux-gnu/libz.so.1.2.8
7f739a240000-7f739a241000 r--p 00018000 08:01 1843043                    /lib/x86_64-linux-gnu/libz.so.1.2.8
7f739a241000-7f739a242000 rw-p 00019000 08:01 1843043                    /lib/x86_64-linux-gnu/libz.so.1.2.8
7f739a242000-7f739a265000 r-xp 00000000 08:01 1842937                    /lib/x86_64-linux-gnu/ld-2.24.so
7f739a27f000-7f739a2ab000 rw-p 00000000 00:00 0 
7f739a2ab000-7f739a347000 ---p 00000000 00:00 0 
7f739a347000-7f739a34c000 rw-p 00000000 00:00 0 
7f739a34c000-7f739a353000 ---p 00000000 00:00 0 
7f739a353000-7f739a355000 r--s 00007000 08:01 2379129                    /usr/share/java/java-atk-wrapper.jar
7f739a355000-7f739a359000 ---p 00000000 00:00 0 
7f739a359000-7f739a45a000 rw-p 00000000 00:00 0 
7f739a45b000-7f739a463000 rw-s 00000000 08:01 411604                     /tmp/hsperfdata_tanzachary/3673
7f739a463000-7f739a464000 ---p 00000000 00:00 0 
7f739a464000-7f739a465000 r--p 00000000 00:00 0 
7f739a465000-7f739a466000 r--p 00023000 08:01 1842937                    /lib/x86_64-linux-gnu/ld-2.24.so
7f739a466000-7f739a467000 rw-p 00024000 08:01 1842937                    /lib/x86_64-linux-gnu/ld-2.24.so
7f739a467000-7f739a468000 rw-p 00000000 00:00 0 
7fffe59e8000-7fffe5a09000 rw-p 00000000 00:00 0                          [stack]
7fffe5a79000-7fffe5a7c000 r--p 00000000 00:00 0                          [vvar]
7fffe5a7c000-7fffe5a7e000 r-xp 00000000 00:00 0                          [vdso]
ffffffffff600000-ffffffffff601000 r-xp 00000000 00:00 0                  [vsyscall]


VM Arguments:
jvm_args: -Dclassworlds.conf=/opt/maven/bin/m2.conf -Dmaven.home=/opt/maven -Dlibrary.jansi.path=/opt/maven/lib/jansi-native -Dmaven.multiModuleProjectDirectory=/home/tanzachary/step/portfolio 
java_command: org.codehaus.plexus.classworlds.launcher.Launcher package appengine:run
java_class_path (initial): /opt/maven/boot/plexus-classworlds-2.6.0.jar
Launcher Type: SUN_STANDARD

[Global flags]
     intx CICompilerCount                          = 2                                         {product} {ergonomic}
   size_t InitialHeapSize                          = 33554432                                  {product} {ergonomic}
   size_t MaxHeapSize                              = 524288000                                 {product} {ergonomic}
   size_t MaxNewSize                               = 174718976                                 {product} {ergonomic}
   size_t MinHeapDeltaBytes                        = 196608                                    {product} {ergonomic}
   size_t NewSize                                  = 11141120                                  {product} {ergonomic}
    uintx NonNMethodCodeHeapSize                   = 5825164                                {pd product} {ergonomic}
    uintx NonProfiledCodeHeapSize                  = 122916538                              {pd product} {ergonomic}
   size_t OldSize                                  = 22413312                                  {product} {ergonomic}
    uintx ProfiledCodeHeapSize                     = 122916538                              {pd product} {ergonomic}
    uintx ReservedCodeCacheSize                    = 251658240                              {pd product} {ergonomic}
     bool SegmentedCodeCache                       = true                                      {product} {ergonomic}
     bool UseCompressedClassPointers               = true                                 {lp64_product} {ergonomic}
     bool UseCompressedOops                        = true                                 {lp64_product} {ergonomic}
     bool UseSerialGC                              = true                                      {product} {ergonomic}

Logging:
Log output configuration:
 #0: stdout all=warning uptime,level,tags
 #1: stderr all=off uptime,level,tags

Environment Variables:
JAVA_HOME=/usr/lib/jvm/java-11-openjdk-amd64
PATH=/home/tanzachary/step/portfolio/node_modules/.bin:/home/tanzachary/gopath/bin:/google/gopath/bin:/home/tanzachary/.gems/bin:/usr/local/go/bin:/opt/gradle/bin:/opt/maven/bin:/usr/local/sbin:/usr/local/bin:/usr/sbin:/usr/bin:/sbin:/bin:/usr/local/nvm/versions/node/v10.14.2/bin:/google/go_appengine:/google/google_appengine:/google/migrate/anthos/
SHELL=/bin/bash

Signal Handlers:
SIGSEGV: [libjvm.so+0xd9bff0], sa_mask[0]=11111111011111111101111111111110, sa_flags=SA_RESTART|SA_SIGINFO
SIGBUS: [libjvm.so+0xd9bff0], sa_mask[0]=11111111011111111101111111111110, sa_flags=SA_RESTART|SA_SIGINFO
SIGFPE: [libjvm.so+0xd9bff0], sa_mask[0]=11111111011111111101111111111110, sa_flags=SA_RESTART|SA_SIGINFO
SIGPIPE: [libjvm.so+0xb8fcf0], sa_mask[0]=11111111011111111101111111111110, sa_flags=SA_RESTART|SA_SIGINFO
SIGXFSZ: [libjvm.so+0xb8fcf0], sa_mask[0]=11111111011111111101111111111110, sa_flags=SA_RESTART|SA_SIGINFO
SIGILL: [libjvm.so+0xd9bff0], sa_mask[0]=11111111011111111101111111111110, sa_flags=SA_RESTART|SA_SIGINFO
SIGUSR2: [libjvm.so+0xb8fb90], sa_mask[0]=00000000000000000000000000000000, sa_flags=SA_RESTART|SA_SIGINFO
SIGHUP: [libjvm.so+0xb8fef0], sa_mask[0]=11111111011111111101111111111110, sa_flags=SA_RESTART|SA_SIGINFO
SIGINT: [libjvm.so+0xb8fef0], sa_mask[0]=11111111011111111101111111111110, sa_flags=SA_RESTART|SA_SIGINFO
SIGTERM: [libjvm.so+0xb8fef0], sa_mask[0]=11111111011111111101111111111110, sa_flags=SA_RESTART|SA_SIGINFO
SIGQUIT: [libjvm.so+0xb8fef0], sa_mask[0]=11111111011111111101111111111110, sa_flags=SA_RESTART|SA_SIGINFO


---------------  S Y S T E M  ---------------

OS:PRETTY_NAME="Debian GNU/Linux 9 (stretch)"
NAME="Debian GNU/Linux"
VERSION_ID="9"
VERSION="9 (stretch)"
VERSION_CODENAME=stretch
ID=debian
HOME_URL="https://www.debian.org/"
SUPPORT_URL="https://www.debian.org/support"
BUG_REPORT_URL="https://bugs.debian.org/"
uname:Linux 4.19.112+ #1 SMP Wed May 6 00:27:44 PDT 2020 x86_64
libc:glibc 2.24 NPTL 2.24 
rlimit: STACK 8192k, CORE infinity, NPROC infinity, NOFILE 1048576, AS infinity, DATA infinity, FSIZE infinity
load average:1.00 0.51 0.49

/proc/meminfo:
MemTotal:        2043884 kB
MemFree:          179844 kB
MemAvailable:     873156 kB
Buffers:           74784 kB
Cached:           641072 kB
SwapCached:          740 kB
Active:           831384 kB
Inactive:         715500 kB
Active(anon):     404984 kB
Inactive(anon):   406612 kB
Active(file):     426400 kB
Inactive(file):   308888 kB
Unevictable:           0 kB
Mlocked:               0 kB
SwapTotal:        786428 kB
SwapFree:         702204 kB
Dirty:              2604 kB
Writeback:             0 kB
AnonPages:        830328 kB
Mapped:           380160 kB
Shmem:               820 kB
Slab:             196656 kB
SReclaimable:     145664 kB
SUnreclaim:        50992 kB
KernelStack:        8032 kB
PageTables:        13544 kB
NFS_Unstable:          0 kB
Bounce:                0 kB
WritebackTmp:          0 kB
CommitLimit:     1808368 kB
Committed_AS:    5129588 kB
VmallocTotal:   34359738367 kB
VmallocUsed:           0 kB
VmallocChunk:          0 kB
Percpu:              968 kB
AnonHugePages:      2048 kB
ShmemHugePages:        0 kB
ShmemPmdMapped:        0 kB
HugePages_Total:       0
HugePages_Free:        0
HugePages_Rsvd:        0
HugePages_Surp:        0
Hugepagesize:       2048 kB
Hugetlb:               0 kB
DirectMap4k:       85180 kB
DirectMap2M:     2011136 kB
DirectMap1G:           0 kB


/proc/sys/kernel/threads-max (system-wide limit on the number of threads):
15631


/proc/sys/vm/max_map_count (maximum number of memory map areas a process may have):
65530


/proc/sys/kernel/pid_max (system-wide limit on number of process identifiers):
4194304



container (cgroup) information:
container_type: cgroupv1
cpu_cpuset_cpus: 0-1
cpu_memory_nodes: 0
active_processor_count: 1
cpu_quota: -1
cpu_period: 100000
cpu_shares: 2
memory_limit_in_bytes: -1
memory_and_swap_limit_in_bytes: -1
memory_soft_limit_in_bytes: -1
memory_usage_in_bytes: 558866432
memory_max_usage_in_bytes: 684109824

KVM virtualization detected
Steal ticks since vm start: 0
Steal ticks percentage since vm start:  0.000

CPU:total 2 (initial active 1) (1 cores per cpu, 2 threads per core) family 6 model 63 stepping 0, cmov, cx8, fxsr, mmx, sse, sse2, sse3, ssse3, sse4.1, sse4.2, popcnt, avx, avx2, aes, clmul, erms, lzcnt, ht, tsc, tscinvbit, bmi1, bmi2, fma
CPU Model and flags from /proc/cpuinfo:
model name	: Intel(R) Xeon(R) CPU @ 2.30GHz
flags		: fpu vme de pse tsc msr pae mce cx8 apic sep mtrr pge mca cmov pat pse36 clflush mmx fxsr sse sse2 ss ht syscall nx pdpe1gb rdtscp lm constant_tsc rep_good nopl xtopology nonstop_tsc cpuid tsc_known_freq pni pclmulqdq ssse3 fma cx16 pcid sse4_1 sse4_2 x2apic movbe popcnt aes xsave avx f16c rdrand hypervisor lahf_lm abm invpcid_single pti ssbd ibrs ibpb stibp fsgsbase tsc_adjust bmi1 avx2 smep bmi2 erms invpcid xsaveopt arat md_clear arch_capabilities

Memory: 4k page, physical 2043884k(179844k free), swap 786428k(702204k free)

vm_info: OpenJDK 64-Bit Server VM (11.0.6+10-post-Debian-1bpo91) for linux-amd64 JRE (11.0.6+10-post-Debian-1bpo91), built on Feb  1 2020 09:07:43 by "unknown" with gcc 6.3.0 20170516

END.
