#
# A fatal error has been detected by the Java Runtime Environment:
#
#  SIGSEGV (0xb) at pc=0x00007f57e2343bc0, pid=5620, tid=5620
#
# JRE version: OpenJDK Runtime Environment (11.0.6+10) (build 11.0.6+10-post-Debian-1bpo91)
# Java VM: OpenJDK 64-Bit Server VM (11.0.6+10-post-Debian-1bpo91, mixed mode, sharing, tiered, compressed oops, serial gc, linux-amd64)
# Problematic frame:
# V  [libjvm.so+0xb8fbc0]
#
# Core dump will be written. Default location: Core dumps may be processed with "/sbin/crash_reporter --user=%P:%s:%u:%g:%e" (or dumping to /home/tanzachary/step/portfolio/core.5620)
#
# If you would like to submit a bug report, please visit:
#   https://bugs.debian.org/openjdk-11
#

---------------  S U M M A R Y ------------

Command Line: -Dclassworlds.conf=/opt/maven/bin/m2.conf -Dmaven.home=/opt/maven -Dlibrary.jansi.path=/opt/maven/lib/jansi-native -Dmaven.multiModuleProjectDirectory=/home/tanzachary/step/portfolio org.codehaus.plexus.classworlds.launcher.Launcher package appengine:run

Host: Intel(R) Xeon(R) CPU @ 2.30GHz, 2 cores, 1G, Debian GNU/Linux 9 (stretch)
Time: Thu May 28 17:56:15 2020 EDT elapsed time: 60 seconds (0d 0h 1m 0s)

---------------  T H R E A D  ---------------

Current thread is native thread

Stack: [0x00007ffd72fe7000,0x00007ffd737e6000],  sp=0x00007ffd737e1300,  free space=8168k
Native frames: (J=compiled Java code, A=aot compiled Java code, j=interpreted, Vv=VM code, C=native code)
V  [libjvm.so+0xb8fbc0]
C  [libpthread.so.0+0x110e0]


siginfo: si_signo: 11 (SIGSEGV), si_code: 1 (SEGV_MAPERR), si_addr: 0x00000000000000d0

Register to memory mapping:

RAX=0x0 is NULL
RBX=
[error occurred during error reporting (printing register info), id 0xb, SIGSEGV (0xb) at pc=0x00007f57e24ea9e7]

Registers:
RAX=0x0000000000000000, RBX=0x00007f57e3986e18, RCX=0x00007f57e33436dd, RDX=0x0000000000000000
RSP=0x00007ffd737e1300, RBP=0x00007ffd737e13b0, RSI=0x00007ffd737e14f0, RDI=0x0000000000000001
R8 =0x00000000000000ca, R9 =0x00007f57e39859d0, R10=0x0000000000000000, R11=0x0000000000000246
R12=0x0000000000000000, R13=0x00007ffd737e14f0, R14=0x00007ffd737e13c0, R15=0x00007f57e3985d28
RIP=0x00007f57e2343bc0, EFLAGS=0x0000000000010246, CSGSFS=0x002b000000000033, ERR=0x0000000000000004
  TRAPNO=0x000000000000000e

Top of Stack: (sp=0x00007ffd737e1300)
0x00007ffd737e1300:   0000000001e5cb59 00007f57e2b99038
0x00007ffd737e1310:   00007ffd737e1430 00007f57e2b8bd90
0x00007ffd737e1320:   00007ffd737e1354 00007ffd737e1420
0x00007ffd737e1330:   0000556320094c70 000000000000000b 

Instructions: (pc=0x00007f57e2343bc0)
0x00007f57e2343ac0:   c0 74 03 c6 00 00 4c 89 f7 4c 89 fa 48 89 de e8
0x00007f57e2343ad0:   dc db 6d ff 4c 89 e7 e8 24 df 6d ff 48 81 c4 08
0x00007f57e2343ae0:   01 00 00 5b 41 5c 41 5d 41 5e 41 5f 5d c3 4c 89
0x00007f57e2343af0:   e2 be 00 01 00 00 48 89 df e8 92 e1 6d ff 48 85
0x00007f57e2343b00:   c0 74 ae 48 8d 35 b1 46 2f 00 48 89 df e8 5e df
0x00007f57e2343b10:   6d ff 48 85 c0 74 41 66 0f 1f 84 00 00 00 00 00
0x00007f57e2343b20:   be 22 00 00 00 48 89 df e8 d3 df 6d ff 48 85 c0
0x00007f57e2343b30:   74 46 48 8d 58 01 be 22 00 00 00 48 89 df e8 bd
0x00007f57e2343b40:   df 6d ff 48 85 c0 0f 85 77 ff ff ff e9 75 ff ff
0x00007f57e2343b50:   ff 0f 1f 80 00 00 00 00 48 8d 35 71 46 2f 00 48
0x00007f57e2343b60:   89 df e8 09 df 6d ff 48 85 c0 0f 84 41 ff ff ff
0x00007f57e2343b70:   eb ae 66 0f 1f 44 00 00 48 89 df be 3d 00 00 00
0x00007f57e2343b80:   e8 7b df 6d ff 48 8d 58 01 e9 23 ff ff ff 66 90
0x00007f57e2343b90:   55 48 89 e5 41 57 41 56 41 55 41 54 49 89 d6 53
0x00007f57e2343ba0:   49 89 f5 48 81 ec 88 00 00 00 e8 81 e6 6d ff 48
0x00007f57e2343bb0:   89 c3 44 8b 20 e8 26 58 1a 00 31 d2 84 c0 75 38
0x00007f57e2343bc0:   48 83 ba d0 00 00 00 00 74 16 4c 8b ba 68 02 00
0x00007f57e2343bd0:   00 41 8b 87 a8 00 00 00 83 f8 01 74 2b 44 89 23
0x00007f57e2343be0:   48 81 c4 88 00 00 00 5b 41 5c 41 5d 41 5e 41 5f
0x00007f57e2343bf0:   5d c3 66 0f 1f 44 00 00 e8 f3 57 1a 00 48 89 c2
0x00007f57e2343c00:   eb be 66 0f 1f 44 00 00 4d 89 af b0 00 00 00 4d
0x00007f57e2343c10:   8d af a8 00 00 00 4d 89 b7 b8 00 00 00 ba 02 00
0x00007f57e2343c20:   00 00 be 01 00 00 00 4c 89 ef e8 01 cb ff ff 83
0x00007f57e2343c30:   f8 02 74 3c 85 c0 75 18 49 c7 87 b8 00 00 00 00
0x00007f57e2343c40:   00 00 00 49 c7 87 b0 00 00 00 00 00 00 00 eb 8d
0x00007f57e2343c50:   48 8d 05 51 96 7b 00 48 8d 3d 7a 4e 2f 00 be 64
0x00007f57e2343c60:   11 00 00 48 8b 00 c6 00 58 e8 22 16 ab ff eb c8
0x00007f57e2343c70:   4c 8d b5 50 ff ff ff 4c 89 f7 e8 11 e2 6d ff 4c
0x00007f57e2343c80:   89 f2 31 f6 31 ff e8 15 e3 6d ff 8b 35 ff 37 7d
0x00007f57e2343c90:   00 4c 89 f7 e8 c7 de 6d ff 48 8d 3d 60 73 81 00
0x00007f57e2343ca0:   be 01 00 00 00 e8 a6 bc 0c 00 66 0f 1f 44 00 00
0x00007f57e2343cb0:   4c 89 f7 e8 d8 e5 6d ff 31 d2 be 03 00 00 00 4c 


Stack slot to memory mapping:
stack at sp + 0 slots: 
[error occurred during error reporting (inspecting top of stack), id 0xb, SIGSEGV (0xb) at pc=0x00007f57e24ea9e7]


---------------  P R O C E S S  ---------------

VM state:not at safepoint (normal execution)

VM Mutex/Monitor currently owned by a thread: None

Heap address: 0x00000000e0c00000, size: 500 MB, Compressed Oops mode: 32-bit
Narrow klass base: 0x0000000800000000, Narrow klass shift: 3
Compressed class space size: 1073741824 Address: 0x0000000840000000

Heap:
 def new generation   total 10304K, used 1918K [0x00000000e0c00000, 0x00000000e1720000, 0x00000000eb2a0000)
  eden space 9216K,  20% used [0x00000000e0c00000, 0x00000000e0ddf908, 0x00000000e1500000)
  from space 1088K,   0% used [0x00000000e1500000, 0x00000000e1500000, 0x00000000e1610000)
  to   space 1088K,   0% used [0x00000000e1610000, 0x00000000e1610000, 0x00000000e1720000)
 tenured generation   total 22732K, used 13637K [0x00000000eb2a0000, 0x00000000ec8d3000, 0x0000000100000000)
   the space 22732K,  59% used [0x00000000eb2a0000, 0x00000000ebff1788, 0x00000000ebff1800, 0x00000000ec8d3000)
 Metaspace       used 21091K, capacity 21821K, committed 22064K, reserved 1069056K
  class space    used 2414K, capacity 2664K, committed 2688K, reserved 1048576K

Card table byte_map: [0x00007f57c4231000,0x00007f57c432c000] _byte_map_base: 0x00007f57c3b2b000

Polling page: 0x00007f57e3993000

Metaspace:

Usage:
  Non-class:     18.71 MB capacity,    18.24 MB ( 97%) used,   442.84 KB (  2%) free+waste,    37.44 KB ( <1%) overhead. 
      Class:      2.60 MB capacity,     2.36 MB ( 91%) used,   231.15 KB (  9%) free+waste,    18.00 KB ( <1%) overhead. 
       Both:     21.31 MB capacity,    20.60 MB ( 97%) used,   673.99 KB (  3%) free+waste,    55.44 KB ( <1%) overhead. 

Virtual space:
  Non-class space:       20.00 MB reserved,      18.92 MB ( 95%) committed 
      Class space:        1.00 GB reserved,       2.62 MB ( <1%) committed 
             Both:        1.02 GB reserved,      21.55 MB (  2%) committed 

Chunk freelists:
   Non-Class:  0 bytes
       Class:  0 bytes
        Both:  0 bytes

MaxMetaspaceSize: unlimited
CompressedClassSpaceSize: 1.00 GB

CodeHeap 'non-profiled nmethods': size=120036Kb used=1534Kb max_used=1534Kb free=118501Kb
 bounds [0x00007f57cbfc9000, 0x00007f57cc239000, 0x00007f57d3502000]
CodeHeap 'profiled nmethods': size=120032Kb used=8246Kb max_used=8246Kb free=111785Kb
 bounds [0x00007f57c4a91000, 0x00007f57c52a1000, 0x00007f57cbfc9000]
CodeHeap 'non-nmethods': size=5692Kb used=1148Kb max_used=1186Kb free=4543Kb
 bounds [0x00007f57c4502000, 0x00007f57c4772000, 0x00007f57c4a91000]
 total_blobs=5340 nmethods=4146 adapters=398
 compilation: enabled
              stopped_count=0, restarted_count=0
 full_count=0

Compilation events (20 events):
Event: 8.825 Thread 0x00007f57dc05b800 nmethod 4161 0x00007f57c529bb90 code [0x00007f57c529bd80, 0x00007f57c529c118]
Event: 8.838 Thread 0x00007f57dc05b800 4162       3       java.util.regex.Matcher::end (22 bytes)
Event: 8.838 Thread 0x00007f57dc05b800 nmethod 4162 0x00007f57c529c290 code [0x00007f57c529c460, 0x00007f57c529c708]
Event: 8.839 Thread 0x00007f57dc05b800 4163   !   3       java.io.BufferedWriter::write (117 bytes)
Event: 8.840 Thread 0x00007f57dc05b800 nmethod 4163 0x00007f57c529c810 code [0x00007f57c529ca20, 0x00007f57c529d188]
Event: 8.842 Thread 0x00007f57dc05b800 4164       3       java.io.OutputStreamWriter::write (11 bytes)
Event: 8.842 Thread 0x00007f57dc05b800 nmethod 4164 0x00007f57c529d510 code [0x00007f57c529d6e0, 0x00007f57c529d8a8]
Event: 8.843 Thread 0x00007f57dc05b800 4165   !   3       java.io.PrintStream::write (69 bytes)
Event: 8.843 Thread 0x00007f57dc05b800 nmethod 4165 0x00007f57c529d990 code [0x00007f57c529dbc0, 0x00007f57c529e3f8]
Event: 8.847 Thread 0x00007f57dc05b800 4166       3       java.io.PrintStream::print (9 bytes)
Event: 8.847 Thread 0x00007f57dc05b800 nmethod 4166 0x00007f57c529e710 code [0x00007f57c529e8e0, 0x00007f57c529eab8]
Event: 8.847 Thread 0x00007f57dc059800 nmethod 4156 0x00007f57cc147710 code [0x00007f57cc1478c0, 0x00007f57cc147bd8]
Event: 8.847 Thread 0x00007f57dc059800 4159       4       java.util.regex.Pattern$$Lambda$10/0x0000000840063440::is (9 bytes)
Event: 8.854 Thread 0x00007f57dc059800 nmethod 4159 0x00007f57cc147d90 code [0x00007f57cc147f20, 0x00007f57cc147f98]
Event: 8.854 Thread 0x00007f57dc059800 4160       4       java.io.OutputStream::flush (1 bytes)
Event: 8.857 Thread 0x00007f57dc059800 nmethod 4160 0x00007f57cc148010 code [0x00007f57cc1481a0, 0x00007f57cc148218]
Event: 8.886 Thread 0x00007f57dc059800 4167       4       java.nio.CharBuffer::charAt (16 bytes)
Event: 8.889 Thread 0x00007f57dc059800 nmethod 4167 0x00007f57cc148290 code [0x00007f57cc148420, 0x00007f57cc148558]
Event: 8.889 Thread 0x00007f57dc059800 4168       4       java.nio.HeapCharBuffer::get (15 bytes)
Event: 8.898 Thread 0x00007f57dc059800 nmethod 4168 0x00007f57cc148710 code [0x00007f57cc1488a0, 0x00007f57cc148998]

GC Heap History (20 events):
Event: 3.513 GC heap before
{Heap before GC invocations=12 (full 0):
 def new generation   total 9792K, used 9221K [0x00000000e0c00000, 0x00000000e16a0000, 0x00000000eb2a0000)
  eden space 8704K,  99% used [0x00000000e0c00000, 0x00000000e147c8e0, 0x00000000e1480000)
  from space 1088K,  48% used [0x00000000e1480000, 0x00000000e1504b58, 0x00000000e1590000)
  to   space 1088K,   0% used [0x00000000e1590000, 0x00000000e1590000, 0x00000000e16a0000)
 tenured generation   total 21888K, used 7835K [0x00000000eb2a0000, 0x00000000ec800000, 0x0000000100000000)
   the space 21888K,  35% used [0x00000000eb2a0000, 0x00000000eba46c38, 0x00000000eba46e00, 0x00000000ec800000)
 Metaspace       used 14075K, capacity 15631K, committed 15744K, reserved 1062912K
  class space    used 1611K, capacity 1833K, committed 1920K, reserved 1048576K
}
Event: 3.515 GC heap after
{Heap after GC invocations=13 (full 0):
 def new generation   total 9792K, used 864K [0x00000000e0c00000, 0x00000000e16a0000, 0x00000000eb2a0000)
  eden space 8704K,   0% used [0x00000000e0c00000, 0x00000000e0c00000, 0x00000000e1480000)
  from space 1088K,  79% used [0x00000000e1590000, 0x00000000e16683e0, 0x00000000e16a0000)
  to   space 1088K,   0% used [0x00000000e1480000, 0x00000000e1480000, 0x00000000e1590000)
 tenured generation   total 21888K, used 7835K [0x00000000eb2a0000, 0x00000000ec800000, 0x0000000100000000)
   the space 21888K,  35% used [0x00000000eb2a0000, 0x00000000eba46c38, 0x00000000eba46e00, 0x00000000ec800000)
 Metaspace       used 14075K, capacity 15631K, committed 15744K, reserved 1062912K
  class space    used 1611K, capacity 1833K, committed 1920K, reserved 1048576K
}
Event: 3.750 GC heap before
{Heap before GC invocations=13 (full 0):
 def new generation   total 9792K, used 9568K [0x00000000e0c00000, 0x00000000e16a0000, 0x00000000eb2a0000)
  eden space 8704K, 100% used [0x00000000e0c00000, 0x00000000e1480000, 0x00000000e1480000)
  from space 1088K,  79% used [0x00000000e1590000, 0x00000000e16683e0, 0x00000000e16a0000)
  to   space 1088K,   0% used [0x00000000e1480000, 0x00000000e1480000, 0x00000000e1590000)
 tenured generation   total 21888K, used 7835K [0x00000000eb2a0000, 0x00000000ec800000, 0x0000000100000000)
   the space 21888K,  35% used [0x00000000eb2a0000, 0x00000000eba46c38, 0x00000000eba46e00, 0x00000000ec800000)
 Metaspace       used 14536K, capacity 16049K, committed 16256K, reserved 1062912K
  class space    used 1639K, capacity 1867K, committed 1920K, reserved 1048576K
}
Event: 3.753 GC heap after
{Heap after GC invocations=14 (full 0):
 def new generation   total 9792K, used 986K [0x00000000e0c00000, 0x00000000e16a0000, 0x00000000eb2a0000)
  eden space 8704K,   0% used [0x00000000e0c00000, 0x00000000e0c00000, 0x00000000e1480000)
  from space 1088K,  90% used [0x00000000e1480000, 0x00000000e1576908, 0x00000000e1590000)
  to   space 1088K,   0% used [0x00000000e1590000, 0x00000000e1590000, 0x00000000e16a0000)
 tenured generation   total 21888K, used 8239K [0x00000000eb2a0000, 0x00000000ec800000, 0x0000000100000000)
   the space 21888K,  37% used [0x00000000eb2a0000, 0x00000000ebaabe38, 0x00000000ebaac000, 0x00000000ec800000)
 Metaspace       used 14536K, capacity 16049K, committed 16256K, reserved 1062912K
  class space    used 1639K, capacity 1867K, committed 1920K, reserved 1048576K
}
Event: 3.943 GC heap before
{Heap before GC invocations=14 (full 0):
 def new generation   total 9792K, used 9690K [0x00000000e0c00000, 0x00000000e16a0000, 0x00000000eb2a0000)
  eden space 8704K, 100% used [0x00000000e0c00000, 0x00000000e1480000, 0x00000000e1480000)
  from space 1088K,  90% used [0x00000000e1480000, 0x00000000e1576908, 0x00000000e1590000)
  to   space 1088K,   0% used [0x00000000e1590000, 0x00000000e1590000, 0x00000000e16a0000)
 tenured generation   total 21888K, used 8239K [0x00000000eb2a0000, 0x00000000ec800000, 0x0000000100000000)
   the space 21888K,  37% used [0x00000000eb2a0000, 0x00000000ebaabe38, 0x00000000ebaac000, 0x00000000ec800000)
 Metaspace       used 15024K, capacity 16518K, committed 16640K, reserved 1064960K
  class space    used 1667K, capacity 1934K, committed 2048K, reserved 1048576K
}
Event: 3.948 GC heap after
{Heap after GC invocations=15 (full 0):
 def new generation   total 9792K, used 525K [0x00000000e0c00000, 0x00000000e16a0000, 0x00000000eb2a0000)
  eden space 8704K,   0% used [0x00000000e0c00000, 0x00000000e0c00000, 0x00000000e1480000)
  from space 1088K,  48% used [0x00000000e1590000, 0x00000000e1613700, 0x00000000e16a0000)
  to   space 1088K,   0% used [0x00000000e1480000, 0x00000000e1480000, 0x00000000e1590000)
 tenured generation   total 21888K, used 9199K [0x00000000eb2a0000, 0x00000000ec800000, 0x0000000100000000)
   the space 21888K,  42% used [0x00000000eb2a0000, 0x00000000ebb9bc50, 0x00000000ebb9be00, 0x00000000ec800000)
 Metaspace       used 15024K, capacity 16518K, committed 16640K, reserved 1064960K
  class space    used 1667K, capacity 1934K, committed 2048K, reserved 1048576K
}
Event: 4.179 GC heap before
{Heap before GC invocations=15 (full 0):
 def new generation   total 9792K, used 9229K [0x00000000e0c00000, 0x00000000e16a0000, 0x00000000eb2a0000)
  eden space 8704K, 100% used [0x00000000e0c00000, 0x00000000e1480000, 0x00000000e1480000)
  from space 1088K,  48% used [0x00000000e1590000, 0x00000000e1613700, 0x00000000e16a0000)
  to   space 1088K,   0% used [0x00000000e1480000, 0x00000000e1480000, 0x00000000e1590000)
 tenured generation   total 21888K, used 9199K [0x00000000eb2a0000, 0x00000000ec800000, 0x0000000100000000)
   the space 21888K,  42% used [0x00000000eb2a0000, 0x00000000ebb9bc50, 0x00000000ebb9be00, 0x00000000ec800000)
 Metaspace       used 15704K, capacity 17202K, committed 17536K, reserved 1064960K
  class space    used 1788K, capacity 2078K, committed 2176K, reserved 1048576K
}
Event: 4.182 GC heap after
{Heap after GC invocations=16 (full 0):
 def new generation   total 9792K, used 958K [0x00000000e0c00000, 0x00000000e16a0000, 0x00000000eb2a0000)
  eden space 8704K,   0% used [0x00000000e0c00000, 0x00000000e0c00000, 0x00000000e1480000)
  from space 1088K,  88% used [0x00000000e1480000, 0x00000000e156fa98, 0x00000000e1590000)
  to   space 1088K,   0% used [0x00000000e1590000, 0x00000000e1590000, 0x00000000e16a0000)
 tenured generation   total 21888K, used 9199K [0x00000000eb2a0000, 0x00000000ec800000, 0x0000000100000000)
   the space 21888K,  42% used [0x00000000eb2a0000, 0x00000000ebb9bc50, 0x00000000ebb9be00, 0x00000000ec800000)
 Metaspace       used 15704K, capacity 17202K, committed 17536K, reserved 1064960K
  class space    used 1788K, capacity 2078K, committed 2176K, reserved 1048576K
}
Event: 4.564 GC heap before
{Heap before GC invocations=16 (full 0):
 def new generation   total 9792K, used 9662K [0x00000000e0c00000, 0x00000000e16a0000, 0x00000000eb2a0000)
  eden space 8704K, 100% used [0x00000000e0c00000, 0x00000000e1480000, 0x00000000e1480000)
  from space 1088K,  88% used [0x00000000e1480000, 0x00000000e156fa98, 0x00000000e1590000)
  to   space 1088K,   0% used [0x00000000e1590000, 0x00000000e1590000, 0x00000000e16a0000)
 tenured generation   total 21888K, used 9199K [0x00000000eb2a0000, 0x00000000ec800000, 0x0000000100000000)
   the space 21888K,  42% used [0x00000000eb2a0000, 0x00000000ebb9bc50, 0x00000000ebb9be00, 0x00000000ec800000)
 Metaspace       used 17466K, capacity 18448K, committed 18688K, reserved 1064960K
  class space    used 2003K, capacity 2261K, committed 2304K, reserved 1048576K
}
Event: 4.570 GC heap after
{Heap after GC invocations=17 (full 0):
 def new generation   total 9792K, used 1087K [0x00000000e0c00000, 0x00000000e16a0000, 0x00000000eb2a0000)
  eden space 8704K,   0% used [0x00000000e0c00000, 0x00000000e0c00000, 0x00000000e1480000)
  from space 1088K,  99% used [0x00000000e1590000, 0x00000000e169fff8, 0x00000000e16a0000)
  to   space 1088K,   0% used [0x00000000e1480000, 0x00000000e1480000, 0x00000000e1590000)
 tenured generation   total 21888K, used 9684K [0x00000000eb2a0000, 0x00000000ec800000, 0x0000000100000000)
   the space 21888K,  44% used [0x00000000eb2a0000, 0x00000000ebc150c0, 0x00000000ebc15200, 0x00000000ec800000)
 Metaspace       used 17466K, capacity 18448K, committed 18688K, reserved 1064960K
  class space    used 2003K, capacity 2261K, committed 2304K, reserved 1048576K
}
Event: 5.098 GC heap before
{Heap before GC invocations=17 (full 0):
 def new generation   total 9792K, used 9791K [0x00000000e0c00000, 0x00000000e16a0000, 0x00000000eb2a0000)
  eden space 8704K, 100% used [0x00000000e0c00000, 0x00000000e1480000, 0x00000000e1480000)
  from space 1088K,  99% used [0x00000000e1590000, 0x00000000e169fff8, 0x00000000e16a0000)
  to   space 1088K,   0% used [0x00000000e1480000, 0x00000000e1480000, 0x00000000e1590000)
 tenured generation   total 21888K, used 9684K [0x00000000eb2a0000, 0x00000000ec800000, 0x0000000100000000)
   the space 21888K,  44% used [0x00000000eb2a0000, 0x00000000ebc150c0, 0x00000000ebc15200, 0x00000000ec800000)
 Metaspace       used 17788K, capacity 18610K, committed 18688K, reserved 1064960K
  class space    used 2028K, capacity 2271K, committed 2304K, reserved 1048576K
}
Event: 5.106 GC heap after
{Heap after GC invocations=18 (full 0):
 def new generation   total 9792K, used 955K [0x00000000e0c00000, 0x00000000e16a0000, 0x00000000eb2a0000)
  eden space 8704K,   0% used [0x00000000e0c00000, 0x00000000e0c00000, 0x00000000e1480000)
  from space 1088K,  87% used [0x00000000e1480000, 0x00000000e156ed10, 0x00000000e1590000)
  to   space 1088K,   0% used [0x00000000e1590000, 0x00000000e1590000, 0x00000000e16a0000)
 tenured generation   total 21888K, used 10739K [0x00000000eb2a0000, 0x00000000ec800000, 0x0000000100000000)
   the space 21888K,  49% used [0x00000000eb2a0000, 0x00000000ebd1cef0, 0x00000000ebd1d000, 0x00000000ec800000)
 Metaspace       used 17788K, capacity 18610K, committed 18688K, reserved 1064960K
  class space    used 2028K, capacity 2271K, committed 2304K, reserved 1048576K
}
Event: 5.196 GC heap before
{Heap before GC invocations=18 (full 0):
 def new generation   total 9792K, used 9659K [0x00000000e0c00000, 0x00000000e16a0000, 0x00000000eb2a0000)
  eden space 8704K, 100% used [0x00000000e0c00000, 0x00000000e1480000, 0x00000000e1480000)
  from space 1088K,  87% used [0x00000000e1480000, 0x00000000e156ed10, 0x00000000e1590000)
  to   space 1088K,   0% used [0x00000000e1590000, 0x00000000e1590000, 0x00000000e16a0000)
 tenured generation   total 21888K, used 10739K [0x00000000eb2a0000, 0x00000000ec800000, 0x0000000100000000)
   the space 21888K,  49% used [0x00000000eb2a0000, 0x00000000ebd1cef0, 0x00000000ebd1d000, 0x00000000ec800000)
 Metaspace       used 17826K, capacity 18617K, committed 18688K, reserved 1064960K
  class space    used 2029K, capacity 2273K, committed 2304K, reserved 1048576K
}
Event: 5.201 GC heap after
{Heap after GC invocations=19 (full 0):
 def new generation   total 9792K, used 552K [0x00000000e0c00000, 0x00000000e16a0000, 0x00000000eb2a0000)
  eden space 8704K,   0% used [0x00000000e0c00000, 0x00000000e0c00000, 0x00000000e1480000)
  from space 1088K,  50% used [0x00000000e1590000, 0x00000000e161a220, 0x00000000e16a0000)
  to   space 1088K,   0% used [0x00000000e1480000, 0x00000000e1480000, 0x00000000e1590000)
 tenured generation   total 21888K, used 11524K [0x00000000eb2a0000, 0x00000000ec800000, 0x0000000100000000)
   the space 21888K,  52% used [0x00000000eb2a0000, 0x00000000ebde1380, 0x00000000ebde1400, 0x00000000ec800000)
 Metaspace       used 17826K, capacity 18617K, committed 18688K, reserved 1064960K
  class space    used 2029K, capacity 2273K, committed 2304K, reserved 1048576K
}
Event: 5.368 GC heap before
{Heap before GC invocations=19 (full 0):
 def new generation   total 9792K, used 9256K [0x00000000e0c00000, 0x00000000e16a0000, 0x00000000eb2a0000)
  eden space 8704K, 100% used [0x00000000e0c00000, 0x00000000e1480000, 0x00000000e1480000)
  from space 1088K,  50% used [0x00000000e1590000, 0x00000000e161a220, 0x00000000e16a0000)
  to   space 1088K,   0% used [0x00000000e1480000, 0x00000000e1480000, 0x00000000e1590000)
 tenured generation   total 21888K, used 11524K [0x00000000eb2a0000, 0x00000000ec800000, 0x0000000100000000)
   the space 21888K,  52% used [0x00000000eb2a0000, 0x00000000ebde1380, 0x00000000ebde1400, 0x00000000ec800000)
 Metaspace       used 17997K, capacity 18865K, committed 19072K, reserved 1067008K
  class space    used 2039K, capacity 2313K, committed 2432K, reserved 1048576K
}
Event: 5.371 GC heap after
{Heap after GC invocations=20 (full 0):
 def new generation   total 9792K, used 517K [0x00000000e0c00000, 0x00000000e16a0000, 0x00000000eb2a0000)
  eden space 8704K,   0% used [0x00000000e0c00000, 0x00000000e0c00000, 0x00000000e1480000)
  from space 1088K,  47% used [0x00000000e1480000, 0x00000000e1501720, 0x00000000e1590000)
  to   space 1088K,   0% used [0x00000000e1590000, 0x00000000e1590000, 0x00000000e16a0000)
 tenured generation   total 21888K, used 11933K [0x00000000eb2a0000, 0x00000000ec800000, 0x0000000100000000)
   the space 21888K,  54% used [0x00000000eb2a0000, 0x00000000ebe47510, 0x00000000ebe47600, 0x00000000ec800000)
 Metaspace       used 17997K, capacity 18865K, committed 19072K, reserved 1067008K
  class space    used 2039K, capacity 2313K, committed 2432K, reserved 1048576K
}
Event: 6.135 GC heap before
{Heap before GC invocations=20 (full 0):
 def new generation   total 9792K, used 9221K [0x00000000e0c00000, 0x00000000e16a0000, 0x00000000eb2a0000)
  eden space 8704K, 100% used [0x00000000e0c00000, 0x00000000e1480000, 0x00000000e1480000)
  from space 1088K,  47% used [0x00000000e1480000, 0x00000000e1501720, 0x00000000e1590000)
  to   space 1088K,   0% used [0x00000000e1590000, 0x00000000e1590000, 0x00000000e16a0000)
 tenured generation   total 21888K, used 11933K [0x00000000eb2a0000, 0x00000000ec800000, 0x0000000100000000)
   the space 21888K,  54% used [0x00000000eb2a0000, 0x00000000ebe47510, 0x00000000ebe47600, 0x00000000ec800000)
 Metaspace       used 19143K, capacity 19857K, committed 20096K, reserved 1067008K
  class space    used 2194K, capacity 2429K, committed 2432K, reserved 1048576K
}
Event: 6.141 GC heap after
{Heap after GC invocations=21 (full 0):
 def new generation   total 9792K, used 1088K [0x00000000e0c00000, 0x00000000e16a0000, 0x00000000eb2a0000)
  eden space 8704K,   0% used [0x00000000e0c00000, 0x00000000e0c00000, 0x00000000e1480000)
  from space 1088K, 100% used [0x00000000e1590000, 0x00000000e16a0000, 0x00000000e16a0000)
  to   space 1088K,   0% used [0x00000000e1480000, 0x00000000e1480000, 0x00000000e1590000)
 tenured generation   total 21888K, used 12309K [0x00000000eb2a0000, 0x00000000ec800000, 0x0000000100000000)
   the space 21888K,  56% used [0x00000000eb2a0000, 0x00000000ebea5710, 0x00000000ebea5800, 0x00000000ec800000)
 Metaspace       used 19143K, capacity 19857K, committed 20096K, reserved 1067008K
  class space    used 2194K, capacity 2429K, committed 2432K, reserved 1048576K
}
Event: 6.769 GC heap before
{Heap before GC invocations=21 (full 0):
 def new generation   total 9792K, used 3225K [0x00000000e0c00000, 0x00000000e16a0000, 0x00000000eb2a0000)
  eden space 8704K,  24% used [0x00000000e0c00000, 0x00000000e0e164f8, 0x00000000e1480000)
  from space 1088K, 100% used [0x00000000e1590000, 0x00000000e16a0000, 0x00000000e16a0000)
  to   space 1088K,   0% used [0x00000000e1480000, 0x00000000e1480000, 0x00000000e1590000)
 tenured generation   total 21888K, used 12309K [0x00000000eb2a0000, 0x00000000ec800000, 0x0000000100000000)
   the space 21888K,  56% used [0x00000000eb2a0000, 0x00000000ebea5710, 0x00000000ebea5800, 0x00000000ec800000)
 Metaspace       used 20436K, capacity 21096K, committed 21296K, reserved 1069056K
  class space    used 2333K, capacity 2570K, committed 2688K, reserved 1048576K
}
Event: 6.821 GC heap after
{Heap after GC invocations=22 (full 1):
 def new generation   total 10304K, used 0K [0x00000000e0c00000, 0x00000000e1720000, 0x00000000eb2a0000)
  eden space 9216K,   0% used [0x00000000e0c00000, 0x00000000e0c00000, 0x00000000e1500000)
  from space 1088K,   0% used [0x00000000e1500000, 0x00000000e1500000, 0x00000000e1610000)
  to   space 1088K,   0% used [0x00000000e1610000, 0x00000000e1610000, 0x00000000e1720000)
 tenured generation   total 22732K, used 13637K [0x00000000eb2a0000, 0x00000000ec8d3000, 0x0000000100000000)
   the space 22732K,  59% used [0x00000000eb2a0000, 0x00000000ebff1788, 0x00000000ebff1800, 0x00000000ec8d3000)
 Metaspace       used 20436K, capacity 21096K, committed 21296K, reserved 1069056K
  class space    used 2333K, capacity 2570K, committed 2688K, reserved 1048576K
}

Deoptimization events (20 events):
Event: 7.323 Thread 0x00007f57dd014800 Uncommon trap: trap_request=0xffffffc6 fr.pc=0x00007f57cc0a35f0 relative=0x0000000000000210
Event: 7.323 Thread 0x00007f57dd014800 Uncommon trap: reason=bimorphic_or_optimized_type_check action=maybe_recompile pc=0x00007f57cc0a35f0 method=java.util.regex.Pattern$BmpCharProperty.match(Ljava/util/regex/Matcher;ILjava/lang/CharSequence;)Z @ 14 c2
Event: 7.323 Thread 0x00007f57dd014800 DEOPT PACKING pc=0x00007f57cc0a35f0 sp=0x00007f57c1c5b550
Event: 7.323 Thread 0x00007f57dd014800 DEOPT UNPACKING pc=0x00007f57c452a3a5 sp=0x00007f57c1c5b500 mode 2
Event: 7.324 Thread 0x00007f57dd014800 Uncommon trap: trap_request=0xffffffc6 fr.pc=0x00007f57cc0fed7c relative=0x000000000000011c
Event: 7.324 Thread 0x00007f57dd014800 Uncommon trap: reason=bimorphic_or_optimized_type_check action=maybe_recompile pc=0x00007f57cc0fed7c method=java.lang.Character.codePointBefore(Ljava/lang/CharSequence;I)I @ 5 c2
Event: 7.324 Thread 0x00007f57dd014800 DEOPT PACKING pc=0x00007f57cc0fed7c sp=0x00007f57c1c5b600
Event: 7.324 Thread 0x00007f57dd014800 DEOPT UNPACKING pc=0x00007f57c452a3a5 sp=0x00007f57c1c5b5a8 mode 2
Event: 7.324 Thread 0x00007f57dd014800 Uncommon trap: trap_request=0xffffffc6 fr.pc=0x00007f57cc0fed7c relative=0x000000000000011c
Event: 7.324 Thread 0x00007f57dd014800 Uncommon trap: reason=bimorphic_or_optimized_type_check action=maybe_recompile pc=0x00007f57cc0fed7c method=java.lang.Character.codePointBefore(Ljava/lang/CharSequence;I)I @ 5 c2
Event: 7.324 Thread 0x00007f57dd014800 DEOPT PACKING pc=0x00007f57cc0fed7c sp=0x00007f57c1c5b600
Event: 7.324 Thread 0x00007f57dd014800 DEOPT UNPACKING pc=0x00007f57c452a3a5 sp=0x00007f57c1c5b5a8 mode 2
Event: 7.324 Thread 0x00007f57dd014800 Uncommon trap: trap_request=0xffffffc6 fr.pc=0x00007f57cc0fed7c relative=0x000000000000011c
Event: 7.324 Thread 0x00007f57dd014800 Uncommon trap: reason=bimorphic_or_optimized_type_check action=maybe_recompile pc=0x00007f57cc0fed7c method=java.lang.Character.codePointBefore(Ljava/lang/CharSequence;I)I @ 5 c2
Event: 7.324 Thread 0x00007f57dd014800 DEOPT PACKING pc=0x00007f57cc0fed7c sp=0x00007f57c1c5b600
Event: 7.324 Thread 0x00007f57dd014800 DEOPT UNPACKING pc=0x00007f57c452a3a5 sp=0x00007f57c1c5b5a8 mode 2
Event: 7.324 Thread 0x00007f57dd014800 Uncommon trap: trap_request=0xffffffc6 fr.pc=0x00007f57cc0fed7c relative=0x000000000000011c
Event: 7.324 Thread 0x00007f57dd014800 Uncommon trap: reason=bimorphic_or_optimized_type_check action=maybe_recompile pc=0x00007f57cc0fed7c method=java.lang.Character.codePointBefore(Ljava/lang/CharSequence;I)I @ 5 c2
Event: 7.324 Thread 0x00007f57dd014800 DEOPT PACKING pc=0x00007f57cc0fed7c sp=0x00007f57c1c5b600
Event: 7.324 Thread 0x00007f57dd014800 DEOPT UNPACKING pc=0x00007f57c452a3a5 sp=0x00007f57c1c5b5a8 mode 2

Classes redefined (0 events):
No events

Internal exceptions (18 events):
Event: 0.225 Thread 0x00007f57dc014000 Exception <a 'java/lang/NoSuchMethodError'{0x00000000e0f1daf0}: 'int java.lang.invoke.DirectMethodHandle$Holder.invokeSpecialIFC(java.lang.Object, java.lang.Object, int)'> (0x00000000e0f1daf0) thrown at [/build/openjdk-11-11.0.6+10/src/hotspot/share/inter
Event: 1.891 Thread 0x00007f57dc014000 Exception <a 'java/lang/NoClassDefFoundError'{0x00000000e0f9ffa8}: com/google/inject/servlet/ServletModuleTargetVisitor> (0x00000000e0f9ffa8) thrown at [/build/openjdk-11-11.0.6+10/src/hotspot/share/classfile/systemDictionary.cpp, line 220]
Event: 1.891 Thread 0x00007f57dc014000 Exception <a 'java/lang/NoClassDefFoundError'{0x00000000e0f9ffa8}> (0x00000000e0f9ffa8) thrown at [/build/openjdk-11-11.0.6+10/src/hotspot/share/prims/jvm.cpp, line 1301]
Event: 1.891 Thread 0x00007f57dc014000 Exception <a 'java/lang/NoClassDefFoundError'{0x00000000e0fa2ad0}: javax/annotation/Priority> (0x00000000e0fa2ad0) thrown at [/build/openjdk-11-11.0.6+10/src/hotspot/share/classfile/systemDictionary.cpp, line 220]
Event: 2.612 Thread 0x00007f57dc014000 Implicit null exception at 0x00007f57cc027305 to 0x00007f57cc0274de
Event: 2.612 Thread 0x00007f57dc014000 Implicit null exception at 0x00007f57cc02904b to 0x00007f57cc0294d2
Event: 4.220 Thread 0x00007f57dc014000 Exception <a 'java/lang/NoSuchMethodError'{0x00000000e0d19800}: 'java.lang.Object java.lang.invoke.DirectMethodHandle$Holder.invokeStatic(java.lang.Object, java.lang.Object, java.lang.Object, java.lang.Object, java.lang.Object, java.lang.Object, java.lang
Event: 4.222 Thread 0x00007f57dc014000 Exception <a 'java/lang/NoSuchMethodError'{0x00000000e0d27840}: 'java.lang.Object java.lang.invoke.DirectMethodHandle$Holder.invokeStatic(java.lang.Object, java.lang.Object, java.lang.Object, java.lang.Object, java.lang.Object, java.lang.Object, java.lang
Event: 4.224 Thread 0x00007f57dc014000 Exception <a 'java/lang/NoSuchMethodError'{0x00000000e0d35dd8}: 'java.lang.Object java.lang.invoke.DirectMethodHandle$Holder.invokeSpecial(java.lang.Object, java.lang.Object, int, int, java.lang.Object, java.lang.Object, java.lang.Object)'> (0x00000000e0d
Event: 4.224 Thread 0x00007f57dc014000 Exception <a 'java/lang/NoSuchMethodError'{0x00000000e0d39610}: 'java.lang.Object java.lang.invoke.DelegatingMethodHandle$Holder.reinvoke_L(java.lang.Object, int, int, java.lang.Object, java.lang.Object, java.lang.Object)'> (0x00000000e0d39610) thrown at 
Event: 4.225 Thread 0x00007f57dc014000 Exception <a 'java/lang/NoSuchMethodError'{0x00000000e0d3dc40}: 'java.lang.Object java.lang.invoke.DirectMethodHandle$Holder.invokeStatic(java.lang.Object, java.lang.Object, java.lang.Object, java.lang.Object, int)'> (0x00000000e0d3dc40) thrown at [/build
Event: 4.619 Thread 0x00007f57dc014000 Exception <a 'java/lang/NoSuchMethodError'{0x00000000e0cae960}: 'java.lang.Object java.lang.invoke.DirectMethodHandle$Holder.invokeStatic(java.lang.Object, int, java.lang.Object)'> (0x00000000e0cae960) thrown at [/build/openjdk-11-11.0.6+10/src/hotspot/sh
Event: 5.532 Thread 0x00007f57dc014000 Exception <a 'java/lang/NoSuchMethodError'{0x00000000e11c0210}: 'java.lang.Object java.lang.invoke.DirectMethodHandle$Holder.invokeStaticInit(java.lang.Object, java.lang.Object, long, java.lang.Object)'> (0x00000000e11c0210) thrown at [/build/openjdk-11-1
Event: 5.534 Thread 0x00007f57dc014000 Exception <a 'java/lang/NoSuchMethodError'{0x00000000e11cc370}: 'java.lang.Object java.lang.invoke.Invokers$Holder.linkToTargetMethod(java.lang.Object, long, java.lang.Object)'> (0x00000000e11cc370) thrown at [/build/openjdk-11-11.0.6+10/src/hotspot/share
Event: 5.539 Thread 0x00007f57dc014000 Exception <a 'java/lang/NoSuchMethodError'{0x00000000e11d30c0}: 'java.lang.Object java.lang.invoke.DirectMethodHandle$Holder.invokeStatic(java.lang.Object, java.lang.Object, java.lang.Object, int)'> (0x00000000e11d30c0) thrown at [/build/openjdk-11-11.0.6
Event: 5.539 Thread 0x00007f57dc014000 Exception <a 'java/lang/NoSuchMethodError'{0x00000000e11d6a88}: 'java.lang.Object java.lang.invoke.DirectMethodHandle$Holder.invokeSpecial(java.lang.Object, java.lang.Object, java.lang.Object, java.lang.Object, int)'> (0x00000000e11d6a88) thrown at [/buil
Event: 5.539 Thread 0x00007f57dc014000 Exception <a 'java/lang/NoSuchMethodError'{0x00000000e11d9af0}: 'java.lang.Object java.lang.invoke.Invokers$Holder.linkToTargetMethod(java.lang.Object, java.lang.Object, int, java.lang.Object)'> (0x00000000e11d9af0) thrown at [/build/openjdk-11-11.0.6+10/
Event: 6.874 Thread 0x00007f57dc014000 Exception <a 'java/lang/ClassNotFoundException'{0x00000000e0d46da0}: sun/util/logging/resources/spi/loggingProvider> (0x00000000e0d46da0) thrown at [/build/openjdk-11-11.0.6+10/src/hotspot/share/classfile/systemDictionary.cpp, line 231]

Events (20 events):
Event: 6.875 loading class sun/util/logging/resources/logging_en
Event: 6.875 loading class sun/util/logging/resources/logging_en done
Event: 6.876 loading class sun/util/logging/resources/logging_en_US
Event: 6.876 loading class sun/util/logging/resources/logging_en_US done
Event: 6.876 loading class sun/util/logging/resources/logging_en_US
Event: 6.876 loading class sun/util/logging/resources/logging_en_US done
Event: 6.886 loading class java/util/Scanner
Event: 6.886 loading class java/util/Scanner done
Event: 6.889 loading class java/util/Scanner$PatternLRUCache
Event: 6.889 loading class java/util/Scanner$PatternLRUCache done
Event: 6.899 Thread 0x00007f57dcff7000 Thread added: 0x00007f57dcff7000
Event: 6.899 Protecting memory [0x00007f57c1c5d000,0x00007f57c1c61000] with protection modes 0
Event: 6.899 Thread 0x00007f57dd014800 Thread added: 0x00007f57dd014800
Event: 6.899 Protecting memory [0x00007f57c1b5c000,0x00007f57c1b60000] with protection modes 0
Event: 7.318 loading class java/util/regex/Matcher$ImmutableMatchResult
Event: 7.318 loading class java/util/regex/Matcher$ImmutableMatchResult done
Event: 7.318 loading class org/apache/maven/plugin/logging/Log
Event: 7.318 loading class org/apache/maven/plugin/logging/Log done
Event: 7.318 loading class org/apache/maven/plugin/logging/Log
Event: 7.318 loading class org/apache/maven/plugin/logging/Log done


Dynamic libraries:
e0c00000-e1720000 rw-p 00000000 00:00 0 
e1720000-eb2a0000 ---p 00000000 00:00 0 
eb2a0000-ec8d3000 rw-p 00000000 00:00 0 
ec8d3000-100000000 ---p 00000000 00:00 0 
800000000-800002000 rwxp 00001000 08:01 2118409                          /usr/lib/jvm/java-11-openjdk-amd64/lib/server/classes.jsa
800002000-8003b7000 rw-p 00003000 08:01 2118409                          /usr/lib/jvm/java-11-openjdk-amd64/lib/server/classes.jsa
8003b7000-800a8a000 r--p 003b8000 08:01 2118409                          /usr/lib/jvm/java-11-openjdk-amd64/lib/server/classes.jsa
800a8a000-800a8b000 rw-p 00a8b000 08:01 2118409                          /usr/lib/jvm/java-11-openjdk-amd64/lib/server/classes.jsa
800a8b000-801095000 r--p 00a8c000 08:01 2118409                          /usr/lib/jvm/java-11-openjdk-amd64/lib/server/classes.jsa
840000000-8402a0000 rw-p 00000000 00:00 0 
8402a0000-880000000 ---p 00000000 00:00 0 
55631eacf000-55631ead0000 r-xp 00000000 08:01 2118040                    /usr/lib/jvm/java-11-openjdk-amd64/bin/java
55631ecd0000-55631ecd1000 r--p 00001000 08:01 2118040                    /usr/lib/jvm/java-11-openjdk-amd64/bin/java
55631ecd1000-55631ecd2000 rw-p 00002000 08:01 2118040                    /usr/lib/jvm/java-11-openjdk-amd64/bin/java
55632007d000-5563200bf000 rw-p 00000000 00:00 0                          [heap]
7f578c000000-7f578c021000 rw-p 00000000 00:00 0 
7f578c021000-7f5790000000 ---p 00000000 00:00 0 
7f5790000000-7f5790021000 rw-p 00000000 00:00 0 
7f5790021000-7f5794000000 ---p 00000000 00:00 0 
7f5794000000-7f5794021000 rw-p 00000000 00:00 0 
7f5794021000-7f5798000000 ---p 00000000 00:00 0 
7f5798000000-7f5798021000 rw-p 00000000 00:00 0 
7f5798021000-7f579c000000 ---p 00000000 00:00 0 
7f579c000000-7f579c021000 rw-p 00000000 00:00 0 
7f579c021000-7f57a0000000 ---p 00000000 00:00 0 
7f57a0000000-7f57a0021000 rw-p 00000000 00:00 0 
7f57a0021000-7f57a4000000 ---p 00000000 00:00 0 
7f57a4000000-7f57a4ee7000 rw-p 00000000 00:00 0 
7f57a4ee7000-7f57a8000000 ---p 00000000 00:00 0 
7f57a8000000-7f57a8021000 rw-p 00000000 00:00 0 
7f57a8021000-7f57ac000000 ---p 00000000 00:00 0 
7f57ac000000-7f57ac021000 rw-p 00000000 00:00 0 
7f57ac021000-7f57b0000000 ---p 00000000 00:00 0 
7f57b0000000-7f57b140c000 rw-p 00000000 00:00 0 
7f57b140c000-7f57b4000000 ---p 00000000 00:00 0 
7f57b4000000-7f57b4021000 rw-p 00000000 00:00 0 
7f57b4021000-7f57b8000000 ---p 00000000 00:00 0 
7f57b8000000-7f57b8021000 rw-p 00000000 00:00 0 
7f57b8021000-7f57bc000000 ---p 00000000 00:00 0 
7f57bc000000-7f57bc028000 rw-p 00000000 00:00 0 
7f57bc028000-7f57c0000000 ---p 00000000 00:00 0 
7f57c1740000-7f57c1940000 rw-p 00000000 00:00 0 
7f57c195c000-7f57c1a48000 rw-p 00000000 00:00 0 
7f57c1a48000-7f57c1b5c000 ---p 00000000 00:00 0 
7f57c1b5c000-7f57c1b60000 ---p 00000000 00:00 0 
7f57c1b60000-7f57c1c5d000 rw-p 00000000 00:00 0 
7f57c1c5d000-7f57c1c61000 ---p 00000000 00:00 0 
7f57c1c61000-7f57c1d5e000 rw-p 00000000 00:00 0 
7f57c1d5e000-7f57c1d62000 ---p 00000000 00:00 0 
7f57c1d62000-7f57c1f80000 rw-p 00000000 00:00 0 
7f57c1f80000-7f57c2180000 rw-p 00000000 00:00 0 
7f57c2180000-7f57c2380000 rw-p 00000000 00:00 0 
7f57c2380000-7f57c2580000 rw-p 00000000 00:00 0 
7f57c2580000-7f57c2582000 r-xp 00000000 08:01 1843038                    /lib/x86_64-linux-gnu/libutil-2.24.so
7f57c2582000-7f57c2781000 ---p 00002000 08:01 1843038                    /lib/x86_64-linux-gnu/libutil-2.24.so
7f57c2781000-7f57c2782000 r--p 00001000 08:01 1843038                    /lib/x86_64-linux-gnu/libutil-2.24.so
7f57c2782000-7f57c2783000 rw-p 00002000 08:01 1843038                    /lib/x86_64-linux-gnu/libutil-2.24.so
7f57c2783000-7f57c2786000 r-xp 00000000 08:01 1993728                    /opt/maven/lib/jansi-native/linux64/libjansi.so
7f57c2786000-7f57c2985000 ---p 00003000 08:01 1993728                    /opt/maven/lib/jansi-native/linux64/libjansi.so
7f57c2985000-7f57c2986000 rw-p 00002000 08:01 1993728                    /opt/maven/lib/jansi-native/linux64/libjansi.so
7f57c2986000-7f57c299c000 r-xp 00000000 08:01 2118388                    /usr/lib/jvm/java-11-openjdk-amd64/lib/libnet.so
7f57c299c000-7f57c2b9b000 ---p 00016000 08:01 2118388                    /usr/lib/jvm/java-11-openjdk-amd64/lib/libnet.so
7f57c2b9b000-7f57c2b9c000 r--p 00015000 08:01 2118388                    /usr/lib/jvm/java-11-openjdk-amd64/lib/libnet.so
7f57c2b9c000-7f57c2b9d000 rw-p 00016000 08:01 2118388                    /usr/lib/jvm/java-11-openjdk-amd64/lib/libnet.so
7f57c2b9d000-7f57c2bad000 r-xp 00000000 08:01 2118389                    /usr/lib/jvm/java-11-openjdk-amd64/lib/libnio.so
7f57c2bad000-7f57c2dac000 ---p 00010000 08:01 2118389                    /usr/lib/jvm/java-11-openjdk-amd64/lib/libnio.so
7f57c2dac000-7f57c2dad000 r--p 0000f000 08:01 2118389                    /usr/lib/jvm/java-11-openjdk-amd64/lib/libnio.so
7f57c2dad000-7f57c2dae000 rw-p 00010000 08:01 2118389                    /usr/lib/jvm/java-11-openjdk-amd64/lib/libnio.so
7f57c2dae000-7f57c2db2000 ---p 00000000 00:00 0 
7f57c2db2000-7f57c2eaf000 rw-p 00000000 00:00 0 
7f57c2eaf000-7f57c2eb0000 ---p 00000000 00:00 0 
7f57c2eb0000-7f57c2fb1000 rw-p 00000000 00:00 0 
7f57c2fb1000-7f57c2fb5000 ---p 00000000 00:00 0 
7f57c2fb5000-7f57c30b2000 rw-p 00000000 00:00 0 
7f57c30b2000-7f57c30b6000 ---p 00000000 00:00 0 
7f57c30b6000-7f57c31b3000 rw-p 00000000 00:00 0 
7f57c31b3000-7f57c31b7000 ---p 00000000 00:00 0 
7f57c31b7000-7f57c32b4000 rw-p 00000000 00:00 0 
7f57c32b4000-7f57c32b8000 ---p 00000000 00:00 0 
7f57c32b8000-7f57c33b5000 rw-p 00000000 00:00 0 
7f57c33b5000-7f57c33b9000 ---p 00000000 00:00 0 
7f57c33b9000-7f57c34b6000 rw-p 00000000 00:00 0 
7f57c34b6000-7f57c3651000 r--p 00000000 08:01 1850658                    /usr/lib/locale/locale-archive
7f57c3651000-7f57c3655000 ---p 00000000 00:00 0 
7f57c3655000-7f57c3752000 rw-p 00000000 00:00 0 
7f57c3752000-7f57c3756000 ---p 00000000 00:00 0 
7f57c3756000-7f57c3853000 rw-p 00000000 00:00 0 
7f57c3853000-7f57c3854000 ---p 00000000 00:00 0 
7f57c3854000-7f57c4231000 rw-p 00000000 00:00 0 
7f57c4231000-7f57c4237000 rw-p 00000000 00:00 0 
7f57c4237000-7f57c4284000 ---p 00000000 00:00 0 
7f57c4284000-7f57c4290000 rw-p 00000000 00:00 0 
7f57c4290000-7f57c432b000 ---p 00000000 00:00 0 
7f57c432b000-7f57c4331000 rw-p 00000000 00:00 0 
7f57c4331000-7f57c4417000 ---p 00000000 00:00 0 
7f57c4417000-7f57c4428000 rw-p 00000000 00:00 0 
7f57c4428000-7f57c4502000 ---p 00000000 00:00 0 
7f57c4502000-7f57c4772000 rwxp 00000000 00:00 0 
7f57c4772000-7f57c4a91000 ---p 00000000 00:00 0 
7f57c4a91000-7f57c52a1000 rwxp 00000000 00:00 0 
7f57c52a1000-7f57cbfc9000 ---p 00000000 00:00 0 
7f57cbfc9000-7f57cc239000 rwxp 00000000 00:00 0 
7f57cc239000-7f57d3502000 ---p 00000000 00:00 0 
7f57d3502000-7f57dbbf2000 r--s 00000000 08:01 2118399                    /usr/lib/jvm/java-11-openjdk-amd64/lib/modules
7f57dbbf2000-7f57dbbf7000 r-xp 00000000 08:01 2118380                    /usr/lib/jvm/java-11-openjdk-amd64/lib/libjimage.so
7f57dbbf7000-7f57dbdf6000 ---p 00005000 08:01 2118380                    /usr/lib/jvm/java-11-openjdk-amd64/lib/libjimage.so
7f57dbdf6000-7f57dbdf7000 r--p 00004000 08:01 2118380                    /usr/lib/jvm/java-11-openjdk-amd64/lib/libjimage.so
7f57dbdf7000-7f57dbdf8000 rw-p 00005000 08:01 2118380                    /usr/lib/jvm/java-11-openjdk-amd64/lib/libjimage.so
7f57dbdf8000-7f57dbdff000 r-xp 00000000 08:01 2118398                    /usr/lib/jvm/java-11-openjdk-amd64/lib/libzip.so
7f57dbdff000-7f57dbffe000 ---p 00007000 08:01 2118398                    /usr/lib/jvm/java-11-openjdk-amd64/lib/libzip.so
7f57dbffe000-7f57dbfff000 r--p 00006000 08:01 2118398                    /usr/lib/jvm/java-11-openjdk-amd64/lib/libzip.so
7f57dbfff000-7f57dc000000 rw-p 00007000 08:01 2118398                    /usr/lib/jvm/java-11-openjdk-amd64/lib/libzip.so
7f57dc000000-7f57dd033000 rw-p 00000000 00:00 0 
7f57dd033000-7f57e0000000 ---p 00000000 00:00 0 
7f57e001d000-7f57e0097000 rw-p 00000000 00:00 0 
7f57e0097000-7f57e00a1000 r-xp 00000000 08:01 1843001                    /lib/x86_64-linux-gnu/libnss_files-2.24.so
7f57e00a1000-7f57e02a1000 ---p 0000a000 08:01 1843001                    /lib/x86_64-linux-gnu/libnss_files-2.24.so
7f57e02a1000-7f57e02a2000 r--p 0000a000 08:01 1843001                    /lib/x86_64-linux-gnu/libnss_files-2.24.so
7f57e02a2000-7f57e02a3000 rw-p 0000b000 08:01 1843001                    /lib/x86_64-linux-gnu/libnss_files-2.24.so
7f57e02a3000-7f57e02a9000 rw-p 00000000 00:00 0 
7f57e02a9000-7f57e02b4000 r-xp 00000000 08:01 1843005                    /lib/x86_64-linux-gnu/libnss_nis-2.24.so
7f57e02b4000-7f57e04b3000 ---p 0000b000 08:01 1843005                    /lib/x86_64-linux-gnu/libnss_nis-2.24.so
7f57e04b3000-7f57e04b4000 r--p 0000a000 08:01 1843005                    /lib/x86_64-linux-gnu/libnss_nis-2.24.so
7f57e04b4000-7f57e04b5000 rw-p 0000b000 08:01 1843005                    /lib/x86_64-linux-gnu/libnss_nis-2.24.so
7f57e04b5000-7f57e04c9000 r-xp 00000000 08:01 1842995                    /lib/x86_64-linux-gnu/libnsl-2.24.so
7f57e04c9000-7f57e06c9000 ---p 00014000 08:01 1842995                    /lib/x86_64-linux-gnu/libnsl-2.24.so
7f57e06c9000-7f57e06ca000 r--p 00014000 08:01 1842995                    /lib/x86_64-linux-gnu/libnsl-2.24.so
7f57e06ca000-7f57e06cb000 rw-p 00015000 08:01 1842995                    /lib/x86_64-linux-gnu/libnsl-2.24.so
7f57e06cb000-7f57e06cd000 rw-p 00000000 00:00 0 
7f57e06cd000-7f57e06d4000 r-xp 00000000 08:01 1842997                    /lib/x86_64-linux-gnu/libnss_compat-2.24.so
7f57e06d4000-7f57e08d3000 ---p 00007000 08:01 1842997                    /lib/x86_64-linux-gnu/libnss_compat-2.24.so
7f57e08d3000-7f57e08d4000 r--p 00006000 08:01 1842997                    /lib/x86_64-linux-gnu/libnss_compat-2.24.so
7f57e08d4000-7f57e08d5000 rw-p 00007000 08:01 1842997                    /lib/x86_64-linux-gnu/libnss_compat-2.24.so
7f57e08d5000-7f57e08fe000 r-xp 00000000 08:01 2118376                    /usr/lib/jvm/java-11-openjdk-amd64/lib/libjava.so
7f57e08fe000-7f57e0afd000 ---p 00029000 08:01 2118376                    /usr/lib/jvm/java-11-openjdk-amd64/lib/libjava.so
7f57e0afd000-7f57e0afe000 r--p 00028000 08:01 2118376                    /usr/lib/jvm/java-11-openjdk-amd64/lib/libjava.so
7f57e0afe000-7f57e0b00000 rw-p 00029000 08:01 2118376                    /usr/lib/jvm/java-11-openjdk-amd64/lib/libjava.so
7f57e0b00000-7f57e0b0d000 r-xp 00000000 08:01 2118397                    /usr/lib/jvm/java-11-openjdk-amd64/lib/libverify.so
7f57e0b0d000-7f57e0d0c000 ---p 0000d000 08:01 2118397                    /usr/lib/jvm/java-11-openjdk-amd64/lib/libverify.so
7f57e0d0c000-7f57e0d0e000 r--p 0000c000 08:01 2118397                    /usr/lib/jvm/java-11-openjdk-amd64/lib/libverify.so
7f57e0d0e000-7f57e0d0f000 rw-p 0000e000 08:01 2118397                    /usr/lib/jvm/java-11-openjdk-amd64/lib/libverify.so
7f57e0d0f000-7f57e0d16000 r-xp 00000000 08:01 1843022                    /lib/x86_64-linux-gnu/librt-2.24.so
7f57e0d16000-7f57e0f15000 ---p 00007000 08:01 1843022                    /lib/x86_64-linux-gnu/librt-2.24.so
7f57e0f15000-7f57e0f16000 r--p 00006000 08:01 1843022                    /lib/x86_64-linux-gnu/librt-2.24.so
7f57e0f16000-7f57e0f17000 rw-p 00007000 08:01 1843022                    /lib/x86_64-linux-gnu/librt-2.24.so
7f57e0f17000-7f57e0f2d000 r-xp 00000000 08:01 1842975                    /lib/x86_64-linux-gnu/libgcc_s.so.1
7f57e0f2d000-7f57e112c000 ---p 00016000 08:01 1842975                    /lib/x86_64-linux-gnu/libgcc_s.so.1
7f57e112c000-7f57e112d000 r--p 00015000 08:01 1842975                    /lib/x86_64-linux-gnu/libgcc_s.so.1
7f57e112d000-7f57e112e000 rw-p 00016000 08:01 1842975                    /lib/x86_64-linux-gnu/libgcc_s.so.1
7f57e112e000-7f57e1231000 r-xp 00000000 08:01 1842984                    /lib/x86_64-linux-gnu/libm-2.24.so
7f57e1231000-7f57e1430000 ---p 00103000 08:01 1842984                    /lib/x86_64-linux-gnu/libm-2.24.so
7f57e1430000-7f57e1431000 r--p 00102000 08:01 1842984                    /lib/x86_64-linux-gnu/libm-2.24.so
7f57e1431000-7f57e1432000 rw-p 00103000 08:01 1842984                    /lib/x86_64-linux-gnu/libm-2.24.so
7f57e1432000-7f57e15a4000 r-xp 00000000 08:01 1843740                    /usr/lib/x86_64-linux-gnu/libstdc++.so.6.0.22
7f57e15a4000-7f57e17a4000 ---p 00172000 08:01 1843740                    /usr/lib/x86_64-linux-gnu/libstdc++.so.6.0.22
7f57e17a4000-7f57e17ae000 r--p 00172000 08:01 1843740                    /usr/lib/x86_64-linux-gnu/libstdc++.so.6.0.22
7f57e17ae000-7f57e17b0000 rw-p 0017c000 08:01 1843740                    /usr/lib/x86_64-linux-gnu/libstdc++.so.6.0.22
7f57e17b0000-7f57e17b4000 rw-p 00000000 00:00 0 
7f57e17b4000-7f57e283c000 r-xp 00000000 08:01 2118411                    /usr/lib/jvm/java-11-openjdk-amd64/lib/server/libjvm.so
7f57e283c000-7f57e2a3b000 ---p 01088000 08:01 2118411                    /usr/lib/jvm/java-11-openjdk-amd64/lib/server/libjvm.so
7f57e2a3b000-7f57e2af8000 r--p 01087000 08:01 2118411                    /usr/lib/jvm/java-11-openjdk-amd64/lib/server/libjvm.so
7f57e2af8000-7f57e2b32000 rw-p 01144000 08:01 2118411                    /usr/lib/jvm/java-11-openjdk-amd64/lib/server/libjvm.so
7f57e2b32000-7f57e2b88000 rw-p 00000000 00:00 0 
7f57e2b88000-7f57e2d1d000 r-xp 00000000 08:01 1842955                    /lib/x86_64-linux-gnu/libc-2.24.so
7f57e2d1d000-7f57e2f1d000 ---p 00195000 08:01 1842955                    /lib/x86_64-linux-gnu/libc-2.24.so
7f57e2f1d000-7f57e2f21000 r--p 00195000 08:01 1842955                    /lib/x86_64-linux-gnu/libc-2.24.so
7f57e2f21000-7f57e2f23000 rw-p 00199000 08:01 1842955                    /lib/x86_64-linux-gnu/libc-2.24.so
7f57e2f23000-7f57e2f27000 rw-p 00000000 00:00 0 
7f57e2f27000-7f57e2f2a000 r-xp 00000000 08:01 1842967                    /lib/x86_64-linux-gnu/libdl-2.24.so
7f57e2f2a000-7f57e3129000 ---p 00003000 08:01 1842967                    /lib/x86_64-linux-gnu/libdl-2.24.so
7f57e3129000-7f57e312a000 r--p 00002000 08:01 1842967                    /lib/x86_64-linux-gnu/libdl-2.24.so
7f57e312a000-7f57e312b000 rw-p 00003000 08:01 1842967                    /lib/x86_64-linux-gnu/libdl-2.24.so
7f57e312b000-7f57e313a000 r-xp 00000000 08:01 2118358                    /usr/lib/jvm/java-11-openjdk-amd64/lib/jli/libjli.so
7f57e313a000-7f57e3339000 ---p 0000f000 08:01 2118358                    /usr/lib/jvm/java-11-openjdk-amd64/lib/jli/libjli.so
7f57e3339000-7f57e333a000 r--p 0000e000 08:01 2118358                    /usr/lib/jvm/java-11-openjdk-amd64/lib/jli/libjli.so
7f57e333a000-7f57e333b000 rw-p 0000f000 08:01 2118358                    /usr/lib/jvm/java-11-openjdk-amd64/lib/jli/libjli.so
7f57e333b000-7f57e3353000 r-xp 00000000 08:01 1843018                    /lib/x86_64-linux-gnu/libpthread-2.24.so
7f57e3353000-7f57e3552000 ---p 00018000 08:01 1843018                    /lib/x86_64-linux-gnu/libpthread-2.24.so
7f57e3552000-7f57e3553000 r--p 00017000 08:01 1843018                    /lib/x86_64-linux-gnu/libpthread-2.24.so
7f57e3553000-7f57e3554000 rw-p 00018000 08:01 1843018                    /lib/x86_64-linux-gnu/libpthread-2.24.so
7f57e3554000-7f57e3558000 rw-p 00000000 00:00 0 
7f57e3558000-7f57e3571000 r-xp 00000000 08:01 1843043                    /lib/x86_64-linux-gnu/libz.so.1.2.8
7f57e3571000-7f57e3770000 ---p 00019000 08:01 1843043                    /lib/x86_64-linux-gnu/libz.so.1.2.8
7f57e3770000-7f57e3771000 r--p 00018000 08:01 1843043                    /lib/x86_64-linux-gnu/libz.so.1.2.8
7f57e3771000-7f57e3772000 rw-p 00019000 08:01 1843043                    /lib/x86_64-linux-gnu/libz.so.1.2.8
7f57e3772000-7f57e3795000 r-xp 00000000 08:01 1842937                    /lib/x86_64-linux-gnu/ld-2.24.so
7f57e37af000-7f57e37dc000 rw-p 00000000 00:00 0 
7f57e37dc000-7f57e3877000 ---p 00000000 00:00 0 
7f57e3877000-7f57e387c000 rw-p 00000000 00:00 0 
7f57e387c000-7f57e3883000 ---p 00000000 00:00 0 
7f57e3883000-7f57e3885000 r--s 00007000 08:01 2379129                    /usr/share/java/java-atk-wrapper.jar
7f57e3885000-7f57e3889000 ---p 00000000 00:00 0 
7f57e3889000-7f57e398a000 rw-p 00000000 00:00 0 
7f57e398b000-7f57e3993000 rw-s 00000000 08:01 411604                     /tmp/hsperfdata_tanzachary/5620
7f57e3993000-7f57e3994000 ---p 00000000 00:00 0 
7f57e3994000-7f57e3995000 r--p 00000000 00:00 0 
7f57e3995000-7f57e3996000 r--p 00023000 08:01 1842937                    /lib/x86_64-linux-gnu/ld-2.24.so
7f57e3996000-7f57e3997000 rw-p 00024000 08:01 1842937                    /lib/x86_64-linux-gnu/ld-2.24.so
7f57e3997000-7f57e3998000 rw-p 00000000 00:00 0 
7ffd737c6000-7ffd737e7000 rw-p 00000000 00:00 0                          [stack]
7ffd737f2000-7ffd737f5000 r--p 00000000 00:00 0                          [vvar]
7ffd737f5000-7ffd737f7000 r-xp 00000000 00:00 0                          [vdso]
ffffffffff600000-ffffffffff601000 r-xp 00000000 00:00 0                  [vsyscall]


VM Arguments:
jvm_args: -Dclassworlds.conf=/opt/maven/bin/m2.conf -Dmaven.home=/opt/maven -Dlibrary.jansi.path=/opt/maven/lib/jansi-native -Dmaven.multiModuleProjectDirectory=/home/tanzachary/step/portfolio 
java_command: org.codehaus.plexus.classworlds.launcher.Launcher package appengine:run
java_class_path (initial): /opt/maven/boot/plexus-classworlds-2.6.0.jar
Launcher Type: SUN_STANDARD

[Global flags]
     intx CICompilerCount                          = 2                                         {product} {ergonomic}
   size_t InitialHeapSize                          = 33554432                                  {product} {ergonomic}
   size_t MaxHeapSize                              = 524288000                                 {product} {ergonomic}
   size_t MaxNewSize                               = 174718976                                 {product} {ergonomic}
   size_t MinHeapDeltaBytes                        = 196608                                    {product} {ergonomic}
   size_t NewSize                                  = 11141120                                  {product} {ergonomic}
    uintx NonNMethodCodeHeapSize                   = 5825164                                {pd product} {ergonomic}
    uintx NonProfiledCodeHeapSize                  = 122916538                              {pd product} {ergonomic}
   size_t OldSize                                  = 22413312                                  {product} {ergonomic}
    uintx ProfiledCodeHeapSize                     = 122916538                              {pd product} {ergonomic}
    uintx ReservedCodeCacheSize                    = 251658240                              {pd product} {ergonomic}
     bool SegmentedCodeCache                       = true                                      {product} {ergonomic}
     bool UseCompressedClassPointers               = true                                 {lp64_product} {ergonomic}
     bool UseCompressedOops                        = true                                 {lp64_product} {ergonomic}
     bool UseSerialGC                              = true                                      {product} {ergonomic}

Logging:
Log output configuration:
 #0: stdout all=warning uptime,level,tags
 #1: stderr all=off uptime,level,tags

Environment Variables:
JAVA_HOME=/usr/lib/jvm/java-11-openjdk-amd64
PATH=/home/tanzachary/step/portfolio/node_modules/.bin:/home/tanzachary/gopath/bin:/google/gopath/bin:/home/tanzachary/.gems/bin:/usr/local/go/bin:/opt/gradle/bin:/opt/maven/bin:/usr/local/sbin:/usr/local/bin:/usr/sbin:/usr/bin:/sbin:/bin:/usr/local/nvm/versions/node/v10.14.2/bin:/google/go_appengine:/google/google_appengine:/google/migrate/anthos/
SHELL=/bin/bash

Signal Handlers:
SIGSEGV: [libjvm.so+0xd9bff0], sa_mask[0]=11111111011111111101111111111110, sa_flags=SA_RESTART|SA_SIGINFO
SIGBUS: [libjvm.so+0xd9bff0], sa_mask[0]=11111111011111111101111111111110, sa_flags=SA_RESTART|SA_SIGINFO
SIGFPE: [libjvm.so+0xd9bff0], sa_mask[0]=11111111011111111101111111111110, sa_flags=SA_RESTART|SA_SIGINFO
SIGPIPE: [libjvm.so+0xb8fcf0], sa_mask[0]=11111111011111111101111111111110, sa_flags=SA_RESTART|SA_SIGINFO
SIGXFSZ: [libjvm.so+0xb8fcf0], sa_mask[0]=11111111011111111101111111111110, sa_flags=SA_RESTART|SA_SIGINFO
SIGILL: [libjvm.so+0xd9bff0], sa_mask[0]=11111111011111111101111111111110, sa_flags=SA_RESTART|SA_SIGINFO
SIGUSR2: [libjvm.so+0xb8fb90], sa_mask[0]=00000000000000000000000000000000, sa_flags=SA_RESTART|SA_SIGINFO
SIGHUP: [libjvm.so+0xb8fef0], sa_mask[0]=11111111011111111101111111111110, sa_flags=SA_RESTART|SA_SIGINFO
SIGINT: [libjvm.so+0xb8fef0], sa_mask[0]=11111111011111111101111111111110, sa_flags=SA_RESTART|SA_SIGINFO
SIGTERM: [libjvm.so+0xb8fef0], sa_mask[0]=11111111011111111101111111111110, sa_flags=SA_RESTART|SA_SIGINFO
SIGQUIT: [libjvm.so+0xb8fef0], sa_mask[0]=11111111011111111101111111111110, sa_flags=SA_RESTART|SA_SIGINFO


---------------  S Y S T E M  ---------------

OS:PRETTY_NAME="Debian GNU/Linux 9 (stretch)"
NAME="Debian GNU/Linux"
VERSION_ID="9"
VERSION="9 (stretch)"
VERSION_CODENAME=stretch
ID=debian
HOME_URL="https://www.debian.org/"
SUPPORT_URL="https://www.debian.org/support"
BUG_REPORT_URL="https://bugs.debian.org/"
uname:Linux 4.19.112+ #1 SMP Wed May 6 00:27:44 PDT 2020 x86_64
libc:glibc 2.24 NPTL 2.24 
rlimit: STACK 8192k, CORE infinity, NPROC infinity, NOFILE 1048576, AS infinity, DATA infinity, FSIZE infinity
load average:0.35 0.70 0.80

/proc/meminfo:
MemTotal:        2043884 kB
MemFree:           77040 kB
MemAvailable:     777972 kB
Buffers:           63744 kB
Cached:           657208 kB
SwapCached:          740 kB
Active:           901376 kB
Inactive:         754596 kB
Active(anon):     488220 kB
Inactive(anon):   422504 kB
Active(file):     413156 kB
Inactive(file):   332092 kB
Unevictable:           0 kB
Mlocked:               0 kB
SwapTotal:        786428 kB
SwapFree:         700156 kB
Dirty:              1204 kB
Writeback:             0 kB
AnonPages:        934568 kB
Mapped:           408424 kB
Shmem:               820 kB
Slab:             194600 kB
SReclaimable:     143312 kB
SUnreclaim:        51288 kB
KernelStack:        8416 kB
PageTables:        14112 kB
NFS_Unstable:          0 kB
Bounce:                0 kB
WritebackTmp:          0 kB
CommitLimit:     1808368 kB
Committed_AS:    5234336 kB
VmallocTotal:   34359738367 kB
VmallocUsed:           0 kB
VmallocChunk:          0 kB
Percpu:              968 kB
AnonHugePages:      2048 kB
ShmemHugePages:        0 kB
ShmemPmdMapped:        0 kB
HugePages_Total:       0
HugePages_Free:        0
HugePages_Rsvd:        0
HugePages_Surp:        0
Hugepagesize:       2048 kB
Hugetlb:               0 kB
DirectMap4k:       85180 kB
DirectMap2M:     2011136 kB
DirectMap1G:           0 kB


/proc/sys/kernel/threads-max (system-wide limit on the number of threads):
15631


/proc/sys/vm/max_map_count (maximum number of memory map areas a process may have):
65530


/proc/sys/kernel/pid_max (system-wide limit on number of process identifiers):
4194304



container (cgroup) information:
container_type: cgroupv1
cpu_cpuset_cpus: 0-1
cpu_memory_nodes: 0
active_processor_count: 1
cpu_quota: -1
cpu_period: 100000
cpu_shares: 2
memory_limit_in_bytes: -1
memory_and_swap_limit_in_bytes: -1
memory_soft_limit_in_bytes: -1
memory_usage_in_bytes: 642981888
memory_max_usage_in_bytes: 684109824

KVM virtualization detected
Steal ticks since vm start: 3
Steal ticks percentage since vm start:  0.000

CPU:total 2 (initial active 1) (1 cores per cpu, 2 threads per core) family 6 model 63 stepping 0, cmov, cx8, fxsr, mmx, sse, sse2, sse3, ssse3, sse4.1, sse4.2, popcnt, avx, avx2, aes, clmul, erms, lzcnt, ht, tsc, tscinvbit, bmi1, bmi2, fma
CPU Model and flags from /proc/cpuinfo:
model name	: Intel(R) Xeon(R) CPU @ 2.30GHz
flags		: fpu vme de pse tsc msr pae mce cx8 apic sep mtrr pge mca cmov pat pse36 clflush mmx fxsr sse sse2 ss ht syscall nx pdpe1gb rdtscp lm constant_tsc rep_good nopl xtopology nonstop_tsc cpuid tsc_known_freq pni pclmulqdq ssse3 fma cx16 pcid sse4_1 sse4_2 x2apic movbe popcnt aes xsave avx f16c rdrand hypervisor lahf_lm abm invpcid_single pti ssbd ibrs ibpb stibp fsgsbase tsc_adjust bmi1 avx2 smep bmi2 erms invpcid xsaveopt arat md_clear arch_capabilities

Memory: 4k page, physical 2043884k(76788k free), swap 786428k(700156k free)

vm_info: OpenJDK 64-Bit Server VM (11.0.6+10-post-Debian-1bpo91) for linux-amd64 JRE (11.0.6+10-post-Debian-1bpo91), built on Feb  1 2020 09:07:43 by "unknown" with gcc 6.3.0 20170516

END.
