#
# A fatal error has been detected by the Java Runtime Environment:
#
#  SIGSEGV (0xb) at pc=0x00007f97f8a44bc0, pid=3953, tid=3953
#
# JRE version: OpenJDK Runtime Environment (11.0.6+10) (build 11.0.6+10-post-Debian-1bpo91)
# Java VM: OpenJDK 64-Bit Server VM (11.0.6+10-post-Debian-1bpo91, mixed mode, sharing, tiered, compressed oops, serial gc, linux-amd64)
# Problematic frame:
# V  [libjvm.so+0xb8fbc0]
#
# Core dump will be written. Default location: Core dumps may be processed with "/sbin/crash_reporter --user=%P:%s:%u:%g:%e" (or dumping to /home/tanzachary/step/portfolio/core.3953)
#
# If you would like to submit a bug report, please visit:
#   https://bugs.debian.org/openjdk-11
#

---------------  S U M M A R Y ------------

Command Line: -Dclassworlds.conf=/opt/maven/bin/m2.conf -Dmaven.home=/opt/maven -Dlibrary.jansi.path=/opt/maven/lib/jansi-native -Dmaven.multiModuleProjectDirectory=/home/tanzachary/step/portfolio org.codehaus.plexus.classworlds.launcher.Launcher package appengine:run

Host: Intel(R) Xeon(R) CPU @ 2.30GHz, 2 cores, 1G, Debian GNU/Linux 9 (stretch)
Time: Thu May 28 17:40:15 2020 EDT elapsed time: 5 seconds (0d 0h 0m 5s)

---------------  T H R E A D  ---------------

Current thread is native thread

Stack: [0x00007ffd8cd19000,0x00007ffd8d518000],  sp=0x00007ffd8d512b80,  free space=8166k
Native frames: (J=compiled Java code, A=aot compiled Java code, j=interpreted, Vv=VM code, C=native code)
V  [libjvm.so+0xb8fbc0]
C  [libpthread.so.0+0x110e0]


siginfo: si_signo: 11 (SIGSEGV), si_code: 1 (SEGV_MAPERR), si_addr: 0x00000000000000d0

Register to memory mapping:

RAX=0x0 is NULL
RBX=
[error occurred during error reporting (printing register info), id 0xb, SIGSEGV (0xb) at pc=0x00007f97f8beb9e7]

Registers:
RAX=0x0000000000000000, RBX=0x00007f97fa087e18, RCX=0x00007f97f9a446dd, RDX=0x0000000000000000
RSP=0x00007ffd8d512b80, RBP=0x00007ffd8d512c30, RSI=0x00007ffd8d512d70, RDI=0x0000000000000001
R8 =0x00000000000000ca, R9 =0x00007f97fa0869d0, R10=0x0000000000000000, R11=0x0000000000000246
R12=0x0000000000000000, R13=0x00007ffd8d512d70, R14=0x00007ffd8d512c40, R15=0x00007f97fa086d28
RIP=0x00007f97f8a44bc0, EFLAGS=0x0000000000010246, CSGSFS=0x002b000000000033, ERR=0x0000000000000004
  TRAPNO=0x000000000000000e

Top of Stack: (sp=0x00007ffd8d512b80)
0x00007ffd8d512b80:   0000000001e5cb59 00007f97f929a038
0x00007ffd8d512b90:   00007ffd8d512cb0 00007f97f928cd90
0x00007ffd8d512ba0:   00007ffd8d512bd4 00007ffd8d512ca0
0x00007ffd8d512bb0:   0000557c33452c70 000000000000000b 

Instructions: (pc=0x00007f97f8a44bc0)
0x00007f97f8a44ac0:   c0 74 03 c6 00 00 4c 89 f7 4c 89 fa 48 89 de e8
0x00007f97f8a44ad0:   dc db 6d ff 4c 89 e7 e8 24 df 6d ff 48 81 c4 08
0x00007f97f8a44ae0:   01 00 00 5b 41 5c 41 5d 41 5e 41 5f 5d c3 4c 89
0x00007f97f8a44af0:   e2 be 00 01 00 00 48 89 df e8 92 e1 6d ff 48 85
0x00007f97f8a44b00:   c0 74 ae 48 8d 35 b1 46 2f 00 48 89 df e8 5e df
0x00007f97f8a44b10:   6d ff 48 85 c0 74 41 66 0f 1f 84 00 00 00 00 00
0x00007f97f8a44b20:   be 22 00 00 00 48 89 df e8 d3 df 6d ff 48 85 c0
0x00007f97f8a44b30:   74 46 48 8d 58 01 be 22 00 00 00 48 89 df e8 bd
0x00007f97f8a44b40:   df 6d ff 48 85 c0 0f 85 77 ff ff ff e9 75 ff ff
0x00007f97f8a44b50:   ff 0f 1f 80 00 00 00 00 48 8d 35 71 46 2f 00 48
0x00007f97f8a44b60:   89 df e8 09 df 6d ff 48 85 c0 0f 84 41 ff ff ff
0x00007f97f8a44b70:   eb ae 66 0f 1f 44 00 00 48 89 df be 3d 00 00 00
0x00007f97f8a44b80:   e8 7b df 6d ff 48 8d 58 01 e9 23 ff ff ff 66 90
0x00007f97f8a44b90:   55 48 89 e5 41 57 41 56 41 55 41 54 49 89 d6 53
0x00007f97f8a44ba0:   49 89 f5 48 81 ec 88 00 00 00 e8 81 e6 6d ff 48
0x00007f97f8a44bb0:   89 c3 44 8b 20 e8 26 58 1a 00 31 d2 84 c0 75 38
0x00007f97f8a44bc0:   48 83 ba d0 00 00 00 00 74 16 4c 8b ba 68 02 00
0x00007f97f8a44bd0:   00 41 8b 87 a8 00 00 00 83 f8 01 74 2b 44 89 23
0x00007f97f8a44be0:   48 81 c4 88 00 00 00 5b 41 5c 41 5d 41 5e 41 5f
0x00007f97f8a44bf0:   5d c3 66 0f 1f 44 00 00 e8 f3 57 1a 00 48 89 c2
0x00007f97f8a44c00:   eb be 66 0f 1f 44 00 00 4d 89 af b0 00 00 00 4d
0x00007f97f8a44c10:   8d af a8 00 00 00 4d 89 b7 b8 00 00 00 ba 02 00
0x00007f97f8a44c20:   00 00 be 01 00 00 00 4c 89 ef e8 01 cb ff ff 83
0x00007f97f8a44c30:   f8 02 74 3c 85 c0 75 18 49 c7 87 b8 00 00 00 00
0x00007f97f8a44c40:   00 00 00 49 c7 87 b0 00 00 00 00 00 00 00 eb 8d
0x00007f97f8a44c50:   48 8d 05 51 96 7b 00 48 8d 3d 7a 4e 2f 00 be 64
0x00007f97f8a44c60:   11 00 00 48 8b 00 c6 00 58 e8 22 16 ab ff eb c8
0x00007f97f8a44c70:   4c 8d b5 50 ff ff ff 4c 89 f7 e8 11 e2 6d ff 4c
0x00007f97f8a44c80:   89 f2 31 f6 31 ff e8 15 e3 6d ff 8b 35 ff 37 7d
0x00007f97f8a44c90:   00 4c 89 f7 e8 c7 de 6d ff 48 8d 3d 60 73 81 00
0x00007f97f8a44ca0:   be 01 00 00 00 e8 a6 bc 0c 00 66 0f 1f 44 00 00
0x00007f97f8a44cb0:   4c 89 f7 e8 d8 e5 6d ff 31 d2 be 03 00 00 00 4c 


Stack slot to memory mapping:
stack at sp + 0 slots: 
[error occurred during error reporting (inspecting top of stack), id 0xb, SIGSEGV (0xb) at pc=0x00007f97f8beb9e7]


---------------  P R O C E S S  ---------------

VM state:not at safepoint (normal execution)

VM Mutex/Monitor currently owned by a thread: None

Heap address: 0x00000000e0c00000, size: 500 MB, Compressed Oops mode: 32-bit
Narrow klass base: 0x0000000800000000, Narrow klass shift: 3
Compressed class space size: 1073741824 Address: 0x0000000840000000

Heap:
 def new generation   total 9792K, used 7047K [0x00000000e0c00000, 0x00000000e16a0000, 0x00000000eb2a0000)
  eden space 8704K,  74% used [0x00000000e0c00000, 0x00000000e124dd60, 0x00000000e1480000)
  from space 1088K,  54% used [0x00000000e1590000, 0x00000000e1623ff0, 0x00000000e16a0000)
  to   space 1088K,   0% used [0x00000000e1480000, 0x00000000e1480000, 0x00000000e1590000)
 tenured generation   total 21888K, used 11477K [0x00000000eb2a0000, 0x00000000ec800000, 0x0000000100000000)
   the space 21888K,  52% used [0x00000000eb2a0000, 0x00000000ebdd54a0, 0x00000000ebdd5600, 0x00000000ec800000)
 Metaspace       used 17855K, capacity 18681K, committed 18944K, reserved 1067008K
  class space    used 2031K, capacity 2273K, committed 2304K, reserved 1048576K

Card table byte_map: [0x00007f97f60b9000,0x00007f97f61b4000] _byte_map_base: 0x00007f97f59b3000

Polling page: 0x00007f97fa094000

Metaspace:

Usage:
  Non-class:     16.02 MB capacity,    15.45 MB ( 96%) used,   555.77 KB (  3%) free+waste,    28.56 KB ( <1%) overhead. 
      Class:      2.22 MB capacity,     1.98 MB ( 89%) used,   227.90 KB ( 10%) free+waste,    13.44 KB ( <1%) overhead. 
       Both:     18.24 MB capacity,    17.44 MB ( 96%) used,   783.67 KB (  4%) free+waste,    42.00 KB ( <1%) overhead. 

Virtual space:
  Non-class space:       18.00 MB reserved,      16.25 MB ( 90%) committed 
      Class space:        1.00 GB reserved,       2.25 MB ( <1%) committed 
             Both:        1.02 GB reserved,      18.50 MB (  2%) committed 

Chunk freelists:
   Non-Class:  40.00 KB
       Class:  0 bytes
        Both:  40.00 KB

MaxMetaspaceSize: unlimited
CompressedClassSpaceSize: 1.00 GB

CodeHeap 'non-profiled nmethods': size=120036Kb used=1348Kb max_used=1348Kb free=118687Kb
 bounds [0x00007f97e03d7000, 0x00007f97e0647000, 0x00007f97e7910000]
CodeHeap 'profiled nmethods': size=120032Kb used=7853Kb max_used=7853Kb free=112178Kb
 bounds [0x00007f97d8e9f000, 0x00007f97d964f000, 0x00007f97e03d7000]
CodeHeap 'non-nmethods': size=5692Kb used=1133Kb max_used=1151Kb free=4558Kb
 bounds [0x00007f97d8910000, 0x00007f97d8b80000, 0x00007f97d8e9f000]
 total_blobs=4929 nmethods=3833 adapters=377
 compilation: enabled
              stopped_count=0, restarted_count=0
 full_count=0

Compilation events (20 events):
Event: 5.308 Thread 0x00007f97f005b800 3857       2       org.apache.maven.model.inheritance.DefaultInheritanceAssembler$InheritanceModelMerger::mergeModelBase_Properties (87 bytes)
Event: 5.309 Thread 0x00007f97f005b800 nmethod 3857 0x00007f97d9646110 code [0x00007f97d96463a0, 0x00007f97d9646f08]
Event: 5.309 Thread 0x00007f97f005b800 3858       2       org.apache.maven.model.merge.ModelMerger::mergeModel_ChildProjectUrlInheritAppendPath (41 bytes)
Event: 5.310 Thread 0x00007f97f005b800 nmethod 3858 0x00007f97d9647410 code [0x00007f97d96475e0, 0x00007f97d9647818]
Event: 5.310 Thread 0x00007f97f005b800 3859       2       org.apache.maven.model.merge.MavenModelMerger::mergeModel_ModelVersion (1 bytes)
Event: 5.310 Thread 0x00007f97f005b800 nmethod 3859 0x00007f97d9647990 code [0x00007f97d9647b40, 0x00007f97d9647cb0]
Event: 5.310 Thread 0x00007f97f005b800 3860       2       org.apache.maven.model.merge.ModelMerger::mergeModel_Parent (55 bytes)
Event: 5.310 Thread 0x00007f97f005b800 nmethod 3860 0x00007f97d9647d90 code [0x00007f97d9647f60, 0x00007f97d96481e8]
Event: 5.310 Thread 0x00007f97f005b800 3861       2       java.util.regex.CharPredicates$$Lambda$3/0x0000000840065040::is (5 bytes)
Event: 5.311 Thread 0x00007f97f005b800 nmethod 3861 0x00007f97d9648310 code [0x00007f97d96484c0, 0x00007f97d9648690]
Event: 5.319 Thread 0x00007f97f005b800 3862       2       org.apache.maven.model.merge.ModelMerger::mergeRepositoryBase_Name (41 bytes)
Event: 5.319 Thread 0x00007f97f005b800 nmethod 3862 0x00007f97d9648710 code [0x00007f97d96488e0, 0x00007f97d9648b18]
Event: 5.319 Thread 0x00007f97f005b800 3863       2       org.apache.maven.model.merge.ModelMerger::mergeRepositoryBase_Url (41 bytes)
Event: 5.320 Thread 0x00007f97f005b800 nmethod 3863 0x00007f97d9648c90 code [0x00007f97d9648e60, 0x00007f97d9649098]
Event: 5.320 Thread 0x00007f97f005b800 3864       2       org.apache.maven.model.merge.ModelMerger::mergeRepositoryBase_Layout (43 bytes)
Event: 5.320 Thread 0x00007f97f005b800 nmethod 3864 0x00007f97d9649210 code [0x00007f97d96493e0, 0x00007f97d9649618]
Event: 5.320 Thread 0x00007f97f005b800 3865       2       org.apache.maven.model.merge.ModelMerger::mergeRepository_Releases (49 bytes)
Event: 5.321 Thread 0x00007f97f005b800 nmethod 3865 0x00007f97d9649790 code [0x00007f97d9649960, 0x00007f97d9649c88]
Event: 5.321 Thread 0x00007f97f005b800 3866       2       org.apache.maven.model.merge.ModelMerger::mergeRepository_Snapshots (49 bytes)
Event: 5.321 Thread 0x00007f97f005b800 nmethod 3866 0x00007f97d9649e90 code [0x00007f97d964a060, 0x00007f97d964a388]

GC Heap History (20 events):
Event: 3.263 GC heap before
{Heap before GC invocations=9 (full 0):
 def new generation   total 9792K, used 9353K [0x00000000e0c00000, 0x00000000e16a0000, 0x00000000eb2a0000)
  eden space 8704K, 100% used [0x00000000e0c00000, 0x00000000e1480000, 0x00000000e1480000)
  from space 1088K,  59% used [0x00000000e1590000, 0x00000000e1632730, 0x00000000e16a0000)
  to   space 1088K,   0% used [0x00000000e1480000, 0x00000000e1480000, 0x00000000e1590000)
 tenured generation   total 21888K, used 6386K [0x00000000eb2a0000, 0x00000000ec800000, 0x0000000100000000)
   the space 21888K,  29% used [0x00000000eb2a0000, 0x00000000eb8dc998, 0x00000000eb8dca00, 0x00000000ec800000)
 Metaspace       used 13343K, capacity 14973K, committed 15104K, reserved 1062912K
  class space    used 1546K, capacity 1759K, committed 1792K, reserved 1048576K
}
Event: 3.271 GC heap after
{Heap after GC invocations=10 (full 0):
 def new generation   total 9792K, used 412K [0x00000000e0c00000, 0x00000000e16a0000, 0x00000000eb2a0000)
  eden space 8704K,   0% used [0x00000000e0c00000, 0x00000000e0c00000, 0x00000000e1480000)
  from space 1088K,  37% used [0x00000000e1480000, 0x00000000e14e70e0, 0x00000000e1590000)
  to   space 1088K,   0% used [0x00000000e1590000, 0x00000000e1590000, 0x00000000e16a0000)
 tenured generation   total 21888K, used 6993K [0x00000000eb2a0000, 0x00000000ec800000, 0x0000000100000000)
   the space 21888K,  31% used [0x00000000eb2a0000, 0x00000000eb9745e0, 0x00000000eb974600, 0x00000000ec800000)
 Metaspace       used 13343K, capacity 14973K, committed 15104K, reserved 1062912K
  class space    used 1546K, capacity 1759K, committed 1792K, reserved 1048576K
}
Event: 3.530 GC heap before
{Heap before GC invocations=10 (full 0):
 def new generation   total 9792K, used 9116K [0x00000000e0c00000, 0x00000000e16a0000, 0x00000000eb2a0000)
  eden space 8704K, 100% used [0x00000000e0c00000, 0x00000000e1480000, 0x00000000e1480000)
  from space 1088K,  37% used [0x00000000e1480000, 0x00000000e14e70e0, 0x00000000e1590000)
  to   space 1088K,   0% used [0x00000000e1590000, 0x00000000e1590000, 0x00000000e16a0000)
 tenured generation   total 21888K, used 6993K [0x00000000eb2a0000, 0x00000000ec800000, 0x0000000100000000)
   the space 21888K,  31% used [0x00000000eb2a0000, 0x00000000eb9745e0, 0x00000000eb974600, 0x00000000ec800000)
 Metaspace       used 13861K, capacity 15425K, committed 15744K, reserved 1062912K
  class space    used 1605K, capacity 1827K, committed 1920K, reserved 1048576K
}
Event: 3.533 GC heap after
{Heap after GC invocations=11 (full 0):
 def new generation   total 9792K, used 880K [0x00000000e0c00000, 0x00000000e16a0000, 0x00000000eb2a0000)
  eden space 8704K,   0% used [0x00000000e0c00000, 0x00000000e0c00000, 0x00000000e1480000)
  from space 1088K,  80% used [0x00000000e1590000, 0x00000000e166c310, 0x00000000e16a0000)
  to   space 1088K,   0% used [0x00000000e1480000, 0x00000000e1480000, 0x00000000e1590000)
 tenured generation   total 21888K, used 6993K [0x00000000eb2a0000, 0x00000000ec800000, 0x0000000100000000)
   the space 21888K,  31% used [0x00000000eb2a0000, 0x00000000eb9745e0, 0x00000000eb974600, 0x00000000ec800000)
 Metaspace       used 13861K, capacity 15425K, committed 15744K, reserved 1062912K
  class space    used 1605K, capacity 1827K, committed 1920K, reserved 1048576K
}
Event: 3.633 GC heap before
{Heap before GC invocations=11 (full 0):
 def new generation   total 9792K, used 9584K [0x00000000e0c00000, 0x00000000e16a0000, 0x00000000eb2a0000)
  eden space 8704K, 100% used [0x00000000e0c00000, 0x00000000e1480000, 0x00000000e1480000)
  from space 1088K,  80% used [0x00000000e1590000, 0x00000000e166c310, 0x00000000e16a0000)
  to   space 1088K,   0% used [0x00000000e1480000, 0x00000000e1480000, 0x00000000e1590000)
 tenured generation   total 21888K, used 6993K [0x00000000eb2a0000, 0x00000000ec800000, 0x0000000100000000)
   the space 21888K,  31% used [0x00000000eb2a0000, 0x00000000eb9745e0, 0x00000000eb974600, 0x00000000ec800000)
 Metaspace       used 13908K, capacity 15425K, committed 15744K, reserved 1062912K
  class space    used 1605K, capacity 1827K, committed 1920K, reserved 1048576K
}
Event: 3.637 GC heap after
{Heap after GC invocations=12 (full 0):
 def new generation   total 9792K, used 967K [0x00000000e0c00000, 0x00000000e16a0000, 0x00000000eb2a0000)
  eden space 8704K,   0% used [0x00000000e0c00000, 0x00000000e0c00000, 0x00000000e1480000)
  from space 1088K,  88% used [0x00000000e1480000, 0x00000000e1571e30, 0x00000000e1590000)
  to   space 1088K,   0% used [0x00000000e1590000, 0x00000000e1590000, 0x00000000e16a0000)
 tenured generation   total 21888K, used 7339K [0x00000000eb2a0000, 0x00000000ec800000, 0x0000000100000000)
   the space 21888K,  33% used [0x00000000eb2a0000, 0x00000000eb9cac30, 0x00000000eb9cae00, 0x00000000ec800000)
 Metaspace       used 13908K, capacity 15425K, committed 15744K, reserved 1062912K
  class space    used 1605K, capacity 1827K, committed 1920K, reserved 1048576K
}
Event: 3.731 GC heap before
{Heap before GC invocations=12 (full 0):
 def new generation   total 9792K, used 9671K [0x00000000e0c00000, 0x00000000e16a0000, 0x00000000eb2a0000)
  eden space 8704K, 100% used [0x00000000e0c00000, 0x00000000e1480000, 0x00000000e1480000)
  from space 1088K,  88% used [0x00000000e1480000, 0x00000000e1571e30, 0x00000000e1590000)
  to   space 1088K,   0% used [0x00000000e1590000, 0x00000000e1590000, 0x00000000e16a0000)
 tenured generation   total 21888K, used 7339K [0x00000000eb2a0000, 0x00000000ec800000, 0x0000000100000000)
   the space 21888K,  33% used [0x00000000eb2a0000, 0x00000000eb9cac30, 0x00000000eb9cae00, 0x00000000ec800000)
 Metaspace       used 14094K, capacity 15629K, committed 15744K, reserved 1062912K
  class space    used 1609K, capacity 1831K, committed 1920K, reserved 1048576K
}
Event: 3.734 GC heap after
{Heap after GC invocations=13 (full 0):
 def new generation   total 9792K, used 840K [0x00000000e0c00000, 0x00000000e16a0000, 0x00000000eb2a0000)
  eden space 8704K,   0% used [0x00000000e0c00000, 0x00000000e0c00000, 0x00000000e1480000)
  from space 1088K,  77% used [0x00000000e1590000, 0x00000000e1662068, 0x00000000e16a0000)
  to   space 1088K,   0% used [0x00000000e1480000, 0x00000000e1480000, 0x00000000e1590000)
 tenured generation   total 21888K, used 7800K [0x00000000eb2a0000, 0x00000000ec800000, 0x0000000100000000)
   the space 21888K,  35% used [0x00000000eb2a0000, 0x00000000eba3e070, 0x00000000eba3e200, 0x00000000ec800000)
 Metaspace       used 14094K, capacity 15629K, committed 15744K, reserved 1062912K
  class space    used 1609K, capacity 1831K, committed 1920K, reserved 1048576K
}
Event: 3.958 GC heap before
{Heap before GC invocations=13 (full 0):
 def new generation   total 9792K, used 9544K [0x00000000e0c00000, 0x00000000e16a0000, 0x00000000eb2a0000)
  eden space 8704K, 100% used [0x00000000e0c00000, 0x00000000e1480000, 0x00000000e1480000)
  from space 1088K,  77% used [0x00000000e1590000, 0x00000000e1662068, 0x00000000e16a0000)
  to   space 1088K,   0% used [0x00000000e1480000, 0x00000000e1480000, 0x00000000e1590000)
 tenured generation   total 21888K, used 7800K [0x00000000eb2a0000, 0x00000000ec800000, 0x0000000100000000)
   the space 21888K,  35% used [0x00000000eb2a0000, 0x00000000eba3e070, 0x00000000eba3e200, 0x00000000ec800000)
 Metaspace       used 14509K, capacity 15985K, committed 16256K, reserved 1062912K
  class space    used 1638K, capacity 1867K, committed 1920K, reserved 1048576K
}
Event: 3.964 GC heap after
{Heap after GC invocations=14 (full 0):
 def new generation   total 9792K, used 985K [0x00000000e0c00000, 0x00000000e16a0000, 0x00000000eb2a0000)
  eden space 8704K,   0% used [0x00000000e0c00000, 0x00000000e0c00000, 0x00000000e1480000)
  from space 1088K,  90% used [0x00000000e1480000, 0x00000000e1576440, 0x00000000e1590000)
  to   space 1088K,   0% used [0x00000000e1590000, 0x00000000e1590000, 0x00000000e16a0000)
 tenured generation   total 21888K, used 8175K [0x00000000eb2a0000, 0x00000000ec800000, 0x0000000100000000)
   the space 21888K,  37% used [0x00000000eb2a0000, 0x00000000eba9bd10, 0x00000000eba9be00, 0x00000000ec800000)
 Metaspace       used 14509K, capacity 15985K, committed 16256K, reserved 1062912K
  class space    used 1638K, capacity 1867K, committed 1920K, reserved 1048576K
}
Event: 4.176 GC heap before
{Heap before GC invocations=14 (full 0):
 def new generation   total 9792K, used 9689K [0x00000000e0c00000, 0x00000000e16a0000, 0x00000000eb2a0000)
  eden space 8704K, 100% used [0x00000000e0c00000, 0x00000000e1480000, 0x00000000e1480000)
  from space 1088K,  90% used [0x00000000e1480000, 0x00000000e1576440, 0x00000000e1590000)
  to   space 1088K,   0% used [0x00000000e1590000, 0x00000000e1590000, 0x00000000e16a0000)
 tenured generation   total 21888K, used 8175K [0x00000000eb2a0000, 0x00000000ec800000, 0x0000000100000000)
   the space 21888K,  37% used [0x00000000eb2a0000, 0x00000000eba9bd10, 0x00000000eba9be00, 0x00000000ec800000)
 Metaspace       used 14936K, capacity 16422K, committed 16512K, reserved 1064960K
  class space    used 1665K, capacity 1902K, committed 1920K, reserved 1048576K
}
Event: 4.181 GC heap after
{Heap after GC invocations=15 (full 0):
 def new generation   total 9792K, used 517K [0x00000000e0c00000, 0x00000000e16a0000, 0x00000000eb2a0000)
  eden space 8704K,   0% used [0x00000000e0c00000, 0x00000000e0c00000, 0x00000000e1480000)
  from space 1088K,  47% used [0x00000000e1590000, 0x00000000e1611478, 0x00000000e16a0000)
  to   space 1088K,   0% used [0x00000000e1480000, 0x00000000e1480000, 0x00000000e1590000)
 tenured generation   total 21888K, used 9120K [0x00000000eb2a0000, 0x00000000ec800000, 0x0000000100000000)
   the space 21888K,  41% used [0x00000000eb2a0000, 0x00000000ebb880a0, 0x00000000ebb88200, 0x00000000ec800000)
 Metaspace       used 14936K, capacity 16422K, committed 16512K, reserved 1064960K
  class space    used 1665K, capacity 1902K, committed 1920K, reserved 1048576K
}
Event: 4.313 GC heap before
{Heap before GC invocations=15 (full 0):
 def new generation   total 9792K, used 9221K [0x00000000e0c00000, 0x00000000e16a0000, 0x00000000eb2a0000)
  eden space 8704K, 100% used [0x00000000e0c00000, 0x00000000e1480000, 0x00000000e1480000)
  from space 1088K,  47% used [0x00000000e1590000, 0x00000000e1611478, 0x00000000e16a0000)
  to   space 1088K,   0% used [0x00000000e1480000, 0x00000000e1480000, 0x00000000e1590000)
 tenured generation   total 21888K, used 9120K [0x00000000eb2a0000, 0x00000000ec800000, 0x0000000100000000)
   the space 21888K,  41% used [0x00000000eb2a0000, 0x00000000ebb880a0, 0x00000000ebb88200, 0x00000000ec800000)
 Metaspace       used 15574K, capacity 17138K, committed 17280K, reserved 1064960K
  class space    used 1785K, capacity 2078K, committed 2176K, reserved 1048576K
}
Event: 4.316 GC heap after
{Heap after GC invocations=16 (full 0):
 def new generation   total 9792K, used 954K [0x00000000e0c00000, 0x00000000e16a0000, 0x00000000eb2a0000)
  eden space 8704K,   0% used [0x00000000e0c00000, 0x00000000e0c00000, 0x00000000e1480000)
  from space 1088K,  87% used [0x00000000e1480000, 0x00000000e156ea90, 0x00000000e1590000)
  to   space 1088K,   0% used [0x00000000e1590000, 0x00000000e1590000, 0x00000000e16a0000)
 tenured generation   total 21888K, used 9120K [0x00000000eb2a0000, 0x00000000ec800000, 0x0000000100000000)
   the space 21888K,  41% used [0x00000000eb2a0000, 0x00000000ebb880a0, 0x00000000ebb88200, 0x00000000ec800000)
 Metaspace       used 15574K, capacity 17138K, committed 17280K, reserved 1064960K
  class space    used 1785K, capacity 2078K, committed 2176K, reserved 1048576K
}
Event: 4.651 GC heap before
{Heap before GC invocations=16 (full 0):
 def new generation   total 9792K, used 9658K [0x00000000e0c00000, 0x00000000e16a0000, 0x00000000eb2a0000)
  eden space 8704K, 100% used [0x00000000e0c00000, 0x00000000e1480000, 0x00000000e1480000)
  from space 1088K,  87% used [0x00000000e1480000, 0x00000000e156ea90, 0x00000000e1590000)
  to   space 1088K,   0% used [0x00000000e1590000, 0x00000000e1590000, 0x00000000e16a0000)
 tenured generation   total 21888K, used 9120K [0x00000000eb2a0000, 0x00000000ec800000, 0x0000000100000000)
   the space 21888K,  41% used [0x00000000eb2a0000, 0x00000000ebb880a0, 0x00000000ebb88200, 0x00000000ec800000)
 Metaspace       used 17334K, capacity 18323K, committed 18432K, reserved 1064960K
  class space    used 2005K, capacity 2262K, committed 2304K, reserved 1048576K
}
Event: 4.657 GC heap after
{Heap after GC invocations=17 (full 0):
 def new generation   total 9792K, used 1088K [0x00000000e0c00000, 0x00000000e16a0000, 0x00000000eb2a0000)
  eden space 8704K,   0% used [0x00000000e0c00000, 0x00000000e0c00000, 0x00000000e1480000)
  from space 1088K, 100% used [0x00000000e1590000, 0x00000000e16a0000, 0x00000000e16a0000)
  to   space 1088K,   0% used [0x00000000e1480000, 0x00000000e1480000, 0x00000000e1590000)
 tenured generation   total 21888K, used 9615K [0x00000000eb2a0000, 0x00000000ec800000, 0x0000000100000000)
   the space 21888K,  43% used [0x00000000eb2a0000, 0x00000000ebc03e08, 0x00000000ebc04000, 0x00000000ec800000)
 Metaspace       used 17334K, capacity 18323K, committed 18432K, reserved 1064960K
  class space    used 2005K, capacity 2262K, committed 2304K, reserved 1048576K
}
Event: 4.972 GC heap before
{Heap before GC invocations=17 (full 0):
 def new generation   total 9792K, used 9792K [0x00000000e0c00000, 0x00000000e16a0000, 0x00000000eb2a0000)
  eden space 8704K, 100% used [0x00000000e0c00000, 0x00000000e1480000, 0x00000000e1480000)
  from space 1088K, 100% used [0x00000000e1590000, 0x00000000e16a0000, 0x00000000e16a0000)
  to   space 1088K,   0% used [0x00000000e1480000, 0x00000000e1480000, 0x00000000e1590000)
 tenured generation   total 21888K, used 9615K [0x00000000eb2a0000, 0x00000000ec800000, 0x0000000100000000)
   the space 21888K,  43% used [0x00000000eb2a0000, 0x00000000ebc03e08, 0x00000000ebc04000, 0x00000000ec800000)
 Metaspace       used 17626K, capacity 18481K, committed 18688K, reserved 1064960K
  class space    used 2029K, capacity 2271K, committed 2304K, reserved 1048576K
}
Event: 4.977 GC heap after
{Heap after GC invocations=18 (full 0):
 def new generation   total 9792K, used 852K [0x00000000e0c00000, 0x00000000e16a0000, 0x00000000eb2a0000)
  eden space 8704K,   0% used [0x00000000e0c00000, 0x00000000e0c00000, 0x00000000e1480000)
  from space 1088K,  78% used [0x00000000e1480000, 0x00000000e15553d8, 0x00000000e1590000)
  to   space 1088K,   0% used [0x00000000e1590000, 0x00000000e1590000, 0x00000000e16a0000)
 tenured generation   total 21888K, used 10667K [0x00000000eb2a0000, 0x00000000ec800000, 0x0000000100000000)
   the space 21888K,  48% used [0x00000000eb2a0000, 0x00000000ebd0aca0, 0x00000000ebd0ae00, 0x00000000ec800000)
 Metaspace       used 17626K, capacity 18481K, committed 18688K, reserved 1064960K
  class space    used 2029K, capacity 2271K, committed 2304K, reserved 1048576K
}
Event: 5.152 GC heap before
{Heap before GC invocations=18 (full 0):
 def new generation   total 9792K, used 9556K [0x00000000e0c00000, 0x00000000e16a0000, 0x00000000eb2a0000)
  eden space 8704K, 100% used [0x00000000e0c00000, 0x00000000e1480000, 0x00000000e1480000)
  from space 1088K,  78% used [0x00000000e1480000, 0x00000000e15553d8, 0x00000000e1590000)
  to   space 1088K,   0% used [0x00000000e1590000, 0x00000000e1590000, 0x00000000e16a0000)
 tenured generation   total 21888K, used 10667K [0x00000000eb2a0000, 0x00000000ec800000, 0x0000000100000000)
   the space 21888K,  48% used [0x00000000eb2a0000, 0x00000000ebd0aca0, 0x00000000ebd0ae00, 0x00000000ec800000)
 Metaspace       used 17748K, capacity 18616K, committed 18688K, reserved 1064960K
  class space    used 2031K, capacity 2273K, committed 2304K, reserved 1048576K
}
Event: 5.159 GC heap after
{Heap after GC invocations=19 (full 0):
 def new generation   total 9792K, used 591K [0x00000000e0c00000, 0x00000000e16a0000, 0x00000000eb2a0000)
  eden space 8704K,   0% used [0x00000000e0c00000, 0x00000000e0c00000, 0x00000000e1480000)
  from space 1088K,  54% used [0x00000000e1590000, 0x00000000e1623ff0, 0x00000000e16a0000)
  to   space 1088K,   0% used [0x00000000e1480000, 0x00000000e1480000, 0x00000000e1590000)
 tenured generation   total 21888K, used 11477K [0x00000000eb2a0000, 0x00000000ec800000, 0x0000000100000000)
   the space 21888K,  52% used [0x00000000eb2a0000, 0x00000000ebdd54a0, 0x00000000ebdd5600, 0x00000000ec800000)
 Metaspace       used 17748K, capacity 18616K, committed 18688K, reserved 1064960K
  class space    used 2031K, capacity 2273K, committed 2304K, reserved 1048576K
}

Deoptimization events (20 events):
Event: 4.916 Thread 0x00007f97f0014000 Uncommon trap: trap_request=0xffffff4d fr.pc=0x00007f97e03f5780 relative=0x0000000000000260
Event: 4.916 Thread 0x00007f97f0014000 Uncommon trap: reason=unstable_if action=reinterpret pc=0x00007f97e03f5780 method=java.lang.StringUTF16.compress([CI[BII)I @ 20 c2
Event: 4.916 Thread 0x00007f97f0014000 DEOPT PACKING pc=0x00007f97e03f5780 sp=0x00007f97fa082c60
Event: 4.916 Thread 0x00007f97f0014000 DEOPT UNPACKING pc=0x00007f97d89383a5 sp=0x00007f97fa082c00 mode 2
Event: 4.929 Thread 0x00007f97f0014000 DEOPT PACKING pc=0x00007f97d95a7feb sp=0x00007f97fa0826d0
Event: 4.929 Thread 0x00007f97f0014000 DEOPT UNPACKING pc=0x00007f97d89381ba sp=0x00007f97fa081b60 mode 0
Event: 4.971 Thread 0x00007f97f0014000 DEOPT PACKING pc=0x00007f97d92c4d7b sp=0x00007f97fa0838b0
Event: 4.971 Thread 0x00007f97f0014000 DEOPT UNPACKING pc=0x00007f97d89381ba sp=0x00007f97fa082d88 mode 0
Event: 4.986 Thread 0x00007f97f0014000 DEOPT PACKING pc=0x00007f97d949058b sp=0x00007f97fa082b70
Event: 4.986 Thread 0x00007f97f0014000 DEOPT UNPACKING pc=0x00007f97d89381ba sp=0x00007f97fa082010 mode 0
Event: 5.053 Thread 0x00007f97f0014000 DEOPT PACKING pc=0x00007f97d9336842 sp=0x00007f97fa083110
Event: 5.053 Thread 0x00007f97f0014000 DEOPT UNPACKING pc=0x00007f97d89381ba sp=0x00007f97fa0826d8 mode 0
Event: 5.087 Thread 0x00007f97f0014000 DEOPT PACKING pc=0x00007f97d92de6e9 sp=0x00007f97fa082b00
Event: 5.087 Thread 0x00007f97f0014000 DEOPT UNPACKING pc=0x00007f97d89381ba sp=0x00007f97fa082088 mode 0
Event: 5.131 Thread 0x00007f97f0014000 DEOPT PACKING pc=0x00007f97d9253bf7 sp=0x00007f97fa082cd0
Event: 5.131 Thread 0x00007f97f0014000 DEOPT UNPACKING pc=0x00007f97d89381ba sp=0x00007f97fa082198 mode 0
Event: 5.204 Thread 0x00007f97f0014000 Uncommon trap: trap_request=0xffffff4d fr.pc=0x00007f97e0439d88 relative=0x0000000000000448
Event: 5.204 Thread 0x00007f97f0014000 Uncommon trap: reason=unstable_if action=reinterpret pc=0x00007f97e0439d88 method=java.lang.String.regionMatches(ZILjava/lang/String;II)Z @ 21 c2
Event: 5.204 Thread 0x00007f97f0014000 DEOPT PACKING pc=0x00007f97e0439d88 sp=0x00007f97fa083640
Event: 5.204 Thread 0x00007f97f0014000 DEOPT UNPACKING pc=0x00007f97d89383a5 sp=0x00007f97fa0835e0 mode 2

Classes redefined (0 events):
No events

Internal exceptions (11 events):
Event: 0.257 Thread 0x00007f97f0014000 Exception <a 'java/lang/NoSuchMethodError'{0x00000000e0ef2138}: 'int java.lang.invoke.DirectMethodHandle$Holder.invokeSpecialIFC(java.lang.Object, java.lang.Object, int)'> (0x00000000e0ef2138) thrown at [/build/openjdk-11-11.0.6+10/src/hotspot/share/inter
Event: 2.064 Thread 0x00007f97f0014000 Exception <a 'java/lang/NoClassDefFoundError'{0x00000000e0faa6a0}: com/google/inject/servlet/ServletModuleTargetVisitor> (0x00000000e0faa6a0) thrown at [/build/openjdk-11-11.0.6+10/src/hotspot/share/classfile/systemDictionary.cpp, line 220]
Event: 2.064 Thread 0x00007f97f0014000 Exception <a 'java/lang/NoClassDefFoundError'{0x00000000e0faa6a0}> (0x00000000e0faa6a0) thrown at [/build/openjdk-11-11.0.6+10/src/hotspot/share/prims/jvm.cpp, line 1301]
Event: 2.065 Thread 0x00007f97f0014000 Exception <a 'java/lang/NoClassDefFoundError'{0x00000000e0fad2a8}: javax/annotation/Priority> (0x00000000e0fad2a8) thrown at [/build/openjdk-11-11.0.6+10/src/hotspot/share/classfile/systemDictionary.cpp, line 220]
Event: 2.795 Thread 0x00007f97f0014000 Implicit null exception at 0x00007f97e0435905 to 0x00007f97e0435ae2
Event: 4.358 Thread 0x00007f97f0014000 Exception <a 'java/lang/NoSuchMethodError'{0x00000000e0d58110}: 'java.lang.Object java.lang.invoke.DirectMethodHandle$Holder.invokeStatic(java.lang.Object, java.lang.Object, java.lang.Object, java.lang.Object, java.lang.Object, java.lang.Object, java.lang
Event: 4.361 Thread 0x00007f97f0014000 Exception <a 'java/lang/NoSuchMethodError'{0x00000000e0d66150}: 'java.lang.Object java.lang.invoke.DirectMethodHandle$Holder.invokeStatic(java.lang.Object, java.lang.Object, java.lang.Object, java.lang.Object, java.lang.Object, java.lang.Object, java.lang
Event: 4.363 Thread 0x00007f97f0014000 Exception <a 'java/lang/NoSuchMethodError'{0x00000000e0d742d0}: 'java.lang.Object java.lang.invoke.DirectMethodHandle$Holder.invokeSpecial(java.lang.Object, java.lang.Object, int, int, java.lang.Object, java.lang.Object, java.lang.Object)'> (0x00000000e0d
Event: 4.363 Thread 0x00007f97f0014000 Exception <a 'java/lang/NoSuchMethodError'{0x00000000e0d77b08}: 'java.lang.Object java.lang.invoke.DelegatingMethodHandle$Holder.reinvoke_L(java.lang.Object, int, int, java.lang.Object, java.lang.Object, java.lang.Object)'> (0x00000000e0d77b08) thrown at 
Event: 4.364 Thread 0x00007f97f0014000 Exception <a 'java/lang/NoSuchMethodError'{0x00000000e0d7c138}: 'java.lang.Object java.lang.invoke.DirectMethodHandle$Holder.invokeStatic(java.lang.Object, java.lang.Object, java.lang.Object, java.lang.Object, int)'> (0x00000000e0d7c138) thrown at [/build
Event: 4.701 Thread 0x00007f97f0014000 Exception <a 'java/lang/NoSuchMethodError'{0x00000000e0c84658}: 'java.lang.Object java.lang.invoke.DirectMethodHandle$Holder.invokeStatic(java.lang.Object, int, java.lang.Object)'> (0x00000000e0c84658) thrown at [/build/openjdk-11-11.0.6+10/src/hotspot/sh

Events (20 events):
Event: 4.850 loading class org/codehaus/plexus/archiver/zip/ExtraFieldUtils
Event: 4.850 loading class org/codehaus/plexus/archiver/zip/ExtraFieldUtils done
Event: 4.851 loading class org/codehaus/plexus/archiver/zip/AsiExtraField
Event: 4.851 loading class org/codehaus/plexus/archiver/zip/AsiExtraField done
Event: 4.851 loading class org/codehaus/plexus/archiver/zip/AsiExtraField
Event: 4.851 loading class org/codehaus/plexus/archiver/zip/AsiExtraField done
Event: 4.851 loading class org/codehaus/plexus/archiver/UnixStat
Event: 4.851 loading class org/codehaus/plexus/archiver/UnixStat done
Event: 4.851 loading class org/codehaus/plexus/archiver/UnixStat
Event: 4.851 loading class org/codehaus/plexus/archiver/UnixStat done
Event: 4.954 Loaded shared library /usr/lib/jvm/java-11-openjdk-amd64/lib/server/libjvm.so
Event: 4.954 Loaded shared library /usr/lib/jvm/java-11-openjdk-amd64/lib/server/libjvm.so
Event: 4.954 Loaded shared library /usr/lib/jvm/java-11-openjdk-amd64/lib/server/libjvm.so
Event: 4.954 Loaded shared library /usr/lib/jvm/java-11-openjdk-amd64/lib/server/libjvm.so
Event: 4.971 Executing VM operation: GenCollectForAllocation
Event: 4.977 Executing VM operation: GenCollectForAllocation done
Event: 4.977 Executing VM operation: RevokeBias
Event: 4.978 Executing VM operation: RevokeBias done
Event: 5.152 Executing VM operation: GenCollectForAllocation
Event: 5.159 Executing VM operation: GenCollectForAllocation done


Dynamic libraries:
e0c00000-e16a0000 rw-p 00000000 00:00 0 
e16a0000-eb2a0000 ---p 00000000 00:00 0 
eb2a0000-ec800000 rw-p 00000000 00:00 0 
ec800000-100000000 ---p 00000000 00:00 0 
800000000-800002000 rwxp 00001000 08:01 2118409                          /usr/lib/jvm/java-11-openjdk-amd64/lib/server/classes.jsa
800002000-8003b7000 rw-p 00003000 08:01 2118409                          /usr/lib/jvm/java-11-openjdk-amd64/lib/server/classes.jsa
8003b7000-800a8a000 r--p 003b8000 08:01 2118409                          /usr/lib/jvm/java-11-openjdk-amd64/lib/server/classes.jsa
800a8a000-800a8b000 rw-p 00a8b000 08:01 2118409                          /usr/lib/jvm/java-11-openjdk-amd64/lib/server/classes.jsa
800a8b000-801095000 r--p 00a8c000 08:01 2118409                          /usr/lib/jvm/java-11-openjdk-amd64/lib/server/classes.jsa
840000000-840240000 rw-p 00000000 00:00 0 
840240000-880000000 ---p 00000000 00:00 0 
557c3165c000-557c3165d000 r-xp 00000000 08:01 2118040                    /usr/lib/jvm/java-11-openjdk-amd64/bin/java
557c3185d000-557c3185e000 r--p 00001000 08:01 2118040                    /usr/lib/jvm/java-11-openjdk-amd64/bin/java
557c3185e000-557c3185f000 rw-p 00002000 08:01 2118040                    /usr/lib/jvm/java-11-openjdk-amd64/bin/java
557c3343b000-557c3347d000 rw-p 00000000 00:00 0                          [heap]
7f97ac000000-7f97ac021000 rw-p 00000000 00:00 0 
7f97ac021000-7f97b0000000 ---p 00000000 00:00 0 
7f97b4000000-7f97b4021000 rw-p 00000000 00:00 0 
7f97b4021000-7f97b8000000 ---p 00000000 00:00 0 
7f97b8000000-7f97b8021000 rw-p 00000000 00:00 0 
7f97b8021000-7f97bc000000 ---p 00000000 00:00 0 
7f97bc000000-7f97bc95b000 rw-p 00000000 00:00 0 
7f97bc95b000-7f97c0000000 ---p 00000000 00:00 0 
7f97c0000000-7f97c0021000 rw-p 00000000 00:00 0 
7f97c0021000-7f97c4000000 ---p 00000000 00:00 0 
7f97c4000000-7f97c4021000 rw-p 00000000 00:00 0 
7f97c4021000-7f97c8000000 ---p 00000000 00:00 0 
7f97c8000000-7f97c89c8000 rw-p 00000000 00:00 0 
7f97c89c8000-7f97cc000000 ---p 00000000 00:00 0 
7f97cc000000-7f97cc021000 rw-p 00000000 00:00 0 
7f97cc021000-7f97d0000000 ---p 00000000 00:00 0 
7f97d0000000-7f97d0021000 rw-p 00000000 00:00 0 
7f97d0021000-7f97d4000000 ---p 00000000 00:00 0 
7f97d4000000-7f97d4021000 rw-p 00000000 00:00 0 
7f97d4021000-7f97d8000000 ---p 00000000 00:00 0 
7f97d8110000-7f97d8150000 rw-p 00000000 00:00 0 
7f97d8150000-7f97d8310000 ---p 00000000 00:00 0 
7f97d8310000-7f97d8510000 rw-p 00000000 00:00 0 
7f97d8510000-7f97d8710000 rw-p 00000000 00:00 0 
7f97d8710000-7f97d8910000 rw-p 00000000 00:00 0 
7f97d8910000-7f97d8b80000 rwxp 00000000 00:00 0 
7f97d8b80000-7f97d8e9f000 ---p 00000000 00:00 0 
7f97d8e9f000-7f97d964f000 rwxp 00000000 00:00 0 
7f97d964f000-7f97e03d7000 ---p 00000000 00:00 0 
7f97e03d7000-7f97e0647000 rwxp 00000000 00:00 0 
7f97e0647000-7f97e7910000 ---p 00000000 00:00 0 
7f97e7910000-7f97f0000000 r--s 00000000 08:01 2118399                    /usr/lib/jvm/java-11-openjdk-amd64/lib/modules
7f97f0000000-7f97f0d62000 rw-p 00000000 00:00 0 
7f97f0d62000-7f97f4000000 ---p 00000000 00:00 0 
7f97f418e000-7f97f438e000 rw-p 00000000 00:00 0 
7f97f438e000-7f97f4390000 r-xp 00000000 08:01 1843038                    /lib/x86_64-linux-gnu/libutil-2.24.so
7f97f4390000-7f97f458f000 ---p 00002000 08:01 1843038                    /lib/x86_64-linux-gnu/libutil-2.24.so
7f97f458f000-7f97f4590000 r--p 00001000 08:01 1843038                    /lib/x86_64-linux-gnu/libutil-2.24.so
7f97f4590000-7f97f4591000 rw-p 00002000 08:01 1843038                    /lib/x86_64-linux-gnu/libutil-2.24.so
7f97f4591000-7f97f4594000 r-xp 00000000 08:01 1993728                    /opt/maven/lib/jansi-native/linux64/libjansi.so
7f97f4594000-7f97f4793000 ---p 00003000 08:01 1993728                    /opt/maven/lib/jansi-native/linux64/libjansi.so
7f97f4793000-7f97f4794000 rw-p 00002000 08:01 1993728                    /opt/maven/lib/jansi-native/linux64/libjansi.so
7f97f4794000-7f97f47c5000 rw-p 00000000 00:00 0 
7f97f47c5000-7f97f47db000 r-xp 00000000 08:01 2118388                    /usr/lib/jvm/java-11-openjdk-amd64/lib/libnet.so
7f97f47db000-7f97f49da000 ---p 00016000 08:01 2118388                    /usr/lib/jvm/java-11-openjdk-amd64/lib/libnet.so
7f97f49da000-7f97f49db000 r--p 00015000 08:01 2118388                    /usr/lib/jvm/java-11-openjdk-amd64/lib/libnet.so
7f97f49db000-7f97f49dc000 rw-p 00016000 08:01 2118388                    /usr/lib/jvm/java-11-openjdk-amd64/lib/libnet.so
7f97f49dc000-7f97f49ec000 r-xp 00000000 08:01 2118389                    /usr/lib/jvm/java-11-openjdk-amd64/lib/libnio.so
7f97f49ec000-7f97f4beb000 ---p 00010000 08:01 2118389                    /usr/lib/jvm/java-11-openjdk-amd64/lib/libnio.so
7f97f4beb000-7f97f4bec000 r--p 0000f000 08:01 2118389                    /usr/lib/jvm/java-11-openjdk-amd64/lib/libnio.so
7f97f4bec000-7f97f4bed000 rw-p 00010000 08:01 2118389                    /usr/lib/jvm/java-11-openjdk-amd64/lib/libnio.so
7f97f4bed000-7f97f4bf1000 ---p 00000000 00:00 0 
7f97f4bf1000-7f97f4cee000 rw-p 00000000 00:00 0 
7f97f4cee000-7f97f4cef000 ---p 00000000 00:00 0 
7f97f4cef000-7f97f4df0000 rw-p 00000000 00:00 0 
7f97f4df0000-7f97f4df4000 ---p 00000000 00:00 0 
7f97f4df4000-7f97f4ef1000 rw-p 00000000 00:00 0 
7f97f4ef1000-7f97f4ef5000 ---p 00000000 00:00 0 
7f97f4ef5000-7f97f4ff2000 rw-p 00000000 00:00 0 
7f97f4ff2000-7f97f4ff6000 ---p 00000000 00:00 0 
7f97f4ff6000-7f97f50f3000 rw-p 00000000 00:00 0 
7f97f50f3000-7f97f50f7000 ---p 00000000 00:00 0 
7f97f50f7000-7f97f51f4000 rw-p 00000000 00:00 0 
7f97f51f4000-7f97f51f8000 ---p 00000000 00:00 0 
7f97f51f8000-7f97f52f5000 rw-p 00000000 00:00 0 
7f97f52f5000-7f97f5490000 r--p 00000000 08:01 1850658                    /usr/lib/locale/locale-archive
7f97f5490000-7f97f5494000 ---p 00000000 00:00 0 
7f97f5494000-7f97f5591000 rw-p 00000000 00:00 0 
7f97f5591000-7f97f5595000 ---p 00000000 00:00 0 
7f97f5595000-7f97f5692000 rw-p 00000000 00:00 0 
7f97f5692000-7f97f5693000 ---p 00000000 00:00 0 
7f97f5693000-7f97f6098000 rw-p 00000000 00:00 0 
7f97f6098000-7f97f60bf000 rw-p 00000000 00:00 0 
7f97f60bf000-7f97f610c000 ---p 00000000 00:00 0 
7f97f610c000-7f97f6117000 rw-p 00000000 00:00 0 
7f97f6117000-7f97f61b3000 ---p 00000000 00:00 0 
7f97f61b3000-7f97f61b9000 rw-p 00000000 00:00 0 
7f97f61b9000-7f97f629f000 ---p 00000000 00:00 0 
7f97f629f000-7f97f62af000 rw-p 00000000 00:00 0 
7f97f62af000-7f97f638a000 ---p 00000000 00:00 0 
7f97f638a000-7f97f638f000 r-xp 00000000 08:01 2118380                    /usr/lib/jvm/java-11-openjdk-amd64/lib/libjimage.so
7f97f638f000-7f97f658e000 ---p 00005000 08:01 2118380                    /usr/lib/jvm/java-11-openjdk-amd64/lib/libjimage.so
7f97f658e000-7f97f658f000 r--p 00004000 08:01 2118380                    /usr/lib/jvm/java-11-openjdk-amd64/lib/libjimage.so
7f97f658f000-7f97f6590000 rw-p 00005000 08:01 2118380                    /usr/lib/jvm/java-11-openjdk-amd64/lib/libjimage.so
7f97f6590000-7f97f6597000 r-xp 00000000 08:01 2118398                    /usr/lib/jvm/java-11-openjdk-amd64/lib/libzip.so
7f97f6597000-7f97f6796000 ---p 00007000 08:01 2118398                    /usr/lib/jvm/java-11-openjdk-amd64/lib/libzip.so
7f97f6796000-7f97f6797000 r--p 00006000 08:01 2118398                    /usr/lib/jvm/java-11-openjdk-amd64/lib/libzip.so
7f97f6797000-7f97f6798000 rw-p 00007000 08:01 2118398                    /usr/lib/jvm/java-11-openjdk-amd64/lib/libzip.so
7f97f6798000-7f97f67a2000 r-xp 00000000 08:01 1843001                    /lib/x86_64-linux-gnu/libnss_files-2.24.so
7f97f67a2000-7f97f69a2000 ---p 0000a000 08:01 1843001                    /lib/x86_64-linux-gnu/libnss_files-2.24.so
7f97f69a2000-7f97f69a3000 r--p 0000a000 08:01 1843001                    /lib/x86_64-linux-gnu/libnss_files-2.24.so
7f97f69a3000-7f97f69a4000 rw-p 0000b000 08:01 1843001                    /lib/x86_64-linux-gnu/libnss_files-2.24.so
7f97f69a4000-7f97f69aa000 rw-p 00000000 00:00 0 
7f97f69aa000-7f97f69b5000 r-xp 00000000 08:01 1843005                    /lib/x86_64-linux-gnu/libnss_nis-2.24.so
7f97f69b5000-7f97f6bb4000 ---p 0000b000 08:01 1843005                    /lib/x86_64-linux-gnu/libnss_nis-2.24.so
7f97f6bb4000-7f97f6bb5000 r--p 0000a000 08:01 1843005                    /lib/x86_64-linux-gnu/libnss_nis-2.24.so
7f97f6bb5000-7f97f6bb6000 rw-p 0000b000 08:01 1843005                    /lib/x86_64-linux-gnu/libnss_nis-2.24.so
7f97f6bb6000-7f97f6bca000 r-xp 00000000 08:01 1842995                    /lib/x86_64-linux-gnu/libnsl-2.24.so
7f97f6bca000-7f97f6dca000 ---p 00014000 08:01 1842995                    /lib/x86_64-linux-gnu/libnsl-2.24.so
7f97f6dca000-7f97f6dcb000 r--p 00014000 08:01 1842995                    /lib/x86_64-linux-gnu/libnsl-2.24.so
7f97f6dcb000-7f97f6dcc000 rw-p 00015000 08:01 1842995                    /lib/x86_64-linux-gnu/libnsl-2.24.so
7f97f6dcc000-7f97f6dce000 rw-p 00000000 00:00 0 
7f97f6dce000-7f97f6dd5000 r-xp 00000000 08:01 1842997                    /lib/x86_64-linux-gnu/libnss_compat-2.24.so
7f97f6dd5000-7f97f6fd4000 ---p 00007000 08:01 1842997                    /lib/x86_64-linux-gnu/libnss_compat-2.24.so
7f97f6fd4000-7f97f6fd5000 r--p 00006000 08:01 1842997                    /lib/x86_64-linux-gnu/libnss_compat-2.24.so
7f97f6fd5000-7f97f6fd6000 rw-p 00007000 08:01 1842997                    /lib/x86_64-linux-gnu/libnss_compat-2.24.so
7f97f6fd6000-7f97f6fff000 r-xp 00000000 08:01 2118376                    /usr/lib/jvm/java-11-openjdk-amd64/lib/libjava.so
7f97f6fff000-7f97f71fe000 ---p 00029000 08:01 2118376                    /usr/lib/jvm/java-11-openjdk-amd64/lib/libjava.so
7f97f71fe000-7f97f71ff000 r--p 00028000 08:01 2118376                    /usr/lib/jvm/java-11-openjdk-amd64/lib/libjava.so
7f97f71ff000-7f97f7201000 rw-p 00029000 08:01 2118376                    /usr/lib/jvm/java-11-openjdk-amd64/lib/libjava.so
7f97f7201000-7f97f720e000 r-xp 00000000 08:01 2118397                    /usr/lib/jvm/java-11-openjdk-amd64/lib/libverify.so
7f97f720e000-7f97f740d000 ---p 0000d000 08:01 2118397                    /usr/lib/jvm/java-11-openjdk-amd64/lib/libverify.so
7f97f740d000-7f97f740f000 r--p 0000c000 08:01 2118397                    /usr/lib/jvm/java-11-openjdk-amd64/lib/libverify.so
7f97f740f000-7f97f7410000 rw-p 0000e000 08:01 2118397                    /usr/lib/jvm/java-11-openjdk-amd64/lib/libverify.so
7f97f7410000-7f97f7417000 r-xp 00000000 08:01 1843022                    /lib/x86_64-linux-gnu/librt-2.24.so
7f97f7417000-7f97f7616000 ---p 00007000 08:01 1843022                    /lib/x86_64-linux-gnu/librt-2.24.so
7f97f7616000-7f97f7617000 r--p 00006000 08:01 1843022                    /lib/x86_64-linux-gnu/librt-2.24.so
7f97f7617000-7f97f7618000 rw-p 00007000 08:01 1843022                    /lib/x86_64-linux-gnu/librt-2.24.so
7f97f7618000-7f97f762e000 r-xp 00000000 08:01 1842975                    /lib/x86_64-linux-gnu/libgcc_s.so.1
7f97f762e000-7f97f782d000 ---p 00016000 08:01 1842975                    /lib/x86_64-linux-gnu/libgcc_s.so.1
7f97f782d000-7f97f782e000 r--p 00015000 08:01 1842975                    /lib/x86_64-linux-gnu/libgcc_s.so.1
7f97f782e000-7f97f782f000 rw-p 00016000 08:01 1842975                    /lib/x86_64-linux-gnu/libgcc_s.so.1
7f97f782f000-7f97f7932000 r-xp 00000000 08:01 1842984                    /lib/x86_64-linux-gnu/libm-2.24.so
7f97f7932000-7f97f7b31000 ---p 00103000 08:01 1842984                    /lib/x86_64-linux-gnu/libm-2.24.so
7f97f7b31000-7f97f7b32000 r--p 00102000 08:01 1842984                    /lib/x86_64-linux-gnu/libm-2.24.so
7f97f7b32000-7f97f7b33000 rw-p 00103000 08:01 1842984                    /lib/x86_64-linux-gnu/libm-2.24.so
7f97f7b33000-7f97f7ca5000 r-xp 00000000 08:01 1843740                    /usr/lib/x86_64-linux-gnu/libstdc++.so.6.0.22
7f97f7ca5000-7f97f7ea5000 ---p 00172000 08:01 1843740                    /usr/lib/x86_64-linux-gnu/libstdc++.so.6.0.22
7f97f7ea5000-7f97f7eaf000 r--p 00172000 08:01 1843740                    /usr/lib/x86_64-linux-gnu/libstdc++.so.6.0.22
7f97f7eaf000-7f97f7eb1000 rw-p 0017c000 08:01 1843740                    /usr/lib/x86_64-linux-gnu/libstdc++.so.6.0.22
7f97f7eb1000-7f97f7eb5000 rw-p 00000000 00:00 0 
7f97f7eb5000-7f97f8f3d000 r-xp 00000000 08:01 2118411                    /usr/lib/jvm/java-11-openjdk-amd64/lib/server/libjvm.so
7f97f8f3d000-7f97f913c000 ---p 01088000 08:01 2118411                    /usr/lib/jvm/java-11-openjdk-amd64/lib/server/libjvm.so
7f97f913c000-7f97f91f9000 r--p 01087000 08:01 2118411                    /usr/lib/jvm/java-11-openjdk-amd64/lib/server/libjvm.so
7f97f91f9000-7f97f9233000 rw-p 01144000 08:01 2118411                    /usr/lib/jvm/java-11-openjdk-amd64/lib/server/libjvm.so
7f97f9233000-7f97f9289000 rw-p 00000000 00:00 0 
7f97f9289000-7f97f941e000 r-xp 00000000 08:01 1842955                    /lib/x86_64-linux-gnu/libc-2.24.so
7f97f941e000-7f97f961e000 ---p 00195000 08:01 1842955                    /lib/x86_64-linux-gnu/libc-2.24.so
7f97f961e000-7f97f9622000 r--p 00195000 08:01 1842955                    /lib/x86_64-linux-gnu/libc-2.24.so
7f97f9622000-7f97f9624000 rw-p 00199000 08:01 1842955                    /lib/x86_64-linux-gnu/libc-2.24.so
7f97f9624000-7f97f9628000 rw-p 00000000 00:00 0 
7f97f9628000-7f97f962b000 r-xp 00000000 08:01 1842967                    /lib/x86_64-linux-gnu/libdl-2.24.so
7f97f962b000-7f97f982a000 ---p 00003000 08:01 1842967                    /lib/x86_64-linux-gnu/libdl-2.24.so
7f97f982a000-7f97f982b000 r--p 00002000 08:01 1842967                    /lib/x86_64-linux-gnu/libdl-2.24.so
7f97f982b000-7f97f982c000 rw-p 00003000 08:01 1842967                    /lib/x86_64-linux-gnu/libdl-2.24.so
7f97f982c000-7f97f983b000 r-xp 00000000 08:01 2118358                    /usr/lib/jvm/java-11-openjdk-amd64/lib/jli/libjli.so
7f97f983b000-7f97f9a3a000 ---p 0000f000 08:01 2118358                    /usr/lib/jvm/java-11-openjdk-amd64/lib/jli/libjli.so
7f97f9a3a000-7f97f9a3b000 r--p 0000e000 08:01 2118358                    /usr/lib/jvm/java-11-openjdk-amd64/lib/jli/libjli.so
7f97f9a3b000-7f97f9a3c000 rw-p 0000f000 08:01 2118358                    /usr/lib/jvm/java-11-openjdk-amd64/lib/jli/libjli.so
7f97f9a3c000-7f97f9a54000 r-xp 00000000 08:01 1843018                    /lib/x86_64-linux-gnu/libpthread-2.24.so
7f97f9a54000-7f97f9c53000 ---p 00018000 08:01 1843018                    /lib/x86_64-linux-gnu/libpthread-2.24.so
7f97f9c53000-7f97f9c54000 r--p 00017000 08:01 1843018                    /lib/x86_64-linux-gnu/libpthread-2.24.so
7f97f9c54000-7f97f9c55000 rw-p 00018000 08:01 1843018                    /lib/x86_64-linux-gnu/libpthread-2.24.so
7f97f9c55000-7f97f9c59000 rw-p 00000000 00:00 0 
7f97f9c59000-7f97f9c72000 r-xp 00000000 08:01 1843043                    /lib/x86_64-linux-gnu/libz.so.1.2.8
7f97f9c72000-7f97f9e71000 ---p 00019000 08:01 1843043                    /lib/x86_64-linux-gnu/libz.so.1.2.8
7f97f9e71000-7f97f9e72000 r--p 00018000 08:01 1843043                    /lib/x86_64-linux-gnu/libz.so.1.2.8
7f97f9e72000-7f97f9e73000 rw-p 00019000 08:01 1843043                    /lib/x86_64-linux-gnu/libz.so.1.2.8
7f97f9e73000-7f97f9e96000 r-xp 00000000 08:01 1842937                    /lib/x86_64-linux-gnu/ld-2.24.so
7f97f9eb0000-7f97f9edc000 rw-p 00000000 00:00 0 
7f97f9edc000-7f97f9f78000 ---p 00000000 00:00 0 
7f97f9f78000-7f97f9f7d000 rw-p 00000000 00:00 0 
7f97f9f7d000-7f97f9f84000 ---p 00000000 00:00 0 
7f97f9f84000-7f97f9f86000 r--s 00007000 08:01 2379129                    /usr/share/java/java-atk-wrapper.jar
7f97f9f86000-7f97f9f8a000 ---p 00000000 00:00 0 
7f97f9f8a000-7f97fa08b000 rw-p 00000000 00:00 0 
7f97fa08c000-7f97fa094000 rw-s 00000000 08:01 411604                     /tmp/hsperfdata_tanzachary/3953
7f97fa094000-7f97fa095000 ---p 00000000 00:00 0 
7f97fa095000-7f97fa096000 r--p 00000000 00:00 0 
7f97fa096000-7f97fa097000 r--p 00023000 08:01 1842937                    /lib/x86_64-linux-gnu/ld-2.24.so
7f97fa097000-7f97fa098000 rw-p 00024000 08:01 1842937                    /lib/x86_64-linux-gnu/ld-2.24.so
7f97fa098000-7f97fa099000 rw-p 00000000 00:00 0 
7ffd8d4f8000-7ffd8d519000 rw-p 00000000 00:00 0                          [stack]
7ffd8d5b6000-7ffd8d5b9000 r--p 00000000 00:00 0                          [vvar]
7ffd8d5b9000-7ffd8d5bb000 r-xp 00000000 00:00 0                          [vdso]
ffffffffff600000-ffffffffff601000 r-xp 00000000 00:00 0                  [vsyscall]


VM Arguments:
jvm_args: -Dclassworlds.conf=/opt/maven/bin/m2.conf -Dmaven.home=/opt/maven -Dlibrary.jansi.path=/opt/maven/lib/jansi-native -Dmaven.multiModuleProjectDirectory=/home/tanzachary/step/portfolio 
java_command: org.codehaus.plexus.classworlds.launcher.Launcher package appengine:run
java_class_path (initial): /opt/maven/boot/plexus-classworlds-2.6.0.jar
Launcher Type: SUN_STANDARD

[Global flags]
     intx CICompilerCount                          = 2                                         {product} {ergonomic}
   size_t InitialHeapSize                          = 33554432                                  {product} {ergonomic}
   size_t MaxHeapSize                              = 524288000                                 {product} {ergonomic}
   size_t MaxNewSize                               = 174718976                                 {product} {ergonomic}
   size_t MinHeapDeltaBytes                        = 196608                                    {product} {ergonomic}
   size_t NewSize                                  = 11141120                                  {product} {ergonomic}
    uintx NonNMethodCodeHeapSize                   = 5825164                                {pd product} {ergonomic}
    uintx NonProfiledCodeHeapSize                  = 122916538                              {pd product} {ergonomic}
   size_t OldSize                                  = 22413312                                  {product} {ergonomic}
    uintx ProfiledCodeHeapSize                     = 122916538                              {pd product} {ergonomic}
    uintx ReservedCodeCacheSize                    = 251658240                              {pd product} {ergonomic}
     bool SegmentedCodeCache                       = true                                      {product} {ergonomic}
     bool UseCompressedClassPointers               = true                                 {lp64_product} {ergonomic}
     bool UseCompressedOops                        = true                                 {lp64_product} {ergonomic}
     bool UseSerialGC                              = true                                      {product} {ergonomic}

Logging:
Log output configuration:
 #0: stdout all=warning uptime,level,tags
 #1: stderr all=off uptime,level,tags

Environment Variables:
JAVA_HOME=/usr/lib/jvm/java-11-openjdk-amd64
PATH=/home/tanzachary/step/portfolio/node_modules/.bin:/home/tanzachary/gopath/bin:/google/gopath/bin:/home/tanzachary/.gems/bin:/usr/local/go/bin:/opt/gradle/bin:/opt/maven/bin:/usr/local/sbin:/usr/local/bin:/usr/sbin:/usr/bin:/sbin:/bin:/usr/local/nvm/versions/node/v10.14.2/bin:/google/go_appengine:/google/google_appengine:/google/migrate/anthos/
SHELL=/bin/bash

Signal Handlers:
SIGSEGV: [libjvm.so+0xd9bff0], sa_mask[0]=11111111011111111101111111111110, sa_flags=SA_RESTART|SA_SIGINFO
SIGBUS: [libjvm.so+0xd9bff0], sa_mask[0]=11111111011111111101111111111110, sa_flags=SA_RESTART|SA_SIGINFO
SIGFPE: [libjvm.so+0xd9bff0], sa_mask[0]=11111111011111111101111111111110, sa_flags=SA_RESTART|SA_SIGINFO
SIGPIPE: [libjvm.so+0xb8fcf0], sa_mask[0]=11111111011111111101111111111110, sa_flags=SA_RESTART|SA_SIGINFO
SIGXFSZ: [libjvm.so+0xb8fcf0], sa_mask[0]=11111111011111111101111111111110, sa_flags=SA_RESTART|SA_SIGINFO
SIGILL: [libjvm.so+0xd9bff0], sa_mask[0]=11111111011111111101111111111110, sa_flags=SA_RESTART|SA_SIGINFO
SIGUSR2: [libjvm.so+0xb8fb90], sa_mask[0]=00000000000000000000000000000000, sa_flags=SA_RESTART|SA_SIGINFO
SIGHUP: [libjvm.so+0xb8fef0], sa_mask[0]=11111111011111111101111111111110, sa_flags=SA_RESTART|SA_SIGINFO
SIGINT: [libjvm.so+0xb8fef0], sa_mask[0]=11111111011111111101111111111110, sa_flags=SA_RESTART|SA_SIGINFO
SIGTERM: [libjvm.so+0xb8fef0], sa_mask[0]=11111111011111111101111111111110, sa_flags=SA_RESTART|SA_SIGINFO
SIGQUIT: [libjvm.so+0xb8fef0], sa_mask[0]=11111111011111111101111111111110, sa_flags=SA_RESTART|SA_SIGINFO


---------------  S Y S T E M  ---------------

OS:PRETTY_NAME="Debian GNU/Linux 9 (stretch)"
NAME="Debian GNU/Linux"
VERSION_ID="9"
VERSION="9 (stretch)"
VERSION_CODENAME=stretch
ID=debian
HOME_URL="https://www.debian.org/"
SUPPORT_URL="https://www.debian.org/support"
BUG_REPORT_URL="https://bugs.debian.org/"
uname:Linux 4.19.112+ #1 SMP Wed May 6 00:27:44 PDT 2020 x86_64
libc:glibc 2.24 NPTL 2.24 
rlimit: STACK 8192k, CORE infinity, NPROC infinity, NOFILE 1048576, AS infinity, DATA infinity, FSIZE infinity
load average:2.76 1.04 0.67

/proc/meminfo:
MemTotal:        2043884 kB
MemFree:          172712 kB
MemAvailable:     868760 kB
Buffers:           74104 kB
Cached:           644068 kB
SwapCached:          740 kB
Active:           838308 kB
Inactive:         717448 kB
Active(anon):     411660 kB
Inactive(anon):   406308 kB
Active(file):     426648 kB
Inactive(file):   311140 kB
Unevictable:           0 kB
Mlocked:               0 kB
SwapTotal:        786428 kB
SwapFree:         702460 kB
Dirty:              1052 kB
Writeback:            64 kB
AnonPages:        836804 kB
Mapped:           379916 kB
Shmem:               820 kB
Slab:             196996 kB
SReclaimable:     145896 kB
SUnreclaim:        51100 kB
KernelStack:        8008 kB
PageTables:        13404 kB
NFS_Unstable:          0 kB
Bounce:                0 kB
WritebackTmp:          0 kB
CommitLimit:     1808368 kB
Committed_AS:    5121668 kB
VmallocTotal:   34359738367 kB
VmallocUsed:           0 kB
VmallocChunk:          0 kB
Percpu:              968 kB
AnonHugePages:      2048 kB
ShmemHugePages:        0 kB
ShmemPmdMapped:        0 kB
HugePages_Total:       0
HugePages_Free:        0
HugePages_Rsvd:        0
HugePages_Surp:        0
Hugepagesize:       2048 kB
Hugetlb:               0 kB
DirectMap4k:       85180 kB
DirectMap2M:     2011136 kB
DirectMap1G:           0 kB


/proc/sys/kernel/threads-max (system-wide limit on the number of threads):
15631


/proc/sys/vm/max_map_count (maximum number of memory map areas a process may have):
65530


/proc/sys/kernel/pid_max (system-wide limit on number of process identifiers):
4194304



container (cgroup) information:
container_type: cgroupv1
cpu_cpuset_cpus: 0-1
cpu_memory_nodes: 0
active_processor_count: 1
cpu_quota: -1
cpu_period: 100000
cpu_shares: 2
memory_limit_in_bytes: -1
memory_and_swap_limit_in_bytes: -1
memory_soft_limit_in_bytes: -1
memory_usage_in_bytes: 561303552
memory_max_usage_in_bytes: 684109824

KVM virtualization detected
Steal ticks since vm start: 0
Steal ticks percentage since vm start:  0.000

CPU:total 2 (initial active 1) (1 cores per cpu, 2 threads per core) family 6 model 63 stepping 0, cmov, cx8, fxsr, mmx, sse, sse2, sse3, ssse3, sse4.1, sse4.2, popcnt, avx, avx2, aes, clmul, erms, lzcnt, ht, tsc, tscinvbit, bmi1, bmi2, fma
CPU Model and flags from /proc/cpuinfo:
model name	: Intel(R) Xeon(R) CPU @ 2.30GHz
flags		: fpu vme de pse tsc msr pae mce cx8 apic sep mtrr pge mca cmov pat pse36 clflush mmx fxsr sse sse2 ss ht syscall nx pdpe1gb rdtscp lm constant_tsc rep_good nopl xtopology nonstop_tsc cpuid tsc_known_freq pni pclmulqdq ssse3 fma cx16 pcid sse4_1 sse4_2 x2apic movbe popcnt aes xsave avx f16c rdrand hypervisor lahf_lm abm invpcid_single pti ssbd ibrs ibpb stibp fsgsbase tsc_adjust bmi1 avx2 smep bmi2 erms invpcid xsaveopt arat md_clear arch_capabilities

Memory: 4k page, physical 2043884k(172712k free), swap 786428k(702460k free)

vm_info: OpenJDK 64-Bit Server VM (11.0.6+10-post-Debian-1bpo91) for linux-amd64 JRE (11.0.6+10-post-Debian-1bpo91), built on Feb  1 2020 09:07:43 by "unknown" with gcc 6.3.0 20170516

END.
