#
# A fatal error has been detected by the Java Runtime Environment:
#
#  SIGSEGV (0xb) at pc=0x00007f2920d9abc0, pid=3715, tid=3715
#
# JRE version: OpenJDK Runtime Environment (11.0.6+10) (build 11.0.6+10-post-Debian-1bpo91)
# Java VM: OpenJDK 64-Bit Server VM (11.0.6+10-post-Debian-1bpo91, mixed mode, sharing, tiered, compressed oops, serial gc, linux-amd64)
# Problematic frame:
# V  [libjvm.so+0xb8fbc0]
#
# Core dump will be written. Default location: Core dumps may be processed with "/sbin/crash_reporter --user=%P:%s:%u:%g:%e" (or dumping to /home/tanzachary/step/portfolio/core.3715)
#
# If you would like to submit a bug report, please visit:
#   https://bugs.debian.org/openjdk-11
#

---------------  S U M M A R Y ------------

Command Line: -Dclassworlds.conf=/opt/maven/bin/m2.conf -Dmaven.home=/opt/maven -Dlibrary.jansi.path=/opt/maven/lib/jansi-native -Dmaven.multiModuleProjectDirectory=/home/tanzachary/step/portfolio org.codehaus.plexus.classworlds.launcher.Launcher package appengine:run

Host: Intel(R) Xeon(R) CPU @ 2.30GHz, 2 cores, 1G, Debian GNU/Linux 9 (stretch)
Time: Thu May 28 17:39:51 2020 EDT elapsed time: 14 seconds (0d 0h 0m 14s)

---------------  T H R E A D  ---------------

Current thread is native thread

Stack: [0x00007ffcb163c000,0x00007ffcb1e39000],  sp=0x00007ffcb1e344c0,  free space=8161k
Native frames: (J=compiled Java code, A=aot compiled Java code, j=interpreted, Vv=VM code, C=native code)
V  [libjvm.so+0xb8fbc0]
C  [libpthread.so.0+0x110e0]


siginfo: si_signo: 11 (SIGSEGV), si_code: 1 (SEGV_MAPERR), si_addr: 0x00000000000000d0

Register to memory mapping:

RAX=0x0 is NULL
RBX=
[error occurred during error reporting (printing register info), id 0xb, SIGSEGV (0xb) at pc=0x00007f2920f419e7]

Registers:
RAX=0x0000000000000000, RBX=0x00007f29223dde18, RCX=0x00007f2921d9a6dd, RDX=0x0000000000000000
RSP=0x00007ffcb1e344c0, RBP=0x00007ffcb1e34570, RSI=0x00007ffcb1e346b0, RDI=0x0000000000000001
R8 =0x00000000000000ca, R9 =0x00007f29223dc9d0, R10=0x0000000000000000, R11=0x0000000000000246
R12=0x0000000000000000, R13=0x00007ffcb1e346b0, R14=0x00007ffcb1e34580, R15=0x00007f29223dcd28
RIP=0x00007f2920d9abc0, EFLAGS=0x0000000000010246, CSGSFS=0x002b000000000033, ERR=0x0000000000000004
  TRAPNO=0x000000000000000e

Top of Stack: (sp=0x00007ffcb1e344c0)
0x00007ffcb1e344c0:   0000000001e5cb59 00007f29215f0038
0x00007ffcb1e344d0:   00007ffcb1e345f0 00007f29215e2d90
0x00007ffcb1e344e0:   00007ffcb1e34514 00007ffcb1e345e0
0x00007ffcb1e344f0:   000055f68906ec70 000000000000000b 

Instructions: (pc=0x00007f2920d9abc0)
0x00007f2920d9aac0:   c0 74 03 c6 00 00 4c 89 f7 4c 89 fa 48 89 de e8
0x00007f2920d9aad0:   dc db 6d ff 4c 89 e7 e8 24 df 6d ff 48 81 c4 08
0x00007f2920d9aae0:   01 00 00 5b 41 5c 41 5d 41 5e 41 5f 5d c3 4c 89
0x00007f2920d9aaf0:   e2 be 00 01 00 00 48 89 df e8 92 e1 6d ff 48 85
0x00007f2920d9ab00:   c0 74 ae 48 8d 35 b1 46 2f 00 48 89 df e8 5e df
0x00007f2920d9ab10:   6d ff 48 85 c0 74 41 66 0f 1f 84 00 00 00 00 00
0x00007f2920d9ab20:   be 22 00 00 00 48 89 df e8 d3 df 6d ff 48 85 c0
0x00007f2920d9ab30:   74 46 48 8d 58 01 be 22 00 00 00 48 89 df e8 bd
0x00007f2920d9ab40:   df 6d ff 48 85 c0 0f 85 77 ff ff ff e9 75 ff ff
0x00007f2920d9ab50:   ff 0f 1f 80 00 00 00 00 48 8d 35 71 46 2f 00 48
0x00007f2920d9ab60:   89 df e8 09 df 6d ff 48 85 c0 0f 84 41 ff ff ff
0x00007f2920d9ab70:   eb ae 66 0f 1f 44 00 00 48 89 df be 3d 00 00 00
0x00007f2920d9ab80:   e8 7b df 6d ff 48 8d 58 01 e9 23 ff ff ff 66 90
0x00007f2920d9ab90:   55 48 89 e5 41 57 41 56 41 55 41 54 49 89 d6 53
0x00007f2920d9aba0:   49 89 f5 48 81 ec 88 00 00 00 e8 81 e6 6d ff 48
0x00007f2920d9abb0:   89 c3 44 8b 20 e8 26 58 1a 00 31 d2 84 c0 75 38
0x00007f2920d9abc0:   48 83 ba d0 00 00 00 00 74 16 4c 8b ba 68 02 00
0x00007f2920d9abd0:   00 41 8b 87 a8 00 00 00 83 f8 01 74 2b 44 89 23
0x00007f2920d9abe0:   48 81 c4 88 00 00 00 5b 41 5c 41 5d 41 5e 41 5f
0x00007f2920d9abf0:   5d c3 66 0f 1f 44 00 00 e8 f3 57 1a 00 48 89 c2
0x00007f2920d9ac00:   eb be 66 0f 1f 44 00 00 4d 89 af b0 00 00 00 4d
0x00007f2920d9ac10:   8d af a8 00 00 00 4d 89 b7 b8 00 00 00 ba 02 00
0x00007f2920d9ac20:   00 00 be 01 00 00 00 4c 89 ef e8 01 cb ff ff 83
0x00007f2920d9ac30:   f8 02 74 3c 85 c0 75 18 49 c7 87 b8 00 00 00 00
0x00007f2920d9ac40:   00 00 00 49 c7 87 b0 00 00 00 00 00 00 00 eb 8d
0x00007f2920d9ac50:   48 8d 05 51 96 7b 00 48 8d 3d 7a 4e 2f 00 be 64
0x00007f2920d9ac60:   11 00 00 48 8b 00 c6 00 58 e8 22 16 ab ff eb c8
0x00007f2920d9ac70:   4c 8d b5 50 ff ff ff 4c 89 f7 e8 11 e2 6d ff 4c
0x00007f2920d9ac80:   89 f2 31 f6 31 ff e8 15 e3 6d ff 8b 35 ff 37 7d
0x00007f2920d9ac90:   00 4c 89 f7 e8 c7 de 6d ff 48 8d 3d 60 73 81 00
0x00007f2920d9aca0:   be 01 00 00 00 e8 a6 bc 0c 00 66 0f 1f 44 00 00
0x00007f2920d9acb0:   4c 89 f7 e8 d8 e5 6d ff 31 d2 be 03 00 00 00 4c 


Stack slot to memory mapping:
stack at sp + 0 slots: 
[error occurred during error reporting (inspecting top of stack), id 0xb, SIGSEGV (0xb) at pc=0x00007f2920f419e7]


---------------  P R O C E S S  ---------------

VM state:not at safepoint (normal execution)

VM Mutex/Monitor currently owned by a thread: None

Heap address: 0x00000000e0c00000, size: 500 MB, Compressed Oops mode: 32-bit
Narrow klass base: 0x0000000800000000, Narrow klass shift: 3
Compressed class space size: 1073741824 Address: 0x0000000840000000

Heap:
 def new generation   total 10304K, used 2117K [0x00000000e0c00000, 0x00000000e1720000, 0x00000000eb2a0000)
  eden space 9216K,  22% used [0x00000000e0c00000, 0x00000000e0e11700, 0x00000000e1500000)
  from space 1088K,   0% used [0x00000000e1500000, 0x00000000e1500000, 0x00000000e1610000)
  to   space 1088K,   0% used [0x00000000e1610000, 0x00000000e1610000, 0x00000000e1720000)
 tenured generation   total 22736K, used 13640K [0x00000000eb2a0000, 0x00000000ec8d4000, 0x0000000100000000)
   the space 22736K,  59% used [0x00000000eb2a0000, 0x00000000ebff2278, 0x00000000ebff2400, 0x00000000ec8d4000)
 Metaspace       used 20959K, capacity 21694K, committed 21808K, reserved 1069056K
  class space    used 2414K, capacity 2664K, committed 2688K, reserved 1048576K

Card table byte_map: [0x00007f291e40f000,0x00007f291e50a000] _byte_map_base: 0x00007f291dd09000

Polling page: 0x00007f29223ea000

Metaspace:

Usage:
  Non-class:     18.58 MB capacity,    18.11 MB ( 97%) used,   447.84 KB (  2%) free+waste,    37.38 KB ( <1%) overhead. 
      Class:      2.60 MB capacity,     2.36 MB ( 91%) used,   231.16 KB (  9%) free+waste,    18.00 KB ( <1%) overhead. 
       Both:     21.19 MB capacity,    20.47 MB ( 97%) used,   679.00 KB (  3%) free+waste,    55.38 KB ( <1%) overhead. 

Virtual space:
  Non-class space:       20.00 MB reserved,      18.67 MB ( 93%) committed 
      Class space:        1.00 GB reserved,       2.62 MB ( <1%) committed 
             Both:        1.02 GB reserved,      21.30 MB (  2%) committed 

Chunk freelists:
   Non-Class:  50.00 KB
       Class:  0 bytes
        Both:  50.00 KB

MaxMetaspaceSize: unlimited
CompressedClassSpaceSize: 1.00 GB

CodeHeap 'non-profiled nmethods': size=120036Kb used=1553Kb max_used=1553Kb free=118482Kb
 bounds [0x00007f29083d7000, 0x00007f2908647000, 0x00007f290f910000]
CodeHeap 'profiled nmethods': size=120032Kb used=8240Kb max_used=8240Kb free=111791Kb
 bounds [0x00007f2900e9f000, 0x00007f29016af000, 0x00007f29083d7000]
CodeHeap 'non-nmethods': size=5692Kb used=1147Kb max_used=1190Kb free=4544Kb
 bounds [0x00007f2900910000, 0x00007f2900b80000, 0x00007f2900e9f000]
 total_blobs=5312 nmethods=4095 adapters=398
 compilation: enabled
              stopped_count=0, restarted_count=0
 full_count=0

Compilation events (20 events):
Event: 8.866 Thread 0x00007f2918059800 4112       4       java.io.OutputStream::flush (1 bytes)
Event: 8.868 Thread 0x00007f2918059800 nmethod 4112 0x00007f290855ad90 code [0x00007f290855af20, 0x00007f290855af98]
Event: 8.877 Thread 0x00007f291805b800 4113       3       java.util.regex.Matcher::end (22 bytes)
Event: 8.879 Thread 0x00007f291805b800 nmethod 4113 0x00007f29016a7310 code [0x00007f29016a74e0, 0x00007f29016a7788]
Event: 8.879 Thread 0x00007f291805b800 4114   !   3       java.io.BufferedWriter::write (117 bytes)
Event: 8.879 Thread 0x00007f291805b800 nmethod 4114 0x00007f29016a7890 code [0x00007f29016a7aa0, 0x00007f29016a8208]
Event: 8.880 Thread 0x00007f291805b800 4115       3       java.io.OutputStreamWriter::write (11 bytes)
Event: 8.883 Thread 0x00007f291805b800 nmethod 4115 0x00007f29016a8590 code [0x00007f29016a8760, 0x00007f29016a8928]
Event: 8.883 Thread 0x00007f291805b800 4116   !   3       java.io.PrintStream::write (69 bytes)
Event: 8.884 Thread 0x00007f291805b800 nmethod 4116 0x00007f29016a8a10 code [0x00007f29016a8c40, 0x00007f29016a9478]
Event: 8.884 Thread 0x00007f291805b800 4117       3       java.io.PrintStream::print (9 bytes)
Event: 8.884 Thread 0x00007f291805b800 nmethod 4117 0x00007f29016a9790 code [0x00007f29016a9960, 0x00007f29016a9b38]
Event: 8.923 Thread 0x00007f291805b800 4119       3       java.lang.AbstractStringBuilder::append (45 bytes)
Event: 8.926 Thread 0x00007f291805b800 nmethod 4119 0x00007f29016a9c10 code [0x00007f29016a9e40, 0x00007f29016aa3d8]
Event: 8.926 Thread 0x00007f291805b800 4118       3       java.lang.AbstractStringBuilder::putStringAt (29 bytes)
Event: 8.926 Thread 0x00007f291805b800 nmethod 4118 0x00007f29016aa610 code [0x00007f29016aa800, 0x00007f29016aab78]
Event: 8.998 Thread 0x00007f291805b800 4120       3       java.io.FileInputStream::available (5 bytes)
Event: 8.998 Thread 0x00007f2918059800 4121       4       java.nio.CharBuffer::charAt (16 bytes)
Event: 8.998 Thread 0x00007f291805b800 nmethod 4120 0x00007f29016aac90 code [0x00007f29016aae40, 0x00007f29016aafe8]
Event: 9.000 Thread 0x00007f2918059800 nmethod 4121 0x00007f290855b010 code [0x00007f290855b1a0, 0x00007f290855b2d8]

GC Heap History (20 events):
Event: 3.498 GC heap before
{Heap before GC invocations=12 (full 0):
 def new generation   total 9792K, used 9217K [0x00000000e0c00000, 0x00000000e16a0000, 0x00000000eb2a0000)
  eden space 8704K,  99% used [0x00000000e0c00000, 0x00000000e147cba0, 0x00000000e1480000)
  from space 1088K,  48% used [0x00000000e1480000, 0x00000000e15039d0, 0x00000000e1590000)
  to   space 1088K,   0% used [0x00000000e1590000, 0x00000000e1590000, 0x00000000e16a0000)
 tenured generation   total 21888K, used 7834K [0x00000000eb2a0000, 0x00000000ec800000, 0x0000000100000000)
   the space 21888K,  35% used [0x00000000eb2a0000, 0x00000000eba46868, 0x00000000eba46a00, 0x00000000ec800000)
 Metaspace       used 14007K, capacity 15568K, committed 16000K, reserved 1062912K
  class space    used 1611K, capacity 1833K, committed 1920K, reserved 1048576K
}
Event: 3.501 GC heap after
{Heap after GC invocations=13 (full 0):
 def new generation   total 9792K, used 864K [0x00000000e0c00000, 0x00000000e16a0000, 0x00000000eb2a0000)
  eden space 8704K,   0% used [0x00000000e0c00000, 0x00000000e0c00000, 0x00000000e1480000)
  from space 1088K,  79% used [0x00000000e1590000, 0x00000000e16680a8, 0x00000000e16a0000)
  to   space 1088K,   0% used [0x00000000e1480000, 0x00000000e1480000, 0x00000000e1590000)
 tenured generation   total 21888K, used 7834K [0x00000000eb2a0000, 0x00000000ec800000, 0x0000000100000000)
   the space 21888K,  35% used [0x00000000eb2a0000, 0x00000000eba46868, 0x00000000eba46a00, 0x00000000ec800000)
 Metaspace       used 14007K, capacity 15568K, committed 16000K, reserved 1062912K
  class space    used 1611K, capacity 1833K, committed 1920K, reserved 1048576K
}
Event: 3.764 GC heap before
{Heap before GC invocations=13 (full 0):
 def new generation   total 9792K, used 9568K [0x00000000e0c00000, 0x00000000e16a0000, 0x00000000eb2a0000)
  eden space 8704K, 100% used [0x00000000e0c00000, 0x00000000e1480000, 0x00000000e1480000)
  from space 1088K,  79% used [0x00000000e1590000, 0x00000000e16680a8, 0x00000000e16a0000)
  to   space 1088K,   0% used [0x00000000e1480000, 0x00000000e1480000, 0x00000000e1590000)
 tenured generation   total 21888K, used 7834K [0x00000000eb2a0000, 0x00000000ec800000, 0x0000000100000000)
   the space 21888K,  35% used [0x00000000eb2a0000, 0x00000000eba46868, 0x00000000eba46a00, 0x00000000ec800000)
 Metaspace       used 14423K, capacity 15922K, committed 16256K, reserved 1062912K
  class space    used 1639K, capacity 1867K, committed 1920K, reserved 1048576K
}
Event: 3.769 GC heap after
{Heap after GC invocations=14 (full 0):
 def new generation   total 9792K, used 985K [0x00000000e0c00000, 0x00000000e16a0000, 0x00000000eb2a0000)
  eden space 8704K,   0% used [0x00000000e0c00000, 0x00000000e0c00000, 0x00000000e1480000)
  from space 1088K,  90% used [0x00000000e1480000, 0x00000000e15764b0, 0x00000000e1590000)
  to   space 1088K,   0% used [0x00000000e1590000, 0x00000000e1590000, 0x00000000e16a0000)
 tenured generation   total 21888K, used 8237K [0x00000000eb2a0000, 0x00000000ec800000, 0x0000000100000000)
   the space 21888K,  37% used [0x00000000eb2a0000, 0x00000000ebaab790, 0x00000000ebaab800, 0x00000000ec800000)
 Metaspace       used 14423K, capacity 15922K, committed 16256K, reserved 1062912K
  class space    used 1639K, capacity 1867K, committed 1920K, reserved 1048576K
}
Event: 3.934 GC heap before
{Heap before GC invocations=14 (full 0):
 def new generation   total 9792K, used 9689K [0x00000000e0c00000, 0x00000000e16a0000, 0x00000000eb2a0000)
  eden space 8704K, 100% used [0x00000000e0c00000, 0x00000000e1480000, 0x00000000e1480000)
  from space 1088K,  90% used [0x00000000e1480000, 0x00000000e15764b0, 0x00000000e1590000)
  to   space 1088K,   0% used [0x00000000e1590000, 0x00000000e1590000, 0x00000000e16a0000)
 tenured generation   total 21888K, used 8237K [0x00000000eb2a0000, 0x00000000ec800000, 0x0000000100000000)
   the space 21888K,  37% used [0x00000000eb2a0000, 0x00000000ebaab790, 0x00000000ebaab800, 0x00000000ec800000)
 Metaspace       used 14817K, capacity 16391K, committed 16640K, reserved 1064960K
  class space    used 1667K, capacity 1934K, committed 2048K, reserved 1048576K
}
Event: 3.939 GC heap after
{Heap after GC invocations=15 (full 0):
 def new generation   total 9792K, used 522K [0x00000000e0c00000, 0x00000000e16a0000, 0x00000000eb2a0000)
  eden space 8704K,   0% used [0x00000000e0c00000, 0x00000000e0c00000, 0x00000000e1480000)
  from space 1088K,  47% used [0x00000000e1590000, 0x00000000e16128a0, 0x00000000e16a0000)
  to   space 1088K,   0% used [0x00000000e1480000, 0x00000000e1480000, 0x00000000e1590000)
 tenured generation   total 21888K, used 9196K [0x00000000eb2a0000, 0x00000000ec800000, 0x0000000100000000)
   the space 21888K,  42% used [0x00000000eb2a0000, 0x00000000ebb9b1c0, 0x00000000ebb9b200, 0x00000000ec800000)
 Metaspace       used 14817K, capacity 16391K, committed 16640K, reserved 1064960K
  class space    used 1667K, capacity 1934K, committed 2048K, reserved 1048576K
}
Event: 4.135 GC heap before
{Heap before GC invocations=15 (full 0):
 def new generation   total 9792K, used 9226K [0x00000000e0c00000, 0x00000000e16a0000, 0x00000000eb2a0000)
  eden space 8704K, 100% used [0x00000000e0c00000, 0x00000000e1480000, 0x00000000e1480000)
  from space 1088K,  47% used [0x00000000e1590000, 0x00000000e16128a0, 0x00000000e16a0000)
  to   space 1088K,   0% used [0x00000000e1480000, 0x00000000e1480000, 0x00000000e1590000)
 tenured generation   total 21888K, used 9196K [0x00000000eb2a0000, 0x00000000ec800000, 0x0000000100000000)
   the space 21888K,  42% used [0x00000000eb2a0000, 0x00000000ebb9b1c0, 0x00000000ebb9b200, 0x00000000ec800000)
 Metaspace       used 15490K, capacity 17139K, committed 17536K, reserved 1064960K
  class space    used 1786K, capacity 2078K, committed 2176K, reserved 1048576K
}
Event: 4.138 GC heap after
{Heap after GC invocations=16 (full 0):
 def new generation   total 9792K, used 951K [0x00000000e0c00000, 0x00000000e16a0000, 0x00000000eb2a0000)
  eden space 8704K,   0% used [0x00000000e0c00000, 0x00000000e0c00000, 0x00000000e1480000)
  from space 1088K,  87% used [0x00000000e1480000, 0x00000000e156dde8, 0x00000000e1590000)
  to   space 1088K,   0% used [0x00000000e1590000, 0x00000000e1590000, 0x00000000e16a0000)
 tenured generation   total 21888K, used 9196K [0x00000000eb2a0000, 0x00000000ec800000, 0x0000000100000000)
   the space 21888K,  42% used [0x00000000eb2a0000, 0x00000000ebb9b1c0, 0x00000000ebb9b200, 0x00000000ec800000)
 Metaspace       used 15490K, capacity 17139K, committed 17536K, reserved 1064960K
  class space    used 1786K, capacity 2078K, committed 2176K, reserved 1048576K
}
Event: 4.554 GC heap before
{Heap before GC invocations=16 (full 0):
 def new generation   total 9792K, used 9655K [0x00000000e0c00000, 0x00000000e16a0000, 0x00000000eb2a0000)
  eden space 8704K, 100% used [0x00000000e0c00000, 0x00000000e1480000, 0x00000000e1480000)
  from space 1088K,  87% used [0x00000000e1480000, 0x00000000e156dde8, 0x00000000e1590000)
  to   space 1088K,   0% used [0x00000000e1590000, 0x00000000e1590000, 0x00000000e16a0000)
 tenured generation   total 21888K, used 9196K [0x00000000eb2a0000, 0x00000000ec800000, 0x0000000100000000)
   the space 21888K,  42% used [0x00000000eb2a0000, 0x00000000ebb9b1c0, 0x00000000ebb9b200, 0x00000000ec800000)
 Metaspace       used 17348K, capacity 18343K, committed 18432K, reserved 1064960K
  class space    used 2010K, capacity 2268K, committed 2304K, reserved 1048576K
}
Event: 4.561 GC heap after
{Heap after GC invocations=17 (full 0):
 def new generation   total 9792K, used 1087K [0x00000000e0c00000, 0x00000000e16a0000, 0x00000000eb2a0000)
  eden space 8704K,   0% used [0x00000000e0c00000, 0x00000000e0c00000, 0x00000000e1480000)
  from space 1088K,  99% used [0x00000000e1590000, 0x00000000e169fff8, 0x00000000e16a0000)
  to   space 1088K,   0% used [0x00000000e1480000, 0x00000000e1480000, 0x00000000e1590000)
 tenured generation   total 21888K, used 9698K [0x00000000eb2a0000, 0x00000000ec800000, 0x0000000100000000)
   the space 21888K,  44% used [0x00000000eb2a0000, 0x00000000ebc189a8, 0x00000000ebc18a00, 0x00000000ec800000)
 Metaspace       used 17348K, capacity 18343K, committed 18432K, reserved 1064960K
  class space    used 2010K, capacity 2268K, committed 2304K, reserved 1048576K
}
Event: 4.965 GC heap before
{Heap before GC invocations=17 (full 0):
 def new generation   total 9792K, used 9791K [0x00000000e0c00000, 0x00000000e16a0000, 0x00000000eb2a0000)
  eden space 8704K, 100% used [0x00000000e0c00000, 0x00000000e1480000, 0x00000000e1480000)
  from space 1088K,  99% used [0x00000000e1590000, 0x00000000e169fff8, 0x00000000e16a0000)
  to   space 1088K,   0% used [0x00000000e1480000, 0x00000000e1480000, 0x00000000e1590000)
 tenured generation   total 21888K, used 9698K [0x00000000eb2a0000, 0x00000000ec800000, 0x0000000100000000)
   the space 21888K,  44% used [0x00000000eb2a0000, 0x00000000ebc189a8, 0x00000000ebc18a00, 0x00000000ec800000)
 Metaspace       used 17691K, capacity 18547K, committed 18688K, reserved 1064960K
  class space    used 2028K, capacity 2271K, committed 2304K, reserved 1048576K
}
Event: 4.973 GC heap after
{Heap after GC invocations=18 (full 0):
 def new generation   total 9792K, used 963K [0x00000000e0c00000, 0x00000000e16a0000, 0x00000000eb2a0000)
  eden space 8704K,   0% used [0x00000000e0c00000, 0x00000000e0c00000, 0x00000000e1480000)
  from space 1088K,  88% used [0x00000000e1480000, 0x00000000e1570f80, 0x00000000e1590000)
  to   space 1088K,   0% used [0x00000000e1590000, 0x00000000e1590000, 0x00000000e16a0000)
 tenured generation   total 21888K, used 10748K [0x00000000eb2a0000, 0x00000000ec800000, 0x0000000100000000)
   the space 21888K,  49% used [0x00000000eb2a0000, 0x00000000ebd1f2e8, 0x00000000ebd1f400, 0x00000000ec800000)
 Metaspace       used 17691K, capacity 18547K, committed 18688K, reserved 1064960K
  class space    used 2028K, capacity 2271K, committed 2304K, reserved 1048576K
}
Event: 5.120 GC heap before
{Heap before GC invocations=18 (full 0):
 def new generation   total 9792K, used 9667K [0x00000000e0c00000, 0x00000000e16a0000, 0x00000000eb2a0000)
  eden space 8704K, 100% used [0x00000000e0c00000, 0x00000000e1480000, 0x00000000e1480000)
  from space 1088K,  88% used [0x00000000e1480000, 0x00000000e1570f80, 0x00000000e1590000)
  to   space 1088K,   0% used [0x00000000e1590000, 0x00000000e1590000, 0x00000000e16a0000)
 tenured generation   total 21888K, used 10748K [0x00000000eb2a0000, 0x00000000ec800000, 0x0000000100000000)
   the space 21888K,  49% used [0x00000000eb2a0000, 0x00000000ebd1f2e8, 0x00000000ebd1f400, 0x00000000ec800000)
 Metaspace       used 17798K, capacity 18618K, committed 18688K, reserved 1064960K
  class space    used 2029K, capacity 2273K, committed 2304K, reserved 1048576K
}
Event: 5.125 GC heap after
{Heap after GC invocations=19 (full 0):
 def new generation   total 9792K, used 522K [0x00000000e0c00000, 0x00000000e16a0000, 0x00000000eb2a0000)
  eden space 8704K,   0% used [0x00000000e0c00000, 0x00000000e0c00000, 0x00000000e1480000)
  from space 1088K,  48% used [0x00000000e1590000, 0x00000000e1612bf8, 0x00000000e16a0000)
  to   space 1088K,   0% used [0x00000000e1480000, 0x00000000e1480000, 0x00000000e1590000)
 tenured generation   total 21888K, used 11549K [0x00000000eb2a0000, 0x00000000ec800000, 0x0000000100000000)
   the space 21888K,  52% used [0x00000000eb2a0000, 0x00000000ebde75f8, 0x00000000ebde7600, 0x00000000ec800000)
 Metaspace       used 17798K, capacity 18618K, committed 18688K, reserved 1064960K
  class space    used 2029K, capacity 2273K, committed 2304K, reserved 1048576K
}
Event: 5.307 GC heap before
{Heap before GC invocations=19 (full 0):
 def new generation   total 9792K, used 9226K [0x00000000e0c00000, 0x00000000e16a0000, 0x00000000eb2a0000)
  eden space 8704K, 100% used [0x00000000e0c00000, 0x00000000e1480000, 0x00000000e1480000)
  from space 1088K,  48% used [0x00000000e1590000, 0x00000000e1612bf8, 0x00000000e16a0000)
  to   space 1088K,   0% used [0x00000000e1480000, 0x00000000e1480000, 0x00000000e1590000)
 tenured generation   total 21888K, used 11549K [0x00000000eb2a0000, 0x00000000ec800000, 0x0000000100000000)
   the space 21888K,  52% used [0x00000000eb2a0000, 0x00000000ebde75f8, 0x00000000ebde7600, 0x00000000ec800000)
 Metaspace       used 17969K, capacity 18866K, committed 19072K, reserved 1067008K
  class space    used 2045K, capacity 2313K, committed 2432K, reserved 1048576K
}
Event: 5.311 GC heap after
{Heap after GC invocations=20 (full 0):
 def new generation   total 9792K, used 931K [0x00000000e0c00000, 0x00000000e16a0000, 0x00000000eb2a0000)
  eden space 8704K,   0% used [0x00000000e0c00000, 0x00000000e0c00000, 0x00000000e1480000)
  from space 1088K,  85% used [0x00000000e1480000, 0x00000000e1568e68, 0x00000000e1590000)
  to   space 1088K,   0% used [0x00000000e1590000, 0x00000000e1590000, 0x00000000e16a0000)
 tenured generation   total 21888K, used 11549K [0x00000000eb2a0000, 0x00000000ec800000, 0x0000000100000000)
   the space 21888K,  52% used [0x00000000eb2a0000, 0x00000000ebde75f8, 0x00000000ebde7600, 0x00000000ec800000)
 Metaspace       used 17969K, capacity 18866K, committed 19072K, reserved 1067008K
  class space    used 2045K, capacity 2313K, committed 2432K, reserved 1048576K
}
Event: 6.119 GC heap before
{Heap before GC invocations=20 (full 0):
 def new generation   total 9792K, used 9635K [0x00000000e0c00000, 0x00000000e16a0000, 0x00000000eb2a0000)
  eden space 8704K, 100% used [0x00000000e0c00000, 0x00000000e1480000, 0x00000000e1480000)
  from space 1088K,  85% used [0x00000000e1480000, 0x00000000e1568e68, 0x00000000e1590000)
  to   space 1088K,   0% used [0x00000000e1590000, 0x00000000e1590000, 0x00000000e16a0000)
 tenured generation   total 21888K, used 11549K [0x00000000eb2a0000, 0x00000000ec800000, 0x0000000100000000)
   the space 21888K,  52% used [0x00000000eb2a0000, 0x00000000ebde75f8, 0x00000000ebde7600, 0x00000000ec800000)
 Metaspace       used 19101K, capacity 19890K, committed 20224K, reserved 1067008K
  class space    used 2206K, capacity 2461K, committed 2560K, reserved 1048576K
}
Event: 6.124 GC heap after
{Heap after GC invocations=21 (full 0):
 def new generation   total 9792K, used 1088K [0x00000000e0c00000, 0x00000000e16a0000, 0x00000000eb2a0000)
  eden space 8704K,   0% used [0x00000000e0c00000, 0x00000000e0c00000, 0x00000000e1480000)
  from space 1088K, 100% used [0x00000000e1590000, 0x00000000e16a0000, 0x00000000e16a0000)
  to   space 1088K,   0% used [0x00000000e1480000, 0x00000000e1480000, 0x00000000e1590000)
 tenured generation   total 21888K, used 12326K [0x00000000eb2a0000, 0x00000000ec800000, 0x0000000100000000)
   the space 21888K,  56% used [0x00000000eb2a0000, 0x00000000ebea9b70, 0x00000000ebea9c00, 0x00000000ec800000)
 Metaspace       used 19101K, capacity 19890K, committed 20224K, reserved 1067008K
  class space    used 2206K, capacity 2461K, committed 2560K, reserved 1048576K
}
Event: 6.821 GC heap before
{Heap before GC invocations=21 (full 0):
 def new generation   total 9792K, used 2776K [0x00000000e0c00000, 0x00000000e16a0000, 0x00000000eb2a0000)
  eden space 8704K,  19% used [0x00000000e0c00000, 0x00000000e0da6210, 0x00000000e1480000)
  from space 1088K, 100% used [0x00000000e1590000, 0x00000000e16a0000, 0x00000000e16a0000)
  to   space 1088K,   0% used [0x00000000e1480000, 0x00000000e1480000, 0x00000000e1590000)
 tenured generation   total 21888K, used 12326K [0x00000000eb2a0000, 0x00000000ec800000, 0x0000000100000000)
   the space 21888K,  56% used [0x00000000eb2a0000, 0x00000000ebea9b70, 0x00000000ebea9c00, 0x00000000ec800000)
 Metaspace       used 20441K, capacity 21097K, committed 21296K, reserved 1069056K
  class space    used 2347K, capacity 2570K, committed 2688K, reserved 1048576K
}
Event: 6.866 GC heap after
{Heap after GC invocations=22 (full 1):
 def new generation   total 10304K, used 0K [0x00000000e0c00000, 0x00000000e1720000, 0x00000000eb2a0000)
  eden space 9216K,   0% used [0x00000000e0c00000, 0x00000000e0c00000, 0x00000000e1500000)
  from space 1088K,   0% used [0x00000000e1500000, 0x00000000e1500000, 0x00000000e1610000)
  to   space 1088K,   0% used [0x00000000e1610000, 0x00000000e1610000, 0x00000000e1720000)
 tenured generation   total 22736K, used 13640K [0x00000000eb2a0000, 0x00000000ec8d4000, 0x0000000100000000)
   the space 22736K,  59% used [0x00000000eb2a0000, 0x00000000ebff2278, 0x00000000ebff2400, 0x00000000ec8d4000)
 Metaspace       used 20441K, capacity 21097K, committed 21296K, reserved 1069056K
  class space    used 2347K, capacity 2570K, committed 2688K, reserved 1048576K
}

Deoptimization events (20 events):
Event: 7.373 Thread 0x00007f2918e65000 Uncommon trap: trap_request=0xffffffc6 fr.pc=0x00007f29084e89f0 relative=0x0000000000000210
Event: 7.373 Thread 0x00007f2918e65000 Uncommon trap: reason=bimorphic_or_optimized_type_check action=maybe_recompile pc=0x00007f29084e89f0 method=java.util.regex.Pattern$BmpCharProperty.match(Ljava/util/regex/Matcher;ILjava/lang/CharSequence;)Z @ 14 c2
Event: 7.373 Thread 0x00007f2918e65000 DEOPT PACKING pc=0x00007f29084e89f0 sp=0x00007f290050e520
Event: 7.373 Thread 0x00007f2918e65000 DEOPT UNPACKING pc=0x00007f29009383a5 sp=0x00007f290050e4d0 mode 2
Event: 7.375 Thread 0x00007f2918e65000 Uncommon trap: trap_request=0xffffffc6 fr.pc=0x00007f29084f588c relative=0x00000000000000cc
Event: 7.375 Thread 0x00007f2918e65000 Uncommon trap: reason=bimorphic_or_optimized_type_check action=maybe_recompile pc=0x00007f29084f588c method=java.lang.Character.codePointBefore(Ljava/lang/CharSequence;I)I @ 5 c2
Event: 7.375 Thread 0x00007f2918e65000 DEOPT PACKING pc=0x00007f29084f588c sp=0x00007f290050e5e0
Event: 7.375 Thread 0x00007f2918e65000 DEOPT UNPACKING pc=0x00007f29009383a5 sp=0x00007f290050e598 mode 2
Event: 7.375 Thread 0x00007f2918e65000 Uncommon trap: trap_request=0xffffffc6 fr.pc=0x00007f29084f588c relative=0x00000000000000cc
Event: 7.375 Thread 0x00007f2918e65000 Uncommon trap: reason=bimorphic_or_optimized_type_check action=maybe_recompile pc=0x00007f29084f588c method=java.lang.Character.codePointBefore(Ljava/lang/CharSequence;I)I @ 5 c2
Event: 7.375 Thread 0x00007f2918e65000 DEOPT PACKING pc=0x00007f29084f588c sp=0x00007f290050e5e0
Event: 7.375 Thread 0x00007f2918e65000 DEOPT UNPACKING pc=0x00007f29009383a5 sp=0x00007f290050e598 mode 2
Event: 7.375 Thread 0x00007f2918e65000 Uncommon trap: trap_request=0xffffffc6 fr.pc=0x00007f29084f588c relative=0x00000000000000cc
Event: 7.375 Thread 0x00007f2918e65000 Uncommon trap: reason=bimorphic_or_optimized_type_check action=maybe_recompile pc=0x00007f29084f588c method=java.lang.Character.codePointBefore(Ljava/lang/CharSequence;I)I @ 5 c2
Event: 7.375 Thread 0x00007f2918e65000 DEOPT PACKING pc=0x00007f29084f588c sp=0x00007f290050e5e0
Event: 7.375 Thread 0x00007f2918e65000 DEOPT UNPACKING pc=0x00007f29009383a5 sp=0x00007f290050e598 mode 2
Event: 7.375 Thread 0x00007f2918e65000 Uncommon trap: trap_request=0xffffffc6 fr.pc=0x00007f29084f588c relative=0x00000000000000cc
Event: 7.375 Thread 0x00007f2918e65000 Uncommon trap: reason=bimorphic_or_optimized_type_check action=maybe_recompile pc=0x00007f29084f588c method=java.lang.Character.codePointBefore(Ljava/lang/CharSequence;I)I @ 5 c2
Event: 7.375 Thread 0x00007f2918e65000 DEOPT PACKING pc=0x00007f29084f588c sp=0x00007f290050e5e0
Event: 7.375 Thread 0x00007f2918e65000 DEOPT UNPACKING pc=0x00007f29009383a5 sp=0x00007f290050e598 mode 2

Classes redefined (0 events):
No events

Internal exceptions (18 events):
Event: 0.225 Thread 0x00007f2918014000 Exception <a 'java/lang/NoSuchMethodError'{0x00000000e0f1db08}: 'int java.lang.invoke.DirectMethodHandle$Holder.invokeSpecialIFC(java.lang.Object, java.lang.Object, int)'> (0x00000000e0f1db08) thrown at [/build/openjdk-11-11.0.6+10/src/hotspot/share/inter
Event: 1.992 Thread 0x00007f2918014000 Exception <a 'java/lang/NoClassDefFoundError'{0x00000000e0f9f798}: com/google/inject/servlet/ServletModuleTargetVisitor> (0x00000000e0f9f798) thrown at [/build/openjdk-11-11.0.6+10/src/hotspot/share/classfile/systemDictionary.cpp, line 220]
Event: 1.992 Thread 0x00007f2918014000 Exception <a 'java/lang/NoClassDefFoundError'{0x00000000e0f9f798}> (0x00000000e0f9f798) thrown at [/build/openjdk-11-11.0.6+10/src/hotspot/share/prims/jvm.cpp, line 1301]
Event: 1.992 Thread 0x00007f2918014000 Exception <a 'java/lang/NoClassDefFoundError'{0x00000000e0fa22d8}: javax/annotation/Priority> (0x00000000e0fa22d8) thrown at [/build/openjdk-11-11.0.6+10/src/hotspot/share/classfile/systemDictionary.cpp, line 220]
Event: 2.678 Thread 0x00007f2918014000 Implicit null exception at 0x00007f2908426b05 to 0x00007f2908426cde
Event: 2.678 Thread 0x00007f2918014000 Implicit null exception at 0x00007f29084349cb to 0x00007f2908434e52
Event: 4.177 Thread 0x00007f2918014000 Exception <a 'java/lang/NoSuchMethodError'{0x00000000e0d3bde8}: 'java.lang.Object java.lang.invoke.DirectMethodHandle$Holder.invokeStatic(java.lang.Object, java.lang.Object, java.lang.Object, java.lang.Object, java.lang.Object, java.lang.Object, java.lang
Event: 4.180 Thread 0x00007f2918014000 Exception <a 'java/lang/NoSuchMethodError'{0x00000000e0d4a068}: 'java.lang.Object java.lang.invoke.DirectMethodHandle$Holder.invokeStatic(java.lang.Object, java.lang.Object, java.lang.Object, java.lang.Object, java.lang.Object, java.lang.Object, java.lang
Event: 4.182 Thread 0x00007f2918014000 Exception <a 'java/lang/NoSuchMethodError'{0x00000000e0d57f80}: 'java.lang.Object java.lang.invoke.DirectMethodHandle$Holder.invokeSpecial(java.lang.Object, java.lang.Object, int, int, java.lang.Object, java.lang.Object, java.lang.Object)'> (0x00000000e0d
Event: 4.182 Thread 0x00007f2918014000 Exception <a 'java/lang/NoSuchMethodError'{0x00000000e0d5b7b8}: 'java.lang.Object java.lang.invoke.DelegatingMethodHandle$Holder.reinvoke_L(java.lang.Object, int, int, java.lang.Object, java.lang.Object, java.lang.Object)'> (0x00000000e0d5b7b8) thrown at 
Event: 4.183 Thread 0x00007f2918014000 Exception <a 'java/lang/NoSuchMethodError'{0x00000000e0d5fde8}: 'java.lang.Object java.lang.invoke.DirectMethodHandle$Holder.invokeStatic(java.lang.Object, java.lang.Object, java.lang.Object, java.lang.Object, int)'> (0x00000000e0d5fde8) thrown at [/build
Event: 4.580 Thread 0x00007f2918014000 Exception <a 'java/lang/NoSuchMethodError'{0x00000000e0c55f38}: 'java.lang.Object java.lang.invoke.DirectMethodHandle$Holder.invokeStatic(java.lang.Object, int, java.lang.Object)'> (0x00000000e0c55f38) thrown at [/build/openjdk-11-11.0.6+10/src/hotspot/sh
Event: 5.391 Thread 0x00007f2918014000 Exception <a 'java/lang/NoSuchMethodError'{0x00000000e111f2c0}: 'java.lang.Object java.lang.invoke.DirectMethodHandle$Holder.invokeStaticInit(java.lang.Object, java.lang.Object, long, java.lang.Object)'> (0x00000000e111f2c0) thrown at [/build/openjdk-11-1
Event: 5.394 Thread 0x00007f2918014000 Exception <a 'java/lang/NoSuchMethodError'{0x00000000e112b420}: 'java.lang.Object java.lang.invoke.Invokers$Holder.linkToTargetMethod(java.lang.Object, long, java.lang.Object)'> (0x00000000e112b420) thrown at [/build/openjdk-11-11.0.6+10/src/hotspot/share
Event: 5.396 Thread 0x00007f2918014000 Exception <a 'java/lang/NoSuchMethodError'{0x00000000e1132170}: 'java.lang.Object java.lang.invoke.DirectMethodHandle$Holder.invokeStatic(java.lang.Object, java.lang.Object, java.lang.Object, int)'> (0x00000000e1132170) thrown at [/build/openjdk-11-11.0.6
Event: 5.396 Thread 0x00007f2918014000 Exception <a 'java/lang/NoSuchMethodError'{0x00000000e1135b38}: 'java.lang.Object java.lang.invoke.DirectMethodHandle$Holder.invokeSpecial(java.lang.Object, java.lang.Object, java.lang.Object, java.lang.Object, int)'> (0x00000000e1135b38) thrown at [/buil
Event: 5.396 Thread 0x00007f2918014000 Exception <a 'java/lang/NoSuchMethodError'{0x00000000e1138ba0}: 'java.lang.Object java.lang.invoke.Invokers$Holder.linkToTargetMethod(java.lang.Object, java.lang.Object, int, java.lang.Object)'> (0x00000000e1138ba0) thrown at [/build/openjdk-11-11.0.6+10/
Event: 6.920 Thread 0x00007f2918014000 Exception <a 'java/lang/ClassNotFoundException'{0x00000000e0d77b60}: sun/util/logging/resources/spi/loggingProvider> (0x00000000e0d77b60) thrown at [/build/openjdk-11-11.0.6+10/src/hotspot/share/classfile/systemDictionary.cpp, line 231]

Events (20 events):
Event: 6.921 loading class sun/util/logging/resources/logging_en
Event: 6.921 loading class sun/util/logging/resources/logging_en done
Event: 6.922 loading class sun/util/logging/resources/logging_en_US
Event: 6.922 loading class sun/util/logging/resources/logging_en_US done
Event: 6.922 loading class sun/util/logging/resources/logging_en_US
Event: 6.922 loading class sun/util/logging/resources/logging_en_US done
Event: 6.936 loading class java/util/Scanner
Event: 6.936 loading class java/util/Scanner done
Event: 6.939 loading class java/util/Scanner$PatternLRUCache
Event: 6.939 loading class java/util/Scanner$PatternLRUCache done
Event: 6.940 Thread 0x00007f2918e73800 Thread added: 0x00007f2918e73800
Event: 6.941 Protecting memory [0x00007f290030e000,0x00007f2900312000] with protection modes 0
Event: 6.941 Thread 0x00007f2918e65000 Thread added: 0x00007f2918e65000
Event: 6.941 Protecting memory [0x00007f290040f000,0x00007f2900413000] with protection modes 0
Event: 7.333 loading class java/util/regex/Matcher$ImmutableMatchResult
Event: 7.333 loading class java/util/regex/Matcher$ImmutableMatchResult done
Event: 7.333 loading class org/apache/maven/plugin/logging/Log
Event: 7.333 loading class org/apache/maven/plugin/logging/Log done
Event: 7.333 loading class org/apache/maven/plugin/logging/Log
Event: 7.333 loading class org/apache/maven/plugin/logging/Log done


Dynamic libraries:
e0c00000-e1720000 rw-p 00000000 00:00 0 
e1720000-eb2a0000 ---p 00000000 00:00 0 
eb2a0000-ec8d4000 rw-p 00000000 00:00 0 
ec8d4000-100000000 ---p 00000000 00:00 0 
800000000-800002000 rwxp 00001000 08:01 2118409                          /usr/lib/jvm/java-11-openjdk-amd64/lib/server/classes.jsa
800002000-8003b7000 rw-p 00003000 08:01 2118409                          /usr/lib/jvm/java-11-openjdk-amd64/lib/server/classes.jsa
8003b7000-800a8a000 r--p 003b8000 08:01 2118409                          /usr/lib/jvm/java-11-openjdk-amd64/lib/server/classes.jsa
800a8a000-800a8b000 rw-p 00a8b000 08:01 2118409                          /usr/lib/jvm/java-11-openjdk-amd64/lib/server/classes.jsa
800a8b000-801095000 r--p 00a8c000 08:01 2118409                          /usr/lib/jvm/java-11-openjdk-amd64/lib/server/classes.jsa
840000000-8402a0000 rw-p 00000000 00:00 0 
8402a0000-880000000 ---p 00000000 00:00 0 
55f688b84000-55f688b85000 r-xp 00000000 08:01 2118040                    /usr/lib/jvm/java-11-openjdk-amd64/bin/java
55f688d85000-55f688d86000 r--p 00001000 08:01 2118040                    /usr/lib/jvm/java-11-openjdk-amd64/bin/java
55f688d86000-55f688d87000 rw-p 00002000 08:01 2118040                    /usr/lib/jvm/java-11-openjdk-amd64/bin/java
55f689057000-55f689099000 rw-p 00000000 00:00 0                          [heap]
7f28cc000000-7f28cc021000 rw-p 00000000 00:00 0 
7f28cc021000-7f28d0000000 ---p 00000000 00:00 0 
7f28d0000000-7f28d0021000 rw-p 00000000 00:00 0 
7f28d0021000-7f28d4000000 ---p 00000000 00:00 0 
7f28d4000000-7f28d4021000 rw-p 00000000 00:00 0 
7f28d4021000-7f28d8000000 ---p 00000000 00:00 0 
7f28d8000000-7f28d8021000 rw-p 00000000 00:00 0 
7f28d8021000-7f28dc000000 ---p 00000000 00:00 0 
7f28dc000000-7f28dc021000 rw-p 00000000 00:00 0 
7f28dc021000-7f28e0000000 ---p 00000000 00:00 0 
7f28e0000000-7f28e0021000 rw-p 00000000 00:00 0 
7f28e0021000-7f28e4000000 ---p 00000000 00:00 0 
7f28e4000000-7f28e4969000 rw-p 00000000 00:00 0 
7f28e4969000-7f28e8000000 ---p 00000000 00:00 0 
7f28e8000000-7f28e8021000 rw-p 00000000 00:00 0 
7f28e8021000-7f28ec000000 ---p 00000000 00:00 0 
7f28ec000000-7f28ec021000 rw-p 00000000 00:00 0 
7f28ec021000-7f28f0000000 ---p 00000000 00:00 0 
7f28f0000000-7f28f17f4000 rw-p 00000000 00:00 0 
7f28f17f4000-7f28f4000000 ---p 00000000 00:00 0 
7f28f4000000-7f28f4021000 rw-p 00000000 00:00 0 
7f28f4021000-7f28f8000000 ---p 00000000 00:00 0 
7f28f8000000-7f28f8021000 rw-p 00000000 00:00 0 
7f28f8021000-7f28fc000000 ---p 00000000 00:00 0 
7f28fc000000-7f28fc041000 rw-p 00000000 00:00 0 
7f28fc041000-7f2900000000 ---p 00000000 00:00 0 
7f290010e000-7f29001ba000 rw-p 00000000 00:00 0 
7f29001ba000-7f290030e000 ---p 00000000 00:00 0 
7f290030e000-7f2900312000 ---p 00000000 00:00 0 
7f2900312000-7f290040f000 rw-p 00000000 00:00 0 
7f290040f000-7f2900413000 ---p 00000000 00:00 0 
7f2900413000-7f2900710000 rw-p 00000000 00:00 0 
7f2900710000-7f2900910000 rw-p 00000000 00:00 0 
7f2900910000-7f2900b80000 rwxp 00000000 00:00 0 
7f2900b80000-7f2900e9f000 ---p 00000000 00:00 0 
7f2900e9f000-7f29016af000 rwxp 00000000 00:00 0 
7f29016af000-7f29083d7000 ---p 00000000 00:00 0 
7f29083d7000-7f2908647000 rwxp 00000000 00:00 0 
7f2908647000-7f290f910000 ---p 00000000 00:00 0 
7f290f910000-7f2918000000 r--s 00000000 08:01 2118399                    /usr/lib/jvm/java-11-openjdk-amd64/lib/modules
7f2918000000-7f29191a7000 rw-p 00000000 00:00 0 
7f29191a7000-7f291c000000 ---p 00000000 00:00 0 
7f291c0c2000-7f291c0c6000 ---p 00000000 00:00 0 
7f291c0c6000-7f291c2e4000 rw-p 00000000 00:00 0 
7f291c2e4000-7f291c4e4000 rw-p 00000000 00:00 0 
7f291c4e4000-7f291c6e4000 rw-p 00000000 00:00 0 
7f291c6e4000-7f291c6e6000 r-xp 00000000 08:01 1843038                    /lib/x86_64-linux-gnu/libutil-2.24.so
7f291c6e6000-7f291c8e5000 ---p 00002000 08:01 1843038                    /lib/x86_64-linux-gnu/libutil-2.24.so
7f291c8e5000-7f291c8e6000 r--p 00001000 08:01 1843038                    /lib/x86_64-linux-gnu/libutil-2.24.so
7f291c8e6000-7f291c8e7000 rw-p 00002000 08:01 1843038                    /lib/x86_64-linux-gnu/libutil-2.24.so
7f291c8e7000-7f291c8ea000 r-xp 00000000 08:01 1993728                    /opt/maven/lib/jansi-native/linux64/libjansi.so
7f291c8ea000-7f291cae9000 ---p 00003000 08:01 1993728                    /opt/maven/lib/jansi-native/linux64/libjansi.so
7f291cae9000-7f291caea000 rw-p 00002000 08:01 1993728                    /opt/maven/lib/jansi-native/linux64/libjansi.so
7f291caea000-7f291cb1b000 rw-p 00000000 00:00 0 
7f291cb1b000-7f291cb31000 r-xp 00000000 08:01 2118388                    /usr/lib/jvm/java-11-openjdk-amd64/lib/libnet.so
7f291cb31000-7f291cd30000 ---p 00016000 08:01 2118388                    /usr/lib/jvm/java-11-openjdk-amd64/lib/libnet.so
7f291cd30000-7f291cd31000 r--p 00015000 08:01 2118388                    /usr/lib/jvm/java-11-openjdk-amd64/lib/libnet.so
7f291cd31000-7f291cd32000 rw-p 00016000 08:01 2118388                    /usr/lib/jvm/java-11-openjdk-amd64/lib/libnet.so
7f291cd32000-7f291cd42000 r-xp 00000000 08:01 2118389                    /usr/lib/jvm/java-11-openjdk-amd64/lib/libnio.so
7f291cd42000-7f291cf41000 ---p 00010000 08:01 2118389                    /usr/lib/jvm/java-11-openjdk-amd64/lib/libnio.so
7f291cf41000-7f291cf42000 r--p 0000f000 08:01 2118389                    /usr/lib/jvm/java-11-openjdk-amd64/lib/libnio.so
7f291cf42000-7f291cf43000 rw-p 00010000 08:01 2118389                    /usr/lib/jvm/java-11-openjdk-amd64/lib/libnio.so
7f291cf43000-7f291cf47000 ---p 00000000 00:00 0 
7f291cf47000-7f291d044000 rw-p 00000000 00:00 0 
7f291d044000-7f291d045000 ---p 00000000 00:00 0 
7f291d045000-7f291d146000 rw-p 00000000 00:00 0 
7f291d146000-7f291d14a000 ---p 00000000 00:00 0 
7f291d14a000-7f291d247000 rw-p 00000000 00:00 0 
7f291d247000-7f291d24b000 ---p 00000000 00:00 0 
7f291d24b000-7f291d348000 rw-p 00000000 00:00 0 
7f291d348000-7f291d34c000 ---p 00000000 00:00 0 
7f291d34c000-7f291d449000 rw-p 00000000 00:00 0 
7f291d449000-7f291d44d000 ---p 00000000 00:00 0 
7f291d44d000-7f291d54a000 rw-p 00000000 00:00 0 
7f291d54a000-7f291d54e000 ---p 00000000 00:00 0 
7f291d54e000-7f291d64b000 rw-p 00000000 00:00 0 
7f291d64b000-7f291d7e6000 r--p 00000000 08:01 1850658                    /usr/lib/locale/locale-archive
7f291d7e6000-7f291d7ea000 ---p 00000000 00:00 0 
7f291d7ea000-7f291d8e7000 rw-p 00000000 00:00 0 
7f291d8e7000-7f291d8eb000 ---p 00000000 00:00 0 
7f291d8eb000-7f291d9e8000 rw-p 00000000 00:00 0 
7f291d9e8000-7f291d9e9000 ---p 00000000 00:00 0 
7f291d9e9000-7f291e3ee000 rw-p 00000000 00:00 0 
7f291e3ee000-7f291e415000 rw-p 00000000 00:00 0 
7f291e415000-7f291e462000 ---p 00000000 00:00 0 
7f291e462000-7f291e46e000 rw-p 00000000 00:00 0 
7f291e46e000-7f291e509000 ---p 00000000 00:00 0 
7f291e509000-7f291e50f000 rw-p 00000000 00:00 0 
7f291e50f000-7f291e5f5000 ---p 00000000 00:00 0 
7f291e5f5000-7f291e606000 rw-p 00000000 00:00 0 
7f291e606000-7f291e6e0000 ---p 00000000 00:00 0 
7f291e6e0000-7f291e6e5000 r-xp 00000000 08:01 2118380                    /usr/lib/jvm/java-11-openjdk-amd64/lib/libjimage.so
7f291e6e5000-7f291e8e4000 ---p 00005000 08:01 2118380                    /usr/lib/jvm/java-11-openjdk-amd64/lib/libjimage.so
7f291e8e4000-7f291e8e5000 r--p 00004000 08:01 2118380                    /usr/lib/jvm/java-11-openjdk-amd64/lib/libjimage.so
7f291e8e5000-7f291e8e6000 rw-p 00005000 08:01 2118380                    /usr/lib/jvm/java-11-openjdk-amd64/lib/libjimage.so
7f291e8e6000-7f291e8ed000 r-xp 00000000 08:01 2118398                    /usr/lib/jvm/java-11-openjdk-amd64/lib/libzip.so
7f291e8ed000-7f291eaec000 ---p 00007000 08:01 2118398                    /usr/lib/jvm/java-11-openjdk-amd64/lib/libzip.so
7f291eaec000-7f291eaed000 r--p 00006000 08:01 2118398                    /usr/lib/jvm/java-11-openjdk-amd64/lib/libzip.so
7f291eaed000-7f291eaee000 rw-p 00007000 08:01 2118398                    /usr/lib/jvm/java-11-openjdk-amd64/lib/libzip.so
7f291eaee000-7f291eaf8000 r-xp 00000000 08:01 1843001                    /lib/x86_64-linux-gnu/libnss_files-2.24.so
7f291eaf8000-7f291ecf8000 ---p 0000a000 08:01 1843001                    /lib/x86_64-linux-gnu/libnss_files-2.24.so
7f291ecf8000-7f291ecf9000 r--p 0000a000 08:01 1843001                    /lib/x86_64-linux-gnu/libnss_files-2.24.so
7f291ecf9000-7f291ecfa000 rw-p 0000b000 08:01 1843001                    /lib/x86_64-linux-gnu/libnss_files-2.24.so
7f291ecfa000-7f291ed00000 rw-p 00000000 00:00 0 
7f291ed00000-7f291ed0b000 r-xp 00000000 08:01 1843005                    /lib/x86_64-linux-gnu/libnss_nis-2.24.so
7f291ed0b000-7f291ef0a000 ---p 0000b000 08:01 1843005                    /lib/x86_64-linux-gnu/libnss_nis-2.24.so
7f291ef0a000-7f291ef0b000 r--p 0000a000 08:01 1843005                    /lib/x86_64-linux-gnu/libnss_nis-2.24.so
7f291ef0b000-7f291ef0c000 rw-p 0000b000 08:01 1843005                    /lib/x86_64-linux-gnu/libnss_nis-2.24.so
7f291ef0c000-7f291ef20000 r-xp 00000000 08:01 1842995                    /lib/x86_64-linux-gnu/libnsl-2.24.so
7f291ef20000-7f291f120000 ---p 00014000 08:01 1842995                    /lib/x86_64-linux-gnu/libnsl-2.24.so
7f291f120000-7f291f121000 r--p 00014000 08:01 1842995                    /lib/x86_64-linux-gnu/libnsl-2.24.so
7f291f121000-7f291f122000 rw-p 00015000 08:01 1842995                    /lib/x86_64-linux-gnu/libnsl-2.24.so
7f291f122000-7f291f124000 rw-p 00000000 00:00 0 
7f291f124000-7f291f12b000 r-xp 00000000 08:01 1842997                    /lib/x86_64-linux-gnu/libnss_compat-2.24.so
7f291f12b000-7f291f32a000 ---p 00007000 08:01 1842997                    /lib/x86_64-linux-gnu/libnss_compat-2.24.so
7f291f32a000-7f291f32b000 r--p 00006000 08:01 1842997                    /lib/x86_64-linux-gnu/libnss_compat-2.24.so
7f291f32b000-7f291f32c000 rw-p 00007000 08:01 1842997                    /lib/x86_64-linux-gnu/libnss_compat-2.24.so
7f291f32c000-7f291f355000 r-xp 00000000 08:01 2118376                    /usr/lib/jvm/java-11-openjdk-amd64/lib/libjava.so
7f291f355000-7f291f554000 ---p 00029000 08:01 2118376                    /usr/lib/jvm/java-11-openjdk-amd64/lib/libjava.so
7f291f554000-7f291f555000 r--p 00028000 08:01 2118376                    /usr/lib/jvm/java-11-openjdk-amd64/lib/libjava.so
7f291f555000-7f291f557000 rw-p 00029000 08:01 2118376                    /usr/lib/jvm/java-11-openjdk-amd64/lib/libjava.so
7f291f557000-7f291f564000 r-xp 00000000 08:01 2118397                    /usr/lib/jvm/java-11-openjdk-amd64/lib/libverify.so
7f291f564000-7f291f763000 ---p 0000d000 08:01 2118397                    /usr/lib/jvm/java-11-openjdk-amd64/lib/libverify.so
7f291f763000-7f291f765000 r--p 0000c000 08:01 2118397                    /usr/lib/jvm/java-11-openjdk-amd64/lib/libverify.so
7f291f765000-7f291f766000 rw-p 0000e000 08:01 2118397                    /usr/lib/jvm/java-11-openjdk-amd64/lib/libverify.so
7f291f766000-7f291f76d000 r-xp 00000000 08:01 1843022                    /lib/x86_64-linux-gnu/librt-2.24.so
7f291f76d000-7f291f96c000 ---p 00007000 08:01 1843022                    /lib/x86_64-linux-gnu/librt-2.24.so
7f291f96c000-7f291f96d000 r--p 00006000 08:01 1843022                    /lib/x86_64-linux-gnu/librt-2.24.so
7f291f96d000-7f291f96e000 rw-p 00007000 08:01 1843022                    /lib/x86_64-linux-gnu/librt-2.24.so
7f291f96e000-7f291f984000 r-xp 00000000 08:01 1842975                    /lib/x86_64-linux-gnu/libgcc_s.so.1
7f291f984000-7f291fb83000 ---p 00016000 08:01 1842975                    /lib/x86_64-linux-gnu/libgcc_s.so.1
7f291fb83000-7f291fb84000 r--p 00015000 08:01 1842975                    /lib/x86_64-linux-gnu/libgcc_s.so.1
7f291fb84000-7f291fb85000 rw-p 00016000 08:01 1842975                    /lib/x86_64-linux-gnu/libgcc_s.so.1
7f291fb85000-7f291fc88000 r-xp 00000000 08:01 1842984                    /lib/x86_64-linux-gnu/libm-2.24.so
7f291fc88000-7f291fe87000 ---p 00103000 08:01 1842984                    /lib/x86_64-linux-gnu/libm-2.24.so
7f291fe87000-7f291fe88000 r--p 00102000 08:01 1842984                    /lib/x86_64-linux-gnu/libm-2.24.so
7f291fe88000-7f291fe89000 rw-p 00103000 08:01 1842984                    /lib/x86_64-linux-gnu/libm-2.24.so
7f291fe89000-7f291fffb000 r-xp 00000000 08:01 1843740                    /usr/lib/x86_64-linux-gnu/libstdc++.so.6.0.22
7f291fffb000-7f29201fb000 ---p 00172000 08:01 1843740                    /usr/lib/x86_64-linux-gnu/libstdc++.so.6.0.22
7f29201fb000-7f2920205000 r--p 00172000 08:01 1843740                    /usr/lib/x86_64-linux-gnu/libstdc++.so.6.0.22
7f2920205000-7f2920207000 rw-p 0017c000 08:01 1843740                    /usr/lib/x86_64-linux-gnu/libstdc++.so.6.0.22
7f2920207000-7f292020b000 rw-p 00000000 00:00 0 
7f292020b000-7f2921293000 r-xp 00000000 08:01 2118411                    /usr/lib/jvm/java-11-openjdk-amd64/lib/server/libjvm.so
7f2921293000-7f2921492000 ---p 01088000 08:01 2118411                    /usr/lib/jvm/java-11-openjdk-amd64/lib/server/libjvm.so
7f2921492000-7f292154f000 r--p 01087000 08:01 2118411                    /usr/lib/jvm/java-11-openjdk-amd64/lib/server/libjvm.so
7f292154f000-7f2921589000 rw-p 01144000 08:01 2118411                    /usr/lib/jvm/java-11-openjdk-amd64/lib/server/libjvm.so
7f2921589000-7f29215df000 rw-p 00000000 00:00 0 
7f29215df000-7f2921774000 r-xp 00000000 08:01 1842955                    /lib/x86_64-linux-gnu/libc-2.24.so
7f2921774000-7f2921974000 ---p 00195000 08:01 1842955                    /lib/x86_64-linux-gnu/libc-2.24.so
7f2921974000-7f2921978000 r--p 00195000 08:01 1842955                    /lib/x86_64-linux-gnu/libc-2.24.so
7f2921978000-7f292197a000 rw-p 00199000 08:01 1842955                    /lib/x86_64-linux-gnu/libc-2.24.so
7f292197a000-7f292197e000 rw-p 00000000 00:00 0 
7f292197e000-7f2921981000 r-xp 00000000 08:01 1842967                    /lib/x86_64-linux-gnu/libdl-2.24.so
7f2921981000-7f2921b80000 ---p 00003000 08:01 1842967                    /lib/x86_64-linux-gnu/libdl-2.24.so
7f2921b80000-7f2921b81000 r--p 00002000 08:01 1842967                    /lib/x86_64-linux-gnu/libdl-2.24.so
7f2921b81000-7f2921b82000 rw-p 00003000 08:01 1842967                    /lib/x86_64-linux-gnu/libdl-2.24.so
7f2921b82000-7f2921b91000 r-xp 00000000 08:01 2118358                    /usr/lib/jvm/java-11-openjdk-amd64/lib/jli/libjli.so
7f2921b91000-7f2921d90000 ---p 0000f000 08:01 2118358                    /usr/lib/jvm/java-11-openjdk-amd64/lib/jli/libjli.so
7f2921d90000-7f2921d91000 r--p 0000e000 08:01 2118358                    /usr/lib/jvm/java-11-openjdk-amd64/lib/jli/libjli.so
7f2921d91000-7f2921d92000 rw-p 0000f000 08:01 2118358                    /usr/lib/jvm/java-11-openjdk-amd64/lib/jli/libjli.so
7f2921d92000-7f2921daa000 r-xp 00000000 08:01 1843018                    /lib/x86_64-linux-gnu/libpthread-2.24.so
7f2921daa000-7f2921fa9000 ---p 00018000 08:01 1843018                    /lib/x86_64-linux-gnu/libpthread-2.24.so
7f2921fa9000-7f2921faa000 r--p 00017000 08:01 1843018                    /lib/x86_64-linux-gnu/libpthread-2.24.so
7f2921faa000-7f2921fab000 rw-p 00018000 08:01 1843018                    /lib/x86_64-linux-gnu/libpthread-2.24.so
7f2921fab000-7f2921faf000 rw-p 00000000 00:00 0 
7f2921faf000-7f2921fc8000 r-xp 00000000 08:01 1843043                    /lib/x86_64-linux-gnu/libz.so.1.2.8
7f2921fc8000-7f29221c7000 ---p 00019000 08:01 1843043                    /lib/x86_64-linux-gnu/libz.so.1.2.8
7f29221c7000-7f29221c8000 r--p 00018000 08:01 1843043                    /lib/x86_64-linux-gnu/libz.so.1.2.8
7f29221c8000-7f29221c9000 rw-p 00019000 08:01 1843043                    /lib/x86_64-linux-gnu/libz.so.1.2.8
7f29221c9000-7f29221ec000 r-xp 00000000 08:01 1842937                    /lib/x86_64-linux-gnu/ld-2.24.so
7f2922206000-7f2922233000 rw-p 00000000 00:00 0 
7f2922233000-7f29222ce000 ---p 00000000 00:00 0 
7f29222ce000-7f29222d3000 rw-p 00000000 00:00 0 
7f29222d3000-7f29222da000 ---p 00000000 00:00 0 
7f29222da000-7f29222dc000 r--s 00007000 08:01 2379129                    /usr/share/java/java-atk-wrapper.jar
7f29222dc000-7f29222e0000 ---p 00000000 00:00 0 
7f29222e0000-7f29223e1000 rw-p 00000000 00:00 0 
7f29223e2000-7f29223ea000 rw-s 00000000 08:01 411604                     /tmp/hsperfdata_tanzachary/3715
7f29223ea000-7f29223eb000 ---p 00000000 00:00 0 
7f29223eb000-7f29223ec000 r--p 00000000 00:00 0 
7f29223ec000-7f29223ed000 r--p 00023000 08:01 1842937                    /lib/x86_64-linux-gnu/ld-2.24.so
7f29223ed000-7f29223ee000 rw-p 00024000 08:01 1842937                    /lib/x86_64-linux-gnu/ld-2.24.so
7f29223ee000-7f29223ef000 rw-p 00000000 00:00 0 
7ffcb1e1b000-7ffcb1e3c000 rw-p 00000000 00:00 0                          [stack]
7ffcb1ff4000-7ffcb1ff7000 r--p 00000000 00:00 0                          [vvar]
7ffcb1ff7000-7ffcb1ff9000 r-xp 00000000 00:00 0                          [vdso]
ffffffffff600000-ffffffffff601000 r-xp 00000000 00:00 0                  [vsyscall]


VM Arguments:
jvm_args: -Dclassworlds.conf=/opt/maven/bin/m2.conf -Dmaven.home=/opt/maven -Dlibrary.jansi.path=/opt/maven/lib/jansi-native -Dmaven.multiModuleProjectDirectory=/home/tanzachary/step/portfolio 
java_command: org.codehaus.plexus.classworlds.launcher.Launcher package appengine:run
java_class_path (initial): /opt/maven/boot/plexus-classworlds-2.6.0.jar
Launcher Type: SUN_STANDARD

[Global flags]
     intx CICompilerCount                          = 2                                         {product} {ergonomic}
   size_t InitialHeapSize                          = 33554432                                  {product} {ergonomic}
   size_t MaxHeapSize                              = 524288000                                 {product} {ergonomic}
   size_t MaxNewSize                               = 174718976                                 {product} {ergonomic}
   size_t MinHeapDeltaBytes                        = 196608                                    {product} {ergonomic}
   size_t NewSize                                  = 11141120                                  {product} {ergonomic}
    uintx NonNMethodCodeHeapSize                   = 5825164                                {pd product} {ergonomic}
    uintx NonProfiledCodeHeapSize                  = 122916538                              {pd product} {ergonomic}
   size_t OldSize                                  = 22413312                                  {product} {ergonomic}
    uintx ProfiledCodeHeapSize                     = 122916538                              {pd product} {ergonomic}
    uintx ReservedCodeCacheSize                    = 251658240                              {pd product} {ergonomic}
     bool SegmentedCodeCache                       = true                                      {product} {ergonomic}
     bool UseCompressedClassPointers               = true                                 {lp64_product} {ergonomic}
     bool UseCompressedOops                        = true                                 {lp64_product} {ergonomic}
     bool UseSerialGC                              = true                                      {product} {ergonomic}

Logging:
Log output configuration:
 #0: stdout all=warning uptime,level,tags
 #1: stderr all=off uptime,level,tags

Environment Variables:
JAVA_HOME=/usr/lib/jvm/java-11-openjdk-amd64
PATH=/home/tanzachary/step/portfolio/node_modules/.bin:/home/tanzachary/gopath/bin:/google/gopath/bin:/home/tanzachary/.gems/bin:/usr/local/go/bin:/opt/gradle/bin:/opt/maven/bin:/usr/local/sbin:/usr/local/bin:/usr/sbin:/usr/bin:/sbin:/bin:/usr/local/nvm/versions/node/v10.14.2/bin:/google/go_appengine:/google/google_appengine:/google/migrate/anthos/
SHELL=/bin/bash

Signal Handlers:
SIGSEGV: [libjvm.so+0xd9bff0], sa_mask[0]=11111111011111111101111111111110, sa_flags=SA_RESTART|SA_SIGINFO
SIGBUS: [libjvm.so+0xd9bff0], sa_mask[0]=11111111011111111101111111111110, sa_flags=SA_RESTART|SA_SIGINFO
SIGFPE: [libjvm.so+0xd9bff0], sa_mask[0]=11111111011111111101111111111110, sa_flags=SA_RESTART|SA_SIGINFO
SIGPIPE: [libjvm.so+0xb8fcf0], sa_mask[0]=11111111011111111101111111111110, sa_flags=SA_RESTART|SA_SIGINFO
SIGXFSZ: [libjvm.so+0xb8fcf0], sa_mask[0]=11111111011111111101111111111110, sa_flags=SA_RESTART|SA_SIGINFO
SIGILL: [libjvm.so+0xd9bff0], sa_mask[0]=11111111011111111101111111111110, sa_flags=SA_RESTART|SA_SIGINFO
SIGUSR2: [libjvm.so+0xb8fb90], sa_mask[0]=00000000000000000000000000000000, sa_flags=SA_RESTART|SA_SIGINFO
SIGHUP: [libjvm.so+0xb8fef0], sa_mask[0]=11111111011111111101111111111110, sa_flags=SA_RESTART|SA_SIGINFO
SIGINT: [libjvm.so+0xb8fef0], sa_mask[0]=11111111011111111101111111111110, sa_flags=SA_RESTART|SA_SIGINFO
SIGTERM: [libjvm.so+0xb8fef0], sa_mask[0]=11111111011111111101111111111110, sa_flags=SA_RESTART|SA_SIGINFO
SIGQUIT: [libjvm.so+0xb8fef0], sa_mask[0]=11111111011111111101111111111110, sa_flags=SA_RESTART|SA_SIGINFO


---------------  S Y S T E M  ---------------

OS:PRETTY_NAME="Debian GNU/Linux 9 (stretch)"
NAME="Debian GNU/Linux"
VERSION_ID="9"
VERSION="9 (stretch)"
VERSION_CODENAME=stretch
ID=debian
HOME_URL="https://www.debian.org/"
SUPPORT_URL="https://www.debian.org/support"
BUG_REPORT_URL="https://bugs.debian.org/"
uname:Linux 4.19.112+ #1 SMP Wed May 6 00:27:44 PDT 2020 x86_64
libc:glibc 2.24 NPTL 2.24 
rlimit: STACK 8192k, CORE infinity, NPROC infinity, NOFILE 1048576, AS infinity, DATA infinity, FSIZE infinity
load average:1.29 0.59 0.51

/proc/meminfo:
MemTotal:        2043884 kB
MemFree:           98868 kB
MemAvailable:     793168 kB
Buffers:           74232 kB
Cached:           642232 kB
SwapCached:          740 kB
Active:           909884 kB
Inactive:         717176 kB
Active(anon):     484464 kB
Inactive(anon):   406548 kB
Active(file):     425420 kB
Inactive(file):   310628 kB
Unevictable:           0 kB
Mlocked:               0 kB
SwapTotal:        786428 kB
SwapFree:         702972 kB
Dirty:              1320 kB
Writeback:             0 kB
AnonPages:        910056 kB
Mapped:           378268 kB
Shmem:               820 kB
Slab:             196884 kB
SReclaimable:     145892 kB
SUnreclaim:        50992 kB
KernelStack:        8400 kB
PageTables:        13980 kB
NFS_Unstable:          0 kB
Bounce:                0 kB
WritebackTmp:          0 kB
CommitLimit:     1808368 kB
Committed_AS:    5215004 kB
VmallocTotal:   34359738367 kB
VmallocUsed:           0 kB
VmallocChunk:          0 kB
Percpu:              968 kB
AnonHugePages:      2048 kB
ShmemHugePages:        0 kB
ShmemPmdMapped:        0 kB
HugePages_Total:       0
HugePages_Free:        0
HugePages_Rsvd:        0
HugePages_Surp:        0
Hugepagesize:       2048 kB
Hugetlb:               0 kB
DirectMap4k:       85180 kB
DirectMap2M:     2011136 kB
DirectMap1G:           0 kB


/proc/sys/kernel/threads-max (system-wide limit on the number of threads):
15631


/proc/sys/vm/max_map_count (maximum number of memory map areas a process may have):
65530


/proc/sys/kernel/pid_max (system-wide limit on number of process identifiers):
4194304



container (cgroup) information:
container_type: cgroupv1
cpu_cpuset_cpus: 0-1
cpu_memory_nodes: 0
active_processor_count: 1
cpu_quota: -1
cpu_period: 100000
cpu_shares: 2
memory_limit_in_bytes: -1
memory_and_swap_limit_in_bytes: -1
memory_soft_limit_in_bytes: -1
memory_usage_in_bytes: 640897024
memory_max_usage_in_bytes: 684109824

KVM virtualization detected
Steal ticks since vm start: 1
Steal ticks percentage since vm start:  0.000

CPU:total 2 (initial active 1) (1 cores per cpu, 2 threads per core) family 6 model 63 stepping 0, cmov, cx8, fxsr, mmx, sse, sse2, sse3, ssse3, sse4.1, sse4.2, popcnt, avx, avx2, aes, clmul, erms, lzcnt, ht, tsc, tscinvbit, bmi1, bmi2, fma
CPU Model and flags from /proc/cpuinfo:
model name	: Intel(R) Xeon(R) CPU @ 2.30GHz
flags		: fpu vme de pse tsc msr pae mce cx8 apic sep mtrr pge mca cmov pat pse36 clflush mmx fxsr sse sse2 ss ht syscall nx pdpe1gb rdtscp lm constant_tsc rep_good nopl xtopology nonstop_tsc cpuid tsc_known_freq pni pclmulqdq ssse3 fma cx16 pcid sse4_1 sse4_2 x2apic movbe popcnt aes xsave avx f16c rdrand hypervisor lahf_lm abm invpcid_single pti ssbd ibrs ibpb stibp fsgsbase tsc_adjust bmi1 avx2 smep bmi2 erms invpcid xsaveopt arat md_clear arch_capabilities

Memory: 4k page, physical 2043884k(98868k free), swap 786428k(702972k free)

vm_info: OpenJDK 64-Bit Server VM (11.0.6+10-post-Debian-1bpo91) for linux-amd64 JRE (11.0.6+10-post-Debian-1bpo91), built on Feb  1 2020 09:07:43 by "unknown" with gcc 6.3.0 20170516

END.
