#
# A fatal error has been detected by the Java Runtime Environment:
#
#  SIGSEGV (0xb) at pc=0x00007fcd3dd58bc0, pid=5084, tid=5084
#
# JRE version: OpenJDK Runtime Environment (11.0.6+10) (build 11.0.6+10-post-Debian-1bpo91)
# Java VM: OpenJDK 64-Bit Server VM (11.0.6+10-post-Debian-1bpo91, mixed mode, sharing, tiered, compressed oops, serial gc, linux-amd64)
# Problematic frame:
# V  [libjvm.so+0xb8fbc0]
#
# Core dump will be written. Default location: Core dumps may be processed with "/sbin/crash_reporter --user=%P:%s:%u:%g:%e" (or dumping to /home/tanzachary/step/portfolio/core.5084)
#
# If you would like to submit a bug report, please visit:
#   https://bugs.debian.org/openjdk-11
#

---------------  S U M M A R Y ------------

Command Line: -Dclassworlds.conf=/opt/maven/bin/m2.conf -Dmaven.home=/opt/maven -Dlibrary.jansi.path=/opt/maven/lib/jansi-native -Dmaven.multiModuleProjectDirectory=/home/tanzachary/step/portfolio org.codehaus.plexus.classworlds.launcher.Launcher package appengine:run

Host: Intel(R) Xeon(R) CPU @ 2.30GHz, 2 cores, 1G, Debian GNU/Linux 9 (stretch)
Time: Thu May 28 17:47:38 2020 EDT elapsed time: 7 seconds (0d 0h 0m 7s)

---------------  T H R E A D  ---------------

Current thread is native thread

Stack: [0x00007ffd41d5f000,0x00007ffd4255e000],  sp=0x00007ffd42558c40,  free space=8167k
Native frames: (J=compiled Java code, A=aot compiled Java code, j=interpreted, Vv=VM code, C=native code)
V  [libjvm.so+0xb8fbc0]
C  [libpthread.so.0+0x110e0]


siginfo: si_signo: 11 (SIGSEGV), si_code: 1 (SEGV_MAPERR), si_addr: 0x00000000000000d0

Register to memory mapping:

RAX=0x0 is NULL
RBX=
[error occurred during error reporting (printing register info), id 0xb, SIGSEGV (0xb) at pc=0x00007fcd3deff9e7]

Registers:
RAX=0x0000000000000000, RBX=0x00007fcd3f39be18, RCX=0x00007fcd3ed586dd, RDX=0x0000000000000000
RSP=0x00007ffd42558c40, RBP=0x00007ffd42558cf0, RSI=0x00007ffd42558e30, RDI=0x0000000000000001
R8 =0x00000000000000ca, R9 =0x00007fcd3f39a9d0, R10=0x0000000000000000, R11=0x0000000000000246
R12=0x0000000000000000, R13=0x00007ffd42558e30, R14=0x00007ffd42558d00, R15=0x00007fcd3f39ad28
RIP=0x00007fcd3dd58bc0, EFLAGS=0x0000000000010246, CSGSFS=0x002b000000000033, ERR=0x0000000000000004
  TRAPNO=0x000000000000000e

Top of Stack: (sp=0x00007ffd42558c40)
0x00007ffd42558c40:   0000000001e5cb59 00007fcd3e5ae038
0x00007ffd42558c50:   00007ffd42558d70 00007fcd3e5a0d90
0x00007ffd42558c60:   00007ffd42558c94 00007ffd42558d60
0x00007ffd42558c70:   000055b42260cc70 000000000000000b 

Instructions: (pc=0x00007fcd3dd58bc0)
0x00007fcd3dd58ac0:   c0 74 03 c6 00 00 4c 89 f7 4c 89 fa 48 89 de e8
0x00007fcd3dd58ad0:   dc db 6d ff 4c 89 e7 e8 24 df 6d ff 48 81 c4 08
0x00007fcd3dd58ae0:   01 00 00 5b 41 5c 41 5d 41 5e 41 5f 5d c3 4c 89
0x00007fcd3dd58af0:   e2 be 00 01 00 00 48 89 df e8 92 e1 6d ff 48 85
0x00007fcd3dd58b00:   c0 74 ae 48 8d 35 b1 46 2f 00 48 89 df e8 5e df
0x00007fcd3dd58b10:   6d ff 48 85 c0 74 41 66 0f 1f 84 00 00 00 00 00
0x00007fcd3dd58b20:   be 22 00 00 00 48 89 df e8 d3 df 6d ff 48 85 c0
0x00007fcd3dd58b30:   74 46 48 8d 58 01 be 22 00 00 00 48 89 df e8 bd
0x00007fcd3dd58b40:   df 6d ff 48 85 c0 0f 85 77 ff ff ff e9 75 ff ff
0x00007fcd3dd58b50:   ff 0f 1f 80 00 00 00 00 48 8d 35 71 46 2f 00 48
0x00007fcd3dd58b60:   89 df e8 09 df 6d ff 48 85 c0 0f 84 41 ff ff ff
0x00007fcd3dd58b70:   eb ae 66 0f 1f 44 00 00 48 89 df be 3d 00 00 00
0x00007fcd3dd58b80:   e8 7b df 6d ff 48 8d 58 01 e9 23 ff ff ff 66 90
0x00007fcd3dd58b90:   55 48 89 e5 41 57 41 56 41 55 41 54 49 89 d6 53
0x00007fcd3dd58ba0:   49 89 f5 48 81 ec 88 00 00 00 e8 81 e6 6d ff 48
0x00007fcd3dd58bb0:   89 c3 44 8b 20 e8 26 58 1a 00 31 d2 84 c0 75 38
0x00007fcd3dd58bc0:   48 83 ba d0 00 00 00 00 74 16 4c 8b ba 68 02 00
0x00007fcd3dd58bd0:   00 41 8b 87 a8 00 00 00 83 f8 01 74 2b 44 89 23
0x00007fcd3dd58be0:   48 81 c4 88 00 00 00 5b 41 5c 41 5d 41 5e 41 5f
0x00007fcd3dd58bf0:   5d c3 66 0f 1f 44 00 00 e8 f3 57 1a 00 48 89 c2
0x00007fcd3dd58c00:   eb be 66 0f 1f 44 00 00 4d 89 af b0 00 00 00 4d
0x00007fcd3dd58c10:   8d af a8 00 00 00 4d 89 b7 b8 00 00 00 ba 02 00
0x00007fcd3dd58c20:   00 00 be 01 00 00 00 4c 89 ef e8 01 cb ff ff 83
0x00007fcd3dd58c30:   f8 02 74 3c 85 c0 75 18 49 c7 87 b8 00 00 00 00
0x00007fcd3dd58c40:   00 00 00 49 c7 87 b0 00 00 00 00 00 00 00 eb 8d
0x00007fcd3dd58c50:   48 8d 05 51 96 7b 00 48 8d 3d 7a 4e 2f 00 be 64
0x00007fcd3dd58c60:   11 00 00 48 8b 00 c6 00 58 e8 22 16 ab ff eb c8
0x00007fcd3dd58c70:   4c 8d b5 50 ff ff ff 4c 89 f7 e8 11 e2 6d ff 4c
0x00007fcd3dd58c80:   89 f2 31 f6 31 ff e8 15 e3 6d ff 8b 35 ff 37 7d
0x00007fcd3dd58c90:   00 4c 89 f7 e8 c7 de 6d ff 48 8d 3d 60 73 81 00
0x00007fcd3dd58ca0:   be 01 00 00 00 e8 a6 bc 0c 00 66 0f 1f 44 00 00
0x00007fcd3dd58cb0:   4c 89 f7 e8 d8 e5 6d ff 31 d2 be 03 00 00 00 4c 


Stack slot to memory mapping:
stack at sp + 0 slots: 
[error occurred during error reporting (inspecting top of stack), id 0xb, SIGSEGV (0xb) at pc=0x00007fcd3deff9e7]


---------------  P R O C E S S  ---------------

VM state:not at safepoint (normal execution)

VM Mutex/Monitor currently owned by a thread: None

Heap address: 0x00000000e0c00000, size: 500 MB, Compressed Oops mode: 32-bit
Narrow klass base: 0x0000000800000000, Narrow klass shift: 3
Compressed class space size: 1073741824 Address: 0x0000000840000000

Heap:
 def new generation   total 10240K, used 1717K [0x00000000e0c00000, 0x00000000e1710000, 0x00000000eb2a0000)
  eden space 9152K,  18% used [0x00000000e0c00000, 0x00000000e0dad6c0, 0x00000000e14f0000)
  from space 1088K,   0% used [0x00000000e14f0000, 0x00000000e14f0000, 0x00000000e1600000)
  to   space 1088K,   0% used [0x00000000e1600000, 0x00000000e1600000, 0x00000000e1710000)
 tenured generation   total 22636K, used 13580K [0x00000000eb2a0000, 0x00000000ec8bb000, 0x0000000100000000)
   the space 22636K,  59% used [0x00000000eb2a0000, 0x00000000ebfe3228, 0x00000000ebfe3400, 0x00000000ec8bb000)
 Metaspace       used 20930K, capacity 21693K, committed 21808K, reserved 1069056K
  class space    used 2414K, capacity 2664K, committed 2688K, reserved 1048576K

Card table byte_map: [0x00007fcd1fbfb000,0x00007fcd1fcf6000] _byte_map_base: 0x00007fcd1f4f5000

Polling page: 0x00007fcd3f3a8000

Metaspace:

Usage:
  Non-class:     18.58 MB capacity,    18.08 MB ( 97%) used,   475.65 KB (  2%) free+waste,    37.31 KB ( <1%) overhead. 
      Class:      2.60 MB capacity,     2.36 MB ( 91%) used,   231.80 KB (  9%) free+waste,    18.00 KB ( <1%) overhead. 
       Both:     21.18 MB capacity,    20.44 MB ( 96%) used,   707.45 KB (  3%) free+waste,    55.31 KB ( <1%) overhead. 

Virtual space:
  Non-class space:       20.00 MB reserved,      18.67 MB ( 93%) committed 
      Class space:        1.00 GB reserved,       2.62 MB ( <1%) committed 
             Both:        1.02 GB reserved,      21.30 MB (  2%) committed 

Chunk freelists:
   Non-Class:  39.00 KB
       Class:  0 bytes
        Both:  39.00 KB

MaxMetaspaceSize: unlimited
CompressedClassSpaceSize: 1.00 GB

CodeHeap 'non-profiled nmethods': size=120036Kb used=1508Kb max_used=1508Kb free=118527Kb
 bounds [0x00007fcd27993000, 0x00007fcd27c03000, 0x00007fcd2eecc000]
CodeHeap 'profiled nmethods': size=120032Kb used=7938Kb max_used=8079Kb free=112093Kb
 bounds [0x00007fcd2045b000, 0x00007fcd20c4b000, 0x00007fcd27993000]
CodeHeap 'non-nmethods': size=5692Kb used=1144Kb max_used=1159Kb free=4547Kb
 bounds [0x00007fcd1fecc000, 0x00007fcd2013c000, 0x00007fcd2045b000]
 total_blobs=5301 nmethods=3995 adapters=398
 compilation: enabled
              stopped_count=0, restarted_count=0
 full_count=0

Compilation events (20 events):
Event: 6.873 Thread 0x00007fcd3805b800 nmethod 4119 0x00007fcd204a9a10 code [0x00007fcd204a9c80, 0x00007fcd204aa678]
Event: 6.873 Thread 0x00007fcd3805b800 4120       3       org.fusesource.jansi.FilterPrintStream::write (17 bytes)
Event: 6.873 Thread 0x00007fcd3805b800 nmethod 4120 0x00007fcd20499b90 code [0x00007fcd20499d60, 0x00007fcd2049a0b8]
Event: 6.873 Thread 0x00007fcd3805b800 4121   !   3       java.io.PrintStream::write (66 bytes)
Event: 6.874 Thread 0x00007fcd3805b800 nmethod 4121 0x00007fcd204af390 code [0x00007fcd204af5c0, 0x00007fcd204afe18]
Event: 6.874 Thread 0x00007fcd3805b800 4122  s    3       java.io.BufferedOutputStream::write (35 bytes)
Event: 6.876 Thread 0x00007fcd3805b800 nmethod 4122 0x00007fcd204a6410 code [0x00007fcd204a65e0, 0x00007fcd204a6b08]
Event: 6.876 Thread 0x00007fcd3805b800 4123       3       java.lang.invoke.MethodHandleNatives::refKindIsField (32 bytes)
Event: 6.876 Thread 0x00007fcd3805b800 nmethod 4123 0x00007fcd2047bb10 code [0x00007fcd2047bcc0, 0x00007fcd2047be70]
Event: 6.876 Thread 0x00007fcd3805b800 4101       3       jdk.internal.org.objectweb.asm.Frame::pop (53 bytes)
Event: 6.877 Thread 0x00007fcd3805b800 nmethod 4101 0x00007fcd204b4a90 code [0x00007fcd204b4ce0, 0x00007fcd204b54f8]
Event: 6.877 Thread 0x00007fcd3805b800 4103       3       jdk.internal.org.objectweb.asm.Type::getDescriptor (18 bytes)
Event: 6.877 Thread 0x00007fcd3805b800 nmethod 4103 0x00007fcd204ae790 code [0x00007fcd204ae9c0, 0x00007fcd204af058]
Event: 6.877 Thread 0x00007fcd3805b800 4107       3       jdk.internal.org.objectweb.asm.MethodWriter::visitFieldInsn (256 bytes)
Event: 6.878 Thread 0x00007fcd3805b800 nmethod 4107 0x00007fcd204c3290 code [0x00007fcd204c3500, 0x00007fcd204c40a8]
Event: 6.878 Thread 0x00007fcd3805b800 4097       3       jdk.internal.org.objectweb.asm.AnnotationVisitor::<init> (7 bytes)
Event: 6.879 Thread 0x00007fcd3805b800 nmethod 4097 0x00007fcd2049d910 code [0x00007fcd2049dae0, 0x00007fcd2049de88]
Event: 6.880 Thread 0x00007fcd38059800 nmethod 4100 0x00007fcd279d2410 code [0x00007fcd279d25c0, 0x00007fcd279d2b38]
Event: 6.880 Thread 0x00007fcd38059800 4104       4       jdk.internal.org.objectweb.asm.Item::set (219 bytes)
Event: 6.922 Thread 0x00007fcd38059800 nmethod 4104 0x00007fcd27b0c010 code [0x00007fcd27b0c1e0, 0x00007fcd27b0cf18]

GC Heap History (20 events):
Event: 3.380 GC heap before
{Heap before GC invocations=12 (full 0):
 def new generation   total 9792K, used 9650K [0x00000000e0c00000, 0x00000000e16a0000, 0x00000000eb2a0000)
  eden space 8704K, 100% used [0x00000000e0c00000, 0x00000000e1480000, 0x00000000e1480000)
  from space 1088K,  86% used [0x00000000e1480000, 0x00000000e156c930, 0x00000000e1590000)
  to   space 1088K,   0% used [0x00000000e1590000, 0x00000000e1590000, 0x00000000e16a0000)
 tenured generation   total 21888K, used 7341K [0x00000000eb2a0000, 0x00000000ec800000, 0x0000000100000000)
   the space 21888K,  33% used [0x00000000eb2a0000, 0x00000000eb9cb618, 0x00000000eb9cb800, 0x00000000ec800000)
 Metaspace       used 14083K, capacity 15629K, committed 16000K, reserved 1062912K
  class space    used 1610K, capacity 1831K, committed 1920K, reserved 1048576K
}
Event: 3.386 GC heap after
{Heap after GC invocations=13 (full 0):
 def new generation   total 9792K, used 840K [0x00000000e0c00000, 0x00000000e16a0000, 0x00000000eb2a0000)
  eden space 8704K,   0% used [0x00000000e0c00000, 0x00000000e0c00000, 0x00000000e1480000)
  from space 1088K,  77% used [0x00000000e1590000, 0x00000000e1662040, 0x00000000e16a0000)
  to   space 1088K,   0% used [0x00000000e1480000, 0x00000000e1480000, 0x00000000e1590000)
 tenured generation   total 21888K, used 7802K [0x00000000eb2a0000, 0x00000000ec800000, 0x0000000100000000)
   the space 21888K,  35% used [0x00000000eb2a0000, 0x00000000eba3e918, 0x00000000eba3ea00, 0x00000000ec800000)
 Metaspace       used 14083K, capacity 15629K, committed 16000K, reserved 1062912K
  class space    used 1610K, capacity 1831K, committed 1920K, reserved 1048576K
}
Event: 3.630 GC heap before
{Heap before GC invocations=13 (full 0):
 def new generation   total 9792K, used 9544K [0x00000000e0c00000, 0x00000000e16a0000, 0x00000000eb2a0000)
  eden space 8704K, 100% used [0x00000000e0c00000, 0x00000000e1480000, 0x00000000e1480000)
  from space 1088K,  77% used [0x00000000e1590000, 0x00000000e1662040, 0x00000000e16a0000)
  to   space 1088K,   0% used [0x00000000e1480000, 0x00000000e1480000, 0x00000000e1590000)
 tenured generation   total 21888K, used 7802K [0x00000000eb2a0000, 0x00000000ec800000, 0x0000000100000000)
   the space 21888K,  35% used [0x00000000eb2a0000, 0x00000000eba3e918, 0x00000000eba3ea00, 0x00000000ec800000)
 Metaspace       used 14476K, capacity 15985K, committed 16256K, reserved 1062912K
  class space    used 1639K, capacity 1867K, committed 1920K, reserved 1048576K
}
Event: 3.634 GC heap after
{Heap after GC invocations=14 (full 0):
 def new generation   total 9792K, used 986K [0x00000000e0c00000, 0x00000000e16a0000, 0x00000000eb2a0000)
  eden space 8704K,   0% used [0x00000000e0c00000, 0x00000000e0c00000, 0x00000000e1480000)
  from space 1088K,  90% used [0x00000000e1480000, 0x00000000e1576b10, 0x00000000e1590000)
  to   space 1088K,   0% used [0x00000000e1590000, 0x00000000e1590000, 0x00000000e16a0000)
 tenured generation   total 21888K, used 8177K [0x00000000eb2a0000, 0x00000000ec800000, 0x0000000100000000)
   the space 21888K,  37% used [0x00000000eb2a0000, 0x00000000eba9c738, 0x00000000eba9c800, 0x00000000ec800000)
 Metaspace       used 14476K, capacity 15985K, committed 16256K, reserved 1062912K
  class space    used 1639K, capacity 1867K, committed 1920K, reserved 1048576K
}
Event: 3.896 GC heap before
{Heap before GC invocations=14 (full 0):
 def new generation   total 9792K, used 9690K [0x00000000e0c00000, 0x00000000e16a0000, 0x00000000eb2a0000)
  eden space 8704K, 100% used [0x00000000e0c00000, 0x00000000e1480000, 0x00000000e1480000)
  from space 1088K,  90% used [0x00000000e1480000, 0x00000000e1576b10, 0x00000000e1590000)
  to   space 1088K,   0% used [0x00000000e1590000, 0x00000000e1590000, 0x00000000e16a0000)
 tenured generation   total 21888K, used 8177K [0x00000000eb2a0000, 0x00000000ec800000, 0x0000000100000000)
   the space 21888K,  37% used [0x00000000eb2a0000, 0x00000000eba9c738, 0x00000000eba9c800, 0x00000000ec800000)
 Metaspace       used 14982K, capacity 16454K, committed 16896K, reserved 1064960K
  class space    used 1667K, capacity 1934K, committed 2048K, reserved 1048576K
}
Event: 3.900 GC heap after
{Heap after GC invocations=15 (full 0):
 def new generation   total 9792K, used 547K [0x00000000e0c00000, 0x00000000e16a0000, 0x00000000eb2a0000)
  eden space 8704K,   0% used [0x00000000e0c00000, 0x00000000e0c00000, 0x00000000e1480000)
  from space 1088K,  50% used [0x00000000e1590000, 0x00000000e1618c28, 0x00000000e16a0000)
  to   space 1088K,   0% used [0x00000000e1480000, 0x00000000e1480000, 0x00000000e1590000)
 tenured generation   total 21888K, used 9122K [0x00000000eb2a0000, 0x00000000ec800000, 0x0000000100000000)
   the space 21888K,  41% used [0x00000000eb2a0000, 0x00000000ebb88860, 0x00000000ebb88a00, 0x00000000ec800000)
 Metaspace       used 14982K, capacity 16454K, committed 16896K, reserved 1064960K
  class space    used 1667K, capacity 1934K, committed 2048K, reserved 1048576K
}
Event: 4.056 GC heap before
{Heap before GC invocations=15 (full 0):
 def new generation   total 9792K, used 9251K [0x00000000e0c00000, 0x00000000e16a0000, 0x00000000eb2a0000)
  eden space 8704K, 100% used [0x00000000e0c00000, 0x00000000e1480000, 0x00000000e1480000)
  from space 1088K,  50% used [0x00000000e1590000, 0x00000000e1618c28, 0x00000000e16a0000)
  to   space 1088K,   0% used [0x00000000e1480000, 0x00000000e1480000, 0x00000000e1590000)
 tenured generation   total 21888K, used 9122K [0x00000000eb2a0000, 0x00000000ec800000, 0x0000000100000000)
   the space 21888K,  41% used [0x00000000eb2a0000, 0x00000000ebb88860, 0x00000000ebb88a00, 0x00000000ec800000)
 Metaspace       used 15633K, capacity 17202K, committed 17536K, reserved 1064960K
  class space    used 1786K, capacity 2078K, committed 2176K, reserved 1048576K
}
Event: 4.059 GC heap after
{Heap after GC invocations=16 (full 0):
 def new generation   total 9792K, used 481K [0x00000000e0c00000, 0x00000000e16a0000, 0x00000000eb2a0000)
  eden space 8704K,   0% used [0x00000000e0c00000, 0x00000000e0c00000, 0x00000000e1480000)
  from space 1088K,  44% used [0x00000000e1480000, 0x00000000e14f8558, 0x00000000e1590000)
  to   space 1088K,   0% used [0x00000000e1590000, 0x00000000e1590000, 0x00000000e16a0000)
 tenured generation   total 21888K, used 9617K [0x00000000eb2a0000, 0x00000000ec800000, 0x0000000100000000)
   the space 21888K,  43% used [0x00000000eb2a0000, 0x00000000ebc04618, 0x00000000ebc04800, 0x00000000ec800000)
 Metaspace       used 15633K, capacity 17202K, committed 17536K, reserved 1064960K
  class space    used 1786K, capacity 2078K, committed 2176K, reserved 1048576K
}
Event: 4.454 GC heap before
{Heap before GC invocations=16 (full 0):
 def new generation   total 9792K, used 9185K [0x00000000e0c00000, 0x00000000e16a0000, 0x00000000eb2a0000)
  eden space 8704K, 100% used [0x00000000e0c00000, 0x00000000e1480000, 0x00000000e1480000)
  from space 1088K,  44% used [0x00000000e1480000, 0x00000000e14f8558, 0x00000000e1590000)
  to   space 1088K,   0% used [0x00000000e1590000, 0x00000000e1590000, 0x00000000e16a0000)
 tenured generation   total 21888K, used 9617K [0x00000000eb2a0000, 0x00000000ec800000, 0x0000000100000000)
   the space 21888K,  43% used [0x00000000eb2a0000, 0x00000000ebc04618, 0x00000000ebc04800, 0x00000000ec800000)
 Metaspace       used 17430K, capacity 18384K, committed 18688K, reserved 1064960K
  class space    used 2003K, capacity 2261K, committed 2304K, reserved 1048576K
}
Event: 4.458 GC heap after
{Heap after GC invocations=17 (full 0):
 def new generation   total 9792K, used 1087K [0x00000000e0c00000, 0x00000000e16a0000, 0x00000000eb2a0000)
  eden space 8704K,   0% used [0x00000000e0c00000, 0x00000000e0c00000, 0x00000000e1480000)
  from space 1088K,  99% used [0x00000000e1590000, 0x00000000e169fff8, 0x00000000e16a0000)
  to   space 1088K,   0% used [0x00000000e1480000, 0x00000000e1480000, 0x00000000e1590000)
 tenured generation   total 21888K, used 9622K [0x00000000eb2a0000, 0x00000000ec800000, 0x0000000100000000)
   the space 21888K,  43% used [0x00000000eb2a0000, 0x00000000ebc05a58, 0x00000000ebc05c00, 0x00000000ec800000)
 Metaspace       used 17430K, capacity 18384K, committed 18688K, reserved 1064960K
  class space    used 2003K, capacity 2261K, committed 2304K, reserved 1048576K
}
Event: 4.967 GC heap before
{Heap before GC invocations=17 (full 0):
 def new generation   total 9792K, used 9791K [0x00000000e0c00000, 0x00000000e16a0000, 0x00000000eb2a0000)
  eden space 8704K, 100% used [0x00000000e0c00000, 0x00000000e1480000, 0x00000000e1480000)
  from space 1088K,  99% used [0x00000000e1590000, 0x00000000e169fff8, 0x00000000e16a0000)
  to   space 1088K,   0% used [0x00000000e1480000, 0x00000000e1480000, 0x00000000e1590000)
 tenured generation   total 21888K, used 9622K [0x00000000eb2a0000, 0x00000000ec800000, 0x0000000100000000)
   the space 21888K,  43% used [0x00000000eb2a0000, 0x00000000ebc05a58, 0x00000000ebc05c00, 0x00000000ec800000)
 Metaspace       used 17759K, capacity 18609K, committed 18688K, reserved 1064960K
  class space    used 2028K, capacity 2271K, committed 2304K, reserved 1048576K
}
Event: 4.974 GC heap after
{Heap after GC invocations=18 (full 0):
 def new generation   total 9792K, used 941K [0x00000000e0c00000, 0x00000000e16a0000, 0x00000000eb2a0000)
  eden space 8704K,   0% used [0x00000000e0c00000, 0x00000000e0c00000, 0x00000000e1480000)
  from space 1088K,  86% used [0x00000000e1480000, 0x00000000e156b6f0, 0x00000000e1590000)
  to   space 1088K,   0% used [0x00000000e1590000, 0x00000000e1590000, 0x00000000e16a0000)
 tenured generation   total 21888K, used 10679K [0x00000000eb2a0000, 0x00000000ec800000, 0x0000000100000000)
   the space 21888K,  48% used [0x00000000eb2a0000, 0x00000000ebd0dd50, 0x00000000ebd0de00, 0x00000000ec800000)
 Metaspace       used 17759K, capacity 18609K, committed 18688K, reserved 1064960K
  class space    used 2028K, capacity 2271K, committed 2304K, reserved 1048576K
}
Event: 5.062 GC heap before
{Heap before GC invocations=18 (full 0):
 def new generation   total 9792K, used 9645K [0x00000000e0c00000, 0x00000000e16a0000, 0x00000000eb2a0000)
  eden space 8704K, 100% used [0x00000000e0c00000, 0x00000000e1480000, 0x00000000e1480000)
  from space 1088K,  86% used [0x00000000e1480000, 0x00000000e156b6f0, 0x00000000e1590000)
  to   space 1088K,   0% used [0x00000000e1590000, 0x00000000e1590000, 0x00000000e16a0000)
 tenured generation   total 21888K, used 10679K [0x00000000eb2a0000, 0x00000000ec800000, 0x0000000100000000)
   the space 21888K,  48% used [0x00000000eb2a0000, 0x00000000ebd0dd50, 0x00000000ebd0de00, 0x00000000ec800000)
 Metaspace       used 17796K, capacity 18616K, committed 18688K, reserved 1064960K
  class space    used 2029K, capacity 2273K, committed 2304K, reserved 1048576K
}
Event: 5.069 GC heap after
{Heap after GC invocations=19 (full 0):
 def new generation   total 9792K, used 528K [0x00000000e0c00000, 0x00000000e16a0000, 0x00000000eb2a0000)
  eden space 8704K,   0% used [0x00000000e0c00000, 0x00000000e0c00000, 0x00000000e1480000)
  from space 1088K,  48% used [0x00000000e1590000, 0x00000000e16140b8, 0x00000000e16a0000)
  to   space 1088K,   0% used [0x00000000e1480000, 0x00000000e1480000, 0x00000000e1590000)
 tenured generation   total 21888K, used 11465K [0x00000000eb2a0000, 0x00000000ec800000, 0x0000000100000000)
   the space 21888K,  52% used [0x00000000eb2a0000, 0x00000000ebdd2490, 0x00000000ebdd2600, 0x00000000ec800000)
 Metaspace       used 17796K, capacity 18616K, committed 18688K, reserved 1064960K
  class space    used 2029K, capacity 2273K, committed 2304K, reserved 1048576K
}
Event: 5.301 GC heap before
{Heap before GC invocations=19 (full 0):
 def new generation   total 9792K, used 9232K [0x00000000e0c00000, 0x00000000e16a0000, 0x00000000eb2a0000)
  eden space 8704K, 100% used [0x00000000e0c00000, 0x00000000e1480000, 0x00000000e1480000)
  from space 1088K,  48% used [0x00000000e1590000, 0x00000000e16140b8, 0x00000000e16a0000)
  to   space 1088K,   0% used [0x00000000e1480000, 0x00000000e1480000, 0x00000000e1590000)
 tenured generation   total 21888K, used 11465K [0x00000000eb2a0000, 0x00000000ec800000, 0x0000000100000000)
   the space 21888K,  52% used [0x00000000eb2a0000, 0x00000000ebdd2490, 0x00000000ebdd2600, 0x00000000ec800000)
 Metaspace       used 17905K, capacity 18769K, committed 18944K, reserved 1067008K
  class space    used 2036K, capacity 2281K, committed 2304K, reserved 1048576K
}
Event: 5.304 GC heap after
{Heap after GC invocations=20 (full 0):
 def new generation   total 9792K, used 927K [0x00000000e0c00000, 0x00000000e16a0000, 0x00000000eb2a0000)
  eden space 8704K,   0% used [0x00000000e0c00000, 0x00000000e0c00000, 0x00000000e1480000)
  from space 1088K,  85% used [0x00000000e1480000, 0x00000000e1567ec8, 0x00000000e1590000)
  to   space 1088K,   0% used [0x00000000e1590000, 0x00000000e1590000, 0x00000000e16a0000)
 tenured generation   total 21888K, used 11465K [0x00000000eb2a0000, 0x00000000ec800000, 0x0000000100000000)
   the space 21888K,  52% used [0x00000000eb2a0000, 0x00000000ebdd2490, 0x00000000ebdd2600, 0x00000000ec800000)
 Metaspace       used 17905K, capacity 18769K, committed 18944K, reserved 1067008K
  class space    used 2036K, capacity 2281K, committed 2304K, reserved 1048576K
}
Event: 6.120 GC heap before
{Heap before GC invocations=20 (full 0):
 def new generation   total 9792K, used 9631K [0x00000000e0c00000, 0x00000000e16a0000, 0x00000000eb2a0000)
  eden space 8704K, 100% used [0x00000000e0c00000, 0x00000000e1480000, 0x00000000e1480000)
  from space 1088K,  85% used [0x00000000e1480000, 0x00000000e1567ec8, 0x00000000e1590000)
  to   space 1088K,   0% used [0x00000000e1590000, 0x00000000e1590000, 0x00000000e16a0000)
 tenured generation   total 21888K, used 11465K [0x00000000eb2a0000, 0x00000000ec800000, 0x0000000100000000)
   the space 21888K,  52% used [0x00000000eb2a0000, 0x00000000ebdd2490, 0x00000000ebdd2600, 0x00000000ec800000)
 Metaspace       used 18993K, capacity 19665K, committed 19840K, reserved 1067008K
  class space    used 2192K, capacity 2429K, committed 2432K, reserved 1048576K
}
Event: 6.124 GC heap after
{Heap after GC invocations=21 (full 0):
 def new generation   total 9792K, used 1087K [0x00000000e0c00000, 0x00000000e16a0000, 0x00000000eb2a0000)
  eden space 8704K,   0% used [0x00000000e0c00000, 0x00000000e0c00000, 0x00000000e1480000)
  from space 1088K,  99% used [0x00000000e1590000, 0x00000000e169fff8, 0x00000000e16a0000)
  to   space 1088K,   0% used [0x00000000e1480000, 0x00000000e1480000, 0x00000000e1590000)
 tenured generation   total 21888K, used 12248K [0x00000000eb2a0000, 0x00000000ec800000, 0x0000000100000000)
   the space 21888K,  55% used [0x00000000eb2a0000, 0x00000000ebe960d0, 0x00000000ebe96200, 0x00000000ec800000)
 Metaspace       used 18993K, capacity 19665K, committed 19840K, reserved 1067008K
  class space    used 2192K, capacity 2429K, committed 2432K, reserved 1048576K
}
Event: 6.756 GC heap before
{Heap before GC invocations=21 (full 0):
 def new generation   total 9792K, used 3353K [0x00000000e0c00000, 0x00000000e16a0000, 0x00000000eb2a0000)
  eden space 8704K,  26% used [0x00000000e0c00000, 0x00000000e0e366b8, 0x00000000e1480000)
  from space 1088K,  99% used [0x00000000e1590000, 0x00000000e169fff8, 0x00000000e16a0000)
  to   space 1088K,   0% used [0x00000000e1480000, 0x00000000e1480000, 0x00000000e1590000)
 tenured generation   total 21888K, used 12248K [0x00000000eb2a0000, 0x00000000ec800000, 0x0000000100000000)
   the space 21888K,  55% used [0x00000000eb2a0000, 0x00000000ebe960d0, 0x00000000ebe96200, 0x00000000ec800000)
 Metaspace       used 20363K, capacity 21032K, committed 21296K, reserved 1069056K
  class space    used 2333K, capacity 2570K, committed 2688K, reserved 1048576K
}
Event: 6.830 GC heap after
{Heap after GC invocations=22 (full 1):
 def new generation   total 10240K, used 0K [0x00000000e0c00000, 0x00000000e1710000, 0x00000000eb2a0000)
  eden space 9152K,   0% used [0x00000000e0c00000, 0x00000000e0c00000, 0x00000000e14f0000)
  from space 1088K,   0% used [0x00000000e14f0000, 0x00000000e14f0000, 0x00000000e1600000)
  to   space 1088K,   0% used [0x00000000e1600000, 0x00000000e1600000, 0x00000000e1710000)
 tenured generation   total 22636K, used 13580K [0x00000000eb2a0000, 0x00000000ec8bb000, 0x0000000100000000)
   the space 22636K,  59% used [0x00000000eb2a0000, 0x00000000ebfe3228, 0x00000000ebfe3400, 0x00000000ec8bb000)
 Metaspace       used 20363K, capacity 21032K, committed 21296K, reserved 1069056K
  class space    used 2333K, capacity 2570K, committed 2688K, reserved 1048576K
}

Deoptimization events (20 events):
Event: 6.876 Thread 0x00007fcd38014000 Uncommon trap: trap_request=0xffffff4d fr.pc=0x00007fcd279bdb00 relative=0x00000000000000e0
Event: 6.876 Thread 0x00007fcd38014000 Uncommon trap: reason=unstable_if action=reinterpret pc=0x00007fcd279bdb00 method=java.lang.String.getBytes([BIB)V @ 5 c2
Event: 6.876 Thread 0x00007fcd38014000 DEOPT PACKING pc=0x00007fcd279bdb00 sp=0x00007fcd3f3982b0
Event: 6.876 Thread 0x00007fcd38014000 DEOPT UNPACKING pc=0x00007fcd1fef43a5 sp=0x00007fcd3f398278 mode 2
Event: 6.876 Thread 0x00007fcd38014000 Uncommon trap: trap_request=0xffffff4d fr.pc=0x00007fcd27a24b64 relative=0x0000000000000324
Event: 6.876 Thread 0x00007fcd38014000 Uncommon trap: reason=unstable_if action=reinterpret pc=0x00007fcd27a24b64 method=java.lang.StringBuilder.toString()Ljava/lang/String; @ 4 c2
Event: 6.876 Thread 0x00007fcd38014000 DEOPT PACKING pc=0x00007fcd27a24b64 sp=0x00007fcd3f398410
Event: 6.876 Thread 0x00007fcd38014000 DEOPT UNPACKING pc=0x00007fcd1fef43a5 sp=0x00007fcd3f3983f0 mode 2
Event: 6.908 Thread 0x00007fcd38014000 Uncommon trap: trap_request=0xffffffc6 fr.pc=0x00007fcd27aecfb4 relative=0x0000000000000174
Event: 6.908 Thread 0x00007fcd38014000 Uncommon trap: reason=bimorphic_or_optimized_type_check action=maybe_recompile pc=0x00007fcd27aecfb4 method=java.util.regex.Matcher.getTextLength()I @ 4 c2
Event: 6.908 Thread 0x00007fcd38014000 DEOPT PACKING pc=0x00007fcd27aecfb4 sp=0x00007fcd3f398400
Event: 6.908 Thread 0x00007fcd38014000 DEOPT UNPACKING pc=0x00007fcd1fef43a5 sp=0x00007fcd3f398348 mode 2
Event: 6.914 Thread 0x00007fcd38fe2000 Uncommon trap: trap_request=0xffffffc6 fr.pc=0x00007fcd27aecfb4 relative=0x0000000000000174
Event: 6.914 Thread 0x00007fcd38fe2000 Uncommon trap: reason=bimorphic_or_optimized_type_check action=maybe_recompile pc=0x00007fcd27aecfb4 method=java.util.regex.Matcher.getTextLength()I @ 4 c2
Event: 6.914 Thread 0x00007fcd38fe2000 DEOPT PACKING pc=0x00007fcd27aecfb4 sp=0x00007fcd1d480780
Event: 6.914 Thread 0x00007fcd38fe2000 DEOPT UNPACKING pc=0x00007fcd1fef43a5 sp=0x00007fcd1d4806d0 mode 2
Event: 6.922 Thread 0x00007fcd39028000 Uncommon trap: trap_request=0xffffffc6 fr.pc=0x00007fcd27aecfb4 relative=0x0000000000000174
Event: 6.922 Thread 0x00007fcd39028000 Uncommon trap: reason=bimorphic_or_optimized_type_check action=maybe_recompile pc=0x00007fcd27aecfb4 method=java.util.regex.Matcher.getTextLength()I @ 4 c2
Event: 6.922 Thread 0x00007fcd39028000 DEOPT PACKING pc=0x00007fcd27aecfb4 sp=0x00007fcd1d581780
Event: 6.922 Thread 0x00007fcd39028000 DEOPT UNPACKING pc=0x00007fcd1fef43a5 sp=0x00007fcd1d5816d0 mode 2

Classes redefined (0 events):
No events

Internal exceptions (17 events):
Event: 0.157 Thread 0x00007fcd38014000 Exception <a 'java/lang/NoSuchMethodError'{0x00000000e0f1db20}: 'int java.lang.invoke.DirectMethodHandle$Holder.invokeSpecialIFC(java.lang.Object, java.lang.Object, int)'> (0x00000000e0f1db20) thrown at [/build/openjdk-11-11.0.6+10/src/hotspot/share/inter
Event: 1.946 Thread 0x00007fcd38014000 Exception <a 'java/lang/NoClassDefFoundError'{0x00000000e0fab8a8}: com/google/inject/servlet/ServletModuleTargetVisitor> (0x00000000e0fab8a8) thrown at [/build/openjdk-11-11.0.6+10/src/hotspot/share/classfile/systemDictionary.cpp, line 220]
Event: 1.946 Thread 0x00007fcd38014000 Exception <a 'java/lang/NoClassDefFoundError'{0x00000000e0fab8a8}> (0x00000000e0fab8a8) thrown at [/build/openjdk-11-11.0.6+10/src/hotspot/share/prims/jvm.cpp, line 1301]
Event: 1.946 Thread 0x00007fcd38014000 Exception <a 'java/lang/NoClassDefFoundError'{0x00000000e0fae4b0}: javax/annotation/Priority> (0x00000000e0fae4b0) thrown at [/build/openjdk-11-11.0.6+10/src/hotspot/share/classfile/systemDictionary.cpp, line 220]
Event: 2.576 Thread 0x00007fcd38014000 Implicit null exception at 0x00007fcd279ff085 to 0x00007fcd279ff24a
Event: 4.133 Thread 0x00007fcd38014000 Exception <a 'java/lang/NoSuchMethodError'{0x00000000e0d65ca0}: 'java.lang.Object java.lang.invoke.DirectMethodHandle$Holder.invokeStatic(java.lang.Object, java.lang.Object, java.lang.Object, java.lang.Object, java.lang.Object, java.lang.Object, java.lang
Event: 4.135 Thread 0x00007fcd38014000 Exception <a 'java/lang/NoSuchMethodError'{0x00000000e0d73f40}: 'java.lang.Object java.lang.invoke.DirectMethodHandle$Holder.invokeStatic(java.lang.Object, java.lang.Object, java.lang.Object, java.lang.Object, java.lang.Object, java.lang.Object, java.lang
Event: 4.137 Thread 0x00007fcd38014000 Exception <a 'java/lang/NoSuchMethodError'{0x00000000e0d81e58}: 'java.lang.Object java.lang.invoke.DirectMethodHandle$Holder.invokeSpecial(java.lang.Object, java.lang.Object, int, int, java.lang.Object, java.lang.Object, java.lang.Object)'> (0x00000000e0d
Event: 4.137 Thread 0x00007fcd38014000 Exception <a 'java/lang/NoSuchMethodError'{0x00000000e0d85690}: 'java.lang.Object java.lang.invoke.DelegatingMethodHandle$Holder.reinvoke_L(java.lang.Object, int, int, java.lang.Object, java.lang.Object, java.lang.Object)'> (0x00000000e0d85690) thrown at 
Event: 4.138 Thread 0x00007fcd38014000 Exception <a 'java/lang/NoSuchMethodError'{0x00000000e0d89cc0}: 'java.lang.Object java.lang.invoke.DirectMethodHandle$Holder.invokeStatic(java.lang.Object, java.lang.Object, java.lang.Object, java.lang.Object, int)'> (0x00000000e0d89cc0) thrown at [/build
Event: 4.499 Thread 0x00007fcd38014000 Exception <a 'java/lang/NoSuchMethodError'{0x00000000e0cc8ca8}: 'java.lang.Object java.lang.invoke.DirectMethodHandle$Holder.invokeStatic(java.lang.Object, int, java.lang.Object)'> (0x00000000e0cc8ca8) thrown at [/build/openjdk-11-11.0.6+10/src/hotspot/sh
Event: 5.489 Thread 0x00007fcd38014000 Exception <a 'java/lang/NoSuchMethodError'{0x00000000e11cbc38}: 'java.lang.Object java.lang.invoke.DirectMethodHandle$Holder.invokeStaticInit(java.lang.Object, java.lang.Object, long, java.lang.Object)'> (0x00000000e11cbc38) thrown at [/build/openjdk-11-1
Event: 5.490 Thread 0x00007fcd38014000 Exception <a 'java/lang/NoSuchMethodError'{0x00000000e11d7d98}: 'java.lang.Object java.lang.invoke.Invokers$Holder.linkToTargetMethod(java.lang.Object, long, java.lang.Object)'> (0x00000000e11d7d98) thrown at [/build/openjdk-11-11.0.6+10/src/hotspot/share
Event: 5.492 Thread 0x00007fcd38014000 Exception <a 'java/lang/NoSuchMethodError'{0x00000000e11deb88}: 'java.lang.Object java.lang.invoke.DirectMethodHandle$Holder.invokeStatic(java.lang.Object, java.lang.Object, java.lang.Object, int)'> (0x00000000e11deb88) thrown at [/build/openjdk-11-11.0.6
Event: 5.493 Thread 0x00007fcd38014000 Exception <a 'java/lang/NoSuchMethodError'{0x00000000e11e2550}: 'java.lang.Object java.lang.invoke.DirectMethodHandle$Holder.invokeSpecial(java.lang.Object, java.lang.Object, java.lang.Object, java.lang.Object, int)'> (0x00000000e11e2550) thrown at [/buil
Event: 5.493 Thread 0x00007fcd38014000 Exception <a 'java/lang/NoSuchMethodError'{0x00000000e11e55b8}: 'java.lang.Object java.lang.invoke.Invokers$Holder.linkToTargetMethod(java.lang.Object, java.lang.Object, int, java.lang.Object)'> (0x00000000e11e55b8) thrown at [/build/openjdk-11-11.0.6+10/
Event: 6.865 Thread 0x00007fcd38014000 Exception <a 'java/lang/ClassNotFoundException'{0x00000000e0d484d8}: sun/util/logging/resources/spi/loggingProvider> (0x00000000e0d484d8) thrown at [/build/openjdk-11-11.0.6+10/src/hotspot/share/classfile/systemDictionary.cpp, line 231]

Events (20 events):
Event: 6.862 loading class java/lang/invoke/BoundMethodHandle$Species_LLLLLLLLLIILL
Event: 6.863 loading class java/lang/invoke/BoundMethodHandle$Species_LLLLLLLLLIILL done
Event: 6.865 loading class sun/util/logging/resources/spi/loggingProvider
Event: 6.865 loading class sun/util/logging/resources/spi/loggingProvider done
Event: 6.865 loading class sun/util/logging/resources/logging_en
Event: 6.865 loading class sun/util/logging/resources/logging_en done
Event: 6.865 loading class sun/util/logging/resources/logging_en
Event: 6.865 loading class sun/util/logging/resources/logging_en done
Event: 6.867 loading class sun/util/logging/resources/logging_en_US
Event: 6.867 loading class sun/util/logging/resources/logging_en_US done
Event: 6.867 loading class sun/util/logging/resources/logging_en_US
Event: 6.867 loading class sun/util/logging/resources/logging_en_US done
Event: 6.873 loading class java/util/Scanner
Event: 6.874 loading class java/util/Scanner done
Event: 6.876 loading class java/util/Scanner$PatternLRUCache
Event: 6.876 loading class java/util/Scanner$PatternLRUCache done
Event: 6.907 Thread 0x00007fcd38fe2000 Thread added: 0x00007fcd38fe2000
Event: 6.908 Protecting memory [0x00007fcd1d381000,0x00007fcd1d385000] with protection modes 0
Event: 6.922 Thread 0x00007fcd39028000 Thread added: 0x00007fcd39028000
Event: 6.922 Protecting memory [0x00007fcd1d482000,0x00007fcd1d486000] with protection modes 0


Dynamic libraries:
e0c00000-e1710000 rw-p 00000000 00:00 0 
e1710000-eb2a0000 ---p 00000000 00:00 0 
eb2a0000-ec8bb000 rw-p 00000000 00:00 0 
ec8bb000-100000000 ---p 00000000 00:00 0 
800000000-800002000 rwxp 00001000 08:01 2118409                          /usr/lib/jvm/java-11-openjdk-amd64/lib/server/classes.jsa
800002000-8003b7000 rw-p 00003000 08:01 2118409                          /usr/lib/jvm/java-11-openjdk-amd64/lib/server/classes.jsa
8003b7000-800a8a000 r--p 003b8000 08:01 2118409                          /usr/lib/jvm/java-11-openjdk-amd64/lib/server/classes.jsa
800a8a000-800a8b000 rw-p 00a8b000 08:01 2118409                          /usr/lib/jvm/java-11-openjdk-amd64/lib/server/classes.jsa
800a8b000-801095000 r--p 00a8c000 08:01 2118409                          /usr/lib/jvm/java-11-openjdk-amd64/lib/server/classes.jsa
840000000-8402a0000 rw-p 00000000 00:00 0 
8402a0000-880000000 ---p 00000000 00:00 0 
55b42101b000-55b42101c000 r-xp 00000000 08:01 2118040                    /usr/lib/jvm/java-11-openjdk-amd64/bin/java
55b42121c000-55b42121d000 r--p 00001000 08:01 2118040                    /usr/lib/jvm/java-11-openjdk-amd64/bin/java
55b42121d000-55b42121e000 rw-p 00002000 08:01 2118040                    /usr/lib/jvm/java-11-openjdk-amd64/bin/java
55b4225f5000-55b422637000 rw-p 00000000 00:00 0                          [heap]
7fcce8000000-7fcce8021000 rw-p 00000000 00:00 0 
7fcce8021000-7fccec000000 ---p 00000000 00:00 0 
7fccec000000-7fccec021000 rw-p 00000000 00:00 0 
7fccec021000-7fccf0000000 ---p 00000000 00:00 0 
7fccf0000000-7fccf0021000 rw-p 00000000 00:00 0 
7fccf0021000-7fccf4000000 ---p 00000000 00:00 0 
7fccf4000000-7fccf4021000 rw-p 00000000 00:00 0 
7fccf4021000-7fccf8000000 ---p 00000000 00:00 0 
7fccf8000000-7fccf8021000 rw-p 00000000 00:00 0 
7fccf8021000-7fccfc000000 ---p 00000000 00:00 0 
7fccfc000000-7fccfc021000 rw-p 00000000 00:00 0 
7fccfc021000-7fcd00000000 ---p 00000000 00:00 0 
7fcd00000000-7fcd00643000 rw-p 00000000 00:00 0 
7fcd00643000-7fcd04000000 ---p 00000000 00:00 0 
7fcd04000000-7fcd04021000 rw-p 00000000 00:00 0 
7fcd04021000-7fcd08000000 ---p 00000000 00:00 0 
7fcd08000000-7fcd08021000 rw-p 00000000 00:00 0 
7fcd08021000-7fcd0c000000 ---p 00000000 00:00 0 
7fcd0c000000-7fcd0c89a000 rw-p 00000000 00:00 0 
7fcd0c89a000-7fcd10000000 ---p 00000000 00:00 0 
7fcd10000000-7fcd10021000 rw-p 00000000 00:00 0 
7fcd10021000-7fcd14000000 ---p 00000000 00:00 0 
7fcd14000000-7fcd14021000 rw-p 00000000 00:00 0 
7fcd14021000-7fcd18000000 ---p 00000000 00:00 0 
7fcd18000000-7fcd1804e000 rw-p 00000000 00:00 0 
7fcd1804e000-7fcd1c000000 ---p 00000000 00:00 0 
7fcd1d181000-7fcd1d22d000 rw-p 00000000 00:00 0 
7fcd1d22d000-7fcd1d381000 ---p 00000000 00:00 0 
7fcd1d381000-7fcd1d385000 ---p 00000000 00:00 0 
7fcd1d385000-7fcd1d482000 rw-p 00000000 00:00 0 
7fcd1d482000-7fcd1d486000 ---p 00000000 00:00 0 
7fcd1d486000-7fcd1d583000 rw-p 00000000 00:00 0 
7fcd1d583000-7fcd1d587000 ---p 00000000 00:00 0 
7fcd1d587000-7fcd1d7a5000 rw-p 00000000 00:00 0 
7fcd1d7a5000-7fcd1d9a5000 rw-p 00000000 00:00 0 
7fcd1d9a5000-7fcd1dba5000 rw-p 00000000 00:00 0 
7fcd1dba5000-7fcd1dda5000 rw-p 00000000 00:00 0 
7fcd1dda5000-7fcd1dfa5000 rw-p 00000000 00:00 0 
7fcd1dfa5000-7fcd1dfa7000 r-xp 00000000 08:01 1843038                    /lib/x86_64-linux-gnu/libutil-2.24.so
7fcd1dfa7000-7fcd1e1a6000 ---p 00002000 08:01 1843038                    /lib/x86_64-linux-gnu/libutil-2.24.so
7fcd1e1a6000-7fcd1e1a7000 r--p 00001000 08:01 1843038                    /lib/x86_64-linux-gnu/libutil-2.24.so
7fcd1e1a7000-7fcd1e1a8000 rw-p 00002000 08:01 1843038                    /lib/x86_64-linux-gnu/libutil-2.24.so
7fcd1e1a8000-7fcd1e1ab000 r-xp 00000000 08:01 1993728                    /opt/maven/lib/jansi-native/linux64/libjansi.so
7fcd1e1ab000-7fcd1e3aa000 ---p 00003000 08:01 1993728                    /opt/maven/lib/jansi-native/linux64/libjansi.so
7fcd1e3aa000-7fcd1e3ab000 rw-p 00002000 08:01 1993728                    /opt/maven/lib/jansi-native/linux64/libjansi.so
7fcd1e3ab000-7fcd1e3c1000 r-xp 00000000 08:01 2118388                    /usr/lib/jvm/java-11-openjdk-amd64/lib/libnet.so
7fcd1e3c1000-7fcd1e5c0000 ---p 00016000 08:01 2118388                    /usr/lib/jvm/java-11-openjdk-amd64/lib/libnet.so
7fcd1e5c0000-7fcd1e5c1000 r--p 00015000 08:01 2118388                    /usr/lib/jvm/java-11-openjdk-amd64/lib/libnet.so
7fcd1e5c1000-7fcd1e5c2000 rw-p 00016000 08:01 2118388                    /usr/lib/jvm/java-11-openjdk-amd64/lib/libnet.so
7fcd1e5c2000-7fcd1e5d2000 r-xp 00000000 08:01 2118389                    /usr/lib/jvm/java-11-openjdk-amd64/lib/libnio.so
7fcd1e5d2000-7fcd1e7d1000 ---p 00010000 08:01 2118389                    /usr/lib/jvm/java-11-openjdk-amd64/lib/libnio.so
7fcd1e7d1000-7fcd1e7d2000 r--p 0000f000 08:01 2118389                    /usr/lib/jvm/java-11-openjdk-amd64/lib/libnio.so
7fcd1e7d2000-7fcd1e7d3000 rw-p 00010000 08:01 2118389                    /usr/lib/jvm/java-11-openjdk-amd64/lib/libnio.so
7fcd1e7d3000-7fcd1e7d7000 ---p 00000000 00:00 0 
7fcd1e7d7000-7fcd1e8d4000 rw-p 00000000 00:00 0 
7fcd1e8d4000-7fcd1e8d5000 ---p 00000000 00:00 0 
7fcd1e8d5000-7fcd1e9d6000 rw-p 00000000 00:00 0 
7fcd1e9d6000-7fcd1e9da000 ---p 00000000 00:00 0 
7fcd1e9da000-7fcd1ead7000 rw-p 00000000 00:00 0 
7fcd1ead7000-7fcd1eadb000 ---p 00000000 00:00 0 
7fcd1eadb000-7fcd1ebd8000 rw-p 00000000 00:00 0 
7fcd1ebd8000-7fcd1ebdc000 ---p 00000000 00:00 0 
7fcd1ebdc000-7fcd1ecd9000 rw-p 00000000 00:00 0 
7fcd1ecd9000-7fcd1ecdd000 ---p 00000000 00:00 0 
7fcd1ecdd000-7fcd1edda000 rw-p 00000000 00:00 0 
7fcd1edda000-7fcd1edde000 ---p 00000000 00:00 0 
7fcd1edde000-7fcd1eedb000 rw-p 00000000 00:00 0 
7fcd1eedb000-7fcd1f076000 r--p 00000000 08:01 1850658                    /usr/lib/locale/locale-archive
7fcd1f076000-7fcd1f07a000 ---p 00000000 00:00 0 
7fcd1f07a000-7fcd1f177000 rw-p 00000000 00:00 0 
7fcd1f177000-7fcd1f17b000 ---p 00000000 00:00 0 
7fcd1f17b000-7fcd1f278000 rw-p 00000000 00:00 0 
7fcd1f278000-7fcd1f279000 ---p 00000000 00:00 0 
7fcd1f279000-7fcd1fbfb000 rw-p 00000000 00:00 0 
7fcd1fbfb000-7fcd1fc01000 rw-p 00000000 00:00 0 
7fcd1fc01000-7fcd1fc4e000 ---p 00000000 00:00 0 
7fcd1fc4e000-7fcd1fc5a000 rw-p 00000000 00:00 0 
7fcd1fc5a000-7fcd1fcf5000 ---p 00000000 00:00 0 
7fcd1fcf5000-7fcd1fcfb000 rw-p 00000000 00:00 0 
7fcd1fcfb000-7fcd1fde1000 ---p 00000000 00:00 0 
7fcd1fde1000-7fcd1fdf1000 rw-p 00000000 00:00 0 
7fcd1fdf1000-7fcd1fecc000 ---p 00000000 00:00 0 
7fcd1fecc000-7fcd2013c000 rwxp 00000000 00:00 0 
7fcd2013c000-7fcd2045b000 ---p 00000000 00:00 0 
7fcd2045b000-7fcd20c4b000 rwxp 00000000 00:00 0 
7fcd20c4b000-7fcd27993000 ---p 00000000 00:00 0 
7fcd27993000-7fcd27c03000 rwxp 00000000 00:00 0 
7fcd27c03000-7fcd2eecc000 ---p 00000000 00:00 0 
7fcd2eecc000-7fcd375bc000 r--s 00000000 08:01 2118399                    /usr/lib/jvm/java-11-openjdk-amd64/lib/modules
7fcd375bc000-7fcd375c1000 r-xp 00000000 08:01 2118380                    /usr/lib/jvm/java-11-openjdk-amd64/lib/libjimage.so
7fcd375c1000-7fcd377c0000 ---p 00005000 08:01 2118380                    /usr/lib/jvm/java-11-openjdk-amd64/lib/libjimage.so
7fcd377c0000-7fcd377c1000 r--p 00004000 08:01 2118380                    /usr/lib/jvm/java-11-openjdk-amd64/lib/libjimage.so
7fcd377c1000-7fcd377c2000 rw-p 00005000 08:01 2118380                    /usr/lib/jvm/java-11-openjdk-amd64/lib/libjimage.so
7fcd377c2000-7fcd377c9000 r-xp 00000000 08:01 2118398                    /usr/lib/jvm/java-11-openjdk-amd64/lib/libzip.so
7fcd377c9000-7fcd379c8000 ---p 00007000 08:01 2118398                    /usr/lib/jvm/java-11-openjdk-amd64/lib/libzip.so
7fcd379c8000-7fcd379c9000 r--p 00006000 08:01 2118398                    /usr/lib/jvm/java-11-openjdk-amd64/lib/libzip.so
7fcd379c9000-7fcd379ca000 rw-p 00007000 08:01 2118398                    /usr/lib/jvm/java-11-openjdk-amd64/lib/libzip.so
7fcd379ca000-7fcd379d4000 r-xp 00000000 08:01 1843001                    /lib/x86_64-linux-gnu/libnss_files-2.24.so
7fcd379d4000-7fcd37bd4000 ---p 0000a000 08:01 1843001                    /lib/x86_64-linux-gnu/libnss_files-2.24.so
7fcd37bd4000-7fcd37bd5000 r--p 0000a000 08:01 1843001                    /lib/x86_64-linux-gnu/libnss_files-2.24.so
7fcd37bd5000-7fcd37bd6000 rw-p 0000b000 08:01 1843001                    /lib/x86_64-linux-gnu/libnss_files-2.24.so
7fcd37bd6000-7fcd37bdc000 rw-p 00000000 00:00 0 
7fcd37bdc000-7fcd37be7000 r-xp 00000000 08:01 1843005                    /lib/x86_64-linux-gnu/libnss_nis-2.24.so
7fcd37be7000-7fcd37de6000 ---p 0000b000 08:01 1843005                    /lib/x86_64-linux-gnu/libnss_nis-2.24.so
7fcd37de6000-7fcd37de7000 r--p 0000a000 08:01 1843005                    /lib/x86_64-linux-gnu/libnss_nis-2.24.so
7fcd37de7000-7fcd37de8000 rw-p 0000b000 08:01 1843005                    /lib/x86_64-linux-gnu/libnss_nis-2.24.so
7fcd37de8000-7fcd37dfc000 r-xp 00000000 08:01 1842995                    /lib/x86_64-linux-gnu/libnsl-2.24.so
7fcd37dfc000-7fcd37ffc000 ---p 00014000 08:01 1842995                    /lib/x86_64-linux-gnu/libnsl-2.24.so
7fcd37ffc000-7fcd37ffd000 r--p 00014000 08:01 1842995                    /lib/x86_64-linux-gnu/libnsl-2.24.so
7fcd37ffd000-7fcd37ffe000 rw-p 00015000 08:01 1842995                    /lib/x86_64-linux-gnu/libnsl-2.24.so
7fcd37ffe000-7fcd38000000 rw-p 00000000 00:00 0 
7fcd38000000-7fcd3902b000 rw-p 00000000 00:00 0 
7fcd3902b000-7fcd3c000000 ---p 00000000 00:00 0 
7fcd3c00d000-7fcd3c0e2000 rw-p 00000000 00:00 0 
7fcd3c0e2000-7fcd3c0e9000 r-xp 00000000 08:01 1842997                    /lib/x86_64-linux-gnu/libnss_compat-2.24.so
7fcd3c0e9000-7fcd3c2e8000 ---p 00007000 08:01 1842997                    /lib/x86_64-linux-gnu/libnss_compat-2.24.so
7fcd3c2e8000-7fcd3c2e9000 r--p 00006000 08:01 1842997                    /lib/x86_64-linux-gnu/libnss_compat-2.24.so
7fcd3c2e9000-7fcd3c2ea000 rw-p 00007000 08:01 1842997                    /lib/x86_64-linux-gnu/libnss_compat-2.24.so
7fcd3c2ea000-7fcd3c313000 r-xp 00000000 08:01 2118376                    /usr/lib/jvm/java-11-openjdk-amd64/lib/libjava.so
7fcd3c313000-7fcd3c512000 ---p 00029000 08:01 2118376                    /usr/lib/jvm/java-11-openjdk-amd64/lib/libjava.so
7fcd3c512000-7fcd3c513000 r--p 00028000 08:01 2118376                    /usr/lib/jvm/java-11-openjdk-amd64/lib/libjava.so
7fcd3c513000-7fcd3c515000 rw-p 00029000 08:01 2118376                    /usr/lib/jvm/java-11-openjdk-amd64/lib/libjava.so
7fcd3c515000-7fcd3c522000 r-xp 00000000 08:01 2118397                    /usr/lib/jvm/java-11-openjdk-amd64/lib/libverify.so
7fcd3c522000-7fcd3c721000 ---p 0000d000 08:01 2118397                    /usr/lib/jvm/java-11-openjdk-amd64/lib/libverify.so
7fcd3c721000-7fcd3c723000 r--p 0000c000 08:01 2118397                    /usr/lib/jvm/java-11-openjdk-amd64/lib/libverify.so
7fcd3c723000-7fcd3c724000 rw-p 0000e000 08:01 2118397                    /usr/lib/jvm/java-11-openjdk-amd64/lib/libverify.so
7fcd3c724000-7fcd3c72b000 r-xp 00000000 08:01 1843022                    /lib/x86_64-linux-gnu/librt-2.24.so
7fcd3c72b000-7fcd3c92a000 ---p 00007000 08:01 1843022                    /lib/x86_64-linux-gnu/librt-2.24.so
7fcd3c92a000-7fcd3c92b000 r--p 00006000 08:01 1843022                    /lib/x86_64-linux-gnu/librt-2.24.so
7fcd3c92b000-7fcd3c92c000 rw-p 00007000 08:01 1843022                    /lib/x86_64-linux-gnu/librt-2.24.so
7fcd3c92c000-7fcd3c942000 r-xp 00000000 08:01 1842975                    /lib/x86_64-linux-gnu/libgcc_s.so.1
7fcd3c942000-7fcd3cb41000 ---p 00016000 08:01 1842975                    /lib/x86_64-linux-gnu/libgcc_s.so.1
7fcd3cb41000-7fcd3cb42000 r--p 00015000 08:01 1842975                    /lib/x86_64-linux-gnu/libgcc_s.so.1
7fcd3cb42000-7fcd3cb43000 rw-p 00016000 08:01 1842975                    /lib/x86_64-linux-gnu/libgcc_s.so.1
7fcd3cb43000-7fcd3cc46000 r-xp 00000000 08:01 1842984                    /lib/x86_64-linux-gnu/libm-2.24.so
7fcd3cc46000-7fcd3ce45000 ---p 00103000 08:01 1842984                    /lib/x86_64-linux-gnu/libm-2.24.so
7fcd3ce45000-7fcd3ce46000 r--p 00102000 08:01 1842984                    /lib/x86_64-linux-gnu/libm-2.24.so
7fcd3ce46000-7fcd3ce47000 rw-p 00103000 08:01 1842984                    /lib/x86_64-linux-gnu/libm-2.24.so
7fcd3ce47000-7fcd3cfb9000 r-xp 00000000 08:01 1843740                    /usr/lib/x86_64-linux-gnu/libstdc++.so.6.0.22
7fcd3cfb9000-7fcd3d1b9000 ---p 00172000 08:01 1843740                    /usr/lib/x86_64-linux-gnu/libstdc++.so.6.0.22
7fcd3d1b9000-7fcd3d1c3000 r--p 00172000 08:01 1843740                    /usr/lib/x86_64-linux-gnu/libstdc++.so.6.0.22
7fcd3d1c3000-7fcd3d1c5000 rw-p 0017c000 08:01 1843740                    /usr/lib/x86_64-linux-gnu/libstdc++.so.6.0.22
7fcd3d1c5000-7fcd3d1c9000 rw-p 00000000 00:00 0 
7fcd3d1c9000-7fcd3e251000 r-xp 00000000 08:01 2118411                    /usr/lib/jvm/java-11-openjdk-amd64/lib/server/libjvm.so
7fcd3e251000-7fcd3e450000 ---p 01088000 08:01 2118411                    /usr/lib/jvm/java-11-openjdk-amd64/lib/server/libjvm.so
7fcd3e450000-7fcd3e50d000 r--p 01087000 08:01 2118411                    /usr/lib/jvm/java-11-openjdk-amd64/lib/server/libjvm.so
7fcd3e50d000-7fcd3e547000 rw-p 01144000 08:01 2118411                    /usr/lib/jvm/java-11-openjdk-amd64/lib/server/libjvm.so
7fcd3e547000-7fcd3e59d000 rw-p 00000000 00:00 0 
7fcd3e59d000-7fcd3e732000 r-xp 00000000 08:01 1842955                    /lib/x86_64-linux-gnu/libc-2.24.so
7fcd3e732000-7fcd3e932000 ---p 00195000 08:01 1842955                    /lib/x86_64-linux-gnu/libc-2.24.so
7fcd3e932000-7fcd3e936000 r--p 00195000 08:01 1842955                    /lib/x86_64-linux-gnu/libc-2.24.so
7fcd3e936000-7fcd3e938000 rw-p 00199000 08:01 1842955                    /lib/x86_64-linux-gnu/libc-2.24.so
7fcd3e938000-7fcd3e93c000 rw-p 00000000 00:00 0 
7fcd3e93c000-7fcd3e93f000 r-xp 00000000 08:01 1842967                    /lib/x86_64-linux-gnu/libdl-2.24.so
7fcd3e93f000-7fcd3eb3e000 ---p 00003000 08:01 1842967                    /lib/x86_64-linux-gnu/libdl-2.24.so
7fcd3eb3e000-7fcd3eb3f000 r--p 00002000 08:01 1842967                    /lib/x86_64-linux-gnu/libdl-2.24.so
7fcd3eb3f000-7fcd3eb40000 rw-p 00003000 08:01 1842967                    /lib/x86_64-linux-gnu/libdl-2.24.so
7fcd3eb40000-7fcd3eb4f000 r-xp 00000000 08:01 2118358                    /usr/lib/jvm/java-11-openjdk-amd64/lib/jli/libjli.so
7fcd3eb4f000-7fcd3ed4e000 ---p 0000f000 08:01 2118358                    /usr/lib/jvm/java-11-openjdk-amd64/lib/jli/libjli.so
7fcd3ed4e000-7fcd3ed4f000 r--p 0000e000 08:01 2118358                    /usr/lib/jvm/java-11-openjdk-amd64/lib/jli/libjli.so
7fcd3ed4f000-7fcd3ed50000 rw-p 0000f000 08:01 2118358                    /usr/lib/jvm/java-11-openjdk-amd64/lib/jli/libjli.so
7fcd3ed50000-7fcd3ed68000 r-xp 00000000 08:01 1843018                    /lib/x86_64-linux-gnu/libpthread-2.24.so
7fcd3ed68000-7fcd3ef67000 ---p 00018000 08:01 1843018                    /lib/x86_64-linux-gnu/libpthread-2.24.so
7fcd3ef67000-7fcd3ef68000 r--p 00017000 08:01 1843018                    /lib/x86_64-linux-gnu/libpthread-2.24.so
7fcd3ef68000-7fcd3ef69000 rw-p 00018000 08:01 1843018                    /lib/x86_64-linux-gnu/libpthread-2.24.so
7fcd3ef69000-7fcd3ef6d000 rw-p 00000000 00:00 0 
7fcd3ef6d000-7fcd3ef86000 r-xp 00000000 08:01 1843043                    /lib/x86_64-linux-gnu/libz.so.1.2.8
7fcd3ef86000-7fcd3f185000 ---p 00019000 08:01 1843043                    /lib/x86_64-linux-gnu/libz.so.1.2.8
7fcd3f185000-7fcd3f186000 r--p 00018000 08:01 1843043                    /lib/x86_64-linux-gnu/libz.so.1.2.8
7fcd3f186000-7fcd3f187000 rw-p 00019000 08:01 1843043                    /lib/x86_64-linux-gnu/libz.so.1.2.8
7fcd3f187000-7fcd3f1aa000 r-xp 00000000 08:01 1842937                    /lib/x86_64-linux-gnu/ld-2.24.so
7fcd3f1c4000-7fcd3f1f1000 rw-p 00000000 00:00 0 
7fcd3f1f1000-7fcd3f28c000 ---p 00000000 00:00 0 
7fcd3f28c000-7fcd3f291000 rw-p 00000000 00:00 0 
7fcd3f291000-7fcd3f298000 ---p 00000000 00:00 0 
7fcd3f298000-7fcd3f29a000 r--s 00007000 08:01 2379129                    /usr/share/java/java-atk-wrapper.jar
7fcd3f29a000-7fcd3f29e000 ---p 00000000 00:00 0 
7fcd3f29e000-7fcd3f39f000 rw-p 00000000 00:00 0 
7fcd3f3a0000-7fcd3f3a8000 rw-s 00000000 08:01 411604                     /tmp/hsperfdata_tanzachary/5084
7fcd3f3a8000-7fcd3f3a9000 ---p 00000000 00:00 0 
7fcd3f3a9000-7fcd3f3aa000 r--p 00000000 00:00 0 
7fcd3f3aa000-7fcd3f3ab000 r--p 00023000 08:01 1842937                    /lib/x86_64-linux-gnu/ld-2.24.so
7fcd3f3ab000-7fcd3f3ac000 rw-p 00024000 08:01 1842937                    /lib/x86_64-linux-gnu/ld-2.24.so
7fcd3f3ac000-7fcd3f3ad000 rw-p 00000000 00:00 0 
7ffd4253e000-7ffd4255f000 rw-p 00000000 00:00 0                          [stack]
7ffd42585000-7ffd42588000 r--p 00000000 00:00 0                          [vvar]
7ffd42588000-7ffd4258a000 r-xp 00000000 00:00 0                          [vdso]
ffffffffff600000-ffffffffff601000 r-xp 00000000 00:00 0                  [vsyscall]


VM Arguments:
jvm_args: -Dclassworlds.conf=/opt/maven/bin/m2.conf -Dmaven.home=/opt/maven -Dlibrary.jansi.path=/opt/maven/lib/jansi-native -Dmaven.multiModuleProjectDirectory=/home/tanzachary/step/portfolio 
java_command: org.codehaus.plexus.classworlds.launcher.Launcher package appengine:run
java_class_path (initial): /opt/maven/boot/plexus-classworlds-2.6.0.jar
Launcher Type: SUN_STANDARD

[Global flags]
     intx CICompilerCount                          = 2                                         {product} {ergonomic}
   size_t InitialHeapSize                          = 33554432                                  {product} {ergonomic}
   size_t MaxHeapSize                              = 524288000                                 {product} {ergonomic}
   size_t MaxNewSize                               = 174718976                                 {product} {ergonomic}
   size_t MinHeapDeltaBytes                        = 196608                                    {product} {ergonomic}
   size_t NewSize                                  = 11141120                                  {product} {ergonomic}
    uintx NonNMethodCodeHeapSize                   = 5825164                                {pd product} {ergonomic}
    uintx NonProfiledCodeHeapSize                  = 122916538                              {pd product} {ergonomic}
   size_t OldSize                                  = 22413312                                  {product} {ergonomic}
    uintx ProfiledCodeHeapSize                     = 122916538                              {pd product} {ergonomic}
    uintx ReservedCodeCacheSize                    = 251658240                              {pd product} {ergonomic}
     bool SegmentedCodeCache                       = true                                      {product} {ergonomic}
     bool UseCompressedClassPointers               = true                                 {lp64_product} {ergonomic}
     bool UseCompressedOops                        = true                                 {lp64_product} {ergonomic}
     bool UseSerialGC                              = true                                      {product} {ergonomic}

Logging:
Log output configuration:
 #0: stdout all=warning uptime,level,tags
 #1: stderr all=off uptime,level,tags

Environment Variables:
JAVA_HOME=/usr/lib/jvm/java-11-openjdk-amd64
PATH=/home/tanzachary/step/portfolio/node_modules/.bin:/home/tanzachary/gopath/bin:/google/gopath/bin:/home/tanzachary/.gems/bin:/usr/local/go/bin:/opt/gradle/bin:/opt/maven/bin:/usr/local/sbin:/usr/local/bin:/usr/sbin:/usr/bin:/sbin:/bin:/usr/local/nvm/versions/node/v10.14.2/bin:/google/go_appengine:/google/google_appengine:/google/migrate/anthos/
SHELL=/bin/bash

Signal Handlers:
SIGSEGV: [libjvm.so+0xd9bff0], sa_mask[0]=11111111011111111101111111111110, sa_flags=SA_RESTART|SA_SIGINFO
SIGBUS: [libjvm.so+0xd9bff0], sa_mask[0]=11111111011111111101111111111110, sa_flags=SA_RESTART|SA_SIGINFO
SIGFPE: [libjvm.so+0xd9bff0], sa_mask[0]=11111111011111111101111111111110, sa_flags=SA_RESTART|SA_SIGINFO
SIGPIPE: [libjvm.so+0xb8fcf0], sa_mask[0]=11111111011111111101111111111110, sa_flags=SA_RESTART|SA_SIGINFO
SIGXFSZ: [libjvm.so+0xb8fcf0], sa_mask[0]=11111111011111111101111111111110, sa_flags=SA_RESTART|SA_SIGINFO
SIGILL: [libjvm.so+0xd9bff0], sa_mask[0]=11111111011111111101111111111110, sa_flags=SA_RESTART|SA_SIGINFO
SIGUSR2: [libjvm.so+0xb8fb90], sa_mask[0]=00000000000000000000000000000000, sa_flags=SA_RESTART|SA_SIGINFO
SIGHUP: [libjvm.so+0xb8fef0], sa_mask[0]=11111111011111111101111111111110, sa_flags=SA_RESTART|SA_SIGINFO
SIGINT: [libjvm.so+0xb8fef0], sa_mask[0]=11111111011111111101111111111110, sa_flags=SA_RESTART|SA_SIGINFO
SIGTERM: [libjvm.so+0xb8fef0], sa_mask[0]=11111111011111111101111111111110, sa_flags=SA_RESTART|SA_SIGINFO
SIGQUIT: [libjvm.so+0xb8fef0], sa_mask[0]=11111111011111111101111111111110, sa_flags=SA_RESTART|SA_SIGINFO


---------------  S Y S T E M  ---------------

OS:PRETTY_NAME="Debian GNU/Linux 9 (stretch)"
NAME="Debian GNU/Linux"
VERSION_ID="9"
VERSION="9 (stretch)"
VERSION_CODENAME=stretch
ID=debian
HOME_URL="https://www.debian.org/"
SUPPORT_URL="https://www.debian.org/support"
BUG_REPORT_URL="https://bugs.debian.org/"
uname:Linux 4.19.112+ #1 SMP Wed May 6 00:27:44 PDT 2020 x86_64
libc:glibc 2.24 NPTL 2.24 
rlimit: STACK 8192k, CORE infinity, NPROC infinity, NOFILE 1048576, AS infinity, DATA infinity, FSIZE infinity
load average:1.68 1.41 0.98

/proc/meminfo:
MemTotal:        2043884 kB
MemFree:          143776 kB
MemAvailable:     855844 kB
Buffers:           73808 kB
Cached:           657392 kB
SwapCached:          740 kB
Active:           849972 kB
Inactive:         734988 kB
Active(anon):     422588 kB
Inactive(anon):   408868 kB
Active(file):     427384 kB
Inactive(file):   326120 kB
Unevictable:           0 kB
Mlocked:               0 kB
SwapTotal:        786428 kB
SwapFree:         700156 kB
Dirty:               768 kB
Writeback:             0 kB
AnonPages:        853236 kB
Mapped:           395172 kB
Shmem:               820 kB
Slab:             197416 kB
SReclaimable:     146200 kB
SUnreclaim:        51216 kB
KernelStack:        8240 kB
PageTables:        13864 kB
NFS_Unstable:          0 kB
Bounce:                0 kB
WritebackTmp:          0 kB
CommitLimit:     1808368 kB
Committed_AS:    5191484 kB
VmallocTotal:   34359738367 kB
VmallocUsed:           0 kB
VmallocChunk:          0 kB
Percpu:              968 kB
AnonHugePages:      2048 kB
ShmemHugePages:        0 kB
ShmemPmdMapped:        0 kB
HugePages_Total:       0
HugePages_Free:        0
HugePages_Rsvd:        0
HugePages_Surp:        0
Hugepagesize:       2048 kB
Hugetlb:               0 kB
DirectMap4k:       85180 kB
DirectMap2M:     2011136 kB
DirectMap1G:           0 kB


/proc/sys/kernel/threads-max (system-wide limit on the number of threads):
15631


/proc/sys/vm/max_map_count (maximum number of memory map areas a process may have):
65530


/proc/sys/kernel/pid_max (system-wide limit on number of process identifiers):
4194304



container (cgroup) information:
container_type: cgroupv1
cpu_cpuset_cpus: 0-1
cpu_memory_nodes: 0
active_processor_count: 1
cpu_quota: -1
cpu_period: 100000
cpu_shares: 2
memory_limit_in_bytes: -1
memory_and_swap_limit_in_bytes: -1
memory_soft_limit_in_bytes: -1
memory_usage_in_bytes: 577392640
memory_max_usage_in_bytes: 684109824

KVM virtualization detected
Steal ticks since vm start: 0
Steal ticks percentage since vm start:  0.000

CPU:total 2 (initial active 1) (1 cores per cpu, 2 threads per core) family 6 model 63 stepping 0, cmov, cx8, fxsr, mmx, sse, sse2, sse3, ssse3, sse4.1, sse4.2, popcnt, avx, avx2, aes, clmul, erms, lzcnt, ht, tsc, tscinvbit, bmi1, bmi2, fma
CPU Model and flags from /proc/cpuinfo:
model name	: Intel(R) Xeon(R) CPU @ 2.30GHz
flags		: fpu vme de pse tsc msr pae mce cx8 apic sep mtrr pge mca cmov pat pse36 clflush mmx fxsr sse sse2 ss ht syscall nx pdpe1gb rdtscp lm constant_tsc rep_good nopl xtopology nonstop_tsc cpuid tsc_known_freq pni pclmulqdq ssse3 fma cx16 pcid sse4_1 sse4_2 x2apic movbe popcnt aes xsave avx f16c rdrand hypervisor lahf_lm abm invpcid_single pti ssbd ibrs ibpb stibp fsgsbase tsc_adjust bmi1 avx2 smep bmi2 erms invpcid xsaveopt arat md_clear arch_capabilities

Memory: 4k page, physical 2043884k(143776k free), swap 786428k(700156k free)

vm_info: OpenJDK 64-Bit Server VM (11.0.6+10-post-Debian-1bpo91) for linux-amd64 JRE (11.0.6+10-post-Debian-1bpo91), built on Feb  1 2020 09:07:43 by "unknown" with gcc 6.3.0 20170516

END.
